[2022-11-11T00:03:18.548-0300] {taskinstance.py:1165} INFO - Dependencies all met for <TaskInstance: twitter_dag.transform_twitter_aluraonline scheduled__2022-11-09T09:00:00+00:00 [queued]>
[2022-11-11T00:03:18.554-0300] {taskinstance.py:1165} INFO - Dependencies all met for <TaskInstance: twitter_dag.transform_twitter_aluraonline scheduled__2022-11-09T09:00:00+00:00 [queued]>
[2022-11-11T00:03:18.554-0300] {taskinstance.py:1362} INFO - 
--------------------------------------------------------------------------------
[2022-11-11T00:03:18.554-0300] {taskinstance.py:1363} INFO - Starting attempt 1 of 1
[2022-11-11T00:03:18.554-0300] {taskinstance.py:1364} INFO - 
--------------------------------------------------------------------------------
[2022-11-11T00:03:18.571-0300] {taskinstance.py:1383} INFO - Executing <Task(SparkSubmitOperator): transform_twitter_aluraonline> on 2022-11-09 09:00:00+00:00
[2022-11-11T00:03:18.573-0300] {standard_task_runner.py:54} INFO - Started process 77285 to run task
[2022-11-11T00:03:18.576-0300] {standard_task_runner.py:82} INFO - Running: ['airflow', 'tasks', 'run', 'twitter_dag', 'transform_twitter_aluraonline', 'scheduled__2022-11-09T09:00:00+00:00', '--job-id', '121', '--raw', '--subdir', 'DAGS_FOLDER/twitter_dag.py', '--cfg-path', '/tmp/tmpk75zwxr2']
[2022-11-11T00:03:18.576-0300] {standard_task_runner.py:83} INFO - Job 121: Subtask transform_twitter_aluraonline
[2022-11-11T00:03:18.577-0300] {dagbag.py:525} INFO - Filling up the DagBag from /home/renato/Documentos/datapipeline/airflow/dags/twitter_dag.py
[2022-11-11T00:03:18.623-0300] {tutorial_taskflow_api_virtualenv.py:29} WARNING - The tutorial_taskflow_api_virtualenv example DAG requires virtualenv, please install it.
[2022-11-11T00:03:18.631-0300] {taskmixin.py:205} WARNING - Dependency <Task(_PythonDecoratedOperator): print_the_context>, log_sql_query already registered for DAG: example_python_operator
[2022-11-11T00:03:18.631-0300] {taskmixin.py:205} WARNING - Dependency <Task(_PythonDecoratedOperator): log_sql_query>, print_the_context already registered for DAG: example_python_operator
[2022-11-11T00:03:18.632-0300] {taskmixin.py:205} WARNING - Dependency <Task(_PythonDecoratedOperator): print_the_context>, log_sql_query already registered for DAG: example_python_operator
[2022-11-11T00:03:18.632-0300] {taskmixin.py:205} WARNING - Dependency <Task(_PythonDecoratedOperator): log_sql_query>, print_the_context already registered for DAG: example_python_operator
[2022-11-11T00:03:18.632-0300] {taskmixin.py:205} WARNING - Dependency <Task(_PythonDecoratedOperator): print_the_context>, log_sql_query already registered for DAG: example_python_operator
[2022-11-11T00:03:18.633-0300] {taskmixin.py:205} WARNING - Dependency <Task(_PythonDecoratedOperator): log_sql_query>, print_the_context already registered for DAG: example_python_operator
[2022-11-11T00:03:18.633-0300] {taskmixin.py:205} WARNING - Dependency <Task(_PythonDecoratedOperator): print_the_context>, log_sql_query already registered for DAG: example_python_operator
[2022-11-11T00:03:18.633-0300] {taskmixin.py:205} WARNING - Dependency <Task(_PythonDecoratedOperator): log_sql_query>, print_the_context already registered for DAG: example_python_operator
[2022-11-11T00:03:18.633-0300] {example_python_operator.py:85} WARNING - The virtalenv_python example task requires virtualenv, please install it.
[2022-11-11T00:03:18.666-0300] {taskmixin.py:205} WARNING - Dependency <Task(_PythonDecoratedOperator): extract>, transform already registered for DAG: tutorial_taskflow_api
[2022-11-11T00:03:18.666-0300] {taskmixin.py:205} WARNING - Dependency <Task(_PythonDecoratedOperator): transform>, extract already registered for DAG: tutorial_taskflow_api
[2022-11-11T00:03:18.666-0300] {taskmixin.py:205} WARNING - Dependency <Task(_PythonDecoratedOperator): extract>, transform already registered for DAG: tutorial_taskflow_api
[2022-11-11T00:03:18.666-0300] {taskmixin.py:205} WARNING - Dependency <Task(_PythonDecoratedOperator): transform>, extract already registered for DAG: tutorial_taskflow_api
[2022-11-11T00:03:18.666-0300] {taskmixin.py:205} WARNING - Dependency <Task(_PythonDecoratedOperator): extract>, transform already registered for DAG: tutorial_taskflow_api
[2022-11-11T00:03:18.666-0300] {taskmixin.py:205} WARNING - Dependency <Task(_PythonDecoratedOperator): transform>, extract already registered for DAG: tutorial_taskflow_api
[2022-11-11T00:03:18.667-0300] {taskmixin.py:205} WARNING - Dependency <Task(_PythonDecoratedOperator): extract>, transform already registered for DAG: tutorial_taskflow_api
[2022-11-11T00:03:18.667-0300] {taskmixin.py:205} WARNING - Dependency <Task(_PythonDecoratedOperator): transform>, extract already registered for DAG: tutorial_taskflow_api
[2022-11-11T00:03:18.667-0300] {taskmixin.py:205} WARNING - Dependency <Task(_PythonDecoratedOperator): extract>, transform already registered for DAG: tutorial_taskflow_api
[2022-11-11T00:03:18.667-0300] {taskmixin.py:205} WARNING - Dependency <Task(_PythonDecoratedOperator): transform>, extract already registered for DAG: tutorial_taskflow_api
[2022-11-11T00:03:18.667-0300] {taskmixin.py:205} WARNING - Dependency <Task(_PythonDecoratedOperator): extract>, transform already registered for DAG: tutorial_taskflow_api
[2022-11-11T00:03:18.667-0300] {taskmixin.py:205} WARNING - Dependency <Task(_PythonDecoratedOperator): transform>, extract already registered for DAG: tutorial_taskflow_api
[2022-11-11T00:03:18.668-0300] {taskmixin.py:205} WARNING - Dependency <Task(_PythonDecoratedOperator): transform>, load already registered for DAG: tutorial_taskflow_api
[2022-11-11T00:03:18.668-0300] {taskmixin.py:205} WARNING - Dependency <Task(_PythonDecoratedOperator): load>, transform already registered for DAG: tutorial_taskflow_api
[2022-11-11T00:03:18.668-0300] {taskmixin.py:205} WARNING - Dependency <Task(_PythonDecoratedOperator): transform>, load already registered for DAG: tutorial_taskflow_api
[2022-11-11T00:03:18.668-0300] {taskmixin.py:205} WARNING - Dependency <Task(_PythonDecoratedOperator): load>, transform already registered for DAG: tutorial_taskflow_api
[2022-11-11T00:03:18.668-0300] {taskmixin.py:205} WARNING - Dependency <Task(_PythonDecoratedOperator): transform>, load already registered for DAG: tutorial_taskflow_api
[2022-11-11T00:03:18.668-0300] {taskmixin.py:205} WARNING - Dependency <Task(_PythonDecoratedOperator): load>, transform already registered for DAG: tutorial_taskflow_api
[2022-11-11T00:03:18.668-0300] {taskmixin.py:205} WARNING - Dependency <Task(_PythonDecoratedOperator): transform>, load already registered for DAG: tutorial_taskflow_api
[2022-11-11T00:03:18.669-0300] {taskmixin.py:205} WARNING - Dependency <Task(_PythonDecoratedOperator): load>, transform already registered for DAG: tutorial_taskflow_api
[2022-11-11T00:03:18.669-0300] {taskmixin.py:205} WARNING - Dependency <Task(_PythonDecoratedOperator): transform>, load already registered for DAG: tutorial_taskflow_api
[2022-11-11T00:03:18.669-0300] {taskmixin.py:205} WARNING - Dependency <Task(_PythonDecoratedOperator): load>, transform already registered for DAG: tutorial_taskflow_api
[2022-11-11T00:03:18.669-0300] {taskmixin.py:205} WARNING - Dependency <Task(_PythonDecoratedOperator): transform>, load already registered for DAG: tutorial_taskflow_api
[2022-11-11T00:03:18.669-0300] {taskmixin.py:205} WARNING - Dependency <Task(_PythonDecoratedOperator): load>, transform already registered for DAG: tutorial_taskflow_api
[2022-11-11T00:03:18.684-0300] {taskmixin.py:205} WARNING - Dependency <Task(_PythonDecoratedOperator): push_by_returning>, puller already registered for DAG: example_xcom
[2022-11-11T00:03:18.684-0300] {taskmixin.py:205} WARNING - Dependency <Task(_PythonDecoratedOperator): puller>, push_by_returning already registered for DAG: example_xcom
[2022-11-11T00:03:18.685-0300] {taskmixin.py:205} WARNING - Dependency <Task(_PythonDecoratedOperator): push_by_returning>, puller already registered for DAG: example_xcom
[2022-11-11T00:03:18.685-0300] {taskmixin.py:205} WARNING - Dependency <Task(_PythonDecoratedOperator): puller>, push_by_returning already registered for DAG: example_xcom
[2022-11-11T00:03:18.685-0300] {taskmixin.py:205} WARNING - Dependency <Task(_PythonDecoratedOperator): push_by_returning>, puller already registered for DAG: example_xcom
[2022-11-11T00:03:18.685-0300] {taskmixin.py:205} WARNING - Dependency <Task(_PythonDecoratedOperator): puller>, push_by_returning already registered for DAG: example_xcom
[2022-11-11T00:03:18.685-0300] {taskmixin.py:205} WARNING - Dependency <Task(_PythonDecoratedOperator): push_by_returning>, puller already registered for DAG: example_xcom
[2022-11-11T00:03:18.685-0300] {taskmixin.py:205} WARNING - Dependency <Task(_PythonDecoratedOperator): puller>, push_by_returning already registered for DAG: example_xcom
[2022-11-11T00:03:18.685-0300] {taskmixin.py:205} WARNING - Dependency <Task(_PythonDecoratedOperator): push_by_returning>, puller already registered for DAG: example_xcom
[2022-11-11T00:03:18.686-0300] {taskmixin.py:205} WARNING - Dependency <Task(_PythonDecoratedOperator): puller>, push_by_returning already registered for DAG: example_xcom
[2022-11-11T00:03:18.686-0300] {taskmixin.py:205} WARNING - Dependency <Task(_PythonDecoratedOperator): push_by_returning>, puller already registered for DAG: example_xcom
[2022-11-11T00:03:18.686-0300] {taskmixin.py:205} WARNING - Dependency <Task(_PythonDecoratedOperator): puller>, push_by_returning already registered for DAG: example_xcom
[2022-11-11T00:03:18.773-0300] {taskmixin.py:205} WARNING - Dependency <Task(GetRequestOperator): get_ip>, prepare_email already registered for DAG: example_dag_decorator
[2022-11-11T00:03:18.773-0300] {taskmixin.py:205} WARNING - Dependency <Task(_PythonDecoratedOperator): prepare_email>, get_ip already registered for DAG: example_dag_decorator
[2022-11-11T00:03:18.773-0300] {taskmixin.py:205} WARNING - Dependency <Task(GetRequestOperator): get_ip>, prepare_email already registered for DAG: example_dag_decorator
[2022-11-11T00:03:18.774-0300] {taskmixin.py:205} WARNING - Dependency <Task(_PythonDecoratedOperator): prepare_email>, get_ip already registered for DAG: example_dag_decorator
[2022-11-11T00:03:18.774-0300] {taskmixin.py:205} WARNING - Dependency <Task(GetRequestOperator): get_ip>, prepare_email already registered for DAG: example_dag_decorator
[2022-11-11T00:03:18.774-0300] {taskmixin.py:205} WARNING - Dependency <Task(_PythonDecoratedOperator): prepare_email>, get_ip already registered for DAG: example_dag_decorator
[2022-11-11T00:03:18.774-0300] {taskmixin.py:205} WARNING - Dependency <Task(GetRequestOperator): get_ip>, prepare_email already registered for DAG: example_dag_decorator
[2022-11-11T00:03:18.774-0300] {taskmixin.py:205} WARNING - Dependency <Task(_PythonDecoratedOperator): prepare_email>, get_ip already registered for DAG: example_dag_decorator
[2022-11-11T00:03:18.774-0300] {taskmixin.py:205} WARNING - Dependency <Task(GetRequestOperator): get_ip>, prepare_email already registered for DAG: example_dag_decorator
[2022-11-11T00:03:18.774-0300] {taskmixin.py:205} WARNING - Dependency <Task(_PythonDecoratedOperator): prepare_email>, get_ip already registered for DAG: example_dag_decorator
[2022-11-11T00:03:18.775-0300] {taskmixin.py:205} WARNING - Dependency <Task(GetRequestOperator): get_ip>, prepare_email already registered for DAG: example_dag_decorator
[2022-11-11T00:03:18.775-0300] {taskmixin.py:205} WARNING - Dependency <Task(_PythonDecoratedOperator): prepare_email>, get_ip already registered for DAG: example_dag_decorator
[2022-11-11T00:03:18.775-0300] {taskmixin.py:205} WARNING - Dependency <Task(_PythonDecoratedOperator): prepare_email>, send_email already registered for DAG: example_dag_decorator
[2022-11-11T00:03:18.775-0300] {taskmixin.py:205} WARNING - Dependency <Task(EmailOperator): send_email>, prepare_email already registered for DAG: example_dag_decorator
[2022-11-11T00:03:18.775-0300] {taskmixin.py:205} WARNING - Dependency <Task(_PythonDecoratedOperator): prepare_email>, send_email already registered for DAG: example_dag_decorator
[2022-11-11T00:03:18.776-0300] {taskmixin.py:205} WARNING - Dependency <Task(EmailOperator): send_email>, prepare_email already registered for DAG: example_dag_decorator
[2022-11-11T00:03:18.776-0300] {taskmixin.py:205} WARNING - Dependency <Task(_PythonDecoratedOperator): prepare_email>, send_email already registered for DAG: example_dag_decorator
[2022-11-11T00:03:18.776-0300] {taskmixin.py:205} WARNING - Dependency <Task(EmailOperator): send_email>, prepare_email already registered for DAG: example_dag_decorator
[2022-11-11T00:03:18.776-0300] {taskmixin.py:205} WARNING - Dependency <Task(_PythonDecoratedOperator): prepare_email>, send_email already registered for DAG: example_dag_decorator
[2022-11-11T00:03:18.776-0300] {taskmixin.py:205} WARNING - Dependency <Task(EmailOperator): send_email>, prepare_email already registered for DAG: example_dag_decorator
[2022-11-11T00:03:18.776-0300] {taskmixin.py:205} WARNING - Dependency <Task(_PythonDecoratedOperator): prepare_email>, send_email already registered for DAG: example_dag_decorator
[2022-11-11T00:03:18.776-0300] {taskmixin.py:205} WARNING - Dependency <Task(EmailOperator): send_email>, prepare_email already registered for DAG: example_dag_decorator
[2022-11-11T00:03:18.777-0300] {taskmixin.py:205} WARNING - Dependency <Task(_PythonDecoratedOperator): prepare_email>, send_email already registered for DAG: example_dag_decorator
[2022-11-11T00:03:18.777-0300] {taskmixin.py:205} WARNING - Dependency <Task(EmailOperator): send_email>, prepare_email already registered for DAG: example_dag_decorator
[2022-11-11T00:03:18.792-0300] {taskmixin.py:205} WARNING - Dependency <Task(BashOperator): create_entry_group>, delete_entry_group already registered for DAG: example_complex
[2022-11-11T00:03:18.792-0300] {taskmixin.py:205} WARNING - Dependency <Task(BashOperator): delete_entry_group>, create_entry_group already registered for DAG: example_complex
[2022-11-11T00:03:18.792-0300] {taskmixin.py:205} WARNING - Dependency <Task(BashOperator): create_entry_gcs>, delete_entry already registered for DAG: example_complex
[2022-11-11T00:03:18.792-0300] {taskmixin.py:205} WARNING - Dependency <Task(BashOperator): delete_entry>, create_entry_gcs already registered for DAG: example_complex
[2022-11-11T00:03:18.793-0300] {taskmixin.py:205} WARNING - Dependency <Task(BashOperator): create_tag>, delete_tag already registered for DAG: example_complex
[2022-11-11T00:03:18.793-0300] {taskmixin.py:205} WARNING - Dependency <Task(BashOperator): delete_tag>, create_tag already registered for DAG: example_complex
[2022-11-11T00:03:18.802-0300] {taskmixin.py:205} WARNING - Dependency <Task(_PythonDecoratedOperator): task_group_function.task_1>, task_group_function.task_2 already registered for DAG: example_task_group_decorator
[2022-11-11T00:03:18.802-0300] {taskmixin.py:205} WARNING - Dependency <Task(_PythonDecoratedOperator): task_group_function.task_2>, task_group_function.task_1 already registered for DAG: example_task_group_decorator
[2022-11-11T00:03:18.802-0300] {taskmixin.py:205} WARNING - Dependency <Task(_PythonDecoratedOperator): task_group_function.task_1>, task_group_function.task_2 already registered for DAG: example_task_group_decorator
[2022-11-11T00:03:18.802-0300] {taskmixin.py:205} WARNING - Dependency <Task(_PythonDecoratedOperator): task_group_function.task_2>, task_group_function.task_1 already registered for DAG: example_task_group_decorator
[2022-11-11T00:03:18.803-0300] {taskmixin.py:205} WARNING - Dependency <Task(_PythonDecoratedOperator): task_group_function.task_1>, task_group_function.task_2 already registered for DAG: example_task_group_decorator
[2022-11-11T00:03:18.803-0300] {taskmixin.py:205} WARNING - Dependency <Task(_PythonDecoratedOperator): task_group_function.task_2>, task_group_function.task_1 already registered for DAG: example_task_group_decorator
[2022-11-11T00:03:18.803-0300] {taskmixin.py:205} WARNING - Dependency <Task(_PythonDecoratedOperator): task_group_function.task_1>, task_group_function.task_2 already registered for DAG: example_task_group_decorator
[2022-11-11T00:03:18.803-0300] {taskmixin.py:205} WARNING - Dependency <Task(_PythonDecoratedOperator): task_group_function.task_2>, task_group_function.task_1 already registered for DAG: example_task_group_decorator
[2022-11-11T00:03:18.803-0300] {taskmixin.py:205} WARNING - Dependency <Task(_PythonDecoratedOperator): task_group_function.task_1>, task_group_function.task_2 already registered for DAG: example_task_group_decorator
[2022-11-11T00:03:18.803-0300] {taskmixin.py:205} WARNING - Dependency <Task(_PythonDecoratedOperator): task_group_function.task_2>, task_group_function.task_1 already registered for DAG: example_task_group_decorator
[2022-11-11T00:03:18.803-0300] {taskmixin.py:205} WARNING - Dependency <Task(_PythonDecoratedOperator): task_group_function.task_1>, task_group_function.task_2 already registered for DAG: example_task_group_decorator
[2022-11-11T00:03:18.804-0300] {taskmixin.py:205} WARNING - Dependency <Task(_PythonDecoratedOperator): task_group_function.task_2>, task_group_function.task_1 already registered for DAG: example_task_group_decorator
[2022-11-11T00:03:18.804-0300] {taskmixin.py:205} WARNING - Dependency <Task(_PythonDecoratedOperator): task_group_function.task_2>, task_group_function.task_3 already registered for DAG: example_task_group_decorator
[2022-11-11T00:03:18.804-0300] {taskmixin.py:205} WARNING - Dependency <Task(_PythonDecoratedOperator): task_group_function.task_3>, task_group_function.task_2 already registered for DAG: example_task_group_decorator
[2022-11-11T00:03:18.804-0300] {taskmixin.py:205} WARNING - Dependency <Task(_PythonDecoratedOperator): task_group_function.task_2>, task_group_function.task_3 already registered for DAG: example_task_group_decorator
[2022-11-11T00:03:18.804-0300] {taskmixin.py:205} WARNING - Dependency <Task(_PythonDecoratedOperator): task_group_function.task_3>, task_group_function.task_2 already registered for DAG: example_task_group_decorator
[2022-11-11T00:03:18.805-0300] {taskmixin.py:205} WARNING - Dependency <Task(_PythonDecoratedOperator): task_group_function.task_2>, task_group_function.task_3 already registered for DAG: example_task_group_decorator
[2022-11-11T00:03:18.805-0300] {taskmixin.py:205} WARNING - Dependency <Task(_PythonDecoratedOperator): task_group_function.task_3>, task_group_function.task_2 already registered for DAG: example_task_group_decorator
[2022-11-11T00:03:18.805-0300] {taskmixin.py:205} WARNING - Dependency <Task(_PythonDecoratedOperator): task_group_function.task_2>, task_group_function.task_3 already registered for DAG: example_task_group_decorator
[2022-11-11T00:03:18.805-0300] {taskmixin.py:205} WARNING - Dependency <Task(_PythonDecoratedOperator): task_group_function.task_3>, task_group_function.task_2 already registered for DAG: example_task_group_decorator
[2022-11-11T00:03:18.805-0300] {taskmixin.py:205} WARNING - Dependency <Task(_PythonDecoratedOperator): task_group_function.task_2>, task_group_function.task_3 already registered for DAG: example_task_group_decorator
[2022-11-11T00:03:18.805-0300] {taskmixin.py:205} WARNING - Dependency <Task(_PythonDecoratedOperator): task_group_function.task_3>, task_group_function.task_2 already registered for DAG: example_task_group_decorator
[2022-11-11T00:03:18.805-0300] {taskmixin.py:205} WARNING - Dependency <Task(_PythonDecoratedOperator): task_group_function.task_2>, task_group_function.task_3 already registered for DAG: example_task_group_decorator
[2022-11-11T00:03:18.806-0300] {taskmixin.py:205} WARNING - Dependency <Task(_PythonDecoratedOperator): task_group_function.task_3>, task_group_function.task_2 already registered for DAG: example_task_group_decorator
[2022-11-11T00:03:18.807-0300] {taskmixin.py:205} WARNING - Dependency <Task(_PythonDecoratedOperator): task_group_function__1.task_1>, task_group_function__1.task_2 already registered for DAG: example_task_group_decorator
[2022-11-11T00:03:18.807-0300] {taskmixin.py:205} WARNING - Dependency <Task(_PythonDecoratedOperator): task_group_function__1.task_2>, task_group_function__1.task_1 already registered for DAG: example_task_group_decorator
[2022-11-11T00:03:18.807-0300] {taskmixin.py:205} WARNING - Dependency <Task(_PythonDecoratedOperator): task_group_function__1.task_1>, task_group_function__1.task_2 already registered for DAG: example_task_group_decorator
[2022-11-11T00:03:18.807-0300] {taskmixin.py:205} WARNING - Dependency <Task(_PythonDecoratedOperator): task_group_function__1.task_2>, task_group_function__1.task_1 already registered for DAG: example_task_group_decorator
[2022-11-11T00:03:18.807-0300] {taskmixin.py:205} WARNING - Dependency <Task(_PythonDecoratedOperator): task_group_function__1.task_1>, task_group_function__1.task_2 already registered for DAG: example_task_group_decorator
[2022-11-11T00:03:18.807-0300] {taskmixin.py:205} WARNING - Dependency <Task(_PythonDecoratedOperator): task_group_function__1.task_2>, task_group_function__1.task_1 already registered for DAG: example_task_group_decorator
[2022-11-11T00:03:18.807-0300] {taskmixin.py:205} WARNING - Dependency <Task(_PythonDecoratedOperator): task_group_function__1.task_1>, task_group_function__1.task_2 already registered for DAG: example_task_group_decorator
[2022-11-11T00:03:18.808-0300] {taskmixin.py:205} WARNING - Dependency <Task(_PythonDecoratedOperator): task_group_function__1.task_2>, task_group_function__1.task_1 already registered for DAG: example_task_group_decorator
[2022-11-11T00:03:18.808-0300] {taskmixin.py:205} WARNING - Dependency <Task(_PythonDecoratedOperator): task_group_function__1.task_1>, task_group_function__1.task_2 already registered for DAG: example_task_group_decorator
[2022-11-11T00:03:18.808-0300] {taskmixin.py:205} WARNING - Dependency <Task(_PythonDecoratedOperator): task_group_function__1.task_2>, task_group_function__1.task_1 already registered for DAG: example_task_group_decorator
[2022-11-11T00:03:18.808-0300] {taskmixin.py:205} WARNING - Dependency <Task(_PythonDecoratedOperator): task_group_function__1.task_1>, task_group_function__1.task_2 already registered for DAG: example_task_group_decorator
[2022-11-11T00:03:18.808-0300] {taskmixin.py:205} WARNING - Dependency <Task(_PythonDecoratedOperator): task_group_function__1.task_2>, task_group_function__1.task_1 already registered for DAG: example_task_group_decorator
[2022-11-11T00:03:18.809-0300] {taskmixin.py:205} WARNING - Dependency <Task(_PythonDecoratedOperator): task_group_function__1.task_2>, task_group_function__1.task_3 already registered for DAG: example_task_group_decorator
[2022-11-11T00:03:18.809-0300] {taskmixin.py:205} WARNING - Dependency <Task(_PythonDecoratedOperator): task_group_function__1.task_3>, task_group_function__1.task_2 already registered for DAG: example_task_group_decorator
[2022-11-11T00:03:18.809-0300] {taskmixin.py:205} WARNING - Dependency <Task(_PythonDecoratedOperator): task_group_function__1.task_2>, task_group_function__1.task_3 already registered for DAG: example_task_group_decorator
[2022-11-11T00:03:18.809-0300] {taskmixin.py:205} WARNING - Dependency <Task(_PythonDecoratedOperator): task_group_function__1.task_3>, task_group_function__1.task_2 already registered for DAG: example_task_group_decorator
[2022-11-11T00:03:18.809-0300] {taskmixin.py:205} WARNING - Dependency <Task(_PythonDecoratedOperator): task_group_function__1.task_2>, task_group_function__1.task_3 already registered for DAG: example_task_group_decorator
[2022-11-11T00:03:18.809-0300] {taskmixin.py:205} WARNING - Dependency <Task(_PythonDecoratedOperator): task_group_function__1.task_3>, task_group_function__1.task_2 already registered for DAG: example_task_group_decorator
[2022-11-11T00:03:18.809-0300] {taskmixin.py:205} WARNING - Dependency <Task(_PythonDecoratedOperator): task_group_function__1.task_2>, task_group_function__1.task_3 already registered for DAG: example_task_group_decorator
[2022-11-11T00:03:18.809-0300] {taskmixin.py:205} WARNING - Dependency <Task(_PythonDecoratedOperator): task_group_function__1.task_3>, task_group_function__1.task_2 already registered for DAG: example_task_group_decorator
[2022-11-11T00:03:18.810-0300] {taskmixin.py:205} WARNING - Dependency <Task(_PythonDecoratedOperator): task_group_function__1.task_2>, task_group_function__1.task_3 already registered for DAG: example_task_group_decorator
[2022-11-11T00:03:18.810-0300] {taskmixin.py:205} WARNING - Dependency <Task(_PythonDecoratedOperator): task_group_function__1.task_3>, task_group_function__1.task_2 already registered for DAG: example_task_group_decorator
[2022-11-11T00:03:18.810-0300] {taskmixin.py:205} WARNING - Dependency <Task(_PythonDecoratedOperator): task_group_function__1.task_2>, task_group_function__1.task_3 already registered for DAG: example_task_group_decorator
[2022-11-11T00:03:18.810-0300] {taskmixin.py:205} WARNING - Dependency <Task(_PythonDecoratedOperator): task_group_function__1.task_3>, task_group_function__1.task_2 already registered for DAG: example_task_group_decorator
[2022-11-11T00:03:18.811-0300] {taskmixin.py:205} WARNING - Dependency <Task(_PythonDecoratedOperator): task_group_function__2.task_1>, task_group_function__2.task_2 already registered for DAG: example_task_group_decorator
[2022-11-11T00:03:18.811-0300] {taskmixin.py:205} WARNING - Dependency <Task(_PythonDecoratedOperator): task_group_function__2.task_2>, task_group_function__2.task_1 already registered for DAG: example_task_group_decorator
[2022-11-11T00:03:18.811-0300] {taskmixin.py:205} WARNING - Dependency <Task(_PythonDecoratedOperator): task_group_function__2.task_1>, task_group_function__2.task_2 already registered for DAG: example_task_group_decorator
[2022-11-11T00:03:18.811-0300] {taskmixin.py:205} WARNING - Dependency <Task(_PythonDecoratedOperator): task_group_function__2.task_2>, task_group_function__2.task_1 already registered for DAG: example_task_group_decorator
[2022-11-11T00:03:18.811-0300] {taskmixin.py:205} WARNING - Dependency <Task(_PythonDecoratedOperator): task_group_function__2.task_1>, task_group_function__2.task_2 already registered for DAG: example_task_group_decorator
[2022-11-11T00:03:18.812-0300] {taskmixin.py:205} WARNING - Dependency <Task(_PythonDecoratedOperator): task_group_function__2.task_2>, task_group_function__2.task_1 already registered for DAG: example_task_group_decorator
[2022-11-11T00:03:18.812-0300] {taskmixin.py:205} WARNING - Dependency <Task(_PythonDecoratedOperator): task_group_function__2.task_1>, task_group_function__2.task_2 already registered for DAG: example_task_group_decorator
[2022-11-11T00:03:18.812-0300] {taskmixin.py:205} WARNING - Dependency <Task(_PythonDecoratedOperator): task_group_function__2.task_2>, task_group_function__2.task_1 already registered for DAG: example_task_group_decorator
[2022-11-11T00:03:18.812-0300] {taskmixin.py:205} WARNING - Dependency <Task(_PythonDecoratedOperator): task_group_function__2.task_1>, task_group_function__2.task_2 already registered for DAG: example_task_group_decorator
[2022-11-11T00:03:18.812-0300] {taskmixin.py:205} WARNING - Dependency <Task(_PythonDecoratedOperator): task_group_function__2.task_2>, task_group_function__2.task_1 already registered for DAG: example_task_group_decorator
[2022-11-11T00:03:18.812-0300] {taskmixin.py:205} WARNING - Dependency <Task(_PythonDecoratedOperator): task_group_function__2.task_1>, task_group_function__2.task_2 already registered for DAG: example_task_group_decorator
[2022-11-11T00:03:18.812-0300] {taskmixin.py:205} WARNING - Dependency <Task(_PythonDecoratedOperator): task_group_function__2.task_2>, task_group_function__2.task_1 already registered for DAG: example_task_group_decorator
[2022-11-11T00:03:18.813-0300] {taskmixin.py:205} WARNING - Dependency <Task(_PythonDecoratedOperator): task_group_function__2.task_2>, task_group_function__2.task_3 already registered for DAG: example_task_group_decorator
[2022-11-11T00:03:18.813-0300] {taskmixin.py:205} WARNING - Dependency <Task(_PythonDecoratedOperator): task_group_function__2.task_3>, task_group_function__2.task_2 already registered for DAG: example_task_group_decorator
[2022-11-11T00:03:18.813-0300] {taskmixin.py:205} WARNING - Dependency <Task(_PythonDecoratedOperator): task_group_function__2.task_2>, task_group_function__2.task_3 already registered for DAG: example_task_group_decorator
[2022-11-11T00:03:18.813-0300] {taskmixin.py:205} WARNING - Dependency <Task(_PythonDecoratedOperator): task_group_function__2.task_3>, task_group_function__2.task_2 already registered for DAG: example_task_group_decorator
[2022-11-11T00:03:18.813-0300] {taskmixin.py:205} WARNING - Dependency <Task(_PythonDecoratedOperator): task_group_function__2.task_2>, task_group_function__2.task_3 already registered for DAG: example_task_group_decorator
[2022-11-11T00:03:18.814-0300] {taskmixin.py:205} WARNING - Dependency <Task(_PythonDecoratedOperator): task_group_function__2.task_3>, task_group_function__2.task_2 already registered for DAG: example_task_group_decorator
[2022-11-11T00:03:18.814-0300] {taskmixin.py:205} WARNING - Dependency <Task(_PythonDecoratedOperator): task_group_function__2.task_2>, task_group_function__2.task_3 already registered for DAG: example_task_group_decorator
[2022-11-11T00:03:18.814-0300] {taskmixin.py:205} WARNING - Dependency <Task(_PythonDecoratedOperator): task_group_function__2.task_3>, task_group_function__2.task_2 already registered for DAG: example_task_group_decorator
[2022-11-11T00:03:18.814-0300] {taskmixin.py:205} WARNING - Dependency <Task(_PythonDecoratedOperator): task_group_function__2.task_2>, task_group_function__2.task_3 already registered for DAG: example_task_group_decorator
[2022-11-11T00:03:18.814-0300] {taskmixin.py:205} WARNING - Dependency <Task(_PythonDecoratedOperator): task_group_function__2.task_3>, task_group_function__2.task_2 already registered for DAG: example_task_group_decorator
[2022-11-11T00:03:18.814-0300] {taskmixin.py:205} WARNING - Dependency <Task(_PythonDecoratedOperator): task_group_function__2.task_2>, task_group_function__2.task_3 already registered for DAG: example_task_group_decorator
[2022-11-11T00:03:18.814-0300] {taskmixin.py:205} WARNING - Dependency <Task(_PythonDecoratedOperator): task_group_function__2.task_3>, task_group_function__2.task_2 already registered for DAG: example_task_group_decorator
[2022-11-11T00:03:18.815-0300] {taskmixin.py:205} WARNING - Dependency <Task(_PythonDecoratedOperator): task_group_function__3.task_1>, task_group_function__3.task_2 already registered for DAG: example_task_group_decorator
[2022-11-11T00:03:18.815-0300] {taskmixin.py:205} WARNING - Dependency <Task(_PythonDecoratedOperator): task_group_function__3.task_2>, task_group_function__3.task_1 already registered for DAG: example_task_group_decorator
[2022-11-11T00:03:18.815-0300] {taskmixin.py:205} WARNING - Dependency <Task(_PythonDecoratedOperator): task_group_function__3.task_1>, task_group_function__3.task_2 already registered for DAG: example_task_group_decorator
[2022-11-11T00:03:18.816-0300] {taskmixin.py:205} WARNING - Dependency <Task(_PythonDecoratedOperator): task_group_function__3.task_2>, task_group_function__3.task_1 already registered for DAG: example_task_group_decorator
[2022-11-11T00:03:18.816-0300] {taskmixin.py:205} WARNING - Dependency <Task(_PythonDecoratedOperator): task_group_function__3.task_1>, task_group_function__3.task_2 already registered for DAG: example_task_group_decorator
[2022-11-11T00:03:18.816-0300] {taskmixin.py:205} WARNING - Dependency <Task(_PythonDecoratedOperator): task_group_function__3.task_2>, task_group_function__3.task_1 already registered for DAG: example_task_group_decorator
[2022-11-11T00:03:18.816-0300] {taskmixin.py:205} WARNING - Dependency <Task(_PythonDecoratedOperator): task_group_function__3.task_1>, task_group_function__3.task_2 already registered for DAG: example_task_group_decorator
[2022-11-11T00:03:18.816-0300] {taskmixin.py:205} WARNING - Dependency <Task(_PythonDecoratedOperator): task_group_function__3.task_2>, task_group_function__3.task_1 already registered for DAG: example_task_group_decorator
[2022-11-11T00:03:18.816-0300] {taskmixin.py:205} WARNING - Dependency <Task(_PythonDecoratedOperator): task_group_function__3.task_1>, task_group_function__3.task_2 already registered for DAG: example_task_group_decorator
[2022-11-11T00:03:18.816-0300] {taskmixin.py:205} WARNING - Dependency <Task(_PythonDecoratedOperator): task_group_function__3.task_2>, task_group_function__3.task_1 already registered for DAG: example_task_group_decorator
[2022-11-11T00:03:18.816-0300] {taskmixin.py:205} WARNING - Dependency <Task(_PythonDecoratedOperator): task_group_function__3.task_1>, task_group_function__3.task_2 already registered for DAG: example_task_group_decorator
[2022-11-11T00:03:18.816-0300] {taskmixin.py:205} WARNING - Dependency <Task(_PythonDecoratedOperator): task_group_function__3.task_2>, task_group_function__3.task_1 already registered for DAG: example_task_group_decorator
[2022-11-11T00:03:18.817-0300] {taskmixin.py:205} WARNING - Dependency <Task(_PythonDecoratedOperator): task_group_function__3.task_2>, task_group_function__3.task_3 already registered for DAG: example_task_group_decorator
[2022-11-11T00:03:18.817-0300] {taskmixin.py:205} WARNING - Dependency <Task(_PythonDecoratedOperator): task_group_function__3.task_3>, task_group_function__3.task_2 already registered for DAG: example_task_group_decorator
[2022-11-11T00:03:18.817-0300] {taskmixin.py:205} WARNING - Dependency <Task(_PythonDecoratedOperator): task_group_function__3.task_2>, task_group_function__3.task_3 already registered for DAG: example_task_group_decorator
[2022-11-11T00:03:18.817-0300] {taskmixin.py:205} WARNING - Dependency <Task(_PythonDecoratedOperator): task_group_function__3.task_3>, task_group_function__3.task_2 already registered for DAG: example_task_group_decorator
[2022-11-11T00:03:18.817-0300] {taskmixin.py:205} WARNING - Dependency <Task(_PythonDecoratedOperator): task_group_function__3.task_2>, task_group_function__3.task_3 already registered for DAG: example_task_group_decorator
[2022-11-11T00:03:18.817-0300] {taskmixin.py:205} WARNING - Dependency <Task(_PythonDecoratedOperator): task_group_function__3.task_3>, task_group_function__3.task_2 already registered for DAG: example_task_group_decorator
[2022-11-11T00:03:18.818-0300] {taskmixin.py:205} WARNING - Dependency <Task(_PythonDecoratedOperator): task_group_function__3.task_2>, task_group_function__3.task_3 already registered for DAG: example_task_group_decorator
[2022-11-11T00:03:18.818-0300] {taskmixin.py:205} WARNING - Dependency <Task(_PythonDecoratedOperator): task_group_function__3.task_3>, task_group_function__3.task_2 already registered for DAG: example_task_group_decorator
[2022-11-11T00:03:18.818-0300] {taskmixin.py:205} WARNING - Dependency <Task(_PythonDecoratedOperator): task_group_function__3.task_2>, task_group_function__3.task_3 already registered for DAG: example_task_group_decorator
[2022-11-11T00:03:18.818-0300] {taskmixin.py:205} WARNING - Dependency <Task(_PythonDecoratedOperator): task_group_function__3.task_3>, task_group_function__3.task_2 already registered for DAG: example_task_group_decorator
[2022-11-11T00:03:18.818-0300] {taskmixin.py:205} WARNING - Dependency <Task(_PythonDecoratedOperator): task_group_function__3.task_2>, task_group_function__3.task_3 already registered for DAG: example_task_group_decorator
[2022-11-11T00:03:18.818-0300] {taskmixin.py:205} WARNING - Dependency <Task(_PythonDecoratedOperator): task_group_function__3.task_3>, task_group_function__3.task_2 already registered for DAG: example_task_group_decorator
[2022-11-11T00:03:18.819-0300] {taskmixin.py:205} WARNING - Dependency <Task(_PythonDecoratedOperator): task_group_function__4.task_1>, task_group_function__4.task_2 already registered for DAG: example_task_group_decorator
[2022-11-11T00:03:18.819-0300] {taskmixin.py:205} WARNING - Dependency <Task(_PythonDecoratedOperator): task_group_function__4.task_2>, task_group_function__4.task_1 already registered for DAG: example_task_group_decorator
[2022-11-11T00:03:18.819-0300] {taskmixin.py:205} WARNING - Dependency <Task(_PythonDecoratedOperator): task_group_function__4.task_1>, task_group_function__4.task_2 already registered for DAG: example_task_group_decorator
[2022-11-11T00:03:18.819-0300] {taskmixin.py:205} WARNING - Dependency <Task(_PythonDecoratedOperator): task_group_function__4.task_2>, task_group_function__4.task_1 already registered for DAG: example_task_group_decorator
[2022-11-11T00:03:18.820-0300] {taskmixin.py:205} WARNING - Dependency <Task(_PythonDecoratedOperator): task_group_function__4.task_1>, task_group_function__4.task_2 already registered for DAG: example_task_group_decorator
[2022-11-11T00:03:18.820-0300] {taskmixin.py:205} WARNING - Dependency <Task(_PythonDecoratedOperator): task_group_function__4.task_2>, task_group_function__4.task_1 already registered for DAG: example_task_group_decorator
[2022-11-11T00:03:18.820-0300] {taskmixin.py:205} WARNING - Dependency <Task(_PythonDecoratedOperator): task_group_function__4.task_1>, task_group_function__4.task_2 already registered for DAG: example_task_group_decorator
[2022-11-11T00:03:18.820-0300] {taskmixin.py:205} WARNING - Dependency <Task(_PythonDecoratedOperator): task_group_function__4.task_2>, task_group_function__4.task_1 already registered for DAG: example_task_group_decorator
[2022-11-11T00:03:18.820-0300] {taskmixin.py:205} WARNING - Dependency <Task(_PythonDecoratedOperator): task_group_function__4.task_1>, task_group_function__4.task_2 already registered for DAG: example_task_group_decorator
[2022-11-11T00:03:18.820-0300] {taskmixin.py:205} WARNING - Dependency <Task(_PythonDecoratedOperator): task_group_function__4.task_2>, task_group_function__4.task_1 already registered for DAG: example_task_group_decorator
[2022-11-11T00:03:18.820-0300] {taskmixin.py:205} WARNING - Dependency <Task(_PythonDecoratedOperator): task_group_function__4.task_1>, task_group_function__4.task_2 already registered for DAG: example_task_group_decorator
[2022-11-11T00:03:18.820-0300] {taskmixin.py:205} WARNING - Dependency <Task(_PythonDecoratedOperator): task_group_function__4.task_2>, task_group_function__4.task_1 already registered for DAG: example_task_group_decorator
[2022-11-11T00:03:18.821-0300] {taskmixin.py:205} WARNING - Dependency <Task(_PythonDecoratedOperator): task_group_function__4.task_2>, task_group_function__4.task_3 already registered for DAG: example_task_group_decorator
[2022-11-11T00:03:18.821-0300] {taskmixin.py:205} WARNING - Dependency <Task(_PythonDecoratedOperator): task_group_function__4.task_3>, task_group_function__4.task_2 already registered for DAG: example_task_group_decorator
[2022-11-11T00:03:18.821-0300] {taskmixin.py:205} WARNING - Dependency <Task(_PythonDecoratedOperator): task_group_function__4.task_2>, task_group_function__4.task_3 already registered for DAG: example_task_group_decorator
[2022-11-11T00:03:18.821-0300] {taskmixin.py:205} WARNING - Dependency <Task(_PythonDecoratedOperator): task_group_function__4.task_3>, task_group_function__4.task_2 already registered for DAG: example_task_group_decorator
[2022-11-11T00:03:18.821-0300] {taskmixin.py:205} WARNING - Dependency <Task(_PythonDecoratedOperator): task_group_function__4.task_2>, task_group_function__4.task_3 already registered for DAG: example_task_group_decorator
[2022-11-11T00:03:18.822-0300] {taskmixin.py:205} WARNING - Dependency <Task(_PythonDecoratedOperator): task_group_function__4.task_3>, task_group_function__4.task_2 already registered for DAG: example_task_group_decorator
[2022-11-11T00:03:18.822-0300] {taskmixin.py:205} WARNING - Dependency <Task(_PythonDecoratedOperator): task_group_function__4.task_2>, task_group_function__4.task_3 already registered for DAG: example_task_group_decorator
[2022-11-11T00:03:18.822-0300] {taskmixin.py:205} WARNING - Dependency <Task(_PythonDecoratedOperator): task_group_function__4.task_3>, task_group_function__4.task_2 already registered for DAG: example_task_group_decorator
[2022-11-11T00:03:18.822-0300] {taskmixin.py:205} WARNING - Dependency <Task(_PythonDecoratedOperator): task_group_function__4.task_2>, task_group_function__4.task_3 already registered for DAG: example_task_group_decorator
[2022-11-11T00:03:18.822-0300] {taskmixin.py:205} WARNING - Dependency <Task(_PythonDecoratedOperator): task_group_function__4.task_3>, task_group_function__4.task_2 already registered for DAG: example_task_group_decorator
[2022-11-11T00:03:18.822-0300] {taskmixin.py:205} WARNING - Dependency <Task(_PythonDecoratedOperator): task_group_function__4.task_2>, task_group_function__4.task_3 already registered for DAG: example_task_group_decorator
[2022-11-11T00:03:18.822-0300] {taskmixin.py:205} WARNING - Dependency <Task(_PythonDecoratedOperator): task_group_function__4.task_3>, task_group_function__4.task_2 already registered for DAG: example_task_group_decorator
[2022-11-11T00:03:18.824-0300] {example_kubernetes_executor.py:41} WARNING - The example_kubernetes_executor example DAG requires the kubernetes provider. Please install it with: pip install apache-airflow[cncf.kubernetes]
[2022-11-11T00:03:18.824-0300] {example_local_kubernetes_executor.py:39} WARNING - Could not import DAGs in example_local_kubernetes_executor.py
Traceback (most recent call last):
  File "/home/renato/Documentos/datapipeline/.env/lib/python3.10/site-packages/airflow/example_dags/example_local_kubernetes_executor.py", line 37, in <module>
    from kubernetes.client import models as k8s
ModuleNotFoundError: No module named 'kubernetes'
[2022-11-11T00:03:18.825-0300] {example_local_kubernetes_executor.py:40} WARNING - Install Kubernetes dependencies with: pip install apache-airflow[cncf.kubernetes]
[2022-11-11T00:03:18.831-0300] {taskmixin.py:205} WARNING - Dependency <Task(_PythonDecoratedOperator): generate_value>, print_value already registered for DAG: example_xcom_args
[2022-11-11T00:03:18.831-0300] {taskmixin.py:205} WARNING - Dependency <Task(_PythonDecoratedOperator): print_value>, generate_value already registered for DAG: example_xcom_args
[2022-11-11T00:03:18.831-0300] {taskmixin.py:205} WARNING - Dependency <Task(_PythonDecoratedOperator): generate_value>, print_value already registered for DAG: example_xcom_args
[2022-11-11T00:03:18.831-0300] {taskmixin.py:205} WARNING - Dependency <Task(_PythonDecoratedOperator): print_value>, generate_value already registered for DAG: example_xcom_args
[2022-11-11T00:03:18.831-0300] {taskmixin.py:205} WARNING - Dependency <Task(_PythonDecoratedOperator): generate_value>, print_value already registered for DAG: example_xcom_args
[2022-11-11T00:03:18.831-0300] {taskmixin.py:205} WARNING - Dependency <Task(_PythonDecoratedOperator): print_value>, generate_value already registered for DAG: example_xcom_args
[2022-11-11T00:03:18.832-0300] {taskmixin.py:205} WARNING - Dependency <Task(_PythonDecoratedOperator): generate_value>, print_value already registered for DAG: example_xcom_args
[2022-11-11T00:03:18.832-0300] {taskmixin.py:205} WARNING - Dependency <Task(_PythonDecoratedOperator): print_value>, generate_value already registered for DAG: example_xcom_args
[2022-11-11T00:03:18.832-0300] {taskmixin.py:205} WARNING - Dependency <Task(_PythonDecoratedOperator): generate_value>, print_value already registered for DAG: example_xcom_args
[2022-11-11T00:03:18.832-0300] {taskmixin.py:205} WARNING - Dependency <Task(_PythonDecoratedOperator): print_value>, generate_value already registered for DAG: example_xcom_args
[2022-11-11T00:03:18.832-0300] {taskmixin.py:205} WARNING - Dependency <Task(_PythonDecoratedOperator): generate_value>, print_value already registered for DAG: example_xcom_args
[2022-11-11T00:03:18.832-0300] {taskmixin.py:205} WARNING - Dependency <Task(_PythonDecoratedOperator): print_value>, generate_value already registered for DAG: example_xcom_args
[2022-11-11T00:03:18.875-0300] {task_command.py:384} INFO - Running <TaskInstance: twitter_dag.transform_twitter_aluraonline scheduled__2022-11-09T09:00:00+00:00 [running]> on host renato-Virtual-Machine
[2022-11-11T00:03:18.928-0300] {taskinstance.py:1590} INFO - Exporting the following env vars:
AIRFLOW_CTX_DAG_OWNER=airflow
AIRFLOW_CTX_DAG_ID=twitter_dag
AIRFLOW_CTX_TASK_ID=transform_twitter_aluraonline
AIRFLOW_CTX_EXECUTION_DATE=2022-11-09T09:00:00+00:00
AIRFLOW_CTX_TRY_NUMBER=1
AIRFLOW_CTX_DAG_RUN_ID=scheduled__2022-11-09T09:00:00+00:00
[2022-11-11T00:03:18.931-0300] {base.py:71} INFO - Using connection ID 'spark_default' for task execution.
[2022-11-11T00:03:18.933-0300] {spark_submit.py:334} INFO - Spark-Submit cmd: /home/renato/Documentos/spark-3.3.1-bin-hadoop3/bin/spark-submit --master local --name twitter_transformation /home/renato/Documentos/datapipeline/spark/transformation.py --src /home/renato/Documentos/datapipeline/datalake/bronze/twitter_aluraonline/extract_date=2022-11-09 --dest /home/renato/Documentos/datapipeline/datalake/silver/twitter_aluraonline/ --process-date 2022-11-09
[2022-11-11T00:03:20.259-0300] {spark_submit.py:485} INFO - 22/11/11 00:03:20 WARN Utils: Your hostname, renato-Virtual-Machine resolves to a loopback address: 127.0.1.1; using 192.168.236.142 instead (on interface eth0)
[2022-11-11T00:03:20.263-0300] {spark_submit.py:485} INFO - 22/11/11 00:03:20 WARN Utils: Set SPARK_LOCAL_IP if you need to bind to another address
[2022-11-11T00:03:21.087-0300] {spark_submit.py:485} INFO - 22/11/11 00:03:21 INFO SparkContext: Running Spark version 3.3.1
[2022-11-11T00:03:21.140-0300] {spark_submit.py:485} INFO - 22/11/11 00:03:21 WARN NativeCodeLoader: Unable to load native-hadoop library for your platform... using builtin-java classes where applicable
[2022-11-11T00:03:21.222-0300] {spark_submit.py:485} INFO - 22/11/11 00:03:21 INFO ResourceUtils: ==============================================================
[2022-11-11T00:03:21.222-0300] {spark_submit.py:485} INFO - 22/11/11 00:03:21 INFO ResourceUtils: No custom resources configured for spark.driver.
[2022-11-11T00:03:21.222-0300] {spark_submit.py:485} INFO - 22/11/11 00:03:21 INFO ResourceUtils: ==============================================================
[2022-11-11T00:03:21.223-0300] {spark_submit.py:485} INFO - 22/11/11 00:03:21 INFO SparkContext: Submitted application: twitter_transformation
[2022-11-11T00:03:21.253-0300] {spark_submit.py:485} INFO - 22/11/11 00:03:21 INFO ResourceProfile: Default ResourceProfile created, executor resources: Map(cores -> name: cores, amount: 1, script: , vendor: , memory -> name: memory, amount: 1024, script: , vendor: , offHeap -> name: offHeap, amount: 0, script: , vendor: ), task resources: Map(cpus -> name: cpus, amount: 1.0)
[2022-11-11T00:03:21.269-0300] {spark_submit.py:485} INFO - 22/11/11 00:03:21 INFO ResourceProfile: Limiting resource is cpu
[2022-11-11T00:03:21.270-0300] {spark_submit.py:485} INFO - 22/11/11 00:03:21 INFO ResourceProfileManager: Added ResourceProfile id: 0
[2022-11-11T00:03:21.343-0300] {spark_submit.py:485} INFO - 22/11/11 00:03:21 INFO SecurityManager: Changing view acls to: renato
[2022-11-11T00:03:21.343-0300] {spark_submit.py:485} INFO - 22/11/11 00:03:21 INFO SecurityManager: Changing modify acls to: renato
[2022-11-11T00:03:21.344-0300] {spark_submit.py:485} INFO - 22/11/11 00:03:21 INFO SecurityManager: Changing view acls groups to:
[2022-11-11T00:03:21.344-0300] {spark_submit.py:485} INFO - 22/11/11 00:03:21 INFO SecurityManager: Changing modify acls groups to:
[2022-11-11T00:03:21.345-0300] {spark_submit.py:485} INFO - 22/11/11 00:03:21 INFO SecurityManager: SecurityManager: authentication disabled; ui acls disabled; users  with view permissions: Set(renato); groups with view permissions: Set(); users  with modify permissions: Set(renato); groups with modify permissions: Set()
[2022-11-11T00:03:21.607-0300] {spark_submit.py:485} INFO - 22/11/11 00:03:21 INFO Utils: Successfully started service 'sparkDriver' on port 37249.
[2022-11-11T00:03:21.634-0300] {spark_submit.py:485} INFO - 22/11/11 00:03:21 INFO SparkEnv: Registering MapOutputTracker
[2022-11-11T00:03:21.669-0300] {spark_submit.py:485} INFO - 22/11/11 00:03:21 INFO SparkEnv: Registering BlockManagerMaster
[2022-11-11T00:03:21.689-0300] {spark_submit.py:485} INFO - 22/11/11 00:03:21 INFO BlockManagerMasterEndpoint: Using org.apache.spark.storage.DefaultTopologyMapper for getting topology information
[2022-11-11T00:03:21.690-0300] {spark_submit.py:485} INFO - 22/11/11 00:03:21 INFO BlockManagerMasterEndpoint: BlockManagerMasterEndpoint up
[2022-11-11T00:03:21.699-0300] {spark_submit.py:485} INFO - 22/11/11 00:03:21 INFO SparkEnv: Registering BlockManagerMasterHeartbeat
[2022-11-11T00:03:21.724-0300] {spark_submit.py:485} INFO - 22/11/11 00:03:21 INFO DiskBlockManager: Created local directory at /tmp/blockmgr-c16f4413-7576-4885-af92-978519144eaf
[2022-11-11T00:03:21.777-0300] {spark_submit.py:485} INFO - 22/11/11 00:03:21 INFO MemoryStore: MemoryStore started with capacity 366.3 MiB
[2022-11-11T00:03:21.793-0300] {spark_submit.py:485} INFO - 22/11/11 00:03:21 INFO SparkEnv: Registering OutputCommitCoordinator
[2022-11-11T00:03:22.024-0300] {spark_submit.py:485} INFO - 22/11/11 00:03:22 INFO Utils: Successfully started service 'SparkUI' on port 4040.
[2022-11-11T00:03:22.159-0300] {spark_submit.py:485} INFO - 22/11/11 00:03:22 INFO Executor: Starting executor ID driver on host renato-Virtual-Machine.mshome.net
[2022-11-11T00:03:22.168-0300] {spark_submit.py:485} INFO - 22/11/11 00:03:22 INFO Executor: Starting executor with user classpath (userClassPathFirst = false): ''
[2022-11-11T00:03:22.197-0300] {spark_submit.py:485} INFO - 22/11/11 00:03:22 INFO Utils: Successfully started service 'org.apache.spark.network.netty.NettyBlockTransferService' on port 37435.
[2022-11-11T00:03:22.197-0300] {spark_submit.py:485} INFO - 22/11/11 00:03:22 INFO NettyBlockTransferService: Server created on renato-Virtual-Machine.mshome.net:37435
[2022-11-11T00:03:22.198-0300] {spark_submit.py:485} INFO - 22/11/11 00:03:22 INFO BlockManager: Using org.apache.spark.storage.RandomBlockReplicationPolicy for block replication policy
[2022-11-11T00:03:22.201-0300] {spark_submit.py:485} INFO - 22/11/11 00:03:22 INFO BlockManagerMaster: Registering BlockManager BlockManagerId(driver, renato-Virtual-Machine.mshome.net, 37435, None)
[2022-11-11T00:03:22.205-0300] {spark_submit.py:485} INFO - 22/11/11 00:03:22 INFO BlockManagerMasterEndpoint: Registering block manager renato-Virtual-Machine.mshome.net:37435 with 366.3 MiB RAM, BlockManagerId(driver, renato-Virtual-Machine.mshome.net, 37435, None)
[2022-11-11T00:03:22.208-0300] {spark_submit.py:485} INFO - 22/11/11 00:03:22 INFO BlockManagerMaster: Registered BlockManager BlockManagerId(driver, renato-Virtual-Machine.mshome.net, 37435, None)
[2022-11-11T00:03:22.210-0300] {spark_submit.py:485} INFO - 22/11/11 00:03:22 INFO BlockManager: Initialized BlockManager: BlockManagerId(driver, renato-Virtual-Machine.mshome.net, 37435, None)
[2022-11-11T00:03:22.704-0300] {spark_submit.py:485} INFO - 22/11/11 00:03:22 INFO SharedState: Setting hive.metastore.warehouse.dir ('null') to the value of spark.sql.warehouse.dir.
[2022-11-11T00:03:22.711-0300] {spark_submit.py:485} INFO - 22/11/11 00:03:22 INFO SharedState: Warehouse path is 'file:/home/renato/Documentos/datapipeline/spark-warehouse'.
[2022-11-11T00:03:23.609-0300] {spark_submit.py:485} INFO - 22/11/11 00:03:23 INFO InMemoryFileIndex: It took 31 ms to list leaf files for 1 paths.
[2022-11-11T00:03:23.671-0300] {spark_submit.py:485} INFO - 22/11/11 00:03:23 INFO InMemoryFileIndex: It took 1 ms to list leaf files for 1 paths.
[2022-11-11T00:03:25.661-0300] {spark_submit.py:485} INFO - 22/11/11 00:03:25 INFO FileSourceStrategy: Pushed Filters:
[2022-11-11T00:03:25.662-0300] {spark_submit.py:485} INFO - 22/11/11 00:03:25 INFO FileSourceStrategy: Post-Scan Filters:
[2022-11-11T00:03:25.666-0300] {spark_submit.py:485} INFO - 22/11/11 00:03:25 INFO FileSourceStrategy: Output Data Schema: struct<value: string>
[2022-11-11T00:03:25.994-0300] {spark_submit.py:485} INFO - 22/11/11 00:03:25 INFO MemoryStore: Block broadcast_0 stored as values in memory (estimated size 349.6 KiB, free 366.0 MiB)
[2022-11-11T00:03:26.055-0300] {spark_submit.py:485} INFO - 22/11/11 00:03:26 INFO MemoryStore: Block broadcast_0_piece0 stored as bytes in memory (estimated size 33.9 KiB, free 365.9 MiB)
[2022-11-11T00:03:26.058-0300] {spark_submit.py:485} INFO - 22/11/11 00:03:26 INFO BlockManagerInfo: Added broadcast_0_piece0 in memory on renato-Virtual-Machine.mshome.net:37435 (size: 33.9 KiB, free: 366.3 MiB)
[2022-11-11T00:03:26.063-0300] {spark_submit.py:485} INFO - 22/11/11 00:03:26 INFO SparkContext: Created broadcast 0 from json at NativeMethodAccessorImpl.java:0
[2022-11-11T00:03:26.072-0300] {spark_submit.py:485} INFO - 22/11/11 00:03:26 INFO FileSourceScanExec: Planning scan with bin packing, max size: 4200488 bytes, open cost is considered as scanning 4194304 bytes.
[2022-11-11T00:03:26.352-0300] {spark_submit.py:485} INFO - 22/11/11 00:03:26 INFO SparkContext: Starting job: json at NativeMethodAccessorImpl.java:0
[2022-11-11T00:03:26.369-0300] {spark_submit.py:485} INFO - 22/11/11 00:03:26 INFO DAGScheduler: Got job 0 (json at NativeMethodAccessorImpl.java:0) with 1 output partitions
[2022-11-11T00:03:26.369-0300] {spark_submit.py:485} INFO - 22/11/11 00:03:26 INFO DAGScheduler: Final stage: ResultStage 0 (json at NativeMethodAccessorImpl.java:0)
[2022-11-11T00:03:26.369-0300] {spark_submit.py:485} INFO - 22/11/11 00:03:26 INFO DAGScheduler: Parents of final stage: List()
[2022-11-11T00:03:26.371-0300] {spark_submit.py:485} INFO - 22/11/11 00:03:26 INFO DAGScheduler: Missing parents: List()
[2022-11-11T00:03:26.392-0300] {spark_submit.py:485} INFO - 22/11/11 00:03:26 INFO DAGScheduler: Submitting ResultStage 0 (MapPartitionsRDD[3] at json at NativeMethodAccessorImpl.java:0), which has no missing parents
[2022-11-11T00:03:26.481-0300] {spark_submit.py:485} INFO - 22/11/11 00:03:26 INFO MemoryStore: Block broadcast_1 stored as values in memory (estimated size 14.5 KiB, free 365.9 MiB)
[2022-11-11T00:03:26.484-0300] {spark_submit.py:485} INFO - 22/11/11 00:03:26 INFO MemoryStore: Block broadcast_1_piece0 stored as bytes in memory (estimated size 7.0 KiB, free 365.9 MiB)
[2022-11-11T00:03:26.485-0300] {spark_submit.py:485} INFO - 22/11/11 00:03:26 INFO BlockManagerInfo: Added broadcast_1_piece0 in memory on renato-Virtual-Machine.mshome.net:37435 (size: 7.0 KiB, free: 366.3 MiB)
[2022-11-11T00:03:26.486-0300] {spark_submit.py:485} INFO - 22/11/11 00:03:26 INFO SparkContext: Created broadcast 1 from broadcast at DAGScheduler.scala:1513
[2022-11-11T00:03:26.497-0300] {spark_submit.py:485} INFO - 22/11/11 00:03:26 INFO DAGScheduler: Submitting 1 missing tasks from ResultStage 0 (MapPartitionsRDD[3] at json at NativeMethodAccessorImpl.java:0) (first 15 tasks are for partitions Vector(0))
[2022-11-11T00:03:26.499-0300] {spark_submit.py:485} INFO - 22/11/11 00:03:26 INFO TaskSchedulerImpl: Adding task set 0.0 with 1 tasks resource profile 0
[2022-11-11T00:03:26.551-0300] {spark_submit.py:485} INFO - 22/11/11 00:03:26 INFO TaskSetManager: Starting task 0.0 in stage 0.0 (TID 0) (renato-Virtual-Machine.mshome.net, executor driver, partition 0, PROCESS_LOCAL, 5000 bytes) taskResourceAssignments Map()
[2022-11-11T00:03:26.574-0300] {spark_submit.py:485} INFO - 22/11/11 00:03:26 INFO Executor: Running task 0.0 in stage 0.0 (TID 0)
[2022-11-11T00:03:26.842-0300] {spark_submit.py:485} INFO - 22/11/11 00:03:26 INFO FileScanRDD: Reading File path: file:///home/renato/Documentos/datapipeline/datalake/bronze/twitter_aluraonline/extract_date=2022-11-09/AluraOnline_20221109.json, range: 0-6184, partition values: [empty row]
[2022-11-11T00:03:27.092-0300] {spark_submit.py:485} INFO - 22/11/11 00:03:27 INFO CodeGenerator: Code generated in 214.291041 ms
[2022-11-11T00:03:27.178-0300] {spark_submit.py:485} INFO - 22/11/11 00:03:27 INFO Executor: Finished task 0.0 in stage 0.0 (TID 0). 2872 bytes result sent to driver
[2022-11-11T00:03:27.210-0300] {spark_submit.py:485} INFO - 22/11/11 00:03:27 INFO TaskSetManager: Finished task 0.0 in stage 0.0 (TID 0) in 674 ms on renato-Virtual-Machine.mshome.net (executor driver) (1/1)
[2022-11-11T00:03:27.221-0300] {spark_submit.py:485} INFO - 22/11/11 00:03:27 INFO TaskSchedulerImpl: Removed TaskSet 0.0, whose tasks have all completed, from pool
[2022-11-11T00:03:27.234-0300] {spark_submit.py:485} INFO - 22/11/11 00:03:27 INFO DAGScheduler: ResultStage 0 (json at NativeMethodAccessorImpl.java:0) finished in 0,813 s
[2022-11-11T00:03:27.246-0300] {spark_submit.py:485} INFO - 22/11/11 00:03:27 INFO DAGScheduler: Job 0 is finished. Cancelling potential speculative or zombie tasks for this job
[2022-11-11T00:03:27.247-0300] {spark_submit.py:485} INFO - 22/11/11 00:03:27 INFO TaskSchedulerImpl: Killing all running tasks in stage 0: Stage finished
[2022-11-11T00:03:27.252-0300] {spark_submit.py:485} INFO - 22/11/11 00:03:27 INFO DAGScheduler: Job 0 finished: json at NativeMethodAccessorImpl.java:0, took 0,899669 s
[2022-11-11T00:03:27.455-0300] {spark_submit.py:485} INFO - 22/11/11 00:03:27 INFO BlockManagerInfo: Removed broadcast_1_piece0 on renato-Virtual-Machine.mshome.net:37435 in memory (size: 7.0 KiB, free: 366.3 MiB)
[2022-11-11T00:03:27.804-0300] {spark_submit.py:485} INFO - 22/11/11 00:03:27 INFO FileSourceStrategy: Pushed Filters: IsNotNull(data)
[2022-11-11T00:03:27.805-0300] {spark_submit.py:485} INFO - 22/11/11 00:03:27 INFO FileSourceStrategy: Post-Scan Filters: (size(data#8, true) > 0),isnotnull(data#8)
[2022-11-11T00:03:27.806-0300] {spark_submit.py:485} INFO - 22/11/11 00:03:27 INFO FileSourceStrategy: Output Data Schema: struct<data: array<struct<author_id:string,conversation_id:string,created_at:string,edit_history_tweet_ids:array<string>,id:string,in_reply_to_user_id:string,public_metrics:struct<like_count:bigint,quote_count:bigint,reply_count:bigint,retweet_count:bigint>,text:string>>>
[2022-11-11T00:03:27.886-0300] {spark_submit.py:485} INFO - 22/11/11 00:03:27 INFO FileOutputCommitter: File Output Committer Algorithm version is 1
[2022-11-11T00:03:27.886-0300] {spark_submit.py:485} INFO - 22/11/11 00:03:27 INFO FileOutputCommitter: FileOutputCommitter skip cleanup _temporary folders under output directory:false, ignore cleanup failures: false
[2022-11-11T00:03:27.887-0300] {spark_submit.py:485} INFO - 22/11/11 00:03:27 INFO SQLHadoopMapReduceCommitProtocol: Using output committer class org.apache.hadoop.mapreduce.lib.output.FileOutputCommitter
[2022-11-11T00:03:28.074-0300] {spark_submit.py:485} INFO - 22/11/11 00:03:28 INFO CodeGenerator: Code generated in 91.164062 ms
[2022-11-11T00:03:28.079-0300] {spark_submit.py:485} INFO - 22/11/11 00:03:28 INFO MemoryStore: Block broadcast_2 stored as values in memory (estimated size 349.5 KiB, free 365.6 MiB)
[2022-11-11T00:03:28.089-0300] {spark_submit.py:485} INFO - 22/11/11 00:03:28 INFO MemoryStore: Block broadcast_2_piece0 stored as bytes in memory (estimated size 33.9 KiB, free 365.6 MiB)
[2022-11-11T00:03:28.091-0300] {spark_submit.py:485} INFO - 22/11/11 00:03:28 INFO BlockManagerInfo: Added broadcast_2_piece0 in memory on renato-Virtual-Machine.mshome.net:37435 (size: 33.9 KiB, free: 366.2 MiB)
[2022-11-11T00:03:28.092-0300] {spark_submit.py:485} INFO - 22/11/11 00:03:28 INFO SparkContext: Created broadcast 2 from json at NativeMethodAccessorImpl.java:0
[2022-11-11T00:03:28.095-0300] {spark_submit.py:485} INFO - 22/11/11 00:03:28 INFO FileSourceScanExec: Planning scan with bin packing, max size: 4200488 bytes, open cost is considered as scanning 4194304 bytes.
[2022-11-11T00:03:28.150-0300] {spark_submit.py:485} INFO - 22/11/11 00:03:28 INFO SparkContext: Starting job: json at NativeMethodAccessorImpl.java:0
[2022-11-11T00:03:28.152-0300] {spark_submit.py:485} INFO - 22/11/11 00:03:28 INFO DAGScheduler: Got job 1 (json at NativeMethodAccessorImpl.java:0) with 1 output partitions
[2022-11-11T00:03:28.152-0300] {spark_submit.py:485} INFO - 22/11/11 00:03:28 INFO DAGScheduler: Final stage: ResultStage 1 (json at NativeMethodAccessorImpl.java:0)
[2022-11-11T00:03:28.153-0300] {spark_submit.py:485} INFO - 22/11/11 00:03:28 INFO DAGScheduler: Parents of final stage: List()
[2022-11-11T00:03:28.153-0300] {spark_submit.py:485} INFO - 22/11/11 00:03:28 INFO DAGScheduler: Missing parents: List()
[2022-11-11T00:03:28.156-0300] {spark_submit.py:485} INFO - 22/11/11 00:03:28 INFO DAGScheduler: Submitting ResultStage 1 (CoalescedRDD[7] at json at NativeMethodAccessorImpl.java:0), which has no missing parents
[2022-11-11T00:03:28.188-0300] {spark_submit.py:485} INFO - 22/11/11 00:03:28 INFO MemoryStore: Block broadcast_3 stored as values in memory (estimated size 234.4 KiB, free 365.3 MiB)
[2022-11-11T00:03:28.191-0300] {spark_submit.py:485} INFO - 22/11/11 00:03:28 INFO MemoryStore: Block broadcast_3_piece0 stored as bytes in memory (estimated size 81.6 KiB, free 365.2 MiB)
[2022-11-11T00:03:28.192-0300] {spark_submit.py:485} INFO - 22/11/11 00:03:28 INFO BlockManagerInfo: Added broadcast_3_piece0 in memory on renato-Virtual-Machine.mshome.net:37435 (size: 81.6 KiB, free: 366.2 MiB)
[2022-11-11T00:03:28.194-0300] {spark_submit.py:485} INFO - 22/11/11 00:03:28 INFO SparkContext: Created broadcast 3 from broadcast at DAGScheduler.scala:1513
[2022-11-11T00:03:28.195-0300] {spark_submit.py:485} INFO - 22/11/11 00:03:28 INFO DAGScheduler: Submitting 1 missing tasks from ResultStage 1 (CoalescedRDD[7] at json at NativeMethodAccessorImpl.java:0) (first 15 tasks are for partitions Vector(0))
[2022-11-11T00:03:28.195-0300] {spark_submit.py:485} INFO - 22/11/11 00:03:28 INFO TaskSchedulerImpl: Adding task set 1.0 with 1 tasks resource profile 0
[2022-11-11T00:03:28.199-0300] {spark_submit.py:485} INFO - 22/11/11 00:03:28 INFO TaskSetManager: Starting task 0.0 in stage 1.0 (TID 1) (renato-Virtual-Machine.mshome.net, executor driver, partition 0, PROCESS_LOCAL, 5229 bytes) taskResourceAssignments Map()
[2022-11-11T00:03:28.206-0300] {spark_submit.py:485} INFO - 22/11/11 00:03:28 INFO Executor: Running task 0.0 in stage 1.0 (TID 1)
[2022-11-11T00:03:28.257-0300] {spark_submit.py:485} INFO - 22/11/11 00:03:28 INFO FileOutputCommitter: File Output Committer Algorithm version is 1
[2022-11-11T00:03:28.258-0300] {spark_submit.py:485} INFO - 22/11/11 00:03:28 INFO FileOutputCommitter: FileOutputCommitter skip cleanup _temporary folders under output directory:false, ignore cleanup failures: false
[2022-11-11T00:03:28.260-0300] {spark_submit.py:485} INFO - 22/11/11 00:03:28 INFO SQLHadoopMapReduceCommitProtocol: Using output committer class org.apache.hadoop.mapreduce.lib.output.FileOutputCommitter
[2022-11-11T00:03:28.315-0300] {spark_submit.py:485} INFO - 22/11/11 00:03:28 INFO FileScanRDD: Reading File path: file:///home/renato/Documentos/datapipeline/datalake/bronze/twitter_aluraonline/extract_date=2022-11-09/AluraOnline_20221109.json, range: 0-6184, partition values: [empty row]
[2022-11-11T00:03:28.363-0300] {spark_submit.py:485} INFO - 22/11/11 00:03:28 INFO CodeGenerator: Code generated in 42.501897 ms
[2022-11-11T00:03:28.386-0300] {spark_submit.py:485} INFO - 22/11/11 00:03:28 INFO CodeGenerator: Code generated in 5.280087 ms
[2022-11-11T00:03:28.420-0300] {spark_submit.py:485} INFO - 22/11/11 00:03:28 INFO FileOutputCommitter: Saved output of task 'attempt_20221111000328380705822558288187_0001_m_000000_1' to file:/home/renato/Documentos/datapipeline/datalake/silver/twitter_aluraonline/tweet/process_date=2022-11-09/_temporary/0/task_20221111000328380705822558288187_0001_m_000000
[2022-11-11T00:03:28.423-0300] {spark_submit.py:485} INFO - 22/11/11 00:03:28 INFO SparkHadoopMapRedUtil: attempt_20221111000328380705822558288187_0001_m_000000_1: Committed. Elapsed time: 3 ms.
[2022-11-11T00:03:28.430-0300] {spark_submit.py:485} INFO - 22/11/11 00:03:28 INFO Executor: Finished task 0.0 in stage 1.0 (TID 1). 2678 bytes result sent to driver
[2022-11-11T00:03:28.438-0300] {spark_submit.py:485} INFO - 22/11/11 00:03:28 INFO TaskSetManager: Finished task 0.0 in stage 1.0 (TID 1) in 242 ms on renato-Virtual-Machine.mshome.net (executor driver) (1/1)
[2022-11-11T00:03:28.441-0300] {spark_submit.py:485} INFO - 22/11/11 00:03:28 INFO DAGScheduler: ResultStage 1 (json at NativeMethodAccessorImpl.java:0) finished in 0,285 s
[2022-11-11T00:03:28.441-0300] {spark_submit.py:485} INFO - 22/11/11 00:03:28 INFO DAGScheduler: Job 1 is finished. Cancelling potential speculative or zombie tasks for this job
[2022-11-11T00:03:28.443-0300] {spark_submit.py:485} INFO - 22/11/11 00:03:28 INFO TaskSchedulerImpl: Removed TaskSet 1.0, whose tasks have all completed, from pool
[2022-11-11T00:03:28.445-0300] {spark_submit.py:485} INFO - 22/11/11 00:03:28 INFO TaskSchedulerImpl: Killing all running tasks in stage 1: Stage finished
[2022-11-11T00:03:28.445-0300] {spark_submit.py:485} INFO - 22/11/11 00:03:28 INFO DAGScheduler: Job 1 finished: json at NativeMethodAccessorImpl.java:0, took 0,293053 s
[2022-11-11T00:03:28.446-0300] {spark_submit.py:485} INFO - 22/11/11 00:03:28 INFO FileFormatWriter: Start to commit write Job 95757775-415c-44cf-b1d3-1ee433bf41b6.
[2022-11-11T00:03:28.469-0300] {spark_submit.py:485} INFO - 22/11/11 00:03:28 INFO FileFormatWriter: Write Job 95757775-415c-44cf-b1d3-1ee433bf41b6 committed. Elapsed time: 23 ms.
[2022-11-11T00:03:28.473-0300] {spark_submit.py:485} INFO - 22/11/11 00:03:28 INFO FileFormatWriter: Finished processing stats for write job 95757775-415c-44cf-b1d3-1ee433bf41b6.
[2022-11-11T00:03:28.511-0300] {spark_submit.py:485} INFO - 22/11/11 00:03:28 INFO FileSourceStrategy: Pushed Filters:
[2022-11-11T00:03:28.511-0300] {spark_submit.py:485} INFO - 22/11/11 00:03:28 INFO FileSourceStrategy: Post-Scan Filters:
[2022-11-11T00:03:28.512-0300] {spark_submit.py:485} INFO - 22/11/11 00:03:28 INFO FileSourceStrategy: Output Data Schema: struct<includes: struct<users: array<struct<created_at:string,id:string,name:string,username:string>>>>
[2022-11-11T00:03:28.524-0300] {spark_submit.py:485} INFO - 22/11/11 00:03:28 INFO FileOutputCommitter: File Output Committer Algorithm version is 1
[2022-11-11T00:03:28.524-0300] {spark_submit.py:485} INFO - 22/11/11 00:03:28 INFO FileOutputCommitter: FileOutputCommitter skip cleanup _temporary folders under output directory:false, ignore cleanup failures: false
[2022-11-11T00:03:28.525-0300] {spark_submit.py:485} INFO - 22/11/11 00:03:28 INFO SQLHadoopMapReduceCommitProtocol: Using output committer class org.apache.hadoop.mapreduce.lib.output.FileOutputCommitter
[2022-11-11T00:03:28.559-0300] {spark_submit.py:485} INFO - 22/11/11 00:03:28 INFO CodeGenerator: Code generated in 12.004744 ms
[2022-11-11T00:03:28.564-0300] {spark_submit.py:485} INFO - 22/11/11 00:03:28 INFO MemoryStore: Block broadcast_4 stored as values in memory (estimated size 349.5 KiB, free 364.9 MiB)
[2022-11-11T00:03:28.578-0300] {spark_submit.py:485} INFO - 22/11/11 00:03:28 INFO MemoryStore: Block broadcast_4_piece0 stored as bytes in memory (estimated size 33.9 KiB, free 364.9 MiB)
[2022-11-11T00:03:28.579-0300] {spark_submit.py:485} INFO - 22/11/11 00:03:28 INFO BlockManagerInfo: Added broadcast_4_piece0 in memory on renato-Virtual-Machine.mshome.net:37435 (size: 33.9 KiB, free: 366.1 MiB)
[2022-11-11T00:03:28.581-0300] {spark_submit.py:485} INFO - 22/11/11 00:03:28 INFO SparkContext: Created broadcast 4 from json at NativeMethodAccessorImpl.java:0
[2022-11-11T00:03:28.582-0300] {spark_submit.py:485} INFO - 22/11/11 00:03:28 INFO FileSourceScanExec: Planning scan with bin packing, max size: 4200488 bytes, open cost is considered as scanning 4194304 bytes.
[2022-11-11T00:03:28.603-0300] {spark_submit.py:485} INFO - 22/11/11 00:03:28 INFO SparkContext: Starting job: json at NativeMethodAccessorImpl.java:0
[2022-11-11T00:03:28.605-0300] {spark_submit.py:485} INFO - 22/11/11 00:03:28 INFO DAGScheduler: Got job 2 (json at NativeMethodAccessorImpl.java:0) with 1 output partitions
[2022-11-11T00:03:28.605-0300] {spark_submit.py:485} INFO - 22/11/11 00:03:28 INFO DAGScheduler: Final stage: ResultStage 2 (json at NativeMethodAccessorImpl.java:0)
[2022-11-11T00:03:28.606-0300] {spark_submit.py:485} INFO - 22/11/11 00:03:28 INFO DAGScheduler: Parents of final stage: List()
[2022-11-11T00:03:28.606-0300] {spark_submit.py:485} INFO - 22/11/11 00:03:28 INFO DAGScheduler: Missing parents: List()
[2022-11-11T00:03:28.608-0300] {spark_submit.py:485} INFO - 22/11/11 00:03:28 INFO DAGScheduler: Submitting ResultStage 2 (CoalescedRDD[11] at json at NativeMethodAccessorImpl.java:0), which has no missing parents
[2022-11-11T00:03:28.627-0300] {spark_submit.py:485} INFO - 22/11/11 00:03:28 INFO MemoryStore: Block broadcast_5 stored as values in memory (estimated size 214.7 KiB, free 364.7 MiB)
[2022-11-11T00:03:28.629-0300] {spark_submit.py:485} INFO - 22/11/11 00:03:28 INFO MemoryStore: Block broadcast_5_piece0 stored as bytes in memory (estimated size 76.3 KiB, free 364.6 MiB)
[2022-11-11T00:03:28.631-0300] {spark_submit.py:485} INFO - 22/11/11 00:03:28 INFO BlockManagerInfo: Added broadcast_5_piece0 in memory on renato-Virtual-Machine.mshome.net:37435 (size: 76.3 KiB, free: 366.0 MiB)
[2022-11-11T00:03:28.631-0300] {spark_submit.py:485} INFO - 22/11/11 00:03:28 INFO SparkContext: Created broadcast 5 from broadcast at DAGScheduler.scala:1513
[2022-11-11T00:03:28.632-0300] {spark_submit.py:485} INFO - 22/11/11 00:03:28 INFO DAGScheduler: Submitting 1 missing tasks from ResultStage 2 (CoalescedRDD[11] at json at NativeMethodAccessorImpl.java:0) (first 15 tasks are for partitions Vector(0))
[2022-11-11T00:03:28.633-0300] {spark_submit.py:485} INFO - 22/11/11 00:03:28 INFO TaskSchedulerImpl: Adding task set 2.0 with 1 tasks resource profile 0
[2022-11-11T00:03:28.634-0300] {spark_submit.py:485} INFO - 22/11/11 00:03:28 INFO TaskSetManager: Starting task 0.0 in stage 2.0 (TID 2) (renato-Virtual-Machine.mshome.net, executor driver, partition 0, PROCESS_LOCAL, 5229 bytes) taskResourceAssignments Map()
[2022-11-11T00:03:28.635-0300] {spark_submit.py:485} INFO - 22/11/11 00:03:28 INFO Executor: Running task 0.0 in stage 2.0 (TID 2)
[2022-11-11T00:03:28.648-0300] {spark_submit.py:485} INFO - 22/11/11 00:03:28 INFO FileOutputCommitter: File Output Committer Algorithm version is 1
[2022-11-11T00:03:28.648-0300] {spark_submit.py:485} INFO - 22/11/11 00:03:28 INFO FileOutputCommitter: FileOutputCommitter skip cleanup _temporary folders under output directory:false, ignore cleanup failures: false
[2022-11-11T00:03:28.649-0300] {spark_submit.py:485} INFO - 22/11/11 00:03:28 INFO SQLHadoopMapReduceCommitProtocol: Using output committer class org.apache.hadoop.mapreduce.lib.output.FileOutputCommitter
[2022-11-11T00:03:28.682-0300] {spark_submit.py:485} INFO - 22/11/11 00:03:28 INFO FileScanRDD: Reading File path: file:///home/renato/Documentos/datapipeline/datalake/bronze/twitter_aluraonline/extract_date=2022-11-09/AluraOnline_20221109.json, range: 0-6184, partition values: [empty row]
[2022-11-11T00:03:28.696-0300] {spark_submit.py:485} INFO - 22/11/11 00:03:28 INFO CodeGenerator: Code generated in 11.77035 ms
[2022-11-11T00:03:28.704-0300] {spark_submit.py:485} INFO - 22/11/11 00:03:28 INFO FileOutputCommitter: Saved output of task 'attempt_202211110003285586102721395025876_0002_m_000000_2' to file:/home/renato/Documentos/datapipeline/datalake/silver/twitter_aluraonline/user/process_date=2022-11-09/_temporary/0/task_202211110003285586102721395025876_0002_m_000000
[2022-11-11T00:03:28.704-0300] {spark_submit.py:485} INFO - 22/11/11 00:03:28 INFO SparkHadoopMapRedUtil: attempt_202211110003285586102721395025876_0002_m_000000_2: Committed. Elapsed time: 1 ms.
[2022-11-11T00:03:28.705-0300] {spark_submit.py:485} INFO - 22/11/11 00:03:28 INFO Executor: Finished task 0.0 in stage 2.0 (TID 2). 2579 bytes result sent to driver
[2022-11-11T00:03:28.707-0300] {spark_submit.py:485} INFO - 22/11/11 00:03:28 INFO TaskSetManager: Finished task 0.0 in stage 2.0 (TID 2) in 73 ms on renato-Virtual-Machine.mshome.net (executor driver) (1/1)
[2022-11-11T00:03:28.708-0300] {spark_submit.py:485} INFO - 22/11/11 00:03:28 INFO TaskSchedulerImpl: Removed TaskSet 2.0, whose tasks have all completed, from pool
[2022-11-11T00:03:28.709-0300] {spark_submit.py:485} INFO - 22/11/11 00:03:28 INFO DAGScheduler: ResultStage 2 (json at NativeMethodAccessorImpl.java:0) finished in 0,100 s
[2022-11-11T00:03:28.709-0300] {spark_submit.py:485} INFO - 22/11/11 00:03:28 INFO DAGScheduler: Job 2 is finished. Cancelling potential speculative or zombie tasks for this job
[2022-11-11T00:03:28.710-0300] {spark_submit.py:485} INFO - 22/11/11 00:03:28 INFO TaskSchedulerImpl: Killing all running tasks in stage 2: Stage finished
[2022-11-11T00:03:28.710-0300] {spark_submit.py:485} INFO - 22/11/11 00:03:28 INFO DAGScheduler: Job 2 finished: json at NativeMethodAccessorImpl.java:0, took 0,105240 s
[2022-11-11T00:03:28.710-0300] {spark_submit.py:485} INFO - 22/11/11 00:03:28 INFO FileFormatWriter: Start to commit write Job b2752d77-db09-4bfc-a8c6-8c8be32e0f48.
[2022-11-11T00:03:28.733-0300] {spark_submit.py:485} INFO - 22/11/11 00:03:28 INFO FileFormatWriter: Write Job b2752d77-db09-4bfc-a8c6-8c8be32e0f48 committed. Elapsed time: 22 ms.
[2022-11-11T00:03:28.737-0300] {spark_submit.py:485} INFO - 22/11/11 00:03:28 INFO FileFormatWriter: Finished processing stats for write job b2752d77-db09-4bfc-a8c6-8c8be32e0f48.
[2022-11-11T00:03:28.778-0300] {spark_submit.py:485} INFO - 22/11/11 00:03:28 INFO SparkContext: Invoking stop() from shutdown hook
[2022-11-11T00:03:28.795-0300] {spark_submit.py:485} INFO - 22/11/11 00:03:28 INFO SparkUI: Stopped Spark web UI at http://renato-Virtual-Machine.mshome.net:4040
[2022-11-11T00:03:28.814-0300] {spark_submit.py:485} INFO - 22/11/11 00:03:28 INFO MapOutputTrackerMasterEndpoint: MapOutputTrackerMasterEndpoint stopped!
[2022-11-11T00:03:28.824-0300] {spark_submit.py:485} INFO - 22/11/11 00:03:28 INFO MemoryStore: MemoryStore cleared
[2022-11-11T00:03:28.824-0300] {spark_submit.py:485} INFO - 22/11/11 00:03:28 INFO BlockManager: BlockManager stopped
[2022-11-11T00:03:28.829-0300] {spark_submit.py:485} INFO - 22/11/11 00:03:28 INFO BlockManagerMaster: BlockManagerMaster stopped
[2022-11-11T00:03:28.834-0300] {spark_submit.py:485} INFO - 22/11/11 00:03:28 INFO OutputCommitCoordinator$OutputCommitCoordinatorEndpoint: OutputCommitCoordinator stopped!
[2022-11-11T00:03:28.841-0300] {spark_submit.py:485} INFO - 22/11/11 00:03:28 INFO SparkContext: Successfully stopped SparkContext
[2022-11-11T00:03:28.841-0300] {spark_submit.py:485} INFO - 22/11/11 00:03:28 INFO ShutdownHookManager: Shutdown hook called
[2022-11-11T00:03:28.841-0300] {spark_submit.py:485} INFO - 22/11/11 00:03:28 INFO ShutdownHookManager: Deleting directory /tmp/spark-0f659a70-ae59-420b-8d74-0b941aa4b3e6
[2022-11-11T00:03:28.844-0300] {spark_submit.py:485} INFO - 22/11/11 00:03:28 INFO ShutdownHookManager: Deleting directory /tmp/spark-0f659a70-ae59-420b-8d74-0b941aa4b3e6/pyspark-ecb81bf4-419b-4a67-adcb-68af1a0d1bfc
[2022-11-11T00:03:28.845-0300] {spark_submit.py:485} INFO - 22/11/11 00:03:28 INFO ShutdownHookManager: Deleting directory /tmp/spark-fa6542b8-101b-4259-9835-d82b5f5119b5
[2022-11-11T00:03:28.899-0300] {taskinstance.py:1401} INFO - Marking task as SUCCESS. dag_id=twitter_dag, task_id=transform_twitter_aluraonline, execution_date=20221109T090000, start_date=20221111T030318, end_date=20221111T030328
[2022-11-11T00:03:28.958-0300] {local_task_job.py:164} INFO - Task exited with return code 0
[2022-11-11T00:03:28.965-0300] {local_task_job.py:273} INFO - 0 downstream tasks scheduled from follow-on schedule check
