[2022-11-11T00:02:59.443-0300] {taskinstance.py:1165} INFO - Dependencies all met for <TaskInstance: twitter_dag.transform_twitter_aluraonline scheduled__2022-11-08T09:00:00+00:00 [queued]>
[2022-11-11T00:02:59.450-0300] {taskinstance.py:1165} INFO - Dependencies all met for <TaskInstance: twitter_dag.transform_twitter_aluraonline scheduled__2022-11-08T09:00:00+00:00 [queued]>
[2022-11-11T00:02:59.450-0300] {taskinstance.py:1362} INFO - 
--------------------------------------------------------------------------------
[2022-11-11T00:02:59.450-0300] {taskinstance.py:1363} INFO - Starting attempt 1 of 1
[2022-11-11T00:02:59.450-0300] {taskinstance.py:1364} INFO - 
--------------------------------------------------------------------------------
[2022-11-11T00:02:59.469-0300] {taskinstance.py:1383} INFO - Executing <Task(SparkSubmitOperator): transform_twitter_aluraonline> on 2022-11-08 09:00:00+00:00
[2022-11-11T00:02:59.471-0300] {standard_task_runner.py:54} INFO - Started process 77089 to run task
[2022-11-11T00:02:59.474-0300] {standard_task_runner.py:82} INFO - Running: ['airflow', 'tasks', 'run', 'twitter_dag', 'transform_twitter_aluraonline', 'scheduled__2022-11-08T09:00:00+00:00', '--job-id', '119', '--raw', '--subdir', 'DAGS_FOLDER/twitter_dag.py', '--cfg-path', '/tmp/tmpb5pd8qze']
[2022-11-11T00:02:59.475-0300] {standard_task_runner.py:83} INFO - Job 119: Subtask transform_twitter_aluraonline
[2022-11-11T00:02:59.476-0300] {dagbag.py:525} INFO - Filling up the DagBag from /home/renato/Documentos/datapipeline/airflow/dags/twitter_dag.py
[2022-11-11T00:02:59.529-0300] {tutorial_taskflow_api_virtualenv.py:29} WARNING - The tutorial_taskflow_api_virtualenv example DAG requires virtualenv, please install it.
[2022-11-11T00:02:59.538-0300] {taskmixin.py:205} WARNING - Dependency <Task(_PythonDecoratedOperator): print_the_context>, log_sql_query already registered for DAG: example_python_operator
[2022-11-11T00:02:59.538-0300] {taskmixin.py:205} WARNING - Dependency <Task(_PythonDecoratedOperator): log_sql_query>, print_the_context already registered for DAG: example_python_operator
[2022-11-11T00:02:59.538-0300] {taskmixin.py:205} WARNING - Dependency <Task(_PythonDecoratedOperator): print_the_context>, log_sql_query already registered for DAG: example_python_operator
[2022-11-11T00:02:59.538-0300] {taskmixin.py:205} WARNING - Dependency <Task(_PythonDecoratedOperator): log_sql_query>, print_the_context already registered for DAG: example_python_operator
[2022-11-11T00:02:59.539-0300] {taskmixin.py:205} WARNING - Dependency <Task(_PythonDecoratedOperator): print_the_context>, log_sql_query already registered for DAG: example_python_operator
[2022-11-11T00:02:59.539-0300] {taskmixin.py:205} WARNING - Dependency <Task(_PythonDecoratedOperator): log_sql_query>, print_the_context already registered for DAG: example_python_operator
[2022-11-11T00:02:59.540-0300] {taskmixin.py:205} WARNING - Dependency <Task(_PythonDecoratedOperator): print_the_context>, log_sql_query already registered for DAG: example_python_operator
[2022-11-11T00:02:59.540-0300] {taskmixin.py:205} WARNING - Dependency <Task(_PythonDecoratedOperator): log_sql_query>, print_the_context already registered for DAG: example_python_operator
[2022-11-11T00:02:59.540-0300] {example_python_operator.py:85} WARNING - The virtalenv_python example task requires virtualenv, please install it.
[2022-11-11T00:02:59.578-0300] {taskmixin.py:205} WARNING - Dependency <Task(_PythonDecoratedOperator): extract>, transform already registered for DAG: tutorial_taskflow_api
[2022-11-11T00:02:59.578-0300] {taskmixin.py:205} WARNING - Dependency <Task(_PythonDecoratedOperator): transform>, extract already registered for DAG: tutorial_taskflow_api
[2022-11-11T00:02:59.579-0300] {taskmixin.py:205} WARNING - Dependency <Task(_PythonDecoratedOperator): extract>, transform already registered for DAG: tutorial_taskflow_api
[2022-11-11T00:02:59.579-0300] {taskmixin.py:205} WARNING - Dependency <Task(_PythonDecoratedOperator): transform>, extract already registered for DAG: tutorial_taskflow_api
[2022-11-11T00:02:59.579-0300] {taskmixin.py:205} WARNING - Dependency <Task(_PythonDecoratedOperator): extract>, transform already registered for DAG: tutorial_taskflow_api
[2022-11-11T00:02:59.579-0300] {taskmixin.py:205} WARNING - Dependency <Task(_PythonDecoratedOperator): transform>, extract already registered for DAG: tutorial_taskflow_api
[2022-11-11T00:02:59.580-0300] {taskmixin.py:205} WARNING - Dependency <Task(_PythonDecoratedOperator): extract>, transform already registered for DAG: tutorial_taskflow_api
[2022-11-11T00:02:59.580-0300] {taskmixin.py:205} WARNING - Dependency <Task(_PythonDecoratedOperator): transform>, extract already registered for DAG: tutorial_taskflow_api
[2022-11-11T00:02:59.580-0300] {taskmixin.py:205} WARNING - Dependency <Task(_PythonDecoratedOperator): extract>, transform already registered for DAG: tutorial_taskflow_api
[2022-11-11T00:02:59.581-0300] {taskmixin.py:205} WARNING - Dependency <Task(_PythonDecoratedOperator): transform>, extract already registered for DAG: tutorial_taskflow_api
[2022-11-11T00:02:59.581-0300] {taskmixin.py:205} WARNING - Dependency <Task(_PythonDecoratedOperator): extract>, transform already registered for DAG: tutorial_taskflow_api
[2022-11-11T00:02:59.581-0300] {taskmixin.py:205} WARNING - Dependency <Task(_PythonDecoratedOperator): transform>, extract already registered for DAG: tutorial_taskflow_api
[2022-11-11T00:02:59.581-0300] {taskmixin.py:205} WARNING - Dependency <Task(_PythonDecoratedOperator): transform>, load already registered for DAG: tutorial_taskflow_api
[2022-11-11T00:02:59.582-0300] {taskmixin.py:205} WARNING - Dependency <Task(_PythonDecoratedOperator): load>, transform already registered for DAG: tutorial_taskflow_api
[2022-11-11T00:02:59.582-0300] {taskmixin.py:205} WARNING - Dependency <Task(_PythonDecoratedOperator): transform>, load already registered for DAG: tutorial_taskflow_api
[2022-11-11T00:02:59.582-0300] {taskmixin.py:205} WARNING - Dependency <Task(_PythonDecoratedOperator): load>, transform already registered for DAG: tutorial_taskflow_api
[2022-11-11T00:02:59.582-0300] {taskmixin.py:205} WARNING - Dependency <Task(_PythonDecoratedOperator): transform>, load already registered for DAG: tutorial_taskflow_api
[2022-11-11T00:02:59.582-0300] {taskmixin.py:205} WARNING - Dependency <Task(_PythonDecoratedOperator): load>, transform already registered for DAG: tutorial_taskflow_api
[2022-11-11T00:02:59.582-0300] {taskmixin.py:205} WARNING - Dependency <Task(_PythonDecoratedOperator): transform>, load already registered for DAG: tutorial_taskflow_api
[2022-11-11T00:02:59.582-0300] {taskmixin.py:205} WARNING - Dependency <Task(_PythonDecoratedOperator): load>, transform already registered for DAG: tutorial_taskflow_api
[2022-11-11T00:02:59.583-0300] {taskmixin.py:205} WARNING - Dependency <Task(_PythonDecoratedOperator): transform>, load already registered for DAG: tutorial_taskflow_api
[2022-11-11T00:02:59.583-0300] {taskmixin.py:205} WARNING - Dependency <Task(_PythonDecoratedOperator): load>, transform already registered for DAG: tutorial_taskflow_api
[2022-11-11T00:02:59.583-0300] {taskmixin.py:205} WARNING - Dependency <Task(_PythonDecoratedOperator): transform>, load already registered for DAG: tutorial_taskflow_api
[2022-11-11T00:02:59.583-0300] {taskmixin.py:205} WARNING - Dependency <Task(_PythonDecoratedOperator): load>, transform already registered for DAG: tutorial_taskflow_api
[2022-11-11T00:02:59.599-0300] {taskmixin.py:205} WARNING - Dependency <Task(_PythonDecoratedOperator): push_by_returning>, puller already registered for DAG: example_xcom
[2022-11-11T00:02:59.599-0300] {taskmixin.py:205} WARNING - Dependency <Task(_PythonDecoratedOperator): puller>, push_by_returning already registered for DAG: example_xcom
[2022-11-11T00:02:59.599-0300] {taskmixin.py:205} WARNING - Dependency <Task(_PythonDecoratedOperator): push_by_returning>, puller already registered for DAG: example_xcom
[2022-11-11T00:02:59.600-0300] {taskmixin.py:205} WARNING - Dependency <Task(_PythonDecoratedOperator): puller>, push_by_returning already registered for DAG: example_xcom
[2022-11-11T00:02:59.600-0300] {taskmixin.py:205} WARNING - Dependency <Task(_PythonDecoratedOperator): push_by_returning>, puller already registered for DAG: example_xcom
[2022-11-11T00:02:59.600-0300] {taskmixin.py:205} WARNING - Dependency <Task(_PythonDecoratedOperator): puller>, push_by_returning already registered for DAG: example_xcom
[2022-11-11T00:02:59.600-0300] {taskmixin.py:205} WARNING - Dependency <Task(_PythonDecoratedOperator): push_by_returning>, puller already registered for DAG: example_xcom
[2022-11-11T00:02:59.600-0300] {taskmixin.py:205} WARNING - Dependency <Task(_PythonDecoratedOperator): puller>, push_by_returning already registered for DAG: example_xcom
[2022-11-11T00:02:59.600-0300] {taskmixin.py:205} WARNING - Dependency <Task(_PythonDecoratedOperator): push_by_returning>, puller already registered for DAG: example_xcom
[2022-11-11T00:02:59.600-0300] {taskmixin.py:205} WARNING - Dependency <Task(_PythonDecoratedOperator): puller>, push_by_returning already registered for DAG: example_xcom
[2022-11-11T00:02:59.601-0300] {taskmixin.py:205} WARNING - Dependency <Task(_PythonDecoratedOperator): push_by_returning>, puller already registered for DAG: example_xcom
[2022-11-11T00:02:59.601-0300] {taskmixin.py:205} WARNING - Dependency <Task(_PythonDecoratedOperator): puller>, push_by_returning already registered for DAG: example_xcom
[2022-11-11T00:02:59.692-0300] {taskmixin.py:205} WARNING - Dependency <Task(GetRequestOperator): get_ip>, prepare_email already registered for DAG: example_dag_decorator
[2022-11-11T00:02:59.692-0300] {taskmixin.py:205} WARNING - Dependency <Task(_PythonDecoratedOperator): prepare_email>, get_ip already registered for DAG: example_dag_decorator
[2022-11-11T00:02:59.692-0300] {taskmixin.py:205} WARNING - Dependency <Task(GetRequestOperator): get_ip>, prepare_email already registered for DAG: example_dag_decorator
[2022-11-11T00:02:59.692-0300] {taskmixin.py:205} WARNING - Dependency <Task(_PythonDecoratedOperator): prepare_email>, get_ip already registered for DAG: example_dag_decorator
[2022-11-11T00:02:59.693-0300] {taskmixin.py:205} WARNING - Dependency <Task(GetRequestOperator): get_ip>, prepare_email already registered for DAG: example_dag_decorator
[2022-11-11T00:02:59.693-0300] {taskmixin.py:205} WARNING - Dependency <Task(_PythonDecoratedOperator): prepare_email>, get_ip already registered for DAG: example_dag_decorator
[2022-11-11T00:02:59.693-0300] {taskmixin.py:205} WARNING - Dependency <Task(GetRequestOperator): get_ip>, prepare_email already registered for DAG: example_dag_decorator
[2022-11-11T00:02:59.693-0300] {taskmixin.py:205} WARNING - Dependency <Task(_PythonDecoratedOperator): prepare_email>, get_ip already registered for DAG: example_dag_decorator
[2022-11-11T00:02:59.693-0300] {taskmixin.py:205} WARNING - Dependency <Task(GetRequestOperator): get_ip>, prepare_email already registered for DAG: example_dag_decorator
[2022-11-11T00:02:59.693-0300] {taskmixin.py:205} WARNING - Dependency <Task(_PythonDecoratedOperator): prepare_email>, get_ip already registered for DAG: example_dag_decorator
[2022-11-11T00:02:59.693-0300] {taskmixin.py:205} WARNING - Dependency <Task(GetRequestOperator): get_ip>, prepare_email already registered for DAG: example_dag_decorator
[2022-11-11T00:02:59.694-0300] {taskmixin.py:205} WARNING - Dependency <Task(_PythonDecoratedOperator): prepare_email>, get_ip already registered for DAG: example_dag_decorator
[2022-11-11T00:02:59.694-0300] {taskmixin.py:205} WARNING - Dependency <Task(_PythonDecoratedOperator): prepare_email>, send_email already registered for DAG: example_dag_decorator
[2022-11-11T00:02:59.694-0300] {taskmixin.py:205} WARNING - Dependency <Task(EmailOperator): send_email>, prepare_email already registered for DAG: example_dag_decorator
[2022-11-11T00:02:59.694-0300] {taskmixin.py:205} WARNING - Dependency <Task(_PythonDecoratedOperator): prepare_email>, send_email already registered for DAG: example_dag_decorator
[2022-11-11T00:02:59.694-0300] {taskmixin.py:205} WARNING - Dependency <Task(EmailOperator): send_email>, prepare_email already registered for DAG: example_dag_decorator
[2022-11-11T00:02:59.695-0300] {taskmixin.py:205} WARNING - Dependency <Task(_PythonDecoratedOperator): prepare_email>, send_email already registered for DAG: example_dag_decorator
[2022-11-11T00:02:59.695-0300] {taskmixin.py:205} WARNING - Dependency <Task(EmailOperator): send_email>, prepare_email already registered for DAG: example_dag_decorator
[2022-11-11T00:02:59.695-0300] {taskmixin.py:205} WARNING - Dependency <Task(_PythonDecoratedOperator): prepare_email>, send_email already registered for DAG: example_dag_decorator
[2022-11-11T00:02:59.695-0300] {taskmixin.py:205} WARNING - Dependency <Task(EmailOperator): send_email>, prepare_email already registered for DAG: example_dag_decorator
[2022-11-11T00:02:59.695-0300] {taskmixin.py:205} WARNING - Dependency <Task(_PythonDecoratedOperator): prepare_email>, send_email already registered for DAG: example_dag_decorator
[2022-11-11T00:02:59.695-0300] {taskmixin.py:205} WARNING - Dependency <Task(EmailOperator): send_email>, prepare_email already registered for DAG: example_dag_decorator
[2022-11-11T00:02:59.695-0300] {taskmixin.py:205} WARNING - Dependency <Task(_PythonDecoratedOperator): prepare_email>, send_email already registered for DAG: example_dag_decorator
[2022-11-11T00:02:59.695-0300] {taskmixin.py:205} WARNING - Dependency <Task(EmailOperator): send_email>, prepare_email already registered for DAG: example_dag_decorator
[2022-11-11T00:02:59.711-0300] {taskmixin.py:205} WARNING - Dependency <Task(BashOperator): create_entry_group>, delete_entry_group already registered for DAG: example_complex
[2022-11-11T00:02:59.711-0300] {taskmixin.py:205} WARNING - Dependency <Task(BashOperator): delete_entry_group>, create_entry_group already registered for DAG: example_complex
[2022-11-11T00:02:59.712-0300] {taskmixin.py:205} WARNING - Dependency <Task(BashOperator): create_entry_gcs>, delete_entry already registered for DAG: example_complex
[2022-11-11T00:02:59.712-0300] {taskmixin.py:205} WARNING - Dependency <Task(BashOperator): delete_entry>, create_entry_gcs already registered for DAG: example_complex
[2022-11-11T00:02:59.712-0300] {taskmixin.py:205} WARNING - Dependency <Task(BashOperator): create_tag>, delete_tag already registered for DAG: example_complex
[2022-11-11T00:02:59.712-0300] {taskmixin.py:205} WARNING - Dependency <Task(BashOperator): delete_tag>, create_tag already registered for DAG: example_complex
[2022-11-11T00:02:59.722-0300] {taskmixin.py:205} WARNING - Dependency <Task(_PythonDecoratedOperator): task_group_function.task_1>, task_group_function.task_2 already registered for DAG: example_task_group_decorator
[2022-11-11T00:02:59.722-0300] {taskmixin.py:205} WARNING - Dependency <Task(_PythonDecoratedOperator): task_group_function.task_2>, task_group_function.task_1 already registered for DAG: example_task_group_decorator
[2022-11-11T00:02:59.723-0300] {taskmixin.py:205} WARNING - Dependency <Task(_PythonDecoratedOperator): task_group_function.task_1>, task_group_function.task_2 already registered for DAG: example_task_group_decorator
[2022-11-11T00:02:59.723-0300] {taskmixin.py:205} WARNING - Dependency <Task(_PythonDecoratedOperator): task_group_function.task_2>, task_group_function.task_1 already registered for DAG: example_task_group_decorator
[2022-11-11T00:02:59.723-0300] {taskmixin.py:205} WARNING - Dependency <Task(_PythonDecoratedOperator): task_group_function.task_1>, task_group_function.task_2 already registered for DAG: example_task_group_decorator
[2022-11-11T00:02:59.723-0300] {taskmixin.py:205} WARNING - Dependency <Task(_PythonDecoratedOperator): task_group_function.task_2>, task_group_function.task_1 already registered for DAG: example_task_group_decorator
[2022-11-11T00:02:59.723-0300] {taskmixin.py:205} WARNING - Dependency <Task(_PythonDecoratedOperator): task_group_function.task_1>, task_group_function.task_2 already registered for DAG: example_task_group_decorator
[2022-11-11T00:02:59.723-0300] {taskmixin.py:205} WARNING - Dependency <Task(_PythonDecoratedOperator): task_group_function.task_2>, task_group_function.task_1 already registered for DAG: example_task_group_decorator
[2022-11-11T00:02:59.723-0300] {taskmixin.py:205} WARNING - Dependency <Task(_PythonDecoratedOperator): task_group_function.task_1>, task_group_function.task_2 already registered for DAG: example_task_group_decorator
[2022-11-11T00:02:59.724-0300] {taskmixin.py:205} WARNING - Dependency <Task(_PythonDecoratedOperator): task_group_function.task_2>, task_group_function.task_1 already registered for DAG: example_task_group_decorator
[2022-11-11T00:02:59.724-0300] {taskmixin.py:205} WARNING - Dependency <Task(_PythonDecoratedOperator): task_group_function.task_1>, task_group_function.task_2 already registered for DAG: example_task_group_decorator
[2022-11-11T00:02:59.724-0300] {taskmixin.py:205} WARNING - Dependency <Task(_PythonDecoratedOperator): task_group_function.task_2>, task_group_function.task_1 already registered for DAG: example_task_group_decorator
[2022-11-11T00:02:59.724-0300] {taskmixin.py:205} WARNING - Dependency <Task(_PythonDecoratedOperator): task_group_function.task_2>, task_group_function.task_3 already registered for DAG: example_task_group_decorator
[2022-11-11T00:02:59.724-0300] {taskmixin.py:205} WARNING - Dependency <Task(_PythonDecoratedOperator): task_group_function.task_3>, task_group_function.task_2 already registered for DAG: example_task_group_decorator
[2022-11-11T00:02:59.725-0300] {taskmixin.py:205} WARNING - Dependency <Task(_PythonDecoratedOperator): task_group_function.task_2>, task_group_function.task_3 already registered for DAG: example_task_group_decorator
[2022-11-11T00:02:59.725-0300] {taskmixin.py:205} WARNING - Dependency <Task(_PythonDecoratedOperator): task_group_function.task_3>, task_group_function.task_2 already registered for DAG: example_task_group_decorator
[2022-11-11T00:02:59.725-0300] {taskmixin.py:205} WARNING - Dependency <Task(_PythonDecoratedOperator): task_group_function.task_2>, task_group_function.task_3 already registered for DAG: example_task_group_decorator
[2022-11-11T00:02:59.725-0300] {taskmixin.py:205} WARNING - Dependency <Task(_PythonDecoratedOperator): task_group_function.task_3>, task_group_function.task_2 already registered for DAG: example_task_group_decorator
[2022-11-11T00:02:59.725-0300] {taskmixin.py:205} WARNING - Dependency <Task(_PythonDecoratedOperator): task_group_function.task_2>, task_group_function.task_3 already registered for DAG: example_task_group_decorator
[2022-11-11T00:02:59.725-0300] {taskmixin.py:205} WARNING - Dependency <Task(_PythonDecoratedOperator): task_group_function.task_3>, task_group_function.task_2 already registered for DAG: example_task_group_decorator
[2022-11-11T00:02:59.725-0300] {taskmixin.py:205} WARNING - Dependency <Task(_PythonDecoratedOperator): task_group_function.task_2>, task_group_function.task_3 already registered for DAG: example_task_group_decorator
[2022-11-11T00:02:59.725-0300] {taskmixin.py:205} WARNING - Dependency <Task(_PythonDecoratedOperator): task_group_function.task_3>, task_group_function.task_2 already registered for DAG: example_task_group_decorator
[2022-11-11T00:02:59.726-0300] {taskmixin.py:205} WARNING - Dependency <Task(_PythonDecoratedOperator): task_group_function.task_2>, task_group_function.task_3 already registered for DAG: example_task_group_decorator
[2022-11-11T00:02:59.726-0300] {taskmixin.py:205} WARNING - Dependency <Task(_PythonDecoratedOperator): task_group_function.task_3>, task_group_function.task_2 already registered for DAG: example_task_group_decorator
[2022-11-11T00:02:59.727-0300] {taskmixin.py:205} WARNING - Dependency <Task(_PythonDecoratedOperator): task_group_function__1.task_1>, task_group_function__1.task_2 already registered for DAG: example_task_group_decorator
[2022-11-11T00:02:59.727-0300] {taskmixin.py:205} WARNING - Dependency <Task(_PythonDecoratedOperator): task_group_function__1.task_2>, task_group_function__1.task_1 already registered for DAG: example_task_group_decorator
[2022-11-11T00:02:59.727-0300] {taskmixin.py:205} WARNING - Dependency <Task(_PythonDecoratedOperator): task_group_function__1.task_1>, task_group_function__1.task_2 already registered for DAG: example_task_group_decorator
[2022-11-11T00:02:59.727-0300] {taskmixin.py:205} WARNING - Dependency <Task(_PythonDecoratedOperator): task_group_function__1.task_2>, task_group_function__1.task_1 already registered for DAG: example_task_group_decorator
[2022-11-11T00:02:59.727-0300] {taskmixin.py:205} WARNING - Dependency <Task(_PythonDecoratedOperator): task_group_function__1.task_1>, task_group_function__1.task_2 already registered for DAG: example_task_group_decorator
[2022-11-11T00:02:59.727-0300] {taskmixin.py:205} WARNING - Dependency <Task(_PythonDecoratedOperator): task_group_function__1.task_2>, task_group_function__1.task_1 already registered for DAG: example_task_group_decorator
[2022-11-11T00:02:59.728-0300] {taskmixin.py:205} WARNING - Dependency <Task(_PythonDecoratedOperator): task_group_function__1.task_1>, task_group_function__1.task_2 already registered for DAG: example_task_group_decorator
[2022-11-11T00:02:59.728-0300] {taskmixin.py:205} WARNING - Dependency <Task(_PythonDecoratedOperator): task_group_function__1.task_2>, task_group_function__1.task_1 already registered for DAG: example_task_group_decorator
[2022-11-11T00:02:59.728-0300] {taskmixin.py:205} WARNING - Dependency <Task(_PythonDecoratedOperator): task_group_function__1.task_1>, task_group_function__1.task_2 already registered for DAG: example_task_group_decorator
[2022-11-11T00:02:59.728-0300] {taskmixin.py:205} WARNING - Dependency <Task(_PythonDecoratedOperator): task_group_function__1.task_2>, task_group_function__1.task_1 already registered for DAG: example_task_group_decorator
[2022-11-11T00:02:59.728-0300] {taskmixin.py:205} WARNING - Dependency <Task(_PythonDecoratedOperator): task_group_function__1.task_1>, task_group_function__1.task_2 already registered for DAG: example_task_group_decorator
[2022-11-11T00:02:59.728-0300] {taskmixin.py:205} WARNING - Dependency <Task(_PythonDecoratedOperator): task_group_function__1.task_2>, task_group_function__1.task_1 already registered for DAG: example_task_group_decorator
[2022-11-11T00:02:59.729-0300] {taskmixin.py:205} WARNING - Dependency <Task(_PythonDecoratedOperator): task_group_function__1.task_2>, task_group_function__1.task_3 already registered for DAG: example_task_group_decorator
[2022-11-11T00:02:59.729-0300] {taskmixin.py:205} WARNING - Dependency <Task(_PythonDecoratedOperator): task_group_function__1.task_3>, task_group_function__1.task_2 already registered for DAG: example_task_group_decorator
[2022-11-11T00:02:59.729-0300] {taskmixin.py:205} WARNING - Dependency <Task(_PythonDecoratedOperator): task_group_function__1.task_2>, task_group_function__1.task_3 already registered for DAG: example_task_group_decorator
[2022-11-11T00:02:59.729-0300] {taskmixin.py:205} WARNING - Dependency <Task(_PythonDecoratedOperator): task_group_function__1.task_3>, task_group_function__1.task_2 already registered for DAG: example_task_group_decorator
[2022-11-11T00:02:59.729-0300] {taskmixin.py:205} WARNING - Dependency <Task(_PythonDecoratedOperator): task_group_function__1.task_2>, task_group_function__1.task_3 already registered for DAG: example_task_group_decorator
[2022-11-11T00:02:59.729-0300] {taskmixin.py:205} WARNING - Dependency <Task(_PythonDecoratedOperator): task_group_function__1.task_3>, task_group_function__1.task_2 already registered for DAG: example_task_group_decorator
[2022-11-11T00:02:59.729-0300] {taskmixin.py:205} WARNING - Dependency <Task(_PythonDecoratedOperator): task_group_function__1.task_2>, task_group_function__1.task_3 already registered for DAG: example_task_group_decorator
[2022-11-11T00:02:59.730-0300] {taskmixin.py:205} WARNING - Dependency <Task(_PythonDecoratedOperator): task_group_function__1.task_3>, task_group_function__1.task_2 already registered for DAG: example_task_group_decorator
[2022-11-11T00:02:59.730-0300] {taskmixin.py:205} WARNING - Dependency <Task(_PythonDecoratedOperator): task_group_function__1.task_2>, task_group_function__1.task_3 already registered for DAG: example_task_group_decorator
[2022-11-11T00:02:59.730-0300] {taskmixin.py:205} WARNING - Dependency <Task(_PythonDecoratedOperator): task_group_function__1.task_3>, task_group_function__1.task_2 already registered for DAG: example_task_group_decorator
[2022-11-11T00:02:59.730-0300] {taskmixin.py:205} WARNING - Dependency <Task(_PythonDecoratedOperator): task_group_function__1.task_2>, task_group_function__1.task_3 already registered for DAG: example_task_group_decorator
[2022-11-11T00:02:59.730-0300] {taskmixin.py:205} WARNING - Dependency <Task(_PythonDecoratedOperator): task_group_function__1.task_3>, task_group_function__1.task_2 already registered for DAG: example_task_group_decorator
[2022-11-11T00:02:59.731-0300] {taskmixin.py:205} WARNING - Dependency <Task(_PythonDecoratedOperator): task_group_function__2.task_1>, task_group_function__2.task_2 already registered for DAG: example_task_group_decorator
[2022-11-11T00:02:59.731-0300] {taskmixin.py:205} WARNING - Dependency <Task(_PythonDecoratedOperator): task_group_function__2.task_2>, task_group_function__2.task_1 already registered for DAG: example_task_group_decorator
[2022-11-11T00:02:59.731-0300] {taskmixin.py:205} WARNING - Dependency <Task(_PythonDecoratedOperator): task_group_function__2.task_1>, task_group_function__2.task_2 already registered for DAG: example_task_group_decorator
[2022-11-11T00:02:59.731-0300] {taskmixin.py:205} WARNING - Dependency <Task(_PythonDecoratedOperator): task_group_function__2.task_2>, task_group_function__2.task_1 already registered for DAG: example_task_group_decorator
[2022-11-11T00:02:59.731-0300] {taskmixin.py:205} WARNING - Dependency <Task(_PythonDecoratedOperator): task_group_function__2.task_1>, task_group_function__2.task_2 already registered for DAG: example_task_group_decorator
[2022-11-11T00:02:59.732-0300] {taskmixin.py:205} WARNING - Dependency <Task(_PythonDecoratedOperator): task_group_function__2.task_2>, task_group_function__2.task_1 already registered for DAG: example_task_group_decorator
[2022-11-11T00:02:59.732-0300] {taskmixin.py:205} WARNING - Dependency <Task(_PythonDecoratedOperator): task_group_function__2.task_1>, task_group_function__2.task_2 already registered for DAG: example_task_group_decorator
[2022-11-11T00:02:59.732-0300] {taskmixin.py:205} WARNING - Dependency <Task(_PythonDecoratedOperator): task_group_function__2.task_2>, task_group_function__2.task_1 already registered for DAG: example_task_group_decorator
[2022-11-11T00:02:59.732-0300] {taskmixin.py:205} WARNING - Dependency <Task(_PythonDecoratedOperator): task_group_function__2.task_1>, task_group_function__2.task_2 already registered for DAG: example_task_group_decorator
[2022-11-11T00:02:59.732-0300] {taskmixin.py:205} WARNING - Dependency <Task(_PythonDecoratedOperator): task_group_function__2.task_2>, task_group_function__2.task_1 already registered for DAG: example_task_group_decorator
[2022-11-11T00:02:59.732-0300] {taskmixin.py:205} WARNING - Dependency <Task(_PythonDecoratedOperator): task_group_function__2.task_1>, task_group_function__2.task_2 already registered for DAG: example_task_group_decorator
[2022-11-11T00:02:59.732-0300] {taskmixin.py:205} WARNING - Dependency <Task(_PythonDecoratedOperator): task_group_function__2.task_2>, task_group_function__2.task_1 already registered for DAG: example_task_group_decorator
[2022-11-11T00:02:59.733-0300] {taskmixin.py:205} WARNING - Dependency <Task(_PythonDecoratedOperator): task_group_function__2.task_2>, task_group_function__2.task_3 already registered for DAG: example_task_group_decorator
[2022-11-11T00:02:59.733-0300] {taskmixin.py:205} WARNING - Dependency <Task(_PythonDecoratedOperator): task_group_function__2.task_3>, task_group_function__2.task_2 already registered for DAG: example_task_group_decorator
[2022-11-11T00:02:59.733-0300] {taskmixin.py:205} WARNING - Dependency <Task(_PythonDecoratedOperator): task_group_function__2.task_2>, task_group_function__2.task_3 already registered for DAG: example_task_group_decorator
[2022-11-11T00:02:59.733-0300] {taskmixin.py:205} WARNING - Dependency <Task(_PythonDecoratedOperator): task_group_function__2.task_3>, task_group_function__2.task_2 already registered for DAG: example_task_group_decorator
[2022-11-11T00:02:59.733-0300] {taskmixin.py:205} WARNING - Dependency <Task(_PythonDecoratedOperator): task_group_function__2.task_2>, task_group_function__2.task_3 already registered for DAG: example_task_group_decorator
[2022-11-11T00:02:59.733-0300] {taskmixin.py:205} WARNING - Dependency <Task(_PythonDecoratedOperator): task_group_function__2.task_3>, task_group_function__2.task_2 already registered for DAG: example_task_group_decorator
[2022-11-11T00:02:59.734-0300] {taskmixin.py:205} WARNING - Dependency <Task(_PythonDecoratedOperator): task_group_function__2.task_2>, task_group_function__2.task_3 already registered for DAG: example_task_group_decorator
[2022-11-11T00:02:59.734-0300] {taskmixin.py:205} WARNING - Dependency <Task(_PythonDecoratedOperator): task_group_function__2.task_3>, task_group_function__2.task_2 already registered for DAG: example_task_group_decorator
[2022-11-11T00:02:59.734-0300] {taskmixin.py:205} WARNING - Dependency <Task(_PythonDecoratedOperator): task_group_function__2.task_2>, task_group_function__2.task_3 already registered for DAG: example_task_group_decorator
[2022-11-11T00:02:59.734-0300] {taskmixin.py:205} WARNING - Dependency <Task(_PythonDecoratedOperator): task_group_function__2.task_3>, task_group_function__2.task_2 already registered for DAG: example_task_group_decorator
[2022-11-11T00:02:59.734-0300] {taskmixin.py:205} WARNING - Dependency <Task(_PythonDecoratedOperator): task_group_function__2.task_2>, task_group_function__2.task_3 already registered for DAG: example_task_group_decorator
[2022-11-11T00:02:59.734-0300] {taskmixin.py:205} WARNING - Dependency <Task(_PythonDecoratedOperator): task_group_function__2.task_3>, task_group_function__2.task_2 already registered for DAG: example_task_group_decorator
[2022-11-11T00:02:59.735-0300] {taskmixin.py:205} WARNING - Dependency <Task(_PythonDecoratedOperator): task_group_function__3.task_1>, task_group_function__3.task_2 already registered for DAG: example_task_group_decorator
[2022-11-11T00:02:59.735-0300] {taskmixin.py:205} WARNING - Dependency <Task(_PythonDecoratedOperator): task_group_function__3.task_2>, task_group_function__3.task_1 already registered for DAG: example_task_group_decorator
[2022-11-11T00:02:59.735-0300] {taskmixin.py:205} WARNING - Dependency <Task(_PythonDecoratedOperator): task_group_function__3.task_1>, task_group_function__3.task_2 already registered for DAG: example_task_group_decorator
[2022-11-11T00:02:59.735-0300] {taskmixin.py:205} WARNING - Dependency <Task(_PythonDecoratedOperator): task_group_function__3.task_2>, task_group_function__3.task_1 already registered for DAG: example_task_group_decorator
[2022-11-11T00:02:59.736-0300] {taskmixin.py:205} WARNING - Dependency <Task(_PythonDecoratedOperator): task_group_function__3.task_1>, task_group_function__3.task_2 already registered for DAG: example_task_group_decorator
[2022-11-11T00:02:59.736-0300] {taskmixin.py:205} WARNING - Dependency <Task(_PythonDecoratedOperator): task_group_function__3.task_2>, task_group_function__3.task_1 already registered for DAG: example_task_group_decorator
[2022-11-11T00:02:59.736-0300] {taskmixin.py:205} WARNING - Dependency <Task(_PythonDecoratedOperator): task_group_function__3.task_1>, task_group_function__3.task_2 already registered for DAG: example_task_group_decorator
[2022-11-11T00:02:59.736-0300] {taskmixin.py:205} WARNING - Dependency <Task(_PythonDecoratedOperator): task_group_function__3.task_2>, task_group_function__3.task_1 already registered for DAG: example_task_group_decorator
[2022-11-11T00:02:59.736-0300] {taskmixin.py:205} WARNING - Dependency <Task(_PythonDecoratedOperator): task_group_function__3.task_1>, task_group_function__3.task_2 already registered for DAG: example_task_group_decorator
[2022-11-11T00:02:59.736-0300] {taskmixin.py:205} WARNING - Dependency <Task(_PythonDecoratedOperator): task_group_function__3.task_2>, task_group_function__3.task_1 already registered for DAG: example_task_group_decorator
[2022-11-11T00:02:59.736-0300] {taskmixin.py:205} WARNING - Dependency <Task(_PythonDecoratedOperator): task_group_function__3.task_1>, task_group_function__3.task_2 already registered for DAG: example_task_group_decorator
[2022-11-11T00:02:59.737-0300] {taskmixin.py:205} WARNING - Dependency <Task(_PythonDecoratedOperator): task_group_function__3.task_2>, task_group_function__3.task_1 already registered for DAG: example_task_group_decorator
[2022-11-11T00:02:59.737-0300] {taskmixin.py:205} WARNING - Dependency <Task(_PythonDecoratedOperator): task_group_function__3.task_2>, task_group_function__3.task_3 already registered for DAG: example_task_group_decorator
[2022-11-11T00:02:59.737-0300] {taskmixin.py:205} WARNING - Dependency <Task(_PythonDecoratedOperator): task_group_function__3.task_3>, task_group_function__3.task_2 already registered for DAG: example_task_group_decorator
[2022-11-11T00:02:59.737-0300] {taskmixin.py:205} WARNING - Dependency <Task(_PythonDecoratedOperator): task_group_function__3.task_2>, task_group_function__3.task_3 already registered for DAG: example_task_group_decorator
[2022-11-11T00:02:59.737-0300] {taskmixin.py:205} WARNING - Dependency <Task(_PythonDecoratedOperator): task_group_function__3.task_3>, task_group_function__3.task_2 already registered for DAG: example_task_group_decorator
[2022-11-11T00:02:59.737-0300] {taskmixin.py:205} WARNING - Dependency <Task(_PythonDecoratedOperator): task_group_function__3.task_2>, task_group_function__3.task_3 already registered for DAG: example_task_group_decorator
[2022-11-11T00:02:59.738-0300] {taskmixin.py:205} WARNING - Dependency <Task(_PythonDecoratedOperator): task_group_function__3.task_3>, task_group_function__3.task_2 already registered for DAG: example_task_group_decorator
[2022-11-11T00:02:59.738-0300] {taskmixin.py:205} WARNING - Dependency <Task(_PythonDecoratedOperator): task_group_function__3.task_2>, task_group_function__3.task_3 already registered for DAG: example_task_group_decorator
[2022-11-11T00:02:59.738-0300] {taskmixin.py:205} WARNING - Dependency <Task(_PythonDecoratedOperator): task_group_function__3.task_3>, task_group_function__3.task_2 already registered for DAG: example_task_group_decorator
[2022-11-11T00:02:59.738-0300] {taskmixin.py:205} WARNING - Dependency <Task(_PythonDecoratedOperator): task_group_function__3.task_2>, task_group_function__3.task_3 already registered for DAG: example_task_group_decorator
[2022-11-11T00:02:59.738-0300] {taskmixin.py:205} WARNING - Dependency <Task(_PythonDecoratedOperator): task_group_function__3.task_3>, task_group_function__3.task_2 already registered for DAG: example_task_group_decorator
[2022-11-11T00:02:59.738-0300] {taskmixin.py:205} WARNING - Dependency <Task(_PythonDecoratedOperator): task_group_function__3.task_2>, task_group_function__3.task_3 already registered for DAG: example_task_group_decorator
[2022-11-11T00:02:59.738-0300] {taskmixin.py:205} WARNING - Dependency <Task(_PythonDecoratedOperator): task_group_function__3.task_3>, task_group_function__3.task_2 already registered for DAG: example_task_group_decorator
[2022-11-11T00:02:59.739-0300] {taskmixin.py:205} WARNING - Dependency <Task(_PythonDecoratedOperator): task_group_function__4.task_1>, task_group_function__4.task_2 already registered for DAG: example_task_group_decorator
[2022-11-11T00:02:59.739-0300] {taskmixin.py:205} WARNING - Dependency <Task(_PythonDecoratedOperator): task_group_function__4.task_2>, task_group_function__4.task_1 already registered for DAG: example_task_group_decorator
[2022-11-11T00:02:59.739-0300] {taskmixin.py:205} WARNING - Dependency <Task(_PythonDecoratedOperator): task_group_function__4.task_1>, task_group_function__4.task_2 already registered for DAG: example_task_group_decorator
[2022-11-11T00:02:59.740-0300] {taskmixin.py:205} WARNING - Dependency <Task(_PythonDecoratedOperator): task_group_function__4.task_2>, task_group_function__4.task_1 already registered for DAG: example_task_group_decorator
[2022-11-11T00:02:59.740-0300] {taskmixin.py:205} WARNING - Dependency <Task(_PythonDecoratedOperator): task_group_function__4.task_1>, task_group_function__4.task_2 already registered for DAG: example_task_group_decorator
[2022-11-11T00:02:59.740-0300] {taskmixin.py:205} WARNING - Dependency <Task(_PythonDecoratedOperator): task_group_function__4.task_2>, task_group_function__4.task_1 already registered for DAG: example_task_group_decorator
[2022-11-11T00:02:59.740-0300] {taskmixin.py:205} WARNING - Dependency <Task(_PythonDecoratedOperator): task_group_function__4.task_1>, task_group_function__4.task_2 already registered for DAG: example_task_group_decorator
[2022-11-11T00:02:59.740-0300] {taskmixin.py:205} WARNING - Dependency <Task(_PythonDecoratedOperator): task_group_function__4.task_2>, task_group_function__4.task_1 already registered for DAG: example_task_group_decorator
[2022-11-11T00:02:59.740-0300] {taskmixin.py:205} WARNING - Dependency <Task(_PythonDecoratedOperator): task_group_function__4.task_1>, task_group_function__4.task_2 already registered for DAG: example_task_group_decorator
[2022-11-11T00:02:59.740-0300] {taskmixin.py:205} WARNING - Dependency <Task(_PythonDecoratedOperator): task_group_function__4.task_2>, task_group_function__4.task_1 already registered for DAG: example_task_group_decorator
[2022-11-11T00:02:59.741-0300] {taskmixin.py:205} WARNING - Dependency <Task(_PythonDecoratedOperator): task_group_function__4.task_1>, task_group_function__4.task_2 already registered for DAG: example_task_group_decorator
[2022-11-11T00:02:59.741-0300] {taskmixin.py:205} WARNING - Dependency <Task(_PythonDecoratedOperator): task_group_function__4.task_2>, task_group_function__4.task_1 already registered for DAG: example_task_group_decorator
[2022-11-11T00:02:59.741-0300] {taskmixin.py:205} WARNING - Dependency <Task(_PythonDecoratedOperator): task_group_function__4.task_2>, task_group_function__4.task_3 already registered for DAG: example_task_group_decorator
[2022-11-11T00:02:59.741-0300] {taskmixin.py:205} WARNING - Dependency <Task(_PythonDecoratedOperator): task_group_function__4.task_3>, task_group_function__4.task_2 already registered for DAG: example_task_group_decorator
[2022-11-11T00:02:59.741-0300] {taskmixin.py:205} WARNING - Dependency <Task(_PythonDecoratedOperator): task_group_function__4.task_2>, task_group_function__4.task_3 already registered for DAG: example_task_group_decorator
[2022-11-11T00:02:59.742-0300] {taskmixin.py:205} WARNING - Dependency <Task(_PythonDecoratedOperator): task_group_function__4.task_3>, task_group_function__4.task_2 already registered for DAG: example_task_group_decorator
[2022-11-11T00:02:59.742-0300] {taskmixin.py:205} WARNING - Dependency <Task(_PythonDecoratedOperator): task_group_function__4.task_2>, task_group_function__4.task_3 already registered for DAG: example_task_group_decorator
[2022-11-11T00:02:59.742-0300] {taskmixin.py:205} WARNING - Dependency <Task(_PythonDecoratedOperator): task_group_function__4.task_3>, task_group_function__4.task_2 already registered for DAG: example_task_group_decorator
[2022-11-11T00:02:59.742-0300] {taskmixin.py:205} WARNING - Dependency <Task(_PythonDecoratedOperator): task_group_function__4.task_2>, task_group_function__4.task_3 already registered for DAG: example_task_group_decorator
[2022-11-11T00:02:59.742-0300] {taskmixin.py:205} WARNING - Dependency <Task(_PythonDecoratedOperator): task_group_function__4.task_3>, task_group_function__4.task_2 already registered for DAG: example_task_group_decorator
[2022-11-11T00:02:59.742-0300] {taskmixin.py:205} WARNING - Dependency <Task(_PythonDecoratedOperator): task_group_function__4.task_2>, task_group_function__4.task_3 already registered for DAG: example_task_group_decorator
[2022-11-11T00:02:59.742-0300] {taskmixin.py:205} WARNING - Dependency <Task(_PythonDecoratedOperator): task_group_function__4.task_3>, task_group_function__4.task_2 already registered for DAG: example_task_group_decorator
[2022-11-11T00:02:59.742-0300] {taskmixin.py:205} WARNING - Dependency <Task(_PythonDecoratedOperator): task_group_function__4.task_2>, task_group_function__4.task_3 already registered for DAG: example_task_group_decorator
[2022-11-11T00:02:59.743-0300] {taskmixin.py:205} WARNING - Dependency <Task(_PythonDecoratedOperator): task_group_function__4.task_3>, task_group_function__4.task_2 already registered for DAG: example_task_group_decorator
[2022-11-11T00:02:59.744-0300] {example_kubernetes_executor.py:41} WARNING - The example_kubernetes_executor example DAG requires the kubernetes provider. Please install it with: pip install apache-airflow[cncf.kubernetes]
[2022-11-11T00:02:59.745-0300] {example_local_kubernetes_executor.py:39} WARNING - Could not import DAGs in example_local_kubernetes_executor.py
Traceback (most recent call last):
  File "/home/renato/Documentos/datapipeline/.env/lib/python3.10/site-packages/airflow/example_dags/example_local_kubernetes_executor.py", line 37, in <module>
    from kubernetes.client import models as k8s
ModuleNotFoundError: No module named 'kubernetes'
[2022-11-11T00:02:59.745-0300] {example_local_kubernetes_executor.py:40} WARNING - Install Kubernetes dependencies with: pip install apache-airflow[cncf.kubernetes]
[2022-11-11T00:02:59.751-0300] {taskmixin.py:205} WARNING - Dependency <Task(_PythonDecoratedOperator): generate_value>, print_value already registered for DAG: example_xcom_args
[2022-11-11T00:02:59.751-0300] {taskmixin.py:205} WARNING - Dependency <Task(_PythonDecoratedOperator): print_value>, generate_value already registered for DAG: example_xcom_args
[2022-11-11T00:02:59.751-0300] {taskmixin.py:205} WARNING - Dependency <Task(_PythonDecoratedOperator): generate_value>, print_value already registered for DAG: example_xcom_args
[2022-11-11T00:02:59.751-0300] {taskmixin.py:205} WARNING - Dependency <Task(_PythonDecoratedOperator): print_value>, generate_value already registered for DAG: example_xcom_args
[2022-11-11T00:02:59.751-0300] {taskmixin.py:205} WARNING - Dependency <Task(_PythonDecoratedOperator): generate_value>, print_value already registered for DAG: example_xcom_args
[2022-11-11T00:02:59.751-0300] {taskmixin.py:205} WARNING - Dependency <Task(_PythonDecoratedOperator): print_value>, generate_value already registered for DAG: example_xcom_args
[2022-11-11T00:02:59.752-0300] {taskmixin.py:205} WARNING - Dependency <Task(_PythonDecoratedOperator): generate_value>, print_value already registered for DAG: example_xcom_args
[2022-11-11T00:02:59.752-0300] {taskmixin.py:205} WARNING - Dependency <Task(_PythonDecoratedOperator): print_value>, generate_value already registered for DAG: example_xcom_args
[2022-11-11T00:02:59.752-0300] {taskmixin.py:205} WARNING - Dependency <Task(_PythonDecoratedOperator): generate_value>, print_value already registered for DAG: example_xcom_args
[2022-11-11T00:02:59.752-0300] {taskmixin.py:205} WARNING - Dependency <Task(_PythonDecoratedOperator): print_value>, generate_value already registered for DAG: example_xcom_args
[2022-11-11T00:02:59.752-0300] {taskmixin.py:205} WARNING - Dependency <Task(_PythonDecoratedOperator): generate_value>, print_value already registered for DAG: example_xcom_args
[2022-11-11T00:02:59.752-0300] {taskmixin.py:205} WARNING - Dependency <Task(_PythonDecoratedOperator): print_value>, generate_value already registered for DAG: example_xcom_args
[2022-11-11T00:02:59.795-0300] {task_command.py:384} INFO - Running <TaskInstance: twitter_dag.transform_twitter_aluraonline scheduled__2022-11-08T09:00:00+00:00 [running]> on host renato-Virtual-Machine
[2022-11-11T00:02:59.848-0300] {taskinstance.py:1590} INFO - Exporting the following env vars:
AIRFLOW_CTX_DAG_OWNER=airflow
AIRFLOW_CTX_DAG_ID=twitter_dag
AIRFLOW_CTX_TASK_ID=transform_twitter_aluraonline
AIRFLOW_CTX_EXECUTION_DATE=2022-11-08T09:00:00+00:00
AIRFLOW_CTX_TRY_NUMBER=1
AIRFLOW_CTX_DAG_RUN_ID=scheduled__2022-11-08T09:00:00+00:00
[2022-11-11T00:02:59.851-0300] {base.py:71} INFO - Using connection ID 'spark_default' for task execution.
[2022-11-11T00:02:59.853-0300] {spark_submit.py:334} INFO - Spark-Submit cmd: /home/renato/Documentos/spark-3.3.1-bin-hadoop3/bin/spark-submit --master local --name twitter_transformation /home/renato/Documentos/datapipeline/spark/transformation.py --src /home/renato/Documentos/datapipeline/datalake/bronze/twitter_aluraonline/extract_date=2022-11-08 --dest /home/renato/Documentos/datapipeline/datalake/silver/twitter_aluraonline/ --process-date 2022-11-08
[2022-11-11T00:03:01.680-0300] {spark_submit.py:485} INFO - 22/11/11 00:03:01 WARN Utils: Your hostname, renato-Virtual-Machine resolves to a loopback address: 127.0.1.1; using 192.168.236.142 instead (on interface eth0)
[2022-11-11T00:03:01.685-0300] {spark_submit.py:485} INFO - 22/11/11 00:03:01 WARN Utils: Set SPARK_LOCAL_IP if you need to bind to another address
[2022-11-11T00:03:02.717-0300] {spark_submit.py:485} INFO - 22/11/11 00:03:02 INFO SparkContext: Running Spark version 3.3.1
[2022-11-11T00:03:02.833-0300] {spark_submit.py:485} INFO - 22/11/11 00:03:02 WARN NativeCodeLoader: Unable to load native-hadoop library for your platform... using builtin-java classes where applicable
[2022-11-11T00:03:02.980-0300] {spark_submit.py:485} INFO - 22/11/11 00:03:02 INFO ResourceUtils: ==============================================================
[2022-11-11T00:03:02.981-0300] {spark_submit.py:485} INFO - 22/11/11 00:03:02 INFO ResourceUtils: No custom resources configured for spark.driver.
[2022-11-11T00:03:02.982-0300] {spark_submit.py:485} INFO - 22/11/11 00:03:02 INFO ResourceUtils: ==============================================================
[2022-11-11T00:03:02.982-0300] {spark_submit.py:485} INFO - 22/11/11 00:03:02 INFO SparkContext: Submitted application: twitter_transformation
[2022-11-11T00:03:03.010-0300] {spark_submit.py:485} INFO - 22/11/11 00:03:03 INFO ResourceProfile: Default ResourceProfile created, executor resources: Map(cores -> name: cores, amount: 1, script: , vendor: , memory -> name: memory, amount: 1024, script: , vendor: , offHeap -> name: offHeap, amount: 0, script: , vendor: ), task resources: Map(cpus -> name: cpus, amount: 1.0)
[2022-11-11T00:03:03.020-0300] {spark_submit.py:485} INFO - 22/11/11 00:03:03 INFO ResourceProfile: Limiting resource is cpu
[2022-11-11T00:03:03.020-0300] {spark_submit.py:485} INFO - 22/11/11 00:03:03 INFO ResourceProfileManager: Added ResourceProfile id: 0
[2022-11-11T00:03:03.080-0300] {spark_submit.py:485} INFO - 22/11/11 00:03:03 INFO SecurityManager: Changing view acls to: renato
[2022-11-11T00:03:03.081-0300] {spark_submit.py:485} INFO - 22/11/11 00:03:03 INFO SecurityManager: Changing modify acls to: renato
[2022-11-11T00:03:03.082-0300] {spark_submit.py:485} INFO - 22/11/11 00:03:03 INFO SecurityManager: Changing view acls groups to:
[2022-11-11T00:03:03.082-0300] {spark_submit.py:485} INFO - 22/11/11 00:03:03 INFO SecurityManager: Changing modify acls groups to:
[2022-11-11T00:03:03.083-0300] {spark_submit.py:485} INFO - 22/11/11 00:03:03 INFO SecurityManager: SecurityManager: authentication disabled; ui acls disabled; users  with view permissions: Set(renato); groups with view permissions: Set(); users  with modify permissions: Set(renato); groups with modify permissions: Set()
[2022-11-11T00:03:03.425-0300] {spark_submit.py:485} INFO - 22/11/11 00:03:03 INFO Utils: Successfully started service 'sparkDriver' on port 41017.
[2022-11-11T00:03:03.471-0300] {spark_submit.py:485} INFO - 22/11/11 00:03:03 INFO SparkEnv: Registering MapOutputTracker
[2022-11-11T00:03:03.511-0300] {spark_submit.py:485} INFO - 22/11/11 00:03:03 INFO SparkEnv: Registering BlockManagerMaster
[2022-11-11T00:03:03.531-0300] {spark_submit.py:485} INFO - 22/11/11 00:03:03 INFO BlockManagerMasterEndpoint: Using org.apache.spark.storage.DefaultTopologyMapper for getting topology information
[2022-11-11T00:03:03.532-0300] {spark_submit.py:485} INFO - 22/11/11 00:03:03 INFO BlockManagerMasterEndpoint: BlockManagerMasterEndpoint up
[2022-11-11T00:03:03.539-0300] {spark_submit.py:485} INFO - 22/11/11 00:03:03 INFO SparkEnv: Registering BlockManagerMasterHeartbeat
[2022-11-11T00:03:03.572-0300] {spark_submit.py:485} INFO - 22/11/11 00:03:03 INFO DiskBlockManager: Created local directory at /tmp/blockmgr-0f994f0d-bc5b-4539-8642-566754aa756e
[2022-11-11T00:03:03.654-0300] {spark_submit.py:485} INFO - 22/11/11 00:03:03 INFO MemoryStore: MemoryStore started with capacity 366.3 MiB
[2022-11-11T00:03:03.675-0300] {spark_submit.py:485} INFO - 22/11/11 00:03:03 INFO SparkEnv: Registering OutputCommitCoordinator
[2022-11-11T00:03:03.951-0300] {spark_submit.py:485} INFO - 22/11/11 00:03:03 INFO Utils: Successfully started service 'SparkUI' on port 4040.
[2022-11-11T00:03:04.081-0300] {spark_submit.py:485} INFO - 22/11/11 00:03:04 INFO Executor: Starting executor ID driver on host renato-Virtual-Machine.mshome.net
[2022-11-11T00:03:04.089-0300] {spark_submit.py:485} INFO - 22/11/11 00:03:04 INFO Executor: Starting executor with user classpath (userClassPathFirst = false): ''
[2022-11-11T00:03:04.116-0300] {spark_submit.py:485} INFO - 22/11/11 00:03:04 INFO Utils: Successfully started service 'org.apache.spark.network.netty.NettyBlockTransferService' on port 41863.
[2022-11-11T00:03:04.116-0300] {spark_submit.py:485} INFO - 22/11/11 00:03:04 INFO NettyBlockTransferService: Server created on renato-Virtual-Machine.mshome.net:41863
[2022-11-11T00:03:04.118-0300] {spark_submit.py:485} INFO - 22/11/11 00:03:04 INFO BlockManager: Using org.apache.spark.storage.RandomBlockReplicationPolicy for block replication policy
[2022-11-11T00:03:04.124-0300] {spark_submit.py:485} INFO - 22/11/11 00:03:04 INFO BlockManagerMaster: Registering BlockManager BlockManagerId(driver, renato-Virtual-Machine.mshome.net, 41863, None)
[2022-11-11T00:03:04.129-0300] {spark_submit.py:485} INFO - 22/11/11 00:03:04 INFO BlockManagerMasterEndpoint: Registering block manager renato-Virtual-Machine.mshome.net:41863 with 366.3 MiB RAM, BlockManagerId(driver, renato-Virtual-Machine.mshome.net, 41863, None)
[2022-11-11T00:03:04.132-0300] {spark_submit.py:485} INFO - 22/11/11 00:03:04 INFO BlockManagerMaster: Registered BlockManager BlockManagerId(driver, renato-Virtual-Machine.mshome.net, 41863, None)
[2022-11-11T00:03:04.133-0300] {spark_submit.py:485} INFO - 22/11/11 00:03:04 INFO BlockManager: Initialized BlockManager: BlockManagerId(driver, renato-Virtual-Machine.mshome.net, 41863, None)
[2022-11-11T00:03:04.857-0300] {spark_submit.py:485} INFO - 22/11/11 00:03:04 INFO SharedState: Setting hive.metastore.warehouse.dir ('null') to the value of spark.sql.warehouse.dir.
[2022-11-11T00:03:04.869-0300] {spark_submit.py:485} INFO - 22/11/11 00:03:04 INFO SharedState: Warehouse path is 'file:/home/renato/Documentos/datapipeline/spark-warehouse'.
[2022-11-11T00:03:06.020-0300] {spark_submit.py:485} INFO - 22/11/11 00:03:06 INFO InMemoryFileIndex: It took 39 ms to list leaf files for 1 paths.
[2022-11-11T00:03:06.138-0300] {spark_submit.py:485} INFO - 22/11/11 00:03:06 INFO InMemoryFileIndex: It took 3 ms to list leaf files for 1 paths.
[2022-11-11T00:03:09.060-0300] {spark_submit.py:485} INFO - 22/11/11 00:03:09 INFO FileSourceStrategy: Pushed Filters:
[2022-11-11T00:03:09.062-0300] {spark_submit.py:485} INFO - 22/11/11 00:03:09 INFO FileSourceStrategy: Post-Scan Filters:
[2022-11-11T00:03:09.070-0300] {spark_submit.py:485} INFO - 22/11/11 00:03:09 INFO FileSourceStrategy: Output Data Schema: struct<value: string>
[2022-11-11T00:03:09.461-0300] {spark_submit.py:485} INFO - 22/11/11 00:03:09 INFO MemoryStore: Block broadcast_0 stored as values in memory (estimated size 349.6 KiB, free 366.0 MiB)
[2022-11-11T00:03:09.551-0300] {spark_submit.py:485} INFO - 22/11/11 00:03:09 INFO MemoryStore: Block broadcast_0_piece0 stored as bytes in memory (estimated size 33.9 KiB, free 365.9 MiB)
[2022-11-11T00:03:09.556-0300] {spark_submit.py:485} INFO - 22/11/11 00:03:09 INFO BlockManagerInfo: Added broadcast_0_piece0 in memory on renato-Virtual-Machine.mshome.net:41863 (size: 33.9 KiB, free: 366.3 MiB)
[2022-11-11T00:03:09.565-0300] {spark_submit.py:485} INFO - 22/11/11 00:03:09 INFO SparkContext: Created broadcast 0 from json at NativeMethodAccessorImpl.java:0
[2022-11-11T00:03:09.582-0300] {spark_submit.py:485} INFO - 22/11/11 00:03:09 INFO FileSourceScanExec: Planning scan with bin packing, max size: 4207801 bytes, open cost is considered as scanning 4194304 bytes.
[2022-11-11T00:03:09.888-0300] {spark_submit.py:485} INFO - 22/11/11 00:03:09 INFO SparkContext: Starting job: json at NativeMethodAccessorImpl.java:0
[2022-11-11T00:03:09.904-0300] {spark_submit.py:485} INFO - 22/11/11 00:03:09 INFO DAGScheduler: Got job 0 (json at NativeMethodAccessorImpl.java:0) with 1 output partitions
[2022-11-11T00:03:09.904-0300] {spark_submit.py:485} INFO - 22/11/11 00:03:09 INFO DAGScheduler: Final stage: ResultStage 0 (json at NativeMethodAccessorImpl.java:0)
[2022-11-11T00:03:09.905-0300] {spark_submit.py:485} INFO - 22/11/11 00:03:09 INFO DAGScheduler: Parents of final stage: List()
[2022-11-11T00:03:09.906-0300] {spark_submit.py:485} INFO - 22/11/11 00:03:09 INFO DAGScheduler: Missing parents: List()
[2022-11-11T00:03:09.918-0300] {spark_submit.py:485} INFO - 22/11/11 00:03:09 INFO DAGScheduler: Submitting ResultStage 0 (MapPartitionsRDD[3] at json at NativeMethodAccessorImpl.java:0), which has no missing parents
[2022-11-11T00:03:10.026-0300] {spark_submit.py:485} INFO - 22/11/11 00:03:10 INFO MemoryStore: Block broadcast_1 stored as values in memory (estimated size 14.5 KiB, free 365.9 MiB)
[2022-11-11T00:03:10.029-0300] {spark_submit.py:485} INFO - 22/11/11 00:03:10 INFO MemoryStore: Block broadcast_1_piece0 stored as bytes in memory (estimated size 7.0 KiB, free 365.9 MiB)
[2022-11-11T00:03:10.032-0300] {spark_submit.py:485} INFO - 22/11/11 00:03:10 INFO BlockManagerInfo: Added broadcast_1_piece0 in memory on renato-Virtual-Machine.mshome.net:41863 (size: 7.0 KiB, free: 366.3 MiB)
[2022-11-11T00:03:10.033-0300] {spark_submit.py:485} INFO - 22/11/11 00:03:10 INFO SparkContext: Created broadcast 1 from broadcast at DAGScheduler.scala:1513
[2022-11-11T00:03:10.054-0300] {spark_submit.py:485} INFO - 22/11/11 00:03:10 INFO DAGScheduler: Submitting 1 missing tasks from ResultStage 0 (MapPartitionsRDD[3] at json at NativeMethodAccessorImpl.java:0) (first 15 tasks are for partitions Vector(0))
[2022-11-11T00:03:10.056-0300] {spark_submit.py:485} INFO - 22/11/11 00:03:10 INFO TaskSchedulerImpl: Adding task set 0.0 with 1 tasks resource profile 0
[2022-11-11T00:03:10.118-0300] {spark_submit.py:485} INFO - 22/11/11 00:03:10 INFO TaskSetManager: Starting task 0.0 in stage 0.0 (TID 0) (renato-Virtual-Machine.mshome.net, executor driver, partition 0, PROCESS_LOCAL, 5000 bytes) taskResourceAssignments Map()
[2022-11-11T00:03:10.153-0300] {spark_submit.py:485} INFO - 22/11/11 00:03:10 INFO Executor: Running task 0.0 in stage 0.0 (TID 0)
[2022-11-11T00:03:10.560-0300] {spark_submit.py:485} INFO - 22/11/11 00:03:10 INFO FileScanRDD: Reading File path: file:///home/renato/Documentos/datapipeline/datalake/bronze/twitter_aluraonline/extract_date=2022-11-08/AluraOnline_20221108.json, range: 0-13497, partition values: [empty row]
[2022-11-11T00:03:10.945-0300] {spark_submit.py:485} INFO - 22/11/11 00:03:10 INFO CodeGenerator: Code generated in 320.587836 ms
[2022-11-11T00:03:11.050-0300] {spark_submit.py:485} INFO - 22/11/11 00:03:11 INFO Executor: Finished task 0.0 in stage 0.0 (TID 0). 2872 bytes result sent to driver
[2022-11-11T00:03:11.076-0300] {spark_submit.py:485} INFO - 22/11/11 00:03:11 INFO TaskSetManager: Finished task 0.0 in stage 0.0 (TID 0) in 973 ms on renato-Virtual-Machine.mshome.net (executor driver) (1/1)
[2022-11-11T00:03:11.092-0300] {spark_submit.py:485} INFO - 22/11/11 00:03:11 INFO DAGScheduler: ResultStage 0 (json at NativeMethodAccessorImpl.java:0) finished in 1,135 s
[2022-11-11T00:03:11.094-0300] {spark_submit.py:485} INFO - 22/11/11 00:03:11 INFO TaskSchedulerImpl: Removed TaskSet 0.0, whose tasks have all completed, from pool
[2022-11-11T00:03:11.098-0300] {spark_submit.py:485} INFO - 22/11/11 00:03:11 INFO DAGScheduler: Job 0 is finished. Cancelling potential speculative or zombie tasks for this job
[2022-11-11T00:03:11.105-0300] {spark_submit.py:485} INFO - 22/11/11 00:03:11 INFO TaskSchedulerImpl: Killing all running tasks in stage 0: Stage finished
[2022-11-11T00:03:11.113-0300] {spark_submit.py:485} INFO - 22/11/11 00:03:11 INFO DAGScheduler: Job 0 finished: json at NativeMethodAccessorImpl.java:0, took 1,222489 s
[2022-11-11T00:03:11.654-0300] {spark_submit.py:485} INFO - 22/11/11 00:03:11 INFO FileSourceStrategy: Pushed Filters: IsNotNull(data)
[2022-11-11T00:03:11.656-0300] {spark_submit.py:485} INFO - 22/11/11 00:03:11 INFO FileSourceStrategy: Post-Scan Filters: (size(data#8, true) > 0),isnotnull(data#8)
[2022-11-11T00:03:11.657-0300] {spark_submit.py:485} INFO - 22/11/11 00:03:11 INFO FileSourceStrategy: Output Data Schema: struct<data: array<struct<author_id:string,conversation_id:string,created_at:string,edit_history_tweet_ids:array<string>,id:string,in_reply_to_user_id:string,public_metrics:struct<like_count:bigint,quote_count:bigint,reply_count:bigint,retweet_count:bigint>,text:string>>>
[2022-11-11T00:03:11.811-0300] {spark_submit.py:485} INFO - 22/11/11 00:03:11 INFO FileOutputCommitter: File Output Committer Algorithm version is 1
[2022-11-11T00:03:11.811-0300] {spark_submit.py:485} INFO - 22/11/11 00:03:11 INFO FileOutputCommitter: FileOutputCommitter skip cleanup _temporary folders under output directory:false, ignore cleanup failures: false
[2022-11-11T00:03:11.818-0300] {spark_submit.py:485} INFO - 22/11/11 00:03:11 INFO SQLHadoopMapReduceCommitProtocol: Using output committer class org.apache.hadoop.mapreduce.lib.output.FileOutputCommitter
[2022-11-11T00:03:12.026-0300] {spark_submit.py:485} INFO - 22/11/11 00:03:12 INFO BlockManagerInfo: Removed broadcast_1_piece0 on renato-Virtual-Machine.mshome.net:41863 in memory (size: 7.0 KiB, free: 366.3 MiB)
[2022-11-11T00:03:12.152-0300] {spark_submit.py:485} INFO - 22/11/11 00:03:12 INFO CodeGenerator: Code generated in 202.460568 ms
[2022-11-11T00:03:12.177-0300] {spark_submit.py:485} INFO - 22/11/11 00:03:12 INFO MemoryStore: Block broadcast_2 stored as values in memory (estimated size 349.5 KiB, free 365.6 MiB)
[2022-11-11T00:03:12.195-0300] {spark_submit.py:485} INFO - 22/11/11 00:03:12 INFO MemoryStore: Block broadcast_2_piece0 stored as bytes in memory (estimated size 33.9 KiB, free 365.6 MiB)
[2022-11-11T00:03:12.197-0300] {spark_submit.py:485} INFO - 22/11/11 00:03:12 INFO BlockManagerInfo: Added broadcast_2_piece0 in memory on renato-Virtual-Machine.mshome.net:41863 (size: 33.9 KiB, free: 366.2 MiB)
[2022-11-11T00:03:12.203-0300] {spark_submit.py:485} INFO - 22/11/11 00:03:12 INFO SparkContext: Created broadcast 2 from json at NativeMethodAccessorImpl.java:0
[2022-11-11T00:03:12.210-0300] {spark_submit.py:485} INFO - 22/11/11 00:03:12 INFO FileSourceScanExec: Planning scan with bin packing, max size: 4207801 bytes, open cost is considered as scanning 4194304 bytes.
[2022-11-11T00:03:12.285-0300] {spark_submit.py:485} INFO - 22/11/11 00:03:12 INFO SparkContext: Starting job: json at NativeMethodAccessorImpl.java:0
[2022-11-11T00:03:12.288-0300] {spark_submit.py:485} INFO - 22/11/11 00:03:12 INFO DAGScheduler: Got job 1 (json at NativeMethodAccessorImpl.java:0) with 1 output partitions
[2022-11-11T00:03:12.288-0300] {spark_submit.py:485} INFO - 22/11/11 00:03:12 INFO DAGScheduler: Final stage: ResultStage 1 (json at NativeMethodAccessorImpl.java:0)
[2022-11-11T00:03:12.288-0300] {spark_submit.py:485} INFO - 22/11/11 00:03:12 INFO DAGScheduler: Parents of final stage: List()
[2022-11-11T00:03:12.288-0300] {spark_submit.py:485} INFO - 22/11/11 00:03:12 INFO DAGScheduler: Missing parents: List()
[2022-11-11T00:03:12.292-0300] {spark_submit.py:485} INFO - 22/11/11 00:03:12 INFO DAGScheduler: Submitting ResultStage 1 (CoalescedRDD[7] at json at NativeMethodAccessorImpl.java:0), which has no missing parents
[2022-11-11T00:03:12.320-0300] {spark_submit.py:485} INFO - 22/11/11 00:03:12 INFO MemoryStore: Block broadcast_3 stored as values in memory (estimated size 234.4 KiB, free 365.3 MiB)
[2022-11-11T00:03:12.322-0300] {spark_submit.py:485} INFO - 22/11/11 00:03:12 INFO MemoryStore: Block broadcast_3_piece0 stored as bytes in memory (estimated size 81.6 KiB, free 365.2 MiB)
[2022-11-11T00:03:12.324-0300] {spark_submit.py:485} INFO - 22/11/11 00:03:12 INFO BlockManagerInfo: Added broadcast_3_piece0 in memory on renato-Virtual-Machine.mshome.net:41863 (size: 81.6 KiB, free: 366.2 MiB)
[2022-11-11T00:03:12.325-0300] {spark_submit.py:485} INFO - 22/11/11 00:03:12 INFO SparkContext: Created broadcast 3 from broadcast at DAGScheduler.scala:1513
[2022-11-11T00:03:12.326-0300] {spark_submit.py:485} INFO - 22/11/11 00:03:12 INFO DAGScheduler: Submitting 1 missing tasks from ResultStage 1 (CoalescedRDD[7] at json at NativeMethodAccessorImpl.java:0) (first 15 tasks are for partitions Vector(0))
[2022-11-11T00:03:12.328-0300] {spark_submit.py:485} INFO - 22/11/11 00:03:12 INFO TaskSchedulerImpl: Adding task set 1.0 with 1 tasks resource profile 0
[2022-11-11T00:03:12.332-0300] {spark_submit.py:485} INFO - 22/11/11 00:03:12 INFO TaskSetManager: Starting task 0.0 in stage 1.0 (TID 1) (renato-Virtual-Machine.mshome.net, executor driver, partition 0, PROCESS_LOCAL, 5229 bytes) taskResourceAssignments Map()
[2022-11-11T00:03:12.337-0300] {spark_submit.py:485} INFO - 22/11/11 00:03:12 INFO Executor: Running task 0.0 in stage 1.0 (TID 1)
[2022-11-11T00:03:12.403-0300] {spark_submit.py:485} INFO - 22/11/11 00:03:12 INFO FileOutputCommitter: File Output Committer Algorithm version is 1
[2022-11-11T00:03:12.404-0300] {spark_submit.py:485} INFO - 22/11/11 00:03:12 INFO FileOutputCommitter: FileOutputCommitter skip cleanup _temporary folders under output directory:false, ignore cleanup failures: false
[2022-11-11T00:03:12.404-0300] {spark_submit.py:485} INFO - 22/11/11 00:03:12 INFO SQLHadoopMapReduceCommitProtocol: Using output committer class org.apache.hadoop.mapreduce.lib.output.FileOutputCommitter
[2022-11-11T00:03:12.462-0300] {spark_submit.py:485} INFO - 22/11/11 00:03:12 INFO FileScanRDD: Reading File path: file:///home/renato/Documentos/datapipeline/datalake/bronze/twitter_aluraonline/extract_date=2022-11-08/AluraOnline_20221108.json, range: 0-13497, partition values: [empty row]
[2022-11-11T00:03:12.500-0300] {spark_submit.py:485} INFO - 22/11/11 00:03:12 INFO CodeGenerator: Code generated in 32.017015 ms
[2022-11-11T00:03:12.533-0300] {spark_submit.py:485} INFO - 22/11/11 00:03:12 INFO CodeGenerator: Code generated in 6.614159 ms
[2022-11-11T00:03:12.588-0300] {spark_submit.py:485} INFO - 22/11/11 00:03:12 INFO FileOutputCommitter: Saved output of task 'attempt_2022111100031236209562788862955_0001_m_000000_1' to file:/home/renato/Documentos/datapipeline/datalake/silver/twitter_aluraonline/tweet/process_date=2022-11-08/_temporary/0/task_2022111100031236209562788862955_0001_m_000000
[2022-11-11T00:03:12.588-0300] {spark_submit.py:485} INFO - 22/11/11 00:03:12 INFO SparkHadoopMapRedUtil: attempt_2022111100031236209562788862955_0001_m_000000_1: Committed. Elapsed time: 1 ms.
[2022-11-11T00:03:12.596-0300] {spark_submit.py:485} INFO - 22/11/11 00:03:12 INFO Executor: Finished task 0.0 in stage 1.0 (TID 1). 2678 bytes result sent to driver
[2022-11-11T00:03:12.606-0300] {spark_submit.py:485} INFO - 22/11/11 00:03:12 INFO TaskSetManager: Finished task 0.0 in stage 1.0 (TID 1) in 277 ms on renato-Virtual-Machine.mshome.net (executor driver) (1/1)
[2022-11-11T00:03:12.607-0300] {spark_submit.py:485} INFO - 22/11/11 00:03:12 INFO DAGScheduler: ResultStage 1 (json at NativeMethodAccessorImpl.java:0) finished in 0,315 s
[2022-11-11T00:03:12.607-0300] {spark_submit.py:485} INFO - 22/11/11 00:03:12 INFO DAGScheduler: Job 1 is finished. Cancelling potential speculative or zombie tasks for this job
[2022-11-11T00:03:12.621-0300] {spark_submit.py:485} INFO - 22/11/11 00:03:12 INFO TaskSchedulerImpl: Removed TaskSet 1.0, whose tasks have all completed, from pool
[2022-11-11T00:03:12.623-0300] {spark_submit.py:485} INFO - 22/11/11 00:03:12 INFO TaskSchedulerImpl: Killing all running tasks in stage 1: Stage finished
[2022-11-11T00:03:12.623-0300] {spark_submit.py:485} INFO - 22/11/11 00:03:12 INFO DAGScheduler: Job 1 finished: json at NativeMethodAccessorImpl.java:0, took 0,337502 s
[2022-11-11T00:03:12.638-0300] {spark_submit.py:485} INFO - 22/11/11 00:03:12 INFO FileFormatWriter: Start to commit write Job 4c0c1639-f6ed-4266-b9c7-8d0b6e488a91.
[2022-11-11T00:03:12.663-0300] {spark_submit.py:485} INFO - 22/11/11 00:03:12 INFO FileFormatWriter: Write Job 4c0c1639-f6ed-4266-b9c7-8d0b6e488a91 committed. Elapsed time: 37 ms.
[2022-11-11T00:03:12.670-0300] {spark_submit.py:485} INFO - 22/11/11 00:03:12 INFO FileFormatWriter: Finished processing stats for write job 4c0c1639-f6ed-4266-b9c7-8d0b6e488a91.
[2022-11-11T00:03:12.738-0300] {spark_submit.py:485} INFO - 22/11/11 00:03:12 INFO FileSourceStrategy: Pushed Filters:
[2022-11-11T00:03:12.738-0300] {spark_submit.py:485} INFO - 22/11/11 00:03:12 INFO FileSourceStrategy: Post-Scan Filters:
[2022-11-11T00:03:12.738-0300] {spark_submit.py:485} INFO - 22/11/11 00:03:12 INFO FileSourceStrategy: Output Data Schema: struct<includes: struct<users: array<struct<created_at:string,id:string,name:string,username:string>>>>
[2022-11-11T00:03:12.759-0300] {spark_submit.py:485} INFO - 22/11/11 00:03:12 INFO FileOutputCommitter: File Output Committer Algorithm version is 1
[2022-11-11T00:03:12.760-0300] {spark_submit.py:485} INFO - 22/11/11 00:03:12 INFO FileOutputCommitter: FileOutputCommitter skip cleanup _temporary folders under output directory:false, ignore cleanup failures: false
[2022-11-11T00:03:12.761-0300] {spark_submit.py:485} INFO - 22/11/11 00:03:12 INFO SQLHadoopMapReduceCommitProtocol: Using output committer class org.apache.hadoop.mapreduce.lib.output.FileOutputCommitter
[2022-11-11T00:03:12.808-0300] {spark_submit.py:485} INFO - 22/11/11 00:03:12 INFO CodeGenerator: Code generated in 12.007243 ms
[2022-11-11T00:03:12.816-0300] {spark_submit.py:485} INFO - 22/11/11 00:03:12 INFO MemoryStore: Block broadcast_4 stored as values in memory (estimated size 349.5 KiB, free 364.9 MiB)
[2022-11-11T00:03:12.827-0300] {spark_submit.py:485} INFO - 22/11/11 00:03:12 INFO MemoryStore: Block broadcast_4_piece0 stored as bytes in memory (estimated size 33.9 KiB, free 364.9 MiB)
[2022-11-11T00:03:12.829-0300] {spark_submit.py:485} INFO - 22/11/11 00:03:12 INFO BlockManagerInfo: Added broadcast_4_piece0 in memory on renato-Virtual-Machine.mshome.net:41863 (size: 33.9 KiB, free: 366.1 MiB)
[2022-11-11T00:03:12.830-0300] {spark_submit.py:485} INFO - 22/11/11 00:03:12 INFO SparkContext: Created broadcast 4 from json at NativeMethodAccessorImpl.java:0
[2022-11-11T00:03:12.833-0300] {spark_submit.py:485} INFO - 22/11/11 00:03:12 INFO FileSourceScanExec: Planning scan with bin packing, max size: 4207801 bytes, open cost is considered as scanning 4194304 bytes.
[2022-11-11T00:03:12.876-0300] {spark_submit.py:485} INFO - 22/11/11 00:03:12 INFO SparkContext: Starting job: json at NativeMethodAccessorImpl.java:0
[2022-11-11T00:03:12.879-0300] {spark_submit.py:485} INFO - 22/11/11 00:03:12 INFO DAGScheduler: Got job 2 (json at NativeMethodAccessorImpl.java:0) with 1 output partitions
[2022-11-11T00:03:12.879-0300] {spark_submit.py:485} INFO - 22/11/11 00:03:12 INFO DAGScheduler: Final stage: ResultStage 2 (json at NativeMethodAccessorImpl.java:0)
[2022-11-11T00:03:12.880-0300] {spark_submit.py:485} INFO - 22/11/11 00:03:12 INFO DAGScheduler: Parents of final stage: List()
[2022-11-11T00:03:12.882-0300] {spark_submit.py:485} INFO - 22/11/11 00:03:12 INFO DAGScheduler: Missing parents: List()
[2022-11-11T00:03:12.886-0300] {spark_submit.py:485} INFO - 22/11/11 00:03:12 INFO DAGScheduler: Submitting ResultStage 2 (CoalescedRDD[11] at json at NativeMethodAccessorImpl.java:0), which has no missing parents
[2022-11-11T00:03:12.911-0300] {spark_submit.py:485} INFO - 22/11/11 00:03:12 INFO MemoryStore: Block broadcast_5 stored as values in memory (estimated size 214.7 KiB, free 364.7 MiB)
[2022-11-11T00:03:12.913-0300] {spark_submit.py:485} INFO - 22/11/11 00:03:12 INFO MemoryStore: Block broadcast_5_piece0 stored as bytes in memory (estimated size 76.3 KiB, free 364.6 MiB)
[2022-11-11T00:03:12.915-0300] {spark_submit.py:485} INFO - 22/11/11 00:03:12 INFO BlockManagerInfo: Added broadcast_5_piece0 in memory on renato-Virtual-Machine.mshome.net:41863 (size: 76.3 KiB, free: 366.0 MiB)
[2022-11-11T00:03:12.917-0300] {spark_submit.py:485} INFO - 22/11/11 00:03:12 INFO SparkContext: Created broadcast 5 from broadcast at DAGScheduler.scala:1513
[2022-11-11T00:03:12.919-0300] {spark_submit.py:485} INFO - 22/11/11 00:03:12 INFO DAGScheduler: Submitting 1 missing tasks from ResultStage 2 (CoalescedRDD[11] at json at NativeMethodAccessorImpl.java:0) (first 15 tasks are for partitions Vector(0))
[2022-11-11T00:03:12.919-0300] {spark_submit.py:485} INFO - 22/11/11 00:03:12 INFO TaskSchedulerImpl: Adding task set 2.0 with 1 tasks resource profile 0
[2022-11-11T00:03:12.924-0300] {spark_submit.py:485} INFO - 22/11/11 00:03:12 INFO TaskSetManager: Starting task 0.0 in stage 2.0 (TID 2) (renato-Virtual-Machine.mshome.net, executor driver, partition 0, PROCESS_LOCAL, 5229 bytes) taskResourceAssignments Map()
[2022-11-11T00:03:12.924-0300] {spark_submit.py:485} INFO - 22/11/11 00:03:12 INFO Executor: Running task 0.0 in stage 2.0 (TID 2)
[2022-11-11T00:03:12.956-0300] {spark_submit.py:485} INFO - 22/11/11 00:03:12 INFO FileOutputCommitter: File Output Committer Algorithm version is 1
[2022-11-11T00:03:12.956-0300] {spark_submit.py:485} INFO - 22/11/11 00:03:12 INFO FileOutputCommitter: FileOutputCommitter skip cleanup _temporary folders under output directory:false, ignore cleanup failures: false
[2022-11-11T00:03:12.957-0300] {spark_submit.py:485} INFO - 22/11/11 00:03:12 INFO SQLHadoopMapReduceCommitProtocol: Using output committer class org.apache.hadoop.mapreduce.lib.output.FileOutputCommitter
[2022-11-11T00:03:13.002-0300] {spark_submit.py:485} INFO - 22/11/11 00:03:13 INFO FileScanRDD: Reading File path: file:///home/renato/Documentos/datapipeline/datalake/bronze/twitter_aluraonline/extract_date=2022-11-08/AluraOnline_20221108.json, range: 0-13497, partition values: [empty row]
[2022-11-11T00:03:13.019-0300] {spark_submit.py:485} INFO - 22/11/11 00:03:13 INFO CodeGenerator: Code generated in 14.269295 ms
[2022-11-11T00:03:13.033-0300] {spark_submit.py:485} INFO - 22/11/11 00:03:13 INFO FileOutputCommitter: Saved output of task 'attempt_202211110003124567556884027629570_0002_m_000000_2' to file:/home/renato/Documentos/datapipeline/datalake/silver/twitter_aluraonline/user/process_date=2022-11-08/_temporary/0/task_202211110003124567556884027629570_0002_m_000000
[2022-11-11T00:03:13.034-0300] {spark_submit.py:485} INFO - 22/11/11 00:03:13 INFO SparkHadoopMapRedUtil: attempt_202211110003124567556884027629570_0002_m_000000_2: Committed. Elapsed time: 0 ms.
[2022-11-11T00:03:13.035-0300] {spark_submit.py:485} INFO - 22/11/11 00:03:13 INFO Executor: Finished task 0.0 in stage 2.0 (TID 2). 2579 bytes result sent to driver
[2022-11-11T00:03:13.037-0300] {spark_submit.py:485} INFO - 22/11/11 00:03:13 INFO TaskSetManager: Finished task 0.0 in stage 2.0 (TID 2) in 114 ms on renato-Virtual-Machine.mshome.net (executor driver) (1/1)
[2022-11-11T00:03:13.037-0300] {spark_submit.py:485} INFO - 22/11/11 00:03:13 INFO TaskSchedulerImpl: Removed TaskSet 2.0, whose tasks have all completed, from pool
[2022-11-11T00:03:13.039-0300] {spark_submit.py:485} INFO - 22/11/11 00:03:13 INFO DAGScheduler: ResultStage 2 (json at NativeMethodAccessorImpl.java:0) finished in 0,153 s
[2022-11-11T00:03:13.039-0300] {spark_submit.py:485} INFO - 22/11/11 00:03:13 INFO DAGScheduler: Job 2 is finished. Cancelling potential speculative or zombie tasks for this job
[2022-11-11T00:03:13.039-0300] {spark_submit.py:485} INFO - 22/11/11 00:03:13 INFO TaskSchedulerImpl: Killing all running tasks in stage 2: Stage finished
[2022-11-11T00:03:13.040-0300] {spark_submit.py:485} INFO - 22/11/11 00:03:13 INFO DAGScheduler: Job 2 finished: json at NativeMethodAccessorImpl.java:0, took 0,163725 s
[2022-11-11T00:03:13.042-0300] {spark_submit.py:485} INFO - 22/11/11 00:03:13 INFO FileFormatWriter: Start to commit write Job 02b0d790-7864-48ee-ae7c-64b8ae68e790.
[2022-11-11T00:03:13.067-0300] {spark_submit.py:485} INFO - 22/11/11 00:03:13 INFO FileFormatWriter: Write Job 02b0d790-7864-48ee-ae7c-64b8ae68e790 committed. Elapsed time: 23 ms.
[2022-11-11T00:03:13.067-0300] {spark_submit.py:485} INFO - 22/11/11 00:03:13 INFO FileFormatWriter: Finished processing stats for write job 02b0d790-7864-48ee-ae7c-64b8ae68e790.
[2022-11-11T00:03:13.104-0300] {spark_submit.py:485} INFO - 22/11/11 00:03:13 INFO SparkContext: Invoking stop() from shutdown hook
[2022-11-11T00:03:13.125-0300] {spark_submit.py:485} INFO - 22/11/11 00:03:13 INFO SparkUI: Stopped Spark web UI at http://renato-Virtual-Machine.mshome.net:4040
[2022-11-11T00:03:13.142-0300] {spark_submit.py:485} INFO - 22/11/11 00:03:13 INFO MapOutputTrackerMasterEndpoint: MapOutputTrackerMasterEndpoint stopped!
[2022-11-11T00:03:13.151-0300] {spark_submit.py:485} INFO - 22/11/11 00:03:13 INFO MemoryStore: MemoryStore cleared
[2022-11-11T00:03:13.151-0300] {spark_submit.py:485} INFO - 22/11/11 00:03:13 INFO BlockManager: BlockManager stopped
[2022-11-11T00:03:13.158-0300] {spark_submit.py:485} INFO - 22/11/11 00:03:13 INFO BlockManagerMaster: BlockManagerMaster stopped
[2022-11-11T00:03:13.161-0300] {spark_submit.py:485} INFO - 22/11/11 00:03:13 INFO OutputCommitCoordinator$OutputCommitCoordinatorEndpoint: OutputCommitCoordinator stopped!
[2022-11-11T00:03:13.164-0300] {spark_submit.py:485} INFO - 22/11/11 00:03:13 INFO SparkContext: Successfully stopped SparkContext
[2022-11-11T00:03:13.165-0300] {spark_submit.py:485} INFO - 22/11/11 00:03:13 INFO ShutdownHookManager: Shutdown hook called
[2022-11-11T00:03:13.166-0300] {spark_submit.py:485} INFO - 22/11/11 00:03:13 INFO ShutdownHookManager: Deleting directory /tmp/spark-9ad7b3f0-7972-4d8e-888c-5fe5bb0bb7dc
[2022-11-11T00:03:13.167-0300] {spark_submit.py:485} INFO - 22/11/11 00:03:13 INFO ShutdownHookManager: Deleting directory /tmp/spark-05fe9445-45dd-4267-8119-5adfaae64de0/pyspark-c5183fde-6b55-4d4d-be47-c8944b3c3be3
[2022-11-11T00:03:13.177-0300] {spark_submit.py:485} INFO - 22/11/11 00:03:13 INFO ShutdownHookManager: Deleting directory /tmp/spark-05fe9445-45dd-4267-8119-5adfaae64de0
[2022-11-11T00:03:13.228-0300] {taskinstance.py:1401} INFO - Marking task as SUCCESS. dag_id=twitter_dag, task_id=transform_twitter_aluraonline, execution_date=20221108T090000, start_date=20221111T030259, end_date=20221111T030313
[2022-11-11T00:03:13.280-0300] {local_task_job.py:164} INFO - Task exited with return code 0
[2022-11-11T00:03:13.287-0300] {local_task_job.py:273} INFO - 0 downstream tasks scheduled from follow-on schedule check
