[2022-10-16T07:17:47.595-0300] {processor.py:156} INFO - Started process (PID=5893) to work on /home/renato/Documentos/datapipeline/.env/lib/python3.10/site-packages/airflow/example_dags/subdags/subdag.py
[2022-10-16T07:17:47.596-0300] {processor.py:758} INFO - Processing file /home/renato/Documentos/datapipeline/.env/lib/python3.10/site-packages/airflow/example_dags/subdags/subdag.py for tasks to queue
[2022-10-16T07:17:47.597-0300] {logging_mixin.py:117} INFO - [2022-10-16T07:17:47.597-0300] {dagbag.py:525} INFO - Filling up the DagBag from /home/renato/Documentos/datapipeline/.env/lib/python3.10/site-packages/airflow/example_dags/subdags/subdag.py
[2022-10-16T07:17:47.607-0300] {processor.py:770} WARNING - No viable dags retrieved from /home/renato/Documentos/datapipeline/.env/lib/python3.10/site-packages/airflow/example_dags/subdags/subdag.py
[2022-10-16T07:17:47.619-0300] {processor.py:178} INFO - Processing /home/renato/Documentos/datapipeline/.env/lib/python3.10/site-packages/airflow/example_dags/subdags/subdag.py took 0.028 seconds
[2022-10-16T07:18:29.722-0300] {processor.py:156} INFO - Started process (PID=5972) to work on /home/renato/Documentos/datapipeline/.env/lib/python3.10/site-packages/airflow/example_dags/subdags/subdag.py
[2022-10-16T07:18:29.733-0300] {processor.py:758} INFO - Processing file /home/renato/Documentos/datapipeline/.env/lib/python3.10/site-packages/airflow/example_dags/subdags/subdag.py for tasks to queue
[2022-10-16T07:18:29.734-0300] {logging_mixin.py:117} INFO - [2022-10-16T07:18:29.734-0300] {dagbag.py:525} INFO - Filling up the DagBag from /home/renato/Documentos/datapipeline/.env/lib/python3.10/site-packages/airflow/example_dags/subdags/subdag.py
[2022-10-16T07:18:29.740-0300] {processor.py:770} WARNING - No viable dags retrieved from /home/renato/Documentos/datapipeline/.env/lib/python3.10/site-packages/airflow/example_dags/subdags/subdag.py
[2022-10-16T07:18:29.749-0300] {processor.py:178} INFO - Processing /home/renato/Documentos/datapipeline/.env/lib/python3.10/site-packages/airflow/example_dags/subdags/subdag.py took 0.032 seconds
[2022-10-16T07:19:07.488-0300] {processor.py:156} INFO - Started process (PID=6045) to work on /home/renato/Documentos/datapipeline/.env/lib/python3.10/site-packages/airflow/example_dags/subdags/subdag.py
[2022-10-16T07:19:07.490-0300] {processor.py:758} INFO - Processing file /home/renato/Documentos/datapipeline/.env/lib/python3.10/site-packages/airflow/example_dags/subdags/subdag.py for tasks to queue
[2022-10-16T07:19:07.490-0300] {logging_mixin.py:117} INFO - [2022-10-16T07:19:07.490-0300] {dagbag.py:525} INFO - Filling up the DagBag from /home/renato/Documentos/datapipeline/.env/lib/python3.10/site-packages/airflow/example_dags/subdags/subdag.py
[2022-10-16T07:19:07.493-0300] {processor.py:770} WARNING - No viable dags retrieved from /home/renato/Documentos/datapipeline/.env/lib/python3.10/site-packages/airflow/example_dags/subdags/subdag.py
[2022-10-16T07:19:07.501-0300] {processor.py:178} INFO - Processing /home/renato/Documentos/datapipeline/.env/lib/python3.10/site-packages/airflow/example_dags/subdags/subdag.py took 0.016 seconds
[2022-10-16T07:19:43.997-0300] {processor.py:156} INFO - Started process (PID=6132) to work on /home/renato/Documentos/datapipeline/.env/lib/python3.10/site-packages/airflow/example_dags/subdags/subdag.py
[2022-10-16T07:19:44.002-0300] {processor.py:758} INFO - Processing file /home/renato/Documentos/datapipeline/.env/lib/python3.10/site-packages/airflow/example_dags/subdags/subdag.py for tasks to queue
[2022-10-16T07:19:44.003-0300] {logging_mixin.py:117} INFO - [2022-10-16T07:19:44.003-0300] {dagbag.py:525} INFO - Filling up the DagBag from /home/renato/Documentos/datapipeline/.env/lib/python3.10/site-packages/airflow/example_dags/subdags/subdag.py
[2022-10-16T07:19:44.006-0300] {processor.py:770} WARNING - No viable dags retrieved from /home/renato/Documentos/datapipeline/.env/lib/python3.10/site-packages/airflow/example_dags/subdags/subdag.py
[2022-10-16T07:19:44.013-0300] {processor.py:178} INFO - Processing /home/renato/Documentos/datapipeline/.env/lib/python3.10/site-packages/airflow/example_dags/subdags/subdag.py took 0.018 seconds
[2022-10-16T07:20:21.393-0300] {processor.py:156} INFO - Started process (PID=6213) to work on /home/renato/Documentos/datapipeline/.env/lib/python3.10/site-packages/airflow/example_dags/subdags/subdag.py
[2022-10-16T07:20:21.407-0300] {processor.py:758} INFO - Processing file /home/renato/Documentos/datapipeline/.env/lib/python3.10/site-packages/airflow/example_dags/subdags/subdag.py for tasks to queue
[2022-10-16T07:20:21.408-0300] {logging_mixin.py:117} INFO - [2022-10-16T07:20:21.408-0300] {dagbag.py:525} INFO - Filling up the DagBag from /home/renato/Documentos/datapipeline/.env/lib/python3.10/site-packages/airflow/example_dags/subdags/subdag.py
[2022-10-16T07:20:21.412-0300] {processor.py:770} WARNING - No viable dags retrieved from /home/renato/Documentos/datapipeline/.env/lib/python3.10/site-packages/airflow/example_dags/subdags/subdag.py
[2022-10-16T07:20:21.430-0300] {processor.py:178} INFO - Processing /home/renato/Documentos/datapipeline/.env/lib/python3.10/site-packages/airflow/example_dags/subdags/subdag.py took 0.066 seconds
[2022-10-16T07:20:58.990-0300] {processor.py:156} INFO - Started process (PID=6399) to work on /home/renato/Documentos/datapipeline/.env/lib/python3.10/site-packages/airflow/example_dags/subdags/subdag.py
[2022-10-16T07:20:58.995-0300] {processor.py:758} INFO - Processing file /home/renato/Documentos/datapipeline/.env/lib/python3.10/site-packages/airflow/example_dags/subdags/subdag.py for tasks to queue
[2022-10-16T07:20:58.996-0300] {logging_mixin.py:117} INFO - [2022-10-16T07:20:58.995-0300] {dagbag.py:525} INFO - Filling up the DagBag from /home/renato/Documentos/datapipeline/.env/lib/python3.10/site-packages/airflow/example_dags/subdags/subdag.py
[2022-10-16T07:20:58.999-0300] {processor.py:770} WARNING - No viable dags retrieved from /home/renato/Documentos/datapipeline/.env/lib/python3.10/site-packages/airflow/example_dags/subdags/subdag.py
[2022-10-16T07:20:59.007-0300] {processor.py:178} INFO - Processing /home/renato/Documentos/datapipeline/.env/lib/python3.10/site-packages/airflow/example_dags/subdags/subdag.py took 0.022 seconds
[2022-10-16T07:21:36.413-0300] {processor.py:156} INFO - Started process (PID=6466) to work on /home/renato/Documentos/datapipeline/.env/lib/python3.10/site-packages/airflow/example_dags/subdags/subdag.py
[2022-10-16T07:21:36.418-0300] {processor.py:758} INFO - Processing file /home/renato/Documentos/datapipeline/.env/lib/python3.10/site-packages/airflow/example_dags/subdags/subdag.py for tasks to queue
[2022-10-16T07:21:36.418-0300] {logging_mixin.py:117} INFO - [2022-10-16T07:21:36.418-0300] {dagbag.py:525} INFO - Filling up the DagBag from /home/renato/Documentos/datapipeline/.env/lib/python3.10/site-packages/airflow/example_dags/subdags/subdag.py
[2022-10-16T07:21:36.421-0300] {processor.py:770} WARNING - No viable dags retrieved from /home/renato/Documentos/datapipeline/.env/lib/python3.10/site-packages/airflow/example_dags/subdags/subdag.py
[2022-10-16T07:21:36.431-0300] {processor.py:178} INFO - Processing /home/renato/Documentos/datapipeline/.env/lib/python3.10/site-packages/airflow/example_dags/subdags/subdag.py took 0.020 seconds
[2022-10-16T07:22:12.418-0300] {processor.py:156} INFO - Started process (PID=6534) to work on /home/renato/Documentos/datapipeline/.env/lib/python3.10/site-packages/airflow/example_dags/subdags/subdag.py
[2022-10-16T07:22:12.430-0300] {processor.py:758} INFO - Processing file /home/renato/Documentos/datapipeline/.env/lib/python3.10/site-packages/airflow/example_dags/subdags/subdag.py for tasks to queue
[2022-10-16T07:22:12.431-0300] {logging_mixin.py:117} INFO - [2022-10-16T07:22:12.431-0300] {dagbag.py:525} INFO - Filling up the DagBag from /home/renato/Documentos/datapipeline/.env/lib/python3.10/site-packages/airflow/example_dags/subdags/subdag.py
[2022-10-16T07:22:12.435-0300] {processor.py:770} WARNING - No viable dags retrieved from /home/renato/Documentos/datapipeline/.env/lib/python3.10/site-packages/airflow/example_dags/subdags/subdag.py
[2022-10-16T07:22:12.446-0300] {processor.py:178} INFO - Processing /home/renato/Documentos/datapipeline/.env/lib/python3.10/site-packages/airflow/example_dags/subdags/subdag.py took 0.034 seconds
[2022-10-16T07:22:47.221-0300] {processor.py:156} INFO - Started process (PID=6593) to work on /home/renato/Documentos/datapipeline/.env/lib/python3.10/site-packages/airflow/example_dags/subdags/subdag.py
[2022-10-16T07:22:47.224-0300] {processor.py:758} INFO - Processing file /home/renato/Documentos/datapipeline/.env/lib/python3.10/site-packages/airflow/example_dags/subdags/subdag.py for tasks to queue
[2022-10-16T07:22:47.225-0300] {logging_mixin.py:117} INFO - [2022-10-16T07:22:47.225-0300] {dagbag.py:525} INFO - Filling up the DagBag from /home/renato/Documentos/datapipeline/.env/lib/python3.10/site-packages/airflow/example_dags/subdags/subdag.py
[2022-10-16T07:22:47.229-0300] {processor.py:770} WARNING - No viable dags retrieved from /home/renato/Documentos/datapipeline/.env/lib/python3.10/site-packages/airflow/example_dags/subdags/subdag.py
[2022-10-16T07:22:47.237-0300] {processor.py:178} INFO - Processing /home/renato/Documentos/datapipeline/.env/lib/python3.10/site-packages/airflow/example_dags/subdags/subdag.py took 0.021 seconds
[2022-10-16T07:23:23.596-0300] {processor.py:156} INFO - Started process (PID=6659) to work on /home/renato/Documentos/datapipeline/.env/lib/python3.10/site-packages/airflow/example_dags/subdags/subdag.py
[2022-10-16T07:23:23.598-0300] {processor.py:758} INFO - Processing file /home/renato/Documentos/datapipeline/.env/lib/python3.10/site-packages/airflow/example_dags/subdags/subdag.py for tasks to queue
[2022-10-16T07:23:23.599-0300] {logging_mixin.py:117} INFO - [2022-10-16T07:23:23.598-0300] {dagbag.py:525} INFO - Filling up the DagBag from /home/renato/Documentos/datapipeline/.env/lib/python3.10/site-packages/airflow/example_dags/subdags/subdag.py
[2022-10-16T07:23:23.603-0300] {processor.py:770} WARNING - No viable dags retrieved from /home/renato/Documentos/datapipeline/.env/lib/python3.10/site-packages/airflow/example_dags/subdags/subdag.py
[2022-10-16T07:23:23.613-0300] {processor.py:178} INFO - Processing /home/renato/Documentos/datapipeline/.env/lib/python3.10/site-packages/airflow/example_dags/subdags/subdag.py took 0.021 seconds
[2022-10-16T07:24:02.030-0300] {processor.py:156} INFO - Started process (PID=6727) to work on /home/renato/Documentos/datapipeline/.env/lib/python3.10/site-packages/airflow/example_dags/subdags/subdag.py
[2022-10-16T07:24:02.034-0300] {processor.py:758} INFO - Processing file /home/renato/Documentos/datapipeline/.env/lib/python3.10/site-packages/airflow/example_dags/subdags/subdag.py for tasks to queue
[2022-10-16T07:24:02.035-0300] {logging_mixin.py:117} INFO - [2022-10-16T07:24:02.034-0300] {dagbag.py:525} INFO - Filling up the DagBag from /home/renato/Documentos/datapipeline/.env/lib/python3.10/site-packages/airflow/example_dags/subdags/subdag.py
[2022-10-16T07:24:02.040-0300] {processor.py:770} WARNING - No viable dags retrieved from /home/renato/Documentos/datapipeline/.env/lib/python3.10/site-packages/airflow/example_dags/subdags/subdag.py
[2022-10-16T07:24:02.052-0300] {processor.py:178} INFO - Processing /home/renato/Documentos/datapipeline/.env/lib/python3.10/site-packages/airflow/example_dags/subdags/subdag.py took 0.027 seconds
[2022-10-16T07:24:40.627-0300] {processor.py:156} INFO - Started process (PID=6805) to work on /home/renato/Documentos/datapipeline/.env/lib/python3.10/site-packages/airflow/example_dags/subdags/subdag.py
[2022-10-16T07:24:40.630-0300] {processor.py:758} INFO - Processing file /home/renato/Documentos/datapipeline/.env/lib/python3.10/site-packages/airflow/example_dags/subdags/subdag.py for tasks to queue
[2022-10-16T07:24:40.631-0300] {logging_mixin.py:117} INFO - [2022-10-16T07:24:40.631-0300] {dagbag.py:525} INFO - Filling up the DagBag from /home/renato/Documentos/datapipeline/.env/lib/python3.10/site-packages/airflow/example_dags/subdags/subdag.py
[2022-10-16T07:24:40.636-0300] {processor.py:770} WARNING - No viable dags retrieved from /home/renato/Documentos/datapipeline/.env/lib/python3.10/site-packages/airflow/example_dags/subdags/subdag.py
[2022-10-16T07:24:40.646-0300] {processor.py:178} INFO - Processing /home/renato/Documentos/datapipeline/.env/lib/python3.10/site-packages/airflow/example_dags/subdags/subdag.py took 0.028 seconds
[2022-10-16T07:25:19.313-0300] {processor.py:156} INFO - Started process (PID=6982) to work on /home/renato/Documentos/datapipeline/.env/lib/python3.10/site-packages/airflow/example_dags/subdags/subdag.py
[2022-10-16T07:25:19.316-0300] {processor.py:758} INFO - Processing file /home/renato/Documentos/datapipeline/.env/lib/python3.10/site-packages/airflow/example_dags/subdags/subdag.py for tasks to queue
[2022-10-16T07:25:19.317-0300] {logging_mixin.py:117} INFO - [2022-10-16T07:25:19.316-0300] {dagbag.py:525} INFO - Filling up the DagBag from /home/renato/Documentos/datapipeline/.env/lib/python3.10/site-packages/airflow/example_dags/subdags/subdag.py
[2022-10-16T07:25:19.320-0300] {processor.py:770} WARNING - No viable dags retrieved from /home/renato/Documentos/datapipeline/.env/lib/python3.10/site-packages/airflow/example_dags/subdags/subdag.py
[2022-10-16T07:25:19.331-0300] {processor.py:178} INFO - Processing /home/renato/Documentos/datapipeline/.env/lib/python3.10/site-packages/airflow/example_dags/subdags/subdag.py took 0.022 seconds
[2022-10-16T07:25:55.568-0300] {processor.py:156} INFO - Started process (PID=7058) to work on /home/renato/Documentos/datapipeline/.env/lib/python3.10/site-packages/airflow/example_dags/subdags/subdag.py
[2022-10-16T07:25:55.573-0300] {processor.py:758} INFO - Processing file /home/renato/Documentos/datapipeline/.env/lib/python3.10/site-packages/airflow/example_dags/subdags/subdag.py for tasks to queue
[2022-10-16T07:25:55.574-0300] {logging_mixin.py:117} INFO - [2022-10-16T07:25:55.574-0300] {dagbag.py:525} INFO - Filling up the DagBag from /home/renato/Documentos/datapipeline/.env/lib/python3.10/site-packages/airflow/example_dags/subdags/subdag.py
[2022-10-16T07:25:55.579-0300] {processor.py:770} WARNING - No viable dags retrieved from /home/renato/Documentos/datapipeline/.env/lib/python3.10/site-packages/airflow/example_dags/subdags/subdag.py
[2022-10-16T07:25:55.587-0300] {processor.py:178} INFO - Processing /home/renato/Documentos/datapipeline/.env/lib/python3.10/site-packages/airflow/example_dags/subdags/subdag.py took 0.022 seconds
[2022-10-16T07:26:33.109-0300] {processor.py:156} INFO - Started process (PID=7135) to work on /home/renato/Documentos/datapipeline/.env/lib/python3.10/site-packages/airflow/example_dags/subdags/subdag.py
[2022-10-16T07:26:33.114-0300] {processor.py:758} INFO - Processing file /home/renato/Documentos/datapipeline/.env/lib/python3.10/site-packages/airflow/example_dags/subdags/subdag.py for tasks to queue
[2022-10-16T07:26:33.115-0300] {logging_mixin.py:117} INFO - [2022-10-16T07:26:33.115-0300] {dagbag.py:525} INFO - Filling up the DagBag from /home/renato/Documentos/datapipeline/.env/lib/python3.10/site-packages/airflow/example_dags/subdags/subdag.py
[2022-10-16T07:26:33.120-0300] {processor.py:770} WARNING - No viable dags retrieved from /home/renato/Documentos/datapipeline/.env/lib/python3.10/site-packages/airflow/example_dags/subdags/subdag.py
[2022-10-16T07:26:33.132-0300] {processor.py:178} INFO - Processing /home/renato/Documentos/datapipeline/.env/lib/python3.10/site-packages/airflow/example_dags/subdags/subdag.py took 0.026 seconds
[2022-10-16T07:27:15.418-0300] {processor.py:156} INFO - Started process (PID=7209) to work on /home/renato/Documentos/datapipeline/.env/lib/python3.10/site-packages/airflow/example_dags/subdags/subdag.py
[2022-10-16T07:27:15.424-0300] {processor.py:758} INFO - Processing file /home/renato/Documentos/datapipeline/.env/lib/python3.10/site-packages/airflow/example_dags/subdags/subdag.py for tasks to queue
[2022-10-16T07:27:15.426-0300] {logging_mixin.py:117} INFO - [2022-10-16T07:27:15.426-0300] {dagbag.py:525} INFO - Filling up the DagBag from /home/renato/Documentos/datapipeline/.env/lib/python3.10/site-packages/airflow/example_dags/subdags/subdag.py
[2022-10-16T07:27:15.430-0300] {processor.py:770} WARNING - No viable dags retrieved from /home/renato/Documentos/datapipeline/.env/lib/python3.10/site-packages/airflow/example_dags/subdags/subdag.py
[2022-10-16T07:27:15.439-0300] {processor.py:178} INFO - Processing /home/renato/Documentos/datapipeline/.env/lib/python3.10/site-packages/airflow/example_dags/subdags/subdag.py took 0.026 seconds
[2022-10-16T07:27:52.842-0300] {processor.py:156} INFO - Started process (PID=7283) to work on /home/renato/Documentos/datapipeline/.env/lib/python3.10/site-packages/airflow/example_dags/subdags/subdag.py
[2022-10-16T07:27:52.845-0300] {processor.py:758} INFO - Processing file /home/renato/Documentos/datapipeline/.env/lib/python3.10/site-packages/airflow/example_dags/subdags/subdag.py for tasks to queue
[2022-10-16T07:27:52.846-0300] {logging_mixin.py:117} INFO - [2022-10-16T07:27:52.846-0300] {dagbag.py:525} INFO - Filling up the DagBag from /home/renato/Documentos/datapipeline/.env/lib/python3.10/site-packages/airflow/example_dags/subdags/subdag.py
[2022-10-16T07:27:52.852-0300] {processor.py:770} WARNING - No viable dags retrieved from /home/renato/Documentos/datapipeline/.env/lib/python3.10/site-packages/airflow/example_dags/subdags/subdag.py
[2022-10-16T07:27:52.866-0300] {processor.py:178} INFO - Processing /home/renato/Documentos/datapipeline/.env/lib/python3.10/site-packages/airflow/example_dags/subdags/subdag.py took 0.029 seconds
[2022-10-16T07:28:35.894-0300] {processor.py:156} INFO - Started process (PID=7357) to work on /home/renato/Documentos/datapipeline/.env/lib/python3.10/site-packages/airflow/example_dags/subdags/subdag.py
[2022-10-16T07:28:35.897-0300] {processor.py:758} INFO - Processing file /home/renato/Documentos/datapipeline/.env/lib/python3.10/site-packages/airflow/example_dags/subdags/subdag.py for tasks to queue
[2022-10-16T07:28:35.898-0300] {logging_mixin.py:117} INFO - [2022-10-16T07:28:35.898-0300] {dagbag.py:525} INFO - Filling up the DagBag from /home/renato/Documentos/datapipeline/.env/lib/python3.10/site-packages/airflow/example_dags/subdags/subdag.py
[2022-10-16T07:28:35.905-0300] {processor.py:770} WARNING - No viable dags retrieved from /home/renato/Documentos/datapipeline/.env/lib/python3.10/site-packages/airflow/example_dags/subdags/subdag.py
[2022-10-16T07:28:35.916-0300] {processor.py:178} INFO - Processing /home/renato/Documentos/datapipeline/.env/lib/python3.10/site-packages/airflow/example_dags/subdags/subdag.py took 0.026 seconds
[2022-10-16T07:29:12.732-0300] {processor.py:156} INFO - Started process (PID=7428) to work on /home/renato/Documentos/datapipeline/.env/lib/python3.10/site-packages/airflow/example_dags/subdags/subdag.py
[2022-10-16T07:29:12.735-0300] {processor.py:758} INFO - Processing file /home/renato/Documentos/datapipeline/.env/lib/python3.10/site-packages/airflow/example_dags/subdags/subdag.py for tasks to queue
[2022-10-16T07:29:12.736-0300] {logging_mixin.py:117} INFO - [2022-10-16T07:29:12.736-0300] {dagbag.py:525} INFO - Filling up the DagBag from /home/renato/Documentos/datapipeline/.env/lib/python3.10/site-packages/airflow/example_dags/subdags/subdag.py
[2022-10-16T07:29:12.745-0300] {processor.py:770} WARNING - No viable dags retrieved from /home/renato/Documentos/datapipeline/.env/lib/python3.10/site-packages/airflow/example_dags/subdags/subdag.py
[2022-10-16T07:29:12.762-0300] {processor.py:178} INFO - Processing /home/renato/Documentos/datapipeline/.env/lib/python3.10/site-packages/airflow/example_dags/subdags/subdag.py took 0.039 seconds
[2022-10-16T07:29:50.370-0300] {processor.py:156} INFO - Started process (PID=7495) to work on /home/renato/Documentos/datapipeline/.env/lib/python3.10/site-packages/airflow/example_dags/subdags/subdag.py
[2022-10-16T07:29:50.375-0300] {processor.py:758} INFO - Processing file /home/renato/Documentos/datapipeline/.env/lib/python3.10/site-packages/airflow/example_dags/subdags/subdag.py for tasks to queue
[2022-10-16T07:29:50.376-0300] {logging_mixin.py:117} INFO - [2022-10-16T07:29:50.376-0300] {dagbag.py:525} INFO - Filling up the DagBag from /home/renato/Documentos/datapipeline/.env/lib/python3.10/site-packages/airflow/example_dags/subdags/subdag.py
[2022-10-16T07:29:50.380-0300] {processor.py:770} WARNING - No viable dags retrieved from /home/renato/Documentos/datapipeline/.env/lib/python3.10/site-packages/airflow/example_dags/subdags/subdag.py
[2022-10-16T07:29:50.389-0300] {processor.py:178} INFO - Processing /home/renato/Documentos/datapipeline/.env/lib/python3.10/site-packages/airflow/example_dags/subdags/subdag.py took 0.023 seconds
[2022-10-16T07:31:10.643-0300] {processor.py:156} INFO - Started process (PID=7835) to work on /home/renato/Documentos/datapipeline/.env/lib/python3.10/site-packages/airflow/example_dags/subdags/subdag.py
[2022-10-16T07:31:10.652-0300] {processor.py:758} INFO - Processing file /home/renato/Documentos/datapipeline/.env/lib/python3.10/site-packages/airflow/example_dags/subdags/subdag.py for tasks to queue
[2022-10-16T07:31:10.653-0300] {logging_mixin.py:117} INFO - [2022-10-16T07:31:10.653-0300] {dagbag.py:525} INFO - Filling up the DagBag from /home/renato/Documentos/datapipeline/.env/lib/python3.10/site-packages/airflow/example_dags/subdags/subdag.py
[2022-10-16T07:31:10.656-0300] {processor.py:770} WARNING - No viable dags retrieved from /home/renato/Documentos/datapipeline/.env/lib/python3.10/site-packages/airflow/example_dags/subdags/subdag.py
[2022-10-16T07:31:10.666-0300] {processor.py:178} INFO - Processing /home/renato/Documentos/datapipeline/.env/lib/python3.10/site-packages/airflow/example_dags/subdags/subdag.py took 0.026 seconds
[2022-10-16T08:30:38.935-0300] {processor.py:156} INFO - Started process (PID=2571) to work on /home/renato/Documentos/datapipeline/.env/lib/python3.10/site-packages/airflow/example_dags/subdags/subdag.py
[2022-10-16T08:30:38.937-0300] {processor.py:758} INFO - Processing file /home/renato/Documentos/datapipeline/.env/lib/python3.10/site-packages/airflow/example_dags/subdags/subdag.py for tasks to queue
[2022-10-16T08:30:38.938-0300] {logging_mixin.py:117} INFO - [2022-10-16T08:30:38.938-0300] {dagbag.py:525} INFO - Filling up the DagBag from /home/renato/Documentos/datapipeline/.env/lib/python3.10/site-packages/airflow/example_dags/subdags/subdag.py
[2022-10-16T08:30:38.948-0300] {processor.py:770} WARNING - No viable dags retrieved from /home/renato/Documentos/datapipeline/.env/lib/python3.10/site-packages/airflow/example_dags/subdags/subdag.py
[2022-10-16T08:30:38.957-0300] {processor.py:178} INFO - Processing /home/renato/Documentos/datapipeline/.env/lib/python3.10/site-packages/airflow/example_dags/subdags/subdag.py took 0.026 seconds
[2022-10-16T08:31:18.040-0300] {processor.py:156} INFO - Started process (PID=2630) to work on /home/renato/Documentos/datapipeline/.env/lib/python3.10/site-packages/airflow/example_dags/subdags/subdag.py
[2022-10-16T08:31:18.043-0300] {processor.py:758} INFO - Processing file /home/renato/Documentos/datapipeline/.env/lib/python3.10/site-packages/airflow/example_dags/subdags/subdag.py for tasks to queue
[2022-10-16T08:31:18.044-0300] {logging_mixin.py:117} INFO - [2022-10-16T08:31:18.044-0300] {dagbag.py:525} INFO - Filling up the DagBag from /home/renato/Documentos/datapipeline/.env/lib/python3.10/site-packages/airflow/example_dags/subdags/subdag.py
[2022-10-16T08:31:18.048-0300] {processor.py:770} WARNING - No viable dags retrieved from /home/renato/Documentos/datapipeline/.env/lib/python3.10/site-packages/airflow/example_dags/subdags/subdag.py
[2022-10-16T08:31:18.057-0300] {processor.py:178} INFO - Processing /home/renato/Documentos/datapipeline/.env/lib/python3.10/site-packages/airflow/example_dags/subdags/subdag.py took 0.023 seconds
[2022-10-16T08:31:54.695-0300] {processor.py:156} INFO - Started process (PID=2671) to work on /home/renato/Documentos/datapipeline/.env/lib/python3.10/site-packages/airflow/example_dags/subdags/subdag.py
[2022-10-16T08:31:54.697-0300] {processor.py:758} INFO - Processing file /home/renato/Documentos/datapipeline/.env/lib/python3.10/site-packages/airflow/example_dags/subdags/subdag.py for tasks to queue
[2022-10-16T08:31:54.698-0300] {logging_mixin.py:117} INFO - [2022-10-16T08:31:54.698-0300] {dagbag.py:525} INFO - Filling up the DagBag from /home/renato/Documentos/datapipeline/.env/lib/python3.10/site-packages/airflow/example_dags/subdags/subdag.py
[2022-10-16T08:31:54.704-0300] {processor.py:770} WARNING - No viable dags retrieved from /home/renato/Documentos/datapipeline/.env/lib/python3.10/site-packages/airflow/example_dags/subdags/subdag.py
[2022-10-16T08:31:54.712-0300] {processor.py:178} INFO - Processing /home/renato/Documentos/datapipeline/.env/lib/python3.10/site-packages/airflow/example_dags/subdags/subdag.py took 0.022 seconds
[2022-10-16T08:32:32.168-0300] {processor.py:156} INFO - Started process (PID=3124) to work on /home/renato/Documentos/datapipeline/.env/lib/python3.10/site-packages/airflow/example_dags/subdags/subdag.py
[2022-10-16T08:32:32.171-0300] {processor.py:758} INFO - Processing file /home/renato/Documentos/datapipeline/.env/lib/python3.10/site-packages/airflow/example_dags/subdags/subdag.py for tasks to queue
[2022-10-16T08:32:32.171-0300] {logging_mixin.py:117} INFO - [2022-10-16T08:32:32.171-0300] {dagbag.py:525} INFO - Filling up the DagBag from /home/renato/Documentos/datapipeline/.env/lib/python3.10/site-packages/airflow/example_dags/subdags/subdag.py
[2022-10-16T08:32:32.175-0300] {processor.py:770} WARNING - No viable dags retrieved from /home/renato/Documentos/datapipeline/.env/lib/python3.10/site-packages/airflow/example_dags/subdags/subdag.py
[2022-10-16T08:32:32.181-0300] {processor.py:178} INFO - Processing /home/renato/Documentos/datapipeline/.env/lib/python3.10/site-packages/airflow/example_dags/subdags/subdag.py took 0.015 seconds
[2022-10-16T08:33:10.930-0300] {processor.py:156} INFO - Started process (PID=3164) to work on /home/renato/Documentos/datapipeline/.env/lib/python3.10/site-packages/airflow/example_dags/subdags/subdag.py
[2022-10-16T08:33:10.933-0300] {processor.py:758} INFO - Processing file /home/renato/Documentos/datapipeline/.env/lib/python3.10/site-packages/airflow/example_dags/subdags/subdag.py for tasks to queue
[2022-10-16T08:33:10.934-0300] {logging_mixin.py:117} INFO - [2022-10-16T08:33:10.934-0300] {dagbag.py:525} INFO - Filling up the DagBag from /home/renato/Documentos/datapipeline/.env/lib/python3.10/site-packages/airflow/example_dags/subdags/subdag.py
[2022-10-16T08:33:10.938-0300] {processor.py:770} WARNING - No viable dags retrieved from /home/renato/Documentos/datapipeline/.env/lib/python3.10/site-packages/airflow/example_dags/subdags/subdag.py
[2022-10-16T08:33:10.949-0300] {processor.py:178} INFO - Processing /home/renato/Documentos/datapipeline/.env/lib/python3.10/site-packages/airflow/example_dags/subdags/subdag.py took 0.024 seconds
[2022-10-16T08:33:52.465-0300] {processor.py:156} INFO - Started process (PID=3207) to work on /home/renato/Documentos/datapipeline/.env/lib/python3.10/site-packages/airflow/example_dags/subdags/subdag.py
[2022-10-16T08:33:52.468-0300] {processor.py:758} INFO - Processing file /home/renato/Documentos/datapipeline/.env/lib/python3.10/site-packages/airflow/example_dags/subdags/subdag.py for tasks to queue
[2022-10-16T08:33:52.469-0300] {logging_mixin.py:117} INFO - [2022-10-16T08:33:52.469-0300] {dagbag.py:525} INFO - Filling up the DagBag from /home/renato/Documentos/datapipeline/.env/lib/python3.10/site-packages/airflow/example_dags/subdags/subdag.py
[2022-10-16T08:33:52.476-0300] {processor.py:770} WARNING - No viable dags retrieved from /home/renato/Documentos/datapipeline/.env/lib/python3.10/site-packages/airflow/example_dags/subdags/subdag.py
[2022-10-16T08:33:52.489-0300] {processor.py:178} INFO - Processing /home/renato/Documentos/datapipeline/.env/lib/python3.10/site-packages/airflow/example_dags/subdags/subdag.py took 0.029 seconds
[2022-10-16T08:35:40.556-0300] {processor.py:156} INFO - Started process (PID=3383) to work on /home/renato/Documentos/datapipeline/.env/lib/python3.10/site-packages/airflow/example_dags/subdags/subdag.py
[2022-10-16T08:35:40.559-0300] {processor.py:758} INFO - Processing file /home/renato/Documentos/datapipeline/.env/lib/python3.10/site-packages/airflow/example_dags/subdags/subdag.py for tasks to queue
[2022-10-16T08:35:40.559-0300] {logging_mixin.py:117} INFO - [2022-10-16T08:35:40.559-0300] {dagbag.py:525} INFO - Filling up the DagBag from /home/renato/Documentos/datapipeline/.env/lib/python3.10/site-packages/airflow/example_dags/subdags/subdag.py
[2022-10-16T08:35:40.565-0300] {processor.py:770} WARNING - No viable dags retrieved from /home/renato/Documentos/datapipeline/.env/lib/python3.10/site-packages/airflow/example_dags/subdags/subdag.py
[2022-10-16T08:35:40.573-0300] {processor.py:178} INFO - Processing /home/renato/Documentos/datapipeline/.env/lib/python3.10/site-packages/airflow/example_dags/subdags/subdag.py took 0.019 seconds
[2022-10-16T08:36:18.418-0300] {processor.py:156} INFO - Started process (PID=3468) to work on /home/renato/Documentos/datapipeline/.env/lib/python3.10/site-packages/airflow/example_dags/subdags/subdag.py
[2022-10-16T08:36:18.421-0300] {processor.py:758} INFO - Processing file /home/renato/Documentos/datapipeline/.env/lib/python3.10/site-packages/airflow/example_dags/subdags/subdag.py for tasks to queue
[2022-10-16T08:36:18.423-0300] {logging_mixin.py:117} INFO - [2022-10-16T08:36:18.422-0300] {dagbag.py:525} INFO - Filling up the DagBag from /home/renato/Documentos/datapipeline/.env/lib/python3.10/site-packages/airflow/example_dags/subdags/subdag.py
[2022-10-16T08:36:18.430-0300] {processor.py:770} WARNING - No viable dags retrieved from /home/renato/Documentos/datapipeline/.env/lib/python3.10/site-packages/airflow/example_dags/subdags/subdag.py
[2022-10-16T08:36:18.438-0300] {processor.py:178} INFO - Processing /home/renato/Documentos/datapipeline/.env/lib/python3.10/site-packages/airflow/example_dags/subdags/subdag.py took 0.026 seconds
