[2022-11-08T19:51:37.676-0300] {taskinstance.py:1165} INFO - Dependencies all met for <TaskInstance: twitter_dag.transform_twitter_aluraonline manual__2022-11-08T22:51:22.091934+00:00 [queued]>
[2022-11-08T19:51:37.682-0300] {taskinstance.py:1165} INFO - Dependencies all met for <TaskInstance: twitter_dag.transform_twitter_aluraonline manual__2022-11-08T22:51:22.091934+00:00 [queued]>
[2022-11-08T19:51:37.682-0300] {taskinstance.py:1362} INFO - 
--------------------------------------------------------------------------------
[2022-11-08T19:51:37.682-0300] {taskinstance.py:1363} INFO - Starting attempt 1 of 1
[2022-11-08T19:51:37.682-0300] {taskinstance.py:1364} INFO - 
--------------------------------------------------------------------------------
[2022-11-08T19:51:37.702-0300] {taskinstance.py:1383} INFO - Executing <Task(SparkSubmitOperator): transform_twitter_aluraonline> on 2022-11-08 22:51:22.091934+00:00
[2022-11-08T19:51:37.703-0300] {standard_task_runner.py:54} INFO - Started process 17566 to run task
[2022-11-08T19:51:37.706-0300] {standard_task_runner.py:82} INFO - Running: ['airflow', 'tasks', 'run', 'twitter_dag', 'transform_twitter_aluraonline', 'manual__2022-11-08T22:51:22.091934+00:00', '--job-id', '107', '--raw', '--subdir', 'DAGS_FOLDER/twitter_dag.py', '--cfg-path', '/tmp/tmp0wvg3ycs']
[2022-11-08T19:51:37.707-0300] {standard_task_runner.py:83} INFO - Job 107: Subtask transform_twitter_aluraonline
[2022-11-08T19:51:37.708-0300] {dagbag.py:525} INFO - Filling up the DagBag from /home/renato/Documentos/datapipeline/airflow/dags/twitter_dag.py
[2022-11-08T19:51:37.755-0300] {tutorial_taskflow_api_virtualenv.py:29} WARNING - The tutorial_taskflow_api_virtualenv example DAG requires virtualenv, please install it.
[2022-11-08T19:51:37.763-0300] {taskmixin.py:205} WARNING - Dependency <Task(_PythonDecoratedOperator): print_the_context>, log_sql_query already registered for DAG: example_python_operator
[2022-11-08T19:51:37.763-0300] {taskmixin.py:205} WARNING - Dependency <Task(_PythonDecoratedOperator): log_sql_query>, print_the_context already registered for DAG: example_python_operator
[2022-11-08T19:51:37.764-0300] {taskmixin.py:205} WARNING - Dependency <Task(_PythonDecoratedOperator): print_the_context>, log_sql_query already registered for DAG: example_python_operator
[2022-11-08T19:51:37.764-0300] {taskmixin.py:205} WARNING - Dependency <Task(_PythonDecoratedOperator): log_sql_query>, print_the_context already registered for DAG: example_python_operator
[2022-11-08T19:51:37.765-0300] {taskmixin.py:205} WARNING - Dependency <Task(_PythonDecoratedOperator): print_the_context>, log_sql_query already registered for DAG: example_python_operator
[2022-11-08T19:51:37.765-0300] {taskmixin.py:205} WARNING - Dependency <Task(_PythonDecoratedOperator): log_sql_query>, print_the_context already registered for DAG: example_python_operator
[2022-11-08T19:51:37.765-0300] {taskmixin.py:205} WARNING - Dependency <Task(_PythonDecoratedOperator): print_the_context>, log_sql_query already registered for DAG: example_python_operator
[2022-11-08T19:51:37.766-0300] {taskmixin.py:205} WARNING - Dependency <Task(_PythonDecoratedOperator): log_sql_query>, print_the_context already registered for DAG: example_python_operator
[2022-11-08T19:51:37.766-0300] {example_python_operator.py:85} WARNING - The virtalenv_python example task requires virtualenv, please install it.
[2022-11-08T19:51:37.800-0300] {taskmixin.py:205} WARNING - Dependency <Task(_PythonDecoratedOperator): extract>, transform already registered for DAG: tutorial_taskflow_api
[2022-11-08T19:51:37.800-0300] {taskmixin.py:205} WARNING - Dependency <Task(_PythonDecoratedOperator): transform>, extract already registered for DAG: tutorial_taskflow_api
[2022-11-08T19:51:37.801-0300] {taskmixin.py:205} WARNING - Dependency <Task(_PythonDecoratedOperator): extract>, transform already registered for DAG: tutorial_taskflow_api
[2022-11-08T19:51:37.801-0300] {taskmixin.py:205} WARNING - Dependency <Task(_PythonDecoratedOperator): transform>, extract already registered for DAG: tutorial_taskflow_api
[2022-11-08T19:51:37.801-0300] {taskmixin.py:205} WARNING - Dependency <Task(_PythonDecoratedOperator): extract>, transform already registered for DAG: tutorial_taskflow_api
[2022-11-08T19:51:37.801-0300] {taskmixin.py:205} WARNING - Dependency <Task(_PythonDecoratedOperator): transform>, extract already registered for DAG: tutorial_taskflow_api
[2022-11-08T19:51:37.801-0300] {taskmixin.py:205} WARNING - Dependency <Task(_PythonDecoratedOperator): extract>, transform already registered for DAG: tutorial_taskflow_api
[2022-11-08T19:51:37.801-0300] {taskmixin.py:205} WARNING - Dependency <Task(_PythonDecoratedOperator): transform>, extract already registered for DAG: tutorial_taskflow_api
[2022-11-08T19:51:37.801-0300] {taskmixin.py:205} WARNING - Dependency <Task(_PythonDecoratedOperator): extract>, transform already registered for DAG: tutorial_taskflow_api
[2022-11-08T19:51:37.801-0300] {taskmixin.py:205} WARNING - Dependency <Task(_PythonDecoratedOperator): transform>, extract already registered for DAG: tutorial_taskflow_api
[2022-11-08T19:51:37.802-0300] {taskmixin.py:205} WARNING - Dependency <Task(_PythonDecoratedOperator): extract>, transform already registered for DAG: tutorial_taskflow_api
[2022-11-08T19:51:37.802-0300] {taskmixin.py:205} WARNING - Dependency <Task(_PythonDecoratedOperator): transform>, extract already registered for DAG: tutorial_taskflow_api
[2022-11-08T19:51:37.802-0300] {taskmixin.py:205} WARNING - Dependency <Task(_PythonDecoratedOperator): transform>, load already registered for DAG: tutorial_taskflow_api
[2022-11-08T19:51:37.802-0300] {taskmixin.py:205} WARNING - Dependency <Task(_PythonDecoratedOperator): load>, transform already registered for DAG: tutorial_taskflow_api
[2022-11-08T19:51:37.802-0300] {taskmixin.py:205} WARNING - Dependency <Task(_PythonDecoratedOperator): transform>, load already registered for DAG: tutorial_taskflow_api
[2022-11-08T19:51:37.803-0300] {taskmixin.py:205} WARNING - Dependency <Task(_PythonDecoratedOperator): load>, transform already registered for DAG: tutorial_taskflow_api
[2022-11-08T19:51:37.803-0300] {taskmixin.py:205} WARNING - Dependency <Task(_PythonDecoratedOperator): transform>, load already registered for DAG: tutorial_taskflow_api
[2022-11-08T19:51:37.803-0300] {taskmixin.py:205} WARNING - Dependency <Task(_PythonDecoratedOperator): load>, transform already registered for DAG: tutorial_taskflow_api
[2022-11-08T19:51:37.803-0300] {taskmixin.py:205} WARNING - Dependency <Task(_PythonDecoratedOperator): transform>, load already registered for DAG: tutorial_taskflow_api
[2022-11-08T19:51:37.803-0300] {taskmixin.py:205} WARNING - Dependency <Task(_PythonDecoratedOperator): load>, transform already registered for DAG: tutorial_taskflow_api
[2022-11-08T19:51:37.803-0300] {taskmixin.py:205} WARNING - Dependency <Task(_PythonDecoratedOperator): transform>, load already registered for DAG: tutorial_taskflow_api
[2022-11-08T19:51:37.803-0300] {taskmixin.py:205} WARNING - Dependency <Task(_PythonDecoratedOperator): load>, transform already registered for DAG: tutorial_taskflow_api
[2022-11-08T19:51:37.803-0300] {taskmixin.py:205} WARNING - Dependency <Task(_PythonDecoratedOperator): transform>, load already registered for DAG: tutorial_taskflow_api
[2022-11-08T19:51:37.804-0300] {taskmixin.py:205} WARNING - Dependency <Task(_PythonDecoratedOperator): load>, transform already registered for DAG: tutorial_taskflow_api
[2022-11-08T19:51:37.818-0300] {taskmixin.py:205} WARNING - Dependency <Task(_PythonDecoratedOperator): push_by_returning>, puller already registered for DAG: example_xcom
[2022-11-08T19:51:37.818-0300] {taskmixin.py:205} WARNING - Dependency <Task(_PythonDecoratedOperator): puller>, push_by_returning already registered for DAG: example_xcom
[2022-11-08T19:51:37.818-0300] {taskmixin.py:205} WARNING - Dependency <Task(_PythonDecoratedOperator): push_by_returning>, puller already registered for DAG: example_xcom
[2022-11-08T19:51:37.819-0300] {taskmixin.py:205} WARNING - Dependency <Task(_PythonDecoratedOperator): puller>, push_by_returning already registered for DAG: example_xcom
[2022-11-08T19:51:37.819-0300] {taskmixin.py:205} WARNING - Dependency <Task(_PythonDecoratedOperator): push_by_returning>, puller already registered for DAG: example_xcom
[2022-11-08T19:51:37.819-0300] {taskmixin.py:205} WARNING - Dependency <Task(_PythonDecoratedOperator): puller>, push_by_returning already registered for DAG: example_xcom
[2022-11-08T19:51:37.819-0300] {taskmixin.py:205} WARNING - Dependency <Task(_PythonDecoratedOperator): push_by_returning>, puller already registered for DAG: example_xcom
[2022-11-08T19:51:37.819-0300] {taskmixin.py:205} WARNING - Dependency <Task(_PythonDecoratedOperator): puller>, push_by_returning already registered for DAG: example_xcom
[2022-11-08T19:51:37.819-0300] {taskmixin.py:205} WARNING - Dependency <Task(_PythonDecoratedOperator): push_by_returning>, puller already registered for DAG: example_xcom
[2022-11-08T19:51:37.819-0300] {taskmixin.py:205} WARNING - Dependency <Task(_PythonDecoratedOperator): puller>, push_by_returning already registered for DAG: example_xcom
[2022-11-08T19:51:37.819-0300] {taskmixin.py:205} WARNING - Dependency <Task(_PythonDecoratedOperator): push_by_returning>, puller already registered for DAG: example_xcom
[2022-11-08T19:51:37.819-0300] {taskmixin.py:205} WARNING - Dependency <Task(_PythonDecoratedOperator): puller>, push_by_returning already registered for DAG: example_xcom
[2022-11-08T19:51:37.908-0300] {taskmixin.py:205} WARNING - Dependency <Task(GetRequestOperator): get_ip>, prepare_email already registered for DAG: example_dag_decorator
[2022-11-08T19:51:37.908-0300] {taskmixin.py:205} WARNING - Dependency <Task(_PythonDecoratedOperator): prepare_email>, get_ip already registered for DAG: example_dag_decorator
[2022-11-08T19:51:37.908-0300] {taskmixin.py:205} WARNING - Dependency <Task(GetRequestOperator): get_ip>, prepare_email already registered for DAG: example_dag_decorator
[2022-11-08T19:51:37.908-0300] {taskmixin.py:205} WARNING - Dependency <Task(_PythonDecoratedOperator): prepare_email>, get_ip already registered for DAG: example_dag_decorator
[2022-11-08T19:51:37.908-0300] {taskmixin.py:205} WARNING - Dependency <Task(GetRequestOperator): get_ip>, prepare_email already registered for DAG: example_dag_decorator
[2022-11-08T19:51:37.909-0300] {taskmixin.py:205} WARNING - Dependency <Task(_PythonDecoratedOperator): prepare_email>, get_ip already registered for DAG: example_dag_decorator
[2022-11-08T19:51:37.909-0300] {taskmixin.py:205} WARNING - Dependency <Task(GetRequestOperator): get_ip>, prepare_email already registered for DAG: example_dag_decorator
[2022-11-08T19:51:37.909-0300] {taskmixin.py:205} WARNING - Dependency <Task(_PythonDecoratedOperator): prepare_email>, get_ip already registered for DAG: example_dag_decorator
[2022-11-08T19:51:37.909-0300] {taskmixin.py:205} WARNING - Dependency <Task(GetRequestOperator): get_ip>, prepare_email already registered for DAG: example_dag_decorator
[2022-11-08T19:51:37.909-0300] {taskmixin.py:205} WARNING - Dependency <Task(_PythonDecoratedOperator): prepare_email>, get_ip already registered for DAG: example_dag_decorator
[2022-11-08T19:51:37.909-0300] {taskmixin.py:205} WARNING - Dependency <Task(GetRequestOperator): get_ip>, prepare_email already registered for DAG: example_dag_decorator
[2022-11-08T19:51:37.909-0300] {taskmixin.py:205} WARNING - Dependency <Task(_PythonDecoratedOperator): prepare_email>, get_ip already registered for DAG: example_dag_decorator
[2022-11-08T19:51:37.910-0300] {taskmixin.py:205} WARNING - Dependency <Task(_PythonDecoratedOperator): prepare_email>, send_email already registered for DAG: example_dag_decorator
[2022-11-08T19:51:37.910-0300] {taskmixin.py:205} WARNING - Dependency <Task(EmailOperator): send_email>, prepare_email already registered for DAG: example_dag_decorator
[2022-11-08T19:51:37.910-0300] {taskmixin.py:205} WARNING - Dependency <Task(_PythonDecoratedOperator): prepare_email>, send_email already registered for DAG: example_dag_decorator
[2022-11-08T19:51:37.910-0300] {taskmixin.py:205} WARNING - Dependency <Task(EmailOperator): send_email>, prepare_email already registered for DAG: example_dag_decorator
[2022-11-08T19:51:37.910-0300] {taskmixin.py:205} WARNING - Dependency <Task(_PythonDecoratedOperator): prepare_email>, send_email already registered for DAG: example_dag_decorator
[2022-11-08T19:51:37.910-0300] {taskmixin.py:205} WARNING - Dependency <Task(EmailOperator): send_email>, prepare_email already registered for DAG: example_dag_decorator
[2022-11-08T19:51:37.911-0300] {taskmixin.py:205} WARNING - Dependency <Task(_PythonDecoratedOperator): prepare_email>, send_email already registered for DAG: example_dag_decorator
[2022-11-08T19:51:37.911-0300] {taskmixin.py:205} WARNING - Dependency <Task(EmailOperator): send_email>, prepare_email already registered for DAG: example_dag_decorator
[2022-11-08T19:51:37.911-0300] {taskmixin.py:205} WARNING - Dependency <Task(_PythonDecoratedOperator): prepare_email>, send_email already registered for DAG: example_dag_decorator
[2022-11-08T19:51:37.911-0300] {taskmixin.py:205} WARNING - Dependency <Task(EmailOperator): send_email>, prepare_email already registered for DAG: example_dag_decorator
[2022-11-08T19:51:37.911-0300] {taskmixin.py:205} WARNING - Dependency <Task(_PythonDecoratedOperator): prepare_email>, send_email already registered for DAG: example_dag_decorator
[2022-11-08T19:51:37.911-0300] {taskmixin.py:205} WARNING - Dependency <Task(EmailOperator): send_email>, prepare_email already registered for DAG: example_dag_decorator
[2022-11-08T19:51:37.927-0300] {taskmixin.py:205} WARNING - Dependency <Task(BashOperator): create_entry_group>, delete_entry_group already registered for DAG: example_complex
[2022-11-08T19:51:37.928-0300] {taskmixin.py:205} WARNING - Dependency <Task(BashOperator): delete_entry_group>, create_entry_group already registered for DAG: example_complex
[2022-11-08T19:51:37.928-0300] {taskmixin.py:205} WARNING - Dependency <Task(BashOperator): create_entry_gcs>, delete_entry already registered for DAG: example_complex
[2022-11-08T19:51:37.928-0300] {taskmixin.py:205} WARNING - Dependency <Task(BashOperator): delete_entry>, create_entry_gcs already registered for DAG: example_complex
[2022-11-08T19:51:37.928-0300] {taskmixin.py:205} WARNING - Dependency <Task(BashOperator): create_tag>, delete_tag already registered for DAG: example_complex
[2022-11-08T19:51:37.928-0300] {taskmixin.py:205} WARNING - Dependency <Task(BashOperator): delete_tag>, create_tag already registered for DAG: example_complex
[2022-11-08T19:51:37.939-0300] {taskmixin.py:205} WARNING - Dependency <Task(_PythonDecoratedOperator): task_group_function.task_1>, task_group_function.task_2 already registered for DAG: example_task_group_decorator
[2022-11-08T19:51:37.939-0300] {taskmixin.py:205} WARNING - Dependency <Task(_PythonDecoratedOperator): task_group_function.task_2>, task_group_function.task_1 already registered for DAG: example_task_group_decorator
[2022-11-08T19:51:37.939-0300] {taskmixin.py:205} WARNING - Dependency <Task(_PythonDecoratedOperator): task_group_function.task_1>, task_group_function.task_2 already registered for DAG: example_task_group_decorator
[2022-11-08T19:51:37.939-0300] {taskmixin.py:205} WARNING - Dependency <Task(_PythonDecoratedOperator): task_group_function.task_2>, task_group_function.task_1 already registered for DAG: example_task_group_decorator
[2022-11-08T19:51:37.939-0300] {taskmixin.py:205} WARNING - Dependency <Task(_PythonDecoratedOperator): task_group_function.task_1>, task_group_function.task_2 already registered for DAG: example_task_group_decorator
[2022-11-08T19:51:37.939-0300] {taskmixin.py:205} WARNING - Dependency <Task(_PythonDecoratedOperator): task_group_function.task_2>, task_group_function.task_1 already registered for DAG: example_task_group_decorator
[2022-11-08T19:51:37.939-0300] {taskmixin.py:205} WARNING - Dependency <Task(_PythonDecoratedOperator): task_group_function.task_1>, task_group_function.task_2 already registered for DAG: example_task_group_decorator
[2022-11-08T19:51:37.940-0300] {taskmixin.py:205} WARNING - Dependency <Task(_PythonDecoratedOperator): task_group_function.task_2>, task_group_function.task_1 already registered for DAG: example_task_group_decorator
[2022-11-08T19:51:37.940-0300] {taskmixin.py:205} WARNING - Dependency <Task(_PythonDecoratedOperator): task_group_function.task_1>, task_group_function.task_2 already registered for DAG: example_task_group_decorator
[2022-11-08T19:51:37.940-0300] {taskmixin.py:205} WARNING - Dependency <Task(_PythonDecoratedOperator): task_group_function.task_2>, task_group_function.task_1 already registered for DAG: example_task_group_decorator
[2022-11-08T19:51:37.940-0300] {taskmixin.py:205} WARNING - Dependency <Task(_PythonDecoratedOperator): task_group_function.task_1>, task_group_function.task_2 already registered for DAG: example_task_group_decorator
[2022-11-08T19:51:37.940-0300] {taskmixin.py:205} WARNING - Dependency <Task(_PythonDecoratedOperator): task_group_function.task_2>, task_group_function.task_1 already registered for DAG: example_task_group_decorator
[2022-11-08T19:51:37.940-0300] {taskmixin.py:205} WARNING - Dependency <Task(_PythonDecoratedOperator): task_group_function.task_2>, task_group_function.task_3 already registered for DAG: example_task_group_decorator
[2022-11-08T19:51:37.941-0300] {taskmixin.py:205} WARNING - Dependency <Task(_PythonDecoratedOperator): task_group_function.task_3>, task_group_function.task_2 already registered for DAG: example_task_group_decorator
[2022-11-08T19:51:37.941-0300] {taskmixin.py:205} WARNING - Dependency <Task(_PythonDecoratedOperator): task_group_function.task_2>, task_group_function.task_3 already registered for DAG: example_task_group_decorator
[2022-11-08T19:51:37.941-0300] {taskmixin.py:205} WARNING - Dependency <Task(_PythonDecoratedOperator): task_group_function.task_3>, task_group_function.task_2 already registered for DAG: example_task_group_decorator
[2022-11-08T19:51:37.941-0300] {taskmixin.py:205} WARNING - Dependency <Task(_PythonDecoratedOperator): task_group_function.task_2>, task_group_function.task_3 already registered for DAG: example_task_group_decorator
[2022-11-08T19:51:37.941-0300] {taskmixin.py:205} WARNING - Dependency <Task(_PythonDecoratedOperator): task_group_function.task_3>, task_group_function.task_2 already registered for DAG: example_task_group_decorator
[2022-11-08T19:51:37.941-0300] {taskmixin.py:205} WARNING - Dependency <Task(_PythonDecoratedOperator): task_group_function.task_2>, task_group_function.task_3 already registered for DAG: example_task_group_decorator
[2022-11-08T19:51:37.941-0300] {taskmixin.py:205} WARNING - Dependency <Task(_PythonDecoratedOperator): task_group_function.task_3>, task_group_function.task_2 already registered for DAG: example_task_group_decorator
[2022-11-08T19:51:37.942-0300] {taskmixin.py:205} WARNING - Dependency <Task(_PythonDecoratedOperator): task_group_function.task_2>, task_group_function.task_3 already registered for DAG: example_task_group_decorator
[2022-11-08T19:51:37.942-0300] {taskmixin.py:205} WARNING - Dependency <Task(_PythonDecoratedOperator): task_group_function.task_3>, task_group_function.task_2 already registered for DAG: example_task_group_decorator
[2022-11-08T19:51:37.942-0300] {taskmixin.py:205} WARNING - Dependency <Task(_PythonDecoratedOperator): task_group_function.task_2>, task_group_function.task_3 already registered for DAG: example_task_group_decorator
[2022-11-08T19:51:37.942-0300] {taskmixin.py:205} WARNING - Dependency <Task(_PythonDecoratedOperator): task_group_function.task_3>, task_group_function.task_2 already registered for DAG: example_task_group_decorator
[2022-11-08T19:51:37.943-0300] {taskmixin.py:205} WARNING - Dependency <Task(_PythonDecoratedOperator): task_group_function__1.task_1>, task_group_function__1.task_2 already registered for DAG: example_task_group_decorator
[2022-11-08T19:51:37.943-0300] {taskmixin.py:205} WARNING - Dependency <Task(_PythonDecoratedOperator): task_group_function__1.task_2>, task_group_function__1.task_1 already registered for DAG: example_task_group_decorator
[2022-11-08T19:51:37.943-0300] {taskmixin.py:205} WARNING - Dependency <Task(_PythonDecoratedOperator): task_group_function__1.task_1>, task_group_function__1.task_2 already registered for DAG: example_task_group_decorator
[2022-11-08T19:51:37.943-0300] {taskmixin.py:205} WARNING - Dependency <Task(_PythonDecoratedOperator): task_group_function__1.task_2>, task_group_function__1.task_1 already registered for DAG: example_task_group_decorator
[2022-11-08T19:51:37.944-0300] {taskmixin.py:205} WARNING - Dependency <Task(_PythonDecoratedOperator): task_group_function__1.task_1>, task_group_function__1.task_2 already registered for DAG: example_task_group_decorator
[2022-11-08T19:51:37.944-0300] {taskmixin.py:205} WARNING - Dependency <Task(_PythonDecoratedOperator): task_group_function__1.task_2>, task_group_function__1.task_1 already registered for DAG: example_task_group_decorator
[2022-11-08T19:51:37.944-0300] {taskmixin.py:205} WARNING - Dependency <Task(_PythonDecoratedOperator): task_group_function__1.task_1>, task_group_function__1.task_2 already registered for DAG: example_task_group_decorator
[2022-11-08T19:51:37.944-0300] {taskmixin.py:205} WARNING - Dependency <Task(_PythonDecoratedOperator): task_group_function__1.task_2>, task_group_function__1.task_1 already registered for DAG: example_task_group_decorator
[2022-11-08T19:51:37.944-0300] {taskmixin.py:205} WARNING - Dependency <Task(_PythonDecoratedOperator): task_group_function__1.task_1>, task_group_function__1.task_2 already registered for DAG: example_task_group_decorator
[2022-11-08T19:51:37.944-0300] {taskmixin.py:205} WARNING - Dependency <Task(_PythonDecoratedOperator): task_group_function__1.task_2>, task_group_function__1.task_1 already registered for DAG: example_task_group_decorator
[2022-11-08T19:51:37.944-0300] {taskmixin.py:205} WARNING - Dependency <Task(_PythonDecoratedOperator): task_group_function__1.task_1>, task_group_function__1.task_2 already registered for DAG: example_task_group_decorator
[2022-11-08T19:51:37.944-0300] {taskmixin.py:205} WARNING - Dependency <Task(_PythonDecoratedOperator): task_group_function__1.task_2>, task_group_function__1.task_1 already registered for DAG: example_task_group_decorator
[2022-11-08T19:51:37.945-0300] {taskmixin.py:205} WARNING - Dependency <Task(_PythonDecoratedOperator): task_group_function__1.task_2>, task_group_function__1.task_3 already registered for DAG: example_task_group_decorator
[2022-11-08T19:51:37.945-0300] {taskmixin.py:205} WARNING - Dependency <Task(_PythonDecoratedOperator): task_group_function__1.task_3>, task_group_function__1.task_2 already registered for DAG: example_task_group_decorator
[2022-11-08T19:51:37.945-0300] {taskmixin.py:205} WARNING - Dependency <Task(_PythonDecoratedOperator): task_group_function__1.task_2>, task_group_function__1.task_3 already registered for DAG: example_task_group_decorator
[2022-11-08T19:51:37.945-0300] {taskmixin.py:205} WARNING - Dependency <Task(_PythonDecoratedOperator): task_group_function__1.task_3>, task_group_function__1.task_2 already registered for DAG: example_task_group_decorator
[2022-11-08T19:51:37.945-0300] {taskmixin.py:205} WARNING - Dependency <Task(_PythonDecoratedOperator): task_group_function__1.task_2>, task_group_function__1.task_3 already registered for DAG: example_task_group_decorator
[2022-11-08T19:51:37.945-0300] {taskmixin.py:205} WARNING - Dependency <Task(_PythonDecoratedOperator): task_group_function__1.task_3>, task_group_function__1.task_2 already registered for DAG: example_task_group_decorator
[2022-11-08T19:51:37.946-0300] {taskmixin.py:205} WARNING - Dependency <Task(_PythonDecoratedOperator): task_group_function__1.task_2>, task_group_function__1.task_3 already registered for DAG: example_task_group_decorator
[2022-11-08T19:51:37.946-0300] {taskmixin.py:205} WARNING - Dependency <Task(_PythonDecoratedOperator): task_group_function__1.task_3>, task_group_function__1.task_2 already registered for DAG: example_task_group_decorator
[2022-11-08T19:51:37.946-0300] {taskmixin.py:205} WARNING - Dependency <Task(_PythonDecoratedOperator): task_group_function__1.task_2>, task_group_function__1.task_3 already registered for DAG: example_task_group_decorator
[2022-11-08T19:51:37.946-0300] {taskmixin.py:205} WARNING - Dependency <Task(_PythonDecoratedOperator): task_group_function__1.task_3>, task_group_function__1.task_2 already registered for DAG: example_task_group_decorator
[2022-11-08T19:51:37.946-0300] {taskmixin.py:205} WARNING - Dependency <Task(_PythonDecoratedOperator): task_group_function__1.task_2>, task_group_function__1.task_3 already registered for DAG: example_task_group_decorator
[2022-11-08T19:51:37.946-0300] {taskmixin.py:205} WARNING - Dependency <Task(_PythonDecoratedOperator): task_group_function__1.task_3>, task_group_function__1.task_2 already registered for DAG: example_task_group_decorator
[2022-11-08T19:51:37.947-0300] {taskmixin.py:205} WARNING - Dependency <Task(_PythonDecoratedOperator): task_group_function__2.task_1>, task_group_function__2.task_2 already registered for DAG: example_task_group_decorator
[2022-11-08T19:51:37.947-0300] {taskmixin.py:205} WARNING - Dependency <Task(_PythonDecoratedOperator): task_group_function__2.task_2>, task_group_function__2.task_1 already registered for DAG: example_task_group_decorator
[2022-11-08T19:51:37.947-0300] {taskmixin.py:205} WARNING - Dependency <Task(_PythonDecoratedOperator): task_group_function__2.task_1>, task_group_function__2.task_2 already registered for DAG: example_task_group_decorator
[2022-11-08T19:51:37.948-0300] {taskmixin.py:205} WARNING - Dependency <Task(_PythonDecoratedOperator): task_group_function__2.task_2>, task_group_function__2.task_1 already registered for DAG: example_task_group_decorator
[2022-11-08T19:51:37.948-0300] {taskmixin.py:205} WARNING - Dependency <Task(_PythonDecoratedOperator): task_group_function__2.task_1>, task_group_function__2.task_2 already registered for DAG: example_task_group_decorator
[2022-11-08T19:51:37.948-0300] {taskmixin.py:205} WARNING - Dependency <Task(_PythonDecoratedOperator): task_group_function__2.task_2>, task_group_function__2.task_1 already registered for DAG: example_task_group_decorator
[2022-11-08T19:51:37.948-0300] {taskmixin.py:205} WARNING - Dependency <Task(_PythonDecoratedOperator): task_group_function__2.task_1>, task_group_function__2.task_2 already registered for DAG: example_task_group_decorator
[2022-11-08T19:51:37.948-0300] {taskmixin.py:205} WARNING - Dependency <Task(_PythonDecoratedOperator): task_group_function__2.task_2>, task_group_function__2.task_1 already registered for DAG: example_task_group_decorator
[2022-11-08T19:51:37.948-0300] {taskmixin.py:205} WARNING - Dependency <Task(_PythonDecoratedOperator): task_group_function__2.task_1>, task_group_function__2.task_2 already registered for DAG: example_task_group_decorator
[2022-11-08T19:51:37.948-0300] {taskmixin.py:205} WARNING - Dependency <Task(_PythonDecoratedOperator): task_group_function__2.task_2>, task_group_function__2.task_1 already registered for DAG: example_task_group_decorator
[2022-11-08T19:51:37.948-0300] {taskmixin.py:205} WARNING - Dependency <Task(_PythonDecoratedOperator): task_group_function__2.task_1>, task_group_function__2.task_2 already registered for DAG: example_task_group_decorator
[2022-11-08T19:51:37.949-0300] {taskmixin.py:205} WARNING - Dependency <Task(_PythonDecoratedOperator): task_group_function__2.task_2>, task_group_function__2.task_1 already registered for DAG: example_task_group_decorator
[2022-11-08T19:51:37.949-0300] {taskmixin.py:205} WARNING - Dependency <Task(_PythonDecoratedOperator): task_group_function__2.task_2>, task_group_function__2.task_3 already registered for DAG: example_task_group_decorator
[2022-11-08T19:51:37.950-0300] {taskmixin.py:205} WARNING - Dependency <Task(_PythonDecoratedOperator): task_group_function__2.task_3>, task_group_function__2.task_2 already registered for DAG: example_task_group_decorator
[2022-11-08T19:51:37.950-0300] {taskmixin.py:205} WARNING - Dependency <Task(_PythonDecoratedOperator): task_group_function__2.task_2>, task_group_function__2.task_3 already registered for DAG: example_task_group_decorator
[2022-11-08T19:51:37.950-0300] {taskmixin.py:205} WARNING - Dependency <Task(_PythonDecoratedOperator): task_group_function__2.task_3>, task_group_function__2.task_2 already registered for DAG: example_task_group_decorator
[2022-11-08T19:51:37.950-0300] {taskmixin.py:205} WARNING - Dependency <Task(_PythonDecoratedOperator): task_group_function__2.task_2>, task_group_function__2.task_3 already registered for DAG: example_task_group_decorator
[2022-11-08T19:51:37.950-0300] {taskmixin.py:205} WARNING - Dependency <Task(_PythonDecoratedOperator): task_group_function__2.task_3>, task_group_function__2.task_2 already registered for DAG: example_task_group_decorator
[2022-11-08T19:51:37.950-0300] {taskmixin.py:205} WARNING - Dependency <Task(_PythonDecoratedOperator): task_group_function__2.task_2>, task_group_function__2.task_3 already registered for DAG: example_task_group_decorator
[2022-11-08T19:51:37.951-0300] {taskmixin.py:205} WARNING - Dependency <Task(_PythonDecoratedOperator): task_group_function__2.task_3>, task_group_function__2.task_2 already registered for DAG: example_task_group_decorator
[2022-11-08T19:51:37.951-0300] {taskmixin.py:205} WARNING - Dependency <Task(_PythonDecoratedOperator): task_group_function__2.task_2>, task_group_function__2.task_3 already registered for DAG: example_task_group_decorator
[2022-11-08T19:51:37.951-0300] {taskmixin.py:205} WARNING - Dependency <Task(_PythonDecoratedOperator): task_group_function__2.task_3>, task_group_function__2.task_2 already registered for DAG: example_task_group_decorator
[2022-11-08T19:51:37.951-0300] {taskmixin.py:205} WARNING - Dependency <Task(_PythonDecoratedOperator): task_group_function__2.task_2>, task_group_function__2.task_3 already registered for DAG: example_task_group_decorator
[2022-11-08T19:51:37.951-0300] {taskmixin.py:205} WARNING - Dependency <Task(_PythonDecoratedOperator): task_group_function__2.task_3>, task_group_function__2.task_2 already registered for DAG: example_task_group_decorator
[2022-11-08T19:51:37.952-0300] {taskmixin.py:205} WARNING - Dependency <Task(_PythonDecoratedOperator): task_group_function__3.task_1>, task_group_function__3.task_2 already registered for DAG: example_task_group_decorator
[2022-11-08T19:51:37.952-0300] {taskmixin.py:205} WARNING - Dependency <Task(_PythonDecoratedOperator): task_group_function__3.task_2>, task_group_function__3.task_1 already registered for DAG: example_task_group_decorator
[2022-11-08T19:51:37.953-0300] {taskmixin.py:205} WARNING - Dependency <Task(_PythonDecoratedOperator): task_group_function__3.task_1>, task_group_function__3.task_2 already registered for DAG: example_task_group_decorator
[2022-11-08T19:51:37.953-0300] {taskmixin.py:205} WARNING - Dependency <Task(_PythonDecoratedOperator): task_group_function__3.task_2>, task_group_function__3.task_1 already registered for DAG: example_task_group_decorator
[2022-11-08T19:51:37.953-0300] {taskmixin.py:205} WARNING - Dependency <Task(_PythonDecoratedOperator): task_group_function__3.task_1>, task_group_function__3.task_2 already registered for DAG: example_task_group_decorator
[2022-11-08T19:51:37.953-0300] {taskmixin.py:205} WARNING - Dependency <Task(_PythonDecoratedOperator): task_group_function__3.task_2>, task_group_function__3.task_1 already registered for DAG: example_task_group_decorator
[2022-11-08T19:51:37.954-0300] {taskmixin.py:205} WARNING - Dependency <Task(_PythonDecoratedOperator): task_group_function__3.task_1>, task_group_function__3.task_2 already registered for DAG: example_task_group_decorator
[2022-11-08T19:51:37.954-0300] {taskmixin.py:205} WARNING - Dependency <Task(_PythonDecoratedOperator): task_group_function__3.task_2>, task_group_function__3.task_1 already registered for DAG: example_task_group_decorator
[2022-11-08T19:51:37.954-0300] {taskmixin.py:205} WARNING - Dependency <Task(_PythonDecoratedOperator): task_group_function__3.task_1>, task_group_function__3.task_2 already registered for DAG: example_task_group_decorator
[2022-11-08T19:51:37.954-0300] {taskmixin.py:205} WARNING - Dependency <Task(_PythonDecoratedOperator): task_group_function__3.task_2>, task_group_function__3.task_1 already registered for DAG: example_task_group_decorator
[2022-11-08T19:51:37.954-0300] {taskmixin.py:205} WARNING - Dependency <Task(_PythonDecoratedOperator): task_group_function__3.task_1>, task_group_function__3.task_2 already registered for DAG: example_task_group_decorator
[2022-11-08T19:51:37.954-0300] {taskmixin.py:205} WARNING - Dependency <Task(_PythonDecoratedOperator): task_group_function__3.task_2>, task_group_function__3.task_1 already registered for DAG: example_task_group_decorator
[2022-11-08T19:51:37.955-0300] {taskmixin.py:205} WARNING - Dependency <Task(_PythonDecoratedOperator): task_group_function__3.task_2>, task_group_function__3.task_3 already registered for DAG: example_task_group_decorator
[2022-11-08T19:51:37.956-0300] {taskmixin.py:205} WARNING - Dependency <Task(_PythonDecoratedOperator): task_group_function__3.task_3>, task_group_function__3.task_2 already registered for DAG: example_task_group_decorator
[2022-11-08T19:51:37.956-0300] {taskmixin.py:205} WARNING - Dependency <Task(_PythonDecoratedOperator): task_group_function__3.task_2>, task_group_function__3.task_3 already registered for DAG: example_task_group_decorator
[2022-11-08T19:51:37.956-0300] {taskmixin.py:205} WARNING - Dependency <Task(_PythonDecoratedOperator): task_group_function__3.task_3>, task_group_function__3.task_2 already registered for DAG: example_task_group_decorator
[2022-11-08T19:51:37.956-0300] {taskmixin.py:205} WARNING - Dependency <Task(_PythonDecoratedOperator): task_group_function__3.task_2>, task_group_function__3.task_3 already registered for DAG: example_task_group_decorator
[2022-11-08T19:51:37.956-0300] {taskmixin.py:205} WARNING - Dependency <Task(_PythonDecoratedOperator): task_group_function__3.task_3>, task_group_function__3.task_2 already registered for DAG: example_task_group_decorator
[2022-11-08T19:51:37.956-0300] {taskmixin.py:205} WARNING - Dependency <Task(_PythonDecoratedOperator): task_group_function__3.task_2>, task_group_function__3.task_3 already registered for DAG: example_task_group_decorator
[2022-11-08T19:51:37.956-0300] {taskmixin.py:205} WARNING - Dependency <Task(_PythonDecoratedOperator): task_group_function__3.task_3>, task_group_function__3.task_2 already registered for DAG: example_task_group_decorator
[2022-11-08T19:51:37.957-0300] {taskmixin.py:205} WARNING - Dependency <Task(_PythonDecoratedOperator): task_group_function__3.task_2>, task_group_function__3.task_3 already registered for DAG: example_task_group_decorator
[2022-11-08T19:51:37.957-0300] {taskmixin.py:205} WARNING - Dependency <Task(_PythonDecoratedOperator): task_group_function__3.task_3>, task_group_function__3.task_2 already registered for DAG: example_task_group_decorator
[2022-11-08T19:51:37.957-0300] {taskmixin.py:205} WARNING - Dependency <Task(_PythonDecoratedOperator): task_group_function__3.task_2>, task_group_function__3.task_3 already registered for DAG: example_task_group_decorator
[2022-11-08T19:51:37.957-0300] {taskmixin.py:205} WARNING - Dependency <Task(_PythonDecoratedOperator): task_group_function__3.task_3>, task_group_function__3.task_2 already registered for DAG: example_task_group_decorator
[2022-11-08T19:51:37.958-0300] {taskmixin.py:205} WARNING - Dependency <Task(_PythonDecoratedOperator): task_group_function__4.task_1>, task_group_function__4.task_2 already registered for DAG: example_task_group_decorator
[2022-11-08T19:51:37.958-0300] {taskmixin.py:205} WARNING - Dependency <Task(_PythonDecoratedOperator): task_group_function__4.task_2>, task_group_function__4.task_1 already registered for DAG: example_task_group_decorator
[2022-11-08T19:51:37.959-0300] {taskmixin.py:205} WARNING - Dependency <Task(_PythonDecoratedOperator): task_group_function__4.task_1>, task_group_function__4.task_2 already registered for DAG: example_task_group_decorator
[2022-11-08T19:51:37.959-0300] {taskmixin.py:205} WARNING - Dependency <Task(_PythonDecoratedOperator): task_group_function__4.task_2>, task_group_function__4.task_1 already registered for DAG: example_task_group_decorator
[2022-11-08T19:51:37.959-0300] {taskmixin.py:205} WARNING - Dependency <Task(_PythonDecoratedOperator): task_group_function__4.task_1>, task_group_function__4.task_2 already registered for DAG: example_task_group_decorator
[2022-11-08T19:51:37.959-0300] {taskmixin.py:205} WARNING - Dependency <Task(_PythonDecoratedOperator): task_group_function__4.task_2>, task_group_function__4.task_1 already registered for DAG: example_task_group_decorator
[2022-11-08T19:51:37.959-0300] {taskmixin.py:205} WARNING - Dependency <Task(_PythonDecoratedOperator): task_group_function__4.task_1>, task_group_function__4.task_2 already registered for DAG: example_task_group_decorator
[2022-11-08T19:51:37.959-0300] {taskmixin.py:205} WARNING - Dependency <Task(_PythonDecoratedOperator): task_group_function__4.task_2>, task_group_function__4.task_1 already registered for DAG: example_task_group_decorator
[2022-11-08T19:51:37.959-0300] {taskmixin.py:205} WARNING - Dependency <Task(_PythonDecoratedOperator): task_group_function__4.task_1>, task_group_function__4.task_2 already registered for DAG: example_task_group_decorator
[2022-11-08T19:51:37.960-0300] {taskmixin.py:205} WARNING - Dependency <Task(_PythonDecoratedOperator): task_group_function__4.task_2>, task_group_function__4.task_1 already registered for DAG: example_task_group_decorator
[2022-11-08T19:51:37.960-0300] {taskmixin.py:205} WARNING - Dependency <Task(_PythonDecoratedOperator): task_group_function__4.task_1>, task_group_function__4.task_2 already registered for DAG: example_task_group_decorator
[2022-11-08T19:51:37.960-0300] {taskmixin.py:205} WARNING - Dependency <Task(_PythonDecoratedOperator): task_group_function__4.task_2>, task_group_function__4.task_1 already registered for DAG: example_task_group_decorator
[2022-11-08T19:51:37.960-0300] {taskmixin.py:205} WARNING - Dependency <Task(_PythonDecoratedOperator): task_group_function__4.task_2>, task_group_function__4.task_3 already registered for DAG: example_task_group_decorator
[2022-11-08T19:51:37.960-0300] {taskmixin.py:205} WARNING - Dependency <Task(_PythonDecoratedOperator): task_group_function__4.task_3>, task_group_function__4.task_2 already registered for DAG: example_task_group_decorator
[2022-11-08T19:51:37.961-0300] {taskmixin.py:205} WARNING - Dependency <Task(_PythonDecoratedOperator): task_group_function__4.task_2>, task_group_function__4.task_3 already registered for DAG: example_task_group_decorator
[2022-11-08T19:51:37.961-0300] {taskmixin.py:205} WARNING - Dependency <Task(_PythonDecoratedOperator): task_group_function__4.task_3>, task_group_function__4.task_2 already registered for DAG: example_task_group_decorator
[2022-11-08T19:51:37.961-0300] {taskmixin.py:205} WARNING - Dependency <Task(_PythonDecoratedOperator): task_group_function__4.task_2>, task_group_function__4.task_3 already registered for DAG: example_task_group_decorator
[2022-11-08T19:51:37.961-0300] {taskmixin.py:205} WARNING - Dependency <Task(_PythonDecoratedOperator): task_group_function__4.task_3>, task_group_function__4.task_2 already registered for DAG: example_task_group_decorator
[2022-11-08T19:51:37.961-0300] {taskmixin.py:205} WARNING - Dependency <Task(_PythonDecoratedOperator): task_group_function__4.task_2>, task_group_function__4.task_3 already registered for DAG: example_task_group_decorator
[2022-11-08T19:51:37.961-0300] {taskmixin.py:205} WARNING - Dependency <Task(_PythonDecoratedOperator): task_group_function__4.task_3>, task_group_function__4.task_2 already registered for DAG: example_task_group_decorator
[2022-11-08T19:51:37.961-0300] {taskmixin.py:205} WARNING - Dependency <Task(_PythonDecoratedOperator): task_group_function__4.task_2>, task_group_function__4.task_3 already registered for DAG: example_task_group_decorator
[2022-11-08T19:51:37.961-0300] {taskmixin.py:205} WARNING - Dependency <Task(_PythonDecoratedOperator): task_group_function__4.task_3>, task_group_function__4.task_2 already registered for DAG: example_task_group_decorator
[2022-11-08T19:51:37.962-0300] {taskmixin.py:205} WARNING - Dependency <Task(_PythonDecoratedOperator): task_group_function__4.task_2>, task_group_function__4.task_3 already registered for DAG: example_task_group_decorator
[2022-11-08T19:51:37.962-0300] {taskmixin.py:205} WARNING - Dependency <Task(_PythonDecoratedOperator): task_group_function__4.task_3>, task_group_function__4.task_2 already registered for DAG: example_task_group_decorator
[2022-11-08T19:51:37.963-0300] {example_kubernetes_executor.py:41} WARNING - The example_kubernetes_executor example DAG requires the kubernetes provider. Please install it with: pip install apache-airflow[cncf.kubernetes]
[2022-11-08T19:51:37.964-0300] {example_local_kubernetes_executor.py:39} WARNING - Could not import DAGs in example_local_kubernetes_executor.py
Traceback (most recent call last):
  File "/home/renato/Documentos/datapipeline/.env/lib/python3.10/site-packages/airflow/example_dags/example_local_kubernetes_executor.py", line 37, in <module>
    from kubernetes.client import models as k8s
ModuleNotFoundError: No module named 'kubernetes'
[2022-11-08T19:51:37.964-0300] {example_local_kubernetes_executor.py:40} WARNING - Install Kubernetes dependencies with: pip install apache-airflow[cncf.kubernetes]
[2022-11-08T19:51:37.970-0300] {taskmixin.py:205} WARNING - Dependency <Task(_PythonDecoratedOperator): generate_value>, print_value already registered for DAG: example_xcom_args
[2022-11-08T19:51:37.971-0300] {taskmixin.py:205} WARNING - Dependency <Task(_PythonDecoratedOperator): print_value>, generate_value already registered for DAG: example_xcom_args
[2022-11-08T19:51:37.971-0300] {taskmixin.py:205} WARNING - Dependency <Task(_PythonDecoratedOperator): generate_value>, print_value already registered for DAG: example_xcom_args
[2022-11-08T19:51:37.971-0300] {taskmixin.py:205} WARNING - Dependency <Task(_PythonDecoratedOperator): print_value>, generate_value already registered for DAG: example_xcom_args
[2022-11-08T19:51:37.971-0300] {taskmixin.py:205} WARNING - Dependency <Task(_PythonDecoratedOperator): generate_value>, print_value already registered for DAG: example_xcom_args
[2022-11-08T19:51:37.971-0300] {taskmixin.py:205} WARNING - Dependency <Task(_PythonDecoratedOperator): print_value>, generate_value already registered for DAG: example_xcom_args
[2022-11-08T19:51:37.971-0300] {taskmixin.py:205} WARNING - Dependency <Task(_PythonDecoratedOperator): generate_value>, print_value already registered for DAG: example_xcom_args
[2022-11-08T19:51:37.971-0300] {taskmixin.py:205} WARNING - Dependency <Task(_PythonDecoratedOperator): print_value>, generate_value already registered for DAG: example_xcom_args
[2022-11-08T19:51:37.971-0300] {taskmixin.py:205} WARNING - Dependency <Task(_PythonDecoratedOperator): generate_value>, print_value already registered for DAG: example_xcom_args
[2022-11-08T19:51:37.972-0300] {taskmixin.py:205} WARNING - Dependency <Task(_PythonDecoratedOperator): print_value>, generate_value already registered for DAG: example_xcom_args
[2022-11-08T19:51:37.972-0300] {taskmixin.py:205} WARNING - Dependency <Task(_PythonDecoratedOperator): generate_value>, print_value already registered for DAG: example_xcom_args
[2022-11-08T19:51:37.972-0300] {taskmixin.py:205} WARNING - Dependency <Task(_PythonDecoratedOperator): print_value>, generate_value already registered for DAG: example_xcom_args
[2022-11-08T19:51:38.019-0300] {task_command.py:384} INFO - Running <TaskInstance: twitter_dag.transform_twitter_aluraonline manual__2022-11-08T22:51:22.091934+00:00 [running]> on host renato-Virtual-Machine
[2022-11-08T19:51:38.076-0300] {taskinstance.py:1590} INFO - Exporting the following env vars:
AIRFLOW_CTX_DAG_OWNER=airflow
AIRFLOW_CTX_DAG_ID=twitter_dag
AIRFLOW_CTX_TASK_ID=transform_twitter_aluraonline
AIRFLOW_CTX_EXECUTION_DATE=2022-11-08T22:51:22.091934+00:00
AIRFLOW_CTX_TRY_NUMBER=1
AIRFLOW_CTX_DAG_RUN_ID=manual__2022-11-08T22:51:22.091934+00:00
[2022-11-08T19:51:38.079-0300] {base.py:71} INFO - Using connection ID 'spark_default' for task execution.
[2022-11-08T19:51:38.080-0300] {spark_submit.py:334} INFO - Spark-Submit cmd: /home/renato/Documentos/spark-3.3.1-bin-hadoop3/bin/spark-submit --master local --name twitter_transformation /home/renato/Documentos/datapipeline/spark/transformation.py --src /home/renato/Documentos/datapipeline/datalake/bronze/twitter_aluraonline/extract_date=2022-11-08 --dest /home/renato/Documentos/datapipeline/datalake/silver/twitter_aluraonline --process-date 2022-11-08
[2022-11-08T19:51:39.792-0300] {spark_submit.py:485} INFO - 22/11/08 19:51:39 WARN Utils: Your hostname, renato-Virtual-Machine resolves to a loopback address: 127.0.1.1; using 172.17.60.246 instead (on interface eth0)
[2022-11-08T19:51:39.795-0300] {spark_submit.py:485} INFO - 22/11/08 19:51:39 WARN Utils: Set SPARK_LOCAL_IP if you need to bind to another address
[2022-11-08T19:51:40.813-0300] {spark_submit.py:485} INFO - 22/11/08 19:51:40 INFO SparkContext: Running Spark version 3.3.1
[2022-11-08T19:51:40.883-0300] {spark_submit.py:485} INFO - 22/11/08 19:51:40 WARN NativeCodeLoader: Unable to load native-hadoop library for your platform... using builtin-java classes where applicable
[2022-11-08T19:51:40.979-0300] {spark_submit.py:485} INFO - 22/11/08 19:51:40 INFO ResourceUtils: ==============================================================
[2022-11-08T19:51:40.980-0300] {spark_submit.py:485} INFO - 22/11/08 19:51:40 INFO ResourceUtils: No custom resources configured for spark.driver.
[2022-11-08T19:51:40.981-0300] {spark_submit.py:485} INFO - 22/11/08 19:51:40 INFO ResourceUtils: ==============================================================
[2022-11-08T19:51:40.981-0300] {spark_submit.py:485} INFO - 22/11/08 19:51:40 INFO SparkContext: Submitted application: twitter_transformation
[2022-11-08T19:51:41.006-0300] {spark_submit.py:485} INFO - 22/11/08 19:51:41 INFO ResourceProfile: Default ResourceProfile created, executor resources: Map(cores -> name: cores, amount: 1, script: , vendor: , memory -> name: memory, amount: 1024, script: , vendor: , offHeap -> name: offHeap, amount: 0, script: , vendor: ), task resources: Map(cpus -> name: cpus, amount: 1.0)
[2022-11-08T19:51:41.020-0300] {spark_submit.py:485} INFO - 22/11/08 19:51:41 INFO ResourceProfile: Limiting resource is cpu
[2022-11-08T19:51:41.020-0300] {spark_submit.py:485} INFO - 22/11/08 19:51:41 INFO ResourceProfileManager: Added ResourceProfile id: 0
[2022-11-08T19:51:41.077-0300] {spark_submit.py:485} INFO - 22/11/08 19:51:41 INFO SecurityManager: Changing view acls to: renato
[2022-11-08T19:51:41.078-0300] {spark_submit.py:485} INFO - 22/11/08 19:51:41 INFO SecurityManager: Changing modify acls to: renato
[2022-11-08T19:51:41.078-0300] {spark_submit.py:485} INFO - 22/11/08 19:51:41 INFO SecurityManager: Changing view acls groups to:
[2022-11-08T19:51:41.078-0300] {spark_submit.py:485} INFO - 22/11/08 19:51:41 INFO SecurityManager: Changing modify acls groups to:
[2022-11-08T19:51:41.078-0300] {spark_submit.py:485} INFO - 22/11/08 19:51:41 INFO SecurityManager: SecurityManager: authentication disabled; ui acls disabled; users  with view permissions: Set(renato); groups with view permissions: Set(); users  with modify permissions: Set(renato); groups with modify permissions: Set()
[2022-11-08T19:51:41.419-0300] {spark_submit.py:485} INFO - 22/11/08 19:51:41 INFO Utils: Successfully started service 'sparkDriver' on port 39739.
[2022-11-08T19:51:41.459-0300] {spark_submit.py:485} INFO - 22/11/08 19:51:41 INFO SparkEnv: Registering MapOutputTracker
[2022-11-08T19:51:41.504-0300] {spark_submit.py:485} INFO - 22/11/08 19:51:41 INFO SparkEnv: Registering BlockManagerMaster
[2022-11-08T19:51:41.557-0300] {spark_submit.py:485} INFO - 22/11/08 19:51:41 INFO BlockManagerMasterEndpoint: Using org.apache.spark.storage.DefaultTopologyMapper for getting topology information
[2022-11-08T19:51:41.559-0300] {spark_submit.py:485} INFO - 22/11/08 19:51:41 INFO BlockManagerMasterEndpoint: BlockManagerMasterEndpoint up
[2022-11-08T19:51:41.564-0300] {spark_submit.py:485} INFO - 22/11/08 19:51:41 INFO SparkEnv: Registering BlockManagerMasterHeartbeat
[2022-11-08T19:51:41.605-0300] {spark_submit.py:485} INFO - 22/11/08 19:51:41 INFO DiskBlockManager: Created local directory at /tmp/blockmgr-54780165-90ad-4a2f-8a83-3fd3b627677d
[2022-11-08T19:51:41.698-0300] {spark_submit.py:485} INFO - 22/11/08 19:51:41 INFO MemoryStore: MemoryStore started with capacity 366.3 MiB
[2022-11-08T19:51:41.742-0300] {spark_submit.py:485} INFO - 22/11/08 19:51:41 INFO SparkEnv: Registering OutputCommitCoordinator
[2022-11-08T19:51:42.051-0300] {spark_submit.py:485} INFO - 22/11/08 19:51:42 INFO Utils: Successfully started service 'SparkUI' on port 4040.
[2022-11-08T19:51:42.195-0300] {spark_submit.py:485} INFO - 22/11/08 19:51:42 INFO Executor: Starting executor ID driver on host renato-Virtual-Machine.mshome.net
[2022-11-08T19:51:42.205-0300] {spark_submit.py:485} INFO - 22/11/08 19:51:42 INFO Executor: Starting executor with user classpath (userClassPathFirst = false): ''
[2022-11-08T19:51:42.233-0300] {spark_submit.py:485} INFO - 22/11/08 19:51:42 INFO Utils: Successfully started service 'org.apache.spark.network.netty.NettyBlockTransferService' on port 34321.
[2022-11-08T19:51:42.233-0300] {spark_submit.py:485} INFO - 22/11/08 19:51:42 INFO NettyBlockTransferService: Server created on renato-Virtual-Machine.mshome.net:34321
[2022-11-08T19:51:42.235-0300] {spark_submit.py:485} INFO - 22/11/08 19:51:42 INFO BlockManager: Using org.apache.spark.storage.RandomBlockReplicationPolicy for block replication policy
[2022-11-08T19:51:42.245-0300] {spark_submit.py:485} INFO - 22/11/08 19:51:42 INFO BlockManagerMaster: Registering BlockManager BlockManagerId(driver, renato-Virtual-Machine.mshome.net, 34321, None)
[2022-11-08T19:51:42.249-0300] {spark_submit.py:485} INFO - 22/11/08 19:51:42 INFO BlockManagerMasterEndpoint: Registering block manager renato-Virtual-Machine.mshome.net:34321 with 366.3 MiB RAM, BlockManagerId(driver, renato-Virtual-Machine.mshome.net, 34321, None)
[2022-11-08T19:51:42.252-0300] {spark_submit.py:485} INFO - 22/11/08 19:51:42 INFO BlockManagerMaster: Registered BlockManager BlockManagerId(driver, renato-Virtual-Machine.mshome.net, 34321, None)
[2022-11-08T19:51:42.253-0300] {spark_submit.py:485} INFO - 22/11/08 19:51:42 INFO BlockManager: Initialized BlockManager: BlockManagerId(driver, renato-Virtual-Machine.mshome.net, 34321, None)
[2022-11-08T19:51:42.995-0300] {spark_submit.py:485} INFO - 22/11/08 19:51:42 INFO SharedState: Setting hive.metastore.warehouse.dir ('null') to the value of spark.sql.warehouse.dir.
[2022-11-08T19:51:43.006-0300] {spark_submit.py:485} INFO - 22/11/08 19:51:43 INFO SharedState: Warehouse path is 'file:/home/renato/Documentos/datapipeline/spark-warehouse'.
[2022-11-08T19:51:44.271-0300] {spark_submit.py:485} INFO - 22/11/08 19:51:44 INFO InMemoryFileIndex: It took 63 ms to list leaf files for 1 paths.
[2022-11-08T19:51:44.345-0300] {spark_submit.py:485} INFO - 22/11/08 19:51:44 INFO InMemoryFileIndex: It took 1 ms to list leaf files for 1 paths.
[2022-11-08T19:51:47.407-0300] {spark_submit.py:485} INFO - 22/11/08 19:51:47 INFO FileSourceStrategy: Pushed Filters:
[2022-11-08T19:51:47.409-0300] {spark_submit.py:485} INFO - 22/11/08 19:51:47 INFO FileSourceStrategy: Post-Scan Filters:
[2022-11-08T19:51:47.415-0300] {spark_submit.py:485} INFO - 22/11/08 19:51:47 INFO FileSourceStrategy: Output Data Schema: struct<value: string>
[2022-11-08T19:51:47.930-0300] {spark_submit.py:485} INFO - 22/11/08 19:51:47 INFO MemoryStore: Block broadcast_0 stored as values in memory (estimated size 349.6 KiB, free 366.0 MiB)
[2022-11-08T19:51:47.999-0300] {spark_submit.py:485} INFO - 22/11/08 19:51:47 INFO MemoryStore: Block broadcast_0_piece0 stored as bytes in memory (estimated size 33.9 KiB, free 365.9 MiB)
[2022-11-08T19:51:48.003-0300] {spark_submit.py:485} INFO - 22/11/08 19:51:48 INFO BlockManagerInfo: Added broadcast_0_piece0 in memory on renato-Virtual-Machine.mshome.net:34321 (size: 33.9 KiB, free: 366.3 MiB)
[2022-11-08T19:51:48.011-0300] {spark_submit.py:485} INFO - 22/11/08 19:51:48 INFO SparkContext: Created broadcast 0 from json at NativeMethodAccessorImpl.java:0
[2022-11-08T19:51:48.021-0300] {spark_submit.py:485} INFO - 22/11/08 19:51:48 INFO FileSourceScanExec: Planning scan with bin packing, max size: 4421484 bytes, open cost is considered as scanning 4194304 bytes.
[2022-11-08T19:51:48.492-0300] {spark_submit.py:485} INFO - 22/11/08 19:51:48 INFO SparkContext: Starting job: json at NativeMethodAccessorImpl.java:0
[2022-11-08T19:51:48.515-0300] {spark_submit.py:485} INFO - 22/11/08 19:51:48 INFO DAGScheduler: Got job 0 (json at NativeMethodAccessorImpl.java:0) with 1 output partitions
[2022-11-08T19:51:48.515-0300] {spark_submit.py:485} INFO - 22/11/08 19:51:48 INFO DAGScheduler: Final stage: ResultStage 0 (json at NativeMethodAccessorImpl.java:0)
[2022-11-08T19:51:48.515-0300] {spark_submit.py:485} INFO - 22/11/08 19:51:48 INFO DAGScheduler: Parents of final stage: List()
[2022-11-08T19:51:48.518-0300] {spark_submit.py:485} INFO - 22/11/08 19:51:48 INFO DAGScheduler: Missing parents: List()
[2022-11-08T19:51:48.531-0300] {spark_submit.py:485} INFO - 22/11/08 19:51:48 INFO DAGScheduler: Submitting ResultStage 0 (MapPartitionsRDD[3] at json at NativeMethodAccessorImpl.java:0), which has no missing parents
[2022-11-08T19:51:48.648-0300] {spark_submit.py:485} INFO - 22/11/08 19:51:48 INFO MemoryStore: Block broadcast_1 stored as values in memory (estimated size 14.5 KiB, free 365.9 MiB)
[2022-11-08T19:51:48.651-0300] {spark_submit.py:485} INFO - 22/11/08 19:51:48 INFO MemoryStore: Block broadcast_1_piece0 stored as bytes in memory (estimated size 7.0 KiB, free 365.9 MiB)
[2022-11-08T19:51:48.653-0300] {spark_submit.py:485} INFO - 22/11/08 19:51:48 INFO BlockManagerInfo: Added broadcast_1_piece0 in memory on renato-Virtual-Machine.mshome.net:34321 (size: 7.0 KiB, free: 366.3 MiB)
[2022-11-08T19:51:48.654-0300] {spark_submit.py:485} INFO - 22/11/08 19:51:48 INFO SparkContext: Created broadcast 1 from broadcast at DAGScheduler.scala:1513
[2022-11-08T19:51:48.668-0300] {spark_submit.py:485} INFO - 22/11/08 19:51:48 INFO DAGScheduler: Submitting 1 missing tasks from ResultStage 0 (MapPartitionsRDD[3] at json at NativeMethodAccessorImpl.java:0) (first 15 tasks are for partitions Vector(0))
[2022-11-08T19:51:48.669-0300] {spark_submit.py:485} INFO - 22/11/08 19:51:48 INFO TaskSchedulerImpl: Adding task set 0.0 with 1 tasks resource profile 0
[2022-11-08T19:51:48.732-0300] {spark_submit.py:485} INFO - 22/11/08 19:51:48 INFO TaskSetManager: Starting task 0.0 in stage 0.0 (TID 0) (renato-Virtual-Machine.mshome.net, executor driver, partition 0, PROCESS_LOCAL, 5000 bytes) taskResourceAssignments Map()
[2022-11-08T19:51:48.761-0300] {spark_submit.py:485} INFO - 22/11/08 19:51:48 INFO Executor: Running task 0.0 in stage 0.0 (TID 0)
[2022-11-08T19:51:49.201-0300] {spark_submit.py:485} INFO - 22/11/08 19:51:49 INFO FileScanRDD: Reading File path: file:///home/renato/Documentos/datapipeline/datalake/bronze/twitter_aluraonline/extract_date=2022-11-08/AluraOnline_20221108.json, range: 0-227180, partition values: [empty row]
[2022-11-08T19:51:49.570-0300] {spark_submit.py:485} INFO - 22/11/08 19:51:49 INFO CodeGenerator: Code generated in 312.741438 ms
[2022-11-08T19:51:49.706-0300] {spark_submit.py:485} INFO - 22/11/08 19:51:49 INFO Executor: Finished task 0.0 in stage 0.0 (TID 0). 2872 bytes result sent to driver
[2022-11-08T19:51:49.718-0300] {spark_submit.py:485} INFO - 22/11/08 19:51:49 INFO TaskSetManager: Finished task 0.0 in stage 0.0 (TID 0) in 997 ms on renato-Virtual-Machine.mshome.net (executor driver) (1/1)
[2022-11-08T19:51:49.723-0300] {spark_submit.py:485} INFO - 22/11/08 19:51:49 INFO TaskSchedulerImpl: Removed TaskSet 0.0, whose tasks have all completed, from pool
[2022-11-08T19:51:49.738-0300] {spark_submit.py:485} INFO - 22/11/08 19:51:49 INFO DAGScheduler: ResultStage 0 (json at NativeMethodAccessorImpl.java:0) finished in 1,172 s
[2022-11-08T19:51:49.752-0300] {spark_submit.py:485} INFO - 22/11/08 19:51:49 INFO DAGScheduler: Job 0 is finished. Cancelling potential speculative or zombie tasks for this job
[2022-11-08T19:51:49.752-0300] {spark_submit.py:485} INFO - 22/11/08 19:51:49 INFO TaskSchedulerImpl: Killing all running tasks in stage 0: Stage finished
[2022-11-08T19:51:49.765-0300] {spark_submit.py:485} INFO - 22/11/08 19:51:49 INFO DAGScheduler: Job 0 finished: json at NativeMethodAccessorImpl.java:0, took 1,271376 s
[2022-11-08T19:51:50.403-0300] {spark_submit.py:485} INFO - 22/11/08 19:51:50 INFO BlockManagerInfo: Removed broadcast_1_piece0 on renato-Virtual-Machine.mshome.net:34321 in memory (size: 7.0 KiB, free: 366.3 MiB)
[2022-11-08T19:51:50.631-0300] {spark_submit.py:485} INFO - 22/11/08 19:51:50 INFO FileSourceStrategy: Pushed Filters: IsNotNull(data)
[2022-11-08T19:51:50.633-0300] {spark_submit.py:485} INFO - 22/11/08 19:51:50 INFO FileSourceStrategy: Post-Scan Filters: (size(data#8, true) > 0),isnotnull(data#8)
[2022-11-08T19:51:50.634-0300] {spark_submit.py:485} INFO - 22/11/08 19:51:50 INFO FileSourceStrategy: Output Data Schema: struct<data: array<struct<author_id:string,conversation_id:string,created_at:string,edit_history_tweet_ids:array<string>,id:string,in_reply_to_user_id:string,public_metrics:struct<like_count:bigint,quote_count:bigint,reply_count:bigint,retweet_count:bigint>,text:string>>>
[2022-11-08T19:51:50.727-0300] {spark_submit.py:485} INFO - 22/11/08 19:51:50 INFO FileOutputCommitter: File Output Committer Algorithm version is 1
[2022-11-08T19:51:50.727-0300] {spark_submit.py:485} INFO - 22/11/08 19:51:50 INFO FileOutputCommitter: FileOutputCommitter skip cleanup _temporary folders under output directory:false, ignore cleanup failures: false
[2022-11-08T19:51:50.728-0300] {spark_submit.py:485} INFO - 22/11/08 19:51:50 INFO SQLHadoopMapReduceCommitProtocol: Using output committer class org.apache.hadoop.mapreduce.lib.output.FileOutputCommitter
[2022-11-08T19:51:51.046-0300] {spark_submit.py:485} INFO - 22/11/08 19:51:51 INFO CodeGenerator: Code generated in 145.396783 ms
[2022-11-08T19:51:51.052-0300] {spark_submit.py:485} INFO - 22/11/08 19:51:51 INFO MemoryStore: Block broadcast_2 stored as values in memory (estimated size 349.5 KiB, free 365.6 MiB)
[2022-11-08T19:51:51.063-0300] {spark_submit.py:485} INFO - 22/11/08 19:51:51 INFO MemoryStore: Block broadcast_2_piece0 stored as bytes in memory (estimated size 33.9 KiB, free 365.6 MiB)
[2022-11-08T19:51:51.064-0300] {spark_submit.py:485} INFO - 22/11/08 19:51:51 INFO BlockManagerInfo: Added broadcast_2_piece0 in memory on renato-Virtual-Machine.mshome.net:34321 (size: 33.9 KiB, free: 366.2 MiB)
[2022-11-08T19:51:51.066-0300] {spark_submit.py:485} INFO - 22/11/08 19:51:51 INFO SparkContext: Created broadcast 2 from json at NativeMethodAccessorImpl.java:0
[2022-11-08T19:51:51.071-0300] {spark_submit.py:485} INFO - 22/11/08 19:51:51 INFO FileSourceScanExec: Planning scan with bin packing, max size: 4421484 bytes, open cost is considered as scanning 4194304 bytes.
[2022-11-08T19:51:51.150-0300] {spark_submit.py:485} INFO - 22/11/08 19:51:51 INFO SparkContext: Starting job: json at NativeMethodAccessorImpl.java:0
[2022-11-08T19:51:51.154-0300] {spark_submit.py:485} INFO - 22/11/08 19:51:51 INFO DAGScheduler: Got job 1 (json at NativeMethodAccessorImpl.java:0) with 1 output partitions
[2022-11-08T19:51:51.154-0300] {spark_submit.py:485} INFO - 22/11/08 19:51:51 INFO DAGScheduler: Final stage: ResultStage 1 (json at NativeMethodAccessorImpl.java:0)
[2022-11-08T19:51:51.155-0300] {spark_submit.py:485} INFO - 22/11/08 19:51:51 INFO DAGScheduler: Parents of final stage: List()
[2022-11-08T19:51:51.155-0300] {spark_submit.py:485} INFO - 22/11/08 19:51:51 INFO DAGScheduler: Missing parents: List()
[2022-11-08T19:51:51.158-0300] {spark_submit.py:485} INFO - 22/11/08 19:51:51 INFO DAGScheduler: Submitting ResultStage 1 (CoalescedRDD[7] at json at NativeMethodAccessorImpl.java:0), which has no missing parents
[2022-11-08T19:51:51.196-0300] {spark_submit.py:485} INFO - 22/11/08 19:51:51 INFO MemoryStore: Block broadcast_3 stored as values in memory (estimated size 234.4 KiB, free 365.3 MiB)
[2022-11-08T19:51:51.200-0300] {spark_submit.py:485} INFO - 22/11/08 19:51:51 INFO MemoryStore: Block broadcast_3_piece0 stored as bytes in memory (estimated size 81.6 KiB, free 365.2 MiB)
[2022-11-08T19:51:51.203-0300] {spark_submit.py:485} INFO - 22/11/08 19:51:51 INFO BlockManagerInfo: Added broadcast_3_piece0 in memory on renato-Virtual-Machine.mshome.net:34321 (size: 81.6 KiB, free: 366.2 MiB)
[2022-11-08T19:51:51.205-0300] {spark_submit.py:485} INFO - 22/11/08 19:51:51 INFO SparkContext: Created broadcast 3 from broadcast at DAGScheduler.scala:1513
[2022-11-08T19:51:51.209-0300] {spark_submit.py:485} INFO - 22/11/08 19:51:51 INFO DAGScheduler: Submitting 1 missing tasks from ResultStage 1 (CoalescedRDD[7] at json at NativeMethodAccessorImpl.java:0) (first 15 tasks are for partitions Vector(0))
[2022-11-08T19:51:51.210-0300] {spark_submit.py:485} INFO - 22/11/08 19:51:51 INFO TaskSchedulerImpl: Adding task set 1.0 with 1 tasks resource profile 0
[2022-11-08T19:51:51.214-0300] {spark_submit.py:485} INFO - 22/11/08 19:51:51 INFO TaskSetManager: Starting task 0.0 in stage 1.0 (TID 1) (renato-Virtual-Machine.mshome.net, executor driver, partition 0, PROCESS_LOCAL, 5229 bytes) taskResourceAssignments Map()
[2022-11-08T19:51:51.215-0300] {spark_submit.py:485} INFO - 22/11/08 19:51:51 INFO Executor: Running task 0.0 in stage 1.0 (TID 1)
[2022-11-08T19:51:51.266-0300] {spark_submit.py:485} INFO - 22/11/08 19:51:51 INFO FileOutputCommitter: File Output Committer Algorithm version is 1
[2022-11-08T19:51:51.266-0300] {spark_submit.py:485} INFO - 22/11/08 19:51:51 INFO FileOutputCommitter: FileOutputCommitter skip cleanup _temporary folders under output directory:false, ignore cleanup failures: false
[2022-11-08T19:51:51.267-0300] {spark_submit.py:485} INFO - 22/11/08 19:51:51 INFO SQLHadoopMapReduceCommitProtocol: Using output committer class org.apache.hadoop.mapreduce.lib.output.FileOutputCommitter
[2022-11-08T19:51:51.343-0300] {spark_submit.py:485} INFO - 22/11/08 19:51:51 INFO FileScanRDD: Reading File path: file:///home/renato/Documentos/datapipeline/datalake/bronze/twitter_aluraonline/extract_date=2022-11-08/AluraOnline_20221108.json, range: 0-227180, partition values: [empty row]
[2022-11-08T19:51:51.414-0300] {spark_submit.py:485} INFO - 22/11/08 19:51:51 INFO CodeGenerator: Code generated in 64.713925 ms
[2022-11-08T19:51:51.464-0300] {spark_submit.py:485} INFO - 22/11/08 19:51:51 INFO CodeGenerator: Code generated in 18.682705 ms
[2022-11-08T19:51:51.670-0300] {spark_submit.py:485} INFO - 22/11/08 19:51:51 INFO FileOutputCommitter: Saved output of task 'attempt_202211081951518953008954624264182_0001_m_000000_1' to file:/home/renato/Documentos/datapipeline/datalake/silver/twitter_aluraonline/tweet/process_date=2022-11-08/_temporary/0/task_202211081951518953008954624264182_0001_m_000000
[2022-11-08T19:51:51.671-0300] {spark_submit.py:485} INFO - 22/11/08 19:51:51 INFO SparkHadoopMapRedUtil: attempt_202211081951518953008954624264182_0001_m_000000_1: Committed. Elapsed time: 1 ms.
[2022-11-08T19:51:51.678-0300] {spark_submit.py:485} INFO - 22/11/08 19:51:51 INFO Executor: Finished task 0.0 in stage 1.0 (TID 1). 2678 bytes result sent to driver
[2022-11-08T19:51:51.688-0300] {spark_submit.py:485} INFO - 22/11/08 19:51:51 INFO TaskSetManager: Finished task 0.0 in stage 1.0 (TID 1) in 477 ms on renato-Virtual-Machine.mshome.net (executor driver) (1/1)
[2022-11-08T19:51:51.695-0300] {spark_submit.py:485} INFO - 22/11/08 19:51:51 INFO DAGScheduler: ResultStage 1 (json at NativeMethodAccessorImpl.java:0) finished in 0,533 s
[2022-11-08T19:51:51.696-0300] {spark_submit.py:485} INFO - 22/11/08 19:51:51 INFO DAGScheduler: Job 1 is finished. Cancelling potential speculative or zombie tasks for this job
[2022-11-08T19:51:51.699-0300] {spark_submit.py:485} INFO - 22/11/08 19:51:51 INFO TaskSchedulerImpl: Removed TaskSet 1.0, whose tasks have all completed, from pool
[2022-11-08T19:51:51.700-0300] {spark_submit.py:485} INFO - 22/11/08 19:51:51 INFO TaskSchedulerImpl: Killing all running tasks in stage 1: Stage finished
[2022-11-08T19:51:51.706-0300] {spark_submit.py:485} INFO - 22/11/08 19:51:51 INFO DAGScheduler: Job 1 finished: json at NativeMethodAccessorImpl.java:0, took 0,555628 s
[2022-11-08T19:51:51.708-0300] {spark_submit.py:485} INFO - 22/11/08 19:51:51 INFO FileFormatWriter: Start to commit write Job 9902471d-54ea-4947-a282-4b27d7908313.
[2022-11-08T19:51:51.762-0300] {spark_submit.py:485} INFO - 22/11/08 19:51:51 INFO FileFormatWriter: Write Job 9902471d-54ea-4947-a282-4b27d7908313 committed. Elapsed time: 51 ms.
[2022-11-08T19:51:51.772-0300] {spark_submit.py:485} INFO - 22/11/08 19:51:51 INFO FileFormatWriter: Finished processing stats for write job 9902471d-54ea-4947-a282-4b27d7908313.
[2022-11-08T19:51:51.816-0300] {spark_submit.py:485} INFO - 22/11/08 19:51:51 INFO FileSourceStrategy: Pushed Filters:
[2022-11-08T19:51:51.816-0300] {spark_submit.py:485} INFO - 22/11/08 19:51:51 INFO FileSourceStrategy: Post-Scan Filters:
[2022-11-08T19:51:51.816-0300] {spark_submit.py:485} INFO - 22/11/08 19:51:51 INFO FileSourceStrategy: Output Data Schema: struct<includes: struct<users: array<struct<created_at:string,id:string,name:string,username:string>>>>
[2022-11-08T19:51:51.840-0300] {spark_submit.py:485} INFO - 22/11/08 19:51:51 INFO FileOutputCommitter: File Output Committer Algorithm version is 1
[2022-11-08T19:51:51.840-0300] {spark_submit.py:485} INFO - 22/11/08 19:51:51 INFO FileOutputCommitter: FileOutputCommitter skip cleanup _temporary folders under output directory:false, ignore cleanup failures: false
[2022-11-08T19:51:51.841-0300] {spark_submit.py:485} INFO - 22/11/08 19:51:51 INFO SQLHadoopMapReduceCommitProtocol: Using output committer class org.apache.hadoop.mapreduce.lib.output.FileOutputCommitter
[2022-11-08T19:51:51.897-0300] {spark_submit.py:485} INFO - 22/11/08 19:51:51 INFO CodeGenerator: Code generated in 24.088748 ms
[2022-11-08T19:51:51.901-0300] {spark_submit.py:485} INFO - 22/11/08 19:51:51 INFO MemoryStore: Block broadcast_4 stored as values in memory (estimated size 349.5 KiB, free 364.9 MiB)
[2022-11-08T19:51:51.916-0300] {spark_submit.py:485} INFO - 22/11/08 19:51:51 INFO MemoryStore: Block broadcast_4_piece0 stored as bytes in memory (estimated size 33.9 KiB, free 364.9 MiB)
[2022-11-08T19:51:51.916-0300] {spark_submit.py:485} INFO - 22/11/08 19:51:51 INFO BlockManagerInfo: Added broadcast_4_piece0 in memory on renato-Virtual-Machine.mshome.net:34321 (size: 33.9 KiB, free: 366.1 MiB)
[2022-11-08T19:51:51.921-0300] {spark_submit.py:485} INFO - 22/11/08 19:51:51 INFO SparkContext: Created broadcast 4 from json at NativeMethodAccessorImpl.java:0
[2022-11-08T19:51:51.921-0300] {spark_submit.py:485} INFO - 22/11/08 19:51:51 INFO FileSourceScanExec: Planning scan with bin packing, max size: 4421484 bytes, open cost is considered as scanning 4194304 bytes.
[2022-11-08T19:51:51.970-0300] {spark_submit.py:485} INFO - 22/11/08 19:51:51 INFO SparkContext: Starting job: json at NativeMethodAccessorImpl.java:0
[2022-11-08T19:51:51.973-0300] {spark_submit.py:485} INFO - 22/11/08 19:51:51 INFO DAGScheduler: Got job 2 (json at NativeMethodAccessorImpl.java:0) with 1 output partitions
[2022-11-08T19:51:51.973-0300] {spark_submit.py:485} INFO - 22/11/08 19:51:51 INFO DAGScheduler: Final stage: ResultStage 2 (json at NativeMethodAccessorImpl.java:0)
[2022-11-08T19:51:51.973-0300] {spark_submit.py:485} INFO - 22/11/08 19:51:51 INFO DAGScheduler: Parents of final stage: List()
[2022-11-08T19:51:51.973-0300] {spark_submit.py:485} INFO - 22/11/08 19:51:51 INFO DAGScheduler: Missing parents: List()
[2022-11-08T19:51:51.976-0300] {spark_submit.py:485} INFO - 22/11/08 19:51:51 INFO DAGScheduler: Submitting ResultStage 2 (CoalescedRDD[11] at json at NativeMethodAccessorImpl.java:0), which has no missing parents
[2022-11-08T19:51:52.022-0300] {spark_submit.py:485} INFO - 22/11/08 19:51:52 INFO MemoryStore: Block broadcast_5 stored as values in memory (estimated size 214.7 KiB, free 364.7 MiB)
[2022-11-08T19:51:52.026-0300] {spark_submit.py:485} INFO - 22/11/08 19:51:52 INFO MemoryStore: Block broadcast_5_piece0 stored as bytes in memory (estimated size 76.3 KiB, free 364.6 MiB)
[2022-11-08T19:51:52.027-0300] {spark_submit.py:485} INFO - 22/11/08 19:51:52 INFO BlockManagerInfo: Added broadcast_5_piece0 in memory on renato-Virtual-Machine.mshome.net:34321 (size: 76.3 KiB, free: 366.0 MiB)
[2022-11-08T19:51:52.028-0300] {spark_submit.py:485} INFO - 22/11/08 19:51:52 INFO SparkContext: Created broadcast 5 from broadcast at DAGScheduler.scala:1513
[2022-11-08T19:51:52.029-0300] {spark_submit.py:485} INFO - 22/11/08 19:51:52 INFO DAGScheduler: Submitting 1 missing tasks from ResultStage 2 (CoalescedRDD[11] at json at NativeMethodAccessorImpl.java:0) (first 15 tasks are for partitions Vector(0))
[2022-11-08T19:51:52.030-0300] {spark_submit.py:485} INFO - 22/11/08 19:51:52 INFO TaskSchedulerImpl: Adding task set 2.0 with 1 tasks resource profile 0
[2022-11-08T19:51:52.036-0300] {spark_submit.py:485} INFO - 22/11/08 19:51:52 INFO TaskSetManager: Starting task 0.0 in stage 2.0 (TID 2) (renato-Virtual-Machine.mshome.net, executor driver, partition 0, PROCESS_LOCAL, 5229 bytes) taskResourceAssignments Map()
[2022-11-08T19:51:52.037-0300] {spark_submit.py:485} INFO - 22/11/08 19:51:52 INFO Executor: Running task 0.0 in stage 2.0 (TID 2)
[2022-11-08T19:51:52.060-0300] {spark_submit.py:485} INFO - 22/11/08 19:51:52 INFO FileOutputCommitter: File Output Committer Algorithm version is 1
[2022-11-08T19:51:52.062-0300] {spark_submit.py:485} INFO - 22/11/08 19:51:52 INFO FileOutputCommitter: FileOutputCommitter skip cleanup _temporary folders under output directory:false, ignore cleanup failures: false
[2022-11-08T19:51:52.063-0300] {spark_submit.py:485} INFO - 22/11/08 19:51:52 INFO SQLHadoopMapReduceCommitProtocol: Using output committer class org.apache.hadoop.mapreduce.lib.output.FileOutputCommitter
[2022-11-08T19:51:52.115-0300] {spark_submit.py:485} INFO - 22/11/08 19:51:52 INFO FileScanRDD: Reading File path: file:///home/renato/Documentos/datapipeline/datalake/bronze/twitter_aluraonline/extract_date=2022-11-08/AluraOnline_20221108.json, range: 0-227180, partition values: [empty row]
[2022-11-08T19:51:52.157-0300] {spark_submit.py:485} INFO - 22/11/08 19:51:52 INFO CodeGenerator: Code generated in 32.040166 ms
[2022-11-08T19:51:52.193-0300] {spark_submit.py:485} INFO - 22/11/08 19:51:52 INFO FileOutputCommitter: Saved output of task 'attempt_202211081951511641875550199676021_0002_m_000000_2' to file:/home/renato/Documentos/datapipeline/datalake/silver/twitter_aluraonline/user/process_date=2022-11-08/_temporary/0/task_202211081951511641875550199676021_0002_m_000000
[2022-11-08T19:51:52.193-0300] {spark_submit.py:485} INFO - 22/11/08 19:51:52 INFO SparkHadoopMapRedUtil: attempt_202211081951511641875550199676021_0002_m_000000_2: Committed. Elapsed time: 1 ms.
[2022-11-08T19:51:52.195-0300] {spark_submit.py:485} INFO - 22/11/08 19:51:52 INFO Executor: Finished task 0.0 in stage 2.0 (TID 2). 2579 bytes result sent to driver
[2022-11-08T19:51:52.198-0300] {spark_submit.py:485} INFO - 22/11/08 19:51:52 INFO TaskSetManager: Finished task 0.0 in stage 2.0 (TID 2) in 163 ms on renato-Virtual-Machine.mshome.net (executor driver) (1/1)
[2022-11-08T19:51:52.201-0300] {spark_submit.py:485} INFO - 22/11/08 19:51:52 INFO DAGScheduler: ResultStage 2 (json at NativeMethodAccessorImpl.java:0) finished in 0,222 s
[2022-11-08T19:51:52.205-0300] {spark_submit.py:485} INFO - 22/11/08 19:51:52 INFO DAGScheduler: Job 2 is finished. Cancelling potential speculative or zombie tasks for this job
[2022-11-08T19:51:52.207-0300] {spark_submit.py:485} INFO - 22/11/08 19:51:52 INFO TaskSchedulerImpl: Removed TaskSet 2.0, whose tasks have all completed, from pool
[2022-11-08T19:51:52.207-0300] {spark_submit.py:485} INFO - 22/11/08 19:51:52 INFO TaskSchedulerImpl: Killing all running tasks in stage 2: Stage finished
[2022-11-08T19:51:52.208-0300] {spark_submit.py:485} INFO - 22/11/08 19:51:52 INFO DAGScheduler: Job 2 finished: json at NativeMethodAccessorImpl.java:0, took 0,235949 s
[2022-11-08T19:51:52.208-0300] {spark_submit.py:485} INFO - 22/11/08 19:51:52 INFO FileFormatWriter: Start to commit write Job 3ee4555c-57a8-4a48-b236-3d59b79fd8f8.
[2022-11-08T19:51:52.242-0300] {spark_submit.py:485} INFO - 22/11/08 19:51:52 INFO FileFormatWriter: Write Job 3ee4555c-57a8-4a48-b236-3d59b79fd8f8 committed. Elapsed time: 28 ms.
[2022-11-08T19:51:52.242-0300] {spark_submit.py:485} INFO - 22/11/08 19:51:52 INFO FileFormatWriter: Finished processing stats for write job 3ee4555c-57a8-4a48-b236-3d59b79fd8f8.
[2022-11-08T19:51:52.300-0300] {spark_submit.py:485} INFO - 22/11/08 19:51:52 INFO SparkContext: Invoking stop() from shutdown hook
[2022-11-08T19:51:52.312-0300] {spark_submit.py:485} INFO - 22/11/08 19:51:52 INFO SparkUI: Stopped Spark web UI at http://renato-Virtual-Machine.mshome.net:4040
[2022-11-08T19:51:52.330-0300] {spark_submit.py:485} INFO - 22/11/08 19:51:52 INFO MapOutputTrackerMasterEndpoint: MapOutputTrackerMasterEndpoint stopped!
[2022-11-08T19:51:52.342-0300] {spark_submit.py:485} INFO - 22/11/08 19:51:52 INFO MemoryStore: MemoryStore cleared
[2022-11-08T19:51:52.343-0300] {spark_submit.py:485} INFO - 22/11/08 19:51:52 INFO BlockManager: BlockManager stopped
[2022-11-08T19:51:52.346-0300] {spark_submit.py:485} INFO - 22/11/08 19:51:52 INFO BlockManagerMaster: BlockManagerMaster stopped
[2022-11-08T19:51:52.348-0300] {spark_submit.py:485} INFO - 22/11/08 19:51:52 INFO OutputCommitCoordinator$OutputCommitCoordinatorEndpoint: OutputCommitCoordinator stopped!
[2022-11-08T19:51:52.354-0300] {spark_submit.py:485} INFO - 22/11/08 19:51:52 INFO SparkContext: Successfully stopped SparkContext
[2022-11-08T19:51:52.354-0300] {spark_submit.py:485} INFO - 22/11/08 19:51:52 INFO ShutdownHookManager: Shutdown hook called
[2022-11-08T19:51:52.355-0300] {spark_submit.py:485} INFO - 22/11/08 19:51:52 INFO ShutdownHookManager: Deleting directory /tmp/spark-74f3fbb0-99d4-4211-92f6-7dd0ec4c3c1b
[2022-11-08T19:51:52.357-0300] {spark_submit.py:485} INFO - 22/11/08 19:51:52 INFO ShutdownHookManager: Deleting directory /tmp/spark-30ee8311-325a-4929-a3bf-b5a5cfc43bc0
[2022-11-08T19:51:52.358-0300] {spark_submit.py:485} INFO - 22/11/08 19:51:52 INFO ShutdownHookManager: Deleting directory /tmp/spark-74f3fbb0-99d4-4211-92f6-7dd0ec4c3c1b/pyspark-9941118d-e409-4af1-b932-8beb1bcd8ee5
[2022-11-08T19:51:52.407-0300] {taskinstance.py:1401} INFO - Marking task as SUCCESS. dag_id=twitter_dag, task_id=transform_twitter_aluraonline, execution_date=20221108T225122, start_date=20221108T225137, end_date=20221108T225152
[2022-11-08T19:51:52.464-0300] {local_task_job.py:164} INFO - Task exited with return code 0
[2022-11-08T19:51:52.472-0300] {local_task_job.py:273} INFO - 0 downstream tasks scheduled from follow-on schedule check
