[2022-11-08T19:49:09.077-0300] {taskinstance.py:1165} INFO - Dependencies all met for <TaskInstance: twitter_dag.transform_twitter_aluraonline manual__2022-11-08T22:48:54.507935+00:00 [queued]>
[2022-11-08T19:49:09.084-0300] {taskinstance.py:1165} INFO - Dependencies all met for <TaskInstance: twitter_dag.transform_twitter_aluraonline manual__2022-11-08T22:48:54.507935+00:00 [queued]>
[2022-11-08T19:49:09.084-0300] {taskinstance.py:1362} INFO - 
--------------------------------------------------------------------------------
[2022-11-08T19:49:09.084-0300] {taskinstance.py:1363} INFO - Starting attempt 1 of 1
[2022-11-08T19:49:09.084-0300] {taskinstance.py:1364} INFO - 
--------------------------------------------------------------------------------
[2022-11-08T19:49:09.104-0300] {taskinstance.py:1383} INFO - Executing <Task(SparkSubmitOperator): transform_twitter_aluraonline> on 2022-11-08 22:48:54.507935+00:00
[2022-11-08T19:49:09.106-0300] {standard_task_runner.py:54} INFO - Started process 16538 to run task
[2022-11-08T19:49:09.108-0300] {standard_task_runner.py:82} INFO - Running: ['airflow', 'tasks', 'run', 'twitter_dag', 'transform_twitter_aluraonline', 'manual__2022-11-08T22:48:54.507935+00:00', '--job-id', '100', '--raw', '--subdir', 'DAGS_FOLDER/twitter_dag.py', '--cfg-path', '/tmp/tmp38vjn6de']
[2022-11-08T19:49:09.109-0300] {standard_task_runner.py:83} INFO - Job 100: Subtask transform_twitter_aluraonline
[2022-11-08T19:49:09.110-0300] {dagbag.py:525} INFO - Filling up the DagBag from /home/renato/Documentos/datapipeline/airflow/dags/twitter_dag.py
[2022-11-08T19:49:09.157-0300] {tutorial_taskflow_api_virtualenv.py:29} WARNING - The tutorial_taskflow_api_virtualenv example DAG requires virtualenv, please install it.
[2022-11-08T19:49:09.167-0300] {taskmixin.py:205} WARNING - Dependency <Task(_PythonDecoratedOperator): print_the_context>, log_sql_query already registered for DAG: example_python_operator
[2022-11-08T19:49:09.167-0300] {taskmixin.py:205} WARNING - Dependency <Task(_PythonDecoratedOperator): log_sql_query>, print_the_context already registered for DAG: example_python_operator
[2022-11-08T19:49:09.168-0300] {taskmixin.py:205} WARNING - Dependency <Task(_PythonDecoratedOperator): print_the_context>, log_sql_query already registered for DAG: example_python_operator
[2022-11-08T19:49:09.168-0300] {taskmixin.py:205} WARNING - Dependency <Task(_PythonDecoratedOperator): log_sql_query>, print_the_context already registered for DAG: example_python_operator
[2022-11-08T19:49:09.169-0300] {taskmixin.py:205} WARNING - Dependency <Task(_PythonDecoratedOperator): print_the_context>, log_sql_query already registered for DAG: example_python_operator
[2022-11-08T19:49:09.169-0300] {taskmixin.py:205} WARNING - Dependency <Task(_PythonDecoratedOperator): log_sql_query>, print_the_context already registered for DAG: example_python_operator
[2022-11-08T19:49:09.169-0300] {taskmixin.py:205} WARNING - Dependency <Task(_PythonDecoratedOperator): print_the_context>, log_sql_query already registered for DAG: example_python_operator
[2022-11-08T19:49:09.169-0300] {taskmixin.py:205} WARNING - Dependency <Task(_PythonDecoratedOperator): log_sql_query>, print_the_context already registered for DAG: example_python_operator
[2022-11-08T19:49:09.170-0300] {example_python_operator.py:85} WARNING - The virtalenv_python example task requires virtualenv, please install it.
[2022-11-08T19:49:09.206-0300] {taskmixin.py:205} WARNING - Dependency <Task(_PythonDecoratedOperator): extract>, transform already registered for DAG: tutorial_taskflow_api
[2022-11-08T19:49:09.206-0300] {taskmixin.py:205} WARNING - Dependency <Task(_PythonDecoratedOperator): transform>, extract already registered for DAG: tutorial_taskflow_api
[2022-11-08T19:49:09.206-0300] {taskmixin.py:205} WARNING - Dependency <Task(_PythonDecoratedOperator): extract>, transform already registered for DAG: tutorial_taskflow_api
[2022-11-08T19:49:09.206-0300] {taskmixin.py:205} WARNING - Dependency <Task(_PythonDecoratedOperator): transform>, extract already registered for DAG: tutorial_taskflow_api
[2022-11-08T19:49:09.207-0300] {taskmixin.py:205} WARNING - Dependency <Task(_PythonDecoratedOperator): extract>, transform already registered for DAG: tutorial_taskflow_api
[2022-11-08T19:49:09.207-0300] {taskmixin.py:205} WARNING - Dependency <Task(_PythonDecoratedOperator): transform>, extract already registered for DAG: tutorial_taskflow_api
[2022-11-08T19:49:09.207-0300] {taskmixin.py:205} WARNING - Dependency <Task(_PythonDecoratedOperator): extract>, transform already registered for DAG: tutorial_taskflow_api
[2022-11-08T19:49:09.207-0300] {taskmixin.py:205} WARNING - Dependency <Task(_PythonDecoratedOperator): transform>, extract already registered for DAG: tutorial_taskflow_api
[2022-11-08T19:49:09.207-0300] {taskmixin.py:205} WARNING - Dependency <Task(_PythonDecoratedOperator): extract>, transform already registered for DAG: tutorial_taskflow_api
[2022-11-08T19:49:09.207-0300] {taskmixin.py:205} WARNING - Dependency <Task(_PythonDecoratedOperator): transform>, extract already registered for DAG: tutorial_taskflow_api
[2022-11-08T19:49:09.207-0300] {taskmixin.py:205} WARNING - Dependency <Task(_PythonDecoratedOperator): extract>, transform already registered for DAG: tutorial_taskflow_api
[2022-11-08T19:49:09.208-0300] {taskmixin.py:205} WARNING - Dependency <Task(_PythonDecoratedOperator): transform>, extract already registered for DAG: tutorial_taskflow_api
[2022-11-08T19:49:09.208-0300] {taskmixin.py:205} WARNING - Dependency <Task(_PythonDecoratedOperator): transform>, load already registered for DAG: tutorial_taskflow_api
[2022-11-08T19:49:09.208-0300] {taskmixin.py:205} WARNING - Dependency <Task(_PythonDecoratedOperator): load>, transform already registered for DAG: tutorial_taskflow_api
[2022-11-08T19:49:09.208-0300] {taskmixin.py:205} WARNING - Dependency <Task(_PythonDecoratedOperator): transform>, load already registered for DAG: tutorial_taskflow_api
[2022-11-08T19:49:09.208-0300] {taskmixin.py:205} WARNING - Dependency <Task(_PythonDecoratedOperator): load>, transform already registered for DAG: tutorial_taskflow_api
[2022-11-08T19:49:09.209-0300] {taskmixin.py:205} WARNING - Dependency <Task(_PythonDecoratedOperator): transform>, load already registered for DAG: tutorial_taskflow_api
[2022-11-08T19:49:09.209-0300] {taskmixin.py:205} WARNING - Dependency <Task(_PythonDecoratedOperator): load>, transform already registered for DAG: tutorial_taskflow_api
[2022-11-08T19:49:09.209-0300] {taskmixin.py:205} WARNING - Dependency <Task(_PythonDecoratedOperator): transform>, load already registered for DAG: tutorial_taskflow_api
[2022-11-08T19:49:09.209-0300] {taskmixin.py:205} WARNING - Dependency <Task(_PythonDecoratedOperator): load>, transform already registered for DAG: tutorial_taskflow_api
[2022-11-08T19:49:09.209-0300] {taskmixin.py:205} WARNING - Dependency <Task(_PythonDecoratedOperator): transform>, load already registered for DAG: tutorial_taskflow_api
[2022-11-08T19:49:09.209-0300] {taskmixin.py:205} WARNING - Dependency <Task(_PythonDecoratedOperator): load>, transform already registered for DAG: tutorial_taskflow_api
[2022-11-08T19:49:09.210-0300] {taskmixin.py:205} WARNING - Dependency <Task(_PythonDecoratedOperator): transform>, load already registered for DAG: tutorial_taskflow_api
[2022-11-08T19:49:09.210-0300] {taskmixin.py:205} WARNING - Dependency <Task(_PythonDecoratedOperator): load>, transform already registered for DAG: tutorial_taskflow_api
[2022-11-08T19:49:09.225-0300] {taskmixin.py:205} WARNING - Dependency <Task(_PythonDecoratedOperator): push_by_returning>, puller already registered for DAG: example_xcom
[2022-11-08T19:49:09.225-0300] {taskmixin.py:205} WARNING - Dependency <Task(_PythonDecoratedOperator): puller>, push_by_returning already registered for DAG: example_xcom
[2022-11-08T19:49:09.225-0300] {taskmixin.py:205} WARNING - Dependency <Task(_PythonDecoratedOperator): push_by_returning>, puller already registered for DAG: example_xcom
[2022-11-08T19:49:09.225-0300] {taskmixin.py:205} WARNING - Dependency <Task(_PythonDecoratedOperator): puller>, push_by_returning already registered for DAG: example_xcom
[2022-11-08T19:49:09.225-0300] {taskmixin.py:205} WARNING - Dependency <Task(_PythonDecoratedOperator): push_by_returning>, puller already registered for DAG: example_xcom
[2022-11-08T19:49:09.225-0300] {taskmixin.py:205} WARNING - Dependency <Task(_PythonDecoratedOperator): puller>, push_by_returning already registered for DAG: example_xcom
[2022-11-08T19:49:09.226-0300] {taskmixin.py:205} WARNING - Dependency <Task(_PythonDecoratedOperator): push_by_returning>, puller already registered for DAG: example_xcom
[2022-11-08T19:49:09.226-0300] {taskmixin.py:205} WARNING - Dependency <Task(_PythonDecoratedOperator): puller>, push_by_returning already registered for DAG: example_xcom
[2022-11-08T19:49:09.226-0300] {taskmixin.py:205} WARNING - Dependency <Task(_PythonDecoratedOperator): push_by_returning>, puller already registered for DAG: example_xcom
[2022-11-08T19:49:09.226-0300] {taskmixin.py:205} WARNING - Dependency <Task(_PythonDecoratedOperator): puller>, push_by_returning already registered for DAG: example_xcom
[2022-11-08T19:49:09.226-0300] {taskmixin.py:205} WARNING - Dependency <Task(_PythonDecoratedOperator): push_by_returning>, puller already registered for DAG: example_xcom
[2022-11-08T19:49:09.226-0300] {taskmixin.py:205} WARNING - Dependency <Task(_PythonDecoratedOperator): puller>, push_by_returning already registered for DAG: example_xcom
[2022-11-08T19:49:09.318-0300] {taskmixin.py:205} WARNING - Dependency <Task(GetRequestOperator): get_ip>, prepare_email already registered for DAG: example_dag_decorator
[2022-11-08T19:49:09.319-0300] {taskmixin.py:205} WARNING - Dependency <Task(_PythonDecoratedOperator): prepare_email>, get_ip already registered for DAG: example_dag_decorator
[2022-11-08T19:49:09.319-0300] {taskmixin.py:205} WARNING - Dependency <Task(GetRequestOperator): get_ip>, prepare_email already registered for DAG: example_dag_decorator
[2022-11-08T19:49:09.319-0300] {taskmixin.py:205} WARNING - Dependency <Task(_PythonDecoratedOperator): prepare_email>, get_ip already registered for DAG: example_dag_decorator
[2022-11-08T19:49:09.319-0300] {taskmixin.py:205} WARNING - Dependency <Task(GetRequestOperator): get_ip>, prepare_email already registered for DAG: example_dag_decorator
[2022-11-08T19:49:09.319-0300] {taskmixin.py:205} WARNING - Dependency <Task(_PythonDecoratedOperator): prepare_email>, get_ip already registered for DAG: example_dag_decorator
[2022-11-08T19:49:09.319-0300] {taskmixin.py:205} WARNING - Dependency <Task(GetRequestOperator): get_ip>, prepare_email already registered for DAG: example_dag_decorator
[2022-11-08T19:49:09.319-0300] {taskmixin.py:205} WARNING - Dependency <Task(_PythonDecoratedOperator): prepare_email>, get_ip already registered for DAG: example_dag_decorator
[2022-11-08T19:49:09.320-0300] {taskmixin.py:205} WARNING - Dependency <Task(GetRequestOperator): get_ip>, prepare_email already registered for DAG: example_dag_decorator
[2022-11-08T19:49:09.320-0300] {taskmixin.py:205} WARNING - Dependency <Task(_PythonDecoratedOperator): prepare_email>, get_ip already registered for DAG: example_dag_decorator
[2022-11-08T19:49:09.320-0300] {taskmixin.py:205} WARNING - Dependency <Task(GetRequestOperator): get_ip>, prepare_email already registered for DAG: example_dag_decorator
[2022-11-08T19:49:09.320-0300] {taskmixin.py:205} WARNING - Dependency <Task(_PythonDecoratedOperator): prepare_email>, get_ip already registered for DAG: example_dag_decorator
[2022-11-08T19:49:09.320-0300] {taskmixin.py:205} WARNING - Dependency <Task(_PythonDecoratedOperator): prepare_email>, send_email already registered for DAG: example_dag_decorator
[2022-11-08T19:49:09.320-0300] {taskmixin.py:205} WARNING - Dependency <Task(EmailOperator): send_email>, prepare_email already registered for DAG: example_dag_decorator
[2022-11-08T19:49:09.321-0300] {taskmixin.py:205} WARNING - Dependency <Task(_PythonDecoratedOperator): prepare_email>, send_email already registered for DAG: example_dag_decorator
[2022-11-08T19:49:09.321-0300] {taskmixin.py:205} WARNING - Dependency <Task(EmailOperator): send_email>, prepare_email already registered for DAG: example_dag_decorator
[2022-11-08T19:49:09.321-0300] {taskmixin.py:205} WARNING - Dependency <Task(_PythonDecoratedOperator): prepare_email>, send_email already registered for DAG: example_dag_decorator
[2022-11-08T19:49:09.321-0300] {taskmixin.py:205} WARNING - Dependency <Task(EmailOperator): send_email>, prepare_email already registered for DAG: example_dag_decorator
[2022-11-08T19:49:09.321-0300] {taskmixin.py:205} WARNING - Dependency <Task(_PythonDecoratedOperator): prepare_email>, send_email already registered for DAG: example_dag_decorator
[2022-11-08T19:49:09.321-0300] {taskmixin.py:205} WARNING - Dependency <Task(EmailOperator): send_email>, prepare_email already registered for DAG: example_dag_decorator
[2022-11-08T19:49:09.321-0300] {taskmixin.py:205} WARNING - Dependency <Task(_PythonDecoratedOperator): prepare_email>, send_email already registered for DAG: example_dag_decorator
[2022-11-08T19:49:09.322-0300] {taskmixin.py:205} WARNING - Dependency <Task(EmailOperator): send_email>, prepare_email already registered for DAG: example_dag_decorator
[2022-11-08T19:49:09.322-0300] {taskmixin.py:205} WARNING - Dependency <Task(_PythonDecoratedOperator): prepare_email>, send_email already registered for DAG: example_dag_decorator
[2022-11-08T19:49:09.322-0300] {taskmixin.py:205} WARNING - Dependency <Task(EmailOperator): send_email>, prepare_email already registered for DAG: example_dag_decorator
[2022-11-08T19:49:09.338-0300] {taskmixin.py:205} WARNING - Dependency <Task(BashOperator): create_entry_group>, delete_entry_group already registered for DAG: example_complex
[2022-11-08T19:49:09.338-0300] {taskmixin.py:205} WARNING - Dependency <Task(BashOperator): delete_entry_group>, create_entry_group already registered for DAG: example_complex
[2022-11-08T19:49:09.339-0300] {taskmixin.py:205} WARNING - Dependency <Task(BashOperator): create_entry_gcs>, delete_entry already registered for DAG: example_complex
[2022-11-08T19:49:09.339-0300] {taskmixin.py:205} WARNING - Dependency <Task(BashOperator): delete_entry>, create_entry_gcs already registered for DAG: example_complex
[2022-11-08T19:49:09.339-0300] {taskmixin.py:205} WARNING - Dependency <Task(BashOperator): create_tag>, delete_tag already registered for DAG: example_complex
[2022-11-08T19:49:09.339-0300] {taskmixin.py:205} WARNING - Dependency <Task(BashOperator): delete_tag>, create_tag already registered for DAG: example_complex
[2022-11-08T19:49:09.354-0300] {taskmixin.py:205} WARNING - Dependency <Task(_PythonDecoratedOperator): task_group_function.task_1>, task_group_function.task_2 already registered for DAG: example_task_group_decorator
[2022-11-08T19:49:09.354-0300] {taskmixin.py:205} WARNING - Dependency <Task(_PythonDecoratedOperator): task_group_function.task_2>, task_group_function.task_1 already registered for DAG: example_task_group_decorator
[2022-11-08T19:49:09.355-0300] {taskmixin.py:205} WARNING - Dependency <Task(_PythonDecoratedOperator): task_group_function.task_1>, task_group_function.task_2 already registered for DAG: example_task_group_decorator
[2022-11-08T19:49:09.355-0300] {taskmixin.py:205} WARNING - Dependency <Task(_PythonDecoratedOperator): task_group_function.task_2>, task_group_function.task_1 already registered for DAG: example_task_group_decorator
[2022-11-08T19:49:09.355-0300] {taskmixin.py:205} WARNING - Dependency <Task(_PythonDecoratedOperator): task_group_function.task_1>, task_group_function.task_2 already registered for DAG: example_task_group_decorator
[2022-11-08T19:49:09.355-0300] {taskmixin.py:205} WARNING - Dependency <Task(_PythonDecoratedOperator): task_group_function.task_2>, task_group_function.task_1 already registered for DAG: example_task_group_decorator
[2022-11-08T19:49:09.355-0300] {taskmixin.py:205} WARNING - Dependency <Task(_PythonDecoratedOperator): task_group_function.task_1>, task_group_function.task_2 already registered for DAG: example_task_group_decorator
[2022-11-08T19:49:09.355-0300] {taskmixin.py:205} WARNING - Dependency <Task(_PythonDecoratedOperator): task_group_function.task_2>, task_group_function.task_1 already registered for DAG: example_task_group_decorator
[2022-11-08T19:49:09.356-0300] {taskmixin.py:205} WARNING - Dependency <Task(_PythonDecoratedOperator): task_group_function.task_1>, task_group_function.task_2 already registered for DAG: example_task_group_decorator
[2022-11-08T19:49:09.356-0300] {taskmixin.py:205} WARNING - Dependency <Task(_PythonDecoratedOperator): task_group_function.task_2>, task_group_function.task_1 already registered for DAG: example_task_group_decorator
[2022-11-08T19:49:09.356-0300] {taskmixin.py:205} WARNING - Dependency <Task(_PythonDecoratedOperator): task_group_function.task_1>, task_group_function.task_2 already registered for DAG: example_task_group_decorator
[2022-11-08T19:49:09.356-0300] {taskmixin.py:205} WARNING - Dependency <Task(_PythonDecoratedOperator): task_group_function.task_2>, task_group_function.task_1 already registered for DAG: example_task_group_decorator
[2022-11-08T19:49:09.357-0300] {taskmixin.py:205} WARNING - Dependency <Task(_PythonDecoratedOperator): task_group_function.task_2>, task_group_function.task_3 already registered for DAG: example_task_group_decorator
[2022-11-08T19:49:09.357-0300] {taskmixin.py:205} WARNING - Dependency <Task(_PythonDecoratedOperator): task_group_function.task_3>, task_group_function.task_2 already registered for DAG: example_task_group_decorator
[2022-11-08T19:49:09.359-0300] {taskmixin.py:205} WARNING - Dependency <Task(_PythonDecoratedOperator): task_group_function.task_2>, task_group_function.task_3 already registered for DAG: example_task_group_decorator
[2022-11-08T19:49:09.359-0300] {taskmixin.py:205} WARNING - Dependency <Task(_PythonDecoratedOperator): task_group_function.task_3>, task_group_function.task_2 already registered for DAG: example_task_group_decorator
[2022-11-08T19:49:09.359-0300] {taskmixin.py:205} WARNING - Dependency <Task(_PythonDecoratedOperator): task_group_function.task_2>, task_group_function.task_3 already registered for DAG: example_task_group_decorator
[2022-11-08T19:49:09.359-0300] {taskmixin.py:205} WARNING - Dependency <Task(_PythonDecoratedOperator): task_group_function.task_3>, task_group_function.task_2 already registered for DAG: example_task_group_decorator
[2022-11-08T19:49:09.360-0300] {taskmixin.py:205} WARNING - Dependency <Task(_PythonDecoratedOperator): task_group_function.task_2>, task_group_function.task_3 already registered for DAG: example_task_group_decorator
[2022-11-08T19:49:09.360-0300] {taskmixin.py:205} WARNING - Dependency <Task(_PythonDecoratedOperator): task_group_function.task_3>, task_group_function.task_2 already registered for DAG: example_task_group_decorator
[2022-11-08T19:49:09.360-0300] {taskmixin.py:205} WARNING - Dependency <Task(_PythonDecoratedOperator): task_group_function.task_2>, task_group_function.task_3 already registered for DAG: example_task_group_decorator
[2022-11-08T19:49:09.360-0300] {taskmixin.py:205} WARNING - Dependency <Task(_PythonDecoratedOperator): task_group_function.task_3>, task_group_function.task_2 already registered for DAG: example_task_group_decorator
[2022-11-08T19:49:09.360-0300] {taskmixin.py:205} WARNING - Dependency <Task(_PythonDecoratedOperator): task_group_function.task_2>, task_group_function.task_3 already registered for DAG: example_task_group_decorator
[2022-11-08T19:49:09.360-0300] {taskmixin.py:205} WARNING - Dependency <Task(_PythonDecoratedOperator): task_group_function.task_3>, task_group_function.task_2 already registered for DAG: example_task_group_decorator
[2022-11-08T19:49:09.362-0300] {taskmixin.py:205} WARNING - Dependency <Task(_PythonDecoratedOperator): task_group_function__1.task_1>, task_group_function__1.task_2 already registered for DAG: example_task_group_decorator
[2022-11-08T19:49:09.362-0300] {taskmixin.py:205} WARNING - Dependency <Task(_PythonDecoratedOperator): task_group_function__1.task_2>, task_group_function__1.task_1 already registered for DAG: example_task_group_decorator
[2022-11-08T19:49:09.363-0300] {taskmixin.py:205} WARNING - Dependency <Task(_PythonDecoratedOperator): task_group_function__1.task_1>, task_group_function__1.task_2 already registered for DAG: example_task_group_decorator
[2022-11-08T19:49:09.363-0300] {taskmixin.py:205} WARNING - Dependency <Task(_PythonDecoratedOperator): task_group_function__1.task_2>, task_group_function__1.task_1 already registered for DAG: example_task_group_decorator
[2022-11-08T19:49:09.363-0300] {taskmixin.py:205} WARNING - Dependency <Task(_PythonDecoratedOperator): task_group_function__1.task_1>, task_group_function__1.task_2 already registered for DAG: example_task_group_decorator
[2022-11-08T19:49:09.363-0300] {taskmixin.py:205} WARNING - Dependency <Task(_PythonDecoratedOperator): task_group_function__1.task_2>, task_group_function__1.task_1 already registered for DAG: example_task_group_decorator
[2022-11-08T19:49:09.363-0300] {taskmixin.py:205} WARNING - Dependency <Task(_PythonDecoratedOperator): task_group_function__1.task_1>, task_group_function__1.task_2 already registered for DAG: example_task_group_decorator
[2022-11-08T19:49:09.363-0300] {taskmixin.py:205} WARNING - Dependency <Task(_PythonDecoratedOperator): task_group_function__1.task_2>, task_group_function__1.task_1 already registered for DAG: example_task_group_decorator
[2022-11-08T19:49:09.363-0300] {taskmixin.py:205} WARNING - Dependency <Task(_PythonDecoratedOperator): task_group_function__1.task_1>, task_group_function__1.task_2 already registered for DAG: example_task_group_decorator
[2022-11-08T19:49:09.364-0300] {taskmixin.py:205} WARNING - Dependency <Task(_PythonDecoratedOperator): task_group_function__1.task_2>, task_group_function__1.task_1 already registered for DAG: example_task_group_decorator
[2022-11-08T19:49:09.364-0300] {taskmixin.py:205} WARNING - Dependency <Task(_PythonDecoratedOperator): task_group_function__1.task_1>, task_group_function__1.task_2 already registered for DAG: example_task_group_decorator
[2022-11-08T19:49:09.364-0300] {taskmixin.py:205} WARNING - Dependency <Task(_PythonDecoratedOperator): task_group_function__1.task_2>, task_group_function__1.task_1 already registered for DAG: example_task_group_decorator
[2022-11-08T19:49:09.364-0300] {taskmixin.py:205} WARNING - Dependency <Task(_PythonDecoratedOperator): task_group_function__1.task_2>, task_group_function__1.task_3 already registered for DAG: example_task_group_decorator
[2022-11-08T19:49:09.364-0300] {taskmixin.py:205} WARNING - Dependency <Task(_PythonDecoratedOperator): task_group_function__1.task_3>, task_group_function__1.task_2 already registered for DAG: example_task_group_decorator
[2022-11-08T19:49:09.365-0300] {taskmixin.py:205} WARNING - Dependency <Task(_PythonDecoratedOperator): task_group_function__1.task_2>, task_group_function__1.task_3 already registered for DAG: example_task_group_decorator
[2022-11-08T19:49:09.365-0300] {taskmixin.py:205} WARNING - Dependency <Task(_PythonDecoratedOperator): task_group_function__1.task_3>, task_group_function__1.task_2 already registered for DAG: example_task_group_decorator
[2022-11-08T19:49:09.365-0300] {taskmixin.py:205} WARNING - Dependency <Task(_PythonDecoratedOperator): task_group_function__1.task_2>, task_group_function__1.task_3 already registered for DAG: example_task_group_decorator
[2022-11-08T19:49:09.365-0300] {taskmixin.py:205} WARNING - Dependency <Task(_PythonDecoratedOperator): task_group_function__1.task_3>, task_group_function__1.task_2 already registered for DAG: example_task_group_decorator
[2022-11-08T19:49:09.365-0300] {taskmixin.py:205} WARNING - Dependency <Task(_PythonDecoratedOperator): task_group_function__1.task_2>, task_group_function__1.task_3 already registered for DAG: example_task_group_decorator
[2022-11-08T19:49:09.365-0300] {taskmixin.py:205} WARNING - Dependency <Task(_PythonDecoratedOperator): task_group_function__1.task_3>, task_group_function__1.task_2 already registered for DAG: example_task_group_decorator
[2022-11-08T19:49:09.365-0300] {taskmixin.py:205} WARNING - Dependency <Task(_PythonDecoratedOperator): task_group_function__1.task_2>, task_group_function__1.task_3 already registered for DAG: example_task_group_decorator
[2022-11-08T19:49:09.365-0300] {taskmixin.py:205} WARNING - Dependency <Task(_PythonDecoratedOperator): task_group_function__1.task_3>, task_group_function__1.task_2 already registered for DAG: example_task_group_decorator
[2022-11-08T19:49:09.366-0300] {taskmixin.py:205} WARNING - Dependency <Task(_PythonDecoratedOperator): task_group_function__1.task_2>, task_group_function__1.task_3 already registered for DAG: example_task_group_decorator
[2022-11-08T19:49:09.366-0300] {taskmixin.py:205} WARNING - Dependency <Task(_PythonDecoratedOperator): task_group_function__1.task_3>, task_group_function__1.task_2 already registered for DAG: example_task_group_decorator
[2022-11-08T19:49:09.367-0300] {taskmixin.py:205} WARNING - Dependency <Task(_PythonDecoratedOperator): task_group_function__2.task_1>, task_group_function__2.task_2 already registered for DAG: example_task_group_decorator
[2022-11-08T19:49:09.367-0300] {taskmixin.py:205} WARNING - Dependency <Task(_PythonDecoratedOperator): task_group_function__2.task_2>, task_group_function__2.task_1 already registered for DAG: example_task_group_decorator
[2022-11-08T19:49:09.368-0300] {taskmixin.py:205} WARNING - Dependency <Task(_PythonDecoratedOperator): task_group_function__2.task_1>, task_group_function__2.task_2 already registered for DAG: example_task_group_decorator
[2022-11-08T19:49:09.368-0300] {taskmixin.py:205} WARNING - Dependency <Task(_PythonDecoratedOperator): task_group_function__2.task_2>, task_group_function__2.task_1 already registered for DAG: example_task_group_decorator
[2022-11-08T19:49:09.368-0300] {taskmixin.py:205} WARNING - Dependency <Task(_PythonDecoratedOperator): task_group_function__2.task_1>, task_group_function__2.task_2 already registered for DAG: example_task_group_decorator
[2022-11-08T19:49:09.368-0300] {taskmixin.py:205} WARNING - Dependency <Task(_PythonDecoratedOperator): task_group_function__2.task_2>, task_group_function__2.task_1 already registered for DAG: example_task_group_decorator
[2022-11-08T19:49:09.368-0300] {taskmixin.py:205} WARNING - Dependency <Task(_PythonDecoratedOperator): task_group_function__2.task_1>, task_group_function__2.task_2 already registered for DAG: example_task_group_decorator
[2022-11-08T19:49:09.368-0300] {taskmixin.py:205} WARNING - Dependency <Task(_PythonDecoratedOperator): task_group_function__2.task_2>, task_group_function__2.task_1 already registered for DAG: example_task_group_decorator
[2022-11-08T19:49:09.368-0300] {taskmixin.py:205} WARNING - Dependency <Task(_PythonDecoratedOperator): task_group_function__2.task_1>, task_group_function__2.task_2 already registered for DAG: example_task_group_decorator
[2022-11-08T19:49:09.368-0300] {taskmixin.py:205} WARNING - Dependency <Task(_PythonDecoratedOperator): task_group_function__2.task_2>, task_group_function__2.task_1 already registered for DAG: example_task_group_decorator
[2022-11-08T19:49:09.369-0300] {taskmixin.py:205} WARNING - Dependency <Task(_PythonDecoratedOperator): task_group_function__2.task_1>, task_group_function__2.task_2 already registered for DAG: example_task_group_decorator
[2022-11-08T19:49:09.369-0300] {taskmixin.py:205} WARNING - Dependency <Task(_PythonDecoratedOperator): task_group_function__2.task_2>, task_group_function__2.task_1 already registered for DAG: example_task_group_decorator
[2022-11-08T19:49:09.369-0300] {taskmixin.py:205} WARNING - Dependency <Task(_PythonDecoratedOperator): task_group_function__2.task_2>, task_group_function__2.task_3 already registered for DAG: example_task_group_decorator
[2022-11-08T19:49:09.369-0300] {taskmixin.py:205} WARNING - Dependency <Task(_PythonDecoratedOperator): task_group_function__2.task_3>, task_group_function__2.task_2 already registered for DAG: example_task_group_decorator
[2022-11-08T19:49:09.370-0300] {taskmixin.py:205} WARNING - Dependency <Task(_PythonDecoratedOperator): task_group_function__2.task_2>, task_group_function__2.task_3 already registered for DAG: example_task_group_decorator
[2022-11-08T19:49:09.370-0300] {taskmixin.py:205} WARNING - Dependency <Task(_PythonDecoratedOperator): task_group_function__2.task_3>, task_group_function__2.task_2 already registered for DAG: example_task_group_decorator
[2022-11-08T19:49:09.370-0300] {taskmixin.py:205} WARNING - Dependency <Task(_PythonDecoratedOperator): task_group_function__2.task_2>, task_group_function__2.task_3 already registered for DAG: example_task_group_decorator
[2022-11-08T19:49:09.370-0300] {taskmixin.py:205} WARNING - Dependency <Task(_PythonDecoratedOperator): task_group_function__2.task_3>, task_group_function__2.task_2 already registered for DAG: example_task_group_decorator
[2022-11-08T19:49:09.370-0300] {taskmixin.py:205} WARNING - Dependency <Task(_PythonDecoratedOperator): task_group_function__2.task_2>, task_group_function__2.task_3 already registered for DAG: example_task_group_decorator
[2022-11-08T19:49:09.370-0300] {taskmixin.py:205} WARNING - Dependency <Task(_PythonDecoratedOperator): task_group_function__2.task_3>, task_group_function__2.task_2 already registered for DAG: example_task_group_decorator
[2022-11-08T19:49:09.370-0300] {taskmixin.py:205} WARNING - Dependency <Task(_PythonDecoratedOperator): task_group_function__2.task_2>, task_group_function__2.task_3 already registered for DAG: example_task_group_decorator
[2022-11-08T19:49:09.371-0300] {taskmixin.py:205} WARNING - Dependency <Task(_PythonDecoratedOperator): task_group_function__2.task_3>, task_group_function__2.task_2 already registered for DAG: example_task_group_decorator
[2022-11-08T19:49:09.371-0300] {taskmixin.py:205} WARNING - Dependency <Task(_PythonDecoratedOperator): task_group_function__2.task_2>, task_group_function__2.task_3 already registered for DAG: example_task_group_decorator
[2022-11-08T19:49:09.371-0300] {taskmixin.py:205} WARNING - Dependency <Task(_PythonDecoratedOperator): task_group_function__2.task_3>, task_group_function__2.task_2 already registered for DAG: example_task_group_decorator
[2022-11-08T19:49:09.372-0300] {taskmixin.py:205} WARNING - Dependency <Task(_PythonDecoratedOperator): task_group_function__3.task_1>, task_group_function__3.task_2 already registered for DAG: example_task_group_decorator
[2022-11-08T19:49:09.372-0300] {taskmixin.py:205} WARNING - Dependency <Task(_PythonDecoratedOperator): task_group_function__3.task_2>, task_group_function__3.task_1 already registered for DAG: example_task_group_decorator
[2022-11-08T19:49:09.372-0300] {taskmixin.py:205} WARNING - Dependency <Task(_PythonDecoratedOperator): task_group_function__3.task_1>, task_group_function__3.task_2 already registered for DAG: example_task_group_decorator
[2022-11-08T19:49:09.372-0300] {taskmixin.py:205} WARNING - Dependency <Task(_PythonDecoratedOperator): task_group_function__3.task_2>, task_group_function__3.task_1 already registered for DAG: example_task_group_decorator
[2022-11-08T19:49:09.372-0300] {taskmixin.py:205} WARNING - Dependency <Task(_PythonDecoratedOperator): task_group_function__3.task_1>, task_group_function__3.task_2 already registered for DAG: example_task_group_decorator
[2022-11-08T19:49:09.373-0300] {taskmixin.py:205} WARNING - Dependency <Task(_PythonDecoratedOperator): task_group_function__3.task_2>, task_group_function__3.task_1 already registered for DAG: example_task_group_decorator
[2022-11-08T19:49:09.373-0300] {taskmixin.py:205} WARNING - Dependency <Task(_PythonDecoratedOperator): task_group_function__3.task_1>, task_group_function__3.task_2 already registered for DAG: example_task_group_decorator
[2022-11-08T19:49:09.373-0300] {taskmixin.py:205} WARNING - Dependency <Task(_PythonDecoratedOperator): task_group_function__3.task_2>, task_group_function__3.task_1 already registered for DAG: example_task_group_decorator
[2022-11-08T19:49:09.373-0300] {taskmixin.py:205} WARNING - Dependency <Task(_PythonDecoratedOperator): task_group_function__3.task_1>, task_group_function__3.task_2 already registered for DAG: example_task_group_decorator
[2022-11-08T19:49:09.373-0300] {taskmixin.py:205} WARNING - Dependency <Task(_PythonDecoratedOperator): task_group_function__3.task_2>, task_group_function__3.task_1 already registered for DAG: example_task_group_decorator
[2022-11-08T19:49:09.373-0300] {taskmixin.py:205} WARNING - Dependency <Task(_PythonDecoratedOperator): task_group_function__3.task_1>, task_group_function__3.task_2 already registered for DAG: example_task_group_decorator
[2022-11-08T19:49:09.373-0300] {taskmixin.py:205} WARNING - Dependency <Task(_PythonDecoratedOperator): task_group_function__3.task_2>, task_group_function__3.task_1 already registered for DAG: example_task_group_decorator
[2022-11-08T19:49:09.374-0300] {taskmixin.py:205} WARNING - Dependency <Task(_PythonDecoratedOperator): task_group_function__3.task_2>, task_group_function__3.task_3 already registered for DAG: example_task_group_decorator
[2022-11-08T19:49:09.374-0300] {taskmixin.py:205} WARNING - Dependency <Task(_PythonDecoratedOperator): task_group_function__3.task_3>, task_group_function__3.task_2 already registered for DAG: example_task_group_decorator
[2022-11-08T19:49:09.374-0300] {taskmixin.py:205} WARNING - Dependency <Task(_PythonDecoratedOperator): task_group_function__3.task_2>, task_group_function__3.task_3 already registered for DAG: example_task_group_decorator
[2022-11-08T19:49:09.374-0300] {taskmixin.py:205} WARNING - Dependency <Task(_PythonDecoratedOperator): task_group_function__3.task_3>, task_group_function__3.task_2 already registered for DAG: example_task_group_decorator
[2022-11-08T19:49:09.374-0300] {taskmixin.py:205} WARNING - Dependency <Task(_PythonDecoratedOperator): task_group_function__3.task_2>, task_group_function__3.task_3 already registered for DAG: example_task_group_decorator
[2022-11-08T19:49:09.374-0300] {taskmixin.py:205} WARNING - Dependency <Task(_PythonDecoratedOperator): task_group_function__3.task_3>, task_group_function__3.task_2 already registered for DAG: example_task_group_decorator
[2022-11-08T19:49:09.375-0300] {taskmixin.py:205} WARNING - Dependency <Task(_PythonDecoratedOperator): task_group_function__3.task_2>, task_group_function__3.task_3 already registered for DAG: example_task_group_decorator
[2022-11-08T19:49:09.375-0300] {taskmixin.py:205} WARNING - Dependency <Task(_PythonDecoratedOperator): task_group_function__3.task_3>, task_group_function__3.task_2 already registered for DAG: example_task_group_decorator
[2022-11-08T19:49:09.375-0300] {taskmixin.py:205} WARNING - Dependency <Task(_PythonDecoratedOperator): task_group_function__3.task_2>, task_group_function__3.task_3 already registered for DAG: example_task_group_decorator
[2022-11-08T19:49:09.375-0300] {taskmixin.py:205} WARNING - Dependency <Task(_PythonDecoratedOperator): task_group_function__3.task_3>, task_group_function__3.task_2 already registered for DAG: example_task_group_decorator
[2022-11-08T19:49:09.375-0300] {taskmixin.py:205} WARNING - Dependency <Task(_PythonDecoratedOperator): task_group_function__3.task_2>, task_group_function__3.task_3 already registered for DAG: example_task_group_decorator
[2022-11-08T19:49:09.375-0300] {taskmixin.py:205} WARNING - Dependency <Task(_PythonDecoratedOperator): task_group_function__3.task_3>, task_group_function__3.task_2 already registered for DAG: example_task_group_decorator
[2022-11-08T19:49:09.376-0300] {taskmixin.py:205} WARNING - Dependency <Task(_PythonDecoratedOperator): task_group_function__4.task_1>, task_group_function__4.task_2 already registered for DAG: example_task_group_decorator
[2022-11-08T19:49:09.376-0300] {taskmixin.py:205} WARNING - Dependency <Task(_PythonDecoratedOperator): task_group_function__4.task_2>, task_group_function__4.task_1 already registered for DAG: example_task_group_decorator
[2022-11-08T19:49:09.376-0300] {taskmixin.py:205} WARNING - Dependency <Task(_PythonDecoratedOperator): task_group_function__4.task_1>, task_group_function__4.task_2 already registered for DAG: example_task_group_decorator
[2022-11-08T19:49:09.377-0300] {taskmixin.py:205} WARNING - Dependency <Task(_PythonDecoratedOperator): task_group_function__4.task_2>, task_group_function__4.task_1 already registered for DAG: example_task_group_decorator
[2022-11-08T19:49:09.377-0300] {taskmixin.py:205} WARNING - Dependency <Task(_PythonDecoratedOperator): task_group_function__4.task_1>, task_group_function__4.task_2 already registered for DAG: example_task_group_decorator
[2022-11-08T19:49:09.377-0300] {taskmixin.py:205} WARNING - Dependency <Task(_PythonDecoratedOperator): task_group_function__4.task_2>, task_group_function__4.task_1 already registered for DAG: example_task_group_decorator
[2022-11-08T19:49:09.377-0300] {taskmixin.py:205} WARNING - Dependency <Task(_PythonDecoratedOperator): task_group_function__4.task_1>, task_group_function__4.task_2 already registered for DAG: example_task_group_decorator
[2022-11-08T19:49:09.377-0300] {taskmixin.py:205} WARNING - Dependency <Task(_PythonDecoratedOperator): task_group_function__4.task_2>, task_group_function__4.task_1 already registered for DAG: example_task_group_decorator
[2022-11-08T19:49:09.377-0300] {taskmixin.py:205} WARNING - Dependency <Task(_PythonDecoratedOperator): task_group_function__4.task_1>, task_group_function__4.task_2 already registered for DAG: example_task_group_decorator
[2022-11-08T19:49:09.377-0300] {taskmixin.py:205} WARNING - Dependency <Task(_PythonDecoratedOperator): task_group_function__4.task_2>, task_group_function__4.task_1 already registered for DAG: example_task_group_decorator
[2022-11-08T19:49:09.377-0300] {taskmixin.py:205} WARNING - Dependency <Task(_PythonDecoratedOperator): task_group_function__4.task_1>, task_group_function__4.task_2 already registered for DAG: example_task_group_decorator
[2022-11-08T19:49:09.378-0300] {taskmixin.py:205} WARNING - Dependency <Task(_PythonDecoratedOperator): task_group_function__4.task_2>, task_group_function__4.task_1 already registered for DAG: example_task_group_decorator
[2022-11-08T19:49:09.378-0300] {taskmixin.py:205} WARNING - Dependency <Task(_PythonDecoratedOperator): task_group_function__4.task_2>, task_group_function__4.task_3 already registered for DAG: example_task_group_decorator
[2022-11-08T19:49:09.378-0300] {taskmixin.py:205} WARNING - Dependency <Task(_PythonDecoratedOperator): task_group_function__4.task_3>, task_group_function__4.task_2 already registered for DAG: example_task_group_decorator
[2022-11-08T19:49:09.378-0300] {taskmixin.py:205} WARNING - Dependency <Task(_PythonDecoratedOperator): task_group_function__4.task_2>, task_group_function__4.task_3 already registered for DAG: example_task_group_decorator
[2022-11-08T19:49:09.379-0300] {taskmixin.py:205} WARNING - Dependency <Task(_PythonDecoratedOperator): task_group_function__4.task_3>, task_group_function__4.task_2 already registered for DAG: example_task_group_decorator
[2022-11-08T19:49:09.379-0300] {taskmixin.py:205} WARNING - Dependency <Task(_PythonDecoratedOperator): task_group_function__4.task_2>, task_group_function__4.task_3 already registered for DAG: example_task_group_decorator
[2022-11-08T19:49:09.379-0300] {taskmixin.py:205} WARNING - Dependency <Task(_PythonDecoratedOperator): task_group_function__4.task_3>, task_group_function__4.task_2 already registered for DAG: example_task_group_decorator
[2022-11-08T19:49:09.379-0300] {taskmixin.py:205} WARNING - Dependency <Task(_PythonDecoratedOperator): task_group_function__4.task_2>, task_group_function__4.task_3 already registered for DAG: example_task_group_decorator
[2022-11-08T19:49:09.379-0300] {taskmixin.py:205} WARNING - Dependency <Task(_PythonDecoratedOperator): task_group_function__4.task_3>, task_group_function__4.task_2 already registered for DAG: example_task_group_decorator
[2022-11-08T19:49:09.379-0300] {taskmixin.py:205} WARNING - Dependency <Task(_PythonDecoratedOperator): task_group_function__4.task_2>, task_group_function__4.task_3 already registered for DAG: example_task_group_decorator
[2022-11-08T19:49:09.379-0300] {taskmixin.py:205} WARNING - Dependency <Task(_PythonDecoratedOperator): task_group_function__4.task_3>, task_group_function__4.task_2 already registered for DAG: example_task_group_decorator
[2022-11-08T19:49:09.380-0300] {taskmixin.py:205} WARNING - Dependency <Task(_PythonDecoratedOperator): task_group_function__4.task_2>, task_group_function__4.task_3 already registered for DAG: example_task_group_decorator
[2022-11-08T19:49:09.380-0300] {taskmixin.py:205} WARNING - Dependency <Task(_PythonDecoratedOperator): task_group_function__4.task_3>, task_group_function__4.task_2 already registered for DAG: example_task_group_decorator
[2022-11-08T19:49:09.381-0300] {example_kubernetes_executor.py:41} WARNING - The example_kubernetes_executor example DAG requires the kubernetes provider. Please install it with: pip install apache-airflow[cncf.kubernetes]
[2022-11-08T19:49:09.382-0300] {example_local_kubernetes_executor.py:39} WARNING - Could not import DAGs in example_local_kubernetes_executor.py
Traceback (most recent call last):
  File "/home/renato/Documentos/datapipeline/.env/lib/python3.10/site-packages/airflow/example_dags/example_local_kubernetes_executor.py", line 37, in <module>
    from kubernetes.client import models as k8s
ModuleNotFoundError: No module named 'kubernetes'
[2022-11-08T19:49:09.382-0300] {example_local_kubernetes_executor.py:40} WARNING - Install Kubernetes dependencies with: pip install apache-airflow[cncf.kubernetes]
[2022-11-08T19:49:09.388-0300] {taskmixin.py:205} WARNING - Dependency <Task(_PythonDecoratedOperator): generate_value>, print_value already registered for DAG: example_xcom_args
[2022-11-08T19:49:09.388-0300] {taskmixin.py:205} WARNING - Dependency <Task(_PythonDecoratedOperator): print_value>, generate_value already registered for DAG: example_xcom_args
[2022-11-08T19:49:09.389-0300] {taskmixin.py:205} WARNING - Dependency <Task(_PythonDecoratedOperator): generate_value>, print_value already registered for DAG: example_xcom_args
[2022-11-08T19:49:09.389-0300] {taskmixin.py:205} WARNING - Dependency <Task(_PythonDecoratedOperator): print_value>, generate_value already registered for DAG: example_xcom_args
[2022-11-08T19:49:09.389-0300] {taskmixin.py:205} WARNING - Dependency <Task(_PythonDecoratedOperator): generate_value>, print_value already registered for DAG: example_xcom_args
[2022-11-08T19:49:09.389-0300] {taskmixin.py:205} WARNING - Dependency <Task(_PythonDecoratedOperator): print_value>, generate_value already registered for DAG: example_xcom_args
[2022-11-08T19:49:09.389-0300] {taskmixin.py:205} WARNING - Dependency <Task(_PythonDecoratedOperator): generate_value>, print_value already registered for DAG: example_xcom_args
[2022-11-08T19:49:09.389-0300] {taskmixin.py:205} WARNING - Dependency <Task(_PythonDecoratedOperator): print_value>, generate_value already registered for DAG: example_xcom_args
[2022-11-08T19:49:09.389-0300] {taskmixin.py:205} WARNING - Dependency <Task(_PythonDecoratedOperator): generate_value>, print_value already registered for DAG: example_xcom_args
[2022-11-08T19:49:09.389-0300] {taskmixin.py:205} WARNING - Dependency <Task(_PythonDecoratedOperator): print_value>, generate_value already registered for DAG: example_xcom_args
[2022-11-08T19:49:09.390-0300] {taskmixin.py:205} WARNING - Dependency <Task(_PythonDecoratedOperator): generate_value>, print_value already registered for DAG: example_xcom_args
[2022-11-08T19:49:09.390-0300] {taskmixin.py:205} WARNING - Dependency <Task(_PythonDecoratedOperator): print_value>, generate_value already registered for DAG: example_xcom_args
[2022-11-08T19:49:09.432-0300] {task_command.py:384} INFO - Running <TaskInstance: twitter_dag.transform_twitter_aluraonline manual__2022-11-08T22:48:54.507935+00:00 [running]> on host renato-Virtual-Machine
[2022-11-08T19:49:09.490-0300] {taskinstance.py:1590} INFO - Exporting the following env vars:
AIRFLOW_CTX_DAG_OWNER=airflow
AIRFLOW_CTX_DAG_ID=twitter_dag
AIRFLOW_CTX_TASK_ID=transform_twitter_aluraonline
AIRFLOW_CTX_EXECUTION_DATE=2022-11-08T22:48:54.507935+00:00
AIRFLOW_CTX_TRY_NUMBER=1
AIRFLOW_CTX_DAG_RUN_ID=manual__2022-11-08T22:48:54.507935+00:00
[2022-11-08T19:49:09.496-0300] {base.py:71} INFO - Using connection ID 'spark_default' for task execution.
[2022-11-08T19:49:09.497-0300] {spark_submit.py:334} INFO - Spark-Submit cmd: /home/renato/Documentos/spark-3.3.1-bin-hadoop3/bin/spark-submit --master local --name twitter_transformation /home/renato/Documentos/datapipeline/spark/transformation.py --src /home/renato/Documentos/datapipeline/datalake/bronze/twitter_aluraonline/extract_date=2022-11-08 --dest /home/renato/Documentos/datapipeline/datalake/silver/twitter_aluraonline --process-date 2022-11-08
[2022-11-08T19:49:11.467-0300] {spark_submit.py:485} INFO - 22/11/08 19:49:11 WARN Utils: Your hostname, renato-Virtual-Machine resolves to a loopback address: 127.0.1.1; using 172.17.60.246 instead (on interface eth0)
[2022-11-08T19:49:11.470-0300] {spark_submit.py:485} INFO - 22/11/08 19:49:11 WARN Utils: Set SPARK_LOCAL_IP if you need to bind to another address
[2022-11-08T19:49:12.570-0300] {spark_submit.py:485} INFO - 22/11/08 19:49:12 INFO SparkContext: Running Spark version 3.3.1
[2022-11-08T19:49:12.632-0300] {spark_submit.py:485} INFO - 22/11/08 19:49:12 WARN NativeCodeLoader: Unable to load native-hadoop library for your platform... using builtin-java classes where applicable
[2022-11-08T19:49:12.719-0300] {spark_submit.py:485} INFO - 22/11/08 19:49:12 INFO ResourceUtils: ==============================================================
[2022-11-08T19:49:12.720-0300] {spark_submit.py:485} INFO - 22/11/08 19:49:12 INFO ResourceUtils: No custom resources configured for spark.driver.
[2022-11-08T19:49:12.720-0300] {spark_submit.py:485} INFO - 22/11/08 19:49:12 INFO ResourceUtils: ==============================================================
[2022-11-08T19:49:12.721-0300] {spark_submit.py:485} INFO - 22/11/08 19:49:12 INFO SparkContext: Submitted application: twitter_transformation
[2022-11-08T19:49:12.751-0300] {spark_submit.py:485} INFO - 22/11/08 19:49:12 INFO ResourceProfile: Default ResourceProfile created, executor resources: Map(cores -> name: cores, amount: 1, script: , vendor: , memory -> name: memory, amount: 1024, script: , vendor: , offHeap -> name: offHeap, amount: 0, script: , vendor: ), task resources: Map(cpus -> name: cpus, amount: 1.0)
[2022-11-08T19:49:12.763-0300] {spark_submit.py:485} INFO - 22/11/08 19:49:12 INFO ResourceProfile: Limiting resource is cpu
[2022-11-08T19:49:12.765-0300] {spark_submit.py:485} INFO - 22/11/08 19:49:12 INFO ResourceProfileManager: Added ResourceProfile id: 0
[2022-11-08T19:49:12.845-0300] {spark_submit.py:485} INFO - 22/11/08 19:49:12 INFO SecurityManager: Changing view acls to: renato
[2022-11-08T19:49:12.845-0300] {spark_submit.py:485} INFO - 22/11/08 19:49:12 INFO SecurityManager: Changing modify acls to: renato
[2022-11-08T19:49:12.846-0300] {spark_submit.py:485} INFO - 22/11/08 19:49:12 INFO SecurityManager: Changing view acls groups to:
[2022-11-08T19:49:12.847-0300] {spark_submit.py:485} INFO - 22/11/08 19:49:12 INFO SecurityManager: Changing modify acls groups to:
[2022-11-08T19:49:12.847-0300] {spark_submit.py:485} INFO - 22/11/08 19:49:12 INFO SecurityManager: SecurityManager: authentication disabled; ui acls disabled; users  with view permissions: Set(renato); groups with view permissions: Set(); users  with modify permissions: Set(renato); groups with modify permissions: Set()
[2022-11-08T19:49:13.220-0300] {spark_submit.py:485} INFO - 22/11/08 19:49:13 INFO Utils: Successfully started service 'sparkDriver' on port 42059.
[2022-11-08T19:49:13.262-0300] {spark_submit.py:485} INFO - 22/11/08 19:49:13 INFO SparkEnv: Registering MapOutputTracker
[2022-11-08T19:49:13.361-0300] {spark_submit.py:485} INFO - 22/11/08 19:49:13 INFO SparkEnv: Registering BlockManagerMaster
[2022-11-08T19:49:13.387-0300] {spark_submit.py:485} INFO - 22/11/08 19:49:13 INFO BlockManagerMasterEndpoint: Using org.apache.spark.storage.DefaultTopologyMapper for getting topology information
[2022-11-08T19:49:13.391-0300] {spark_submit.py:485} INFO - 22/11/08 19:49:13 INFO BlockManagerMasterEndpoint: BlockManagerMasterEndpoint up
[2022-11-08T19:49:13.398-0300] {spark_submit.py:485} INFO - 22/11/08 19:49:13 INFO SparkEnv: Registering BlockManagerMasterHeartbeat
[2022-11-08T19:49:13.430-0300] {spark_submit.py:485} INFO - 22/11/08 19:49:13 INFO DiskBlockManager: Created local directory at /tmp/blockmgr-1f587c28-9785-4a22-b3bb-70ddd295d3bb
[2022-11-08T19:49:13.531-0300] {spark_submit.py:485} INFO - 22/11/08 19:49:13 INFO MemoryStore: MemoryStore started with capacity 366.3 MiB
[2022-11-08T19:49:13.555-0300] {spark_submit.py:485} INFO - 22/11/08 19:49:13 INFO SparkEnv: Registering OutputCommitCoordinator
[2022-11-08T19:49:13.888-0300] {spark_submit.py:485} INFO - 22/11/08 19:49:13 INFO Utils: Successfully started service 'SparkUI' on port 4040.
[2022-11-08T19:49:14.079-0300] {spark_submit.py:485} INFO - 22/11/08 19:49:14 INFO Executor: Starting executor ID driver on host renato-Virtual-Machine.mshome.net
[2022-11-08T19:49:14.089-0300] {spark_submit.py:485} INFO - 22/11/08 19:49:14 INFO Executor: Starting executor with user classpath (userClassPathFirst = false): ''
[2022-11-08T19:49:14.134-0300] {spark_submit.py:485} INFO - 22/11/08 19:49:14 INFO Utils: Successfully started service 'org.apache.spark.network.netty.NettyBlockTransferService' on port 37949.
[2022-11-08T19:49:14.135-0300] {spark_submit.py:485} INFO - 22/11/08 19:49:14 INFO NettyBlockTransferService: Server created on renato-Virtual-Machine.mshome.net:37949
[2022-11-08T19:49:14.137-0300] {spark_submit.py:485} INFO - 22/11/08 19:49:14 INFO BlockManager: Using org.apache.spark.storage.RandomBlockReplicationPolicy for block replication policy
[2022-11-08T19:49:14.148-0300] {spark_submit.py:485} INFO - 22/11/08 19:49:14 INFO BlockManagerMaster: Registering BlockManager BlockManagerId(driver, renato-Virtual-Machine.mshome.net, 37949, None)
[2022-11-08T19:49:14.153-0300] {spark_submit.py:485} INFO - 22/11/08 19:49:14 INFO BlockManagerMasterEndpoint: Registering block manager renato-Virtual-Machine.mshome.net:37949 with 366.3 MiB RAM, BlockManagerId(driver, renato-Virtual-Machine.mshome.net, 37949, None)
[2022-11-08T19:49:14.157-0300] {spark_submit.py:485} INFO - 22/11/08 19:49:14 INFO BlockManagerMaster: Registered BlockManager BlockManagerId(driver, renato-Virtual-Machine.mshome.net, 37949, None)
[2022-11-08T19:49:14.158-0300] {spark_submit.py:485} INFO - 22/11/08 19:49:14 INFO BlockManager: Initialized BlockManager: BlockManagerId(driver, renato-Virtual-Machine.mshome.net, 37949, None)
[2022-11-08T19:49:14.913-0300] {spark_submit.py:485} INFO - 22/11/08 19:49:14 INFO SharedState: Setting hive.metastore.warehouse.dir ('null') to the value of spark.sql.warehouse.dir.
[2022-11-08T19:49:14.921-0300] {spark_submit.py:485} INFO - 22/11/08 19:49:14 INFO SharedState: Warehouse path is 'file:/home/renato/Documentos/datapipeline/spark-warehouse'.
[2022-11-08T19:49:15.906-0300] {spark_submit.py:485} INFO - 22/11/08 19:49:15 INFO InMemoryFileIndex: It took 33 ms to list leaf files for 1 paths.
[2022-11-08T19:49:15.968-0300] {spark_submit.py:485} INFO - 22/11/08 19:49:15 INFO InMemoryFileIndex: It took 1 ms to list leaf files for 1 paths.
[2022-11-08T19:49:18.263-0300] {spark_submit.py:485} INFO - 22/11/08 19:49:18 INFO FileSourceStrategy: Pushed Filters:
[2022-11-08T19:49:18.264-0300] {spark_submit.py:485} INFO - 22/11/08 19:49:18 INFO FileSourceStrategy: Post-Scan Filters:
[2022-11-08T19:49:18.268-0300] {spark_submit.py:485} INFO - 22/11/08 19:49:18 INFO FileSourceStrategy: Output Data Schema: struct<value: string>
[2022-11-08T19:49:18.600-0300] {spark_submit.py:485} INFO - 22/11/08 19:49:18 INFO MemoryStore: Block broadcast_0 stored as values in memory (estimated size 349.6 KiB, free 366.0 MiB)
[2022-11-08T19:49:18.653-0300] {spark_submit.py:485} INFO - 22/11/08 19:49:18 INFO MemoryStore: Block broadcast_0_piece0 stored as bytes in memory (estimated size 33.9 KiB, free 365.9 MiB)
[2022-11-08T19:49:18.657-0300] {spark_submit.py:485} INFO - 22/11/08 19:49:18 INFO BlockManagerInfo: Added broadcast_0_piece0 in memory on renato-Virtual-Machine.mshome.net:37949 (size: 33.9 KiB, free: 366.3 MiB)
[2022-11-08T19:49:18.663-0300] {spark_submit.py:485} INFO - 22/11/08 19:49:18 INFO SparkContext: Created broadcast 0 from json at NativeMethodAccessorImpl.java:0
[2022-11-08T19:49:18.672-0300] {spark_submit.py:485} INFO - 22/11/08 19:49:18 INFO FileSourceScanExec: Planning scan with bin packing, max size: 4420865 bytes, open cost is considered as scanning 4194304 bytes.
[2022-11-08T19:49:18.941-0300] {spark_submit.py:485} INFO - 22/11/08 19:49:18 INFO SparkContext: Starting job: json at NativeMethodAccessorImpl.java:0
[2022-11-08T19:49:18.962-0300] {spark_submit.py:485} INFO - 22/11/08 19:49:18 INFO DAGScheduler: Got job 0 (json at NativeMethodAccessorImpl.java:0) with 1 output partitions
[2022-11-08T19:49:18.971-0300] {spark_submit.py:485} INFO - 22/11/08 19:49:18 INFO DAGScheduler: Final stage: ResultStage 0 (json at NativeMethodAccessorImpl.java:0)
[2022-11-08T19:49:18.972-0300] {spark_submit.py:485} INFO - 22/11/08 19:49:18 INFO DAGScheduler: Parents of final stage: List()
[2022-11-08T19:49:18.974-0300] {spark_submit.py:485} INFO - 22/11/08 19:49:18 INFO DAGScheduler: Missing parents: List()
[2022-11-08T19:49:18.978-0300] {spark_submit.py:485} INFO - 22/11/08 19:49:18 INFO DAGScheduler: Submitting ResultStage 0 (MapPartitionsRDD[3] at json at NativeMethodAccessorImpl.java:0), which has no missing parents
[2022-11-08T19:49:19.084-0300] {spark_submit.py:485} INFO - 22/11/08 19:49:19 INFO MemoryStore: Block broadcast_1 stored as values in memory (estimated size 14.5 KiB, free 365.9 MiB)
[2022-11-08T19:49:19.087-0300] {spark_submit.py:485} INFO - 22/11/08 19:49:19 INFO MemoryStore: Block broadcast_1_piece0 stored as bytes in memory (estimated size 7.0 KiB, free 365.9 MiB)
[2022-11-08T19:49:19.088-0300] {spark_submit.py:485} INFO - 22/11/08 19:49:19 INFO BlockManagerInfo: Added broadcast_1_piece0 in memory on renato-Virtual-Machine.mshome.net:37949 (size: 7.0 KiB, free: 366.3 MiB)
[2022-11-08T19:49:19.089-0300] {spark_submit.py:485} INFO - 22/11/08 19:49:19 INFO SparkContext: Created broadcast 1 from broadcast at DAGScheduler.scala:1513
[2022-11-08T19:49:19.104-0300] {spark_submit.py:485} INFO - 22/11/08 19:49:19 INFO DAGScheduler: Submitting 1 missing tasks from ResultStage 0 (MapPartitionsRDD[3] at json at NativeMethodAccessorImpl.java:0) (first 15 tasks are for partitions Vector(0))
[2022-11-08T19:49:19.106-0300] {spark_submit.py:485} INFO - 22/11/08 19:49:19 INFO TaskSchedulerImpl: Adding task set 0.0 with 1 tasks resource profile 0
[2022-11-08T19:49:19.156-0300] {spark_submit.py:485} INFO - 22/11/08 19:49:19 INFO TaskSetManager: Starting task 0.0 in stage 0.0 (TID 0) (renato-Virtual-Machine.mshome.net, executor driver, partition 0, PROCESS_LOCAL, 5000 bytes) taskResourceAssignments Map()
[2022-11-08T19:49:19.174-0300] {spark_submit.py:485} INFO - 22/11/08 19:49:19 INFO Executor: Running task 0.0 in stage 0.0 (TID 0)
[2022-11-08T19:49:19.546-0300] {spark_submit.py:485} INFO - 22/11/08 19:49:19 INFO FileScanRDD: Reading File path: file:///home/renato/Documentos/datapipeline/datalake/bronze/twitter_aluraonline/extract_date=2022-11-08/AluraOnline_20221108.json, range: 0-226561, partition values: [empty row]
[2022-11-08T19:49:19.799-0300] {spark_submit.py:485} INFO - 22/11/08 19:49:19 INFO CodeGenerator: Code generated in 212.270631 ms
[2022-11-08T19:49:19.930-0300] {spark_submit.py:485} INFO - 22/11/08 19:49:19 INFO Executor: Finished task 0.0 in stage 0.0 (TID 0). 2872 bytes result sent to driver
[2022-11-08T19:49:19.954-0300] {spark_submit.py:485} INFO - 22/11/08 19:49:19 INFO TaskSetManager: Finished task 0.0 in stage 0.0 (TID 0) in 805 ms on renato-Virtual-Machine.mshome.net (executor driver) (1/1)
[2022-11-08T19:49:19.966-0300] {spark_submit.py:485} INFO - 22/11/08 19:49:19 INFO TaskSchedulerImpl: Removed TaskSet 0.0, whose tasks have all completed, from pool
[2022-11-08T19:49:19.966-0300] {spark_submit.py:485} INFO - 22/11/08 19:49:19 INFO DAGScheduler: ResultStage 0 (json at NativeMethodAccessorImpl.java:0) finished in 0,957 s
[2022-11-08T19:49:19.984-0300] {spark_submit.py:485} INFO - 22/11/08 19:49:19 INFO DAGScheduler: Job 0 is finished. Cancelling potential speculative or zombie tasks for this job
[2022-11-08T19:49:19.985-0300] {spark_submit.py:485} INFO - 22/11/08 19:49:19 INFO TaskSchedulerImpl: Killing all running tasks in stage 0: Stage finished
[2022-11-08T19:49:19.989-0300] {spark_submit.py:485} INFO - 22/11/08 19:49:19 INFO DAGScheduler: Job 0 finished: json at NativeMethodAccessorImpl.java:0, took 1,047798 s
[2022-11-08T19:49:20.427-0300] {spark_submit.py:485} INFO - 22/11/08 19:49:20 INFO BlockManagerInfo: Removed broadcast_1_piece0 on renato-Virtual-Machine.mshome.net:37949 in memory (size: 7.0 KiB, free: 366.3 MiB)
[2022-11-08T19:49:20.623-0300] {spark_submit.py:485} INFO - 22/11/08 19:49:20 INFO FileSourceStrategy: Pushed Filters: IsNotNull(data)
[2022-11-08T19:49:20.625-0300] {spark_submit.py:485} INFO - 22/11/08 19:49:20 INFO FileSourceStrategy: Post-Scan Filters: (size(data#8, true) > 0),isnotnull(data#8)
[2022-11-08T19:49:20.626-0300] {spark_submit.py:485} INFO - 22/11/08 19:49:20 INFO FileSourceStrategy: Output Data Schema: struct<data: array<struct<author_id:string,conversation_id:string,created_at:string,edit_history_tweet_ids:array<string>,id:string,in_reply_to_user_id:string,public_metrics:struct<like_count:bigint,quote_count:bigint,reply_count:bigint,retweet_count:bigint>,text:string>>>
[2022-11-08T19:49:20.745-0300] {spark_submit.py:485} INFO - 22/11/08 19:49:20 INFO FileOutputCommitter: File Output Committer Algorithm version is 1
[2022-11-08T19:49:20.745-0300] {spark_submit.py:485} INFO - 22/11/08 19:49:20 INFO FileOutputCommitter: FileOutputCommitter skip cleanup _temporary folders under output directory:false, ignore cleanup failures: false
[2022-11-08T19:49:20.747-0300] {spark_submit.py:485} INFO - 22/11/08 19:49:20 INFO SQLHadoopMapReduceCommitProtocol: Using output committer class org.apache.hadoop.mapreduce.lib.output.FileOutputCommitter
[2022-11-08T19:49:21.026-0300] {spark_submit.py:485} INFO - 22/11/08 19:49:21 INFO CodeGenerator: Code generated in 140.438199 ms
[2022-11-08T19:49:21.033-0300] {spark_submit.py:485} INFO - 22/11/08 19:49:21 INFO MemoryStore: Block broadcast_2 stored as values in memory (estimated size 349.5 KiB, free 365.6 MiB)
[2022-11-08T19:49:21.044-0300] {spark_submit.py:485} INFO - 22/11/08 19:49:21 INFO MemoryStore: Block broadcast_2_piece0 stored as bytes in memory (estimated size 33.9 KiB, free 365.6 MiB)
[2022-11-08T19:49:21.045-0300] {spark_submit.py:485} INFO - 22/11/08 19:49:21 INFO BlockManagerInfo: Added broadcast_2_piece0 in memory on renato-Virtual-Machine.mshome.net:37949 (size: 33.9 KiB, free: 366.2 MiB)
[2022-11-08T19:49:21.046-0300] {spark_submit.py:485} INFO - 22/11/08 19:49:21 INFO SparkContext: Created broadcast 2 from json at NativeMethodAccessorImpl.java:0
[2022-11-08T19:49:21.048-0300] {spark_submit.py:485} INFO - 22/11/08 19:49:21 INFO FileSourceScanExec: Planning scan with bin packing, max size: 4420865 bytes, open cost is considered as scanning 4194304 bytes.
[2022-11-08T19:49:21.108-0300] {spark_submit.py:485} INFO - 22/11/08 19:49:21 INFO SparkContext: Starting job: json at NativeMethodAccessorImpl.java:0
[2022-11-08T19:49:21.111-0300] {spark_submit.py:485} INFO - 22/11/08 19:49:21 INFO DAGScheduler: Got job 1 (json at NativeMethodAccessorImpl.java:0) with 1 output partitions
[2022-11-08T19:49:21.111-0300] {spark_submit.py:485} INFO - 22/11/08 19:49:21 INFO DAGScheduler: Final stage: ResultStage 1 (json at NativeMethodAccessorImpl.java:0)
[2022-11-08T19:49:21.111-0300] {spark_submit.py:485} INFO - 22/11/08 19:49:21 INFO DAGScheduler: Parents of final stage: List()
[2022-11-08T19:49:21.111-0300] {spark_submit.py:485} INFO - 22/11/08 19:49:21 INFO DAGScheduler: Missing parents: List()
[2022-11-08T19:49:21.112-0300] {spark_submit.py:485} INFO - 22/11/08 19:49:21 INFO DAGScheduler: Submitting ResultStage 1 (CoalescedRDD[7] at json at NativeMethodAccessorImpl.java:0), which has no missing parents
[2022-11-08T19:49:21.142-0300] {spark_submit.py:485} INFO - 22/11/08 19:49:21 INFO MemoryStore: Block broadcast_3 stored as values in memory (estimated size 234.4 KiB, free 365.3 MiB)
[2022-11-08T19:49:21.145-0300] {spark_submit.py:485} INFO - 22/11/08 19:49:21 INFO MemoryStore: Block broadcast_3_piece0 stored as bytes in memory (estimated size 81.6 KiB, free 365.2 MiB)
[2022-11-08T19:49:21.145-0300] {spark_submit.py:485} INFO - 22/11/08 19:49:21 INFO BlockManagerInfo: Added broadcast_3_piece0 in memory on renato-Virtual-Machine.mshome.net:37949 (size: 81.6 KiB, free: 366.2 MiB)
[2022-11-08T19:49:21.146-0300] {spark_submit.py:485} INFO - 22/11/08 19:49:21 INFO SparkContext: Created broadcast 3 from broadcast at DAGScheduler.scala:1513
[2022-11-08T19:49:21.147-0300] {spark_submit.py:485} INFO - 22/11/08 19:49:21 INFO DAGScheduler: Submitting 1 missing tasks from ResultStage 1 (CoalescedRDD[7] at json at NativeMethodAccessorImpl.java:0) (first 15 tasks are for partitions Vector(0))
[2022-11-08T19:49:21.147-0300] {spark_submit.py:485} INFO - 22/11/08 19:49:21 INFO TaskSchedulerImpl: Adding task set 1.0 with 1 tasks resource profile 0
[2022-11-08T19:49:21.150-0300] {spark_submit.py:485} INFO - 22/11/08 19:49:21 INFO TaskSetManager: Starting task 0.0 in stage 1.0 (TID 1) (renato-Virtual-Machine.mshome.net, executor driver, partition 0, PROCESS_LOCAL, 5229 bytes) taskResourceAssignments Map()
[2022-11-08T19:49:21.155-0300] {spark_submit.py:485} INFO - 22/11/08 19:49:21 INFO Executor: Running task 0.0 in stage 1.0 (TID 1)
[2022-11-08T19:49:21.216-0300] {spark_submit.py:485} INFO - 22/11/08 19:49:21 INFO FileOutputCommitter: File Output Committer Algorithm version is 1
[2022-11-08T19:49:21.217-0300] {spark_submit.py:485} INFO - 22/11/08 19:49:21 INFO FileOutputCommitter: FileOutputCommitter skip cleanup _temporary folders under output directory:false, ignore cleanup failures: false
[2022-11-08T19:49:21.218-0300] {spark_submit.py:485} INFO - 22/11/08 19:49:21 INFO SQLHadoopMapReduceCommitProtocol: Using output committer class org.apache.hadoop.mapreduce.lib.output.FileOutputCommitter
[2022-11-08T19:49:21.268-0300] {spark_submit.py:485} INFO - 22/11/08 19:49:21 INFO FileScanRDD: Reading File path: file:///home/renato/Documentos/datapipeline/datalake/bronze/twitter_aluraonline/extract_date=2022-11-08/AluraOnline_20221108.json, range: 0-226561, partition values: [empty row]
[2022-11-08T19:49:21.329-0300] {spark_submit.py:485} INFO - 22/11/08 19:49:21 INFO CodeGenerator: Code generated in 58.440875 ms
[2022-11-08T19:49:21.361-0300] {spark_submit.py:485} INFO - 22/11/08 19:49:21 INFO CodeGenerator: Code generated in 6.376432 ms
[2022-11-08T19:49:21.505-0300] {spark_submit.py:485} INFO - 22/11/08 19:49:21 INFO FileOutputCommitter: Saved output of task 'attempt_20221108194921122588095579392218_0001_m_000000_1' to file:/home/renato/Documentos/datapipeline/datalake/silver/twitter_aluraonline/tweet/process_date=2022-11-08/_temporary/0/task_20221108194921122588095579392218_0001_m_000000
[2022-11-08T19:49:21.506-0300] {spark_submit.py:485} INFO - 22/11/08 19:49:21 INFO SparkHadoopMapRedUtil: attempt_20221108194921122588095579392218_0001_m_000000_1: Committed. Elapsed time: 1 ms.
[2022-11-08T19:49:21.523-0300] {spark_submit.py:485} INFO - 22/11/08 19:49:21 INFO Executor: Finished task 0.0 in stage 1.0 (TID 1). 2678 bytes result sent to driver
[2022-11-08T19:49:21.537-0300] {spark_submit.py:485} INFO - 22/11/08 19:49:21 INFO TaskSetManager: Finished task 0.0 in stage 1.0 (TID 1) in 390 ms on renato-Virtual-Machine.mshome.net (executor driver) (1/1)
[2022-11-08T19:49:21.538-0300] {spark_submit.py:485} INFO - 22/11/08 19:49:21 INFO TaskSchedulerImpl: Removed TaskSet 1.0, whose tasks have all completed, from pool
[2022-11-08T19:49:21.540-0300] {spark_submit.py:485} INFO - 22/11/08 19:49:21 INFO DAGScheduler: ResultStage 1 (json at NativeMethodAccessorImpl.java:0) finished in 0,427 s
[2022-11-08T19:49:21.540-0300] {spark_submit.py:485} INFO - 22/11/08 19:49:21 INFO DAGScheduler: Job 1 is finished. Cancelling potential speculative or zombie tasks for this job
[2022-11-08T19:49:21.540-0300] {spark_submit.py:485} INFO - 22/11/08 19:49:21 INFO TaskSchedulerImpl: Killing all running tasks in stage 1: Stage finished
[2022-11-08T19:49:21.543-0300] {spark_submit.py:485} INFO - 22/11/08 19:49:21 INFO DAGScheduler: Job 1 finished: json at NativeMethodAccessorImpl.java:0, took 0,434872 s
[2022-11-08T19:49:21.546-0300] {spark_submit.py:485} INFO - 22/11/08 19:49:21 INFO FileFormatWriter: Start to commit write Job f97a13cd-ea1a-42e2-bf82-387ec867e04e.
[2022-11-08T19:49:21.616-0300] {spark_submit.py:485} INFO - 22/11/08 19:49:21 INFO FileFormatWriter: Write Job f97a13cd-ea1a-42e2-bf82-387ec867e04e committed. Elapsed time: 69 ms.
[2022-11-08T19:49:21.639-0300] {spark_submit.py:485} INFO - 22/11/08 19:49:21 INFO FileFormatWriter: Finished processing stats for write job f97a13cd-ea1a-42e2-bf82-387ec867e04e.
[2022-11-08T19:49:21.749-0300] {spark_submit.py:485} INFO - 22/11/08 19:49:21 INFO FileSourceStrategy: Pushed Filters:
[2022-11-08T19:49:21.749-0300] {spark_submit.py:485} INFO - 22/11/08 19:49:21 INFO FileSourceStrategy: Post-Scan Filters:
[2022-11-08T19:49:21.749-0300] {spark_submit.py:485} INFO - 22/11/08 19:49:21 INFO FileSourceStrategy: Output Data Schema: struct<includes: struct<users: array<struct<created_at:string,id:string,name:string,username:string>>>>
[2022-11-08T19:49:21.779-0300] {spark_submit.py:485} INFO - 22/11/08 19:49:21 INFO FileOutputCommitter: File Output Committer Algorithm version is 1
[2022-11-08T19:49:21.779-0300] {spark_submit.py:485} INFO - 22/11/08 19:49:21 INFO FileOutputCommitter: FileOutputCommitter skip cleanup _temporary folders under output directory:false, ignore cleanup failures: false
[2022-11-08T19:49:21.779-0300] {spark_submit.py:485} INFO - 22/11/08 19:49:21 INFO SQLHadoopMapReduceCommitProtocol: Using output committer class org.apache.hadoop.mapreduce.lib.output.FileOutputCommitter
[2022-11-08T19:49:21.875-0300] {spark_submit.py:485} INFO - 22/11/08 19:49:21 INFO CodeGenerator: Code generated in 40.035172 ms
[2022-11-08T19:49:21.875-0300] {spark_submit.py:485} INFO - 22/11/08 19:49:21 INFO MemoryStore: Block broadcast_4 stored as values in memory (estimated size 349.5 KiB, free 364.9 MiB)
[2022-11-08T19:49:21.907-0300] {spark_submit.py:485} INFO - 22/11/08 19:49:21 INFO MemoryStore: Block broadcast_4_piece0 stored as bytes in memory (estimated size 33.9 KiB, free 364.9 MiB)
[2022-11-08T19:49:21.907-0300] {spark_submit.py:485} INFO - 22/11/08 19:49:21 INFO BlockManagerInfo: Added broadcast_4_piece0 in memory on renato-Virtual-Machine.mshome.net:37949 (size: 33.9 KiB, free: 366.1 MiB)
[2022-11-08T19:49:21.913-0300] {spark_submit.py:485} INFO - 22/11/08 19:49:21 INFO SparkContext: Created broadcast 4 from json at NativeMethodAccessorImpl.java:0
[2022-11-08T19:49:21.916-0300] {spark_submit.py:485} INFO - 22/11/08 19:49:21 INFO FileSourceScanExec: Planning scan with bin packing, max size: 4420865 bytes, open cost is considered as scanning 4194304 bytes.
[2022-11-08T19:49:21.969-0300] {spark_submit.py:485} INFO - 22/11/08 19:49:21 INFO SparkContext: Starting job: json at NativeMethodAccessorImpl.java:0
[2022-11-08T19:49:21.970-0300] {spark_submit.py:485} INFO - 22/11/08 19:49:21 INFO DAGScheduler: Got job 2 (json at NativeMethodAccessorImpl.java:0) with 1 output partitions
[2022-11-08T19:49:21.971-0300] {spark_submit.py:485} INFO - 22/11/08 19:49:21 INFO DAGScheduler: Final stage: ResultStage 2 (json at NativeMethodAccessorImpl.java:0)
[2022-11-08T19:49:21.971-0300] {spark_submit.py:485} INFO - 22/11/08 19:49:21 INFO DAGScheduler: Parents of final stage: List()
[2022-11-08T19:49:21.971-0300] {spark_submit.py:485} INFO - 22/11/08 19:49:21 INFO DAGScheduler: Missing parents: List()
[2022-11-08T19:49:21.978-0300] {spark_submit.py:485} INFO - 22/11/08 19:49:21 INFO DAGScheduler: Submitting ResultStage 2 (CoalescedRDD[11] at json at NativeMethodAccessorImpl.java:0), which has no missing parents
[2022-11-08T19:49:22.004-0300] {spark_submit.py:485} INFO - 22/11/08 19:49:22 INFO MemoryStore: Block broadcast_5 stored as values in memory (estimated size 214.7 KiB, free 364.7 MiB)
[2022-11-08T19:49:22.006-0300] {spark_submit.py:485} INFO - 22/11/08 19:49:22 INFO MemoryStore: Block broadcast_5_piece0 stored as bytes in memory (estimated size 76.3 KiB, free 364.6 MiB)
[2022-11-08T19:49:22.009-0300] {spark_submit.py:485} INFO - 22/11/08 19:49:22 INFO BlockManagerInfo: Added broadcast_5_piece0 in memory on renato-Virtual-Machine.mshome.net:37949 (size: 76.3 KiB, free: 366.0 MiB)
[2022-11-08T19:49:22.011-0300] {spark_submit.py:485} INFO - 22/11/08 19:49:22 INFO SparkContext: Created broadcast 5 from broadcast at DAGScheduler.scala:1513
[2022-11-08T19:49:22.013-0300] {spark_submit.py:485} INFO - 22/11/08 19:49:22 INFO DAGScheduler: Submitting 1 missing tasks from ResultStage 2 (CoalescedRDD[11] at json at NativeMethodAccessorImpl.java:0) (first 15 tasks are for partitions Vector(0))
[2022-11-08T19:49:22.013-0300] {spark_submit.py:485} INFO - 22/11/08 19:49:22 INFO TaskSchedulerImpl: Adding task set 2.0 with 1 tasks resource profile 0
[2022-11-08T19:49:22.018-0300] {spark_submit.py:485} INFO - 22/11/08 19:49:22 INFO TaskSetManager: Starting task 0.0 in stage 2.0 (TID 2) (renato-Virtual-Machine.mshome.net, executor driver, partition 0, PROCESS_LOCAL, 5229 bytes) taskResourceAssignments Map()
[2022-11-08T19:49:22.018-0300] {spark_submit.py:485} INFO - 22/11/08 19:49:22 INFO Executor: Running task 0.0 in stage 2.0 (TID 2)
[2022-11-08T19:49:22.037-0300] {spark_submit.py:485} INFO - 22/11/08 19:49:22 INFO FileOutputCommitter: File Output Committer Algorithm version is 1
[2022-11-08T19:49:22.039-0300] {spark_submit.py:485} INFO - 22/11/08 19:49:22 INFO FileOutputCommitter: FileOutputCommitter skip cleanup _temporary folders under output directory:false, ignore cleanup failures: false
[2022-11-08T19:49:22.040-0300] {spark_submit.py:485} INFO - 22/11/08 19:49:22 INFO SQLHadoopMapReduceCommitProtocol: Using output committer class org.apache.hadoop.mapreduce.lib.output.FileOutputCommitter
[2022-11-08T19:49:22.081-0300] {spark_submit.py:485} INFO - 22/11/08 19:49:22 INFO FileScanRDD: Reading File path: file:///home/renato/Documentos/datapipeline/datalake/bronze/twitter_aluraonline/extract_date=2022-11-08/AluraOnline_20221108.json, range: 0-226561, partition values: [empty row]
[2022-11-08T19:49:22.094-0300] {spark_submit.py:485} INFO - 22/11/08 19:49:22 INFO CodeGenerator: Code generated in 10.746385 ms
[2022-11-08T19:49:22.114-0300] {spark_submit.py:485} INFO - 22/11/08 19:49:22 INFO FileOutputCommitter: Saved output of task 'attempt_202211081949215856100080289872808_0002_m_000000_2' to file:/home/renato/Documentos/datapipeline/datalake/silver/twitter_aluraonline/user/process_date=2022-11-08/_temporary/0/task_202211081949215856100080289872808_0002_m_000000
[2022-11-08T19:49:22.114-0300] {spark_submit.py:485} INFO - 22/11/08 19:49:22 INFO SparkHadoopMapRedUtil: attempt_202211081949215856100080289872808_0002_m_000000_2: Committed. Elapsed time: 0 ms.
[2022-11-08T19:49:22.115-0300] {spark_submit.py:485} INFO - 22/11/08 19:49:22 INFO Executor: Finished task 0.0 in stage 2.0 (TID 2). 2579 bytes result sent to driver
[2022-11-08T19:49:22.117-0300] {spark_submit.py:485} INFO - 22/11/08 19:49:22 INFO TaskSetManager: Finished task 0.0 in stage 2.0 (TID 2) in 100 ms on renato-Virtual-Machine.mshome.net (executor driver) (1/1)
[2022-11-08T19:49:22.117-0300] {spark_submit.py:485} INFO - 22/11/08 19:49:22 INFO TaskSchedulerImpl: Removed TaskSet 2.0, whose tasks have all completed, from pool
[2022-11-08T19:49:22.119-0300] {spark_submit.py:485} INFO - 22/11/08 19:49:22 INFO DAGScheduler: ResultStage 2 (json at NativeMethodAccessorImpl.java:0) finished in 0,145 s
[2022-11-08T19:49:22.119-0300] {spark_submit.py:485} INFO - 22/11/08 19:49:22 INFO DAGScheduler: Job 2 is finished. Cancelling potential speculative or zombie tasks for this job
[2022-11-08T19:49:22.119-0300] {spark_submit.py:485} INFO - 22/11/08 19:49:22 INFO TaskSchedulerImpl: Killing all running tasks in stage 2: Stage finished
[2022-11-08T19:49:22.120-0300] {spark_submit.py:485} INFO - 22/11/08 19:49:22 INFO DAGScheduler: Job 2 finished: json at NativeMethodAccessorImpl.java:0, took 0,149959 s
[2022-11-08T19:49:22.120-0300] {spark_submit.py:485} INFO - 22/11/08 19:49:22 INFO FileFormatWriter: Start to commit write Job 1b3b4e16-82e4-4395-8927-928b215f96fb.
[2022-11-08T19:49:22.161-0300] {spark_submit.py:485} INFO - 22/11/08 19:49:22 INFO FileFormatWriter: Write Job 1b3b4e16-82e4-4395-8927-928b215f96fb committed. Elapsed time: 42 ms.
[2022-11-08T19:49:22.169-0300] {spark_submit.py:485} INFO - 22/11/08 19:49:22 INFO FileFormatWriter: Finished processing stats for write job 1b3b4e16-82e4-4395-8927-928b215f96fb.
[2022-11-08T19:49:22.241-0300] {spark_submit.py:485} INFO - 22/11/08 19:49:22 INFO SparkContext: Invoking stop() from shutdown hook
[2022-11-08T19:49:22.264-0300] {spark_submit.py:485} INFO - 22/11/08 19:49:22 INFO SparkUI: Stopped Spark web UI at http://renato-Virtual-Machine.mshome.net:4040
[2022-11-08T19:49:22.285-0300] {spark_submit.py:485} INFO - 22/11/08 19:49:22 INFO MapOutputTrackerMasterEndpoint: MapOutputTrackerMasterEndpoint stopped!
[2022-11-08T19:49:22.301-0300] {spark_submit.py:485} INFO - 22/11/08 19:49:22 INFO MemoryStore: MemoryStore cleared
[2022-11-08T19:49:22.302-0300] {spark_submit.py:485} INFO - 22/11/08 19:49:22 INFO BlockManager: BlockManager stopped
[2022-11-08T19:49:22.313-0300] {spark_submit.py:485} INFO - 22/11/08 19:49:22 INFO BlockManagerMaster: BlockManagerMaster stopped
[2022-11-08T19:49:22.314-0300] {spark_submit.py:485} INFO - 22/11/08 19:49:22 INFO OutputCommitCoordinator$OutputCommitCoordinatorEndpoint: OutputCommitCoordinator stopped!
[2022-11-08T19:49:22.318-0300] {spark_submit.py:485} INFO - 22/11/08 19:49:22 INFO SparkContext: Successfully stopped SparkContext
[2022-11-08T19:49:22.319-0300] {spark_submit.py:485} INFO - 22/11/08 19:49:22 INFO ShutdownHookManager: Shutdown hook called
[2022-11-08T19:49:22.320-0300] {spark_submit.py:485} INFO - 22/11/08 19:49:22 INFO ShutdownHookManager: Deleting directory /tmp/spark-a86bccd7-34fd-4277-814c-131f1a83859f/pyspark-ef48bba0-4c34-4b5e-ad61-3e97ad905bef
[2022-11-08T19:49:22.321-0300] {spark_submit.py:485} INFO - 22/11/08 19:49:22 INFO ShutdownHookManager: Deleting directory /tmp/spark-a86bccd7-34fd-4277-814c-131f1a83859f
[2022-11-08T19:49:22.323-0300] {spark_submit.py:485} INFO - 22/11/08 19:49:22 INFO ShutdownHookManager: Deleting directory /tmp/spark-d538f9b1-0d13-48ad-b98e-02c2b23f4a12
[2022-11-08T19:49:22.369-0300] {taskinstance.py:1401} INFO - Marking task as SUCCESS. dag_id=twitter_dag, task_id=transform_twitter_aluraonline, execution_date=20221108T224854, start_date=20221108T224909, end_date=20221108T224922
[2022-11-08T19:49:22.428-0300] {local_task_job.py:164} INFO - Task exited with return code 0
[2022-11-08T19:49:22.435-0300] {local_task_job.py:273} INFO - 0 downstream tasks scheduled from follow-on schedule check
