[2022-10-16T07:17:40.783-0300] {processor.py:156} INFO - Started process (PID=5880) to work on /home/renato/Documentos/datapipeline/.env/lib/python3.10/site-packages/airflow/example_dags/example_short_circuit_operator.py
[2022-10-16T07:17:40.785-0300] {processor.py:758} INFO - Processing file /home/renato/Documentos/datapipeline/.env/lib/python3.10/site-packages/airflow/example_dags/example_short_circuit_operator.py for tasks to queue
[2022-10-16T07:17:40.787-0300] {logging_mixin.py:117} INFO - [2022-10-16T07:17:40.786-0300] {dagbag.py:525} INFO - Filling up the DagBag from /home/renato/Documentos/datapipeline/.env/lib/python3.10/site-packages/airflow/example_dags/example_short_circuit_operator.py
[2022-10-16T07:17:40.818-0300] {processor.py:768} INFO - DAG(s) dict_keys(['example_short_circuit_operator']) retrieved from /home/renato/Documentos/datapipeline/.env/lib/python3.10/site-packages/airflow/example_dags/example_short_circuit_operator.py
[2022-10-16T07:17:40.920-0300] {logging_mixin.py:117} INFO - [2022-10-16T07:17:40.920-0300] {manager.py:507} INFO - Created Permission View: can edit on DAG:example_short_circuit_operator
[2022-10-16T07:17:40.933-0300] {logging_mixin.py:117} INFO - [2022-10-16T07:17:40.933-0300] {manager.py:507} INFO - Created Permission View: can read on DAG:example_short_circuit_operator
[2022-10-16T07:17:40.945-0300] {logging_mixin.py:117} INFO - [2022-10-16T07:17:40.945-0300] {manager.py:507} INFO - Created Permission View: can delete on DAG:example_short_circuit_operator
[2022-10-16T07:17:40.946-0300] {logging_mixin.py:117} INFO - [2022-10-16T07:17:40.946-0300] {dag.py:2573} INFO - Sync 1 DAGs
[2022-10-16T07:17:40.954-0300] {logging_mixin.py:117} INFO - [2022-10-16T07:17:40.954-0300] {dag.py:2594} INFO - Creating ORM DAG for example_short_circuit_operator
[2022-10-16T07:17:40.961-0300] {logging_mixin.py:117} INFO - [2022-10-16T07:17:40.961-0300] {dag.py:3324} INFO - Setting next_dagrun for example_short_circuit_operator to 2022-10-15T10:17:40.960895+00:00, run_after=2022-10-16T10:17:40.960895+00:00
[2022-10-16T07:17:40.984-0300] {processor.py:178} INFO - Processing /home/renato/Documentos/datapipeline/.env/lib/python3.10/site-packages/airflow/example_dags/example_short_circuit_operator.py took 0.208 seconds
[2022-10-16T07:18:24.433-0300] {processor.py:156} INFO - Started process (PID=5958) to work on /home/renato/Documentos/datapipeline/.env/lib/python3.10/site-packages/airflow/example_dags/example_short_circuit_operator.py
[2022-10-16T07:18:24.435-0300] {processor.py:758} INFO - Processing file /home/renato/Documentos/datapipeline/.env/lib/python3.10/site-packages/airflow/example_dags/example_short_circuit_operator.py for tasks to queue
[2022-10-16T07:18:24.437-0300] {logging_mixin.py:117} INFO - [2022-10-16T07:18:24.436-0300] {dagbag.py:525} INFO - Filling up the DagBag from /home/renato/Documentos/datapipeline/.env/lib/python3.10/site-packages/airflow/example_dags/example_short_circuit_operator.py
[2022-10-16T07:18:24.463-0300] {processor.py:768} INFO - DAG(s) dict_keys(['example_short_circuit_operator']) retrieved from /home/renato/Documentos/datapipeline/.env/lib/python3.10/site-packages/airflow/example_dags/example_short_circuit_operator.py
[2022-10-16T07:18:24.496-0300] {logging_mixin.py:117} INFO - [2022-10-16T07:18:24.496-0300] {dag.py:2573} INFO - Sync 1 DAGs
[2022-10-16T07:18:24.515-0300] {logging_mixin.py:117} INFO - [2022-10-16T07:18:24.515-0300] {dag.py:3324} INFO - Setting next_dagrun for example_short_circuit_operator to 2022-10-15T10:18:24.515172+00:00, run_after=2022-10-16T10:18:24.515172+00:00
[2022-10-16T07:18:24.540-0300] {processor.py:178} INFO - Processing /home/renato/Documentos/datapipeline/.env/lib/python3.10/site-packages/airflow/example_dags/example_short_circuit_operator.py took 0.113 seconds
[2022-10-16T07:19:02.304-0300] {processor.py:156} INFO - Started process (PID=6032) to work on /home/renato/Documentos/datapipeline/.env/lib/python3.10/site-packages/airflow/example_dags/example_short_circuit_operator.py
[2022-10-16T07:19:02.307-0300] {processor.py:758} INFO - Processing file /home/renato/Documentos/datapipeline/.env/lib/python3.10/site-packages/airflow/example_dags/example_short_circuit_operator.py for tasks to queue
[2022-10-16T07:19:02.308-0300] {logging_mixin.py:117} INFO - [2022-10-16T07:19:02.308-0300] {dagbag.py:525} INFO - Filling up the DagBag from /home/renato/Documentos/datapipeline/.env/lib/python3.10/site-packages/airflow/example_dags/example_short_circuit_operator.py
[2022-10-16T07:19:02.327-0300] {processor.py:768} INFO - DAG(s) dict_keys(['example_short_circuit_operator']) retrieved from /home/renato/Documentos/datapipeline/.env/lib/python3.10/site-packages/airflow/example_dags/example_short_circuit_operator.py
[2022-10-16T07:19:02.348-0300] {logging_mixin.py:117} INFO - [2022-10-16T07:19:02.348-0300] {dag.py:2573} INFO - Sync 1 DAGs
[2022-10-16T07:19:02.364-0300] {logging_mixin.py:117} INFO - [2022-10-16T07:19:02.364-0300] {dag.py:3324} INFO - Setting next_dagrun for example_short_circuit_operator to 2022-10-15T10:19:02.364487+00:00, run_after=2022-10-16T10:19:02.364487+00:00
[2022-10-16T07:19:02.386-0300] {processor.py:178} INFO - Processing /home/renato/Documentos/datapipeline/.env/lib/python3.10/site-packages/airflow/example_dags/example_short_circuit_operator.py took 0.087 seconds
[2022-10-16T07:19:38.986-0300] {processor.py:156} INFO - Started process (PID=6104) to work on /home/renato/Documentos/datapipeline/.env/lib/python3.10/site-packages/airflow/example_dags/example_short_circuit_operator.py
[2022-10-16T07:19:38.988-0300] {processor.py:758} INFO - Processing file /home/renato/Documentos/datapipeline/.env/lib/python3.10/site-packages/airflow/example_dags/example_short_circuit_operator.py for tasks to queue
[2022-10-16T07:19:38.989-0300] {logging_mixin.py:117} INFO - [2022-10-16T07:19:38.989-0300] {dagbag.py:525} INFO - Filling up the DagBag from /home/renato/Documentos/datapipeline/.env/lib/python3.10/site-packages/airflow/example_dags/example_short_circuit_operator.py
[2022-10-16T07:19:39.004-0300] {processor.py:768} INFO - DAG(s) dict_keys(['example_short_circuit_operator']) retrieved from /home/renato/Documentos/datapipeline/.env/lib/python3.10/site-packages/airflow/example_dags/example_short_circuit_operator.py
[2022-10-16T07:19:39.042-0300] {logging_mixin.py:117} INFO - [2022-10-16T07:19:39.035-0300] {dag.py:2573} INFO - Sync 1 DAGs
[2022-10-16T07:19:39.066-0300] {logging_mixin.py:117} INFO - [2022-10-16T07:19:39.066-0300] {dag.py:3324} INFO - Setting next_dagrun for example_short_circuit_operator to 2022-10-15T10:19:39.065826+00:00, run_after=2022-10-16T10:19:39.065826+00:00
[2022-10-16T07:19:39.100-0300] {processor.py:178} INFO - Processing /home/renato/Documentos/datapipeline/.env/lib/python3.10/site-packages/airflow/example_dags/example_short_circuit_operator.py took 0.116 seconds
[2022-10-16T07:20:15.641-0300] {processor.py:156} INFO - Started process (PID=6202) to work on /home/renato/Documentos/datapipeline/.env/lib/python3.10/site-packages/airflow/example_dags/example_short_circuit_operator.py
[2022-10-16T07:20:15.646-0300] {processor.py:758} INFO - Processing file /home/renato/Documentos/datapipeline/.env/lib/python3.10/site-packages/airflow/example_dags/example_short_circuit_operator.py for tasks to queue
[2022-10-16T07:20:15.647-0300] {logging_mixin.py:117} INFO - [2022-10-16T07:20:15.647-0300] {dagbag.py:525} INFO - Filling up the DagBag from /home/renato/Documentos/datapipeline/.env/lib/python3.10/site-packages/airflow/example_dags/example_short_circuit_operator.py
[2022-10-16T07:20:15.670-0300] {processor.py:768} INFO - DAG(s) dict_keys(['example_short_circuit_operator']) retrieved from /home/renato/Documentos/datapipeline/.env/lib/python3.10/site-packages/airflow/example_dags/example_short_circuit_operator.py
[2022-10-16T07:20:15.693-0300] {logging_mixin.py:117} INFO - [2022-10-16T07:20:15.693-0300] {dag.py:2573} INFO - Sync 1 DAGs
[2022-10-16T07:20:15.718-0300] {logging_mixin.py:117} INFO - [2022-10-16T07:20:15.718-0300] {dag.py:3324} INFO - Setting next_dagrun for example_short_circuit_operator to 2022-10-15T10:20:15.717713+00:00, run_after=2022-10-16T10:20:15.717713+00:00
[2022-10-16T07:20:15.755-0300] {processor.py:178} INFO - Processing /home/renato/Documentos/datapipeline/.env/lib/python3.10/site-packages/airflow/example_dags/example_short_circuit_operator.py took 0.121 seconds
[2022-10-16T07:20:53.263-0300] {processor.py:156} INFO - Started process (PID=6390) to work on /home/renato/Documentos/datapipeline/.env/lib/python3.10/site-packages/airflow/example_dags/example_short_circuit_operator.py
[2022-10-16T07:20:53.266-0300] {processor.py:758} INFO - Processing file /home/renato/Documentos/datapipeline/.env/lib/python3.10/site-packages/airflow/example_dags/example_short_circuit_operator.py for tasks to queue
[2022-10-16T07:20:53.267-0300] {logging_mixin.py:117} INFO - [2022-10-16T07:20:53.267-0300] {dagbag.py:525} INFO - Filling up the DagBag from /home/renato/Documentos/datapipeline/.env/lib/python3.10/site-packages/airflow/example_dags/example_short_circuit_operator.py
[2022-10-16T07:20:53.296-0300] {processor.py:768} INFO - DAG(s) dict_keys(['example_short_circuit_operator']) retrieved from /home/renato/Documentos/datapipeline/.env/lib/python3.10/site-packages/airflow/example_dags/example_short_circuit_operator.py
[2022-10-16T07:20:53.329-0300] {logging_mixin.py:117} INFO - [2022-10-16T07:20:53.329-0300] {dag.py:2573} INFO - Sync 1 DAGs
[2022-10-16T07:20:53.349-0300] {logging_mixin.py:117} INFO - [2022-10-16T07:20:53.349-0300] {dag.py:3324} INFO - Setting next_dagrun for example_short_circuit_operator to 2022-10-15T10:20:53.348737+00:00, run_after=2022-10-16T10:20:53.348737+00:00
[2022-10-16T07:20:53.374-0300] {processor.py:178} INFO - Processing /home/renato/Documentos/datapipeline/.env/lib/python3.10/site-packages/airflow/example_dags/example_short_circuit_operator.py took 0.115 seconds
[2022-10-16T07:21:30.166-0300] {processor.py:156} INFO - Started process (PID=6453) to work on /home/renato/Documentos/datapipeline/.env/lib/python3.10/site-packages/airflow/example_dags/example_short_circuit_operator.py
[2022-10-16T07:21:30.171-0300] {processor.py:758} INFO - Processing file /home/renato/Documentos/datapipeline/.env/lib/python3.10/site-packages/airflow/example_dags/example_short_circuit_operator.py for tasks to queue
[2022-10-16T07:21:30.171-0300] {logging_mixin.py:117} INFO - [2022-10-16T07:21:30.171-0300] {dagbag.py:525} INFO - Filling up the DagBag from /home/renato/Documentos/datapipeline/.env/lib/python3.10/site-packages/airflow/example_dags/example_short_circuit_operator.py
[2022-10-16T07:21:30.193-0300] {processor.py:768} INFO - DAG(s) dict_keys(['example_short_circuit_operator']) retrieved from /home/renato/Documentos/datapipeline/.env/lib/python3.10/site-packages/airflow/example_dags/example_short_circuit_operator.py
[2022-10-16T07:21:30.213-0300] {logging_mixin.py:117} INFO - [2022-10-16T07:21:30.213-0300] {dag.py:2573} INFO - Sync 1 DAGs
[2022-10-16T07:21:30.229-0300] {logging_mixin.py:117} INFO - [2022-10-16T07:21:30.229-0300] {dag.py:3324} INFO - Setting next_dagrun for example_short_circuit_operator to 2022-10-15T10:21:30.229473+00:00, run_after=2022-10-16T10:21:30.229473+00:00
[2022-10-16T07:21:30.250-0300] {processor.py:178} INFO - Processing /home/renato/Documentos/datapipeline/.env/lib/python3.10/site-packages/airflow/example_dags/example_short_circuit_operator.py took 0.088 seconds
[2022-10-16T07:22:05.459-0300] {processor.py:156} INFO - Started process (PID=6525) to work on /home/renato/Documentos/datapipeline/.env/lib/python3.10/site-packages/airflow/example_dags/example_short_circuit_operator.py
[2022-10-16T07:22:05.461-0300] {processor.py:758} INFO - Processing file /home/renato/Documentos/datapipeline/.env/lib/python3.10/site-packages/airflow/example_dags/example_short_circuit_operator.py for tasks to queue
[2022-10-16T07:22:05.462-0300] {logging_mixin.py:117} INFO - [2022-10-16T07:22:05.462-0300] {dagbag.py:525} INFO - Filling up the DagBag from /home/renato/Documentos/datapipeline/.env/lib/python3.10/site-packages/airflow/example_dags/example_short_circuit_operator.py
[2022-10-16T07:22:05.496-0300] {processor.py:768} INFO - DAG(s) dict_keys(['example_short_circuit_operator']) retrieved from /home/renato/Documentos/datapipeline/.env/lib/python3.10/site-packages/airflow/example_dags/example_short_circuit_operator.py
[2022-10-16T07:22:05.548-0300] {logging_mixin.py:117} INFO - [2022-10-16T07:22:05.548-0300] {dag.py:2573} INFO - Sync 1 DAGs
[2022-10-16T07:22:05.566-0300] {logging_mixin.py:117} INFO - [2022-10-16T07:22:05.566-0300] {dag.py:3324} INFO - Setting next_dagrun for example_short_circuit_operator to 2022-10-15T10:22:05.565990+00:00, run_after=2022-10-16T10:22:05.565990+00:00
[2022-10-16T07:22:05.591-0300] {processor.py:178} INFO - Processing /home/renato/Documentos/datapipeline/.env/lib/python3.10/site-packages/airflow/example_dags/example_short_circuit_operator.py took 0.135 seconds
[2022-10-16T07:22:40.437-0300] {processor.py:156} INFO - Started process (PID=6585) to work on /home/renato/Documentos/datapipeline/.env/lib/python3.10/site-packages/airflow/example_dags/example_short_circuit_operator.py
[2022-10-16T07:22:40.439-0300] {processor.py:758} INFO - Processing file /home/renato/Documentos/datapipeline/.env/lib/python3.10/site-packages/airflow/example_dags/example_short_circuit_operator.py for tasks to queue
[2022-10-16T07:22:40.441-0300] {logging_mixin.py:117} INFO - [2022-10-16T07:22:40.440-0300] {dagbag.py:525} INFO - Filling up the DagBag from /home/renato/Documentos/datapipeline/.env/lib/python3.10/site-packages/airflow/example_dags/example_short_circuit_operator.py
[2022-10-16T07:22:40.463-0300] {processor.py:768} INFO - DAG(s) dict_keys(['example_short_circuit_operator']) retrieved from /home/renato/Documentos/datapipeline/.env/lib/python3.10/site-packages/airflow/example_dags/example_short_circuit_operator.py
[2022-10-16T07:22:40.488-0300] {logging_mixin.py:117} INFO - [2022-10-16T07:22:40.488-0300] {dag.py:2573} INFO - Sync 1 DAGs
[2022-10-16T07:22:40.505-0300] {logging_mixin.py:117} INFO - [2022-10-16T07:22:40.504-0300] {dag.py:3324} INFO - Setting next_dagrun for example_short_circuit_operator to 2022-10-15T10:22:40.504675+00:00, run_after=2022-10-16T10:22:40.504675+00:00
[2022-10-16T07:22:40.530-0300] {processor.py:178} INFO - Processing /home/renato/Documentos/datapipeline/.env/lib/python3.10/site-packages/airflow/example_dags/example_short_circuit_operator.py took 0.097 seconds
[2022-10-16T07:23:16.877-0300] {processor.py:156} INFO - Started process (PID=6645) to work on /home/renato/Documentos/datapipeline/.env/lib/python3.10/site-packages/airflow/example_dags/example_short_circuit_operator.py
[2022-10-16T07:23:16.879-0300] {processor.py:758} INFO - Processing file /home/renato/Documentos/datapipeline/.env/lib/python3.10/site-packages/airflow/example_dags/example_short_circuit_operator.py for tasks to queue
[2022-10-16T07:23:16.880-0300] {logging_mixin.py:117} INFO - [2022-10-16T07:23:16.879-0300] {dagbag.py:525} INFO - Filling up the DagBag from /home/renato/Documentos/datapipeline/.env/lib/python3.10/site-packages/airflow/example_dags/example_short_circuit_operator.py
[2022-10-16T07:23:16.894-0300] {processor.py:768} INFO - DAG(s) dict_keys(['example_short_circuit_operator']) retrieved from /home/renato/Documentos/datapipeline/.env/lib/python3.10/site-packages/airflow/example_dags/example_short_circuit_operator.py
[2022-10-16T07:23:16.915-0300] {logging_mixin.py:117} INFO - [2022-10-16T07:23:16.914-0300] {dag.py:2573} INFO - Sync 1 DAGs
[2022-10-16T07:23:16.932-0300] {logging_mixin.py:117} INFO - [2022-10-16T07:23:16.932-0300] {dag.py:3324} INFO - Setting next_dagrun for example_short_circuit_operator to 2022-10-15T10:23:16.931974+00:00, run_after=2022-10-16T10:23:16.931974+00:00
[2022-10-16T07:23:16.962-0300] {processor.py:178} INFO - Processing /home/renato/Documentos/datapipeline/.env/lib/python3.10/site-packages/airflow/example_dags/example_short_circuit_operator.py took 0.088 seconds
[2022-10-16T07:23:53.177-0300] {processor.py:156} INFO - Started process (PID=6713) to work on /home/renato/Documentos/datapipeline/.env/lib/python3.10/site-packages/airflow/example_dags/example_short_circuit_operator.py
[2022-10-16T07:23:53.183-0300] {processor.py:758} INFO - Processing file /home/renato/Documentos/datapipeline/.env/lib/python3.10/site-packages/airflow/example_dags/example_short_circuit_operator.py for tasks to queue
[2022-10-16T07:23:53.184-0300] {logging_mixin.py:117} INFO - [2022-10-16T07:23:53.184-0300] {dagbag.py:525} INFO - Filling up the DagBag from /home/renato/Documentos/datapipeline/.env/lib/python3.10/site-packages/airflow/example_dags/example_short_circuit_operator.py
[2022-10-16T07:23:53.208-0300] {processor.py:768} INFO - DAG(s) dict_keys(['example_short_circuit_operator']) retrieved from /home/renato/Documentos/datapipeline/.env/lib/python3.10/site-packages/airflow/example_dags/example_short_circuit_operator.py
[2022-10-16T07:23:53.234-0300] {logging_mixin.py:117} INFO - [2022-10-16T07:23:53.234-0300] {dag.py:2573} INFO - Sync 1 DAGs
[2022-10-16T07:23:53.251-0300] {logging_mixin.py:117} INFO - [2022-10-16T07:23:53.251-0300] {dag.py:3324} INFO - Setting next_dagrun for example_short_circuit_operator to 2022-10-15T10:23:53.251384+00:00, run_after=2022-10-16T10:23:53.251384+00:00
[2022-10-16T07:23:53.274-0300] {processor.py:178} INFO - Processing /home/renato/Documentos/datapipeline/.env/lib/python3.10/site-packages/airflow/example_dags/example_short_circuit_operator.py took 0.102 seconds
[2022-10-16T07:24:32.342-0300] {processor.py:156} INFO - Started process (PID=6788) to work on /home/renato/Documentos/datapipeline/.env/lib/python3.10/site-packages/airflow/example_dags/example_short_circuit_operator.py
[2022-10-16T07:24:32.345-0300] {processor.py:758} INFO - Processing file /home/renato/Documentos/datapipeline/.env/lib/python3.10/site-packages/airflow/example_dags/example_short_circuit_operator.py for tasks to queue
[2022-10-16T07:24:32.346-0300] {logging_mixin.py:117} INFO - [2022-10-16T07:24:32.346-0300] {dagbag.py:525} INFO - Filling up the DagBag from /home/renato/Documentos/datapipeline/.env/lib/python3.10/site-packages/airflow/example_dags/example_short_circuit_operator.py
[2022-10-16T07:24:32.365-0300] {processor.py:768} INFO - DAG(s) dict_keys(['example_short_circuit_operator']) retrieved from /home/renato/Documentos/datapipeline/.env/lib/python3.10/site-packages/airflow/example_dags/example_short_circuit_operator.py
[2022-10-16T07:24:32.389-0300] {logging_mixin.py:117} INFO - [2022-10-16T07:24:32.389-0300] {dag.py:2573} INFO - Sync 1 DAGs
[2022-10-16T07:24:32.406-0300] {logging_mixin.py:117} INFO - [2022-10-16T07:24:32.406-0300] {dag.py:3324} INFO - Setting next_dagrun for example_short_circuit_operator to 2022-10-15T10:24:32.406157+00:00, run_after=2022-10-16T10:24:32.406157+00:00
[2022-10-16T07:24:32.430-0300] {processor.py:178} INFO - Processing /home/renato/Documentos/datapipeline/.env/lib/python3.10/site-packages/airflow/example_dags/example_short_circuit_operator.py took 0.092 seconds
[2022-10-16T07:25:10.383-0300] {processor.py:156} INFO - Started process (PID=6854) to work on /home/renato/Documentos/datapipeline/.env/lib/python3.10/site-packages/airflow/example_dags/example_short_circuit_operator.py
[2022-10-16T07:25:10.385-0300] {processor.py:758} INFO - Processing file /home/renato/Documentos/datapipeline/.env/lib/python3.10/site-packages/airflow/example_dags/example_short_circuit_operator.py for tasks to queue
[2022-10-16T07:25:10.386-0300] {logging_mixin.py:117} INFO - [2022-10-16T07:25:10.386-0300] {dagbag.py:525} INFO - Filling up the DagBag from /home/renato/Documentos/datapipeline/.env/lib/python3.10/site-packages/airflow/example_dags/example_short_circuit_operator.py
[2022-10-16T07:25:10.399-0300] {processor.py:768} INFO - DAG(s) dict_keys(['example_short_circuit_operator']) retrieved from /home/renato/Documentos/datapipeline/.env/lib/python3.10/site-packages/airflow/example_dags/example_short_circuit_operator.py
[2022-10-16T07:25:10.421-0300] {logging_mixin.py:117} INFO - [2022-10-16T07:25:10.421-0300] {dag.py:2573} INFO - Sync 1 DAGs
[2022-10-16T07:25:10.438-0300] {logging_mixin.py:117} INFO - [2022-10-16T07:25:10.438-0300] {dag.py:3324} INFO - Setting next_dagrun for example_short_circuit_operator to 2022-10-15T10:25:10.438240+00:00, run_after=2022-10-16T10:25:10.438240+00:00
[2022-10-16T07:25:10.460-0300] {processor.py:178} INFO - Processing /home/renato/Documentos/datapipeline/.env/lib/python3.10/site-packages/airflow/example_dags/example_short_circuit_operator.py took 0.080 seconds
[2022-10-16T07:25:47.678-0300] {processor.py:156} INFO - Started process (PID=7044) to work on /home/renato/Documentos/datapipeline/.env/lib/python3.10/site-packages/airflow/example_dags/example_short_circuit_operator.py
[2022-10-16T07:25:47.680-0300] {processor.py:758} INFO - Processing file /home/renato/Documentos/datapipeline/.env/lib/python3.10/site-packages/airflow/example_dags/example_short_circuit_operator.py for tasks to queue
[2022-10-16T07:25:47.681-0300] {logging_mixin.py:117} INFO - [2022-10-16T07:25:47.681-0300] {dagbag.py:525} INFO - Filling up the DagBag from /home/renato/Documentos/datapipeline/.env/lib/python3.10/site-packages/airflow/example_dags/example_short_circuit_operator.py
[2022-10-16T07:25:47.697-0300] {processor.py:768} INFO - DAG(s) dict_keys(['example_short_circuit_operator']) retrieved from /home/renato/Documentos/datapipeline/.env/lib/python3.10/site-packages/airflow/example_dags/example_short_circuit_operator.py
[2022-10-16T07:25:47.721-0300] {logging_mixin.py:117} INFO - [2022-10-16T07:25:47.721-0300] {dag.py:2573} INFO - Sync 1 DAGs
[2022-10-16T07:25:47.737-0300] {logging_mixin.py:117} INFO - [2022-10-16T07:25:47.737-0300] {dag.py:3324} INFO - Setting next_dagrun for example_short_circuit_operator to 2022-10-15T10:25:47.736824+00:00, run_after=2022-10-16T10:25:47.736824+00:00
[2022-10-16T07:25:47.761-0300] {processor.py:178} INFO - Processing /home/renato/Documentos/datapipeline/.env/lib/python3.10/site-packages/airflow/example_dags/example_short_circuit_operator.py took 0.091 seconds
[2022-10-16T07:26:27.568-0300] {processor.py:156} INFO - Started process (PID=7126) to work on /home/renato/Documentos/datapipeline/.env/lib/python3.10/site-packages/airflow/example_dags/example_short_circuit_operator.py
[2022-10-16T07:26:27.570-0300] {processor.py:758} INFO - Processing file /home/renato/Documentos/datapipeline/.env/lib/python3.10/site-packages/airflow/example_dags/example_short_circuit_operator.py for tasks to queue
[2022-10-16T07:26:27.571-0300] {logging_mixin.py:117} INFO - [2022-10-16T07:26:27.571-0300] {dagbag.py:525} INFO - Filling up the DagBag from /home/renato/Documentos/datapipeline/.env/lib/python3.10/site-packages/airflow/example_dags/example_short_circuit_operator.py
[2022-10-16T07:26:27.595-0300] {processor.py:768} INFO - DAG(s) dict_keys(['example_short_circuit_operator']) retrieved from /home/renato/Documentos/datapipeline/.env/lib/python3.10/site-packages/airflow/example_dags/example_short_circuit_operator.py
[2022-10-16T07:26:27.629-0300] {logging_mixin.py:117} INFO - [2022-10-16T07:26:27.629-0300] {dag.py:2573} INFO - Sync 1 DAGs
[2022-10-16T07:26:27.650-0300] {logging_mixin.py:117} INFO - [2022-10-16T07:26:27.650-0300] {dag.py:3324} INFO - Setting next_dagrun for example_short_circuit_operator to 2022-10-15T10:26:27.650261+00:00, run_after=2022-10-16T10:26:27.650261+00:00
[2022-10-16T07:26:27.679-0300] {processor.py:178} INFO - Processing /home/renato/Documentos/datapipeline/.env/lib/python3.10/site-packages/airflow/example_dags/example_short_circuit_operator.py took 0.113 seconds
[2022-10-16T07:27:10.185-0300] {processor.py:156} INFO - Started process (PID=7203) to work on /home/renato/Documentos/datapipeline/.env/lib/python3.10/site-packages/airflow/example_dags/example_short_circuit_operator.py
[2022-10-16T07:27:10.187-0300] {processor.py:758} INFO - Processing file /home/renato/Documentos/datapipeline/.env/lib/python3.10/site-packages/airflow/example_dags/example_short_circuit_operator.py for tasks to queue
[2022-10-16T07:27:10.188-0300] {logging_mixin.py:117} INFO - [2022-10-16T07:27:10.188-0300] {dagbag.py:525} INFO - Filling up the DagBag from /home/renato/Documentos/datapipeline/.env/lib/python3.10/site-packages/airflow/example_dags/example_short_circuit_operator.py
[2022-10-16T07:27:10.214-0300] {processor.py:768} INFO - DAG(s) dict_keys(['example_short_circuit_operator']) retrieved from /home/renato/Documentos/datapipeline/.env/lib/python3.10/site-packages/airflow/example_dags/example_short_circuit_operator.py
[2022-10-16T07:27:10.243-0300] {logging_mixin.py:117} INFO - [2022-10-16T07:27:10.243-0300] {dag.py:2573} INFO - Sync 1 DAGs
[2022-10-16T07:27:10.264-0300] {logging_mixin.py:117} INFO - [2022-10-16T07:27:10.263-0300] {dag.py:3324} INFO - Setting next_dagrun for example_short_circuit_operator to 2022-10-15T10:27:10.263610+00:00, run_after=2022-10-16T10:27:10.263610+00:00
[2022-10-16T07:27:10.291-0300] {processor.py:178} INFO - Processing /home/renato/Documentos/datapipeline/.env/lib/python3.10/site-packages/airflow/example_dags/example_short_circuit_operator.py took 0.110 seconds
[2022-10-16T07:27:44.933-0300] {processor.py:156} INFO - Started process (PID=7263) to work on /home/renato/Documentos/datapipeline/.env/lib/python3.10/site-packages/airflow/example_dags/example_short_circuit_operator.py
[2022-10-16T07:27:44.938-0300] {processor.py:758} INFO - Processing file /home/renato/Documentos/datapipeline/.env/lib/python3.10/site-packages/airflow/example_dags/example_short_circuit_operator.py for tasks to queue
[2022-10-16T07:27:44.939-0300] {logging_mixin.py:117} INFO - [2022-10-16T07:27:44.939-0300] {dagbag.py:525} INFO - Filling up the DagBag from /home/renato/Documentos/datapipeline/.env/lib/python3.10/site-packages/airflow/example_dags/example_short_circuit_operator.py
[2022-10-16T07:27:44.957-0300] {processor.py:768} INFO - DAG(s) dict_keys(['example_short_circuit_operator']) retrieved from /home/renato/Documentos/datapipeline/.env/lib/python3.10/site-packages/airflow/example_dags/example_short_circuit_operator.py
[2022-10-16T07:27:44.981-0300] {logging_mixin.py:117} INFO - [2022-10-16T07:27:44.981-0300] {dag.py:2573} INFO - Sync 1 DAGs
[2022-10-16T07:27:45.005-0300] {logging_mixin.py:117} INFO - [2022-10-16T07:27:45.005-0300] {dag.py:3324} INFO - Setting next_dagrun for example_short_circuit_operator to 2022-10-15T10:27:45.005396+00:00, run_after=2022-10-16T10:27:45.005396+00:00
[2022-10-16T07:27:45.036-0300] {processor.py:178} INFO - Processing /home/renato/Documentos/datapipeline/.env/lib/python3.10/site-packages/airflow/example_dags/example_short_circuit_operator.py took 0.106 seconds
[2022-10-16T07:28:26.364-0300] {processor.py:156} INFO - Started process (PID=7338) to work on /home/renato/Documentos/datapipeline/.env/lib/python3.10/site-packages/airflow/example_dags/example_short_circuit_operator.py
[2022-10-16T07:28:26.367-0300] {processor.py:758} INFO - Processing file /home/renato/Documentos/datapipeline/.env/lib/python3.10/site-packages/airflow/example_dags/example_short_circuit_operator.py for tasks to queue
[2022-10-16T07:28:26.368-0300] {logging_mixin.py:117} INFO - [2022-10-16T07:28:26.368-0300] {dagbag.py:525} INFO - Filling up the DagBag from /home/renato/Documentos/datapipeline/.env/lib/python3.10/site-packages/airflow/example_dags/example_short_circuit_operator.py
[2022-10-16T07:28:26.388-0300] {processor.py:768} INFO - DAG(s) dict_keys(['example_short_circuit_operator']) retrieved from /home/renato/Documentos/datapipeline/.env/lib/python3.10/site-packages/airflow/example_dags/example_short_circuit_operator.py
[2022-10-16T07:28:26.409-0300] {logging_mixin.py:117} INFO - [2022-10-16T07:28:26.409-0300] {dag.py:2573} INFO - Sync 1 DAGs
[2022-10-16T07:28:26.426-0300] {logging_mixin.py:117} INFO - [2022-10-16T07:28:26.426-0300] {dag.py:3324} INFO - Setting next_dagrun for example_short_circuit_operator to 2022-10-15T10:28:26.425848+00:00, run_after=2022-10-16T10:28:26.425848+00:00
[2022-10-16T07:28:26.447-0300] {processor.py:178} INFO - Processing /home/renato/Documentos/datapipeline/.env/lib/python3.10/site-packages/airflow/example_dags/example_short_circuit_operator.py took 0.089 seconds
[2022-10-16T07:29:03.094-0300] {processor.py:156} INFO - Started process (PID=7411) to work on /home/renato/Documentos/datapipeline/.env/lib/python3.10/site-packages/airflow/example_dags/example_short_circuit_operator.py
[2022-10-16T07:29:03.095-0300] {processor.py:758} INFO - Processing file /home/renato/Documentos/datapipeline/.env/lib/python3.10/site-packages/airflow/example_dags/example_short_circuit_operator.py for tasks to queue
[2022-10-16T07:29:03.096-0300] {logging_mixin.py:117} INFO - [2022-10-16T07:29:03.096-0300] {dagbag.py:525} INFO - Filling up the DagBag from /home/renato/Documentos/datapipeline/.env/lib/python3.10/site-packages/airflow/example_dags/example_short_circuit_operator.py
[2022-10-16T07:29:03.118-0300] {processor.py:768} INFO - DAG(s) dict_keys(['example_short_circuit_operator']) retrieved from /home/renato/Documentos/datapipeline/.env/lib/python3.10/site-packages/airflow/example_dags/example_short_circuit_operator.py
[2022-10-16T07:29:03.140-0300] {logging_mixin.py:117} INFO - [2022-10-16T07:29:03.140-0300] {dag.py:2573} INFO - Sync 1 DAGs
[2022-10-16T07:29:03.160-0300] {logging_mixin.py:117} INFO - [2022-10-16T07:29:03.160-0300] {dag.py:3324} INFO - Setting next_dagrun for example_short_circuit_operator to 2022-10-15T10:29:03.160175+00:00, run_after=2022-10-16T10:29:03.160175+00:00
[2022-10-16T07:29:03.189-0300] {processor.py:178} INFO - Processing /home/renato/Documentos/datapipeline/.env/lib/python3.10/site-packages/airflow/example_dags/example_short_circuit_operator.py took 0.098 seconds
[2022-10-16T07:29:42.838-0300] {processor.py:156} INFO - Started process (PID=7480) to work on /home/renato/Documentos/datapipeline/.env/lib/python3.10/site-packages/airflow/example_dags/example_short_circuit_operator.py
[2022-10-16T07:29:42.846-0300] {processor.py:758} INFO - Processing file /home/renato/Documentos/datapipeline/.env/lib/python3.10/site-packages/airflow/example_dags/example_short_circuit_operator.py for tasks to queue
[2022-10-16T07:29:42.847-0300] {logging_mixin.py:117} INFO - [2022-10-16T07:29:42.847-0300] {dagbag.py:525} INFO - Filling up the DagBag from /home/renato/Documentos/datapipeline/.env/lib/python3.10/site-packages/airflow/example_dags/example_short_circuit_operator.py
[2022-10-16T07:29:42.865-0300] {processor.py:768} INFO - DAG(s) dict_keys(['example_short_circuit_operator']) retrieved from /home/renato/Documentos/datapipeline/.env/lib/python3.10/site-packages/airflow/example_dags/example_short_circuit_operator.py
[2022-10-16T07:29:42.891-0300] {logging_mixin.py:117} INFO - [2022-10-16T07:29:42.891-0300] {dag.py:2573} INFO - Sync 1 DAGs
[2022-10-16T07:29:42.910-0300] {logging_mixin.py:117} INFO - [2022-10-16T07:29:42.909-0300] {dag.py:3324} INFO - Setting next_dagrun for example_short_circuit_operator to 2022-10-15T10:29:42.909620+00:00, run_after=2022-10-16T10:29:42.909620+00:00
[2022-10-16T07:29:42.944-0300] {processor.py:178} INFO - Processing /home/renato/Documentos/datapipeline/.env/lib/python3.10/site-packages/airflow/example_dags/example_short_circuit_operator.py took 0.108 seconds
[2022-10-16T07:31:05.386-0300] {processor.py:156} INFO - Started process (PID=7830) to work on /home/renato/Documentos/datapipeline/.env/lib/python3.10/site-packages/airflow/example_dags/example_short_circuit_operator.py
[2022-10-16T07:31:05.388-0300] {processor.py:758} INFO - Processing file /home/renato/Documentos/datapipeline/.env/lib/python3.10/site-packages/airflow/example_dags/example_short_circuit_operator.py for tasks to queue
[2022-10-16T07:31:05.388-0300] {logging_mixin.py:117} INFO - [2022-10-16T07:31:05.388-0300] {dagbag.py:525} INFO - Filling up the DagBag from /home/renato/Documentos/datapipeline/.env/lib/python3.10/site-packages/airflow/example_dags/example_short_circuit_operator.py
[2022-10-16T07:31:05.404-0300] {processor.py:768} INFO - DAG(s) dict_keys(['example_short_circuit_operator']) retrieved from /home/renato/Documentos/datapipeline/.env/lib/python3.10/site-packages/airflow/example_dags/example_short_circuit_operator.py
[2022-10-16T07:31:05.429-0300] {logging_mixin.py:117} INFO - [2022-10-16T07:31:05.429-0300] {dag.py:2573} INFO - Sync 1 DAGs
[2022-10-16T07:31:05.448-0300] {logging_mixin.py:117} INFO - [2022-10-16T07:31:05.448-0300] {dag.py:3324} INFO - Setting next_dagrun for example_short_circuit_operator to 2022-10-15T10:31:05.448122+00:00, run_after=2022-10-16T10:31:05.448122+00:00
[2022-10-16T07:31:05.474-0300] {processor.py:178} INFO - Processing /home/renato/Documentos/datapipeline/.env/lib/python3.10/site-packages/airflow/example_dags/example_short_circuit_operator.py took 0.091 seconds
