[2022-10-16T07:17:46.126-0300] {processor.py:156} INFO - Started process (PID=5888) to work on /home/renato/Documentos/datapipeline/.env/lib/python3.10/site-packages/airflow/example_dags/example_xcomargs.py
[2022-10-16T07:17:46.127-0300] {processor.py:758} INFO - Processing file /home/renato/Documentos/datapipeline/.env/lib/python3.10/site-packages/airflow/example_dags/example_xcomargs.py for tasks to queue
[2022-10-16T07:17:46.128-0300] {logging_mixin.py:117} INFO - [2022-10-16T07:17:46.128-0300] {dagbag.py:525} INFO - Filling up the DagBag from /home/renato/Documentos/datapipeline/.env/lib/python3.10/site-packages/airflow/example_dags/example_xcomargs.py
[2022-10-16T07:17:46.155-0300] {processor.py:768} INFO - DAG(s) dict_keys(['example_xcom_args', 'example_xcom_args_with_operators']) retrieved from /home/renato/Documentos/datapipeline/.env/lib/python3.10/site-packages/airflow/example_dags/example_xcomargs.py
[2022-10-16T07:17:46.288-0300] {logging_mixin.py:117} INFO - [2022-10-16T07:17:46.288-0300] {manager.py:507} INFO - Created Permission View: can edit on DAG:example_xcom_args
[2022-10-16T07:17:46.304-0300] {logging_mixin.py:117} INFO - [2022-10-16T07:17:46.304-0300] {manager.py:507} INFO - Created Permission View: can read on DAG:example_xcom_args
[2022-10-16T07:17:46.316-0300] {logging_mixin.py:117} INFO - [2022-10-16T07:17:46.316-0300] {manager.py:507} INFO - Created Permission View: can delete on DAG:example_xcom_args
[2022-10-16T07:17:46.355-0300] {logging_mixin.py:117} INFO - [2022-10-16T07:17:46.354-0300] {manager.py:507} INFO - Created Permission View: can edit on DAG:example_xcom_args_with_operators
[2022-10-16T07:17:46.377-0300] {logging_mixin.py:117} INFO - [2022-10-16T07:17:46.376-0300] {manager.py:507} INFO - Created Permission View: can read on DAG:example_xcom_args_with_operators
[2022-10-16T07:17:46.390-0300] {logging_mixin.py:117} INFO - [2022-10-16T07:17:46.390-0300] {manager.py:507} INFO - Created Permission View: can delete on DAG:example_xcom_args_with_operators
[2022-10-16T07:17:46.391-0300] {logging_mixin.py:117} INFO - [2022-10-16T07:17:46.391-0300] {dag.py:2573} INFO - Sync 2 DAGs
[2022-10-16T07:17:46.400-0300] {logging_mixin.py:117} INFO - [2022-10-16T07:17:46.400-0300] {dag.py:2594} INFO - Creating ORM DAG for example_xcom_args_with_operators
[2022-10-16T07:17:46.401-0300] {logging_mixin.py:117} INFO - [2022-10-16T07:17:46.401-0300] {dag.py:2594} INFO - Creating ORM DAG for example_xcom_args
[2022-10-16T07:17:46.408-0300] {logging_mixin.py:117} INFO - [2022-10-16T07:17:46.408-0300] {dag.py:3324} INFO - Setting next_dagrun for example_xcom_args to None, run_after=None
[2022-10-16T07:17:46.408-0300] {logging_mixin.py:117} INFO - [2022-10-16T07:17:46.408-0300] {dag.py:3324} INFO - Setting next_dagrun for example_xcom_args_with_operators to None, run_after=None
[2022-10-16T07:17:46.433-0300] {processor.py:178} INFO - Processing /home/renato/Documentos/datapipeline/.env/lib/python3.10/site-packages/airflow/example_dags/example_xcomargs.py took 0.309 seconds
[2022-10-16T07:18:28.410-0300] {processor.py:156} INFO - Started process (PID=5971) to work on /home/renato/Documentos/datapipeline/.env/lib/python3.10/site-packages/airflow/example_dags/example_xcomargs.py
[2022-10-16T07:18:28.413-0300] {processor.py:758} INFO - Processing file /home/renato/Documentos/datapipeline/.env/lib/python3.10/site-packages/airflow/example_dags/example_xcomargs.py for tasks to queue
[2022-10-16T07:18:28.413-0300] {logging_mixin.py:117} INFO - [2022-10-16T07:18:28.413-0300] {dagbag.py:525} INFO - Filling up the DagBag from /home/renato/Documentos/datapipeline/.env/lib/python3.10/site-packages/airflow/example_dags/example_xcomargs.py
[2022-10-16T07:18:28.449-0300] {processor.py:768} INFO - DAG(s) dict_keys(['example_xcom_args_with_operators', 'example_xcom_args']) retrieved from /home/renato/Documentos/datapipeline/.env/lib/python3.10/site-packages/airflow/example_dags/example_xcomargs.py
[2022-10-16T07:18:28.470-0300] {logging_mixin.py:117} INFO - [2022-10-16T07:18:28.469-0300] {dag.py:2573} INFO - Sync 2 DAGs
[2022-10-16T07:18:28.486-0300] {logging_mixin.py:117} INFO - [2022-10-16T07:18:28.486-0300] {dag.py:3324} INFO - Setting next_dagrun for example_xcom_args to None, run_after=None
[2022-10-16T07:18:28.488-0300] {logging_mixin.py:117} INFO - [2022-10-16T07:18:28.488-0300] {dag.py:3324} INFO - Setting next_dagrun for example_xcom_args_with_operators to None, run_after=None
[2022-10-16T07:18:28.520-0300] {processor.py:178} INFO - Processing /home/renato/Documentos/datapipeline/.env/lib/python3.10/site-packages/airflow/example_dags/example_xcomargs.py took 0.114 seconds
[2022-10-16T07:19:06.226-0300] {processor.py:156} INFO - Started process (PID=6044) to work on /home/renato/Documentos/datapipeline/.env/lib/python3.10/site-packages/airflow/example_dags/example_xcomargs.py
[2022-10-16T07:19:06.229-0300] {processor.py:758} INFO - Processing file /home/renato/Documentos/datapipeline/.env/lib/python3.10/site-packages/airflow/example_dags/example_xcomargs.py for tasks to queue
[2022-10-16T07:19:06.230-0300] {logging_mixin.py:117} INFO - [2022-10-16T07:19:06.230-0300] {dagbag.py:525} INFO - Filling up the DagBag from /home/renato/Documentos/datapipeline/.env/lib/python3.10/site-packages/airflow/example_dags/example_xcomargs.py
[2022-10-16T07:19:06.262-0300] {processor.py:768} INFO - DAG(s) dict_keys(['example_xcom_args_with_operators', 'example_xcom_args']) retrieved from /home/renato/Documentos/datapipeline/.env/lib/python3.10/site-packages/airflow/example_dags/example_xcomargs.py
[2022-10-16T07:19:06.286-0300] {logging_mixin.py:117} INFO - [2022-10-16T07:19:06.286-0300] {dag.py:2573} INFO - Sync 2 DAGs
[2022-10-16T07:19:06.302-0300] {logging_mixin.py:117} INFO - [2022-10-16T07:19:06.302-0300] {dag.py:3324} INFO - Setting next_dagrun for example_xcom_args to None, run_after=None
[2022-10-16T07:19:06.304-0300] {logging_mixin.py:117} INFO - [2022-10-16T07:19:06.304-0300] {dag.py:3324} INFO - Setting next_dagrun for example_xcom_args_with_operators to None, run_after=None
[2022-10-16T07:19:06.324-0300] {processor.py:178} INFO - Processing /home/renato/Documentos/datapipeline/.env/lib/python3.10/site-packages/airflow/example_dags/example_xcomargs.py took 0.103 seconds
[2022-10-16T07:19:42.766-0300] {processor.py:156} INFO - Started process (PID=6131) to work on /home/renato/Documentos/datapipeline/.env/lib/python3.10/site-packages/airflow/example_dags/example_xcomargs.py
[2022-10-16T07:19:42.769-0300] {processor.py:758} INFO - Processing file /home/renato/Documentos/datapipeline/.env/lib/python3.10/site-packages/airflow/example_dags/example_xcomargs.py for tasks to queue
[2022-10-16T07:19:42.770-0300] {logging_mixin.py:117} INFO - [2022-10-16T07:19:42.769-0300] {dagbag.py:525} INFO - Filling up the DagBag from /home/renato/Documentos/datapipeline/.env/lib/python3.10/site-packages/airflow/example_dags/example_xcomargs.py
[2022-10-16T07:19:42.804-0300] {processor.py:768} INFO - DAG(s) dict_keys(['example_xcom_args_with_operators', 'example_xcom_args']) retrieved from /home/renato/Documentos/datapipeline/.env/lib/python3.10/site-packages/airflow/example_dags/example_xcomargs.py
[2022-10-16T07:19:42.829-0300] {logging_mixin.py:117} INFO - [2022-10-16T07:19:42.829-0300] {dag.py:2573} INFO - Sync 2 DAGs
[2022-10-16T07:19:42.844-0300] {logging_mixin.py:117} INFO - [2022-10-16T07:19:42.844-0300] {dag.py:3324} INFO - Setting next_dagrun for example_xcom_args to None, run_after=None
[2022-10-16T07:19:42.846-0300] {logging_mixin.py:117} INFO - [2022-10-16T07:19:42.846-0300] {dag.py:3324} INFO - Setting next_dagrun for example_xcom_args_with_operators to None, run_after=None
[2022-10-16T07:19:42.866-0300] {processor.py:178} INFO - Processing /home/renato/Documentos/datapipeline/.env/lib/python3.10/site-packages/airflow/example_dags/example_xcomargs.py took 0.105 seconds
[2022-10-16T07:20:20.137-0300] {processor.py:156} INFO - Started process (PID=6212) to work on /home/renato/Documentos/datapipeline/.env/lib/python3.10/site-packages/airflow/example_dags/example_xcomargs.py
[2022-10-16T07:20:20.143-0300] {processor.py:758} INFO - Processing file /home/renato/Documentos/datapipeline/.env/lib/python3.10/site-packages/airflow/example_dags/example_xcomargs.py for tasks to queue
[2022-10-16T07:20:20.143-0300] {logging_mixin.py:117} INFO - [2022-10-16T07:20:20.143-0300] {dagbag.py:525} INFO - Filling up the DagBag from /home/renato/Documentos/datapipeline/.env/lib/python3.10/site-packages/airflow/example_dags/example_xcomargs.py
[2022-10-16T07:20:20.169-0300] {processor.py:768} INFO - DAG(s) dict_keys(['example_xcom_args', 'example_xcom_args_with_operators']) retrieved from /home/renato/Documentos/datapipeline/.env/lib/python3.10/site-packages/airflow/example_dags/example_xcomargs.py
[2022-10-16T07:20:20.199-0300] {logging_mixin.py:117} INFO - [2022-10-16T07:20:20.199-0300] {dag.py:2573} INFO - Sync 2 DAGs
[2022-10-16T07:20:20.219-0300] {logging_mixin.py:117} INFO - [2022-10-16T07:20:20.219-0300] {dag.py:3324} INFO - Setting next_dagrun for example_xcom_args to None, run_after=None
[2022-10-16T07:20:20.222-0300] {logging_mixin.py:117} INFO - [2022-10-16T07:20:20.222-0300] {dag.py:3324} INFO - Setting next_dagrun for example_xcom_args_with_operators to None, run_after=None
[2022-10-16T07:20:20.259-0300] {processor.py:178} INFO - Processing /home/renato/Documentos/datapipeline/.env/lib/python3.10/site-packages/airflow/example_dags/example_xcomargs.py took 0.125 seconds
[2022-10-16T07:20:57.751-0300] {processor.py:156} INFO - Started process (PID=6398) to work on /home/renato/Documentos/datapipeline/.env/lib/python3.10/site-packages/airflow/example_dags/example_xcomargs.py
[2022-10-16T07:20:57.758-0300] {processor.py:758} INFO - Processing file /home/renato/Documentos/datapipeline/.env/lib/python3.10/site-packages/airflow/example_dags/example_xcomargs.py for tasks to queue
[2022-10-16T07:20:57.759-0300] {logging_mixin.py:117} INFO - [2022-10-16T07:20:57.759-0300] {dagbag.py:525} INFO - Filling up the DagBag from /home/renato/Documentos/datapipeline/.env/lib/python3.10/site-packages/airflow/example_dags/example_xcomargs.py
[2022-10-16T07:20:57.798-0300] {processor.py:768} INFO - DAG(s) dict_keys(['example_xcom_args_with_operators', 'example_xcom_args']) retrieved from /home/renato/Documentos/datapipeline/.env/lib/python3.10/site-packages/airflow/example_dags/example_xcomargs.py
[2022-10-16T07:20:57.821-0300] {logging_mixin.py:117} INFO - [2022-10-16T07:20:57.821-0300] {dag.py:2573} INFO - Sync 2 DAGs
[2022-10-16T07:20:57.837-0300] {logging_mixin.py:117} INFO - [2022-10-16T07:20:57.837-0300] {dag.py:3324} INFO - Setting next_dagrun for example_xcom_args to None, run_after=None
[2022-10-16T07:20:57.840-0300] {logging_mixin.py:117} INFO - [2022-10-16T07:20:57.840-0300] {dag.py:3324} INFO - Setting next_dagrun for example_xcom_args_with_operators to None, run_after=None
[2022-10-16T07:20:57.863-0300] {processor.py:178} INFO - Processing /home/renato/Documentos/datapipeline/.env/lib/python3.10/site-packages/airflow/example_dags/example_xcomargs.py took 0.117 seconds
[2022-10-16T07:21:35.171-0300] {processor.py:156} INFO - Started process (PID=6465) to work on /home/renato/Documentos/datapipeline/.env/lib/python3.10/site-packages/airflow/example_dags/example_xcomargs.py
[2022-10-16T07:21:35.176-0300] {processor.py:758} INFO - Processing file /home/renato/Documentos/datapipeline/.env/lib/python3.10/site-packages/airflow/example_dags/example_xcomargs.py for tasks to queue
[2022-10-16T07:21:35.177-0300] {logging_mixin.py:117} INFO - [2022-10-16T07:21:35.177-0300] {dagbag.py:525} INFO - Filling up the DagBag from /home/renato/Documentos/datapipeline/.env/lib/python3.10/site-packages/airflow/example_dags/example_xcomargs.py
[2022-10-16T07:21:35.217-0300] {processor.py:768} INFO - DAG(s) dict_keys(['example_xcom_args_with_operators', 'example_xcom_args']) retrieved from /home/renato/Documentos/datapipeline/.env/lib/python3.10/site-packages/airflow/example_dags/example_xcomargs.py
[2022-10-16T07:21:35.243-0300] {logging_mixin.py:117} INFO - [2022-10-16T07:21:35.243-0300] {dag.py:2573} INFO - Sync 2 DAGs
[2022-10-16T07:21:35.259-0300] {logging_mixin.py:117} INFO - [2022-10-16T07:21:35.259-0300] {dag.py:3324} INFO - Setting next_dagrun for example_xcom_args to None, run_after=None
[2022-10-16T07:21:35.262-0300] {logging_mixin.py:117} INFO - [2022-10-16T07:21:35.261-0300] {dag.py:3324} INFO - Setting next_dagrun for example_xcom_args_with_operators to None, run_after=None
[2022-10-16T07:21:35.284-0300] {processor.py:178} INFO - Processing /home/renato/Documentos/datapipeline/.env/lib/python3.10/site-packages/airflow/example_dags/example_xcomargs.py took 0.119 seconds
[2022-10-16T07:22:12.001-0300] {processor.py:156} INFO - Started process (PID=6533) to work on /home/renato/Documentos/datapipeline/.env/lib/python3.10/site-packages/airflow/example_dags/example_xcomargs.py
[2022-10-16T07:22:12.015-0300] {processor.py:758} INFO - Processing file /home/renato/Documentos/datapipeline/.env/lib/python3.10/site-packages/airflow/example_dags/example_xcomargs.py for tasks to queue
[2022-10-16T07:22:12.016-0300] {logging_mixin.py:117} INFO - [2022-10-16T07:22:12.016-0300] {dagbag.py:525} INFO - Filling up the DagBag from /home/renato/Documentos/datapipeline/.env/lib/python3.10/site-packages/airflow/example_dags/example_xcomargs.py
[2022-10-16T07:22:12.044-0300] {processor.py:768} INFO - DAG(s) dict_keys(['example_xcom_args', 'example_xcom_args_with_operators']) retrieved from /home/renato/Documentos/datapipeline/.env/lib/python3.10/site-packages/airflow/example_dags/example_xcomargs.py
[2022-10-16T07:22:12.065-0300] {logging_mixin.py:117} INFO - [2022-10-16T07:22:12.065-0300] {dag.py:2573} INFO - Sync 2 DAGs
[2022-10-16T07:22:12.082-0300] {logging_mixin.py:117} INFO - [2022-10-16T07:22:12.082-0300] {dag.py:3324} INFO - Setting next_dagrun for example_xcom_args to None, run_after=None
[2022-10-16T07:22:12.085-0300] {logging_mixin.py:117} INFO - [2022-10-16T07:22:12.085-0300] {dag.py:3324} INFO - Setting next_dagrun for example_xcom_args_with_operators to None, run_after=None
[2022-10-16T07:22:12.107-0300] {processor.py:178} INFO - Processing /home/renato/Documentos/datapipeline/.env/lib/python3.10/site-packages/airflow/example_dags/example_xcomargs.py took 0.111 seconds
[2022-10-16T07:22:46.076-0300] {processor.py:156} INFO - Started process (PID=6591) to work on /home/renato/Documentos/datapipeline/.env/lib/python3.10/site-packages/airflow/example_dags/example_xcomargs.py
[2022-10-16T07:22:46.078-0300] {processor.py:758} INFO - Processing file /home/renato/Documentos/datapipeline/.env/lib/python3.10/site-packages/airflow/example_dags/example_xcomargs.py for tasks to queue
[2022-10-16T07:22:46.079-0300] {logging_mixin.py:117} INFO - [2022-10-16T07:22:46.079-0300] {dagbag.py:525} INFO - Filling up the DagBag from /home/renato/Documentos/datapipeline/.env/lib/python3.10/site-packages/airflow/example_dags/example_xcomargs.py
[2022-10-16T07:22:46.101-0300] {processor.py:768} INFO - DAG(s) dict_keys(['example_xcom_args', 'example_xcom_args_with_operators']) retrieved from /home/renato/Documentos/datapipeline/.env/lib/python3.10/site-packages/airflow/example_dags/example_xcomargs.py
[2022-10-16T07:22:46.124-0300] {logging_mixin.py:117} INFO - [2022-10-16T07:22:46.124-0300] {dag.py:2573} INFO - Sync 2 DAGs
[2022-10-16T07:22:46.141-0300] {logging_mixin.py:117} INFO - [2022-10-16T07:22:46.141-0300] {dag.py:3324} INFO - Setting next_dagrun for example_xcom_args to None, run_after=None
[2022-10-16T07:22:46.143-0300] {logging_mixin.py:117} INFO - [2022-10-16T07:22:46.143-0300] {dag.py:3324} INFO - Setting next_dagrun for example_xcom_args_with_operators to None, run_after=None
[2022-10-16T07:22:46.165-0300] {processor.py:178} INFO - Processing /home/renato/Documentos/datapipeline/.env/lib/python3.10/site-packages/airflow/example_dags/example_xcomargs.py took 0.092 seconds
[2022-10-16T07:23:23.336-0300] {processor.py:156} INFO - Started process (PID=6658) to work on /home/renato/Documentos/datapipeline/.env/lib/python3.10/site-packages/airflow/example_dags/example_xcomargs.py
[2022-10-16T07:23:23.339-0300] {processor.py:758} INFO - Processing file /home/renato/Documentos/datapipeline/.env/lib/python3.10/site-packages/airflow/example_dags/example_xcomargs.py for tasks to queue
[2022-10-16T07:23:23.341-0300] {logging_mixin.py:117} INFO - [2022-10-16T07:23:23.340-0300] {dagbag.py:525} INFO - Filling up the DagBag from /home/renato/Documentos/datapipeline/.env/lib/python3.10/site-packages/airflow/example_dags/example_xcomargs.py
[2022-10-16T07:23:23.371-0300] {processor.py:768} INFO - DAG(s) dict_keys(['example_xcom_args', 'example_xcom_args_with_operators']) retrieved from /home/renato/Documentos/datapipeline/.env/lib/python3.10/site-packages/airflow/example_dags/example_xcomargs.py
[2022-10-16T07:23:23.394-0300] {logging_mixin.py:117} INFO - [2022-10-16T07:23:23.394-0300] {dag.py:2573} INFO - Sync 2 DAGs
[2022-10-16T07:23:23.412-0300] {logging_mixin.py:117} INFO - [2022-10-16T07:23:23.411-0300] {dag.py:3324} INFO - Setting next_dagrun for example_xcom_args to None, run_after=None
[2022-10-16T07:23:23.415-0300] {logging_mixin.py:117} INFO - [2022-10-16T07:23:23.415-0300] {dag.py:3324} INFO - Setting next_dagrun for example_xcom_args_with_operators to None, run_after=None
[2022-10-16T07:23:23.436-0300] {processor.py:178} INFO - Processing /home/renato/Documentos/datapipeline/.env/lib/python3.10/site-packages/airflow/example_dags/example_xcomargs.py took 0.106 seconds
[2022-10-16T07:24:00.949-0300] {processor.py:156} INFO - Started process (PID=6726) to work on /home/renato/Documentos/datapipeline/.env/lib/python3.10/site-packages/airflow/example_dags/example_xcomargs.py
[2022-10-16T07:24:00.952-0300] {processor.py:758} INFO - Processing file /home/renato/Documentos/datapipeline/.env/lib/python3.10/site-packages/airflow/example_dags/example_xcomargs.py for tasks to queue
[2022-10-16T07:24:00.953-0300] {logging_mixin.py:117} INFO - [2022-10-16T07:24:00.953-0300] {dagbag.py:525} INFO - Filling up the DagBag from /home/renato/Documentos/datapipeline/.env/lib/python3.10/site-packages/airflow/example_dags/example_xcomargs.py
[2022-10-16T07:24:00.988-0300] {processor.py:768} INFO - DAG(s) dict_keys(['example_xcom_args', 'example_xcom_args_with_operators']) retrieved from /home/renato/Documentos/datapipeline/.env/lib/python3.10/site-packages/airflow/example_dags/example_xcomargs.py
[2022-10-16T07:24:01.014-0300] {logging_mixin.py:117} INFO - [2022-10-16T07:24:01.013-0300] {dag.py:2573} INFO - Sync 2 DAGs
[2022-10-16T07:24:01.030-0300] {logging_mixin.py:117} INFO - [2022-10-16T07:24:01.030-0300] {dag.py:3324} INFO - Setting next_dagrun for example_xcom_args to None, run_after=None
[2022-10-16T07:24:01.033-0300] {logging_mixin.py:117} INFO - [2022-10-16T07:24:01.033-0300] {dag.py:3324} INFO - Setting next_dagrun for example_xcom_args_with_operators to None, run_after=None
[2022-10-16T07:24:01.057-0300] {processor.py:178} INFO - Processing /home/renato/Documentos/datapipeline/.env/lib/python3.10/site-packages/airflow/example_dags/example_xcomargs.py took 0.115 seconds
[2022-10-16T07:24:40.181-0300] {processor.py:156} INFO - Started process (PID=6802) to work on /home/renato/Documentos/datapipeline/.env/lib/python3.10/site-packages/airflow/example_dags/example_xcomargs.py
[2022-10-16T07:24:40.184-0300] {processor.py:758} INFO - Processing file /home/renato/Documentos/datapipeline/.env/lib/python3.10/site-packages/airflow/example_dags/example_xcomargs.py for tasks to queue
[2022-10-16T07:24:40.185-0300] {logging_mixin.py:117} INFO - [2022-10-16T07:24:40.185-0300] {dagbag.py:525} INFO - Filling up the DagBag from /home/renato/Documentos/datapipeline/.env/lib/python3.10/site-packages/airflow/example_dags/example_xcomargs.py
[2022-10-16T07:24:40.224-0300] {processor.py:768} INFO - DAG(s) dict_keys(['example_xcom_args_with_operators', 'example_xcom_args']) retrieved from /home/renato/Documentos/datapipeline/.env/lib/python3.10/site-packages/airflow/example_dags/example_xcomargs.py
[2022-10-16T07:24:40.247-0300] {logging_mixin.py:117} INFO - [2022-10-16T07:24:40.247-0300] {dag.py:2573} INFO - Sync 2 DAGs
[2022-10-16T07:24:40.263-0300] {logging_mixin.py:117} INFO - [2022-10-16T07:24:40.263-0300] {dag.py:3324} INFO - Setting next_dagrun for example_xcom_args to None, run_after=None
[2022-10-16T07:24:40.266-0300] {logging_mixin.py:117} INFO - [2022-10-16T07:24:40.266-0300] {dag.py:3324} INFO - Setting next_dagrun for example_xcom_args_with_operators to None, run_after=None
[2022-10-16T07:24:40.288-0300] {processor.py:178} INFO - Processing /home/renato/Documentos/datapipeline/.env/lib/python3.10/site-packages/airflow/example_dags/example_xcomargs.py took 0.112 seconds
[2022-10-16T07:25:18.076-0300] {processor.py:156} INFO - Started process (PID=6965) to work on /home/renato/Documentos/datapipeline/.env/lib/python3.10/site-packages/airflow/example_dags/example_xcomargs.py
[2022-10-16T07:25:18.078-0300] {processor.py:758} INFO - Processing file /home/renato/Documentos/datapipeline/.env/lib/python3.10/site-packages/airflow/example_dags/example_xcomargs.py for tasks to queue
[2022-10-16T07:25:18.079-0300] {logging_mixin.py:117} INFO - [2022-10-16T07:25:18.079-0300] {dagbag.py:525} INFO - Filling up the DagBag from /home/renato/Documentos/datapipeline/.env/lib/python3.10/site-packages/airflow/example_dags/example_xcomargs.py
[2022-10-16T07:25:18.108-0300] {processor.py:768} INFO - DAG(s) dict_keys(['example_xcom_args_with_operators', 'example_xcom_args']) retrieved from /home/renato/Documentos/datapipeline/.env/lib/python3.10/site-packages/airflow/example_dags/example_xcomargs.py
[2022-10-16T07:25:18.133-0300] {logging_mixin.py:117} INFO - [2022-10-16T07:25:18.132-0300] {dag.py:2573} INFO - Sync 2 DAGs
[2022-10-16T07:25:18.151-0300] {logging_mixin.py:117} INFO - [2022-10-16T07:25:18.151-0300] {dag.py:3324} INFO - Setting next_dagrun for example_xcom_args to None, run_after=None
[2022-10-16T07:25:18.154-0300] {logging_mixin.py:117} INFO - [2022-10-16T07:25:18.154-0300] {dag.py:3324} INFO - Setting next_dagrun for example_xcom_args_with_operators to None, run_after=None
[2022-10-16T07:25:18.178-0300] {processor.py:178} INFO - Processing /home/renato/Documentos/datapipeline/.env/lib/python3.10/site-packages/airflow/example_dags/example_xcomargs.py took 0.104 seconds
[2022-10-16T07:25:54.424-0300] {processor.py:156} INFO - Started process (PID=7057) to work on /home/renato/Documentos/datapipeline/.env/lib/python3.10/site-packages/airflow/example_dags/example_xcomargs.py
[2022-10-16T07:25:54.428-0300] {processor.py:758} INFO - Processing file /home/renato/Documentos/datapipeline/.env/lib/python3.10/site-packages/airflow/example_dags/example_xcomargs.py for tasks to queue
[2022-10-16T07:25:54.429-0300] {logging_mixin.py:117} INFO - [2022-10-16T07:25:54.428-0300] {dagbag.py:525} INFO - Filling up the DagBag from /home/renato/Documentos/datapipeline/.env/lib/python3.10/site-packages/airflow/example_dags/example_xcomargs.py
[2022-10-16T07:25:54.452-0300] {processor.py:768} INFO - DAG(s) dict_keys(['example_xcom_args_with_operators', 'example_xcom_args']) retrieved from /home/renato/Documentos/datapipeline/.env/lib/python3.10/site-packages/airflow/example_dags/example_xcomargs.py
[2022-10-16T07:25:54.474-0300] {logging_mixin.py:117} INFO - [2022-10-16T07:25:54.474-0300] {dag.py:2573} INFO - Sync 2 DAGs
[2022-10-16T07:25:54.491-0300] {logging_mixin.py:117} INFO - [2022-10-16T07:25:54.490-0300] {dag.py:3324} INFO - Setting next_dagrun for example_xcom_args to None, run_after=None
[2022-10-16T07:25:54.493-0300] {logging_mixin.py:117} INFO - [2022-10-16T07:25:54.493-0300] {dag.py:3324} INFO - Setting next_dagrun for example_xcom_args_with_operators to None, run_after=None
[2022-10-16T07:25:54.520-0300] {processor.py:178} INFO - Processing /home/renato/Documentos/datapipeline/.env/lib/python3.10/site-packages/airflow/example_dags/example_xcomargs.py took 0.098 seconds
[2022-10-16T07:26:31.872-0300] {processor.py:156} INFO - Started process (PID=7132) to work on /home/renato/Documentos/datapipeline/.env/lib/python3.10/site-packages/airflow/example_dags/example_xcomargs.py
[2022-10-16T07:26:31.877-0300] {processor.py:758} INFO - Processing file /home/renato/Documentos/datapipeline/.env/lib/python3.10/site-packages/airflow/example_dags/example_xcomargs.py for tasks to queue
[2022-10-16T07:26:31.878-0300] {logging_mixin.py:117} INFO - [2022-10-16T07:26:31.878-0300] {dagbag.py:525} INFO - Filling up the DagBag from /home/renato/Documentos/datapipeline/.env/lib/python3.10/site-packages/airflow/example_dags/example_xcomargs.py
[2022-10-16T07:26:31.907-0300] {processor.py:768} INFO - DAG(s) dict_keys(['example_xcom_args', 'example_xcom_args_with_operators']) retrieved from /home/renato/Documentos/datapipeline/.env/lib/python3.10/site-packages/airflow/example_dags/example_xcomargs.py
[2022-10-16T07:26:31.934-0300] {logging_mixin.py:117} INFO - [2022-10-16T07:26:31.934-0300] {dag.py:2573} INFO - Sync 2 DAGs
[2022-10-16T07:26:31.953-0300] {logging_mixin.py:117} INFO - [2022-10-16T07:26:31.952-0300] {dag.py:3324} INFO - Setting next_dagrun for example_xcom_args to None, run_after=None
[2022-10-16T07:26:31.959-0300] {logging_mixin.py:117} INFO - [2022-10-16T07:26:31.959-0300] {dag.py:3324} INFO - Setting next_dagrun for example_xcom_args_with_operators to None, run_after=None
[2022-10-16T07:26:31.986-0300] {processor.py:178} INFO - Processing /home/renato/Documentos/datapipeline/.env/lib/python3.10/site-packages/airflow/example_dags/example_xcomargs.py took 0.116 seconds
[2022-10-16T07:27:14.173-0300] {processor.py:156} INFO - Started process (PID=7208) to work on /home/renato/Documentos/datapipeline/.env/lib/python3.10/site-packages/airflow/example_dags/example_xcomargs.py
[2022-10-16T07:27:14.178-0300] {processor.py:758} INFO - Processing file /home/renato/Documentos/datapipeline/.env/lib/python3.10/site-packages/airflow/example_dags/example_xcomargs.py for tasks to queue
[2022-10-16T07:27:14.178-0300] {logging_mixin.py:117} INFO - [2022-10-16T07:27:14.178-0300] {dagbag.py:525} INFO - Filling up the DagBag from /home/renato/Documentos/datapipeline/.env/lib/python3.10/site-packages/airflow/example_dags/example_xcomargs.py
[2022-10-16T07:27:14.205-0300] {processor.py:768} INFO - DAG(s) dict_keys(['example_xcom_args', 'example_xcom_args_with_operators']) retrieved from /home/renato/Documentos/datapipeline/.env/lib/python3.10/site-packages/airflow/example_dags/example_xcomargs.py
[2022-10-16T07:27:14.229-0300] {logging_mixin.py:117} INFO - [2022-10-16T07:27:14.229-0300] {dag.py:2573} INFO - Sync 2 DAGs
[2022-10-16T07:27:14.248-0300] {logging_mixin.py:117} INFO - [2022-10-16T07:27:14.248-0300] {dag.py:3324} INFO - Setting next_dagrun for example_xcom_args to None, run_after=None
[2022-10-16T07:27:14.250-0300] {logging_mixin.py:117} INFO - [2022-10-16T07:27:14.250-0300] {dag.py:3324} INFO - Setting next_dagrun for example_xcom_args_with_operators to None, run_after=None
[2022-10-16T07:27:14.272-0300] {processor.py:178} INFO - Processing /home/renato/Documentos/datapipeline/.env/lib/python3.10/site-packages/airflow/example_dags/example_xcomargs.py took 0.102 seconds
[2022-10-16T07:27:51.354-0300] {processor.py:156} INFO - Started process (PID=7280) to work on /home/renato/Documentos/datapipeline/.env/lib/python3.10/site-packages/airflow/example_dags/example_xcomargs.py
[2022-10-16T07:27:51.356-0300] {processor.py:758} INFO - Processing file /home/renato/Documentos/datapipeline/.env/lib/python3.10/site-packages/airflow/example_dags/example_xcomargs.py for tasks to queue
[2022-10-16T07:27:51.357-0300] {logging_mixin.py:117} INFO - [2022-10-16T07:27:51.356-0300] {dagbag.py:525} INFO - Filling up the DagBag from /home/renato/Documentos/datapipeline/.env/lib/python3.10/site-packages/airflow/example_dags/example_xcomargs.py
[2022-10-16T07:27:51.392-0300] {processor.py:768} INFO - DAG(s) dict_keys(['example_xcom_args_with_operators', 'example_xcom_args']) retrieved from /home/renato/Documentos/datapipeline/.env/lib/python3.10/site-packages/airflow/example_dags/example_xcomargs.py
[2022-10-16T07:27:51.502-0300] {logging_mixin.py:117} INFO - [2022-10-16T07:27:51.502-0300] {dag.py:2573} INFO - Sync 2 DAGs
[2022-10-16T07:27:51.573-0300] {logging_mixin.py:117} INFO - [2022-10-16T07:27:51.572-0300] {dag.py:3324} INFO - Setting next_dagrun for example_xcom_args to None, run_after=None
[2022-10-16T07:27:51.635-0300] {logging_mixin.py:117} INFO - [2022-10-16T07:27:51.635-0300] {dag.py:3324} INFO - Setting next_dagrun for example_xcom_args_with_operators to None, run_after=None
[2022-10-16T07:27:51.715-0300] {processor.py:178} INFO - Processing /home/renato/Documentos/datapipeline/.env/lib/python3.10/site-packages/airflow/example_dags/example_xcomargs.py took 0.365 seconds
[2022-10-16T07:28:30.365-0300] {processor.py:156} INFO - Started process (PID=7342) to work on /home/renato/Documentos/datapipeline/.env/lib/python3.10/site-packages/airflow/example_dags/example_xcomargs.py
[2022-10-16T07:28:30.370-0300] {processor.py:758} INFO - Processing file /home/renato/Documentos/datapipeline/.env/lib/python3.10/site-packages/airflow/example_dags/example_xcomargs.py for tasks to queue
[2022-10-16T07:28:30.371-0300] {logging_mixin.py:117} INFO - [2022-10-16T07:28:30.370-0300] {dagbag.py:525} INFO - Filling up the DagBag from /home/renato/Documentos/datapipeline/.env/lib/python3.10/site-packages/airflow/example_dags/example_xcomargs.py
[2022-10-16T07:28:30.395-0300] {processor.py:768} INFO - DAG(s) dict_keys(['example_xcom_args', 'example_xcom_args_with_operators']) retrieved from /home/renato/Documentos/datapipeline/.env/lib/python3.10/site-packages/airflow/example_dags/example_xcomargs.py
[2022-10-16T07:28:30.420-0300] {logging_mixin.py:117} INFO - [2022-10-16T07:28:30.420-0300] {dag.py:2573} INFO - Sync 2 DAGs
[2022-10-16T07:28:30.440-0300] {logging_mixin.py:117} INFO - [2022-10-16T07:28:30.440-0300] {dag.py:3324} INFO - Setting next_dagrun for example_xcom_args to None, run_after=None
[2022-10-16T07:28:30.444-0300] {logging_mixin.py:117} INFO - [2022-10-16T07:28:30.444-0300] {dag.py:3324} INFO - Setting next_dagrun for example_xcom_args_with_operators to None, run_after=None
[2022-10-16T07:28:30.468-0300] {processor.py:178} INFO - Processing /home/renato/Documentos/datapipeline/.env/lib/python3.10/site-packages/airflow/example_dags/example_xcomargs.py took 0.105 seconds
[2022-10-16T07:29:11.440-0300] {processor.py:156} INFO - Started process (PID=7425) to work on /home/renato/Documentos/datapipeline/.env/lib/python3.10/site-packages/airflow/example_dags/example_xcomargs.py
[2022-10-16T07:29:11.448-0300] {processor.py:758} INFO - Processing file /home/renato/Documentos/datapipeline/.env/lib/python3.10/site-packages/airflow/example_dags/example_xcomargs.py for tasks to queue
[2022-10-16T07:29:11.449-0300] {logging_mixin.py:117} INFO - [2022-10-16T07:29:11.448-0300] {dagbag.py:525} INFO - Filling up the DagBag from /home/renato/Documentos/datapipeline/.env/lib/python3.10/site-packages/airflow/example_dags/example_xcomargs.py
[2022-10-16T07:29:11.480-0300] {processor.py:768} INFO - DAG(s) dict_keys(['example_xcom_args_with_operators', 'example_xcom_args']) retrieved from /home/renato/Documentos/datapipeline/.env/lib/python3.10/site-packages/airflow/example_dags/example_xcomargs.py
[2022-10-16T07:29:11.522-0300] {logging_mixin.py:117} INFO - [2022-10-16T07:29:11.521-0300] {dag.py:2573} INFO - Sync 2 DAGs
[2022-10-16T07:29:11.561-0300] {logging_mixin.py:117} INFO - [2022-10-16T07:29:11.558-0300] {dag.py:3324} INFO - Setting next_dagrun for example_xcom_args to None, run_after=None
[2022-10-16T07:29:11.565-0300] {logging_mixin.py:117} INFO - [2022-10-16T07:29:11.565-0300] {dag.py:3324} INFO - Setting next_dagrun for example_xcom_args_with_operators to None, run_after=None
[2022-10-16T07:29:11.604-0300] {processor.py:178} INFO - Processing /home/renato/Documentos/datapipeline/.env/lib/python3.10/site-packages/airflow/example_dags/example_xcomargs.py took 0.166 seconds
[2022-10-16T07:29:49.234-0300] {processor.py:156} INFO - Started process (PID=7494) to work on /home/renato/Documentos/datapipeline/.env/lib/python3.10/site-packages/airflow/example_dags/example_xcomargs.py
[2022-10-16T07:29:49.235-0300] {processor.py:758} INFO - Processing file /home/renato/Documentos/datapipeline/.env/lib/python3.10/site-packages/airflow/example_dags/example_xcomargs.py for tasks to queue
[2022-10-16T07:29:49.236-0300] {logging_mixin.py:117} INFO - [2022-10-16T07:29:49.236-0300] {dagbag.py:525} INFO - Filling up the DagBag from /home/renato/Documentos/datapipeline/.env/lib/python3.10/site-packages/airflow/example_dags/example_xcomargs.py
[2022-10-16T07:29:49.257-0300] {processor.py:768} INFO - DAG(s) dict_keys(['example_xcom_args', 'example_xcom_args_with_operators']) retrieved from /home/renato/Documentos/datapipeline/.env/lib/python3.10/site-packages/airflow/example_dags/example_xcomargs.py
[2022-10-16T07:29:49.279-0300] {logging_mixin.py:117} INFO - [2022-10-16T07:29:49.279-0300] {dag.py:2573} INFO - Sync 2 DAGs
[2022-10-16T07:29:49.294-0300] {logging_mixin.py:117} INFO - [2022-10-16T07:29:49.294-0300] {dag.py:3324} INFO - Setting next_dagrun for example_xcom_args to None, run_after=None
[2022-10-16T07:29:49.296-0300] {logging_mixin.py:117} INFO - [2022-10-16T07:29:49.296-0300] {dag.py:3324} INFO - Setting next_dagrun for example_xcom_args_with_operators to None, run_after=None
[2022-10-16T07:29:49.319-0300] {processor.py:178} INFO - Processing /home/renato/Documentos/datapipeline/.env/lib/python3.10/site-packages/airflow/example_dags/example_xcomargs.py took 0.087 seconds
[2022-10-16T07:31:09.427-0300] {processor.py:156} INFO - Started process (PID=7834) to work on /home/renato/Documentos/datapipeline/.env/lib/python3.10/site-packages/airflow/example_dags/example_xcomargs.py
[2022-10-16T07:31:09.431-0300] {processor.py:758} INFO - Processing file /home/renato/Documentos/datapipeline/.env/lib/python3.10/site-packages/airflow/example_dags/example_xcomargs.py for tasks to queue
[2022-10-16T07:31:09.432-0300] {logging_mixin.py:117} INFO - [2022-10-16T07:31:09.432-0300] {dagbag.py:525} INFO - Filling up the DagBag from /home/renato/Documentos/datapipeline/.env/lib/python3.10/site-packages/airflow/example_dags/example_xcomargs.py
[2022-10-16T07:31:09.467-0300] {processor.py:768} INFO - DAG(s) dict_keys(['example_xcom_args_with_operators', 'example_xcom_args']) retrieved from /home/renato/Documentos/datapipeline/.env/lib/python3.10/site-packages/airflow/example_dags/example_xcomargs.py
[2022-10-16T07:31:09.488-0300] {logging_mixin.py:117} INFO - [2022-10-16T07:31:09.488-0300] {dag.py:2573} INFO - Sync 2 DAGs
[2022-10-16T07:31:09.503-0300] {logging_mixin.py:117} INFO - [2022-10-16T07:31:09.503-0300] {dag.py:3324} INFO - Setting next_dagrun for example_xcom_args to None, run_after=None
[2022-10-16T07:31:09.505-0300] {logging_mixin.py:117} INFO - [2022-10-16T07:31:09.505-0300] {dag.py:3324} INFO - Setting next_dagrun for example_xcom_args_with_operators to None, run_after=None
[2022-10-16T07:31:09.525-0300] {processor.py:178} INFO - Processing /home/renato/Documentos/datapipeline/.env/lib/python3.10/site-packages/airflow/example_dags/example_xcomargs.py took 0.103 seconds
[2022-10-16T08:30:37.676-0300] {processor.py:156} INFO - Started process (PID=2570) to work on /home/renato/Documentos/datapipeline/.env/lib/python3.10/site-packages/airflow/example_dags/example_xcomargs.py
[2022-10-16T08:30:37.679-0300] {processor.py:758} INFO - Processing file /home/renato/Documentos/datapipeline/.env/lib/python3.10/site-packages/airflow/example_dags/example_xcomargs.py for tasks to queue
[2022-10-16T08:30:37.680-0300] {logging_mixin.py:117} INFO - [2022-10-16T08:30:37.680-0300] {dagbag.py:525} INFO - Filling up the DagBag from /home/renato/Documentos/datapipeline/.env/lib/python3.10/site-packages/airflow/example_dags/example_xcomargs.py
[2022-10-16T08:30:37.720-0300] {processor.py:768} INFO - DAG(s) dict_keys(['example_xcom_args', 'example_xcom_args_with_operators']) retrieved from /home/renato/Documentos/datapipeline/.env/lib/python3.10/site-packages/airflow/example_dags/example_xcomargs.py
[2022-10-16T08:30:37.741-0300] {logging_mixin.py:117} INFO - [2022-10-16T08:30:37.741-0300] {dag.py:2573} INFO - Sync 2 DAGs
[2022-10-16T08:30:37.758-0300] {logging_mixin.py:117} INFO - [2022-10-16T08:30:37.757-0300] {dag.py:3324} INFO - Setting next_dagrun for example_xcom_args to None, run_after=None
[2022-10-16T08:30:37.760-0300] {logging_mixin.py:117} INFO - [2022-10-16T08:30:37.760-0300] {dag.py:3324} INFO - Setting next_dagrun for example_xcom_args_with_operators to None, run_after=None
[2022-10-16T08:30:37.781-0300] {processor.py:178} INFO - Processing /home/renato/Documentos/datapipeline/.env/lib/python3.10/site-packages/airflow/example_dags/example_xcomargs.py took 0.110 seconds
[2022-10-16T08:31:16.763-0300] {processor.py:156} INFO - Started process (PID=2629) to work on /home/renato/Documentos/datapipeline/.env/lib/python3.10/site-packages/airflow/example_dags/example_xcomargs.py
[2022-10-16T08:31:16.766-0300] {processor.py:758} INFO - Processing file /home/renato/Documentos/datapipeline/.env/lib/python3.10/site-packages/airflow/example_dags/example_xcomargs.py for tasks to queue
[2022-10-16T08:31:16.767-0300] {logging_mixin.py:117} INFO - [2022-10-16T08:31:16.767-0300] {dagbag.py:525} INFO - Filling up the DagBag from /home/renato/Documentos/datapipeline/.env/lib/python3.10/site-packages/airflow/example_dags/example_xcomargs.py
[2022-10-16T08:31:16.799-0300] {processor.py:768} INFO - DAG(s) dict_keys(['example_xcom_args', 'example_xcom_args_with_operators']) retrieved from /home/renato/Documentos/datapipeline/.env/lib/python3.10/site-packages/airflow/example_dags/example_xcomargs.py
[2022-10-16T08:31:16.824-0300] {logging_mixin.py:117} INFO - [2022-10-16T08:31:16.823-0300] {dag.py:2573} INFO - Sync 2 DAGs
[2022-10-16T08:31:16.842-0300] {logging_mixin.py:117} INFO - [2022-10-16T08:31:16.842-0300] {dag.py:3324} INFO - Setting next_dagrun for example_xcom_args to None, run_after=None
[2022-10-16T08:31:16.845-0300] {logging_mixin.py:117} INFO - [2022-10-16T08:31:16.844-0300] {dag.py:3324} INFO - Setting next_dagrun for example_xcom_args_with_operators to None, run_after=None
[2022-10-16T08:31:16.867-0300] {processor.py:178} INFO - Processing /home/renato/Documentos/datapipeline/.env/lib/python3.10/site-packages/airflow/example_dags/example_xcomargs.py took 0.109 seconds
[2022-10-16T08:31:53.535-0300] {processor.py:156} INFO - Started process (PID=2670) to work on /home/renato/Documentos/datapipeline/.env/lib/python3.10/site-packages/airflow/example_dags/example_xcomargs.py
[2022-10-16T08:31:53.538-0300] {processor.py:758} INFO - Processing file /home/renato/Documentos/datapipeline/.env/lib/python3.10/site-packages/airflow/example_dags/example_xcomargs.py for tasks to queue
[2022-10-16T08:31:53.539-0300] {logging_mixin.py:117} INFO - [2022-10-16T08:31:53.539-0300] {dagbag.py:525} INFO - Filling up the DagBag from /home/renato/Documentos/datapipeline/.env/lib/python3.10/site-packages/airflow/example_dags/example_xcomargs.py
[2022-10-16T08:31:53.564-0300] {processor.py:768} INFO - DAG(s) dict_keys(['example_xcom_args', 'example_xcom_args_with_operators']) retrieved from /home/renato/Documentos/datapipeline/.env/lib/python3.10/site-packages/airflow/example_dags/example_xcomargs.py
[2022-10-16T08:31:53.590-0300] {logging_mixin.py:117} INFO - [2022-10-16T08:31:53.590-0300] {dag.py:2573} INFO - Sync 2 DAGs
[2022-10-16T08:31:53.606-0300] {logging_mixin.py:117} INFO - [2022-10-16T08:31:53.605-0300] {dag.py:3324} INFO - Setting next_dagrun for example_xcom_args to None, run_after=None
[2022-10-16T08:31:53.608-0300] {logging_mixin.py:117} INFO - [2022-10-16T08:31:53.608-0300] {dag.py:3324} INFO - Setting next_dagrun for example_xcom_args_with_operators to None, run_after=None
[2022-10-16T08:31:53.629-0300] {processor.py:178} INFO - Processing /home/renato/Documentos/datapipeline/.env/lib/python3.10/site-packages/airflow/example_dags/example_xcomargs.py took 0.105 seconds
[2022-10-16T08:32:31.778-0300] {processor.py:156} INFO - Started process (PID=3123) to work on /home/renato/Documentos/datapipeline/.env/lib/python3.10/site-packages/airflow/example_dags/example_xcomargs.py
[2022-10-16T08:32:31.780-0300] {processor.py:758} INFO - Processing file /home/renato/Documentos/datapipeline/.env/lib/python3.10/site-packages/airflow/example_dags/example_xcomargs.py for tasks to queue
[2022-10-16T08:32:31.780-0300] {logging_mixin.py:117} INFO - [2022-10-16T08:32:31.780-0300] {dagbag.py:525} INFO - Filling up the DagBag from /home/renato/Documentos/datapipeline/.env/lib/python3.10/site-packages/airflow/example_dags/example_xcomargs.py
[2022-10-16T08:32:31.804-0300] {processor.py:768} INFO - DAG(s) dict_keys(['example_xcom_args', 'example_xcom_args_with_operators']) retrieved from /home/renato/Documentos/datapipeline/.env/lib/python3.10/site-packages/airflow/example_dags/example_xcomargs.py
[2022-10-16T08:32:31.833-0300] {logging_mixin.py:117} INFO - [2022-10-16T08:32:31.832-0300] {dag.py:2573} INFO - Sync 2 DAGs
[2022-10-16T08:32:31.852-0300] {logging_mixin.py:117} INFO - [2022-10-16T08:32:31.852-0300] {dag.py:3324} INFO - Setting next_dagrun for example_xcom_args to None, run_after=None
[2022-10-16T08:32:31.854-0300] {logging_mixin.py:117} INFO - [2022-10-16T08:32:31.854-0300] {dag.py:3324} INFO - Setting next_dagrun for example_xcom_args_with_operators to None, run_after=None
[2022-10-16T08:32:31.875-0300] {processor.py:178} INFO - Processing /home/renato/Documentos/datapipeline/.env/lib/python3.10/site-packages/airflow/example_dags/example_xcomargs.py took 0.099 seconds
[2022-10-16T08:33:09.697-0300] {processor.py:156} INFO - Started process (PID=3163) to work on /home/renato/Documentos/datapipeline/.env/lib/python3.10/site-packages/airflow/example_dags/example_xcomargs.py
[2022-10-16T08:33:09.704-0300] {processor.py:758} INFO - Processing file /home/renato/Documentos/datapipeline/.env/lib/python3.10/site-packages/airflow/example_dags/example_xcomargs.py for tasks to queue
[2022-10-16T08:33:09.705-0300] {logging_mixin.py:117} INFO - [2022-10-16T08:33:09.704-0300] {dagbag.py:525} INFO - Filling up the DagBag from /home/renato/Documentos/datapipeline/.env/lib/python3.10/site-packages/airflow/example_dags/example_xcomargs.py
[2022-10-16T08:33:09.735-0300] {processor.py:768} INFO - DAG(s) dict_keys(['example_xcom_args', 'example_xcom_args_with_operators']) retrieved from /home/renato/Documentos/datapipeline/.env/lib/python3.10/site-packages/airflow/example_dags/example_xcomargs.py
[2022-10-16T08:33:09.757-0300] {logging_mixin.py:117} INFO - [2022-10-16T08:33:09.757-0300] {dag.py:2573} INFO - Sync 2 DAGs
[2022-10-16T08:33:09.773-0300] {logging_mixin.py:117} INFO - [2022-10-16T08:33:09.773-0300] {dag.py:3324} INFO - Setting next_dagrun for example_xcom_args to None, run_after=None
[2022-10-16T08:33:09.776-0300] {logging_mixin.py:117} INFO - [2022-10-16T08:33:09.776-0300] {dag.py:3324} INFO - Setting next_dagrun for example_xcom_args_with_operators to None, run_after=None
[2022-10-16T08:33:09.798-0300] {processor.py:178} INFO - Processing /home/renato/Documentos/datapipeline/.env/lib/python3.10/site-packages/airflow/example_dags/example_xcomargs.py took 0.109 seconds
[2022-10-16T08:33:49.894-0300] {processor.py:156} INFO - Started process (PID=3205) to work on /home/renato/Documentos/datapipeline/.env/lib/python3.10/site-packages/airflow/example_dags/example_xcomargs.py
[2022-10-16T08:33:49.900-0300] {processor.py:758} INFO - Processing file /home/renato/Documentos/datapipeline/.env/lib/python3.10/site-packages/airflow/example_dags/example_xcomargs.py for tasks to queue
[2022-10-16T08:33:49.901-0300] {logging_mixin.py:117} INFO - [2022-10-16T08:33:49.901-0300] {dagbag.py:525} INFO - Filling up the DagBag from /home/renato/Documentos/datapipeline/.env/lib/python3.10/site-packages/airflow/example_dags/example_xcomargs.py
[2022-10-16T08:33:49.939-0300] {processor.py:768} INFO - DAG(s) dict_keys(['example_xcom_args', 'example_xcom_args_with_operators']) retrieved from /home/renato/Documentos/datapipeline/.env/lib/python3.10/site-packages/airflow/example_dags/example_xcomargs.py
[2022-10-16T08:33:49.964-0300] {logging_mixin.py:117} INFO - [2022-10-16T08:33:49.964-0300] {dag.py:2573} INFO - Sync 2 DAGs
[2022-10-16T08:33:49.981-0300] {logging_mixin.py:117} INFO - [2022-10-16T08:33:49.980-0300] {dag.py:3324} INFO - Setting next_dagrun for example_xcom_args to None, run_after=None
[2022-10-16T08:33:49.983-0300] {logging_mixin.py:117} INFO - [2022-10-16T08:33:49.983-0300] {dag.py:3324} INFO - Setting next_dagrun for example_xcom_args_with_operators to None, run_after=None
[2022-10-16T08:33:50.003-0300] {processor.py:178} INFO - Processing /home/renato/Documentos/datapipeline/.env/lib/python3.10/site-packages/airflow/example_dags/example_xcomargs.py took 0.115 seconds
[2022-10-16T08:35:39.321-0300] {processor.py:156} INFO - Started process (PID=3382) to work on /home/renato/Documentos/datapipeline/.env/lib/python3.10/site-packages/airflow/example_dags/example_xcomargs.py
[2022-10-16T08:35:39.327-0300] {processor.py:758} INFO - Processing file /home/renato/Documentos/datapipeline/.env/lib/python3.10/site-packages/airflow/example_dags/example_xcomargs.py for tasks to queue
[2022-10-16T08:35:39.328-0300] {logging_mixin.py:117} INFO - [2022-10-16T08:35:39.328-0300] {dagbag.py:525} INFO - Filling up the DagBag from /home/renato/Documentos/datapipeline/.env/lib/python3.10/site-packages/airflow/example_dags/example_xcomargs.py
[2022-10-16T08:35:39.354-0300] {processor.py:768} INFO - DAG(s) dict_keys(['example_xcom_args', 'example_xcom_args_with_operators']) retrieved from /home/renato/Documentos/datapipeline/.env/lib/python3.10/site-packages/airflow/example_dags/example_xcomargs.py
[2022-10-16T08:35:39.382-0300] {logging_mixin.py:117} INFO - [2022-10-16T08:35:39.382-0300] {dag.py:2573} INFO - Sync 2 DAGs
[2022-10-16T08:35:39.399-0300] {logging_mixin.py:117} INFO - [2022-10-16T08:35:39.399-0300] {dag.py:3324} INFO - Setting next_dagrun for example_xcom_args to None, run_after=None
[2022-10-16T08:35:39.402-0300] {logging_mixin.py:117} INFO - [2022-10-16T08:35:39.402-0300] {dag.py:3324} INFO - Setting next_dagrun for example_xcom_args_with_operators to None, run_after=None
[2022-10-16T08:35:39.433-0300] {processor.py:178} INFO - Processing /home/renato/Documentos/datapipeline/.env/lib/python3.10/site-packages/airflow/example_dags/example_xcomargs.py took 0.115 seconds
[2022-10-16T08:36:17.172-0300] {processor.py:156} INFO - Started process (PID=3466) to work on /home/renato/Documentos/datapipeline/.env/lib/python3.10/site-packages/airflow/example_dags/example_xcomargs.py
[2022-10-16T08:36:17.178-0300] {processor.py:758} INFO - Processing file /home/renato/Documentos/datapipeline/.env/lib/python3.10/site-packages/airflow/example_dags/example_xcomargs.py for tasks to queue
[2022-10-16T08:36:17.179-0300] {logging_mixin.py:117} INFO - [2022-10-16T08:36:17.179-0300] {dagbag.py:525} INFO - Filling up the DagBag from /home/renato/Documentos/datapipeline/.env/lib/python3.10/site-packages/airflow/example_dags/example_xcomargs.py
[2022-10-16T08:36:17.228-0300] {processor.py:768} INFO - DAG(s) dict_keys(['example_xcom_args', 'example_xcom_args_with_operators']) retrieved from /home/renato/Documentos/datapipeline/.env/lib/python3.10/site-packages/airflow/example_dags/example_xcomargs.py
[2022-10-16T08:36:17.254-0300] {logging_mixin.py:117} INFO - [2022-10-16T08:36:17.254-0300] {dag.py:2573} INFO - Sync 2 DAGs
[2022-10-16T08:36:17.274-0300] {logging_mixin.py:117} INFO - [2022-10-16T08:36:17.274-0300] {dag.py:3324} INFO - Setting next_dagrun for example_xcom_args to None, run_after=None
[2022-10-16T08:36:17.277-0300] {logging_mixin.py:117} INFO - [2022-10-16T08:36:17.277-0300] {dag.py:3324} INFO - Setting next_dagrun for example_xcom_args_with_operators to None, run_after=None
[2022-10-16T08:36:17.300-0300] {processor.py:178} INFO - Processing /home/renato/Documentos/datapipeline/.env/lib/python3.10/site-packages/airflow/example_dags/example_xcomargs.py took 0.137 seconds
