[2022-10-16T07:17:30.759-0300] {processor.py:156} INFO - Started process (PID=5862) to work on /home/renato/Documentos/datapipeline/.env/lib/python3.10/site-packages/airflow/example_dags/example_python_operator.py
[2022-10-16T07:17:30.759-0300] {processor.py:758} INFO - Processing file /home/renato/Documentos/datapipeline/.env/lib/python3.10/site-packages/airflow/example_dags/example_python_operator.py for tasks to queue
[2022-10-16T07:17:30.760-0300] {logging_mixin.py:117} INFO - [2022-10-16T07:17:30.760-0300] {dagbag.py:525} INFO - Filling up the DagBag from /home/renato/Documentos/datapipeline/.env/lib/python3.10/site-packages/airflow/example_dags/example_python_operator.py
[2022-10-16T07:17:30.784-0300] {logging_mixin.py:117} INFO - [2022-10-16T07:17:30.784-0300] {example_python_operator.py:85} WARNING - The virtalenv_python example task requires virtualenv, please install it.
[2022-10-16T07:17:30.790-0300] {processor.py:768} INFO - DAG(s) dict_keys(['example_python_operator']) retrieved from /home/renato/Documentos/datapipeline/.env/lib/python3.10/site-packages/airflow/example_dags/example_python_operator.py
[2022-10-16T07:17:30.887-0300] {logging_mixin.py:117} INFO - [2022-10-16T07:17:30.886-0300] {manager.py:507} INFO - Created Permission View: can edit on DAG:example_python_operator
[2022-10-16T07:17:30.902-0300] {logging_mixin.py:117} INFO - [2022-10-16T07:17:30.902-0300] {manager.py:507} INFO - Created Permission View: can read on DAG:example_python_operator
[2022-10-16T07:17:30.918-0300] {logging_mixin.py:117} INFO - [2022-10-16T07:17:30.917-0300] {manager.py:507} INFO - Created Permission View: can delete on DAG:example_python_operator
[2022-10-16T07:17:30.918-0300] {logging_mixin.py:117} INFO - [2022-10-16T07:17:30.918-0300] {dag.py:2573} INFO - Sync 1 DAGs
[2022-10-16T07:17:30.926-0300] {logging_mixin.py:117} INFO - [2022-10-16T07:17:30.926-0300] {dag.py:2594} INFO - Creating ORM DAG for example_python_operator
[2022-10-16T07:17:30.934-0300] {logging_mixin.py:117} INFO - [2022-10-16T07:17:30.934-0300] {dag.py:3324} INFO - Setting next_dagrun for example_python_operator to None, run_after=None
[2022-10-16T07:17:30.960-0300] {processor.py:178} INFO - Processing /home/renato/Documentos/datapipeline/.env/lib/python3.10/site-packages/airflow/example_dags/example_python_operator.py took 0.205 seconds
[2022-10-16T07:18:16.430-0300] {processor.py:156} INFO - Started process (PID=5944) to work on /home/renato/Documentos/datapipeline/.env/lib/python3.10/site-packages/airflow/example_dags/example_python_operator.py
[2022-10-16T07:18:16.432-0300] {processor.py:758} INFO - Processing file /home/renato/Documentos/datapipeline/.env/lib/python3.10/site-packages/airflow/example_dags/example_python_operator.py for tasks to queue
[2022-10-16T07:18:16.433-0300] {logging_mixin.py:117} INFO - [2022-10-16T07:18:16.433-0300] {dagbag.py:525} INFO - Filling up the DagBag from /home/renato/Documentos/datapipeline/.env/lib/python3.10/site-packages/airflow/example_dags/example_python_operator.py
[2022-10-16T07:18:16.458-0300] {logging_mixin.py:117} INFO - [2022-10-16T07:18:16.458-0300] {example_python_operator.py:85} WARNING - The virtalenv_python example task requires virtualenv, please install it.
[2022-10-16T07:18:16.464-0300] {processor.py:768} INFO - DAG(s) dict_keys(['example_python_operator']) retrieved from /home/renato/Documentos/datapipeline/.env/lib/python3.10/site-packages/airflow/example_dags/example_python_operator.py
[2022-10-16T07:18:16.485-0300] {logging_mixin.py:117} INFO - [2022-10-16T07:18:16.484-0300] {dag.py:2573} INFO - Sync 1 DAGs
[2022-10-16T07:18:16.501-0300] {logging_mixin.py:117} INFO - [2022-10-16T07:18:16.501-0300] {dag.py:3324} INFO - Setting next_dagrun for example_python_operator to None, run_after=None
[2022-10-16T07:18:16.523-0300] {processor.py:178} INFO - Processing /home/renato/Documentos/datapipeline/.env/lib/python3.10/site-packages/airflow/example_dags/example_python_operator.py took 0.097 seconds
[2022-10-16T07:18:54.365-0300] {processor.py:156} INFO - Started process (PID=6022) to work on /home/renato/Documentos/datapipeline/.env/lib/python3.10/site-packages/airflow/example_dags/example_python_operator.py
[2022-10-16T07:18:54.371-0300] {processor.py:758} INFO - Processing file /home/renato/Documentos/datapipeline/.env/lib/python3.10/site-packages/airflow/example_dags/example_python_operator.py for tasks to queue
[2022-10-16T07:18:54.371-0300] {logging_mixin.py:117} INFO - [2022-10-16T07:18:54.371-0300] {dagbag.py:525} INFO - Filling up the DagBag from /home/renato/Documentos/datapipeline/.env/lib/python3.10/site-packages/airflow/example_dags/example_python_operator.py
[2022-10-16T07:18:54.390-0300] {logging_mixin.py:117} INFO - [2022-10-16T07:18:54.390-0300] {example_python_operator.py:85} WARNING - The virtalenv_python example task requires virtualenv, please install it.
[2022-10-16T07:18:54.396-0300] {processor.py:768} INFO - DAG(s) dict_keys(['example_python_operator']) retrieved from /home/renato/Documentos/datapipeline/.env/lib/python3.10/site-packages/airflow/example_dags/example_python_operator.py
[2022-10-16T07:18:54.418-0300] {logging_mixin.py:117} INFO - [2022-10-16T07:18:54.417-0300] {dag.py:2573} INFO - Sync 1 DAGs
[2022-10-16T07:18:54.438-0300] {logging_mixin.py:117} INFO - [2022-10-16T07:18:54.438-0300] {dag.py:3324} INFO - Setting next_dagrun for example_python_operator to None, run_after=None
[2022-10-16T07:18:54.463-0300] {processor.py:178} INFO - Processing /home/renato/Documentos/datapipeline/.env/lib/python3.10/site-packages/airflow/example_dags/example_python_operator.py took 0.103 seconds
[2022-10-16T07:19:27.491-0300] {processor.py:156} INFO - Started process (PID=6083) to work on /home/renato/Documentos/datapipeline/.env/lib/python3.10/site-packages/airflow/example_dags/example_python_operator.py
[2022-10-16T07:19:27.496-0300] {processor.py:758} INFO - Processing file /home/renato/Documentos/datapipeline/.env/lib/python3.10/site-packages/airflow/example_dags/example_python_operator.py for tasks to queue
[2022-10-16T07:19:27.497-0300] {logging_mixin.py:117} INFO - [2022-10-16T07:19:27.496-0300] {dagbag.py:525} INFO - Filling up the DagBag from /home/renato/Documentos/datapipeline/.env/lib/python3.10/site-packages/airflow/example_dags/example_python_operator.py
[2022-10-16T07:19:27.516-0300] {logging_mixin.py:117} INFO - [2022-10-16T07:19:27.516-0300] {example_python_operator.py:85} WARNING - The virtalenv_python example task requires virtualenv, please install it.
[2022-10-16T07:19:27.527-0300] {processor.py:768} INFO - DAG(s) dict_keys(['example_python_operator']) retrieved from /home/renato/Documentos/datapipeline/.env/lib/python3.10/site-packages/airflow/example_dags/example_python_operator.py
[2022-10-16T07:19:27.558-0300] {logging_mixin.py:117} INFO - [2022-10-16T07:19:27.557-0300] {dag.py:2573} INFO - Sync 1 DAGs
[2022-10-16T07:19:27.580-0300] {logging_mixin.py:117} INFO - [2022-10-16T07:19:27.580-0300] {dag.py:3324} INFO - Setting next_dagrun for example_python_operator to None, run_after=None
[2022-10-16T07:19:27.604-0300] {processor.py:178} INFO - Processing /home/renato/Documentos/datapipeline/.env/lib/python3.10/site-packages/airflow/example_dags/example_python_operator.py took 0.116 seconds
[2022-10-16T07:20:04.789-0300] {processor.py:156} INFO - Started process (PID=6182) to work on /home/renato/Documentos/datapipeline/.env/lib/python3.10/site-packages/airflow/example_dags/example_python_operator.py
[2022-10-16T07:20:04.792-0300] {processor.py:758} INFO - Processing file /home/renato/Documentos/datapipeline/.env/lib/python3.10/site-packages/airflow/example_dags/example_python_operator.py for tasks to queue
[2022-10-16T07:20:04.793-0300] {logging_mixin.py:117} INFO - [2022-10-16T07:20:04.792-0300] {dagbag.py:525} INFO - Filling up the DagBag from /home/renato/Documentos/datapipeline/.env/lib/python3.10/site-packages/airflow/example_dags/example_python_operator.py
[2022-10-16T07:20:04.815-0300] {logging_mixin.py:117} INFO - [2022-10-16T07:20:04.815-0300] {example_python_operator.py:85} WARNING - The virtalenv_python example task requires virtualenv, please install it.
[2022-10-16T07:20:04.825-0300] {processor.py:768} INFO - DAG(s) dict_keys(['example_python_operator']) retrieved from /home/renato/Documentos/datapipeline/.env/lib/python3.10/site-packages/airflow/example_dags/example_python_operator.py
[2022-10-16T07:20:04.849-0300] {logging_mixin.py:117} INFO - [2022-10-16T07:20:04.848-0300] {dag.py:2573} INFO - Sync 1 DAGs
[2022-10-16T07:20:04.868-0300] {logging_mixin.py:117} INFO - [2022-10-16T07:20:04.868-0300] {dag.py:3324} INFO - Setting next_dagrun for example_python_operator to None, run_after=None
[2022-10-16T07:20:04.892-0300] {processor.py:178} INFO - Processing /home/renato/Documentos/datapipeline/.env/lib/python3.10/site-packages/airflow/example_dags/example_python_operator.py took 0.106 seconds
[2022-10-16T07:20:42.890-0300] {processor.py:156} INFO - Started process (PID=6373) to work on /home/renato/Documentos/datapipeline/.env/lib/python3.10/site-packages/airflow/example_dags/example_python_operator.py
[2022-10-16T07:20:42.891-0300] {processor.py:758} INFO - Processing file /home/renato/Documentos/datapipeline/.env/lib/python3.10/site-packages/airflow/example_dags/example_python_operator.py for tasks to queue
[2022-10-16T07:20:42.892-0300] {logging_mixin.py:117} INFO - [2022-10-16T07:20:42.892-0300] {dagbag.py:525} INFO - Filling up the DagBag from /home/renato/Documentos/datapipeline/.env/lib/python3.10/site-packages/airflow/example_dags/example_python_operator.py
[2022-10-16T07:20:42.908-0300] {logging_mixin.py:117} INFO - [2022-10-16T07:20:42.908-0300] {example_python_operator.py:85} WARNING - The virtalenv_python example task requires virtualenv, please install it.
[2022-10-16T07:20:42.913-0300] {processor.py:768} INFO - DAG(s) dict_keys(['example_python_operator']) retrieved from /home/renato/Documentos/datapipeline/.env/lib/python3.10/site-packages/airflow/example_dags/example_python_operator.py
[2022-10-16T07:20:42.938-0300] {logging_mixin.py:117} INFO - [2022-10-16T07:20:42.938-0300] {dag.py:2573} INFO - Sync 1 DAGs
[2022-10-16T07:20:42.967-0300] {logging_mixin.py:117} INFO - [2022-10-16T07:20:42.967-0300] {dag.py:3324} INFO - Setting next_dagrun for example_python_operator to None, run_after=None
[2022-10-16T07:20:43.007-0300] {processor.py:178} INFO - Processing /home/renato/Documentos/datapipeline/.env/lib/python3.10/site-packages/airflow/example_dags/example_python_operator.py took 0.120 seconds
[2022-10-16T07:21:19.599-0300] {processor.py:156} INFO - Started process (PID=6434) to work on /home/renato/Documentos/datapipeline/.env/lib/python3.10/site-packages/airflow/example_dags/example_python_operator.py
[2022-10-16T07:21:19.601-0300] {processor.py:758} INFO - Processing file /home/renato/Documentos/datapipeline/.env/lib/python3.10/site-packages/airflow/example_dags/example_python_operator.py for tasks to queue
[2022-10-16T07:21:19.602-0300] {logging_mixin.py:117} INFO - [2022-10-16T07:21:19.602-0300] {dagbag.py:525} INFO - Filling up the DagBag from /home/renato/Documentos/datapipeline/.env/lib/python3.10/site-packages/airflow/example_dags/example_python_operator.py
[2022-10-16T07:21:19.628-0300] {logging_mixin.py:117} INFO - [2022-10-16T07:21:19.628-0300] {example_python_operator.py:85} WARNING - The virtalenv_python example task requires virtualenv, please install it.
[2022-10-16T07:21:19.634-0300] {processor.py:768} INFO - DAG(s) dict_keys(['example_python_operator']) retrieved from /home/renato/Documentos/datapipeline/.env/lib/python3.10/site-packages/airflow/example_dags/example_python_operator.py
[2022-10-16T07:21:19.654-0300] {logging_mixin.py:117} INFO - [2022-10-16T07:21:19.654-0300] {dag.py:2573} INFO - Sync 1 DAGs
[2022-10-16T07:21:19.671-0300] {logging_mixin.py:117} INFO - [2022-10-16T07:21:19.671-0300] {dag.py:3324} INFO - Setting next_dagrun for example_python_operator to None, run_after=None
[2022-10-16T07:21:19.699-0300] {processor.py:178} INFO - Processing /home/renato/Documentos/datapipeline/.env/lib/python3.10/site-packages/airflow/example_dags/example_python_operator.py took 0.106 seconds
[2022-10-16T07:21:53.670-0300] {processor.py:156} INFO - Started process (PID=6498) to work on /home/renato/Documentos/datapipeline/.env/lib/python3.10/site-packages/airflow/example_dags/example_python_operator.py
[2022-10-16T07:21:53.674-0300] {processor.py:758} INFO - Processing file /home/renato/Documentos/datapipeline/.env/lib/python3.10/site-packages/airflow/example_dags/example_python_operator.py for tasks to queue
[2022-10-16T07:21:53.676-0300] {logging_mixin.py:117} INFO - [2022-10-16T07:21:53.675-0300] {dagbag.py:525} INFO - Filling up the DagBag from /home/renato/Documentos/datapipeline/.env/lib/python3.10/site-packages/airflow/example_dags/example_python_operator.py
[2022-10-16T07:21:53.710-0300] {logging_mixin.py:117} INFO - [2022-10-16T07:21:53.710-0300] {example_python_operator.py:85} WARNING - The virtalenv_python example task requires virtualenv, please install it.
[2022-10-16T07:21:53.716-0300] {processor.py:768} INFO - DAG(s) dict_keys(['example_python_operator']) retrieved from /home/renato/Documentos/datapipeline/.env/lib/python3.10/site-packages/airflow/example_dags/example_python_operator.py
[2022-10-16T07:21:53.740-0300] {logging_mixin.py:117} INFO - [2022-10-16T07:21:53.740-0300] {dag.py:2573} INFO - Sync 1 DAGs
[2022-10-16T07:21:53.756-0300] {logging_mixin.py:117} INFO - [2022-10-16T07:21:53.756-0300] {dag.py:3324} INFO - Setting next_dagrun for example_python_operator to None, run_after=None
[2022-10-16T07:21:53.784-0300] {processor.py:178} INFO - Processing /home/renato/Documentos/datapipeline/.env/lib/python3.10/site-packages/airflow/example_dags/example_python_operator.py took 0.121 seconds
[2022-10-16T07:22:30.104-0300] {processor.py:156} INFO - Started process (PID=6566) to work on /home/renato/Documentos/datapipeline/.env/lib/python3.10/site-packages/airflow/example_dags/example_python_operator.py
[2022-10-16T07:22:30.107-0300] {processor.py:758} INFO - Processing file /home/renato/Documentos/datapipeline/.env/lib/python3.10/site-packages/airflow/example_dags/example_python_operator.py for tasks to queue
[2022-10-16T07:22:30.108-0300] {logging_mixin.py:117} INFO - [2022-10-16T07:22:30.107-0300] {dagbag.py:525} INFO - Filling up the DagBag from /home/renato/Documentos/datapipeline/.env/lib/python3.10/site-packages/airflow/example_dags/example_python_operator.py
[2022-10-16T07:22:30.133-0300] {logging_mixin.py:117} INFO - [2022-10-16T07:22:30.133-0300] {example_python_operator.py:85} WARNING - The virtalenv_python example task requires virtualenv, please install it.
[2022-10-16T07:22:30.138-0300] {processor.py:768} INFO - DAG(s) dict_keys(['example_python_operator']) retrieved from /home/renato/Documentos/datapipeline/.env/lib/python3.10/site-packages/airflow/example_dags/example_python_operator.py
[2022-10-16T07:22:30.159-0300] {logging_mixin.py:117} INFO - [2022-10-16T07:22:30.159-0300] {dag.py:2573} INFO - Sync 1 DAGs
[2022-10-16T07:22:30.177-0300] {logging_mixin.py:117} INFO - [2022-10-16T07:22:30.177-0300] {dag.py:3324} INFO - Setting next_dagrun for example_python_operator to None, run_after=None
[2022-10-16T07:22:30.200-0300] {processor.py:178} INFO - Processing /home/renato/Documentos/datapipeline/.env/lib/python3.10/site-packages/airflow/example_dags/example_python_operator.py took 0.101 seconds
[2022-10-16T07:23:07.624-0300] {processor.py:156} INFO - Started process (PID=6626) to work on /home/renato/Documentos/datapipeline/.env/lib/python3.10/site-packages/airflow/example_dags/example_python_operator.py
[2022-10-16T07:23:07.625-0300] {processor.py:758} INFO - Processing file /home/renato/Documentos/datapipeline/.env/lib/python3.10/site-packages/airflow/example_dags/example_python_operator.py for tasks to queue
[2022-10-16T07:23:07.626-0300] {logging_mixin.py:117} INFO - [2022-10-16T07:23:07.625-0300] {dagbag.py:525} INFO - Filling up the DagBag from /home/renato/Documentos/datapipeline/.env/lib/python3.10/site-packages/airflow/example_dags/example_python_operator.py
[2022-10-16T07:23:07.645-0300] {logging_mixin.py:117} INFO - [2022-10-16T07:23:07.645-0300] {example_python_operator.py:85} WARNING - The virtalenv_python example task requires virtualenv, please install it.
[2022-10-16T07:23:07.651-0300] {processor.py:768} INFO - DAG(s) dict_keys(['example_python_operator']) retrieved from /home/renato/Documentos/datapipeline/.env/lib/python3.10/site-packages/airflow/example_dags/example_python_operator.py
[2022-10-16T07:23:07.673-0300] {logging_mixin.py:117} INFO - [2022-10-16T07:23:07.673-0300] {dag.py:2573} INFO - Sync 1 DAGs
[2022-10-16T07:23:07.691-0300] {logging_mixin.py:117} INFO - [2022-10-16T07:23:07.691-0300] {dag.py:3324} INFO - Setting next_dagrun for example_python_operator to None, run_after=None
[2022-10-16T07:23:07.717-0300] {processor.py:178} INFO - Processing /home/renato/Documentos/datapipeline/.env/lib/python3.10/site-packages/airflow/example_dags/example_python_operator.py took 0.096 seconds
[2022-10-16T07:23:38.897-0300] {processor.py:156} INFO - Started process (PID=6681) to work on /home/renato/Documentos/datapipeline/.env/lib/python3.10/site-packages/airflow/example_dags/example_python_operator.py
[2022-10-16T07:23:38.898-0300] {processor.py:758} INFO - Processing file /home/renato/Documentos/datapipeline/.env/lib/python3.10/site-packages/airflow/example_dags/example_python_operator.py for tasks to queue
[2022-10-16T07:23:38.900-0300] {logging_mixin.py:117} INFO - [2022-10-16T07:23:38.899-0300] {dagbag.py:525} INFO - Filling up the DagBag from /home/renato/Documentos/datapipeline/.env/lib/python3.10/site-packages/airflow/example_dags/example_python_operator.py
[2022-10-16T07:23:38.928-0300] {logging_mixin.py:117} INFO - [2022-10-16T07:23:38.927-0300] {example_python_operator.py:85} WARNING - The virtalenv_python example task requires virtualenv, please install it.
[2022-10-16T07:23:38.937-0300] {processor.py:768} INFO - DAG(s) dict_keys(['example_python_operator']) retrieved from /home/renato/Documentos/datapipeline/.env/lib/python3.10/site-packages/airflow/example_dags/example_python_operator.py
[2022-10-16T07:23:38.959-0300] {logging_mixin.py:117} INFO - [2022-10-16T07:23:38.959-0300] {dag.py:2573} INFO - Sync 1 DAGs
[2022-10-16T07:23:38.978-0300] {logging_mixin.py:117} INFO - [2022-10-16T07:23:38.978-0300] {dag.py:3324} INFO - Setting next_dagrun for example_python_operator to None, run_after=None
[2022-10-16T07:23:39.001-0300] {processor.py:178} INFO - Processing /home/renato/Documentos/datapipeline/.env/lib/python3.10/site-packages/airflow/example_dags/example_python_operator.py took 0.109 seconds
[2022-10-16T07:24:13.875-0300] {processor.py:156} INFO - Started process (PID=6746) to work on /home/renato/Documentos/datapipeline/.env/lib/python3.10/site-packages/airflow/example_dags/example_python_operator.py
[2022-10-16T07:24:13.877-0300] {processor.py:758} INFO - Processing file /home/renato/Documentos/datapipeline/.env/lib/python3.10/site-packages/airflow/example_dags/example_python_operator.py for tasks to queue
[2022-10-16T07:24:13.878-0300] {logging_mixin.py:117} INFO - [2022-10-16T07:24:13.878-0300] {dagbag.py:525} INFO - Filling up the DagBag from /home/renato/Documentos/datapipeline/.env/lib/python3.10/site-packages/airflow/example_dags/example_python_operator.py
[2022-10-16T07:24:13.898-0300] {logging_mixin.py:117} INFO - [2022-10-16T07:24:13.898-0300] {example_python_operator.py:85} WARNING - The virtalenv_python example task requires virtualenv, please install it.
[2022-10-16T07:24:13.904-0300] {processor.py:768} INFO - DAG(s) dict_keys(['example_python_operator']) retrieved from /home/renato/Documentos/datapipeline/.env/lib/python3.10/site-packages/airflow/example_dags/example_python_operator.py
[2022-10-16T07:24:13.926-0300] {logging_mixin.py:117} INFO - [2022-10-16T07:24:13.926-0300] {dag.py:2573} INFO - Sync 1 DAGs
[2022-10-16T07:24:13.943-0300] {logging_mixin.py:117} INFO - [2022-10-16T07:24:13.943-0300] {dag.py:3324} INFO - Setting next_dagrun for example_python_operator to None, run_after=None
[2022-10-16T07:24:13.970-0300] {processor.py:178} INFO - Processing /home/renato/Documentos/datapipeline/.env/lib/python3.10/site-packages/airflow/example_dags/example_python_operator.py took 0.098 seconds
[2022-10-16T07:24:45.797-0300] {processor.py:156} INFO - Started process (PID=6811) to work on /home/renato/Documentos/datapipeline/.env/lib/python3.10/site-packages/airflow/example_dags/example_python_operator.py
[2022-10-16T07:24:45.798-0300] {processor.py:758} INFO - Processing file /home/renato/Documentos/datapipeline/.env/lib/python3.10/site-packages/airflow/example_dags/example_python_operator.py for tasks to queue
[2022-10-16T07:24:45.800-0300] {logging_mixin.py:117} INFO - [2022-10-16T07:24:45.799-0300] {dagbag.py:525} INFO - Filling up the DagBag from /home/renato/Documentos/datapipeline/.env/lib/python3.10/site-packages/airflow/example_dags/example_python_operator.py
[2022-10-16T07:24:45.825-0300] {logging_mixin.py:117} INFO - [2022-10-16T07:24:45.825-0300] {example_python_operator.py:85} WARNING - The virtalenv_python example task requires virtualenv, please install it.
[2022-10-16T07:24:45.831-0300] {processor.py:768} INFO - DAG(s) dict_keys(['example_python_operator']) retrieved from /home/renato/Documentos/datapipeline/.env/lib/python3.10/site-packages/airflow/example_dags/example_python_operator.py
[2022-10-16T07:24:45.854-0300] {logging_mixin.py:117} INFO - [2022-10-16T07:24:45.853-0300] {dag.py:2573} INFO - Sync 1 DAGs
[2022-10-16T07:24:45.872-0300] {logging_mixin.py:117} INFO - [2022-10-16T07:24:45.872-0300] {dag.py:3324} INFO - Setting next_dagrun for example_python_operator to None, run_after=None
[2022-10-16T07:24:45.896-0300] {processor.py:178} INFO - Processing /home/renato/Documentos/datapipeline/.env/lib/python3.10/site-packages/airflow/example_dags/example_python_operator.py took 0.104 seconds
[2022-10-16T07:25:23.463-0300] {processor.py:156} INFO - Started process (PID=7002) to work on /home/renato/Documentos/datapipeline/.env/lib/python3.10/site-packages/airflow/example_dags/example_python_operator.py
[2022-10-16T07:25:23.466-0300] {processor.py:758} INFO - Processing file /home/renato/Documentos/datapipeline/.env/lib/python3.10/site-packages/airflow/example_dags/example_python_operator.py for tasks to queue
[2022-10-16T07:25:23.467-0300] {logging_mixin.py:117} INFO - [2022-10-16T07:25:23.467-0300] {dagbag.py:525} INFO - Filling up the DagBag from /home/renato/Documentos/datapipeline/.env/lib/python3.10/site-packages/airflow/example_dags/example_python_operator.py
[2022-10-16T07:25:23.485-0300] {logging_mixin.py:117} INFO - [2022-10-16T07:25:23.485-0300] {example_python_operator.py:85} WARNING - The virtalenv_python example task requires virtualenv, please install it.
[2022-10-16T07:25:23.491-0300] {processor.py:768} INFO - DAG(s) dict_keys(['example_python_operator']) retrieved from /home/renato/Documentos/datapipeline/.env/lib/python3.10/site-packages/airflow/example_dags/example_python_operator.py
[2022-10-16T07:25:23.513-0300] {logging_mixin.py:117} INFO - [2022-10-16T07:25:23.513-0300] {dag.py:2573} INFO - Sync 1 DAGs
[2022-10-16T07:25:23.529-0300] {logging_mixin.py:117} INFO - [2022-10-16T07:25:23.529-0300] {dag.py:3324} INFO - Setting next_dagrun for example_python_operator to None, run_after=None
[2022-10-16T07:25:23.551-0300] {processor.py:178} INFO - Processing /home/renato/Documentos/datapipeline/.env/lib/python3.10/site-packages/airflow/example_dags/example_python_operator.py took 0.092 seconds
[2022-10-16T07:25:59.833-0300] {processor.py:156} INFO - Started process (PID=7062) to work on /home/renato/Documentos/datapipeline/.env/lib/python3.10/site-packages/airflow/example_dags/example_python_operator.py
[2022-10-16T07:25:59.844-0300] {processor.py:758} INFO - Processing file /home/renato/Documentos/datapipeline/.env/lib/python3.10/site-packages/airflow/example_dags/example_python_operator.py for tasks to queue
[2022-10-16T07:25:59.845-0300] {logging_mixin.py:117} INFO - [2022-10-16T07:25:59.845-0300] {dagbag.py:525} INFO - Filling up the DagBag from /home/renato/Documentos/datapipeline/.env/lib/python3.10/site-packages/airflow/example_dags/example_python_operator.py
[2022-10-16T07:25:59.875-0300] {logging_mixin.py:117} INFO - [2022-10-16T07:25:59.874-0300] {example_python_operator.py:85} WARNING - The virtalenv_python example task requires virtualenv, please install it.
[2022-10-16T07:25:59.882-0300] {processor.py:768} INFO - DAG(s) dict_keys(['example_python_operator']) retrieved from /home/renato/Documentos/datapipeline/.env/lib/python3.10/site-packages/airflow/example_dags/example_python_operator.py
[2022-10-16T07:25:59.904-0300] {logging_mixin.py:117} INFO - [2022-10-16T07:25:59.904-0300] {dag.py:2573} INFO - Sync 1 DAGs
[2022-10-16T07:25:59.920-0300] {logging_mixin.py:117} INFO - [2022-10-16T07:25:59.920-0300] {dag.py:3324} INFO - Setting next_dagrun for example_python_operator to None, run_after=None
[2022-10-16T07:25:59.971-0300] {processor.py:178} INFO - Processing /home/renato/Documentos/datapipeline/.env/lib/python3.10/site-packages/airflow/example_dags/example_python_operator.py took 0.144 seconds
[2022-10-16T07:26:35.389-0300] {processor.py:156} INFO - Started process (PID=7142) to work on /home/renato/Documentos/datapipeline/.env/lib/python3.10/site-packages/airflow/example_dags/example_python_operator.py
[2022-10-16T07:26:35.776-0300] {processor.py:758} INFO - Processing file /home/renato/Documentos/datapipeline/.env/lib/python3.10/site-packages/airflow/example_dags/example_python_operator.py for tasks to queue
[2022-10-16T07:26:35.778-0300] {logging_mixin.py:117} INFO - [2022-10-16T07:26:35.777-0300] {dagbag.py:525} INFO - Filling up the DagBag from /home/renato/Documentos/datapipeline/.env/lib/python3.10/site-packages/airflow/example_dags/example_python_operator.py
[2022-10-16T07:26:35.818-0300] {logging_mixin.py:117} INFO - [2022-10-16T07:26:35.818-0300] {example_python_operator.py:85} WARNING - The virtalenv_python example task requires virtualenv, please install it.
[2022-10-16T07:26:35.829-0300] {processor.py:768} INFO - DAG(s) dict_keys(['example_python_operator']) retrieved from /home/renato/Documentos/datapipeline/.env/lib/python3.10/site-packages/airflow/example_dags/example_python_operator.py
[2022-10-16T07:26:35.855-0300] {logging_mixin.py:117} INFO - [2022-10-16T07:26:35.855-0300] {dag.py:2573} INFO - Sync 1 DAGs
[2022-10-16T07:26:35.871-0300] {logging_mixin.py:117} INFO - [2022-10-16T07:26:35.871-0300] {dag.py:3324} INFO - Setting next_dagrun for example_python_operator to None, run_after=None
[2022-10-16T07:26:36.099-0300] {processor.py:178} INFO - Processing /home/renato/Documentos/datapipeline/.env/lib/python3.10/site-packages/airflow/example_dags/example_python_operator.py took 0.712 seconds
[2022-10-16T07:27:07.749-0300] {processor.py:156} INFO - Started process (PID=7201) to work on /home/renato/Documentos/datapipeline/.env/lib/python3.10/site-packages/airflow/example_dags/example_python_operator.py
[2022-10-16T07:27:07.750-0300] {processor.py:758} INFO - Processing file /home/renato/Documentos/datapipeline/.env/lib/python3.10/site-packages/airflow/example_dags/example_python_operator.py for tasks to queue
[2022-10-16T07:27:07.751-0300] {logging_mixin.py:117} INFO - [2022-10-16T07:27:07.750-0300] {dagbag.py:525} INFO - Filling up the DagBag from /home/renato/Documentos/datapipeline/.env/lib/python3.10/site-packages/airflow/example_dags/example_python_operator.py
[2022-10-16T07:27:07.771-0300] {logging_mixin.py:117} INFO - [2022-10-16T07:27:07.771-0300] {example_python_operator.py:85} WARNING - The virtalenv_python example task requires virtualenv, please install it.
[2022-10-16T07:27:07.785-0300] {processor.py:768} INFO - DAG(s) dict_keys(['example_python_operator']) retrieved from /home/renato/Documentos/datapipeline/.env/lib/python3.10/site-packages/airflow/example_dags/example_python_operator.py
[2022-10-16T07:27:07.813-0300] {logging_mixin.py:117} INFO - [2022-10-16T07:27:07.813-0300] {dag.py:2573} INFO - Sync 1 DAGs
[2022-10-16T07:27:07.831-0300] {logging_mixin.py:117} INFO - [2022-10-16T07:27:07.831-0300] {dag.py:3324} INFO - Setting next_dagrun for example_python_operator to None, run_after=None
[2022-10-16T07:27:07.854-0300] {processor.py:178} INFO - Processing /home/renato/Documentos/datapipeline/.env/lib/python3.10/site-packages/airflow/example_dags/example_python_operator.py took 0.108 seconds
[2022-10-16T07:27:43.209-0300] {processor.py:156} INFO - Started process (PID=7258) to work on /home/renato/Documentos/datapipeline/.env/lib/python3.10/site-packages/airflow/example_dags/example_python_operator.py
[2022-10-16T07:27:43.213-0300] {processor.py:758} INFO - Processing file /home/renato/Documentos/datapipeline/.env/lib/python3.10/site-packages/airflow/example_dags/example_python_operator.py for tasks to queue
[2022-10-16T07:27:43.214-0300] {logging_mixin.py:117} INFO - [2022-10-16T07:27:43.214-0300] {dagbag.py:525} INFO - Filling up the DagBag from /home/renato/Documentos/datapipeline/.env/lib/python3.10/site-packages/airflow/example_dags/example_python_operator.py
[2022-10-16T07:27:43.260-0300] {logging_mixin.py:117} INFO - [2022-10-16T07:27:43.260-0300] {example_python_operator.py:85} WARNING - The virtalenv_python example task requires virtualenv, please install it.
[2022-10-16T07:27:43.268-0300] {processor.py:768} INFO - DAG(s) dict_keys(['example_python_operator']) retrieved from /home/renato/Documentos/datapipeline/.env/lib/python3.10/site-packages/airflow/example_dags/example_python_operator.py
[2022-10-16T07:27:43.289-0300] {logging_mixin.py:117} INFO - [2022-10-16T07:27:43.289-0300] {dag.py:2573} INFO - Sync 1 DAGs
[2022-10-16T07:27:43.305-0300] {logging_mixin.py:117} INFO - [2022-10-16T07:27:43.305-0300] {dag.py:3324} INFO - Setting next_dagrun for example_python_operator to None, run_after=None
[2022-10-16T07:27:43.369-0300] {processor.py:178} INFO - Processing /home/renato/Documentos/datapipeline/.env/lib/python3.10/site-packages/airflow/example_dags/example_python_operator.py took 0.167 seconds
[2022-10-16T07:28:23.969-0300] {processor.py:156} INFO - Started process (PID=7336) to work on /home/renato/Documentos/datapipeline/.env/lib/python3.10/site-packages/airflow/example_dags/example_python_operator.py
[2022-10-16T07:28:23.974-0300] {processor.py:758} INFO - Processing file /home/renato/Documentos/datapipeline/.env/lib/python3.10/site-packages/airflow/example_dags/example_python_operator.py for tasks to queue
[2022-10-16T07:28:23.974-0300] {logging_mixin.py:117} INFO - [2022-10-16T07:28:23.974-0300] {dagbag.py:525} INFO - Filling up the DagBag from /home/renato/Documentos/datapipeline/.env/lib/python3.10/site-packages/airflow/example_dags/example_python_operator.py
[2022-10-16T07:28:23.992-0300] {logging_mixin.py:117} INFO - [2022-10-16T07:28:23.992-0300] {example_python_operator.py:85} WARNING - The virtalenv_python example task requires virtualenv, please install it.
[2022-10-16T07:28:23.998-0300] {processor.py:768} INFO - DAG(s) dict_keys(['example_python_operator']) retrieved from /home/renato/Documentos/datapipeline/.env/lib/python3.10/site-packages/airflow/example_dags/example_python_operator.py
[2022-10-16T07:28:24.020-0300] {logging_mixin.py:117} INFO - [2022-10-16T07:28:24.020-0300] {dag.py:2573} INFO - Sync 1 DAGs
[2022-10-16T07:28:24.039-0300] {logging_mixin.py:117} INFO - [2022-10-16T07:28:24.039-0300] {dag.py:3324} INFO - Setting next_dagrun for example_python_operator to None, run_after=None
[2022-10-16T07:28:24.064-0300] {processor.py:178} INFO - Processing /home/renato/Documentos/datapipeline/.env/lib/python3.10/site-packages/airflow/example_dags/example_python_operator.py took 0.098 seconds
[2022-10-16T07:28:59.156-0300] {processor.py:156} INFO - Started process (PID=7404) to work on /home/renato/Documentos/datapipeline/.env/lib/python3.10/site-packages/airflow/example_dags/example_python_operator.py
[2022-10-16T07:28:59.161-0300] {processor.py:758} INFO - Processing file /home/renato/Documentos/datapipeline/.env/lib/python3.10/site-packages/airflow/example_dags/example_python_operator.py for tasks to queue
[2022-10-16T07:28:59.162-0300] {logging_mixin.py:117} INFO - [2022-10-16T07:28:59.162-0300] {dagbag.py:525} INFO - Filling up the DagBag from /home/renato/Documentos/datapipeline/.env/lib/python3.10/site-packages/airflow/example_dags/example_python_operator.py
[2022-10-16T07:28:59.179-0300] {logging_mixin.py:117} INFO - [2022-10-16T07:28:59.179-0300] {example_python_operator.py:85} WARNING - The virtalenv_python example task requires virtualenv, please install it.
[2022-10-16T07:28:59.186-0300] {processor.py:768} INFO - DAG(s) dict_keys(['example_python_operator']) retrieved from /home/renato/Documentos/datapipeline/.env/lib/python3.10/site-packages/airflow/example_dags/example_python_operator.py
[2022-10-16T07:28:59.272-0300] {logging_mixin.py:117} INFO - [2022-10-16T07:28:59.272-0300] {dag.py:2573} INFO - Sync 1 DAGs
[2022-10-16T07:28:59.303-0300] {logging_mixin.py:117} INFO - [2022-10-16T07:28:59.302-0300] {dag.py:3324} INFO - Setting next_dagrun for example_python_operator to None, run_after=None
[2022-10-16T07:28:59.439-0300] {processor.py:178} INFO - Processing /home/renato/Documentos/datapipeline/.env/lib/python3.10/site-packages/airflow/example_dags/example_python_operator.py took 0.286 seconds
[2022-10-16T07:29:38.862-0300] {processor.py:156} INFO - Started process (PID=7475) to work on /home/renato/Documentos/datapipeline/.env/lib/python3.10/site-packages/airflow/example_dags/example_python_operator.py
[2022-10-16T07:29:38.865-0300] {processor.py:758} INFO - Processing file /home/renato/Documentos/datapipeline/.env/lib/python3.10/site-packages/airflow/example_dags/example_python_operator.py for tasks to queue
[2022-10-16T07:29:38.865-0300] {logging_mixin.py:117} INFO - [2022-10-16T07:29:38.865-0300] {dagbag.py:525} INFO - Filling up the DagBag from /home/renato/Documentos/datapipeline/.env/lib/python3.10/site-packages/airflow/example_dags/example_python_operator.py
[2022-10-16T07:29:38.890-0300] {logging_mixin.py:117} INFO - [2022-10-16T07:29:38.889-0300] {example_python_operator.py:85} WARNING - The virtalenv_python example task requires virtualenv, please install it.
[2022-10-16T07:29:38.895-0300] {processor.py:768} INFO - DAG(s) dict_keys(['example_python_operator']) retrieved from /home/renato/Documentos/datapipeline/.env/lib/python3.10/site-packages/airflow/example_dags/example_python_operator.py
[2022-10-16T07:29:38.916-0300] {logging_mixin.py:117} INFO - [2022-10-16T07:29:38.916-0300] {dag.py:2573} INFO - Sync 1 DAGs
[2022-10-16T07:29:38.931-0300] {logging_mixin.py:117} INFO - [2022-10-16T07:29:38.930-0300] {dag.py:3324} INFO - Setting next_dagrun for example_python_operator to None, run_after=None
[2022-10-16T07:29:38.955-0300] {processor.py:178} INFO - Processing /home/renato/Documentos/datapipeline/.env/lib/python3.10/site-packages/airflow/example_dags/example_python_operator.py took 0.097 seconds
[2022-10-16T07:31:00.644-0300] {processor.py:156} INFO - Started process (PID=7817) to work on /home/renato/Documentos/datapipeline/.env/lib/python3.10/site-packages/airflow/example_dags/example_python_operator.py
[2022-10-16T07:31:00.645-0300] {processor.py:758} INFO - Processing file /home/renato/Documentos/datapipeline/.env/lib/python3.10/site-packages/airflow/example_dags/example_python_operator.py for tasks to queue
[2022-10-16T07:31:00.646-0300] {logging_mixin.py:117} INFO - [2022-10-16T07:31:00.646-0300] {dagbag.py:525} INFO - Filling up the DagBag from /home/renato/Documentos/datapipeline/.env/lib/python3.10/site-packages/airflow/example_dags/example_python_operator.py
[2022-10-16T07:31:00.664-0300] {logging_mixin.py:117} INFO - [2022-10-16T07:31:00.664-0300] {example_python_operator.py:85} WARNING - The virtalenv_python example task requires virtualenv, please install it.
[2022-10-16T07:31:00.671-0300] {processor.py:768} INFO - DAG(s) dict_keys(['example_python_operator']) retrieved from /home/renato/Documentos/datapipeline/.env/lib/python3.10/site-packages/airflow/example_dags/example_python_operator.py
[2022-10-16T07:31:00.693-0300] {logging_mixin.py:117} INFO - [2022-10-16T07:31:00.693-0300] {dag.py:2573} INFO - Sync 1 DAGs
[2022-10-16T07:31:00.712-0300] {logging_mixin.py:117} INFO - [2022-10-16T07:31:00.712-0300] {dag.py:3324} INFO - Setting next_dagrun for example_python_operator to None, run_after=None
[2022-10-16T07:31:00.759-0300] {processor.py:178} INFO - Processing /home/renato/Documentos/datapipeline/.env/lib/python3.10/site-packages/airflow/example_dags/example_python_operator.py took 0.119 seconds
[2022-10-16T07:31:57.902-0300] {processor.py:156} INFO - Started process (PID=7945) to work on /home/renato/Documentos/datapipeline/.env/lib/python3.10/site-packages/airflow/example_dags/example_python_operator.py
[2022-10-16T07:31:57.910-0300] {processor.py:758} INFO - Processing file /home/renato/Documentos/datapipeline/.env/lib/python3.10/site-packages/airflow/example_dags/example_python_operator.py for tasks to queue
[2022-10-16T07:31:57.910-0300] {logging_mixin.py:117} INFO - [2022-10-16T07:31:57.910-0300] {dagbag.py:525} INFO - Filling up the DagBag from /home/renato/Documentos/datapipeline/.env/lib/python3.10/site-packages/airflow/example_dags/example_python_operator.py
[2022-10-16T07:31:57.928-0300] {logging_mixin.py:117} INFO - [2022-10-16T07:31:57.928-0300] {example_python_operator.py:85} WARNING - The virtalenv_python example task requires virtualenv, please install it.
[2022-10-16T07:31:57.933-0300] {processor.py:768} INFO - DAG(s) dict_keys(['example_python_operator']) retrieved from /home/renato/Documentos/datapipeline/.env/lib/python3.10/site-packages/airflow/example_dags/example_python_operator.py
[2022-10-16T07:31:57.954-0300] {logging_mixin.py:117} INFO - [2022-10-16T07:31:57.954-0300] {dag.py:2573} INFO - Sync 1 DAGs
[2022-10-16T07:31:57.972-0300] {logging_mixin.py:117} INFO - [2022-10-16T07:31:57.972-0300] {dag.py:3324} INFO - Setting next_dagrun for example_python_operator to None, run_after=None
[2022-10-16T07:31:57.994-0300] {processor.py:178} INFO - Processing /home/renato/Documentos/datapipeline/.env/lib/python3.10/site-packages/airflow/example_dags/example_python_operator.py took 0.094 seconds
