[2022-10-16T07:18:08.712-0300] {processor.py:156} INFO - Started process (PID=5931) to work on /home/renato/Documentos/datapipeline/.env/lib/python3.10/site-packages/airflow/example_dags/example_branch_datetime_operator.py
[2022-10-16T07:18:08.713-0300] {processor.py:758} INFO - Processing file /home/renato/Documentos/datapipeline/.env/lib/python3.10/site-packages/airflow/example_dags/example_branch_datetime_operator.py for tasks to queue
[2022-10-16T07:18:08.714-0300] {logging_mixin.py:117} INFO - [2022-10-16T07:18:08.714-0300] {dagbag.py:525} INFO - Filling up the DagBag from /home/renato/Documentos/datapipeline/.env/lib/python3.10/site-packages/airflow/example_dags/example_branch_datetime_operator.py
[2022-10-16T07:18:08.736-0300] {processor.py:768} INFO - DAG(s) dict_keys(['example_branch_datetime_operator_3', 'example_branch_datetime_operator', 'example_branch_datetime_operator_2']) retrieved from /home/renato/Documentos/datapipeline/.env/lib/python3.10/site-packages/airflow/example_dags/example_branch_datetime_operator.py
[2022-10-16T07:18:08.833-0300] {logging_mixin.py:117} INFO - [2022-10-16T07:18:08.833-0300] {manager.py:507} INFO - Created Permission View: can edit on DAG:example_branch_datetime_operator_3
[2022-10-16T07:18:08.846-0300] {logging_mixin.py:117} INFO - [2022-10-16T07:18:08.846-0300] {manager.py:507} INFO - Created Permission View: can read on DAG:example_branch_datetime_operator_3
[2022-10-16T07:18:08.861-0300] {logging_mixin.py:117} INFO - [2022-10-16T07:18:08.861-0300] {manager.py:507} INFO - Created Permission View: can delete on DAG:example_branch_datetime_operator_3
[2022-10-16T07:18:08.893-0300] {logging_mixin.py:117} INFO - [2022-10-16T07:18:08.893-0300] {manager.py:507} INFO - Created Permission View: can edit on DAG:example_branch_datetime_operator
[2022-10-16T07:18:08.905-0300] {logging_mixin.py:117} INFO - [2022-10-16T07:18:08.905-0300] {manager.py:507} INFO - Created Permission View: can read on DAG:example_branch_datetime_operator
[2022-10-16T07:18:08.919-0300] {logging_mixin.py:117} INFO - [2022-10-16T07:18:08.919-0300] {manager.py:507} INFO - Created Permission View: can delete on DAG:example_branch_datetime_operator
[2022-10-16T07:18:08.953-0300] {logging_mixin.py:117} INFO - [2022-10-16T07:18:08.953-0300] {manager.py:507} INFO - Created Permission View: can edit on DAG:example_branch_datetime_operator_2
[2022-10-16T07:18:08.967-0300] {logging_mixin.py:117} INFO - [2022-10-16T07:18:08.966-0300] {manager.py:507} INFO - Created Permission View: can read on DAG:example_branch_datetime_operator_2
[2022-10-16T07:18:08.987-0300] {logging_mixin.py:117} INFO - [2022-10-16T07:18:08.986-0300] {manager.py:507} INFO - Created Permission View: can delete on DAG:example_branch_datetime_operator_2
[2022-10-16T07:18:08.987-0300] {logging_mixin.py:117} INFO - [2022-10-16T07:18:08.987-0300] {dag.py:2573} INFO - Sync 3 DAGs
[2022-10-16T07:18:08.997-0300] {logging_mixin.py:117} INFO - [2022-10-16T07:18:08.997-0300] {dag.py:2594} INFO - Creating ORM DAG for example_branch_datetime_operator_3
[2022-10-16T07:18:08.997-0300] {logging_mixin.py:117} INFO - [2022-10-16T07:18:08.997-0300] {dag.py:2594} INFO - Creating ORM DAG for example_branch_datetime_operator_2
[2022-10-16T07:18:08.998-0300] {logging_mixin.py:117} INFO - [2022-10-16T07:18:08.998-0300] {dag.py:2594} INFO - Creating ORM DAG for example_branch_datetime_operator
[2022-10-16T07:18:09.007-0300] {logging_mixin.py:117} INFO - [2022-10-16T07:18:09.007-0300] {dag.py:3324} INFO - Setting next_dagrun for example_branch_datetime_operator to 2022-10-15T00:00:00+00:00, run_after=2022-10-16T00:00:00+00:00
[2022-10-16T07:18:09.009-0300] {logging_mixin.py:117} INFO - [2022-10-16T07:18:09.009-0300] {dag.py:3324} INFO - Setting next_dagrun for example_branch_datetime_operator_2 to 2022-10-15T00:00:00+00:00, run_after=2022-10-16T00:00:00+00:00
[2022-10-16T07:18:09.011-0300] {logging_mixin.py:117} INFO - [2022-10-16T07:18:09.011-0300] {dag.py:3324} INFO - Setting next_dagrun for example_branch_datetime_operator_3 to 2022-10-15T00:00:00+00:00, run_after=2022-10-16T00:00:00+00:00
[2022-10-16T07:18:09.044-0300] {processor.py:178} INFO - Processing /home/renato/Documentos/datapipeline/.env/lib/python3.10/site-packages/airflow/example_dags/example_branch_datetime_operator.py took 0.335 seconds
[2022-10-16T07:18:51.879-0300] {processor.py:156} INFO - Started process (PID=6013) to work on /home/renato/Documentos/datapipeline/.env/lib/python3.10/site-packages/airflow/example_dags/example_branch_datetime_operator.py
[2022-10-16T07:18:51.882-0300] {processor.py:758} INFO - Processing file /home/renato/Documentos/datapipeline/.env/lib/python3.10/site-packages/airflow/example_dags/example_branch_datetime_operator.py for tasks to queue
[2022-10-16T07:18:51.883-0300] {logging_mixin.py:117} INFO - [2022-10-16T07:18:51.883-0300] {dagbag.py:525} INFO - Filling up the DagBag from /home/renato/Documentos/datapipeline/.env/lib/python3.10/site-packages/airflow/example_dags/example_branch_datetime_operator.py
[2022-10-16T07:18:51.909-0300] {processor.py:768} INFO - DAG(s) dict_keys(['example_branch_datetime_operator', 'example_branch_datetime_operator_2', 'example_branch_datetime_operator_3']) retrieved from /home/renato/Documentos/datapipeline/.env/lib/python3.10/site-packages/airflow/example_dags/example_branch_datetime_operator.py
[2022-10-16T07:18:51.934-0300] {logging_mixin.py:117} INFO - [2022-10-16T07:18:51.933-0300] {dag.py:2573} INFO - Sync 3 DAGs
[2022-10-16T07:18:51.952-0300] {logging_mixin.py:117} INFO - [2022-10-16T07:18:51.952-0300] {dag.py:3324} INFO - Setting next_dagrun for example_branch_datetime_operator to 2022-10-15T00:00:00+00:00, run_after=2022-10-16T00:00:00+00:00
[2022-10-16T07:18:51.956-0300] {logging_mixin.py:117} INFO - [2022-10-16T07:18:51.956-0300] {dag.py:3324} INFO - Setting next_dagrun for example_branch_datetime_operator_2 to 2022-10-15T00:00:00+00:00, run_after=2022-10-16T00:00:00+00:00
[2022-10-16T07:18:51.957-0300] {logging_mixin.py:117} INFO - [2022-10-16T07:18:51.957-0300] {dag.py:3324} INFO - Setting next_dagrun for example_branch_datetime_operator_3 to 2022-10-15T00:00:00+00:00, run_after=2022-10-16T00:00:00+00:00
[2022-10-16T07:18:51.985-0300] {processor.py:178} INFO - Processing /home/renato/Documentos/datapipeline/.env/lib/python3.10/site-packages/airflow/example_dags/example_branch_datetime_operator.py took 0.117 seconds
[2022-10-16T07:19:30.602-0300] {processor.py:156} INFO - Started process (PID=6086) to work on /home/renato/Documentos/datapipeline/.env/lib/python3.10/site-packages/airflow/example_dags/example_branch_datetime_operator.py
[2022-10-16T07:19:30.607-0300] {processor.py:758} INFO - Processing file /home/renato/Documentos/datapipeline/.env/lib/python3.10/site-packages/airflow/example_dags/example_branch_datetime_operator.py for tasks to queue
[2022-10-16T07:19:30.609-0300] {logging_mixin.py:117} INFO - [2022-10-16T07:19:30.608-0300] {dagbag.py:525} INFO - Filling up the DagBag from /home/renato/Documentos/datapipeline/.env/lib/python3.10/site-packages/airflow/example_dags/example_branch_datetime_operator.py
[2022-10-16T07:19:30.627-0300] {processor.py:768} INFO - DAG(s) dict_keys(['example_branch_datetime_operator', 'example_branch_datetime_operator_3', 'example_branch_datetime_operator_2']) retrieved from /home/renato/Documentos/datapipeline/.env/lib/python3.10/site-packages/airflow/example_dags/example_branch_datetime_operator.py
[2022-10-16T07:19:30.653-0300] {logging_mixin.py:117} INFO - [2022-10-16T07:19:30.653-0300] {dag.py:2573} INFO - Sync 3 DAGs
[2022-10-16T07:19:30.671-0300] {logging_mixin.py:117} INFO - [2022-10-16T07:19:30.671-0300] {dag.py:3324} INFO - Setting next_dagrun for example_branch_datetime_operator to 2022-10-15T00:00:00+00:00, run_after=2022-10-16T00:00:00+00:00
[2022-10-16T07:19:30.675-0300] {logging_mixin.py:117} INFO - [2022-10-16T07:19:30.675-0300] {dag.py:3324} INFO - Setting next_dagrun for example_branch_datetime_operator_2 to 2022-10-15T00:00:00+00:00, run_after=2022-10-16T00:00:00+00:00
[2022-10-16T07:19:30.678-0300] {logging_mixin.py:117} INFO - [2022-10-16T07:19:30.678-0300] {dag.py:3324} INFO - Setting next_dagrun for example_branch_datetime_operator_3 to 2022-10-15T00:00:00+00:00, run_after=2022-10-16T00:00:00+00:00
[2022-10-16T07:19:30.699-0300] {processor.py:178} INFO - Processing /home/renato/Documentos/datapipeline/.env/lib/python3.10/site-packages/airflow/example_dags/example_branch_datetime_operator.py took 0.103 seconds
[2022-10-16T07:20:07.666-0300] {processor.py:156} INFO - Started process (PID=6185) to work on /home/renato/Documentos/datapipeline/.env/lib/python3.10/site-packages/airflow/example_dags/example_branch_datetime_operator.py
[2022-10-16T07:20:07.669-0300] {processor.py:758} INFO - Processing file /home/renato/Documentos/datapipeline/.env/lib/python3.10/site-packages/airflow/example_dags/example_branch_datetime_operator.py for tasks to queue
[2022-10-16T07:20:07.671-0300] {logging_mixin.py:117} INFO - [2022-10-16T07:20:07.670-0300] {dagbag.py:525} INFO - Filling up the DagBag from /home/renato/Documentos/datapipeline/.env/lib/python3.10/site-packages/airflow/example_dags/example_branch_datetime_operator.py
[2022-10-16T07:20:07.701-0300] {processor.py:768} INFO - DAG(s) dict_keys(['example_branch_datetime_operator', 'example_branch_datetime_operator_2', 'example_branch_datetime_operator_3']) retrieved from /home/renato/Documentos/datapipeline/.env/lib/python3.10/site-packages/airflow/example_dags/example_branch_datetime_operator.py
[2022-10-16T07:20:07.728-0300] {logging_mixin.py:117} INFO - [2022-10-16T07:20:07.728-0300] {dag.py:2573} INFO - Sync 3 DAGs
[2022-10-16T07:20:07.746-0300] {logging_mixin.py:117} INFO - [2022-10-16T07:20:07.745-0300] {dag.py:3324} INFO - Setting next_dagrun for example_branch_datetime_operator to 2022-10-15T00:00:00+00:00, run_after=2022-10-16T00:00:00+00:00
[2022-10-16T07:20:07.750-0300] {logging_mixin.py:117} INFO - [2022-10-16T07:20:07.749-0300] {dag.py:3324} INFO - Setting next_dagrun for example_branch_datetime_operator_2 to 2022-10-15T00:00:00+00:00, run_after=2022-10-16T00:00:00+00:00
[2022-10-16T07:20:07.751-0300] {logging_mixin.py:117} INFO - [2022-10-16T07:20:07.751-0300] {dag.py:3324} INFO - Setting next_dagrun for example_branch_datetime_operator_3 to 2022-10-15T00:00:00+00:00, run_after=2022-10-16T00:00:00+00:00
[2022-10-16T07:20:07.771-0300] {processor.py:178} INFO - Processing /home/renato/Documentos/datapipeline/.env/lib/python3.10/site-packages/airflow/example_dags/example_branch_datetime_operator.py took 0.111 seconds
[2022-10-16T07:20:47.426-0300] {processor.py:156} INFO - Started process (PID=6378) to work on /home/renato/Documentos/datapipeline/.env/lib/python3.10/site-packages/airflow/example_dags/example_branch_datetime_operator.py
[2022-10-16T07:20:47.429-0300] {processor.py:758} INFO - Processing file /home/renato/Documentos/datapipeline/.env/lib/python3.10/site-packages/airflow/example_dags/example_branch_datetime_operator.py for tasks to queue
[2022-10-16T07:20:47.431-0300] {logging_mixin.py:117} INFO - [2022-10-16T07:20:47.430-0300] {dagbag.py:525} INFO - Filling up the DagBag from /home/renato/Documentos/datapipeline/.env/lib/python3.10/site-packages/airflow/example_dags/example_branch_datetime_operator.py
[2022-10-16T07:20:47.452-0300] {processor.py:768} INFO - DAG(s) dict_keys(['example_branch_datetime_operator_3', 'example_branch_datetime_operator_2', 'example_branch_datetime_operator']) retrieved from /home/renato/Documentos/datapipeline/.env/lib/python3.10/site-packages/airflow/example_dags/example_branch_datetime_operator.py
[2022-10-16T07:20:47.477-0300] {logging_mixin.py:117} INFO - [2022-10-16T07:20:47.477-0300] {dag.py:2573} INFO - Sync 3 DAGs
[2022-10-16T07:20:47.495-0300] {logging_mixin.py:117} INFO - [2022-10-16T07:20:47.494-0300] {dag.py:3324} INFO - Setting next_dagrun for example_branch_datetime_operator to 2022-10-15T00:00:00+00:00, run_after=2022-10-16T00:00:00+00:00
[2022-10-16T07:20:47.498-0300] {logging_mixin.py:117} INFO - [2022-10-16T07:20:47.498-0300] {dag.py:3324} INFO - Setting next_dagrun for example_branch_datetime_operator_2 to 2022-10-15T00:00:00+00:00, run_after=2022-10-16T00:00:00+00:00
[2022-10-16T07:20:47.500-0300] {logging_mixin.py:117} INFO - [2022-10-16T07:20:47.500-0300] {dag.py:3324} INFO - Setting next_dagrun for example_branch_datetime_operator_3 to 2022-10-15T00:00:00+00:00, run_after=2022-10-16T00:00:00+00:00
[2022-10-16T07:20:47.520-0300] {processor.py:178} INFO - Processing /home/renato/Documentos/datapipeline/.env/lib/python3.10/site-packages/airflow/example_dags/example_branch_datetime_operator.py took 0.103 seconds
[2022-10-16T07:21:25.095-0300] {processor.py:156} INFO - Started process (PID=6448) to work on /home/renato/Documentos/datapipeline/.env/lib/python3.10/site-packages/airflow/example_dags/example_branch_datetime_operator.py
[2022-10-16T07:21:25.100-0300] {processor.py:758} INFO - Processing file /home/renato/Documentos/datapipeline/.env/lib/python3.10/site-packages/airflow/example_dags/example_branch_datetime_operator.py for tasks to queue
[2022-10-16T07:21:25.101-0300] {logging_mixin.py:117} INFO - [2022-10-16T07:21:25.101-0300] {dagbag.py:525} INFO - Filling up the DagBag from /home/renato/Documentos/datapipeline/.env/lib/python3.10/site-packages/airflow/example_dags/example_branch_datetime_operator.py
[2022-10-16T07:21:25.123-0300] {processor.py:768} INFO - DAG(s) dict_keys(['example_branch_datetime_operator', 'example_branch_datetime_operator_3', 'example_branch_datetime_operator_2']) retrieved from /home/renato/Documentos/datapipeline/.env/lib/python3.10/site-packages/airflow/example_dags/example_branch_datetime_operator.py
[2022-10-16T07:21:25.148-0300] {logging_mixin.py:117} INFO - [2022-10-16T07:21:25.148-0300] {dag.py:2573} INFO - Sync 3 DAGs
[2022-10-16T07:21:25.167-0300] {logging_mixin.py:117} INFO - [2022-10-16T07:21:25.166-0300] {dag.py:3324} INFO - Setting next_dagrun for example_branch_datetime_operator to 2022-10-15T00:00:00+00:00, run_after=2022-10-16T00:00:00+00:00
[2022-10-16T07:21:25.171-0300] {logging_mixin.py:117} INFO - [2022-10-16T07:21:25.170-0300] {dag.py:3324} INFO - Setting next_dagrun for example_branch_datetime_operator_2 to 2022-10-15T00:00:00+00:00, run_after=2022-10-16T00:00:00+00:00
[2022-10-16T07:21:25.172-0300] {logging_mixin.py:117} INFO - [2022-10-16T07:21:25.172-0300] {dag.py:3324} INFO - Setting next_dagrun for example_branch_datetime_operator_3 to 2022-10-15T00:00:00+00:00, run_after=2022-10-16T00:00:00+00:00
[2022-10-16T07:21:25.196-0300] {processor.py:178} INFO - Processing /home/renato/Documentos/datapipeline/.env/lib/python3.10/site-packages/airflow/example_dags/example_branch_datetime_operator.py took 0.105 seconds
[2022-10-16T07:22:09.064-0300] {processor.py:156} INFO - Started process (PID=6528) to work on /home/renato/Documentos/datapipeline/.env/lib/python3.10/site-packages/airflow/example_dags/example_branch_datetime_operator.py
[2022-10-16T07:22:09.067-0300] {processor.py:758} INFO - Processing file /home/renato/Documentos/datapipeline/.env/lib/python3.10/site-packages/airflow/example_dags/example_branch_datetime_operator.py for tasks to queue
[2022-10-16T07:22:09.067-0300] {logging_mixin.py:117} INFO - [2022-10-16T07:22:09.067-0300] {dagbag.py:525} INFO - Filling up the DagBag from /home/renato/Documentos/datapipeline/.env/lib/python3.10/site-packages/airflow/example_dags/example_branch_datetime_operator.py
[2022-10-16T07:22:09.093-0300] {processor.py:768} INFO - DAG(s) dict_keys(['example_branch_datetime_operator_2', 'example_branch_datetime_operator', 'example_branch_datetime_operator_3']) retrieved from /home/renato/Documentos/datapipeline/.env/lib/python3.10/site-packages/airflow/example_dags/example_branch_datetime_operator.py
[2022-10-16T07:22:09.121-0300] {logging_mixin.py:117} INFO - [2022-10-16T07:22:09.121-0300] {dag.py:2573} INFO - Sync 3 DAGs
[2022-10-16T07:22:09.139-0300] {logging_mixin.py:117} INFO - [2022-10-16T07:22:09.139-0300] {dag.py:3324} INFO - Setting next_dagrun for example_branch_datetime_operator to 2022-10-15T00:00:00+00:00, run_after=2022-10-16T00:00:00+00:00
[2022-10-16T07:22:09.144-0300] {logging_mixin.py:117} INFO - [2022-10-16T07:22:09.144-0300] {dag.py:3324} INFO - Setting next_dagrun for example_branch_datetime_operator_2 to 2022-10-15T00:00:00+00:00, run_after=2022-10-16T00:00:00+00:00
[2022-10-16T07:22:09.146-0300] {logging_mixin.py:117} INFO - [2022-10-16T07:22:09.146-0300] {dag.py:3324} INFO - Setting next_dagrun for example_branch_datetime_operator_3 to 2022-10-15T00:00:00+00:00, run_after=2022-10-16T00:00:00+00:00
[2022-10-16T07:22:09.168-0300] {processor.py:178} INFO - Processing /home/renato/Documentos/datapipeline/.env/lib/python3.10/site-packages/airflow/example_dags/example_branch_datetime_operator.py took 0.107 seconds
[2022-10-16T07:22:50.753-0300] {processor.py:156} INFO - Started process (PID=6602) to work on /home/renato/Documentos/datapipeline/.env/lib/python3.10/site-packages/airflow/example_dags/example_branch_datetime_operator.py
[2022-10-16T07:22:50.755-0300] {processor.py:758} INFO - Processing file /home/renato/Documentos/datapipeline/.env/lib/python3.10/site-packages/airflow/example_dags/example_branch_datetime_operator.py for tasks to queue
[2022-10-16T07:22:50.756-0300] {logging_mixin.py:117} INFO - [2022-10-16T07:22:50.756-0300] {dagbag.py:525} INFO - Filling up the DagBag from /home/renato/Documentos/datapipeline/.env/lib/python3.10/site-packages/airflow/example_dags/example_branch_datetime_operator.py
[2022-10-16T07:22:50.773-0300] {processor.py:768} INFO - DAG(s) dict_keys(['example_branch_datetime_operator_3', 'example_branch_datetime_operator_2', 'example_branch_datetime_operator']) retrieved from /home/renato/Documentos/datapipeline/.env/lib/python3.10/site-packages/airflow/example_dags/example_branch_datetime_operator.py
[2022-10-16T07:22:50.799-0300] {logging_mixin.py:117} INFO - [2022-10-16T07:22:50.799-0300] {dag.py:2573} INFO - Sync 3 DAGs
[2022-10-16T07:22:50.819-0300] {logging_mixin.py:117} INFO - [2022-10-16T07:22:50.819-0300] {dag.py:3324} INFO - Setting next_dagrun for example_branch_datetime_operator to 2022-10-15T00:00:00+00:00, run_after=2022-10-16T00:00:00+00:00
[2022-10-16T07:22:50.823-0300] {logging_mixin.py:117} INFO - [2022-10-16T07:22:50.823-0300] {dag.py:3324} INFO - Setting next_dagrun for example_branch_datetime_operator_2 to 2022-10-15T00:00:00+00:00, run_after=2022-10-16T00:00:00+00:00
[2022-10-16T07:22:50.825-0300] {logging_mixin.py:117} INFO - [2022-10-16T07:22:50.825-0300] {dag.py:3324} INFO - Setting next_dagrun for example_branch_datetime_operator_3 to 2022-10-15T00:00:00+00:00, run_after=2022-10-16T00:00:00+00:00
[2022-10-16T07:22:50.849-0300] {processor.py:178} INFO - Processing /home/renato/Documentos/datapipeline/.env/lib/python3.10/site-packages/airflow/example_dags/example_branch_datetime_operator.py took 0.099 seconds
[2022-10-16T07:23:26.988-0300] {processor.py:156} INFO - Started process (PID=6662) to work on /home/renato/Documentos/datapipeline/.env/lib/python3.10/site-packages/airflow/example_dags/example_branch_datetime_operator.py
[2022-10-16T07:23:26.990-0300] {processor.py:758} INFO - Processing file /home/renato/Documentos/datapipeline/.env/lib/python3.10/site-packages/airflow/example_dags/example_branch_datetime_operator.py for tasks to queue
[2022-10-16T07:23:26.991-0300] {logging_mixin.py:117} INFO - [2022-10-16T07:23:26.990-0300] {dagbag.py:525} INFO - Filling up the DagBag from /home/renato/Documentos/datapipeline/.env/lib/python3.10/site-packages/airflow/example_dags/example_branch_datetime_operator.py
[2022-10-16T07:23:27.011-0300] {processor.py:768} INFO - DAG(s) dict_keys(['example_branch_datetime_operator_3', 'example_branch_datetime_operator_2', 'example_branch_datetime_operator']) retrieved from /home/renato/Documentos/datapipeline/.env/lib/python3.10/site-packages/airflow/example_dags/example_branch_datetime_operator.py
[2022-10-16T07:23:27.035-0300] {logging_mixin.py:117} INFO - [2022-10-16T07:23:27.034-0300] {dag.py:2573} INFO - Sync 3 DAGs
[2022-10-16T07:23:27.054-0300] {logging_mixin.py:117} INFO - [2022-10-16T07:23:27.054-0300] {dag.py:3324} INFO - Setting next_dagrun for example_branch_datetime_operator to 2022-10-15T00:00:00+00:00, run_after=2022-10-16T00:00:00+00:00
[2022-10-16T07:23:27.058-0300] {logging_mixin.py:117} INFO - [2022-10-16T07:23:27.058-0300] {dag.py:3324} INFO - Setting next_dagrun for example_branch_datetime_operator_2 to 2022-10-15T00:00:00+00:00, run_after=2022-10-16T00:00:00+00:00
[2022-10-16T07:23:27.060-0300] {logging_mixin.py:117} INFO - [2022-10-16T07:23:27.060-0300] {dag.py:3324} INFO - Setting next_dagrun for example_branch_datetime_operator_3 to 2022-10-15T00:00:00+00:00, run_after=2022-10-16T00:00:00+00:00
[2022-10-16T07:23:27.082-0300] {processor.py:178} INFO - Processing /home/renato/Documentos/datapipeline/.env/lib/python3.10/site-packages/airflow/example_dags/example_branch_datetime_operator.py took 0.097 seconds
[2022-10-16T07:24:04.385-0300] {processor.py:156} INFO - Started process (PID=6736) to work on /home/renato/Documentos/datapipeline/.env/lib/python3.10/site-packages/airflow/example_dags/example_branch_datetime_operator.py
[2022-10-16T07:24:04.389-0300] {processor.py:758} INFO - Processing file /home/renato/Documentos/datapipeline/.env/lib/python3.10/site-packages/airflow/example_dags/example_branch_datetime_operator.py for tasks to queue
[2022-10-16T07:24:04.389-0300] {logging_mixin.py:117} INFO - [2022-10-16T07:24:04.389-0300] {dagbag.py:525} INFO - Filling up the DagBag from /home/renato/Documentos/datapipeline/.env/lib/python3.10/site-packages/airflow/example_dags/example_branch_datetime_operator.py
[2022-10-16T07:24:04.408-0300] {processor.py:768} INFO - DAG(s) dict_keys(['example_branch_datetime_operator_2', 'example_branch_datetime_operator', 'example_branch_datetime_operator_3']) retrieved from /home/renato/Documentos/datapipeline/.env/lib/python3.10/site-packages/airflow/example_dags/example_branch_datetime_operator.py
[2022-10-16T07:24:04.435-0300] {logging_mixin.py:117} INFO - [2022-10-16T07:24:04.434-0300] {dag.py:2573} INFO - Sync 3 DAGs
[2022-10-16T07:24:04.453-0300] {logging_mixin.py:117} INFO - [2022-10-16T07:24:04.453-0300] {dag.py:3324} INFO - Setting next_dagrun for example_branch_datetime_operator to 2022-10-15T00:00:00+00:00, run_after=2022-10-16T00:00:00+00:00
[2022-10-16T07:24:04.457-0300] {logging_mixin.py:117} INFO - [2022-10-16T07:24:04.456-0300] {dag.py:3324} INFO - Setting next_dagrun for example_branch_datetime_operator_2 to 2022-10-15T00:00:00+00:00, run_after=2022-10-16T00:00:00+00:00
[2022-10-16T07:24:04.458-0300] {logging_mixin.py:117} INFO - [2022-10-16T07:24:04.458-0300] {dag.py:3324} INFO - Setting next_dagrun for example_branch_datetime_operator_3 to 2022-10-15T00:00:00+00:00, run_after=2022-10-16T00:00:00+00:00
[2022-10-16T07:24:04.481-0300] {processor.py:178} INFO - Processing /home/renato/Documentos/datapipeline/.env/lib/python3.10/site-packages/airflow/example_dags/example_branch_datetime_operator.py took 0.104 seconds
[2022-10-16T07:24:44.158-0300] {processor.py:156} INFO - Started process (PID=6809) to work on /home/renato/Documentos/datapipeline/.env/lib/python3.10/site-packages/airflow/example_dags/example_branch_datetime_operator.py
[2022-10-16T07:24:44.160-0300] {processor.py:758} INFO - Processing file /home/renato/Documentos/datapipeline/.env/lib/python3.10/site-packages/airflow/example_dags/example_branch_datetime_operator.py for tasks to queue
[2022-10-16T07:24:44.161-0300] {logging_mixin.py:117} INFO - [2022-10-16T07:24:44.161-0300] {dagbag.py:525} INFO - Filling up the DagBag from /home/renato/Documentos/datapipeline/.env/lib/python3.10/site-packages/airflow/example_dags/example_branch_datetime_operator.py
[2022-10-16T07:24:44.190-0300] {processor.py:768} INFO - DAG(s) dict_keys(['example_branch_datetime_operator_2', 'example_branch_datetime_operator_3', 'example_branch_datetime_operator']) retrieved from /home/renato/Documentos/datapipeline/.env/lib/python3.10/site-packages/airflow/example_dags/example_branch_datetime_operator.py
[2022-10-16T07:24:44.220-0300] {logging_mixin.py:117} INFO - [2022-10-16T07:24:44.219-0300] {dag.py:2573} INFO - Sync 3 DAGs
[2022-10-16T07:24:44.238-0300] {logging_mixin.py:117} INFO - [2022-10-16T07:24:44.238-0300] {dag.py:3324} INFO - Setting next_dagrun for example_branch_datetime_operator to 2022-10-15T00:00:00+00:00, run_after=2022-10-16T00:00:00+00:00
[2022-10-16T07:24:44.242-0300] {logging_mixin.py:117} INFO - [2022-10-16T07:24:44.241-0300] {dag.py:3324} INFO - Setting next_dagrun for example_branch_datetime_operator_2 to 2022-10-15T00:00:00+00:00, run_after=2022-10-16T00:00:00+00:00
[2022-10-16T07:24:44.244-0300] {logging_mixin.py:117} INFO - [2022-10-16T07:24:44.243-0300] {dag.py:3324} INFO - Setting next_dagrun for example_branch_datetime_operator_3 to 2022-10-15T00:00:00+00:00, run_after=2022-10-16T00:00:00+00:00
[2022-10-16T07:24:44.265-0300] {processor.py:178} INFO - Processing /home/renato/Documentos/datapipeline/.env/lib/python3.10/site-packages/airflow/example_dags/example_branch_datetime_operator.py took 0.113 seconds
[2022-10-16T07:25:22.304-0300] {processor.py:156} INFO - Started process (PID=7001) to work on /home/renato/Documentos/datapipeline/.env/lib/python3.10/site-packages/airflow/example_dags/example_branch_datetime_operator.py
[2022-10-16T07:25:22.309-0300] {processor.py:758} INFO - Processing file /home/renato/Documentos/datapipeline/.env/lib/python3.10/site-packages/airflow/example_dags/example_branch_datetime_operator.py for tasks to queue
[2022-10-16T07:25:22.309-0300] {logging_mixin.py:117} INFO - [2022-10-16T07:25:22.309-0300] {dagbag.py:525} INFO - Filling up the DagBag from /home/renato/Documentos/datapipeline/.env/lib/python3.10/site-packages/airflow/example_dags/example_branch_datetime_operator.py
[2022-10-16T07:25:22.325-0300] {processor.py:768} INFO - DAG(s) dict_keys(['example_branch_datetime_operator_3', 'example_branch_datetime_operator', 'example_branch_datetime_operator_2']) retrieved from /home/renato/Documentos/datapipeline/.env/lib/python3.10/site-packages/airflow/example_dags/example_branch_datetime_operator.py
[2022-10-16T07:25:22.349-0300] {logging_mixin.py:117} INFO - [2022-10-16T07:25:22.349-0300] {dag.py:2573} INFO - Sync 3 DAGs
[2022-10-16T07:25:22.367-0300] {logging_mixin.py:117} INFO - [2022-10-16T07:25:22.366-0300] {dag.py:3324} INFO - Setting next_dagrun for example_branch_datetime_operator to 2022-10-15T00:00:00+00:00, run_after=2022-10-16T00:00:00+00:00
[2022-10-16T07:25:22.371-0300] {logging_mixin.py:117} INFO - [2022-10-16T07:25:22.371-0300] {dag.py:3324} INFO - Setting next_dagrun for example_branch_datetime_operator_2 to 2022-10-15T00:00:00+00:00, run_after=2022-10-16T00:00:00+00:00
[2022-10-16T07:25:22.373-0300] {logging_mixin.py:117} INFO - [2022-10-16T07:25:22.373-0300] {dag.py:3324} INFO - Setting next_dagrun for example_branch_datetime_operator_3 to 2022-10-15T00:00:00+00:00, run_after=2022-10-16T00:00:00+00:00
[2022-10-16T07:25:22.395-0300] {processor.py:178} INFO - Processing /home/renato/Documentos/datapipeline/.env/lib/python3.10/site-packages/airflow/example_dags/example_branch_datetime_operator.py took 0.093 seconds
[2022-10-16T07:26:06.311-0300] {processor.py:156} INFO - Started process (PID=7077) to work on /home/renato/Documentos/datapipeline/.env/lib/python3.10/site-packages/airflow/example_dags/example_branch_datetime_operator.py
[2022-10-16T07:26:06.314-0300] {processor.py:758} INFO - Processing file /home/renato/Documentos/datapipeline/.env/lib/python3.10/site-packages/airflow/example_dags/example_branch_datetime_operator.py for tasks to queue
[2022-10-16T07:26:06.315-0300] {logging_mixin.py:117} INFO - [2022-10-16T07:26:06.315-0300] {dagbag.py:525} INFO - Filling up the DagBag from /home/renato/Documentos/datapipeline/.env/lib/python3.10/site-packages/airflow/example_dags/example_branch_datetime_operator.py
[2022-10-16T07:26:06.344-0300] {processor.py:768} INFO - DAG(s) dict_keys(['example_branch_datetime_operator', 'example_branch_datetime_operator_2', 'example_branch_datetime_operator_3']) retrieved from /home/renato/Documentos/datapipeline/.env/lib/python3.10/site-packages/airflow/example_dags/example_branch_datetime_operator.py
[2022-10-16T07:26:06.378-0300] {logging_mixin.py:117} INFO - [2022-10-16T07:26:06.378-0300] {dag.py:2573} INFO - Sync 3 DAGs
[2022-10-16T07:26:06.398-0300] {logging_mixin.py:117} INFO - [2022-10-16T07:26:06.398-0300] {dag.py:3324} INFO - Setting next_dagrun for example_branch_datetime_operator to 2022-10-15T00:00:00+00:00, run_after=2022-10-16T00:00:00+00:00
[2022-10-16T07:26:06.401-0300] {logging_mixin.py:117} INFO - [2022-10-16T07:26:06.401-0300] {dag.py:3324} INFO - Setting next_dagrun for example_branch_datetime_operator_2 to 2022-10-15T00:00:00+00:00, run_after=2022-10-16T00:00:00+00:00
[2022-10-16T07:26:06.403-0300] {logging_mixin.py:117} INFO - [2022-10-16T07:26:06.403-0300] {dag.py:3324} INFO - Setting next_dagrun for example_branch_datetime_operator_3 to 2022-10-15T00:00:00+00:00, run_after=2022-10-16T00:00:00+00:00
[2022-10-16T07:26:06.428-0300] {processor.py:178} INFO - Processing /home/renato/Documentos/datapipeline/.env/lib/python3.10/site-packages/airflow/example_dags/example_branch_datetime_operator.py took 0.123 seconds
[2022-10-16T07:26:56.061-0300] {processor.py:156} INFO - Started process (PID=7178) to work on /home/renato/Documentos/datapipeline/.env/lib/python3.10/site-packages/airflow/example_dags/example_branch_datetime_operator.py
[2022-10-16T07:26:56.064-0300] {processor.py:758} INFO - Processing file /home/renato/Documentos/datapipeline/.env/lib/python3.10/site-packages/airflow/example_dags/example_branch_datetime_operator.py for tasks to queue
[2022-10-16T07:26:56.065-0300] {logging_mixin.py:117} INFO - [2022-10-16T07:26:56.065-0300] {dagbag.py:525} INFO - Filling up the DagBag from /home/renato/Documentos/datapipeline/.env/lib/python3.10/site-packages/airflow/example_dags/example_branch_datetime_operator.py
[2022-10-16T07:26:56.086-0300] {processor.py:768} INFO - DAG(s) dict_keys(['example_branch_datetime_operator_3', 'example_branch_datetime_operator', 'example_branch_datetime_operator_2']) retrieved from /home/renato/Documentos/datapipeline/.env/lib/python3.10/site-packages/airflow/example_dags/example_branch_datetime_operator.py
[2022-10-16T07:26:56.109-0300] {logging_mixin.py:117} INFO - [2022-10-16T07:26:56.109-0300] {dag.py:2573} INFO - Sync 3 DAGs
[2022-10-16T07:26:56.128-0300] {logging_mixin.py:117} INFO - [2022-10-16T07:26:56.128-0300] {dag.py:3324} INFO - Setting next_dagrun for example_branch_datetime_operator to 2022-10-15T00:00:00+00:00, run_after=2022-10-16T00:00:00+00:00
[2022-10-16T07:26:56.132-0300] {logging_mixin.py:117} INFO - [2022-10-16T07:26:56.132-0300] {dag.py:3324} INFO - Setting next_dagrun for example_branch_datetime_operator_2 to 2022-10-15T00:00:00+00:00, run_after=2022-10-16T00:00:00+00:00
[2022-10-16T07:26:56.134-0300] {logging_mixin.py:117} INFO - [2022-10-16T07:26:56.134-0300] {dag.py:3324} INFO - Setting next_dagrun for example_branch_datetime_operator_3 to 2022-10-15T00:00:00+00:00, run_after=2022-10-16T00:00:00+00:00
[2022-10-16T07:26:56.155-0300] {processor.py:178} INFO - Processing /home/renato/Documentos/datapipeline/.env/lib/python3.10/site-packages/airflow/example_dags/example_branch_datetime_operator.py took 0.099 seconds
[2022-10-16T07:27:34.910-0300] {processor.py:156} INFO - Started process (PID=7245) to work on /home/renato/Documentos/datapipeline/.env/lib/python3.10/site-packages/airflow/example_dags/example_branch_datetime_operator.py
[2022-10-16T07:27:34.912-0300] {processor.py:758} INFO - Processing file /home/renato/Documentos/datapipeline/.env/lib/python3.10/site-packages/airflow/example_dags/example_branch_datetime_operator.py for tasks to queue
[2022-10-16T07:27:34.913-0300] {logging_mixin.py:117} INFO - [2022-10-16T07:27:34.913-0300] {dagbag.py:525} INFO - Filling up the DagBag from /home/renato/Documentos/datapipeline/.env/lib/python3.10/site-packages/airflow/example_dags/example_branch_datetime_operator.py
[2022-10-16T07:27:34.932-0300] {processor.py:768} INFO - DAG(s) dict_keys(['example_branch_datetime_operator_3', 'example_branch_datetime_operator_2', 'example_branch_datetime_operator']) retrieved from /home/renato/Documentos/datapipeline/.env/lib/python3.10/site-packages/airflow/example_dags/example_branch_datetime_operator.py
[2022-10-16T07:27:34.960-0300] {logging_mixin.py:117} INFO - [2022-10-16T07:27:34.960-0300] {dag.py:2573} INFO - Sync 3 DAGs
[2022-10-16T07:27:34.988-0300] {logging_mixin.py:117} INFO - [2022-10-16T07:27:34.988-0300] {dag.py:3324} INFO - Setting next_dagrun for example_branch_datetime_operator to 2022-10-15T00:00:00+00:00, run_after=2022-10-16T00:00:00+00:00
[2022-10-16T07:27:34.992-0300] {logging_mixin.py:117} INFO - [2022-10-16T07:27:34.992-0300] {dag.py:3324} INFO - Setting next_dagrun for example_branch_datetime_operator_2 to 2022-10-15T00:00:00+00:00, run_after=2022-10-16T00:00:00+00:00
[2022-10-16T07:27:34.997-0300] {logging_mixin.py:117} INFO - [2022-10-16T07:27:34.997-0300] {dag.py:3324} INFO - Setting next_dagrun for example_branch_datetime_operator_3 to 2022-10-15T00:00:00+00:00, run_after=2022-10-16T00:00:00+00:00
[2022-10-16T07:27:35.028-0300] {processor.py:178} INFO - Processing /home/renato/Documentos/datapipeline/.env/lib/python3.10/site-packages/airflow/example_dags/example_branch_datetime_operator.py took 0.120 seconds
[2022-10-16T07:28:21.194-0300] {processor.py:156} INFO - Started process (PID=7327) to work on /home/renato/Documentos/datapipeline/.env/lib/python3.10/site-packages/airflow/example_dags/example_branch_datetime_operator.py
[2022-10-16T07:28:21.209-0300] {processor.py:758} INFO - Processing file /home/renato/Documentos/datapipeline/.env/lib/python3.10/site-packages/airflow/example_dags/example_branch_datetime_operator.py for tasks to queue
[2022-10-16T07:28:21.210-0300] {logging_mixin.py:117} INFO - [2022-10-16T07:28:21.210-0300] {dagbag.py:525} INFO - Filling up the DagBag from /home/renato/Documentos/datapipeline/.env/lib/python3.10/site-packages/airflow/example_dags/example_branch_datetime_operator.py
[2022-10-16T07:28:21.237-0300] {processor.py:768} INFO - DAG(s) dict_keys(['example_branch_datetime_operator', 'example_branch_datetime_operator_3', 'example_branch_datetime_operator_2']) retrieved from /home/renato/Documentos/datapipeline/.env/lib/python3.10/site-packages/airflow/example_dags/example_branch_datetime_operator.py
[2022-10-16T07:28:21.272-0300] {logging_mixin.py:117} INFO - [2022-10-16T07:28:21.272-0300] {dag.py:2573} INFO - Sync 3 DAGs
[2022-10-16T07:28:21.292-0300] {logging_mixin.py:117} INFO - [2022-10-16T07:28:21.292-0300] {dag.py:3324} INFO - Setting next_dagrun for example_branch_datetime_operator to 2022-10-15T00:00:00+00:00, run_after=2022-10-16T00:00:00+00:00
[2022-10-16T07:28:21.296-0300] {logging_mixin.py:117} INFO - [2022-10-16T07:28:21.296-0300] {dag.py:3324} INFO - Setting next_dagrun for example_branch_datetime_operator_2 to 2022-10-15T00:00:00+00:00, run_after=2022-10-16T00:00:00+00:00
[2022-10-16T07:28:21.298-0300] {logging_mixin.py:117} INFO - [2022-10-16T07:28:21.298-0300] {dag.py:3324} INFO - Setting next_dagrun for example_branch_datetime_operator_3 to 2022-10-15T00:00:00+00:00, run_after=2022-10-16T00:00:00+00:00
[2022-10-16T07:28:21.358-0300] {processor.py:178} INFO - Processing /home/renato/Documentos/datapipeline/.env/lib/python3.10/site-packages/airflow/example_dags/example_branch_datetime_operator.py took 0.169 seconds
[2022-10-16T07:29:05.485-0300] {processor.py:156} INFO - Started process (PID=7414) to work on /home/renato/Documentos/datapipeline/.env/lib/python3.10/site-packages/airflow/example_dags/example_branch_datetime_operator.py
[2022-10-16T07:29:05.489-0300] {processor.py:758} INFO - Processing file /home/renato/Documentos/datapipeline/.env/lib/python3.10/site-packages/airflow/example_dags/example_branch_datetime_operator.py for tasks to queue
[2022-10-16T07:29:05.489-0300] {logging_mixin.py:117} INFO - [2022-10-16T07:29:05.489-0300] {dagbag.py:525} INFO - Filling up the DagBag from /home/renato/Documentos/datapipeline/.env/lib/python3.10/site-packages/airflow/example_dags/example_branch_datetime_operator.py
[2022-10-16T07:29:05.507-0300] {processor.py:768} INFO - DAG(s) dict_keys(['example_branch_datetime_operator_3', 'example_branch_datetime_operator', 'example_branch_datetime_operator_2']) retrieved from /home/renato/Documentos/datapipeline/.env/lib/python3.10/site-packages/airflow/example_dags/example_branch_datetime_operator.py
[2022-10-16T07:29:05.541-0300] {logging_mixin.py:117} INFO - [2022-10-16T07:29:05.541-0300] {dag.py:2573} INFO - Sync 3 DAGs
[2022-10-16T07:29:05.560-0300] {logging_mixin.py:117} INFO - [2022-10-16T07:29:05.560-0300] {dag.py:3324} INFO - Setting next_dagrun for example_branch_datetime_operator to 2022-10-15T00:00:00+00:00, run_after=2022-10-16T00:00:00+00:00
[2022-10-16T07:29:05.564-0300] {logging_mixin.py:117} INFO - [2022-10-16T07:29:05.564-0300] {dag.py:3324} INFO - Setting next_dagrun for example_branch_datetime_operator_2 to 2022-10-15T00:00:00+00:00, run_after=2022-10-16T00:00:00+00:00
[2022-10-16T07:29:05.566-0300] {logging_mixin.py:117} INFO - [2022-10-16T07:29:05.566-0300] {dag.py:3324} INFO - Setting next_dagrun for example_branch_datetime_operator_3 to 2022-10-15T00:00:00+00:00, run_after=2022-10-16T00:00:00+00:00
[2022-10-16T07:29:05.588-0300] {processor.py:178} INFO - Processing /home/renato/Documentos/datapipeline/.env/lib/python3.10/site-packages/airflow/example_dags/example_branch_datetime_operator.py took 0.105 seconds
[2022-10-16T07:29:44.757-0300] {processor.py:156} INFO - Started process (PID=7482) to work on /home/renato/Documentos/datapipeline/.env/lib/python3.10/site-packages/airflow/example_dags/example_branch_datetime_operator.py
[2022-10-16T07:29:44.762-0300] {processor.py:758} INFO - Processing file /home/renato/Documentos/datapipeline/.env/lib/python3.10/site-packages/airflow/example_dags/example_branch_datetime_operator.py for tasks to queue
[2022-10-16T07:29:44.763-0300] {logging_mixin.py:117} INFO - [2022-10-16T07:29:44.763-0300] {dagbag.py:525} INFO - Filling up the DagBag from /home/renato/Documentos/datapipeline/.env/lib/python3.10/site-packages/airflow/example_dags/example_branch_datetime_operator.py
[2022-10-16T07:29:44.780-0300] {processor.py:768} INFO - DAG(s) dict_keys(['example_branch_datetime_operator_3', 'example_branch_datetime_operator', 'example_branch_datetime_operator_2']) retrieved from /home/renato/Documentos/datapipeline/.env/lib/python3.10/site-packages/airflow/example_dags/example_branch_datetime_operator.py
[2022-10-16T07:29:44.805-0300] {logging_mixin.py:117} INFO - [2022-10-16T07:29:44.805-0300] {dag.py:2573} INFO - Sync 3 DAGs
[2022-10-16T07:29:44.823-0300] {logging_mixin.py:117} INFO - [2022-10-16T07:29:44.823-0300] {dag.py:3324} INFO - Setting next_dagrun for example_branch_datetime_operator to 2022-10-15T00:00:00+00:00, run_after=2022-10-16T00:00:00+00:00
[2022-10-16T07:29:44.826-0300] {logging_mixin.py:117} INFO - [2022-10-16T07:29:44.826-0300] {dag.py:3324} INFO - Setting next_dagrun for example_branch_datetime_operator_2 to 2022-10-15T00:00:00+00:00, run_after=2022-10-16T00:00:00+00:00
[2022-10-16T07:29:44.828-0300] {logging_mixin.py:117} INFO - [2022-10-16T07:29:44.828-0300] {dag.py:3324} INFO - Setting next_dagrun for example_branch_datetime_operator_3 to 2022-10-15T00:00:00+00:00, run_after=2022-10-16T00:00:00+00:00
[2022-10-16T07:29:44.852-0300] {processor.py:178} INFO - Processing /home/renato/Documentos/datapipeline/.env/lib/python3.10/site-packages/airflow/example_dags/example_branch_datetime_operator.py took 0.098 seconds
[2022-10-16T07:31:21.370-0300] {processor.py:156} INFO - Started process (PID=7854) to work on /home/renato/Documentos/datapipeline/.env/lib/python3.10/site-packages/airflow/example_dags/example_branch_datetime_operator.py
[2022-10-16T07:31:21.372-0300] {processor.py:758} INFO - Processing file /home/renato/Documentos/datapipeline/.env/lib/python3.10/site-packages/airflow/example_dags/example_branch_datetime_operator.py for tasks to queue
[2022-10-16T07:31:21.372-0300] {logging_mixin.py:117} INFO - [2022-10-16T07:31:21.372-0300] {dagbag.py:525} INFO - Filling up the DagBag from /home/renato/Documentos/datapipeline/.env/lib/python3.10/site-packages/airflow/example_dags/example_branch_datetime_operator.py
[2022-10-16T07:31:21.391-0300] {processor.py:768} INFO - DAG(s) dict_keys(['example_branch_datetime_operator_2', 'example_branch_datetime_operator', 'example_branch_datetime_operator_3']) retrieved from /home/renato/Documentos/datapipeline/.env/lib/python3.10/site-packages/airflow/example_dags/example_branch_datetime_operator.py
[2022-10-16T07:31:21.419-0300] {logging_mixin.py:117} INFO - [2022-10-16T07:31:21.419-0300] {dag.py:2573} INFO - Sync 3 DAGs
[2022-10-16T07:31:21.438-0300] {logging_mixin.py:117} INFO - [2022-10-16T07:31:21.438-0300] {dag.py:3324} INFO - Setting next_dagrun for example_branch_datetime_operator to 2022-10-15T00:00:00+00:00, run_after=2022-10-16T00:00:00+00:00
[2022-10-16T07:31:21.443-0300] {logging_mixin.py:117} INFO - [2022-10-16T07:31:21.443-0300] {dag.py:3324} INFO - Setting next_dagrun for example_branch_datetime_operator_2 to 2022-10-15T00:00:00+00:00, run_after=2022-10-16T00:00:00+00:00
[2022-10-16T07:31:21.445-0300] {logging_mixin.py:117} INFO - [2022-10-16T07:31:21.445-0300] {dag.py:3324} INFO - Setting next_dagrun for example_branch_datetime_operator_3 to 2022-10-15T00:00:00+00:00, run_after=2022-10-16T00:00:00+00:00
[2022-10-16T07:31:21.469-0300] {processor.py:178} INFO - Processing /home/renato/Documentos/datapipeline/.env/lib/python3.10/site-packages/airflow/example_dags/example_branch_datetime_operator.py took 0.102 seconds
[2022-10-16T08:30:56.897-0300] {processor.py:156} INFO - Started process (PID=2591) to work on /home/renato/Documentos/datapipeline/.env/lib/python3.10/site-packages/airflow/example_dags/example_branch_datetime_operator.py
[2022-10-16T08:30:56.902-0300] {processor.py:758} INFO - Processing file /home/renato/Documentos/datapipeline/.env/lib/python3.10/site-packages/airflow/example_dags/example_branch_datetime_operator.py for tasks to queue
[2022-10-16T08:30:56.903-0300] {logging_mixin.py:117} INFO - [2022-10-16T08:30:56.903-0300] {dagbag.py:525} INFO - Filling up the DagBag from /home/renato/Documentos/datapipeline/.env/lib/python3.10/site-packages/airflow/example_dags/example_branch_datetime_operator.py
[2022-10-16T08:30:56.926-0300] {processor.py:768} INFO - DAG(s) dict_keys(['example_branch_datetime_operator', 'example_branch_datetime_operator_2', 'example_branch_datetime_operator_3']) retrieved from /home/renato/Documentos/datapipeline/.env/lib/python3.10/site-packages/airflow/example_dags/example_branch_datetime_operator.py
[2022-10-16T08:30:56.958-0300] {logging_mixin.py:117} INFO - [2022-10-16T08:30:56.957-0300] {dag.py:2573} INFO - Sync 3 DAGs
[2022-10-16T08:30:56.974-0300] {logging_mixin.py:117} INFO - [2022-10-16T08:30:56.974-0300] {dag.py:3324} INFO - Setting next_dagrun for example_branch_datetime_operator to 2022-10-15T00:00:00+00:00, run_after=2022-10-16T00:00:00+00:00
[2022-10-16T08:30:56.979-0300] {logging_mixin.py:117} INFO - [2022-10-16T08:30:56.979-0300] {dag.py:3324} INFO - Setting next_dagrun for example_branch_datetime_operator_2 to 2022-10-15T00:00:00+00:00, run_after=2022-10-16T00:00:00+00:00
[2022-10-16T08:30:56.981-0300] {logging_mixin.py:117} INFO - [2022-10-16T08:30:56.981-0300] {dag.py:3324} INFO - Setting next_dagrun for example_branch_datetime_operator_3 to 2022-10-15T00:00:00+00:00, run_after=2022-10-16T00:00:00+00:00
[2022-10-16T08:30:57.006-0300] {processor.py:178} INFO - Processing /home/renato/Documentos/datapipeline/.env/lib/python3.10/site-packages/airflow/example_dags/example_branch_datetime_operator.py took 0.114 seconds
[2022-10-16T08:31:36.413-0300] {processor.py:156} INFO - Started process (PID=2651) to work on /home/renato/Documentos/datapipeline/.env/lib/python3.10/site-packages/airflow/example_dags/example_branch_datetime_operator.py
[2022-10-16T08:31:36.416-0300] {processor.py:758} INFO - Processing file /home/renato/Documentos/datapipeline/.env/lib/python3.10/site-packages/airflow/example_dags/example_branch_datetime_operator.py for tasks to queue
[2022-10-16T08:31:36.418-0300] {logging_mixin.py:117} INFO - [2022-10-16T08:31:36.417-0300] {dagbag.py:525} INFO - Filling up the DagBag from /home/renato/Documentos/datapipeline/.env/lib/python3.10/site-packages/airflow/example_dags/example_branch_datetime_operator.py
[2022-10-16T08:31:36.445-0300] {processor.py:768} INFO - DAG(s) dict_keys(['example_branch_datetime_operator', 'example_branch_datetime_operator_3', 'example_branch_datetime_operator_2']) retrieved from /home/renato/Documentos/datapipeline/.env/lib/python3.10/site-packages/airflow/example_dags/example_branch_datetime_operator.py
[2022-10-16T08:31:36.472-0300] {logging_mixin.py:117} INFO - [2022-10-16T08:31:36.471-0300] {dag.py:2573} INFO - Sync 3 DAGs
[2022-10-16T08:31:36.489-0300] {logging_mixin.py:117} INFO - [2022-10-16T08:31:36.489-0300] {dag.py:3324} INFO - Setting next_dagrun for example_branch_datetime_operator to 2022-10-15T00:00:00+00:00, run_after=2022-10-16T00:00:00+00:00
[2022-10-16T08:31:36.493-0300] {logging_mixin.py:117} INFO - [2022-10-16T08:31:36.493-0300] {dag.py:3324} INFO - Setting next_dagrun for example_branch_datetime_operator_2 to 2022-10-15T00:00:00+00:00, run_after=2022-10-16T00:00:00+00:00
[2022-10-16T08:31:36.495-0300] {logging_mixin.py:117} INFO - [2022-10-16T08:31:36.494-0300] {dag.py:3324} INFO - Setting next_dagrun for example_branch_datetime_operator_3 to 2022-10-15T00:00:00+00:00, run_after=2022-10-16T00:00:00+00:00
[2022-10-16T08:31:36.515-0300] {processor.py:178} INFO - Processing /home/renato/Documentos/datapipeline/.env/lib/python3.10/site-packages/airflow/example_dags/example_branch_datetime_operator.py took 0.108 seconds
[2022-10-16T08:32:16.875-0300] {processor.py:156} INFO - Started process (PID=2712) to work on /home/renato/Documentos/datapipeline/.env/lib/python3.10/site-packages/airflow/example_dags/example_branch_datetime_operator.py
[2022-10-16T08:32:16.877-0300] {processor.py:758} INFO - Processing file /home/renato/Documentos/datapipeline/.env/lib/python3.10/site-packages/airflow/example_dags/example_branch_datetime_operator.py for tasks to queue
[2022-10-16T08:32:16.878-0300] {logging_mixin.py:117} INFO - [2022-10-16T08:32:16.878-0300] {dagbag.py:525} INFO - Filling up the DagBag from /home/renato/Documentos/datapipeline/.env/lib/python3.10/site-packages/airflow/example_dags/example_branch_datetime_operator.py
[2022-10-16T08:32:16.900-0300] {processor.py:768} INFO - DAG(s) dict_keys(['example_branch_datetime_operator_3', 'example_branch_datetime_operator_2', 'example_branch_datetime_operator']) retrieved from /home/renato/Documentos/datapipeline/.env/lib/python3.10/site-packages/airflow/example_dags/example_branch_datetime_operator.py
[2022-10-16T08:32:16.947-0300] {logging_mixin.py:117} INFO - [2022-10-16T08:32:16.947-0300] {dag.py:2573} INFO - Sync 3 DAGs
[2022-10-16T08:32:16.970-0300] {logging_mixin.py:117} INFO - [2022-10-16T08:32:16.970-0300] {dag.py:3324} INFO - Setting next_dagrun for example_branch_datetime_operator to 2022-10-15T00:00:00+00:00, run_after=2022-10-16T00:00:00+00:00
[2022-10-16T08:32:16.973-0300] {logging_mixin.py:117} INFO - [2022-10-16T08:32:16.973-0300] {dag.py:3324} INFO - Setting next_dagrun for example_branch_datetime_operator_2 to 2022-10-15T00:00:00+00:00, run_after=2022-10-16T00:00:00+00:00
[2022-10-16T08:32:16.979-0300] {logging_mixin.py:117} INFO - [2022-10-16T08:32:16.979-0300] {dag.py:3324} INFO - Setting next_dagrun for example_branch_datetime_operator_3 to 2022-10-15T00:00:00+00:00, run_after=2022-10-16T00:00:00+00:00
[2022-10-16T08:32:17.005-0300] {processor.py:178} INFO - Processing /home/renato/Documentos/datapipeline/.env/lib/python3.10/site-packages/airflow/example_dags/example_branch_datetime_operator.py took 0.133 seconds
[2022-10-16T08:32:53.284-0300] {processor.py:156} INFO - Started process (PID=3148) to work on /home/renato/Documentos/datapipeline/.env/lib/python3.10/site-packages/airflow/example_dags/example_branch_datetime_operator.py
[2022-10-16T08:32:53.286-0300] {processor.py:758} INFO - Processing file /home/renato/Documentos/datapipeline/.env/lib/python3.10/site-packages/airflow/example_dags/example_branch_datetime_operator.py for tasks to queue
[2022-10-16T08:32:53.287-0300] {logging_mixin.py:117} INFO - [2022-10-16T08:32:53.287-0300] {dagbag.py:525} INFO - Filling up the DagBag from /home/renato/Documentos/datapipeline/.env/lib/python3.10/site-packages/airflow/example_dags/example_branch_datetime_operator.py
[2022-10-16T08:32:53.304-0300] {processor.py:768} INFO - DAG(s) dict_keys(['example_branch_datetime_operator', 'example_branch_datetime_operator_3', 'example_branch_datetime_operator_2']) retrieved from /home/renato/Documentos/datapipeline/.env/lib/python3.10/site-packages/airflow/example_dags/example_branch_datetime_operator.py
[2022-10-16T08:32:53.328-0300] {logging_mixin.py:117} INFO - [2022-10-16T08:32:53.328-0300] {dag.py:2573} INFO - Sync 3 DAGs
[2022-10-16T08:32:53.345-0300] {logging_mixin.py:117} INFO - [2022-10-16T08:32:53.345-0300] {dag.py:3324} INFO - Setting next_dagrun for example_branch_datetime_operator to 2022-10-15T00:00:00+00:00, run_after=2022-10-16T00:00:00+00:00
[2022-10-16T08:32:53.348-0300] {logging_mixin.py:117} INFO - [2022-10-16T08:32:53.348-0300] {dag.py:3324} INFO - Setting next_dagrun for example_branch_datetime_operator_2 to 2022-10-15T00:00:00+00:00, run_after=2022-10-16T00:00:00+00:00
[2022-10-16T08:32:53.350-0300] {logging_mixin.py:117} INFO - [2022-10-16T08:32:53.350-0300] {dag.py:3324} INFO - Setting next_dagrun for example_branch_datetime_operator_3 to 2022-10-15T00:00:00+00:00, run_after=2022-10-16T00:00:00+00:00
[2022-10-16T08:32:53.377-0300] {processor.py:178} INFO - Processing /home/renato/Documentos/datapipeline/.env/lib/python3.10/site-packages/airflow/example_dags/example_branch_datetime_operator.py took 0.097 seconds
[2022-10-16T08:33:38.481-0300] {processor.py:156} INFO - Started process (PID=3194) to work on /home/renato/Documentos/datapipeline/.env/lib/python3.10/site-packages/airflow/example_dags/example_branch_datetime_operator.py
[2022-10-16T08:33:38.484-0300] {processor.py:758} INFO - Processing file /home/renato/Documentos/datapipeline/.env/lib/python3.10/site-packages/airflow/example_dags/example_branch_datetime_operator.py for tasks to queue
[2022-10-16T08:33:38.485-0300] {logging_mixin.py:117} INFO - [2022-10-16T08:33:38.484-0300] {dagbag.py:525} INFO - Filling up the DagBag from /home/renato/Documentos/datapipeline/.env/lib/python3.10/site-packages/airflow/example_dags/example_branch_datetime_operator.py
[2022-10-16T08:33:38.507-0300] {processor.py:768} INFO - DAG(s) dict_keys(['example_branch_datetime_operator', 'example_branch_datetime_operator_2', 'example_branch_datetime_operator_3']) retrieved from /home/renato/Documentos/datapipeline/.env/lib/python3.10/site-packages/airflow/example_dags/example_branch_datetime_operator.py
[2022-10-16T08:33:38.534-0300] {logging_mixin.py:117} INFO - [2022-10-16T08:33:38.534-0300] {dag.py:2573} INFO - Sync 3 DAGs
[2022-10-16T08:33:38.554-0300] {logging_mixin.py:117} INFO - [2022-10-16T08:33:38.554-0300] {dag.py:3324} INFO - Setting next_dagrun for example_branch_datetime_operator to 2022-10-15T00:00:00+00:00, run_after=2022-10-16T00:00:00+00:00
[2022-10-16T08:33:38.558-0300] {logging_mixin.py:117} INFO - [2022-10-16T08:33:38.558-0300] {dag.py:3324} INFO - Setting next_dagrun for example_branch_datetime_operator_2 to 2022-10-15T00:00:00+00:00, run_after=2022-10-16T00:00:00+00:00
[2022-10-16T08:33:38.561-0300] {logging_mixin.py:117} INFO - [2022-10-16T08:33:38.560-0300] {dag.py:3324} INFO - Setting next_dagrun for example_branch_datetime_operator_3 to 2022-10-15T00:00:00+00:00, run_after=2022-10-16T00:00:00+00:00
[2022-10-16T08:33:38.582-0300] {processor.py:178} INFO - Processing /home/renato/Documentos/datapipeline/.env/lib/python3.10/site-packages/airflow/example_dags/example_branch_datetime_operator.py took 0.105 seconds
[2022-10-16T08:35:56.331-0300] {processor.py:156} INFO - Started process (PID=3399) to work on /home/renato/Documentos/datapipeline/.env/lib/python3.10/site-packages/airflow/example_dags/example_branch_datetime_operator.py
[2022-10-16T08:35:56.336-0300] {processor.py:758} INFO - Processing file /home/renato/Documentos/datapipeline/.env/lib/python3.10/site-packages/airflow/example_dags/example_branch_datetime_operator.py for tasks to queue
[2022-10-16T08:35:56.337-0300] {logging_mixin.py:117} INFO - [2022-10-16T08:35:56.337-0300] {dagbag.py:525} INFO - Filling up the DagBag from /home/renato/Documentos/datapipeline/.env/lib/python3.10/site-packages/airflow/example_dags/example_branch_datetime_operator.py
[2022-10-16T08:35:56.360-0300] {processor.py:768} INFO - DAG(s) dict_keys(['example_branch_datetime_operator_2', 'example_branch_datetime_operator', 'example_branch_datetime_operator_3']) retrieved from /home/renato/Documentos/datapipeline/.env/lib/python3.10/site-packages/airflow/example_dags/example_branch_datetime_operator.py
[2022-10-16T08:35:56.386-0300] {logging_mixin.py:117} INFO - [2022-10-16T08:35:56.386-0300] {dag.py:2573} INFO - Sync 3 DAGs
[2022-10-16T08:35:56.407-0300] {logging_mixin.py:117} INFO - [2022-10-16T08:35:56.406-0300] {dag.py:3324} INFO - Setting next_dagrun for example_branch_datetime_operator to 2022-10-15T00:00:00+00:00, run_after=2022-10-16T00:00:00+00:00
[2022-10-16T08:35:56.411-0300] {logging_mixin.py:117} INFO - [2022-10-16T08:35:56.411-0300] {dag.py:3324} INFO - Setting next_dagrun for example_branch_datetime_operator_2 to 2022-10-15T00:00:00+00:00, run_after=2022-10-16T00:00:00+00:00
[2022-10-16T08:35:56.413-0300] {logging_mixin.py:117} INFO - [2022-10-16T08:35:56.413-0300] {dag.py:3324} INFO - Setting next_dagrun for example_branch_datetime_operator_3 to 2022-10-15T00:00:00+00:00, run_after=2022-10-16T00:00:00+00:00
[2022-10-16T08:35:56.435-0300] {processor.py:178} INFO - Processing /home/renato/Documentos/datapipeline/.env/lib/python3.10/site-packages/airflow/example_dags/example_branch_datetime_operator.py took 0.106 seconds
