[2022-10-16T07:17:56.598-0300] {processor.py:156} INFO - Started process (PID=5911) to work on /home/renato/Documentos/datapipeline/.env/lib/python3.10/site-packages/airflow/example_dags/example_external_task_marker_dag.py
[2022-10-16T07:17:56.600-0300] {processor.py:758} INFO - Processing file /home/renato/Documentos/datapipeline/.env/lib/python3.10/site-packages/airflow/example_dags/example_external_task_marker_dag.py for tasks to queue
[2022-10-16T07:17:56.601-0300] {logging_mixin.py:117} INFO - [2022-10-16T07:17:56.601-0300] {dagbag.py:525} INFO - Filling up the DagBag from /home/renato/Documentos/datapipeline/.env/lib/python3.10/site-packages/airflow/example_dags/example_external_task_marker_dag.py
[2022-10-16T07:17:56.623-0300] {processor.py:768} INFO - DAG(s) dict_keys(['example_external_task_marker_parent', 'example_external_task_marker_child']) retrieved from /home/renato/Documentos/datapipeline/.env/lib/python3.10/site-packages/airflow/example_dags/example_external_task_marker_dag.py
[2022-10-16T07:17:56.728-0300] {logging_mixin.py:117} INFO - [2022-10-16T07:17:56.728-0300] {manager.py:507} INFO - Created Permission View: can edit on DAG:example_external_task_marker_parent
[2022-10-16T07:17:56.743-0300] {logging_mixin.py:117} INFO - [2022-10-16T07:17:56.743-0300] {manager.py:507} INFO - Created Permission View: can read on DAG:example_external_task_marker_parent
[2022-10-16T07:17:56.756-0300] {logging_mixin.py:117} INFO - [2022-10-16T07:17:56.755-0300] {manager.py:507} INFO - Created Permission View: can delete on DAG:example_external_task_marker_parent
[2022-10-16T07:17:56.842-0300] {logging_mixin.py:117} INFO - [2022-10-16T07:17:56.842-0300] {manager.py:507} INFO - Created Permission View: can edit on DAG:example_external_task_marker_child
[2022-10-16T07:17:56.854-0300] {logging_mixin.py:117} INFO - [2022-10-16T07:17:56.854-0300] {manager.py:507} INFO - Created Permission View: can read on DAG:example_external_task_marker_child
[2022-10-16T07:17:56.867-0300] {logging_mixin.py:117} INFO - [2022-10-16T07:17:56.867-0300] {manager.py:507} INFO - Created Permission View: can delete on DAG:example_external_task_marker_child
[2022-10-16T07:17:56.867-0300] {logging_mixin.py:117} INFO - [2022-10-16T07:17:56.867-0300] {dag.py:2573} INFO - Sync 2 DAGs
[2022-10-16T07:17:56.876-0300] {logging_mixin.py:117} INFO - [2022-10-16T07:17:56.875-0300] {dag.py:2594} INFO - Creating ORM DAG for example_external_task_marker_parent
[2022-10-16T07:17:56.876-0300] {logging_mixin.py:117} INFO - [2022-10-16T07:17:56.876-0300] {dag.py:2594} INFO - Creating ORM DAG for example_external_task_marker_child
[2022-10-16T07:17:56.883-0300] {logging_mixin.py:117} INFO - [2022-10-16T07:17:56.883-0300] {dag.py:3324} INFO - Setting next_dagrun for example_external_task_marker_child to None, run_after=None
[2022-10-16T07:17:56.883-0300] {logging_mixin.py:117} INFO - [2022-10-16T07:17:56.883-0300] {dag.py:3324} INFO - Setting next_dagrun for example_external_task_marker_parent to None, run_after=None
[2022-10-16T07:17:56.908-0300] {processor.py:178} INFO - Processing /home/renato/Documentos/datapipeline/.env/lib/python3.10/site-packages/airflow/example_dags/example_external_task_marker_dag.py took 0.315 seconds
[2022-10-16T07:18:38.206-0300] {processor.py:156} INFO - Started process (PID=5989) to work on /home/renato/Documentos/datapipeline/.env/lib/python3.10/site-packages/airflow/example_dags/example_external_task_marker_dag.py
[2022-10-16T07:18:38.209-0300] {processor.py:758} INFO - Processing file /home/renato/Documentos/datapipeline/.env/lib/python3.10/site-packages/airflow/example_dags/example_external_task_marker_dag.py for tasks to queue
[2022-10-16T07:18:38.210-0300] {logging_mixin.py:117} INFO - [2022-10-16T07:18:38.210-0300] {dagbag.py:525} INFO - Filling up the DagBag from /home/renato/Documentos/datapipeline/.env/lib/python3.10/site-packages/airflow/example_dags/example_external_task_marker_dag.py
[2022-10-16T07:18:38.230-0300] {processor.py:768} INFO - DAG(s) dict_keys(['example_external_task_marker_parent', 'example_external_task_marker_child']) retrieved from /home/renato/Documentos/datapipeline/.env/lib/python3.10/site-packages/airflow/example_dags/example_external_task_marker_dag.py
[2022-10-16T07:18:38.295-0300] {logging_mixin.py:117} INFO - [2022-10-16T07:18:38.295-0300] {dag.py:2573} INFO - Sync 2 DAGs
[2022-10-16T07:18:38.311-0300] {logging_mixin.py:117} INFO - [2022-10-16T07:18:38.310-0300] {dag.py:3324} INFO - Setting next_dagrun for example_external_task_marker_child to None, run_after=None
[2022-10-16T07:18:38.313-0300] {logging_mixin.py:117} INFO - [2022-10-16T07:18:38.313-0300] {dag.py:3324} INFO - Setting next_dagrun for example_external_task_marker_parent to None, run_after=None
[2022-10-16T07:18:38.344-0300] {processor.py:178} INFO - Processing /home/renato/Documentos/datapipeline/.env/lib/python3.10/site-packages/airflow/example_dags/example_external_task_marker_dag.py took 0.142 seconds
[2022-10-16T07:19:15.354-0300] {processor.py:156} INFO - Started process (PID=6055) to work on /home/renato/Documentos/datapipeline/.env/lib/python3.10/site-packages/airflow/example_dags/example_external_task_marker_dag.py
[2022-10-16T07:19:15.357-0300] {processor.py:758} INFO - Processing file /home/renato/Documentos/datapipeline/.env/lib/python3.10/site-packages/airflow/example_dags/example_external_task_marker_dag.py for tasks to queue
[2022-10-16T07:19:15.358-0300] {logging_mixin.py:117} INFO - [2022-10-16T07:19:15.358-0300] {dagbag.py:525} INFO - Filling up the DagBag from /home/renato/Documentos/datapipeline/.env/lib/python3.10/site-packages/airflow/example_dags/example_external_task_marker_dag.py
[2022-10-16T07:19:15.378-0300] {processor.py:768} INFO - DAG(s) dict_keys(['example_external_task_marker_parent', 'example_external_task_marker_child']) retrieved from /home/renato/Documentos/datapipeline/.env/lib/python3.10/site-packages/airflow/example_dags/example_external_task_marker_dag.py
[2022-10-16T07:19:15.444-0300] {logging_mixin.py:117} INFO - [2022-10-16T07:19:15.444-0300] {dag.py:2573} INFO - Sync 2 DAGs
[2022-10-16T07:19:15.459-0300] {logging_mixin.py:117} INFO - [2022-10-16T07:19:15.459-0300] {dag.py:3324} INFO - Setting next_dagrun for example_external_task_marker_child to None, run_after=None
[2022-10-16T07:19:15.462-0300] {logging_mixin.py:117} INFO - [2022-10-16T07:19:15.462-0300] {dag.py:3324} INFO - Setting next_dagrun for example_external_task_marker_parent to None, run_after=None
[2022-10-16T07:19:15.486-0300] {processor.py:178} INFO - Processing /home/renato/Documentos/datapipeline/.env/lib/python3.10/site-packages/airflow/example_dags/example_external_task_marker_dag.py took 0.138 seconds
[2022-10-16T07:19:53.246-0300] {processor.py:156} INFO - Started process (PID=6162) to work on /home/renato/Documentos/datapipeline/.env/lib/python3.10/site-packages/airflow/example_dags/example_external_task_marker_dag.py
[2022-10-16T07:19:53.250-0300] {processor.py:758} INFO - Processing file /home/renato/Documentos/datapipeline/.env/lib/python3.10/site-packages/airflow/example_dags/example_external_task_marker_dag.py for tasks to queue
[2022-10-16T07:19:53.251-0300] {logging_mixin.py:117} INFO - [2022-10-16T07:19:53.251-0300] {dagbag.py:525} INFO - Filling up the DagBag from /home/renato/Documentos/datapipeline/.env/lib/python3.10/site-packages/airflow/example_dags/example_external_task_marker_dag.py
[2022-10-16T07:19:53.268-0300] {processor.py:768} INFO - DAG(s) dict_keys(['example_external_task_marker_child', 'example_external_task_marker_parent']) retrieved from /home/renato/Documentos/datapipeline/.env/lib/python3.10/site-packages/airflow/example_dags/example_external_task_marker_dag.py
[2022-10-16T07:19:53.342-0300] {logging_mixin.py:117} INFO - [2022-10-16T07:19:53.341-0300] {dag.py:2573} INFO - Sync 2 DAGs
[2022-10-16T07:19:53.367-0300] {logging_mixin.py:117} INFO - [2022-10-16T07:19:53.367-0300] {dag.py:3324} INFO - Setting next_dagrun for example_external_task_marker_child to None, run_after=None
[2022-10-16T07:19:53.372-0300] {logging_mixin.py:117} INFO - [2022-10-16T07:19:53.371-0300] {dag.py:3324} INFO - Setting next_dagrun for example_external_task_marker_parent to None, run_after=None
[2022-10-16T07:19:53.400-0300] {processor.py:178} INFO - Processing /home/renato/Documentos/datapipeline/.env/lib/python3.10/site-packages/airflow/example_dags/example_external_task_marker_dag.py took 0.159 seconds
[2022-10-16T07:20:30.399-0300] {processor.py:156} INFO - Started process (PID=6355) to work on /home/renato/Documentos/datapipeline/.env/lib/python3.10/site-packages/airflow/example_dags/example_external_task_marker_dag.py
[2022-10-16T07:20:30.406-0300] {processor.py:758} INFO - Processing file /home/renato/Documentos/datapipeline/.env/lib/python3.10/site-packages/airflow/example_dags/example_external_task_marker_dag.py for tasks to queue
[2022-10-16T07:20:30.409-0300] {logging_mixin.py:117} INFO - [2022-10-16T07:20:30.408-0300] {dagbag.py:525} INFO - Filling up the DagBag from /home/renato/Documentos/datapipeline/.env/lib/python3.10/site-packages/airflow/example_dags/example_external_task_marker_dag.py
[2022-10-16T07:20:30.445-0300] {processor.py:768} INFO - DAG(s) dict_keys(['example_external_task_marker_parent', 'example_external_task_marker_child']) retrieved from /home/renato/Documentos/datapipeline/.env/lib/python3.10/site-packages/airflow/example_dags/example_external_task_marker_dag.py
[2022-10-16T07:20:30.517-0300] {logging_mixin.py:117} INFO - [2022-10-16T07:20:30.517-0300] {dag.py:2573} INFO - Sync 2 DAGs
[2022-10-16T07:20:30.533-0300] {logging_mixin.py:117} INFO - [2022-10-16T07:20:30.532-0300] {dag.py:3324} INFO - Setting next_dagrun for example_external_task_marker_child to None, run_after=None
[2022-10-16T07:20:30.535-0300] {logging_mixin.py:117} INFO - [2022-10-16T07:20:30.535-0300] {dag.py:3324} INFO - Setting next_dagrun for example_external_task_marker_parent to None, run_after=None
[2022-10-16T07:20:30.555-0300] {processor.py:178} INFO - Processing /home/renato/Documentos/datapipeline/.env/lib/python3.10/site-packages/airflow/example_dags/example_external_task_marker_dag.py took 0.166 seconds
[2022-10-16T07:21:09.359-0300] {processor.py:156} INFO - Started process (PID=6418) to work on /home/renato/Documentos/datapipeline/.env/lib/python3.10/site-packages/airflow/example_dags/example_external_task_marker_dag.py
[2022-10-16T07:21:09.363-0300] {processor.py:758} INFO - Processing file /home/renato/Documentos/datapipeline/.env/lib/python3.10/site-packages/airflow/example_dags/example_external_task_marker_dag.py for tasks to queue
[2022-10-16T07:21:09.364-0300] {logging_mixin.py:117} INFO - [2022-10-16T07:21:09.364-0300] {dagbag.py:525} INFO - Filling up the DagBag from /home/renato/Documentos/datapipeline/.env/lib/python3.10/site-packages/airflow/example_dags/example_external_task_marker_dag.py
[2022-10-16T07:21:09.381-0300] {processor.py:768} INFO - DAG(s) dict_keys(['example_external_task_marker_parent', 'example_external_task_marker_child']) retrieved from /home/renato/Documentos/datapipeline/.env/lib/python3.10/site-packages/airflow/example_dags/example_external_task_marker_dag.py
[2022-10-16T07:21:09.451-0300] {logging_mixin.py:117} INFO - [2022-10-16T07:21:09.451-0300] {dag.py:2573} INFO - Sync 2 DAGs
[2022-10-16T07:21:09.468-0300] {logging_mixin.py:117} INFO - [2022-10-16T07:21:09.468-0300] {dag.py:3324} INFO - Setting next_dagrun for example_external_task_marker_child to None, run_after=None
[2022-10-16T07:21:09.470-0300] {logging_mixin.py:117} INFO - [2022-10-16T07:21:09.470-0300] {dag.py:3324} INFO - Setting next_dagrun for example_external_task_marker_parent to None, run_after=None
[2022-10-16T07:21:09.492-0300] {processor.py:178} INFO - Processing /home/renato/Documentos/datapipeline/.env/lib/python3.10/site-packages/airflow/example_dags/example_external_task_marker_dag.py took 0.140 seconds
[2022-10-16T07:21:48.387-0300] {processor.py:156} INFO - Started process (PID=6493) to work on /home/renato/Documentos/datapipeline/.env/lib/python3.10/site-packages/airflow/example_dags/example_external_task_marker_dag.py
[2022-10-16T07:21:48.390-0300] {processor.py:758} INFO - Processing file /home/renato/Documentos/datapipeline/.env/lib/python3.10/site-packages/airflow/example_dags/example_external_task_marker_dag.py for tasks to queue
[2022-10-16T07:21:48.391-0300] {logging_mixin.py:117} INFO - [2022-10-16T07:21:48.391-0300] {dagbag.py:525} INFO - Filling up the DagBag from /home/renato/Documentos/datapipeline/.env/lib/python3.10/site-packages/airflow/example_dags/example_external_task_marker_dag.py
[2022-10-16T07:21:48.412-0300] {processor.py:768} INFO - DAG(s) dict_keys(['example_external_task_marker_child', 'example_external_task_marker_parent']) retrieved from /home/renato/Documentos/datapipeline/.env/lib/python3.10/site-packages/airflow/example_dags/example_external_task_marker_dag.py
[2022-10-16T07:21:48.481-0300] {logging_mixin.py:117} INFO - [2022-10-16T07:21:48.481-0300] {dag.py:2573} INFO - Sync 2 DAGs
[2022-10-16T07:21:48.496-0300] {logging_mixin.py:117} INFO - [2022-10-16T07:21:48.496-0300] {dag.py:3324} INFO - Setting next_dagrun for example_external_task_marker_child to None, run_after=None
[2022-10-16T07:21:48.500-0300] {logging_mixin.py:117} INFO - [2022-10-16T07:21:48.499-0300] {dag.py:3324} INFO - Setting next_dagrun for example_external_task_marker_parent to None, run_after=None
[2022-10-16T07:21:48.522-0300] {processor.py:178} INFO - Processing /home/renato/Documentos/datapipeline/.env/lib/python3.10/site-packages/airflow/example_dags/example_external_task_marker_dag.py took 0.141 seconds
[2022-10-16T07:22:25.777-0300] {processor.py:156} INFO - Started process (PID=6560) to work on /home/renato/Documentos/datapipeline/.env/lib/python3.10/site-packages/airflow/example_dags/example_external_task_marker_dag.py
[2022-10-16T07:22:25.779-0300] {processor.py:758} INFO - Processing file /home/renato/Documentos/datapipeline/.env/lib/python3.10/site-packages/airflow/example_dags/example_external_task_marker_dag.py for tasks to queue
[2022-10-16T07:22:25.780-0300] {logging_mixin.py:117} INFO - [2022-10-16T07:22:25.780-0300] {dagbag.py:525} INFO - Filling up the DagBag from /home/renato/Documentos/datapipeline/.env/lib/python3.10/site-packages/airflow/example_dags/example_external_task_marker_dag.py
[2022-10-16T07:22:25.793-0300] {processor.py:768} INFO - DAG(s) dict_keys(['example_external_task_marker_child', 'example_external_task_marker_parent']) retrieved from /home/renato/Documentos/datapipeline/.env/lib/python3.10/site-packages/airflow/example_dags/example_external_task_marker_dag.py
[2022-10-16T07:22:25.861-0300] {logging_mixin.py:117} INFO - [2022-10-16T07:22:25.861-0300] {dag.py:2573} INFO - Sync 2 DAGs
[2022-10-16T07:22:25.878-0300] {logging_mixin.py:117} INFO - [2022-10-16T07:22:25.878-0300] {dag.py:3324} INFO - Setting next_dagrun for example_external_task_marker_child to None, run_after=None
[2022-10-16T07:22:25.881-0300] {logging_mixin.py:117} INFO - [2022-10-16T07:22:25.881-0300] {dag.py:3324} INFO - Setting next_dagrun for example_external_task_marker_parent to None, run_after=None
[2022-10-16T07:22:25.903-0300] {processor.py:178} INFO - Processing /home/renato/Documentos/datapipeline/.env/lib/python3.10/site-packages/airflow/example_dags/example_external_task_marker_dag.py took 0.130 seconds
[2022-10-16T07:23:03.107-0300] {processor.py:156} INFO - Started process (PID=6622) to work on /home/renato/Documentos/datapipeline/.env/lib/python3.10/site-packages/airflow/example_dags/example_external_task_marker_dag.py
[2022-10-16T07:23:03.110-0300] {processor.py:758} INFO - Processing file /home/renato/Documentos/datapipeline/.env/lib/python3.10/site-packages/airflow/example_dags/example_external_task_marker_dag.py for tasks to queue
[2022-10-16T07:23:03.111-0300] {logging_mixin.py:117} INFO - [2022-10-16T07:23:03.110-0300] {dagbag.py:525} INFO - Filling up the DagBag from /home/renato/Documentos/datapipeline/.env/lib/python3.10/site-packages/airflow/example_dags/example_external_task_marker_dag.py
[2022-10-16T07:23:03.129-0300] {processor.py:768} INFO - DAG(s) dict_keys(['example_external_task_marker_child', 'example_external_task_marker_parent']) retrieved from /home/renato/Documentos/datapipeline/.env/lib/python3.10/site-packages/airflow/example_dags/example_external_task_marker_dag.py
[2022-10-16T07:23:03.193-0300] {logging_mixin.py:117} INFO - [2022-10-16T07:23:03.193-0300] {dag.py:2573} INFO - Sync 2 DAGs
[2022-10-16T07:23:03.210-0300] {logging_mixin.py:117} INFO - [2022-10-16T07:23:03.210-0300] {dag.py:3324} INFO - Setting next_dagrun for example_external_task_marker_child to None, run_after=None
[2022-10-16T07:23:03.214-0300] {logging_mixin.py:117} INFO - [2022-10-16T07:23:03.213-0300] {dag.py:3324} INFO - Setting next_dagrun for example_external_task_marker_parent to None, run_after=None
[2022-10-16T07:23:03.236-0300] {processor.py:178} INFO - Processing /home/renato/Documentos/datapipeline/.env/lib/python3.10/site-packages/airflow/example_dags/example_external_task_marker_dag.py took 0.132 seconds
[2022-10-16T07:23:41.283-0300] {processor.py:156} INFO - Started process (PID=6685) to work on /home/renato/Documentos/datapipeline/.env/lib/python3.10/site-packages/airflow/example_dags/example_external_task_marker_dag.py
[2022-10-16T07:23:41.285-0300] {processor.py:758} INFO - Processing file /home/renato/Documentos/datapipeline/.env/lib/python3.10/site-packages/airflow/example_dags/example_external_task_marker_dag.py for tasks to queue
[2022-10-16T07:23:41.286-0300] {logging_mixin.py:117} INFO - [2022-10-16T07:23:41.286-0300] {dagbag.py:525} INFO - Filling up the DagBag from /home/renato/Documentos/datapipeline/.env/lib/python3.10/site-packages/airflow/example_dags/example_external_task_marker_dag.py
[2022-10-16T07:23:41.307-0300] {processor.py:768} INFO - DAG(s) dict_keys(['example_external_task_marker_child', 'example_external_task_marker_parent']) retrieved from /home/renato/Documentos/datapipeline/.env/lib/python3.10/site-packages/airflow/example_dags/example_external_task_marker_dag.py
[2022-10-16T07:23:41.376-0300] {logging_mixin.py:117} INFO - [2022-10-16T07:23:41.376-0300] {dag.py:2573} INFO - Sync 2 DAGs
[2022-10-16T07:23:41.393-0300] {logging_mixin.py:117} INFO - [2022-10-16T07:23:41.393-0300] {dag.py:3324} INFO - Setting next_dagrun for example_external_task_marker_child to None, run_after=None
[2022-10-16T07:23:41.396-0300] {logging_mixin.py:117} INFO - [2022-10-16T07:23:41.396-0300] {dag.py:3324} INFO - Setting next_dagrun for example_external_task_marker_parent to None, run_after=None
[2022-10-16T07:23:41.417-0300] {processor.py:178} INFO - Processing /home/renato/Documentos/datapipeline/.env/lib/python3.10/site-packages/airflow/example_dags/example_external_task_marker_dag.py took 0.139 seconds
[2022-10-16T07:24:17.095-0300] {processor.py:156} INFO - Started process (PID=6759) to work on /home/renato/Documentos/datapipeline/.env/lib/python3.10/site-packages/airflow/example_dags/example_external_task_marker_dag.py
[2022-10-16T07:24:17.107-0300] {processor.py:758} INFO - Processing file /home/renato/Documentos/datapipeline/.env/lib/python3.10/site-packages/airflow/example_dags/example_external_task_marker_dag.py for tasks to queue
[2022-10-16T07:24:17.108-0300] {logging_mixin.py:117} INFO - [2022-10-16T07:24:17.108-0300] {dagbag.py:525} INFO - Filling up the DagBag from /home/renato/Documentos/datapipeline/.env/lib/python3.10/site-packages/airflow/example_dags/example_external_task_marker_dag.py
[2022-10-16T07:24:17.121-0300] {processor.py:768} INFO - DAG(s) dict_keys(['example_external_task_marker_parent', 'example_external_task_marker_child']) retrieved from /home/renato/Documentos/datapipeline/.env/lib/python3.10/site-packages/airflow/example_dags/example_external_task_marker_dag.py
[2022-10-16T07:24:17.188-0300] {logging_mixin.py:117} INFO - [2022-10-16T07:24:17.188-0300] {dag.py:2573} INFO - Sync 2 DAGs
[2022-10-16T07:24:17.204-0300] {logging_mixin.py:117} INFO - [2022-10-16T07:24:17.204-0300] {dag.py:3324} INFO - Setting next_dagrun for example_external_task_marker_child to None, run_after=None
[2022-10-16T07:24:17.206-0300] {logging_mixin.py:117} INFO - [2022-10-16T07:24:17.206-0300] {dag.py:3324} INFO - Setting next_dagrun for example_external_task_marker_parent to None, run_after=None
[2022-10-16T07:24:17.272-0300] {processor.py:178} INFO - Processing /home/renato/Documentos/datapipeline/.env/lib/python3.10/site-packages/airflow/example_dags/example_external_task_marker_dag.py took 0.181 seconds
[2022-10-16T07:24:56.324-0300] {processor.py:156} INFO - Started process (PID=6829) to work on /home/renato/Documentos/datapipeline/.env/lib/python3.10/site-packages/airflow/example_dags/example_external_task_marker_dag.py
[2022-10-16T07:24:56.326-0300] {processor.py:758} INFO - Processing file /home/renato/Documentos/datapipeline/.env/lib/python3.10/site-packages/airflow/example_dags/example_external_task_marker_dag.py for tasks to queue
[2022-10-16T07:24:56.326-0300] {logging_mixin.py:117} INFO - [2022-10-16T07:24:56.326-0300] {dagbag.py:525} INFO - Filling up the DagBag from /home/renato/Documentos/datapipeline/.env/lib/python3.10/site-packages/airflow/example_dags/example_external_task_marker_dag.py
[2022-10-16T07:24:56.342-0300] {processor.py:768} INFO - DAG(s) dict_keys(['example_external_task_marker_child', 'example_external_task_marker_parent']) retrieved from /home/renato/Documentos/datapipeline/.env/lib/python3.10/site-packages/airflow/example_dags/example_external_task_marker_dag.py
[2022-10-16T07:24:56.413-0300] {logging_mixin.py:117} INFO - [2022-10-16T07:24:56.413-0300] {dag.py:2573} INFO - Sync 2 DAGs
[2022-10-16T07:24:56.430-0300] {logging_mixin.py:117} INFO - [2022-10-16T07:24:56.430-0300] {dag.py:3324} INFO - Setting next_dagrun for example_external_task_marker_child to None, run_after=None
[2022-10-16T07:24:56.434-0300] {logging_mixin.py:117} INFO - [2022-10-16T07:24:56.434-0300] {dag.py:3324} INFO - Setting next_dagrun for example_external_task_marker_parent to None, run_after=None
[2022-10-16T07:24:56.457-0300] {processor.py:178} INFO - Processing /home/renato/Documentos/datapipeline/.env/lib/python3.10/site-packages/airflow/example_dags/example_external_task_marker_dag.py took 0.137 seconds
[2022-10-16T07:25:33.332-0300] {processor.py:156} INFO - Started process (PID=7020) to work on /home/renato/Documentos/datapipeline/.env/lib/python3.10/site-packages/airflow/example_dags/example_external_task_marker_dag.py
[2022-10-16T07:25:33.335-0300] {processor.py:758} INFO - Processing file /home/renato/Documentos/datapipeline/.env/lib/python3.10/site-packages/airflow/example_dags/example_external_task_marker_dag.py for tasks to queue
[2022-10-16T07:25:33.336-0300] {logging_mixin.py:117} INFO - [2022-10-16T07:25:33.336-0300] {dagbag.py:525} INFO - Filling up the DagBag from /home/renato/Documentos/datapipeline/.env/lib/python3.10/site-packages/airflow/example_dags/example_external_task_marker_dag.py
[2022-10-16T07:25:33.355-0300] {processor.py:768} INFO - DAG(s) dict_keys(['example_external_task_marker_child', 'example_external_task_marker_parent']) retrieved from /home/renato/Documentos/datapipeline/.env/lib/python3.10/site-packages/airflow/example_dags/example_external_task_marker_dag.py
[2022-10-16T07:25:33.430-0300] {logging_mixin.py:117} INFO - [2022-10-16T07:25:33.430-0300] {dag.py:2573} INFO - Sync 2 DAGs
[2022-10-16T07:25:33.449-0300] {logging_mixin.py:117} INFO - [2022-10-16T07:25:33.449-0300] {dag.py:3324} INFO - Setting next_dagrun for example_external_task_marker_child to None, run_after=None
[2022-10-16T07:25:33.452-0300] {logging_mixin.py:117} INFO - [2022-10-16T07:25:33.452-0300] {dag.py:3324} INFO - Setting next_dagrun for example_external_task_marker_parent to None, run_after=None
[2022-10-16T07:25:33.475-0300] {processor.py:178} INFO - Processing /home/renato/Documentos/datapipeline/.env/lib/python3.10/site-packages/airflow/example_dags/example_external_task_marker_dag.py took 0.150 seconds
[2022-10-16T07:26:11.448-0300] {processor.py:156} INFO - Started process (PID=7083) to work on /home/renato/Documentos/datapipeline/.env/lib/python3.10/site-packages/airflow/example_dags/example_external_task_marker_dag.py
[2022-10-16T07:26:11.455-0300] {processor.py:758} INFO - Processing file /home/renato/Documentos/datapipeline/.env/lib/python3.10/site-packages/airflow/example_dags/example_external_task_marker_dag.py for tasks to queue
[2022-10-16T07:26:11.457-0300] {logging_mixin.py:117} INFO - [2022-10-16T07:26:11.457-0300] {dagbag.py:525} INFO - Filling up the DagBag from /home/renato/Documentos/datapipeline/.env/lib/python3.10/site-packages/airflow/example_dags/example_external_task_marker_dag.py
[2022-10-16T07:26:11.477-0300] {processor.py:768} INFO - DAG(s) dict_keys(['example_external_task_marker_parent', 'example_external_task_marker_child']) retrieved from /home/renato/Documentos/datapipeline/.env/lib/python3.10/site-packages/airflow/example_dags/example_external_task_marker_dag.py
[2022-10-16T07:26:11.546-0300] {logging_mixin.py:117} INFO - [2022-10-16T07:26:11.546-0300] {dag.py:2573} INFO - Sync 2 DAGs
[2022-10-16T07:26:11.564-0300] {logging_mixin.py:117} INFO - [2022-10-16T07:26:11.564-0300] {dag.py:3324} INFO - Setting next_dagrun for example_external_task_marker_child to None, run_after=None
[2022-10-16T07:26:11.566-0300] {logging_mixin.py:117} INFO - [2022-10-16T07:26:11.566-0300] {dag.py:3324} INFO - Setting next_dagrun for example_external_task_marker_parent to None, run_after=None
[2022-10-16T07:26:11.593-0300] {processor.py:178} INFO - Processing /home/renato/Documentos/datapipeline/.env/lib/python3.10/site-packages/airflow/example_dags/example_external_task_marker_dag.py took 0.148 seconds
[2022-10-16T07:26:52.274-0300] {processor.py:156} INFO - Started process (PID=7169) to work on /home/renato/Documentos/datapipeline/.env/lib/python3.10/site-packages/airflow/example_dags/example_external_task_marker_dag.py
[2022-10-16T07:26:52.277-0300] {processor.py:758} INFO - Processing file /home/renato/Documentos/datapipeline/.env/lib/python3.10/site-packages/airflow/example_dags/example_external_task_marker_dag.py for tasks to queue
[2022-10-16T07:26:52.278-0300] {logging_mixin.py:117} INFO - [2022-10-16T07:26:52.278-0300] {dagbag.py:525} INFO - Filling up the DagBag from /home/renato/Documentos/datapipeline/.env/lib/python3.10/site-packages/airflow/example_dags/example_external_task_marker_dag.py
[2022-10-16T07:26:52.300-0300] {processor.py:768} INFO - DAG(s) dict_keys(['example_external_task_marker_parent', 'example_external_task_marker_child']) retrieved from /home/renato/Documentos/datapipeline/.env/lib/python3.10/site-packages/airflow/example_dags/example_external_task_marker_dag.py
[2022-10-16T07:26:52.363-0300] {logging_mixin.py:117} INFO - [2022-10-16T07:26:52.362-0300] {dag.py:2573} INFO - Sync 2 DAGs
[2022-10-16T07:26:52.379-0300] {logging_mixin.py:117} INFO - [2022-10-16T07:26:52.378-0300] {dag.py:3324} INFO - Setting next_dagrun for example_external_task_marker_child to None, run_after=None
[2022-10-16T07:26:52.381-0300] {logging_mixin.py:117} INFO - [2022-10-16T07:26:52.381-0300] {dag.py:3324} INFO - Setting next_dagrun for example_external_task_marker_parent to None, run_after=None
[2022-10-16T07:26:52.403-0300] {processor.py:178} INFO - Processing /home/renato/Documentos/datapipeline/.env/lib/python3.10/site-packages/airflow/example_dags/example_external_task_marker_dag.py took 0.134 seconds
[2022-10-16T07:27:28.172-0300] {processor.py:156} INFO - Started process (PID=7238) to work on /home/renato/Documentos/datapipeline/.env/lib/python3.10/site-packages/airflow/example_dags/example_external_task_marker_dag.py
[2022-10-16T07:27:28.174-0300] {processor.py:758} INFO - Processing file /home/renato/Documentos/datapipeline/.env/lib/python3.10/site-packages/airflow/example_dags/example_external_task_marker_dag.py for tasks to queue
[2022-10-16T07:27:28.174-0300] {logging_mixin.py:117} INFO - [2022-10-16T07:27:28.174-0300] {dagbag.py:525} INFO - Filling up the DagBag from /home/renato/Documentos/datapipeline/.env/lib/python3.10/site-packages/airflow/example_dags/example_external_task_marker_dag.py
[2022-10-16T07:27:28.187-0300] {processor.py:768} INFO - DAG(s) dict_keys(['example_external_task_marker_child', 'example_external_task_marker_parent']) retrieved from /home/renato/Documentos/datapipeline/.env/lib/python3.10/site-packages/airflow/example_dags/example_external_task_marker_dag.py
[2022-10-16T07:27:28.255-0300] {logging_mixin.py:117} INFO - [2022-10-16T07:27:28.255-0300] {dag.py:2573} INFO - Sync 2 DAGs
[2022-10-16T07:27:28.272-0300] {logging_mixin.py:117} INFO - [2022-10-16T07:27:28.272-0300] {dag.py:3324} INFO - Setting next_dagrun for example_external_task_marker_child to None, run_after=None
[2022-10-16T07:27:28.275-0300] {logging_mixin.py:117} INFO - [2022-10-16T07:27:28.275-0300] {dag.py:3324} INFO - Setting next_dagrun for example_external_task_marker_parent to None, run_after=None
[2022-10-16T07:27:28.298-0300] {processor.py:178} INFO - Processing /home/renato/Documentos/datapipeline/.env/lib/python3.10/site-packages/airflow/example_dags/example_external_task_marker_dag.py took 0.129 seconds
[2022-10-16T07:28:07.327-0300] {processor.py:156} INFO - Started process (PID=7307) to work on /home/renato/Documentos/datapipeline/.env/lib/python3.10/site-packages/airflow/example_dags/example_external_task_marker_dag.py
[2022-10-16T07:28:07.333-0300] {processor.py:758} INFO - Processing file /home/renato/Documentos/datapipeline/.env/lib/python3.10/site-packages/airflow/example_dags/example_external_task_marker_dag.py for tasks to queue
[2022-10-16T07:28:07.334-0300] {logging_mixin.py:117} INFO - [2022-10-16T07:28:07.333-0300] {dagbag.py:525} INFO - Filling up the DagBag from /home/renato/Documentos/datapipeline/.env/lib/python3.10/site-packages/airflow/example_dags/example_external_task_marker_dag.py
[2022-10-16T07:28:07.356-0300] {processor.py:768} INFO - DAG(s) dict_keys(['example_external_task_marker_child', 'example_external_task_marker_parent']) retrieved from /home/renato/Documentos/datapipeline/.env/lib/python3.10/site-packages/airflow/example_dags/example_external_task_marker_dag.py
[2022-10-16T07:28:07.420-0300] {logging_mixin.py:117} INFO - [2022-10-16T07:28:07.420-0300] {dag.py:2573} INFO - Sync 2 DAGs
[2022-10-16T07:28:07.435-0300] {logging_mixin.py:117} INFO - [2022-10-16T07:28:07.435-0300] {dag.py:3324} INFO - Setting next_dagrun for example_external_task_marker_child to None, run_after=None
[2022-10-16T07:28:07.437-0300] {logging_mixin.py:117} INFO - [2022-10-16T07:28:07.437-0300] {dag.py:3324} INFO - Setting next_dagrun for example_external_task_marker_parent to None, run_after=None
[2022-10-16T07:28:07.457-0300] {processor.py:178} INFO - Processing /home/renato/Documentos/datapipeline/.env/lib/python3.10/site-packages/airflow/example_dags/example_external_task_marker_dag.py took 0.139 seconds
[2022-10-16T07:28:48.430-0300] {processor.py:156} INFO - Started process (PID=7382) to work on /home/renato/Documentos/datapipeline/.env/lib/python3.10/site-packages/airflow/example_dags/example_external_task_marker_dag.py
[2022-10-16T07:28:48.433-0300] {processor.py:758} INFO - Processing file /home/renato/Documentos/datapipeline/.env/lib/python3.10/site-packages/airflow/example_dags/example_external_task_marker_dag.py for tasks to queue
[2022-10-16T07:28:48.434-0300] {logging_mixin.py:117} INFO - [2022-10-16T07:28:48.434-0300] {dagbag.py:525} INFO - Filling up the DagBag from /home/renato/Documentos/datapipeline/.env/lib/python3.10/site-packages/airflow/example_dags/example_external_task_marker_dag.py
[2022-10-16T07:28:48.460-0300] {processor.py:768} INFO - DAG(s) dict_keys(['example_external_task_marker_child', 'example_external_task_marker_parent']) retrieved from /home/renato/Documentos/datapipeline/.env/lib/python3.10/site-packages/airflow/example_dags/example_external_task_marker_dag.py
[2022-10-16T07:28:48.527-0300] {logging_mixin.py:117} INFO - [2022-10-16T07:28:48.527-0300] {dag.py:2573} INFO - Sync 2 DAGs
[2022-10-16T07:28:48.543-0300] {logging_mixin.py:117} INFO - [2022-10-16T07:28:48.543-0300] {dag.py:3324} INFO - Setting next_dagrun for example_external_task_marker_child to None, run_after=None
[2022-10-16T07:28:48.546-0300] {logging_mixin.py:117} INFO - [2022-10-16T07:28:48.546-0300] {dag.py:3324} INFO - Setting next_dagrun for example_external_task_marker_parent to None, run_after=None
[2022-10-16T07:28:48.570-0300] {processor.py:178} INFO - Processing /home/renato/Documentos/datapipeline/.env/lib/python3.10/site-packages/airflow/example_dags/example_external_task_marker_dag.py took 0.147 seconds
[2022-10-16T07:29:33.368-0300] {processor.py:156} INFO - Started process (PID=7460) to work on /home/renato/Documentos/datapipeline/.env/lib/python3.10/site-packages/airflow/example_dags/example_external_task_marker_dag.py
[2022-10-16T07:29:33.374-0300] {processor.py:758} INFO - Processing file /home/renato/Documentos/datapipeline/.env/lib/python3.10/site-packages/airflow/example_dags/example_external_task_marker_dag.py for tasks to queue
[2022-10-16T07:29:33.374-0300] {logging_mixin.py:117} INFO - [2022-10-16T07:29:33.374-0300] {dagbag.py:525} INFO - Filling up the DagBag from /home/renato/Documentos/datapipeline/.env/lib/python3.10/site-packages/airflow/example_dags/example_external_task_marker_dag.py
[2022-10-16T07:29:33.392-0300] {processor.py:768} INFO - DAG(s) dict_keys(['example_external_task_marker_child', 'example_external_task_marker_parent']) retrieved from /home/renato/Documentos/datapipeline/.env/lib/python3.10/site-packages/airflow/example_dags/example_external_task_marker_dag.py
[2022-10-16T07:29:33.470-0300] {logging_mixin.py:117} INFO - [2022-10-16T07:29:33.470-0300] {dag.py:2573} INFO - Sync 2 DAGs
[2022-10-16T07:29:33.489-0300] {logging_mixin.py:117} INFO - [2022-10-16T07:29:33.489-0300] {dag.py:3324} INFO - Setting next_dagrun for example_external_task_marker_child to None, run_after=None
[2022-10-16T07:29:33.492-0300] {logging_mixin.py:117} INFO - [2022-10-16T07:29:33.492-0300] {dag.py:3324} INFO - Setting next_dagrun for example_external_task_marker_parent to None, run_after=None
[2022-10-16T07:29:33.519-0300] {processor.py:178} INFO - Processing /home/renato/Documentos/datapipeline/.env/lib/python3.10/site-packages/airflow/example_dags/example_external_task_marker_dag.py took 0.153 seconds
[2022-10-16T07:31:14.386-0300] {processor.py:156} INFO - Started process (PID=7845) to work on /home/renato/Documentos/datapipeline/.env/lib/python3.10/site-packages/airflow/example_dags/example_external_task_marker_dag.py
[2022-10-16T07:31:14.388-0300] {processor.py:758} INFO - Processing file /home/renato/Documentos/datapipeline/.env/lib/python3.10/site-packages/airflow/example_dags/example_external_task_marker_dag.py for tasks to queue
[2022-10-16T07:31:14.388-0300] {logging_mixin.py:117} INFO - [2022-10-16T07:31:14.388-0300] {dagbag.py:525} INFO - Filling up the DagBag from /home/renato/Documentos/datapipeline/.env/lib/python3.10/site-packages/airflow/example_dags/example_external_task_marker_dag.py
[2022-10-16T07:31:14.400-0300] {processor.py:768} INFO - DAG(s) dict_keys(['example_external_task_marker_child', 'example_external_task_marker_parent']) retrieved from /home/renato/Documentos/datapipeline/.env/lib/python3.10/site-packages/airflow/example_dags/example_external_task_marker_dag.py
[2022-10-16T07:31:14.471-0300] {logging_mixin.py:117} INFO - [2022-10-16T07:31:14.471-0300] {dag.py:2573} INFO - Sync 2 DAGs
[2022-10-16T07:31:14.487-0300] {logging_mixin.py:117} INFO - [2022-10-16T07:31:14.487-0300] {dag.py:3324} INFO - Setting next_dagrun for example_external_task_marker_child to None, run_after=None
[2022-10-16T07:31:14.489-0300] {logging_mixin.py:117} INFO - [2022-10-16T07:31:14.489-0300] {dag.py:3324} INFO - Setting next_dagrun for example_external_task_marker_parent to None, run_after=None
[2022-10-16T07:31:14.511-0300] {processor.py:178} INFO - Processing /home/renato/Documentos/datapipeline/.env/lib/python3.10/site-packages/airflow/example_dags/example_external_task_marker_dag.py took 0.128 seconds
[2022-10-16T08:30:48.054-0300] {processor.py:156} INFO - Started process (PID=2582) to work on /home/renato/Documentos/datapipeline/.env/lib/python3.10/site-packages/airflow/example_dags/example_external_task_marker_dag.py
[2022-10-16T08:30:48.057-0300] {processor.py:758} INFO - Processing file /home/renato/Documentos/datapipeline/.env/lib/python3.10/site-packages/airflow/example_dags/example_external_task_marker_dag.py for tasks to queue
[2022-10-16T08:30:48.058-0300] {logging_mixin.py:117} INFO - [2022-10-16T08:30:48.058-0300] {dagbag.py:525} INFO - Filling up the DagBag from /home/renato/Documentos/datapipeline/.env/lib/python3.10/site-packages/airflow/example_dags/example_external_task_marker_dag.py
[2022-10-16T08:30:48.083-0300] {processor.py:768} INFO - DAG(s) dict_keys(['example_external_task_marker_parent', 'example_external_task_marker_child']) retrieved from /home/renato/Documentos/datapipeline/.env/lib/python3.10/site-packages/airflow/example_dags/example_external_task_marker_dag.py
[2022-10-16T08:30:48.147-0300] {logging_mixin.py:117} INFO - [2022-10-16T08:30:48.146-0300] {dag.py:2573} INFO - Sync 2 DAGs
[2022-10-16T08:30:48.162-0300] {logging_mixin.py:117} INFO - [2022-10-16T08:30:48.162-0300] {dag.py:3324} INFO - Setting next_dagrun for example_external_task_marker_child to None, run_after=None
[2022-10-16T08:30:48.165-0300] {logging_mixin.py:117} INFO - [2022-10-16T08:30:48.165-0300] {dag.py:3324} INFO - Setting next_dagrun for example_external_task_marker_parent to None, run_after=None
[2022-10-16T08:30:48.186-0300] {processor.py:178} INFO - Processing /home/renato/Documentos/datapipeline/.env/lib/python3.10/site-packages/airflow/example_dags/example_external_task_marker_dag.py took 0.137 seconds
[2022-10-16T08:31:24.683-0300] {processor.py:156} INFO - Started process (PID=2638) to work on /home/renato/Documentos/datapipeline/.env/lib/python3.10/site-packages/airflow/example_dags/example_external_task_marker_dag.py
[2022-10-16T08:31:24.688-0300] {processor.py:758} INFO - Processing file /home/renato/Documentos/datapipeline/.env/lib/python3.10/site-packages/airflow/example_dags/example_external_task_marker_dag.py for tasks to queue
[2022-10-16T08:31:24.689-0300] {logging_mixin.py:117} INFO - [2022-10-16T08:31:24.689-0300] {dagbag.py:525} INFO - Filling up the DagBag from /home/renato/Documentos/datapipeline/.env/lib/python3.10/site-packages/airflow/example_dags/example_external_task_marker_dag.py
[2022-10-16T08:31:24.710-0300] {processor.py:768} INFO - DAG(s) dict_keys(['example_external_task_marker_child', 'example_external_task_marker_parent']) retrieved from /home/renato/Documentos/datapipeline/.env/lib/python3.10/site-packages/airflow/example_dags/example_external_task_marker_dag.py
[2022-10-16T08:31:24.774-0300] {logging_mixin.py:117} INFO - [2022-10-16T08:31:24.774-0300] {dag.py:2573} INFO - Sync 2 DAGs
[2022-10-16T08:31:24.789-0300] {logging_mixin.py:117} INFO - [2022-10-16T08:31:24.789-0300] {dag.py:3324} INFO - Setting next_dagrun for example_external_task_marker_child to None, run_after=None
[2022-10-16T08:31:24.792-0300] {logging_mixin.py:117} INFO - [2022-10-16T08:31:24.792-0300] {dag.py:3324} INFO - Setting next_dagrun for example_external_task_marker_parent to None, run_after=None
[2022-10-16T08:31:24.824-0300] {processor.py:178} INFO - Processing /home/renato/Documentos/datapipeline/.env/lib/python3.10/site-packages/airflow/example_dags/example_external_task_marker_dag.py took 0.147 seconds
[2022-10-16T08:32:05.181-0300] {processor.py:156} INFO - Started process (PID=2681) to work on /home/renato/Documentos/datapipeline/.env/lib/python3.10/site-packages/airflow/example_dags/example_external_task_marker_dag.py
[2022-10-16T08:32:05.185-0300] {processor.py:758} INFO - Processing file /home/renato/Documentos/datapipeline/.env/lib/python3.10/site-packages/airflow/example_dags/example_external_task_marker_dag.py for tasks to queue
[2022-10-16T08:32:05.186-0300] {logging_mixin.py:117} INFO - [2022-10-16T08:32:05.186-0300] {dagbag.py:525} INFO - Filling up the DagBag from /home/renato/Documentos/datapipeline/.env/lib/python3.10/site-packages/airflow/example_dags/example_external_task_marker_dag.py
[2022-10-16T08:32:05.212-0300] {processor.py:768} INFO - DAG(s) dict_keys(['example_external_task_marker_child', 'example_external_task_marker_parent']) retrieved from /home/renato/Documentos/datapipeline/.env/lib/python3.10/site-packages/airflow/example_dags/example_external_task_marker_dag.py
[2022-10-16T08:32:05.282-0300] {logging_mixin.py:117} INFO - [2022-10-16T08:32:05.282-0300] {dag.py:2573} INFO - Sync 2 DAGs
[2022-10-16T08:32:05.297-0300] {logging_mixin.py:117} INFO - [2022-10-16T08:32:05.297-0300] {dag.py:3324} INFO - Setting next_dagrun for example_external_task_marker_child to None, run_after=None
[2022-10-16T08:32:05.299-0300] {logging_mixin.py:117} INFO - [2022-10-16T08:32:05.299-0300] {dag.py:3324} INFO - Setting next_dagrun for example_external_task_marker_parent to None, run_after=None
[2022-10-16T08:32:05.320-0300] {processor.py:178} INFO - Processing /home/renato/Documentos/datapipeline/.env/lib/python3.10/site-packages/airflow/example_dags/example_external_task_marker_dag.py took 0.143 seconds
[2022-10-16T08:32:42.466-0300] {processor.py:156} INFO - Started process (PID=3134) to work on /home/renato/Documentos/datapipeline/.env/lib/python3.10/site-packages/airflow/example_dags/example_external_task_marker_dag.py
[2022-10-16T08:32:42.468-0300] {processor.py:758} INFO - Processing file /home/renato/Documentos/datapipeline/.env/lib/python3.10/site-packages/airflow/example_dags/example_external_task_marker_dag.py for tasks to queue
[2022-10-16T08:32:42.469-0300] {logging_mixin.py:117} INFO - [2022-10-16T08:32:42.469-0300] {dagbag.py:525} INFO - Filling up the DagBag from /home/renato/Documentos/datapipeline/.env/lib/python3.10/site-packages/airflow/example_dags/example_external_task_marker_dag.py
[2022-10-16T08:32:42.495-0300] {processor.py:768} INFO - DAG(s) dict_keys(['example_external_task_marker_child', 'example_external_task_marker_parent']) retrieved from /home/renato/Documentos/datapipeline/.env/lib/python3.10/site-packages/airflow/example_dags/example_external_task_marker_dag.py
[2022-10-16T08:32:42.564-0300] {logging_mixin.py:117} INFO - [2022-10-16T08:32:42.564-0300] {dag.py:2573} INFO - Sync 2 DAGs
[2022-10-16T08:32:42.579-0300] {logging_mixin.py:117} INFO - [2022-10-16T08:32:42.579-0300] {dag.py:3324} INFO - Setting next_dagrun for example_external_task_marker_child to None, run_after=None
[2022-10-16T08:32:42.581-0300] {logging_mixin.py:117} INFO - [2022-10-16T08:32:42.581-0300] {dag.py:3324} INFO - Setting next_dagrun for example_external_task_marker_parent to None, run_after=None
[2022-10-16T08:32:42.602-0300] {processor.py:178} INFO - Processing /home/renato/Documentos/datapipeline/.env/lib/python3.10/site-packages/airflow/example_dags/example_external_task_marker_dag.py took 0.142 seconds
[2022-10-16T08:33:21.369-0300] {processor.py:156} INFO - Started process (PID=3173) to work on /home/renato/Documentos/datapipeline/.env/lib/python3.10/site-packages/airflow/example_dags/example_external_task_marker_dag.py
[2022-10-16T08:33:21.371-0300] {processor.py:758} INFO - Processing file /home/renato/Documentos/datapipeline/.env/lib/python3.10/site-packages/airflow/example_dags/example_external_task_marker_dag.py for tasks to queue
[2022-10-16T08:33:21.372-0300] {logging_mixin.py:117} INFO - [2022-10-16T08:33:21.372-0300] {dagbag.py:525} INFO - Filling up the DagBag from /home/renato/Documentos/datapipeline/.env/lib/python3.10/site-packages/airflow/example_dags/example_external_task_marker_dag.py
[2022-10-16T08:33:21.399-0300] {processor.py:768} INFO - DAG(s) dict_keys(['example_external_task_marker_parent', 'example_external_task_marker_child']) retrieved from /home/renato/Documentos/datapipeline/.env/lib/python3.10/site-packages/airflow/example_dags/example_external_task_marker_dag.py
[2022-10-16T08:33:21.475-0300] {logging_mixin.py:117} INFO - [2022-10-16T08:33:21.474-0300] {dag.py:2573} INFO - Sync 2 DAGs
[2022-10-16T08:33:21.490-0300] {logging_mixin.py:117} INFO - [2022-10-16T08:33:21.490-0300] {dag.py:3324} INFO - Setting next_dagrun for example_external_task_marker_child to None, run_after=None
[2022-10-16T08:33:21.492-0300] {logging_mixin.py:117} INFO - [2022-10-16T08:33:21.492-0300] {dag.py:3324} INFO - Setting next_dagrun for example_external_task_marker_parent to None, run_after=None
[2022-10-16T08:33:21.528-0300] {processor.py:178} INFO - Processing /home/renato/Documentos/datapipeline/.env/lib/python3.10/site-packages/airflow/example_dags/example_external_task_marker_dag.py took 0.165 seconds
[2022-10-16T08:34:04.875-0300] {processor.py:156} INFO - Started process (PID=3218) to work on /home/renato/Documentos/datapipeline/.env/lib/python3.10/site-packages/airflow/example_dags/example_external_task_marker_dag.py
[2022-10-16T08:34:04.878-0300] {processor.py:758} INFO - Processing file /home/renato/Documentos/datapipeline/.env/lib/python3.10/site-packages/airflow/example_dags/example_external_task_marker_dag.py for tasks to queue
[2022-10-16T08:34:04.879-0300] {logging_mixin.py:117} INFO - [2022-10-16T08:34:04.879-0300] {dagbag.py:525} INFO - Filling up the DagBag from /home/renato/Documentos/datapipeline/.env/lib/python3.10/site-packages/airflow/example_dags/example_external_task_marker_dag.py
[2022-10-16T08:34:04.903-0300] {processor.py:768} INFO - DAG(s) dict_keys(['example_external_task_marker_child', 'example_external_task_marker_parent']) retrieved from /home/renato/Documentos/datapipeline/.env/lib/python3.10/site-packages/airflow/example_dags/example_external_task_marker_dag.py
[2022-10-16T08:34:04.971-0300] {logging_mixin.py:117} INFO - [2022-10-16T08:34:04.971-0300] {dag.py:2573} INFO - Sync 2 DAGs
[2022-10-16T08:34:04.986-0300] {logging_mixin.py:117} INFO - [2022-10-16T08:34:04.986-0300] {dag.py:3324} INFO - Setting next_dagrun for example_external_task_marker_child to None, run_after=None
[2022-10-16T08:34:04.988-0300] {logging_mixin.py:117} INFO - [2022-10-16T08:34:04.988-0300] {dag.py:3324} INFO - Setting next_dagrun for example_external_task_marker_parent to None, run_after=None
[2022-10-16T08:34:05.009-0300] {processor.py:178} INFO - Processing /home/renato/Documentos/datapipeline/.env/lib/python3.10/site-packages/airflow/example_dags/example_external_task_marker_dag.py took 0.138 seconds
[2022-10-16T08:35:48.702-0300] {processor.py:156} INFO - Started process (PID=3391) to work on /home/renato/Documentos/datapipeline/.env/lib/python3.10/site-packages/airflow/example_dags/example_external_task_marker_dag.py
[2022-10-16T08:35:48.704-0300] {processor.py:758} INFO - Processing file /home/renato/Documentos/datapipeline/.env/lib/python3.10/site-packages/airflow/example_dags/example_external_task_marker_dag.py for tasks to queue
[2022-10-16T08:35:48.705-0300] {logging_mixin.py:117} INFO - [2022-10-16T08:35:48.705-0300] {dagbag.py:525} INFO - Filling up the DagBag from /home/renato/Documentos/datapipeline/.env/lib/python3.10/site-packages/airflow/example_dags/example_external_task_marker_dag.py
[2022-10-16T08:35:48.717-0300] {processor.py:768} INFO - DAG(s) dict_keys(['example_external_task_marker_parent', 'example_external_task_marker_child']) retrieved from /home/renato/Documentos/datapipeline/.env/lib/python3.10/site-packages/airflow/example_dags/example_external_task_marker_dag.py
[2022-10-16T08:35:48.786-0300] {logging_mixin.py:117} INFO - [2022-10-16T08:35:48.786-0300] {dag.py:2573} INFO - Sync 2 DAGs
[2022-10-16T08:35:48.810-0300] {logging_mixin.py:117} INFO - [2022-10-16T08:35:48.810-0300] {dag.py:3324} INFO - Setting next_dagrun for example_external_task_marker_child to None, run_after=None
[2022-10-16T08:35:48.814-0300] {logging_mixin.py:117} INFO - [2022-10-16T08:35:48.814-0300] {dag.py:3324} INFO - Setting next_dagrun for example_external_task_marker_parent to None, run_after=None
[2022-10-16T08:35:48.847-0300] {processor.py:178} INFO - Processing /home/renato/Documentos/datapipeline/.env/lib/python3.10/site-packages/airflow/example_dags/example_external_task_marker_dag.py took 0.148 seconds
