[2022-10-16T07:17:43.540-0300] {processor.py:156} INFO - Started process (PID=5883) to work on /home/renato/Documentos/datapipeline/.env/lib/python3.10/site-packages/airflow/example_dags/example_task_group_decorator.py
[2022-10-16T07:17:43.541-0300] {processor.py:758} INFO - Processing file /home/renato/Documentos/datapipeline/.env/lib/python3.10/site-packages/airflow/example_dags/example_task_group_decorator.py for tasks to queue
[2022-10-16T07:17:43.542-0300] {logging_mixin.py:117} INFO - [2022-10-16T07:17:43.541-0300] {dagbag.py:525} INFO - Filling up the DagBag from /home/renato/Documentos/datapipeline/.env/lib/python3.10/site-packages/airflow/example_dags/example_task_group_decorator.py
[2022-10-16T07:17:43.583-0300] {processor.py:768} INFO - DAG(s) dict_keys(['example_task_group_decorator']) retrieved from /home/renato/Documentos/datapipeline/.env/lib/python3.10/site-packages/airflow/example_dags/example_task_group_decorator.py
[2022-10-16T07:17:43.680-0300] {logging_mixin.py:117} INFO - [2022-10-16T07:17:43.680-0300] {manager.py:507} INFO - Created Permission View: can edit on DAG:example_task_group_decorator
[2022-10-16T07:17:43.693-0300] {logging_mixin.py:117} INFO - [2022-10-16T07:17:43.693-0300] {manager.py:507} INFO - Created Permission View: can read on DAG:example_task_group_decorator
[2022-10-16T07:17:43.704-0300] {logging_mixin.py:117} INFO - [2022-10-16T07:17:43.704-0300] {manager.py:507} INFO - Created Permission View: can delete on DAG:example_task_group_decorator
[2022-10-16T07:17:43.704-0300] {logging_mixin.py:117} INFO - [2022-10-16T07:17:43.704-0300] {dag.py:2573} INFO - Sync 1 DAGs
[2022-10-16T07:17:43.712-0300] {logging_mixin.py:117} INFO - [2022-10-16T07:17:43.712-0300] {dag.py:2594} INFO - Creating ORM DAG for example_task_group_decorator
[2022-10-16T07:17:43.721-0300] {logging_mixin.py:117} INFO - [2022-10-16T07:17:43.720-0300] {dag.py:3324} INFO - Setting next_dagrun for example_task_group_decorator to 2022-10-15T10:17:43.720725+00:00, run_after=2022-10-16T10:17:43.720725+00:00
[2022-10-16T07:17:43.744-0300] {processor.py:178} INFO - Processing /home/renato/Documentos/datapipeline/.env/lib/python3.10/site-packages/airflow/example_dags/example_task_group_decorator.py took 0.215 seconds
[2022-10-16T07:18:26.713-0300] {processor.py:156} INFO - Started process (PID=5967) to work on /home/renato/Documentos/datapipeline/.env/lib/python3.10/site-packages/airflow/example_dags/example_task_group_decorator.py
[2022-10-16T07:18:26.774-0300] {processor.py:758} INFO - Processing file /home/renato/Documentos/datapipeline/.env/lib/python3.10/site-packages/airflow/example_dags/example_task_group_decorator.py for tasks to queue
[2022-10-16T07:18:26.775-0300] {logging_mixin.py:117} INFO - [2022-10-16T07:18:26.775-0300] {dagbag.py:525} INFO - Filling up the DagBag from /home/renato/Documentos/datapipeline/.env/lib/python3.10/site-packages/airflow/example_dags/example_task_group_decorator.py
[2022-10-16T07:18:26.819-0300] {processor.py:768} INFO - DAG(s) dict_keys(['example_task_group_decorator']) retrieved from /home/renato/Documentos/datapipeline/.env/lib/python3.10/site-packages/airflow/example_dags/example_task_group_decorator.py
[2022-10-16T07:18:26.840-0300] {logging_mixin.py:117} INFO - [2022-10-16T07:18:26.840-0300] {dag.py:2573} INFO - Sync 1 DAGs
[2022-10-16T07:18:26.857-0300] {logging_mixin.py:117} INFO - [2022-10-16T07:18:26.857-0300] {dag.py:3324} INFO - Setting next_dagrun for example_task_group_decorator to 2022-10-15T10:18:26.856981+00:00, run_after=2022-10-16T10:18:26.856981+00:00
[2022-10-16T07:18:26.891-0300] {processor.py:178} INFO - Processing /home/renato/Documentos/datapipeline/.env/lib/python3.10/site-packages/airflow/example_dags/example_task_group_decorator.py took 0.185 seconds
[2022-10-16T07:19:04.757-0300] {processor.py:156} INFO - Started process (PID=6037) to work on /home/renato/Documentos/datapipeline/.env/lib/python3.10/site-packages/airflow/example_dags/example_task_group_decorator.py
[2022-10-16T07:19:04.760-0300] {processor.py:758} INFO - Processing file /home/renato/Documentos/datapipeline/.env/lib/python3.10/site-packages/airflow/example_dags/example_task_group_decorator.py for tasks to queue
[2022-10-16T07:19:04.763-0300] {logging_mixin.py:117} INFO - [2022-10-16T07:19:04.763-0300] {dagbag.py:525} INFO - Filling up the DagBag from /home/renato/Documentos/datapipeline/.env/lib/python3.10/site-packages/airflow/example_dags/example_task_group_decorator.py
[2022-10-16T07:19:04.801-0300] {processor.py:768} INFO - DAG(s) dict_keys(['example_task_group_decorator']) retrieved from /home/renato/Documentos/datapipeline/.env/lib/python3.10/site-packages/airflow/example_dags/example_task_group_decorator.py
[2022-10-16T07:19:04.825-0300] {logging_mixin.py:117} INFO - [2022-10-16T07:19:04.824-0300] {dag.py:2573} INFO - Sync 1 DAGs
[2022-10-16T07:19:04.840-0300] {logging_mixin.py:117} INFO - [2022-10-16T07:19:04.840-0300] {dag.py:3324} INFO - Setting next_dagrun for example_task_group_decorator to 2022-10-15T10:19:04.839931+00:00, run_after=2022-10-16T10:19:04.839931+00:00
[2022-10-16T07:19:04.861-0300] {processor.py:178} INFO - Processing /home/renato/Documentos/datapipeline/.env/lib/python3.10/site-packages/airflow/example_dags/example_task_group_decorator.py took 0.110 seconds
[2022-10-16T07:19:40.727-0300] {processor.py:156} INFO - Started process (PID=6125) to work on /home/renato/Documentos/datapipeline/.env/lib/python3.10/site-packages/airflow/example_dags/example_task_group_decorator.py
[2022-10-16T07:19:40.730-0300] {processor.py:758} INFO - Processing file /home/renato/Documentos/datapipeline/.env/lib/python3.10/site-packages/airflow/example_dags/example_task_group_decorator.py for tasks to queue
[2022-10-16T07:19:40.731-0300] {logging_mixin.py:117} INFO - [2022-10-16T07:19:40.731-0300] {dagbag.py:525} INFO - Filling up the DagBag from /home/renato/Documentos/datapipeline/.env/lib/python3.10/site-packages/airflow/example_dags/example_task_group_decorator.py
[2022-10-16T07:19:40.768-0300] {processor.py:768} INFO - DAG(s) dict_keys(['example_task_group_decorator']) retrieved from /home/renato/Documentos/datapipeline/.env/lib/python3.10/site-packages/airflow/example_dags/example_task_group_decorator.py
[2022-10-16T07:19:40.816-0300] {logging_mixin.py:117} INFO - [2022-10-16T07:19:40.816-0300] {dag.py:2573} INFO - Sync 1 DAGs
[2022-10-16T07:19:40.908-0300] {logging_mixin.py:117} INFO - [2022-10-16T07:19:40.908-0300] {dag.py:3324} INFO - Setting next_dagrun for example_task_group_decorator to 2022-10-15T10:19:40.907890+00:00, run_after=2022-10-16T10:19:40.907890+00:00
[2022-10-16T07:19:41.047-0300] {processor.py:178} INFO - Processing /home/renato/Documentos/datapipeline/.env/lib/python3.10/site-packages/airflow/example_dags/example_task_group_decorator.py took 0.322 seconds
[2022-10-16T07:20:18.141-0300] {processor.py:156} INFO - Started process (PID=6205) to work on /home/renato/Documentos/datapipeline/.env/lib/python3.10/site-packages/airflow/example_dags/example_task_group_decorator.py
[2022-10-16T07:20:18.146-0300] {processor.py:758} INFO - Processing file /home/renato/Documentos/datapipeline/.env/lib/python3.10/site-packages/airflow/example_dags/example_task_group_decorator.py for tasks to queue
[2022-10-16T07:20:18.147-0300] {logging_mixin.py:117} INFO - [2022-10-16T07:20:18.147-0300] {dagbag.py:525} INFO - Filling up the DagBag from /home/renato/Documentos/datapipeline/.env/lib/python3.10/site-packages/airflow/example_dags/example_task_group_decorator.py
[2022-10-16T07:20:18.192-0300] {processor.py:768} INFO - DAG(s) dict_keys(['example_task_group_decorator']) retrieved from /home/renato/Documentos/datapipeline/.env/lib/python3.10/site-packages/airflow/example_dags/example_task_group_decorator.py
[2022-10-16T07:20:18.214-0300] {logging_mixin.py:117} INFO - [2022-10-16T07:20:18.214-0300] {dag.py:2573} INFO - Sync 1 DAGs
[2022-10-16T07:20:18.230-0300] {logging_mixin.py:117} INFO - [2022-10-16T07:20:18.229-0300] {dag.py:3324} INFO - Setting next_dagrun for example_task_group_decorator to 2022-10-15T10:20:18.229628+00:00, run_after=2022-10-16T10:20:18.229628+00:00
[2022-10-16T07:20:18.251-0300] {processor.py:178} INFO - Processing /home/renato/Documentos/datapipeline/.env/lib/python3.10/site-packages/airflow/example_dags/example_task_group_decorator.py took 0.115 seconds
[2022-10-16T07:20:55.332-0300] {processor.py:156} INFO - Started process (PID=6395) to work on /home/renato/Documentos/datapipeline/.env/lib/python3.10/site-packages/airflow/example_dags/example_task_group_decorator.py
[2022-10-16T07:20:55.338-0300] {processor.py:758} INFO - Processing file /home/renato/Documentos/datapipeline/.env/lib/python3.10/site-packages/airflow/example_dags/example_task_group_decorator.py for tasks to queue
[2022-10-16T07:20:55.339-0300] {logging_mixin.py:117} INFO - [2022-10-16T07:20:55.338-0300] {dagbag.py:525} INFO - Filling up the DagBag from /home/renato/Documentos/datapipeline/.env/lib/python3.10/site-packages/airflow/example_dags/example_task_group_decorator.py
[2022-10-16T07:20:55.396-0300] {processor.py:768} INFO - DAG(s) dict_keys(['example_task_group_decorator']) retrieved from /home/renato/Documentos/datapipeline/.env/lib/python3.10/site-packages/airflow/example_dags/example_task_group_decorator.py
[2022-10-16T07:20:55.418-0300] {logging_mixin.py:117} INFO - [2022-10-16T07:20:55.418-0300] {dag.py:2573} INFO - Sync 1 DAGs
[2022-10-16T07:20:55.434-0300] {logging_mixin.py:117} INFO - [2022-10-16T07:20:55.434-0300] {dag.py:3324} INFO - Setting next_dagrun for example_task_group_decorator to 2022-10-15T10:20:55.434276+00:00, run_after=2022-10-16T10:20:55.434276+00:00
[2022-10-16T07:20:55.459-0300] {processor.py:178} INFO - Processing /home/renato/Documentos/datapipeline/.env/lib/python3.10/site-packages/airflow/example_dags/example_task_group_decorator.py took 0.132 seconds
[2022-10-16T07:21:31.613-0300] {processor.py:156} INFO - Started process (PID=6455) to work on /home/renato/Documentos/datapipeline/.env/lib/python3.10/site-packages/airflow/example_dags/example_task_group_decorator.py
[2022-10-16T07:21:31.616-0300] {processor.py:758} INFO - Processing file /home/renato/Documentos/datapipeline/.env/lib/python3.10/site-packages/airflow/example_dags/example_task_group_decorator.py for tasks to queue
[2022-10-16T07:21:31.617-0300] {logging_mixin.py:117} INFO - [2022-10-16T07:21:31.617-0300] {dagbag.py:525} INFO - Filling up the DagBag from /home/renato/Documentos/datapipeline/.env/lib/python3.10/site-packages/airflow/example_dags/example_task_group_decorator.py
[2022-10-16T07:21:31.667-0300] {processor.py:768} INFO - DAG(s) dict_keys(['example_task_group_decorator']) retrieved from /home/renato/Documentos/datapipeline/.env/lib/python3.10/site-packages/airflow/example_dags/example_task_group_decorator.py
[2022-10-16T07:21:31.689-0300] {logging_mixin.py:117} INFO - [2022-10-16T07:21:31.689-0300] {dag.py:2573} INFO - Sync 1 DAGs
[2022-10-16T07:21:31.707-0300] {logging_mixin.py:117} INFO - [2022-10-16T07:21:31.706-0300] {dag.py:3324} INFO - Setting next_dagrun for example_task_group_decorator to 2022-10-15T10:21:31.706707+00:00, run_after=2022-10-16T10:21:31.706707+00:00
[2022-10-16T07:21:31.735-0300] {processor.py:178} INFO - Processing /home/renato/Documentos/datapipeline/.env/lib/python3.10/site-packages/airflow/example_dags/example_task_group_decorator.py took 0.127 seconds
[2022-10-16T07:22:09.485-0300] {processor.py:156} INFO - Started process (PID=6531) to work on /home/renato/Documentos/datapipeline/.env/lib/python3.10/site-packages/airflow/example_dags/example_task_group_decorator.py
[2022-10-16T07:22:09.492-0300] {processor.py:758} INFO - Processing file /home/renato/Documentos/datapipeline/.env/lib/python3.10/site-packages/airflow/example_dags/example_task_group_decorator.py for tasks to queue
[2022-10-16T07:22:09.493-0300] {logging_mixin.py:117} INFO - [2022-10-16T07:22:09.492-0300] {dagbag.py:525} INFO - Filling up the DagBag from /home/renato/Documentos/datapipeline/.env/lib/python3.10/site-packages/airflow/example_dags/example_task_group_decorator.py
[2022-10-16T07:22:09.532-0300] {processor.py:768} INFO - DAG(s) dict_keys(['example_task_group_decorator']) retrieved from /home/renato/Documentos/datapipeline/.env/lib/python3.10/site-packages/airflow/example_dags/example_task_group_decorator.py
[2022-10-16T07:22:09.556-0300] {logging_mixin.py:117} INFO - [2022-10-16T07:22:09.556-0300] {dag.py:2573} INFO - Sync 1 DAGs
[2022-10-16T07:22:09.573-0300] {logging_mixin.py:117} INFO - [2022-10-16T07:22:09.572-0300] {dag.py:3324} INFO - Setting next_dagrun for example_task_group_decorator to 2022-10-15T10:22:09.572761+00:00, run_after=2022-10-16T10:22:09.572761+00:00
[2022-10-16T07:22:09.600-0300] {processor.py:178} INFO - Processing /home/renato/Documentos/datapipeline/.env/lib/python3.10/site-packages/airflow/example_dags/example_task_group_decorator.py took 0.126 seconds
[2022-10-16T07:22:45.118-0300] {processor.py:156} INFO - Started process (PID=6589) to work on /home/renato/Documentos/datapipeline/.env/lib/python3.10/site-packages/airflow/example_dags/example_task_group_decorator.py
[2022-10-16T07:22:45.121-0300] {processor.py:758} INFO - Processing file /home/renato/Documentos/datapipeline/.env/lib/python3.10/site-packages/airflow/example_dags/example_task_group_decorator.py for tasks to queue
[2022-10-16T07:22:45.122-0300] {logging_mixin.py:117} INFO - [2022-10-16T07:22:45.122-0300] {dagbag.py:525} INFO - Filling up the DagBag from /home/renato/Documentos/datapipeline/.env/lib/python3.10/site-packages/airflow/example_dags/example_task_group_decorator.py
[2022-10-16T07:22:45.167-0300] {processor.py:768} INFO - DAG(s) dict_keys(['example_task_group_decorator']) retrieved from /home/renato/Documentos/datapipeline/.env/lib/python3.10/site-packages/airflow/example_dags/example_task_group_decorator.py
[2022-10-16T07:22:45.193-0300] {logging_mixin.py:117} INFO - [2022-10-16T07:22:45.193-0300] {dag.py:2573} INFO - Sync 1 DAGs
[2022-10-16T07:22:45.210-0300] {logging_mixin.py:117} INFO - [2022-10-16T07:22:45.210-0300] {dag.py:3324} INFO - Setting next_dagrun for example_task_group_decorator to 2022-10-15T10:22:45.210528+00:00, run_after=2022-10-16T10:22:45.210528+00:00
[2022-10-16T07:22:45.235-0300] {processor.py:178} INFO - Processing /home/renato/Documentos/datapipeline/.env/lib/python3.10/site-packages/airflow/example_dags/example_task_group_decorator.py took 0.123 seconds
[2022-10-16T07:23:21.486-0300] {processor.py:156} INFO - Started process (PID=6656) to work on /home/renato/Documentos/datapipeline/.env/lib/python3.10/site-packages/airflow/example_dags/example_task_group_decorator.py
[2022-10-16T07:23:21.490-0300] {processor.py:758} INFO - Processing file /home/renato/Documentos/datapipeline/.env/lib/python3.10/site-packages/airflow/example_dags/example_task_group_decorator.py for tasks to queue
[2022-10-16T07:23:21.491-0300] {logging_mixin.py:117} INFO - [2022-10-16T07:23:21.490-0300] {dagbag.py:525} INFO - Filling up the DagBag from /home/renato/Documentos/datapipeline/.env/lib/python3.10/site-packages/airflow/example_dags/example_task_group_decorator.py
[2022-10-16T07:23:21.522-0300] {processor.py:768} INFO - DAG(s) dict_keys(['example_task_group_decorator']) retrieved from /home/renato/Documentos/datapipeline/.env/lib/python3.10/site-packages/airflow/example_dags/example_task_group_decorator.py
[2022-10-16T07:23:21.544-0300] {logging_mixin.py:117} INFO - [2022-10-16T07:23:21.544-0300] {dag.py:2573} INFO - Sync 1 DAGs
[2022-10-16T07:23:21.561-0300] {logging_mixin.py:117} INFO - [2022-10-16T07:23:21.561-0300] {dag.py:3324} INFO - Setting next_dagrun for example_task_group_decorator to 2022-10-15T10:23:21.561358+00:00, run_after=2022-10-16T10:23:21.561358+00:00
[2022-10-16T07:23:21.585-0300] {processor.py:178} INFO - Processing /home/renato/Documentos/datapipeline/.env/lib/python3.10/site-packages/airflow/example_dags/example_task_group_decorator.py took 0.107 seconds
[2022-10-16T07:23:58.448-0300] {processor.py:156} INFO - Started process (PID=6720) to work on /home/renato/Documentos/datapipeline/.env/lib/python3.10/site-packages/airflow/example_dags/example_task_group_decorator.py
[2022-10-16T07:23:58.451-0300] {processor.py:758} INFO - Processing file /home/renato/Documentos/datapipeline/.env/lib/python3.10/site-packages/airflow/example_dags/example_task_group_decorator.py for tasks to queue
[2022-10-16T07:23:58.452-0300] {logging_mixin.py:117} INFO - [2022-10-16T07:23:58.452-0300] {dagbag.py:525} INFO - Filling up the DagBag from /home/renato/Documentos/datapipeline/.env/lib/python3.10/site-packages/airflow/example_dags/example_task_group_decorator.py
[2022-10-16T07:23:58.492-0300] {processor.py:768} INFO - DAG(s) dict_keys(['example_task_group_decorator']) retrieved from /home/renato/Documentos/datapipeline/.env/lib/python3.10/site-packages/airflow/example_dags/example_task_group_decorator.py
[2022-10-16T07:23:58.513-0300] {logging_mixin.py:117} INFO - [2022-10-16T07:23:58.513-0300] {dag.py:2573} INFO - Sync 1 DAGs
[2022-10-16T07:23:58.529-0300] {logging_mixin.py:117} INFO - [2022-10-16T07:23:58.529-0300] {dag.py:3324} INFO - Setting next_dagrun for example_task_group_decorator to 2022-10-15T10:23:58.529086+00:00, run_after=2022-10-16T10:23:58.529086+00:00
[2022-10-16T07:23:58.552-0300] {processor.py:178} INFO - Processing /home/renato/Documentos/datapipeline/.env/lib/python3.10/site-packages/airflow/example_dags/example_task_group_decorator.py took 0.112 seconds
[2022-10-16T07:24:34.843-0300] {processor.py:156} INFO - Started process (PID=6790) to work on /home/renato/Documentos/datapipeline/.env/lib/python3.10/site-packages/airflow/example_dags/example_task_group_decorator.py
[2022-10-16T07:24:34.846-0300] {processor.py:758} INFO - Processing file /home/renato/Documentos/datapipeline/.env/lib/python3.10/site-packages/airflow/example_dags/example_task_group_decorator.py for tasks to queue
[2022-10-16T07:24:34.847-0300] {logging_mixin.py:117} INFO - [2022-10-16T07:24:34.847-0300] {dagbag.py:525} INFO - Filling up the DagBag from /home/renato/Documentos/datapipeline/.env/lib/python3.10/site-packages/airflow/example_dags/example_task_group_decorator.py
[2022-10-16T07:24:34.903-0300] {processor.py:768} INFO - DAG(s) dict_keys(['example_task_group_decorator']) retrieved from /home/renato/Documentos/datapipeline/.env/lib/python3.10/site-packages/airflow/example_dags/example_task_group_decorator.py
[2022-10-16T07:24:34.926-0300] {logging_mixin.py:117} INFO - [2022-10-16T07:24:34.926-0300] {dag.py:2573} INFO - Sync 1 DAGs
[2022-10-16T07:24:34.945-0300] {logging_mixin.py:117} INFO - [2022-10-16T07:24:34.945-0300] {dag.py:3324} INFO - Setting next_dagrun for example_task_group_decorator to 2022-10-15T10:24:34.945085+00:00, run_after=2022-10-16T10:24:34.945085+00:00
[2022-10-16T07:24:34.973-0300] {processor.py:178} INFO - Processing /home/renato/Documentos/datapipeline/.env/lib/python3.10/site-packages/airflow/example_dags/example_task_group_decorator.py took 0.136 seconds
[2022-10-16T07:25:12.007-0300] {processor.py:156} INFO - Started process (PID=6856) to work on /home/renato/Documentos/datapipeline/.env/lib/python3.10/site-packages/airflow/example_dags/example_task_group_decorator.py
[2022-10-16T07:25:12.010-0300] {processor.py:758} INFO - Processing file /home/renato/Documentos/datapipeline/.env/lib/python3.10/site-packages/airflow/example_dags/example_task_group_decorator.py for tasks to queue
[2022-10-16T07:25:12.011-0300] {logging_mixin.py:117} INFO - [2022-10-16T07:25:12.011-0300] {dagbag.py:525} INFO - Filling up the DagBag from /home/renato/Documentos/datapipeline/.env/lib/python3.10/site-packages/airflow/example_dags/example_task_group_decorator.py
[2022-10-16T07:25:12.054-0300] {processor.py:768} INFO - DAG(s) dict_keys(['example_task_group_decorator']) retrieved from /home/renato/Documentos/datapipeline/.env/lib/python3.10/site-packages/airflow/example_dags/example_task_group_decorator.py
[2022-10-16T07:25:12.076-0300] {logging_mixin.py:117} INFO - [2022-10-16T07:25:12.075-0300] {dag.py:2573} INFO - Sync 1 DAGs
[2022-10-16T07:25:12.092-0300] {logging_mixin.py:117} INFO - [2022-10-16T07:25:12.091-0300] {dag.py:3324} INFO - Setting next_dagrun for example_task_group_decorator to 2022-10-15T10:25:12.091645+00:00, run_after=2022-10-16T10:25:12.091645+00:00
[2022-10-16T07:25:12.116-0300] {processor.py:178} INFO - Processing /home/renato/Documentos/datapipeline/.env/lib/python3.10/site-packages/airflow/example_dags/example_task_group_decorator.py took 0.114 seconds
[2022-10-16T07:25:48.570-0300] {processor.py:156} INFO - Started process (PID=7046) to work on /home/renato/Documentos/datapipeline/.env/lib/python3.10/site-packages/airflow/example_dags/example_task_group_decorator.py
[2022-10-16T07:25:48.572-0300] {processor.py:758} INFO - Processing file /home/renato/Documentos/datapipeline/.env/lib/python3.10/site-packages/airflow/example_dags/example_task_group_decorator.py for tasks to queue
[2022-10-16T07:25:48.574-0300] {logging_mixin.py:117} INFO - [2022-10-16T07:25:48.573-0300] {dagbag.py:525} INFO - Filling up the DagBag from /home/renato/Documentos/datapipeline/.env/lib/python3.10/site-packages/airflow/example_dags/example_task_group_decorator.py
[2022-10-16T07:25:48.610-0300] {processor.py:768} INFO - DAG(s) dict_keys(['example_task_group_decorator']) retrieved from /home/renato/Documentos/datapipeline/.env/lib/python3.10/site-packages/airflow/example_dags/example_task_group_decorator.py
[2022-10-16T07:25:48.631-0300] {logging_mixin.py:117} INFO - [2022-10-16T07:25:48.631-0300] {dag.py:2573} INFO - Sync 1 DAGs
[2022-10-16T07:25:48.647-0300] {logging_mixin.py:117} INFO - [2022-10-16T07:25:48.647-0300] {dag.py:3324} INFO - Setting next_dagrun for example_task_group_decorator to 2022-10-15T10:25:48.647234+00:00, run_after=2022-10-16T10:25:48.647234+00:00
[2022-10-16T07:25:48.684-0300] {processor.py:178} INFO - Processing /home/renato/Documentos/datapipeline/.env/lib/python3.10/site-packages/airflow/example_dags/example_task_group_decorator.py took 0.121 seconds
[2022-10-16T07:26:29.985-0300] {processor.py:156} INFO - Started process (PID=7128) to work on /home/renato/Documentos/datapipeline/.env/lib/python3.10/site-packages/airflow/example_dags/example_task_group_decorator.py
[2022-10-16T07:26:29.987-0300] {processor.py:758} INFO - Processing file /home/renato/Documentos/datapipeline/.env/lib/python3.10/site-packages/airflow/example_dags/example_task_group_decorator.py for tasks to queue
[2022-10-16T07:26:29.988-0300] {logging_mixin.py:117} INFO - [2022-10-16T07:26:29.988-0300] {dagbag.py:525} INFO - Filling up the DagBag from /home/renato/Documentos/datapipeline/.env/lib/python3.10/site-packages/airflow/example_dags/example_task_group_decorator.py
[2022-10-16T07:26:30.027-0300] {processor.py:768} INFO - DAG(s) dict_keys(['example_task_group_decorator']) retrieved from /home/renato/Documentos/datapipeline/.env/lib/python3.10/site-packages/airflow/example_dags/example_task_group_decorator.py
[2022-10-16T07:26:30.052-0300] {logging_mixin.py:117} INFO - [2022-10-16T07:26:30.052-0300] {dag.py:2573} INFO - Sync 1 DAGs
[2022-10-16T07:26:30.072-0300] {logging_mixin.py:117} INFO - [2022-10-16T07:26:30.072-0300] {dag.py:3324} INFO - Setting next_dagrun for example_task_group_decorator to 2022-10-15T10:26:30.072285+00:00, run_after=2022-10-16T10:26:30.072285+00:00
[2022-10-16T07:26:30.099-0300] {processor.py:178} INFO - Processing /home/renato/Documentos/datapipeline/.env/lib/python3.10/site-packages/airflow/example_dags/example_task_group_decorator.py took 0.117 seconds
[2022-10-16T07:27:12.563-0300] {processor.py:156} INFO - Started process (PID=7206) to work on /home/renato/Documentos/datapipeline/.env/lib/python3.10/site-packages/airflow/example_dags/example_task_group_decorator.py
[2022-10-16T07:27:12.566-0300] {processor.py:758} INFO - Processing file /home/renato/Documentos/datapipeline/.env/lib/python3.10/site-packages/airflow/example_dags/example_task_group_decorator.py for tasks to queue
[2022-10-16T07:27:12.566-0300] {logging_mixin.py:117} INFO - [2022-10-16T07:27:12.566-0300] {dagbag.py:525} INFO - Filling up the DagBag from /home/renato/Documentos/datapipeline/.env/lib/python3.10/site-packages/airflow/example_dags/example_task_group_decorator.py
[2022-10-16T07:27:12.600-0300] {processor.py:768} INFO - DAG(s) dict_keys(['example_task_group_decorator']) retrieved from /home/renato/Documentos/datapipeline/.env/lib/python3.10/site-packages/airflow/example_dags/example_task_group_decorator.py
[2022-10-16T07:27:12.625-0300] {logging_mixin.py:117} INFO - [2022-10-16T07:27:12.625-0300] {dag.py:2573} INFO - Sync 1 DAGs
[2022-10-16T07:27:12.645-0300] {logging_mixin.py:117} INFO - [2022-10-16T07:27:12.645-0300] {dag.py:3324} INFO - Setting next_dagrun for example_task_group_decorator to 2022-10-15T10:27:12.645258+00:00, run_after=2022-10-16T10:27:12.645258+00:00
[2022-10-16T07:27:12.669-0300] {processor.py:178} INFO - Processing /home/renato/Documentos/datapipeline/.env/lib/python3.10/site-packages/airflow/example_dags/example_task_group_decorator.py took 0.111 seconds
[2022-10-16T07:27:47.324-0300] {processor.py:156} INFO - Started process (PID=7265) to work on /home/renato/Documentos/datapipeline/.env/lib/python3.10/site-packages/airflow/example_dags/example_task_group_decorator.py
[2022-10-16T07:27:47.326-0300] {processor.py:758} INFO - Processing file /home/renato/Documentos/datapipeline/.env/lib/python3.10/site-packages/airflow/example_dags/example_task_group_decorator.py for tasks to queue
[2022-10-16T07:27:47.327-0300] {logging_mixin.py:117} INFO - [2022-10-16T07:27:47.326-0300] {dagbag.py:525} INFO - Filling up the DagBag from /home/renato/Documentos/datapipeline/.env/lib/python3.10/site-packages/airflow/example_dags/example_task_group_decorator.py
[2022-10-16T07:27:47.359-0300] {processor.py:768} INFO - DAG(s) dict_keys(['example_task_group_decorator']) retrieved from /home/renato/Documentos/datapipeline/.env/lib/python3.10/site-packages/airflow/example_dags/example_task_group_decorator.py
[2022-10-16T07:27:47.380-0300] {logging_mixin.py:117} INFO - [2022-10-16T07:27:47.380-0300] {dag.py:2573} INFO - Sync 1 DAGs
[2022-10-16T07:27:47.397-0300] {logging_mixin.py:117} INFO - [2022-10-16T07:27:47.397-0300] {dag.py:3324} INFO - Setting next_dagrun for example_task_group_decorator to 2022-10-15T10:27:47.397170+00:00, run_after=2022-10-16T10:27:47.397170+00:00
[2022-10-16T07:27:47.419-0300] {processor.py:178} INFO - Processing /home/renato/Documentos/datapipeline/.env/lib/python3.10/site-packages/airflow/example_dags/example_task_group_decorator.py took 0.099 seconds
[2022-10-16T07:28:27.966-0300] {processor.py:156} INFO - Started process (PID=7340) to work on /home/renato/Documentos/datapipeline/.env/lib/python3.10/site-packages/airflow/example_dags/example_task_group_decorator.py
[2022-10-16T07:28:27.971-0300] {processor.py:758} INFO - Processing file /home/renato/Documentos/datapipeline/.env/lib/python3.10/site-packages/airflow/example_dags/example_task_group_decorator.py for tasks to queue
[2022-10-16T07:28:27.971-0300] {logging_mixin.py:117} INFO - [2022-10-16T07:28:27.971-0300] {dagbag.py:525} INFO - Filling up the DagBag from /home/renato/Documentos/datapipeline/.env/lib/python3.10/site-packages/airflow/example_dags/example_task_group_decorator.py
[2022-10-16T07:28:27.998-0300] {processor.py:768} INFO - DAG(s) dict_keys(['example_task_group_decorator']) retrieved from /home/renato/Documentos/datapipeline/.env/lib/python3.10/site-packages/airflow/example_dags/example_task_group_decorator.py
[2022-10-16T07:28:28.019-0300] {logging_mixin.py:117} INFO - [2022-10-16T07:28:28.019-0300] {dag.py:2573} INFO - Sync 1 DAGs
[2022-10-16T07:28:28.035-0300] {logging_mixin.py:117} INFO - [2022-10-16T07:28:28.034-0300] {dag.py:3324} INFO - Setting next_dagrun for example_task_group_decorator to 2022-10-15T10:28:28.034608+00:00, run_after=2022-10-16T10:28:28.034608+00:00
[2022-10-16T07:28:28.057-0300] {processor.py:178} INFO - Processing /home/renato/Documentos/datapipeline/.env/lib/python3.10/site-packages/airflow/example_dags/example_task_group_decorator.py took 0.094 seconds
[2022-10-16T07:29:09.732-0300] {processor.py:156} INFO - Started process (PID=7423) to work on /home/renato/Documentos/datapipeline/.env/lib/python3.10/site-packages/airflow/example_dags/example_task_group_decorator.py
[2022-10-16T07:29:09.735-0300] {processor.py:758} INFO - Processing file /home/renato/Documentos/datapipeline/.env/lib/python3.10/site-packages/airflow/example_dags/example_task_group_decorator.py for tasks to queue
[2022-10-16T07:29:09.736-0300] {logging_mixin.py:117} INFO - [2022-10-16T07:29:09.736-0300] {dagbag.py:525} INFO - Filling up the DagBag from /home/renato/Documentos/datapipeline/.env/lib/python3.10/site-packages/airflow/example_dags/example_task_group_decorator.py
[2022-10-16T07:29:09.783-0300] {processor.py:768} INFO - DAG(s) dict_keys(['example_task_group_decorator']) retrieved from /home/renato/Documentos/datapipeline/.env/lib/python3.10/site-packages/airflow/example_dags/example_task_group_decorator.py
[2022-10-16T07:29:09.807-0300] {logging_mixin.py:117} INFO - [2022-10-16T07:29:09.807-0300] {dag.py:2573} INFO - Sync 1 DAGs
[2022-10-16T07:29:09.823-0300] {logging_mixin.py:117} INFO - [2022-10-16T07:29:09.823-0300] {dag.py:3324} INFO - Setting next_dagrun for example_task_group_decorator to 2022-10-15T10:29:09.823596+00:00, run_after=2022-10-16T10:29:09.823596+00:00
[2022-10-16T07:29:09.849-0300] {processor.py:178} INFO - Processing /home/renato/Documentos/datapipeline/.env/lib/python3.10/site-packages/airflow/example_dags/example_task_group_decorator.py took 0.121 seconds
[2022-10-16T07:29:47.349-0300] {processor.py:156} INFO - Started process (PID=7486) to work on /home/renato/Documentos/datapipeline/.env/lib/python3.10/site-packages/airflow/example_dags/example_task_group_decorator.py
[2022-10-16T07:29:47.353-0300] {processor.py:758} INFO - Processing file /home/renato/Documentos/datapipeline/.env/lib/python3.10/site-packages/airflow/example_dags/example_task_group_decorator.py for tasks to queue
[2022-10-16T07:29:47.353-0300] {logging_mixin.py:117} INFO - [2022-10-16T07:29:47.353-0300] {dagbag.py:525} INFO - Filling up the DagBag from /home/renato/Documentos/datapipeline/.env/lib/python3.10/site-packages/airflow/example_dags/example_task_group_decorator.py
[2022-10-16T07:29:47.392-0300] {processor.py:768} INFO - DAG(s) dict_keys(['example_task_group_decorator']) retrieved from /home/renato/Documentos/datapipeline/.env/lib/python3.10/site-packages/airflow/example_dags/example_task_group_decorator.py
[2022-10-16T07:29:47.419-0300] {logging_mixin.py:117} INFO - [2022-10-16T07:29:47.419-0300] {dag.py:2573} INFO - Sync 1 DAGs
[2022-10-16T07:29:47.438-0300] {logging_mixin.py:117} INFO - [2022-10-16T07:29:47.438-0300] {dag.py:3324} INFO - Setting next_dagrun for example_task_group_decorator to 2022-10-15T10:29:47.438508+00:00, run_after=2022-10-16T10:29:47.438508+00:00
[2022-10-16T07:29:47.466-0300] {processor.py:178} INFO - Processing /home/renato/Documentos/datapipeline/.env/lib/python3.10/site-packages/airflow/example_dags/example_task_group_decorator.py took 0.121 seconds
[2022-10-16T07:31:06.931-0300] {processor.py:156} INFO - Started process (PID=7832) to work on /home/renato/Documentos/datapipeline/.env/lib/python3.10/site-packages/airflow/example_dags/example_task_group_decorator.py
[2022-10-16T07:31:06.938-0300] {processor.py:758} INFO - Processing file /home/renato/Documentos/datapipeline/.env/lib/python3.10/site-packages/airflow/example_dags/example_task_group_decorator.py for tasks to queue
[2022-10-16T07:31:06.938-0300] {logging_mixin.py:117} INFO - [2022-10-16T07:31:06.938-0300] {dagbag.py:525} INFO - Filling up the DagBag from /home/renato/Documentos/datapipeline/.env/lib/python3.10/site-packages/airflow/example_dags/example_task_group_decorator.py
[2022-10-16T07:31:06.975-0300] {processor.py:768} INFO - DAG(s) dict_keys(['example_task_group_decorator']) retrieved from /home/renato/Documentos/datapipeline/.env/lib/python3.10/site-packages/airflow/example_dags/example_task_group_decorator.py
[2022-10-16T07:31:06.996-0300] {logging_mixin.py:117} INFO - [2022-10-16T07:31:06.996-0300] {dag.py:2573} INFO - Sync 1 DAGs
[2022-10-16T07:31:07.012-0300] {logging_mixin.py:117} INFO - [2022-10-16T07:31:07.012-0300] {dag.py:3324} INFO - Setting next_dagrun for example_task_group_decorator to 2022-10-15T10:31:07.011846+00:00, run_after=2022-10-16T10:31:07.011846+00:00
[2022-10-16T07:31:07.034-0300] {processor.py:178} INFO - Processing /home/renato/Documentos/datapipeline/.env/lib/python3.10/site-packages/airflow/example_dags/example_task_group_decorator.py took 0.109 seconds
