[2022-10-16T07:17:49.897-0300] {processor.py:156} INFO - Started process (PID=5900) to work on /home/renato/Documentos/datapipeline/.env/lib/python3.10/site-packages/airflow/example_dags/example_nested_branch_dag.py
[2022-10-16T07:17:49.900-0300] {processor.py:758} INFO - Processing file /home/renato/Documentos/datapipeline/.env/lib/python3.10/site-packages/airflow/example_dags/example_nested_branch_dag.py for tasks to queue
[2022-10-16T07:17:49.901-0300] {logging_mixin.py:117} INFO - [2022-10-16T07:17:49.901-0300] {dagbag.py:525} INFO - Filling up the DagBag from /home/renato/Documentos/datapipeline/.env/lib/python3.10/site-packages/airflow/example_dags/example_nested_branch_dag.py
[2022-10-16T07:17:49.940-0300] {processor.py:768} INFO - DAG(s) dict_keys(['example_nested_branch_dag']) retrieved from /home/renato/Documentos/datapipeline/.env/lib/python3.10/site-packages/airflow/example_dags/example_nested_branch_dag.py
[2022-10-16T07:17:50.040-0300] {logging_mixin.py:117} INFO - [2022-10-16T07:17:50.039-0300] {manager.py:507} INFO - Created Permission View: can edit on DAG:example_nested_branch_dag
[2022-10-16T07:17:50.053-0300] {logging_mixin.py:117} INFO - [2022-10-16T07:17:50.052-0300] {manager.py:507} INFO - Created Permission View: can read on DAG:example_nested_branch_dag
[2022-10-16T07:17:50.065-0300] {logging_mixin.py:117} INFO - [2022-10-16T07:17:50.065-0300] {manager.py:507} INFO - Created Permission View: can delete on DAG:example_nested_branch_dag
[2022-10-16T07:17:50.066-0300] {logging_mixin.py:117} INFO - [2022-10-16T07:17:50.066-0300] {dag.py:2573} INFO - Sync 1 DAGs
[2022-10-16T07:17:50.074-0300] {logging_mixin.py:117} INFO - [2022-10-16T07:17:50.074-0300] {dag.py:2594} INFO - Creating ORM DAG for example_nested_branch_dag
[2022-10-16T07:17:50.083-0300] {logging_mixin.py:117} INFO - [2022-10-16T07:17:50.083-0300] {dag.py:3324} INFO - Setting next_dagrun for example_nested_branch_dag to 2022-10-15T00:00:00+00:00, run_after=2022-10-16T00:00:00+00:00
[2022-10-16T07:17:50.107-0300] {processor.py:178} INFO - Processing /home/renato/Documentos/datapipeline/.env/lib/python3.10/site-packages/airflow/example_dags/example_nested_branch_dag.py took 0.220 seconds
[2022-10-16T07:18:32.069-0300] {processor.py:156} INFO - Started process (PID=5981) to work on /home/renato/Documentos/datapipeline/.env/lib/python3.10/site-packages/airflow/example_dags/example_nested_branch_dag.py
[2022-10-16T07:18:32.088-0300] {processor.py:758} INFO - Processing file /home/renato/Documentos/datapipeline/.env/lib/python3.10/site-packages/airflow/example_dags/example_nested_branch_dag.py for tasks to queue
[2022-10-16T07:18:32.090-0300] {logging_mixin.py:117} INFO - [2022-10-16T07:18:32.089-0300] {dagbag.py:525} INFO - Filling up the DagBag from /home/renato/Documentos/datapipeline/.env/lib/python3.10/site-packages/airflow/example_dags/example_nested_branch_dag.py
[2022-10-16T07:18:32.127-0300] {processor.py:768} INFO - DAG(s) dict_keys(['example_nested_branch_dag']) retrieved from /home/renato/Documentos/datapipeline/.env/lib/python3.10/site-packages/airflow/example_dags/example_nested_branch_dag.py
[2022-10-16T07:18:32.148-0300] {logging_mixin.py:117} INFO - [2022-10-16T07:18:32.148-0300] {dag.py:2573} INFO - Sync 1 DAGs
[2022-10-16T07:18:32.166-0300] {logging_mixin.py:117} INFO - [2022-10-16T07:18:32.165-0300] {dag.py:3324} INFO - Setting next_dagrun for example_nested_branch_dag to 2022-10-15T00:00:00+00:00, run_after=2022-10-16T00:00:00+00:00
[2022-10-16T07:18:32.207-0300] {processor.py:178} INFO - Processing /home/renato/Documentos/datapipeline/.env/lib/python3.10/site-packages/airflow/example_dags/example_nested_branch_dag.py took 0.144 seconds
[2022-10-16T07:19:08.951-0300] {processor.py:156} INFO - Started process (PID=6047) to work on /home/renato/Documentos/datapipeline/.env/lib/python3.10/site-packages/airflow/example_dags/example_nested_branch_dag.py
[2022-10-16T07:19:08.954-0300] {processor.py:758} INFO - Processing file /home/renato/Documentos/datapipeline/.env/lib/python3.10/site-packages/airflow/example_dags/example_nested_branch_dag.py for tasks to queue
[2022-10-16T07:19:08.955-0300] {logging_mixin.py:117} INFO - [2022-10-16T07:19:08.955-0300] {dagbag.py:525} INFO - Filling up the DagBag from /home/renato/Documentos/datapipeline/.env/lib/python3.10/site-packages/airflow/example_dags/example_nested_branch_dag.py
[2022-10-16T07:19:08.986-0300] {processor.py:768} INFO - DAG(s) dict_keys(['example_nested_branch_dag']) retrieved from /home/renato/Documentos/datapipeline/.env/lib/python3.10/site-packages/airflow/example_dags/example_nested_branch_dag.py
[2022-10-16T07:19:09.006-0300] {logging_mixin.py:117} INFO - [2022-10-16T07:19:09.006-0300] {dag.py:2573} INFO - Sync 1 DAGs
[2022-10-16T07:19:09.023-0300] {logging_mixin.py:117} INFO - [2022-10-16T07:19:09.022-0300] {dag.py:3324} INFO - Setting next_dagrun for example_nested_branch_dag to 2022-10-15T00:00:00+00:00, run_after=2022-10-16T00:00:00+00:00
[2022-10-16T07:19:09.044-0300] {processor.py:178} INFO - Processing /home/renato/Documentos/datapipeline/.env/lib/python3.10/site-packages/airflow/example_dags/example_nested_branch_dag.py took 0.097 seconds
[2022-10-16T07:19:46.311-0300] {processor.py:156} INFO - Started process (PID=6137) to work on /home/renato/Documentos/datapipeline/.env/lib/python3.10/site-packages/airflow/example_dags/example_nested_branch_dag.py
[2022-10-16T07:19:46.314-0300] {processor.py:758} INFO - Processing file /home/renato/Documentos/datapipeline/.env/lib/python3.10/site-packages/airflow/example_dags/example_nested_branch_dag.py for tasks to queue
[2022-10-16T07:19:46.315-0300] {logging_mixin.py:117} INFO - [2022-10-16T07:19:46.314-0300] {dagbag.py:525} INFO - Filling up the DagBag from /home/renato/Documentos/datapipeline/.env/lib/python3.10/site-packages/airflow/example_dags/example_nested_branch_dag.py
[2022-10-16T07:19:46.345-0300] {processor.py:768} INFO - DAG(s) dict_keys(['example_nested_branch_dag']) retrieved from /home/renato/Documentos/datapipeline/.env/lib/python3.10/site-packages/airflow/example_dags/example_nested_branch_dag.py
[2022-10-16T07:19:46.365-0300] {logging_mixin.py:117} INFO - [2022-10-16T07:19:46.365-0300] {dag.py:2573} INFO - Sync 1 DAGs
[2022-10-16T07:19:46.382-0300] {logging_mixin.py:117} INFO - [2022-10-16T07:19:46.381-0300] {dag.py:3324} INFO - Setting next_dagrun for example_nested_branch_dag to 2022-10-15T00:00:00+00:00, run_after=2022-10-16T00:00:00+00:00
[2022-10-16T07:19:46.406-0300] {processor.py:178} INFO - Processing /home/renato/Documentos/datapipeline/.env/lib/python3.10/site-packages/airflow/example_dags/example_nested_branch_dag.py took 0.101 seconds
[2022-10-16T07:20:23.391-0300] {processor.py:156} INFO - Started process (PID=6311) to work on /home/renato/Documentos/datapipeline/.env/lib/python3.10/site-packages/airflow/example_dags/example_nested_branch_dag.py
[2022-10-16T07:20:23.394-0300] {processor.py:758} INFO - Processing file /home/renato/Documentos/datapipeline/.env/lib/python3.10/site-packages/airflow/example_dags/example_nested_branch_dag.py for tasks to queue
[2022-10-16T07:20:23.394-0300] {logging_mixin.py:117} INFO - [2022-10-16T07:20:23.394-0300] {dagbag.py:525} INFO - Filling up the DagBag from /home/renato/Documentos/datapipeline/.env/lib/python3.10/site-packages/airflow/example_dags/example_nested_branch_dag.py
[2022-10-16T07:20:23.419-0300] {processor.py:768} INFO - DAG(s) dict_keys(['example_nested_branch_dag']) retrieved from /home/renato/Documentos/datapipeline/.env/lib/python3.10/site-packages/airflow/example_dags/example_nested_branch_dag.py
[2022-10-16T07:20:23.442-0300] {logging_mixin.py:117} INFO - [2022-10-16T07:20:23.442-0300] {dag.py:2573} INFO - Sync 1 DAGs
[2022-10-16T07:20:23.460-0300] {logging_mixin.py:117} INFO - [2022-10-16T07:20:23.460-0300] {dag.py:3324} INFO - Setting next_dagrun for example_nested_branch_dag to 2022-10-15T00:00:00+00:00, run_after=2022-10-16T00:00:00+00:00
[2022-10-16T07:20:23.491-0300] {processor.py:178} INFO - Processing /home/renato/Documentos/datapipeline/.env/lib/python3.10/site-packages/airflow/example_dags/example_nested_branch_dag.py took 0.102 seconds
[2022-10-16T07:21:00.619-0300] {processor.py:156} INFO - Started process (PID=6401) to work on /home/renato/Documentos/datapipeline/.env/lib/python3.10/site-packages/airflow/example_dags/example_nested_branch_dag.py
[2022-10-16T07:21:00.626-0300] {processor.py:758} INFO - Processing file /home/renato/Documentos/datapipeline/.env/lib/python3.10/site-packages/airflow/example_dags/example_nested_branch_dag.py for tasks to queue
[2022-10-16T07:21:00.627-0300] {logging_mixin.py:117} INFO - [2022-10-16T07:21:00.627-0300] {dagbag.py:525} INFO - Filling up the DagBag from /home/renato/Documentos/datapipeline/.env/lib/python3.10/site-packages/airflow/example_dags/example_nested_branch_dag.py
[2022-10-16T07:21:00.660-0300] {processor.py:768} INFO - DAG(s) dict_keys(['example_nested_branch_dag']) retrieved from /home/renato/Documentos/datapipeline/.env/lib/python3.10/site-packages/airflow/example_dags/example_nested_branch_dag.py
[2022-10-16T07:21:00.680-0300] {logging_mixin.py:117} INFO - [2022-10-16T07:21:00.679-0300] {dag.py:2573} INFO - Sync 1 DAGs
[2022-10-16T07:21:00.697-0300] {logging_mixin.py:117} INFO - [2022-10-16T07:21:00.697-0300] {dag.py:3324} INFO - Setting next_dagrun for example_nested_branch_dag to 2022-10-15T00:00:00+00:00, run_after=2022-10-16T00:00:00+00:00
[2022-10-16T07:21:00.719-0300] {processor.py:178} INFO - Processing /home/renato/Documentos/datapipeline/.env/lib/python3.10/site-packages/airflow/example_dags/example_nested_branch_dag.py took 0.104 seconds
[2022-10-16T07:21:39.121-0300] {processor.py:156} INFO - Started process (PID=6469) to work on /home/renato/Documentos/datapipeline/.env/lib/python3.10/site-packages/airflow/example_dags/example_nested_branch_dag.py
[2022-10-16T07:21:39.123-0300] {processor.py:758} INFO - Processing file /home/renato/Documentos/datapipeline/.env/lib/python3.10/site-packages/airflow/example_dags/example_nested_branch_dag.py for tasks to queue
[2022-10-16T07:21:39.123-0300] {logging_mixin.py:117} INFO - [2022-10-16T07:21:39.123-0300] {dagbag.py:525} INFO - Filling up the DagBag from /home/renato/Documentos/datapipeline/.env/lib/python3.10/site-packages/airflow/example_dags/example_nested_branch_dag.py
[2022-10-16T07:21:39.146-0300] {processor.py:768} INFO - DAG(s) dict_keys(['example_nested_branch_dag']) retrieved from /home/renato/Documentos/datapipeline/.env/lib/python3.10/site-packages/airflow/example_dags/example_nested_branch_dag.py
[2022-10-16T07:21:39.166-0300] {logging_mixin.py:117} INFO - [2022-10-16T07:21:39.166-0300] {dag.py:2573} INFO - Sync 1 DAGs
[2022-10-16T07:21:39.183-0300] {logging_mixin.py:117} INFO - [2022-10-16T07:21:39.183-0300] {dag.py:3324} INFO - Setting next_dagrun for example_nested_branch_dag to 2022-10-15T00:00:00+00:00, run_after=2022-10-16T00:00:00+00:00
[2022-10-16T07:21:39.207-0300] {processor.py:178} INFO - Processing /home/renato/Documentos/datapipeline/.env/lib/python3.10/site-packages/airflow/example_dags/example_nested_branch_dag.py took 0.089 seconds
[2022-10-16T07:22:14.692-0300] {processor.py:156} INFO - Started process (PID=6536) to work on /home/renato/Documentos/datapipeline/.env/lib/python3.10/site-packages/airflow/example_dags/example_nested_branch_dag.py
[2022-10-16T07:22:14.695-0300] {processor.py:758} INFO - Processing file /home/renato/Documentos/datapipeline/.env/lib/python3.10/site-packages/airflow/example_dags/example_nested_branch_dag.py for tasks to queue
[2022-10-16T07:22:14.695-0300] {logging_mixin.py:117} INFO - [2022-10-16T07:22:14.695-0300] {dagbag.py:525} INFO - Filling up the DagBag from /home/renato/Documentos/datapipeline/.env/lib/python3.10/site-packages/airflow/example_dags/example_nested_branch_dag.py
[2022-10-16T07:22:14.717-0300] {processor.py:768} INFO - DAG(s) dict_keys(['example_nested_branch_dag']) retrieved from /home/renato/Documentos/datapipeline/.env/lib/python3.10/site-packages/airflow/example_dags/example_nested_branch_dag.py
[2022-10-16T07:22:14.739-0300] {logging_mixin.py:117} INFO - [2022-10-16T07:22:14.739-0300] {dag.py:2573} INFO - Sync 1 DAGs
[2022-10-16T07:22:14.757-0300] {logging_mixin.py:117} INFO - [2022-10-16T07:22:14.757-0300] {dag.py:3324} INFO - Setting next_dagrun for example_nested_branch_dag to 2022-10-15T00:00:00+00:00, run_after=2022-10-16T00:00:00+00:00
[2022-10-16T07:22:14.782-0300] {processor.py:178} INFO - Processing /home/renato/Documentos/datapipeline/.env/lib/python3.10/site-packages/airflow/example_dags/example_nested_branch_dag.py took 0.092 seconds
[2022-10-16T07:22:55.369-0300] {processor.py:156} INFO - Started process (PID=6606) to work on /home/renato/Documentos/datapipeline/.env/lib/python3.10/site-packages/airflow/example_dags/example_nested_branch_dag.py
[2022-10-16T07:22:55.372-0300] {processor.py:758} INFO - Processing file /home/renato/Documentos/datapipeline/.env/lib/python3.10/site-packages/airflow/example_dags/example_nested_branch_dag.py for tasks to queue
[2022-10-16T07:22:55.373-0300] {logging_mixin.py:117} INFO - [2022-10-16T07:22:55.373-0300] {dagbag.py:525} INFO - Filling up the DagBag from /home/renato/Documentos/datapipeline/.env/lib/python3.10/site-packages/airflow/example_dags/example_nested_branch_dag.py
[2022-10-16T07:22:55.411-0300] {processor.py:768} INFO - DAG(s) dict_keys(['example_nested_branch_dag']) retrieved from /home/renato/Documentos/datapipeline/.env/lib/python3.10/site-packages/airflow/example_dags/example_nested_branch_dag.py
[2022-10-16T07:22:55.435-0300] {logging_mixin.py:117} INFO - [2022-10-16T07:22:55.435-0300] {dag.py:2573} INFO - Sync 1 DAGs
[2022-10-16T07:22:55.454-0300] {logging_mixin.py:117} INFO - [2022-10-16T07:22:55.454-0300] {dag.py:3324} INFO - Setting next_dagrun for example_nested_branch_dag to 2022-10-15T00:00:00+00:00, run_after=2022-10-16T00:00:00+00:00
[2022-10-16T07:22:55.479-0300] {processor.py:178} INFO - Processing /home/renato/Documentos/datapipeline/.env/lib/python3.10/site-packages/airflow/example_dags/example_nested_branch_dag.py took 0.115 seconds
[2022-10-16T07:23:30.955-0300] {processor.py:156} INFO - Started process (PID=6668) to work on /home/renato/Documentos/datapipeline/.env/lib/python3.10/site-packages/airflow/example_dags/example_nested_branch_dag.py
[2022-10-16T07:23:30.957-0300] {processor.py:758} INFO - Processing file /home/renato/Documentos/datapipeline/.env/lib/python3.10/site-packages/airflow/example_dags/example_nested_branch_dag.py for tasks to queue
[2022-10-16T07:23:30.958-0300] {logging_mixin.py:117} INFO - [2022-10-16T07:23:30.958-0300] {dagbag.py:525} INFO - Filling up the DagBag from /home/renato/Documentos/datapipeline/.env/lib/python3.10/site-packages/airflow/example_dags/example_nested_branch_dag.py
[2022-10-16T07:23:30.984-0300] {processor.py:768} INFO - DAG(s) dict_keys(['example_nested_branch_dag']) retrieved from /home/renato/Documentos/datapipeline/.env/lib/python3.10/site-packages/airflow/example_dags/example_nested_branch_dag.py
[2022-10-16T07:23:31.004-0300] {logging_mixin.py:117} INFO - [2022-10-16T07:23:31.004-0300] {dag.py:2573} INFO - Sync 1 DAGs
[2022-10-16T07:23:31.023-0300] {logging_mixin.py:117} INFO - [2022-10-16T07:23:31.023-0300] {dag.py:3324} INFO - Setting next_dagrun for example_nested_branch_dag to 2022-10-15T00:00:00+00:00, run_after=2022-10-16T00:00:00+00:00
[2022-10-16T07:23:31.048-0300] {processor.py:178} INFO - Processing /home/renato/Documentos/datapipeline/.env/lib/python3.10/site-packages/airflow/example_dags/example_nested_branch_dag.py took 0.096 seconds
[2022-10-16T07:24:08.962-0300] {processor.py:156} INFO - Started process (PID=6740) to work on /home/renato/Documentos/datapipeline/.env/lib/python3.10/site-packages/airflow/example_dags/example_nested_branch_dag.py
[2022-10-16T07:24:08.964-0300] {processor.py:758} INFO - Processing file /home/renato/Documentos/datapipeline/.env/lib/python3.10/site-packages/airflow/example_dags/example_nested_branch_dag.py for tasks to queue
[2022-10-16T07:24:08.965-0300] {logging_mixin.py:117} INFO - [2022-10-16T07:24:08.965-0300] {dagbag.py:525} INFO - Filling up the DagBag from /home/renato/Documentos/datapipeline/.env/lib/python3.10/site-packages/airflow/example_dags/example_nested_branch_dag.py
[2022-10-16T07:24:08.993-0300] {processor.py:768} INFO - DAG(s) dict_keys(['example_nested_branch_dag']) retrieved from /home/renato/Documentos/datapipeline/.env/lib/python3.10/site-packages/airflow/example_dags/example_nested_branch_dag.py
[2022-10-16T07:24:09.014-0300] {logging_mixin.py:117} INFO - [2022-10-16T07:24:09.014-0300] {dag.py:2573} INFO - Sync 1 DAGs
[2022-10-16T07:24:09.031-0300] {logging_mixin.py:117} INFO - [2022-10-16T07:24:09.030-0300] {dag.py:3324} INFO - Setting next_dagrun for example_nested_branch_dag to 2022-10-15T00:00:00+00:00, run_after=2022-10-16T00:00:00+00:00
[2022-10-16T07:24:09.054-0300] {processor.py:178} INFO - Processing /home/renato/Documentos/datapipeline/.env/lib/python3.10/site-packages/airflow/example_dags/example_nested_branch_dag.py took 0.095 seconds
[2022-10-16T07:24:47.598-0300] {processor.py:156} INFO - Started process (PID=6819) to work on /home/renato/Documentos/datapipeline/.env/lib/python3.10/site-packages/airflow/example_dags/example_nested_branch_dag.py
[2022-10-16T07:24:47.602-0300] {processor.py:758} INFO - Processing file /home/renato/Documentos/datapipeline/.env/lib/python3.10/site-packages/airflow/example_dags/example_nested_branch_dag.py for tasks to queue
[2022-10-16T07:24:47.604-0300] {logging_mixin.py:117} INFO - [2022-10-16T07:24:47.603-0300] {dagbag.py:525} INFO - Filling up the DagBag from /home/renato/Documentos/datapipeline/.env/lib/python3.10/site-packages/airflow/example_dags/example_nested_branch_dag.py
[2022-10-16T07:24:47.633-0300] {processor.py:768} INFO - DAG(s) dict_keys(['example_nested_branch_dag']) retrieved from /home/renato/Documentos/datapipeline/.env/lib/python3.10/site-packages/airflow/example_dags/example_nested_branch_dag.py
[2022-10-16T07:24:47.657-0300] {logging_mixin.py:117} INFO - [2022-10-16T07:24:47.657-0300] {dag.py:2573} INFO - Sync 1 DAGs
[2022-10-16T07:24:47.676-0300] {logging_mixin.py:117} INFO - [2022-10-16T07:24:47.675-0300] {dag.py:3324} INFO - Setting next_dagrun for example_nested_branch_dag to 2022-10-15T00:00:00+00:00, run_after=2022-10-16T00:00:00+00:00
[2022-10-16T07:24:47.698-0300] {processor.py:178} INFO - Processing /home/renato/Documentos/datapipeline/.env/lib/python3.10/site-packages/airflow/example_dags/example_nested_branch_dag.py took 0.105 seconds
[2022-10-16T07:25:25.753-0300] {processor.py:156} INFO - Started process (PID=7004) to work on /home/renato/Documentos/datapipeline/.env/lib/python3.10/site-packages/airflow/example_dags/example_nested_branch_dag.py
[2022-10-16T07:25:25.759-0300] {processor.py:758} INFO - Processing file /home/renato/Documentos/datapipeline/.env/lib/python3.10/site-packages/airflow/example_dags/example_nested_branch_dag.py for tasks to queue
[2022-10-16T07:25:25.759-0300] {logging_mixin.py:117} INFO - [2022-10-16T07:25:25.759-0300] {dagbag.py:525} INFO - Filling up the DagBag from /home/renato/Documentos/datapipeline/.env/lib/python3.10/site-packages/airflow/example_dags/example_nested_branch_dag.py
[2022-10-16T07:25:25.791-0300] {processor.py:768} INFO - DAG(s) dict_keys(['example_nested_branch_dag']) retrieved from /home/renato/Documentos/datapipeline/.env/lib/python3.10/site-packages/airflow/example_dags/example_nested_branch_dag.py
[2022-10-16T07:25:25.812-0300] {logging_mixin.py:117} INFO - [2022-10-16T07:25:25.811-0300] {dag.py:2573} INFO - Sync 1 DAGs
[2022-10-16T07:25:25.830-0300] {logging_mixin.py:117} INFO - [2022-10-16T07:25:25.830-0300] {dag.py:3324} INFO - Setting next_dagrun for example_nested_branch_dag to 2022-10-15T00:00:00+00:00, run_after=2022-10-16T00:00:00+00:00
[2022-10-16T07:25:25.855-0300] {processor.py:178} INFO - Processing /home/renato/Documentos/datapipeline/.env/lib/python3.10/site-packages/airflow/example_dags/example_nested_branch_dag.py took 0.106 seconds
[2022-10-16T07:26:02.311-0300] {processor.py:156} INFO - Started process (PID=7070) to work on /home/renato/Documentos/datapipeline/.env/lib/python3.10/site-packages/airflow/example_dags/example_nested_branch_dag.py
[2022-10-16T07:26:02.314-0300] {processor.py:758} INFO - Processing file /home/renato/Documentos/datapipeline/.env/lib/python3.10/site-packages/airflow/example_dags/example_nested_branch_dag.py for tasks to queue
[2022-10-16T07:26:02.315-0300] {logging_mixin.py:117} INFO - [2022-10-16T07:26:02.315-0300] {dagbag.py:525} INFO - Filling up the DagBag from /home/renato/Documentos/datapipeline/.env/lib/python3.10/site-packages/airflow/example_dags/example_nested_branch_dag.py
[2022-10-16T07:26:02.347-0300] {processor.py:768} INFO - DAG(s) dict_keys(['example_nested_branch_dag']) retrieved from /home/renato/Documentos/datapipeline/.env/lib/python3.10/site-packages/airflow/example_dags/example_nested_branch_dag.py
[2022-10-16T07:26:02.368-0300] {logging_mixin.py:117} INFO - [2022-10-16T07:26:02.368-0300] {dag.py:2573} INFO - Sync 1 DAGs
[2022-10-16T07:26:02.386-0300] {logging_mixin.py:117} INFO - [2022-10-16T07:26:02.386-0300] {dag.py:3324} INFO - Setting next_dagrun for example_nested_branch_dag to 2022-10-15T00:00:00+00:00, run_after=2022-10-16T00:00:00+00:00
[2022-10-16T07:26:02.412-0300] {processor.py:178} INFO - Processing /home/renato/Documentos/datapipeline/.env/lib/python3.10/site-packages/airflow/example_dags/example_nested_branch_dag.py took 0.106 seconds
[2022-10-16T07:26:39.525-0300] {processor.py:156} INFO - Started process (PID=7147) to work on /home/renato/Documentos/datapipeline/.env/lib/python3.10/site-packages/airflow/example_dags/example_nested_branch_dag.py
[2022-10-16T07:26:39.531-0300] {processor.py:758} INFO - Processing file /home/renato/Documentos/datapipeline/.env/lib/python3.10/site-packages/airflow/example_dags/example_nested_branch_dag.py for tasks to queue
[2022-10-16T07:26:39.531-0300] {logging_mixin.py:117} INFO - [2022-10-16T07:26:39.531-0300] {dagbag.py:525} INFO - Filling up the DagBag from /home/renato/Documentos/datapipeline/.env/lib/python3.10/site-packages/airflow/example_dags/example_nested_branch_dag.py
[2022-10-16T07:26:39.577-0300] {processor.py:768} INFO - DAG(s) dict_keys(['example_nested_branch_dag']) retrieved from /home/renato/Documentos/datapipeline/.env/lib/python3.10/site-packages/airflow/example_dags/example_nested_branch_dag.py
[2022-10-16T07:26:39.666-0300] {logging_mixin.py:117} INFO - [2022-10-16T07:26:39.666-0300] {dag.py:2573} INFO - Sync 1 DAGs
[2022-10-16T07:26:39.767-0300] {logging_mixin.py:117} INFO - [2022-10-16T07:26:39.767-0300] {dag.py:3324} INFO - Setting next_dagrun for example_nested_branch_dag to 2022-10-15T00:00:00+00:00, run_after=2022-10-16T00:00:00+00:00
[2022-10-16T07:26:39.906-0300] {processor.py:178} INFO - Processing /home/renato/Documentos/datapipeline/.env/lib/python3.10/site-packages/airflow/example_dags/example_nested_branch_dag.py took 0.390 seconds
[2022-10-16T07:27:19.210-0300] {processor.py:156} INFO - Started process (PID=7219) to work on /home/renato/Documentos/datapipeline/.env/lib/python3.10/site-packages/airflow/example_dags/example_nested_branch_dag.py
[2022-10-16T07:27:19.214-0300] {processor.py:758} INFO - Processing file /home/renato/Documentos/datapipeline/.env/lib/python3.10/site-packages/airflow/example_dags/example_nested_branch_dag.py for tasks to queue
[2022-10-16T07:27:19.215-0300] {logging_mixin.py:117} INFO - [2022-10-16T07:27:19.215-0300] {dagbag.py:525} INFO - Filling up the DagBag from /home/renato/Documentos/datapipeline/.env/lib/python3.10/site-packages/airflow/example_dags/example_nested_branch_dag.py
[2022-10-16T07:27:19.259-0300] {processor.py:768} INFO - DAG(s) dict_keys(['example_nested_branch_dag']) retrieved from /home/renato/Documentos/datapipeline/.env/lib/python3.10/site-packages/airflow/example_dags/example_nested_branch_dag.py
[2022-10-16T07:27:19.284-0300] {logging_mixin.py:117} INFO - [2022-10-16T07:27:19.284-0300] {dag.py:2573} INFO - Sync 1 DAGs
[2022-10-16T07:27:19.304-0300] {logging_mixin.py:117} INFO - [2022-10-16T07:27:19.304-0300] {dag.py:3324} INFO - Setting next_dagrun for example_nested_branch_dag to 2022-10-15T00:00:00+00:00, run_after=2022-10-16T00:00:00+00:00
[2022-10-16T07:27:19.330-0300] {processor.py:178} INFO - Processing /home/renato/Documentos/datapipeline/.env/lib/python3.10/site-packages/airflow/example_dags/example_nested_branch_dag.py took 0.126 seconds
[2022-10-16T07:27:55.158-0300] {processor.py:156} INFO - Started process (PID=7285) to work on /home/renato/Documentos/datapipeline/.env/lib/python3.10/site-packages/airflow/example_dags/example_nested_branch_dag.py
[2022-10-16T07:27:55.169-0300] {processor.py:758} INFO - Processing file /home/renato/Documentos/datapipeline/.env/lib/python3.10/site-packages/airflow/example_dags/example_nested_branch_dag.py for tasks to queue
[2022-10-16T07:27:55.171-0300] {logging_mixin.py:117} INFO - [2022-10-16T07:27:55.171-0300] {dagbag.py:525} INFO - Filling up the DagBag from /home/renato/Documentos/datapipeline/.env/lib/python3.10/site-packages/airflow/example_dags/example_nested_branch_dag.py
[2022-10-16T07:27:55.202-0300] {processor.py:768} INFO - DAG(s) dict_keys(['example_nested_branch_dag']) retrieved from /home/renato/Documentos/datapipeline/.env/lib/python3.10/site-packages/airflow/example_dags/example_nested_branch_dag.py
[2022-10-16T07:27:55.224-0300] {logging_mixin.py:117} INFO - [2022-10-16T07:27:55.224-0300] {dag.py:2573} INFO - Sync 1 DAGs
[2022-10-16T07:27:55.245-0300] {logging_mixin.py:117} INFO - [2022-10-16T07:27:55.244-0300] {dag.py:3324} INFO - Setting next_dagrun for example_nested_branch_dag to 2022-10-15T00:00:00+00:00, run_after=2022-10-16T00:00:00+00:00
[2022-10-16T07:27:55.269-0300] {processor.py:178} INFO - Processing /home/renato/Documentos/datapipeline/.env/lib/python3.10/site-packages/airflow/example_dags/example_nested_branch_dag.py took 0.120 seconds
[2022-10-16T07:28:38.182-0300] {processor.py:156} INFO - Started process (PID=7359) to work on /home/renato/Documentos/datapipeline/.env/lib/python3.10/site-packages/airflow/example_dags/example_nested_branch_dag.py
[2022-10-16T07:28:38.187-0300] {processor.py:758} INFO - Processing file /home/renato/Documentos/datapipeline/.env/lib/python3.10/site-packages/airflow/example_dags/example_nested_branch_dag.py for tasks to queue
[2022-10-16T07:28:38.188-0300] {logging_mixin.py:117} INFO - [2022-10-16T07:28:38.188-0300] {dagbag.py:525} INFO - Filling up the DagBag from /home/renato/Documentos/datapipeline/.env/lib/python3.10/site-packages/airflow/example_dags/example_nested_branch_dag.py
[2022-10-16T07:28:38.211-0300] {processor.py:768} INFO - DAG(s) dict_keys(['example_nested_branch_dag']) retrieved from /home/renato/Documentos/datapipeline/.env/lib/python3.10/site-packages/airflow/example_dags/example_nested_branch_dag.py
[2022-10-16T07:28:38.233-0300] {logging_mixin.py:117} INFO - [2022-10-16T07:28:38.232-0300] {dag.py:2573} INFO - Sync 1 DAGs
[2022-10-16T07:28:38.251-0300] {logging_mixin.py:117} INFO - [2022-10-16T07:28:38.251-0300] {dag.py:3324} INFO - Setting next_dagrun for example_nested_branch_dag to 2022-10-15T00:00:00+00:00, run_after=2022-10-16T00:00:00+00:00
[2022-10-16T07:28:38.274-0300] {processor.py:178} INFO - Processing /home/renato/Documentos/datapipeline/.env/lib/python3.10/site-packages/airflow/example_dags/example_nested_branch_dag.py took 0.095 seconds
[2022-10-16T07:29:21.385-0300] {processor.py:156} INFO - Started process (PID=7442) to work on /home/renato/Documentos/datapipeline/.env/lib/python3.10/site-packages/airflow/example_dags/example_nested_branch_dag.py
[2022-10-16T07:29:21.391-0300] {processor.py:758} INFO - Processing file /home/renato/Documentos/datapipeline/.env/lib/python3.10/site-packages/airflow/example_dags/example_nested_branch_dag.py for tasks to queue
[2022-10-16T07:29:21.391-0300] {logging_mixin.py:117} INFO - [2022-10-16T07:29:21.391-0300] {dagbag.py:525} INFO - Filling up the DagBag from /home/renato/Documentos/datapipeline/.env/lib/python3.10/site-packages/airflow/example_dags/example_nested_branch_dag.py
[2022-10-16T07:29:21.417-0300] {processor.py:768} INFO - DAG(s) dict_keys(['example_nested_branch_dag']) retrieved from /home/renato/Documentos/datapipeline/.env/lib/python3.10/site-packages/airflow/example_dags/example_nested_branch_dag.py
[2022-10-16T07:29:21.438-0300] {logging_mixin.py:117} INFO - [2022-10-16T07:29:21.438-0300] {dag.py:2573} INFO - Sync 1 DAGs
[2022-10-16T07:29:21.457-0300] {logging_mixin.py:117} INFO - [2022-10-16T07:29:21.457-0300] {dag.py:3324} INFO - Setting next_dagrun for example_nested_branch_dag to 2022-10-15T00:00:00+00:00, run_after=2022-10-16T00:00:00+00:00
[2022-10-16T07:29:21.482-0300] {processor.py:178} INFO - Processing /home/renato/Documentos/datapipeline/.env/lib/python3.10/site-packages/airflow/example_dags/example_nested_branch_dag.py took 0.100 seconds
[2022-10-16T07:29:58.327-0300] {processor.py:156} INFO - Started process (PID=7507) to work on /home/renato/Documentos/datapipeline/.env/lib/python3.10/site-packages/airflow/example_dags/example_nested_branch_dag.py
[2022-10-16T07:29:58.330-0300] {processor.py:758} INFO - Processing file /home/renato/Documentos/datapipeline/.env/lib/python3.10/site-packages/airflow/example_dags/example_nested_branch_dag.py for tasks to queue
[2022-10-16T07:29:58.330-0300] {logging_mixin.py:117} INFO - [2022-10-16T07:29:58.330-0300] {dagbag.py:525} INFO - Filling up the DagBag from /home/renato/Documentos/datapipeline/.env/lib/python3.10/site-packages/airflow/example_dags/example_nested_branch_dag.py
[2022-10-16T07:29:58.356-0300] {processor.py:768} INFO - DAG(s) dict_keys(['example_nested_branch_dag']) retrieved from /home/renato/Documentos/datapipeline/.env/lib/python3.10/site-packages/airflow/example_dags/example_nested_branch_dag.py
[2022-10-16T07:29:58.379-0300] {logging_mixin.py:117} INFO - [2022-10-16T07:29:58.378-0300] {dag.py:2573} INFO - Sync 1 DAGs
[2022-10-16T07:29:58.400-0300] {logging_mixin.py:117} INFO - [2022-10-16T07:29:58.400-0300] {dag.py:3324} INFO - Setting next_dagrun for example_nested_branch_dag to 2022-10-15T00:00:00+00:00, run_after=2022-10-16T00:00:00+00:00
[2022-10-16T07:29:58.427-0300] {processor.py:178} INFO - Processing /home/renato/Documentos/datapipeline/.env/lib/python3.10/site-packages/airflow/example_dags/example_nested_branch_dag.py took 0.102 seconds
[2022-10-16T07:31:12.124-0300] {processor.py:156} INFO - Started process (PID=7837) to work on /home/renato/Documentos/datapipeline/.env/lib/python3.10/site-packages/airflow/example_dags/example_nested_branch_dag.py
[2022-10-16T07:31:12.129-0300] {processor.py:758} INFO - Processing file /home/renato/Documentos/datapipeline/.env/lib/python3.10/site-packages/airflow/example_dags/example_nested_branch_dag.py for tasks to queue
[2022-10-16T07:31:12.129-0300] {logging_mixin.py:117} INFO - [2022-10-16T07:31:12.129-0300] {dagbag.py:525} INFO - Filling up the DagBag from /home/renato/Documentos/datapipeline/.env/lib/python3.10/site-packages/airflow/example_dags/example_nested_branch_dag.py
[2022-10-16T07:31:12.152-0300] {processor.py:768} INFO - DAG(s) dict_keys(['example_nested_branch_dag']) retrieved from /home/renato/Documentos/datapipeline/.env/lib/python3.10/site-packages/airflow/example_dags/example_nested_branch_dag.py
[2022-10-16T07:31:12.171-0300] {logging_mixin.py:117} INFO - [2022-10-16T07:31:12.171-0300] {dag.py:2573} INFO - Sync 1 DAGs
[2022-10-16T07:31:12.187-0300] {logging_mixin.py:117} INFO - [2022-10-16T07:31:12.187-0300] {dag.py:3324} INFO - Setting next_dagrun for example_nested_branch_dag to 2022-10-15T00:00:00+00:00, run_after=2022-10-16T00:00:00+00:00
[2022-10-16T07:31:12.209-0300] {processor.py:178} INFO - Processing /home/renato/Documentos/datapipeline/.env/lib/python3.10/site-packages/airflow/example_dags/example_nested_branch_dag.py took 0.091 seconds
