[2022-10-16T07:17:53.967-0300] {processor.py:156} INFO - Started process (PID=5906) to work on /home/renato/Documentos/datapipeline/.env/lib/python3.10/site-packages/airflow/example_dags/example_branch_labels.py
[2022-10-16T07:17:53.968-0300] {processor.py:758} INFO - Processing file /home/renato/Documentos/datapipeline/.env/lib/python3.10/site-packages/airflow/example_dags/example_branch_labels.py for tasks to queue
[2022-10-16T07:17:53.969-0300] {logging_mixin.py:117} INFO - [2022-10-16T07:17:53.969-0300] {dagbag.py:525} INFO - Filling up the DagBag from /home/renato/Documentos/datapipeline/.env/lib/python3.10/site-packages/airflow/example_dags/example_branch_labels.py
[2022-10-16T07:17:53.987-0300] {processor.py:768} INFO - DAG(s) dict_keys(['example_branch_labels']) retrieved from /home/renato/Documentos/datapipeline/.env/lib/python3.10/site-packages/airflow/example_dags/example_branch_labels.py
[2022-10-16T07:17:54.091-0300] {logging_mixin.py:117} INFO - [2022-10-16T07:17:54.091-0300] {manager.py:507} INFO - Created Permission View: can edit on DAG:example_branch_labels
[2022-10-16T07:17:54.105-0300] {logging_mixin.py:117} INFO - [2022-10-16T07:17:54.105-0300] {manager.py:507} INFO - Created Permission View: can read on DAG:example_branch_labels
[2022-10-16T07:17:54.120-0300] {logging_mixin.py:117} INFO - [2022-10-16T07:17:54.120-0300] {manager.py:507} INFO - Created Permission View: can delete on DAG:example_branch_labels
[2022-10-16T07:17:54.121-0300] {logging_mixin.py:117} INFO - [2022-10-16T07:17:54.120-0300] {dag.py:2573} INFO - Sync 1 DAGs
[2022-10-16T07:17:54.129-0300] {logging_mixin.py:117} INFO - [2022-10-16T07:17:54.129-0300] {dag.py:2594} INFO - Creating ORM DAG for example_branch_labels
[2022-10-16T07:17:54.137-0300] {logging_mixin.py:117} INFO - [2022-10-16T07:17:54.137-0300] {dag.py:3324} INFO - Setting next_dagrun for example_branch_labels to 2022-10-15T00:00:00+00:00, run_after=2022-10-16T00:00:00+00:00
[2022-10-16T07:17:54.179-0300] {processor.py:178} INFO - Processing /home/renato/Documentos/datapipeline/.env/lib/python3.10/site-packages/airflow/example_dags/example_branch_labels.py took 0.223 seconds
[2022-10-16T07:18:35.008-0300] {processor.py:156} INFO - Started process (PID=5986) to work on /home/renato/Documentos/datapipeline/.env/lib/python3.10/site-packages/airflow/example_dags/example_branch_labels.py
[2022-10-16T07:18:35.019-0300] {processor.py:758} INFO - Processing file /home/renato/Documentos/datapipeline/.env/lib/python3.10/site-packages/airflow/example_dags/example_branch_labels.py for tasks to queue
[2022-10-16T07:18:35.020-0300] {logging_mixin.py:117} INFO - [2022-10-16T07:18:35.020-0300] {dagbag.py:525} INFO - Filling up the DagBag from /home/renato/Documentos/datapipeline/.env/lib/python3.10/site-packages/airflow/example_dags/example_branch_labels.py
[2022-10-16T07:18:35.042-0300] {processor.py:768} INFO - DAG(s) dict_keys(['example_branch_labels']) retrieved from /home/renato/Documentos/datapipeline/.env/lib/python3.10/site-packages/airflow/example_dags/example_branch_labels.py
[2022-10-16T07:18:35.064-0300] {logging_mixin.py:117} INFO - [2022-10-16T07:18:35.064-0300] {dag.py:2573} INFO - Sync 1 DAGs
[2022-10-16T07:18:35.082-0300] {logging_mixin.py:117} INFO - [2022-10-16T07:18:35.082-0300] {dag.py:3324} INFO - Setting next_dagrun for example_branch_labels to 2022-10-15T00:00:00+00:00, run_after=2022-10-16T00:00:00+00:00
[2022-10-16T07:18:35.104-0300] {processor.py:178} INFO - Processing /home/renato/Documentos/datapipeline/.env/lib/python3.10/site-packages/airflow/example_dags/example_branch_labels.py took 0.102 seconds
[2022-10-16T07:19:12.270-0300] {processor.py:156} INFO - Started process (PID=6050) to work on /home/renato/Documentos/datapipeline/.env/lib/python3.10/site-packages/airflow/example_dags/example_branch_labels.py
[2022-10-16T07:19:12.275-0300] {processor.py:758} INFO - Processing file /home/renato/Documentos/datapipeline/.env/lib/python3.10/site-packages/airflow/example_dags/example_branch_labels.py for tasks to queue
[2022-10-16T07:19:12.277-0300] {logging_mixin.py:117} INFO - [2022-10-16T07:19:12.276-0300] {dagbag.py:525} INFO - Filling up the DagBag from /home/renato/Documentos/datapipeline/.env/lib/python3.10/site-packages/airflow/example_dags/example_branch_labels.py
[2022-10-16T07:19:12.297-0300] {processor.py:768} INFO - DAG(s) dict_keys(['example_branch_labels']) retrieved from /home/renato/Documentos/datapipeline/.env/lib/python3.10/site-packages/airflow/example_dags/example_branch_labels.py
[2022-10-16T07:19:12.325-0300] {logging_mixin.py:117} INFO - [2022-10-16T07:19:12.325-0300] {dag.py:2573} INFO - Sync 1 DAGs
[2022-10-16T07:19:12.344-0300] {logging_mixin.py:117} INFO - [2022-10-16T07:19:12.343-0300] {dag.py:3324} INFO - Setting next_dagrun for example_branch_labels to 2022-10-15T00:00:00+00:00, run_after=2022-10-16T00:00:00+00:00
[2022-10-16T07:19:12.365-0300] {processor.py:178} INFO - Processing /home/renato/Documentos/datapipeline/.env/lib/python3.10/site-packages/airflow/example_dags/example_branch_labels.py took 0.100 seconds
[2022-10-16T07:19:49.490-0300] {processor.py:156} INFO - Started process (PID=6156) to work on /home/renato/Documentos/datapipeline/.env/lib/python3.10/site-packages/airflow/example_dags/example_branch_labels.py
[2022-10-16T07:19:49.496-0300] {processor.py:758} INFO - Processing file /home/renato/Documentos/datapipeline/.env/lib/python3.10/site-packages/airflow/example_dags/example_branch_labels.py for tasks to queue
[2022-10-16T07:19:49.497-0300] {logging_mixin.py:117} INFO - [2022-10-16T07:19:49.497-0300] {dagbag.py:525} INFO - Filling up the DagBag from /home/renato/Documentos/datapipeline/.env/lib/python3.10/site-packages/airflow/example_dags/example_branch_labels.py
[2022-10-16T07:19:49.513-0300] {processor.py:768} INFO - DAG(s) dict_keys(['example_branch_labels']) retrieved from /home/renato/Documentos/datapipeline/.env/lib/python3.10/site-packages/airflow/example_dags/example_branch_labels.py
[2022-10-16T07:19:49.536-0300] {logging_mixin.py:117} INFO - [2022-10-16T07:19:49.535-0300] {dag.py:2573} INFO - Sync 1 DAGs
[2022-10-16T07:19:49.558-0300] {logging_mixin.py:117} INFO - [2022-10-16T07:19:49.558-0300] {dag.py:3324} INFO - Setting next_dagrun for example_branch_labels to 2022-10-15T00:00:00+00:00, run_after=2022-10-16T00:00:00+00:00
[2022-10-16T07:19:49.589-0300] {processor.py:178} INFO - Processing /home/renato/Documentos/datapipeline/.env/lib/python3.10/site-packages/airflow/example_dags/example_branch_labels.py took 0.105 seconds
[2022-10-16T07:20:26.507-0300] {processor.py:156} INFO - Started process (PID=6346) to work on /home/renato/Documentos/datapipeline/.env/lib/python3.10/site-packages/airflow/example_dags/example_branch_labels.py
[2022-10-16T07:20:26.510-0300] {processor.py:758} INFO - Processing file /home/renato/Documentos/datapipeline/.env/lib/python3.10/site-packages/airflow/example_dags/example_branch_labels.py for tasks to queue
[2022-10-16T07:20:26.511-0300] {logging_mixin.py:117} INFO - [2022-10-16T07:20:26.511-0300] {dagbag.py:525} INFO - Filling up the DagBag from /home/renato/Documentos/datapipeline/.env/lib/python3.10/site-packages/airflow/example_dags/example_branch_labels.py
[2022-10-16T07:20:26.533-0300] {processor.py:768} INFO - DAG(s) dict_keys(['example_branch_labels']) retrieved from /home/renato/Documentos/datapipeline/.env/lib/python3.10/site-packages/airflow/example_dags/example_branch_labels.py
[2022-10-16T07:20:26.557-0300] {logging_mixin.py:117} INFO - [2022-10-16T07:20:26.557-0300] {dag.py:2573} INFO - Sync 1 DAGs
[2022-10-16T07:20:26.576-0300] {logging_mixin.py:117} INFO - [2022-10-16T07:20:26.576-0300] {dag.py:3324} INFO - Setting next_dagrun for example_branch_labels to 2022-10-15T00:00:00+00:00, run_after=2022-10-16T00:00:00+00:00
[2022-10-16T07:20:26.608-0300] {processor.py:178} INFO - Processing /home/renato/Documentos/datapipeline/.env/lib/python3.10/site-packages/airflow/example_dags/example_branch_labels.py took 0.106 seconds
[2022-10-16T07:21:03.302-0300] {processor.py:156} INFO - Started process (PID=6412) to work on /home/renato/Documentos/datapipeline/.env/lib/python3.10/site-packages/airflow/example_dags/example_branch_labels.py
[2022-10-16T07:21:03.307-0300] {processor.py:758} INFO - Processing file /home/renato/Documentos/datapipeline/.env/lib/python3.10/site-packages/airflow/example_dags/example_branch_labels.py for tasks to queue
[2022-10-16T07:21:03.309-0300] {logging_mixin.py:117} INFO - [2022-10-16T07:21:03.309-0300] {dagbag.py:525} INFO - Filling up the DagBag from /home/renato/Documentos/datapipeline/.env/lib/python3.10/site-packages/airflow/example_dags/example_branch_labels.py
[2022-10-16T07:21:03.340-0300] {processor.py:768} INFO - DAG(s) dict_keys(['example_branch_labels']) retrieved from /home/renato/Documentos/datapipeline/.env/lib/python3.10/site-packages/airflow/example_dags/example_branch_labels.py
[2022-10-16T07:21:03.363-0300] {logging_mixin.py:117} INFO - [2022-10-16T07:21:03.363-0300] {dag.py:2573} INFO - Sync 1 DAGs
[2022-10-16T07:21:03.381-0300] {logging_mixin.py:117} INFO - [2022-10-16T07:21:03.381-0300] {dag.py:3324} INFO - Setting next_dagrun for example_branch_labels to 2022-10-15T00:00:00+00:00, run_after=2022-10-16T00:00:00+00:00
[2022-10-16T07:21:03.403-0300] {processor.py:178} INFO - Processing /home/renato/Documentos/datapipeline/.env/lib/python3.10/site-packages/airflow/example_dags/example_branch_labels.py took 0.109 seconds
[2022-10-16T07:21:41.881-0300] {processor.py:156} INFO - Started process (PID=6473) to work on /home/renato/Documentos/datapipeline/.env/lib/python3.10/site-packages/airflow/example_dags/example_branch_labels.py
[2022-10-16T07:21:41.886-0300] {processor.py:758} INFO - Processing file /home/renato/Documentos/datapipeline/.env/lib/python3.10/site-packages/airflow/example_dags/example_branch_labels.py for tasks to queue
[2022-10-16T07:21:41.887-0300] {logging_mixin.py:117} INFO - [2022-10-16T07:21:41.887-0300] {dagbag.py:525} INFO - Filling up the DagBag from /home/renato/Documentos/datapipeline/.env/lib/python3.10/site-packages/airflow/example_dags/example_branch_labels.py
[2022-10-16T07:21:41.905-0300] {processor.py:768} INFO - DAG(s) dict_keys(['example_branch_labels']) retrieved from /home/renato/Documentos/datapipeline/.env/lib/python3.10/site-packages/airflow/example_dags/example_branch_labels.py
[2022-10-16T07:21:41.929-0300] {logging_mixin.py:117} INFO - [2022-10-16T07:21:41.929-0300] {dag.py:2573} INFO - Sync 1 DAGs
[2022-10-16T07:21:41.949-0300] {logging_mixin.py:117} INFO - [2022-10-16T07:21:41.949-0300] {dag.py:3324} INFO - Setting next_dagrun for example_branch_labels to 2022-10-15T00:00:00+00:00, run_after=2022-10-16T00:00:00+00:00
[2022-10-16T07:21:41.976-0300] {processor.py:178} INFO - Processing /home/renato/Documentos/datapipeline/.env/lib/python3.10/site-packages/airflow/example_dags/example_branch_labels.py took 0.101 seconds
[2022-10-16T07:22:22.140-0300] {processor.py:156} INFO - Started process (PID=6550) to work on /home/renato/Documentos/datapipeline/.env/lib/python3.10/site-packages/airflow/example_dags/example_branch_labels.py
[2022-10-16T07:22:22.143-0300] {processor.py:758} INFO - Processing file /home/renato/Documentos/datapipeline/.env/lib/python3.10/site-packages/airflow/example_dags/example_branch_labels.py for tasks to queue
[2022-10-16T07:22:22.144-0300] {logging_mixin.py:117} INFO - [2022-10-16T07:22:22.144-0300] {dagbag.py:525} INFO - Filling up the DagBag from /home/renato/Documentos/datapipeline/.env/lib/python3.10/site-packages/airflow/example_dags/example_branch_labels.py
[2022-10-16T07:22:22.159-0300] {processor.py:768} INFO - DAG(s) dict_keys(['example_branch_labels']) retrieved from /home/renato/Documentos/datapipeline/.env/lib/python3.10/site-packages/airflow/example_dags/example_branch_labels.py
[2022-10-16T07:22:22.180-0300] {logging_mixin.py:117} INFO - [2022-10-16T07:22:22.180-0300] {dag.py:2573} INFO - Sync 1 DAGs
[2022-10-16T07:22:22.197-0300] {logging_mixin.py:117} INFO - [2022-10-16T07:22:22.197-0300] {dag.py:3324} INFO - Setting next_dagrun for example_branch_labels to 2022-10-15T00:00:00+00:00, run_after=2022-10-16T00:00:00+00:00
[2022-10-16T07:22:22.224-0300] {processor.py:178} INFO - Processing /home/renato/Documentos/datapipeline/.env/lib/python3.10/site-packages/airflow/example_dags/example_branch_labels.py took 0.087 seconds
[2022-10-16T07:23:00.718-0300] {processor.py:156} INFO - Started process (PID=6618) to work on /home/renato/Documentos/datapipeline/.env/lib/python3.10/site-packages/airflow/example_dags/example_branch_labels.py
[2022-10-16T07:23:00.726-0300] {processor.py:758} INFO - Processing file /home/renato/Documentos/datapipeline/.env/lib/python3.10/site-packages/airflow/example_dags/example_branch_labels.py for tasks to queue
[2022-10-16T07:23:00.727-0300] {logging_mixin.py:117} INFO - [2022-10-16T07:23:00.727-0300] {dagbag.py:525} INFO - Filling up the DagBag from /home/renato/Documentos/datapipeline/.env/lib/python3.10/site-packages/airflow/example_dags/example_branch_labels.py
[2022-10-16T07:23:00.743-0300] {processor.py:768} INFO - DAG(s) dict_keys(['example_branch_labels']) retrieved from /home/renato/Documentos/datapipeline/.env/lib/python3.10/site-packages/airflow/example_dags/example_branch_labels.py
[2022-10-16T07:23:00.766-0300] {logging_mixin.py:117} INFO - [2022-10-16T07:23:00.766-0300] {dag.py:2573} INFO - Sync 1 DAGs
[2022-10-16T07:23:00.783-0300] {logging_mixin.py:117} INFO - [2022-10-16T07:23:00.783-0300] {dag.py:3324} INFO - Setting next_dagrun for example_branch_labels to 2022-10-15T00:00:00+00:00, run_after=2022-10-16T00:00:00+00:00
[2022-10-16T07:23:00.808-0300] {processor.py:178} INFO - Processing /home/renato/Documentos/datapipeline/.env/lib/python3.10/site-packages/airflow/example_dags/example_branch_labels.py took 0.097 seconds
[2022-10-16T07:23:34.993-0300] {processor.py:156} INFO - Started process (PID=6677) to work on /home/renato/Documentos/datapipeline/.env/lib/python3.10/site-packages/airflow/example_dags/example_branch_labels.py
[2022-10-16T07:23:34.994-0300] {processor.py:758} INFO - Processing file /home/renato/Documentos/datapipeline/.env/lib/python3.10/site-packages/airflow/example_dags/example_branch_labels.py for tasks to queue
[2022-10-16T07:23:34.994-0300] {logging_mixin.py:117} INFO - [2022-10-16T07:23:34.994-0300] {dagbag.py:525} INFO - Filling up the DagBag from /home/renato/Documentos/datapipeline/.env/lib/python3.10/site-packages/airflow/example_dags/example_branch_labels.py
[2022-10-16T07:23:35.009-0300] {processor.py:768} INFO - DAG(s) dict_keys(['example_branch_labels']) retrieved from /home/renato/Documentos/datapipeline/.env/lib/python3.10/site-packages/airflow/example_dags/example_branch_labels.py
[2022-10-16T07:23:35.031-0300] {logging_mixin.py:117} INFO - [2022-10-16T07:23:35.031-0300] {dag.py:2573} INFO - Sync 1 DAGs
[2022-10-16T07:23:35.050-0300] {logging_mixin.py:117} INFO - [2022-10-16T07:23:35.050-0300] {dag.py:3324} INFO - Setting next_dagrun for example_branch_labels to 2022-10-15T00:00:00+00:00, run_after=2022-10-16T00:00:00+00:00
[2022-10-16T07:23:35.074-0300] {processor.py:178} INFO - Processing /home/renato/Documentos/datapipeline/.env/lib/python3.10/site-packages/airflow/example_dags/example_branch_labels.py took 0.084 seconds
[2022-10-16T07:24:12.720-0300] {processor.py:156} INFO - Started process (PID=6745) to work on /home/renato/Documentos/datapipeline/.env/lib/python3.10/site-packages/airflow/example_dags/example_branch_labels.py
[2022-10-16T07:24:12.723-0300] {processor.py:758} INFO - Processing file /home/renato/Documentos/datapipeline/.env/lib/python3.10/site-packages/airflow/example_dags/example_branch_labels.py for tasks to queue
[2022-10-16T07:24:12.723-0300] {logging_mixin.py:117} INFO - [2022-10-16T07:24:12.723-0300] {dagbag.py:525} INFO - Filling up the DagBag from /home/renato/Documentos/datapipeline/.env/lib/python3.10/site-packages/airflow/example_dags/example_branch_labels.py
[2022-10-16T07:24:12.739-0300] {processor.py:768} INFO - DAG(s) dict_keys(['example_branch_labels']) retrieved from /home/renato/Documentos/datapipeline/.env/lib/python3.10/site-packages/airflow/example_dags/example_branch_labels.py
[2022-10-16T07:24:12.761-0300] {logging_mixin.py:117} INFO - [2022-10-16T07:24:12.761-0300] {dag.py:2573} INFO - Sync 1 DAGs
[2022-10-16T07:24:12.781-0300] {logging_mixin.py:117} INFO - [2022-10-16T07:24:12.781-0300] {dag.py:3324} INFO - Setting next_dagrun for example_branch_labels to 2022-10-15T00:00:00+00:00, run_after=2022-10-16T00:00:00+00:00
[2022-10-16T07:24:12.805-0300] {processor.py:178} INFO - Processing /home/renato/Documentos/datapipeline/.env/lib/python3.10/site-packages/airflow/example_dags/example_branch_labels.py took 0.087 seconds
[2022-10-16T07:24:51.055-0300] {processor.py:156} INFO - Started process (PID=6822) to work on /home/renato/Documentos/datapipeline/.env/lib/python3.10/site-packages/airflow/example_dags/example_branch_labels.py
[2022-10-16T07:24:51.059-0300] {processor.py:758} INFO - Processing file /home/renato/Documentos/datapipeline/.env/lib/python3.10/site-packages/airflow/example_dags/example_branch_labels.py for tasks to queue
[2022-10-16T07:24:51.060-0300] {logging_mixin.py:117} INFO - [2022-10-16T07:24:51.060-0300] {dagbag.py:525} INFO - Filling up the DagBag from /home/renato/Documentos/datapipeline/.env/lib/python3.10/site-packages/airflow/example_dags/example_branch_labels.py
[2022-10-16T07:24:51.082-0300] {processor.py:768} INFO - DAG(s) dict_keys(['example_branch_labels']) retrieved from /home/renato/Documentos/datapipeline/.env/lib/python3.10/site-packages/airflow/example_dags/example_branch_labels.py
[2022-10-16T07:24:51.107-0300] {logging_mixin.py:117} INFO - [2022-10-16T07:24:51.107-0300] {dag.py:2573} INFO - Sync 1 DAGs
[2022-10-16T07:24:51.124-0300] {logging_mixin.py:117} INFO - [2022-10-16T07:24:51.124-0300] {dag.py:3324} INFO - Setting next_dagrun for example_branch_labels to 2022-10-15T00:00:00+00:00, run_after=2022-10-16T00:00:00+00:00
[2022-10-16T07:24:51.146-0300] {processor.py:178} INFO - Processing /home/renato/Documentos/datapipeline/.env/lib/python3.10/site-packages/airflow/example_dags/example_branch_labels.py took 0.098 seconds
[2022-10-16T07:25:28.544-0300] {processor.py:156} INFO - Started process (PID=7010) to work on /home/renato/Documentos/datapipeline/.env/lib/python3.10/site-packages/airflow/example_dags/example_branch_labels.py
[2022-10-16T07:25:28.545-0300] {processor.py:758} INFO - Processing file /home/renato/Documentos/datapipeline/.env/lib/python3.10/site-packages/airflow/example_dags/example_branch_labels.py for tasks to queue
[2022-10-16T07:25:28.546-0300] {logging_mixin.py:117} INFO - [2022-10-16T07:25:28.546-0300] {dagbag.py:525} INFO - Filling up the DagBag from /home/renato/Documentos/datapipeline/.env/lib/python3.10/site-packages/airflow/example_dags/example_branch_labels.py
[2022-10-16T07:25:28.560-0300] {processor.py:768} INFO - DAG(s) dict_keys(['example_branch_labels']) retrieved from /home/renato/Documentos/datapipeline/.env/lib/python3.10/site-packages/airflow/example_dags/example_branch_labels.py
[2022-10-16T07:25:28.581-0300] {logging_mixin.py:117} INFO - [2022-10-16T07:25:28.581-0300] {dag.py:2573} INFO - Sync 1 DAGs
[2022-10-16T07:25:28.598-0300] {logging_mixin.py:117} INFO - [2022-10-16T07:25:28.598-0300] {dag.py:3324} INFO - Setting next_dagrun for example_branch_labels to 2022-10-15T00:00:00+00:00, run_after=2022-10-16T00:00:00+00:00
[2022-10-16T07:25:28.623-0300] {processor.py:178} INFO - Processing /home/renato/Documentos/datapipeline/.env/lib/python3.10/site-packages/airflow/example_dags/example_branch_labels.py took 0.081 seconds
[2022-10-16T07:26:05.053-0300] {processor.py:156} INFO - Started process (PID=7074) to work on /home/renato/Documentos/datapipeline/.env/lib/python3.10/site-packages/airflow/example_dags/example_branch_labels.py
[2022-10-16T07:26:05.055-0300] {processor.py:758} INFO - Processing file /home/renato/Documentos/datapipeline/.env/lib/python3.10/site-packages/airflow/example_dags/example_branch_labels.py for tasks to queue
[2022-10-16T07:26:05.056-0300] {logging_mixin.py:117} INFO - [2022-10-16T07:26:05.056-0300] {dagbag.py:525} INFO - Filling up the DagBag from /home/renato/Documentos/datapipeline/.env/lib/python3.10/site-packages/airflow/example_dags/example_branch_labels.py
[2022-10-16T07:26:05.073-0300] {processor.py:768} INFO - DAG(s) dict_keys(['example_branch_labels']) retrieved from /home/renato/Documentos/datapipeline/.env/lib/python3.10/site-packages/airflow/example_dags/example_branch_labels.py
[2022-10-16T07:26:05.100-0300] {logging_mixin.py:117} INFO - [2022-10-16T07:26:05.100-0300] {dag.py:2573} INFO - Sync 1 DAGs
[2022-10-16T07:26:05.124-0300] {logging_mixin.py:117} INFO - [2022-10-16T07:26:05.124-0300] {dag.py:3324} INFO - Setting next_dagrun for example_branch_labels to 2022-10-15T00:00:00+00:00, run_after=2022-10-16T00:00:00+00:00
[2022-10-16T07:26:05.165-0300] {processor.py:178} INFO - Processing /home/renato/Documentos/datapipeline/.env/lib/python3.10/site-packages/airflow/example_dags/example_branch_labels.py took 0.115 seconds
[2022-10-16T07:26:45.128-0300] {processor.py:156} INFO - Started process (PID=7160) to work on /home/renato/Documentos/datapipeline/.env/lib/python3.10/site-packages/airflow/example_dags/example_branch_labels.py
[2022-10-16T07:26:45.131-0300] {processor.py:758} INFO - Processing file /home/renato/Documentos/datapipeline/.env/lib/python3.10/site-packages/airflow/example_dags/example_branch_labels.py for tasks to queue
[2022-10-16T07:26:45.132-0300] {logging_mixin.py:117} INFO - [2022-10-16T07:26:45.132-0300] {dagbag.py:525} INFO - Filling up the DagBag from /home/renato/Documentos/datapipeline/.env/lib/python3.10/site-packages/airflow/example_dags/example_branch_labels.py
[2022-10-16T07:26:45.153-0300] {processor.py:768} INFO - DAG(s) dict_keys(['example_branch_labels']) retrieved from /home/renato/Documentos/datapipeline/.env/lib/python3.10/site-packages/airflow/example_dags/example_branch_labels.py
[2022-10-16T07:26:45.177-0300] {logging_mixin.py:117} INFO - [2022-10-16T07:26:45.177-0300] {dag.py:2573} INFO - Sync 1 DAGs
[2022-10-16T07:26:45.195-0300] {logging_mixin.py:117} INFO - [2022-10-16T07:26:45.195-0300] {dag.py:3324} INFO - Setting next_dagrun for example_branch_labels to 2022-10-15T00:00:00+00:00, run_after=2022-10-16T00:00:00+00:00
[2022-10-16T07:26:45.217-0300] {processor.py:178} INFO - Processing /home/renato/Documentos/datapipeline/.env/lib/python3.10/site-packages/airflow/example_dags/example_branch_labels.py took 0.094 seconds
[2022-10-16T07:27:22.150-0300] {processor.py:156} INFO - Started process (PID=7224) to work on /home/renato/Documentos/datapipeline/.env/lib/python3.10/site-packages/airflow/example_dags/example_branch_labels.py
[2022-10-16T07:27:22.152-0300] {processor.py:758} INFO - Processing file /home/renato/Documentos/datapipeline/.env/lib/python3.10/site-packages/airflow/example_dags/example_branch_labels.py for tasks to queue
[2022-10-16T07:27:22.152-0300] {logging_mixin.py:117} INFO - [2022-10-16T07:27:22.152-0300] {dagbag.py:525} INFO - Filling up the DagBag from /home/renato/Documentos/datapipeline/.env/lib/python3.10/site-packages/airflow/example_dags/example_branch_labels.py
[2022-10-16T07:27:22.166-0300] {processor.py:768} INFO - DAG(s) dict_keys(['example_branch_labels']) retrieved from /home/renato/Documentos/datapipeline/.env/lib/python3.10/site-packages/airflow/example_dags/example_branch_labels.py
[2022-10-16T07:27:22.187-0300] {logging_mixin.py:117} INFO - [2022-10-16T07:27:22.187-0300] {dag.py:2573} INFO - Sync 1 DAGs
[2022-10-16T07:27:22.205-0300] {logging_mixin.py:117} INFO - [2022-10-16T07:27:22.205-0300] {dag.py:3324} INFO - Setting next_dagrun for example_branch_labels to 2022-10-15T00:00:00+00:00, run_after=2022-10-16T00:00:00+00:00
[2022-10-16T07:27:22.232-0300] {processor.py:178} INFO - Processing /home/renato/Documentos/datapipeline/.env/lib/python3.10/site-packages/airflow/example_dags/example_branch_labels.py took 0.085 seconds
[2022-10-16T07:28:04.180-0300] {processor.py:156} INFO - Started process (PID=7304) to work on /home/renato/Documentos/datapipeline/.env/lib/python3.10/site-packages/airflow/example_dags/example_branch_labels.py
[2022-10-16T07:28:04.185-0300] {processor.py:758} INFO - Processing file /home/renato/Documentos/datapipeline/.env/lib/python3.10/site-packages/airflow/example_dags/example_branch_labels.py for tasks to queue
[2022-10-16T07:28:04.186-0300] {logging_mixin.py:117} INFO - [2022-10-16T07:28:04.186-0300] {dagbag.py:525} INFO - Filling up the DagBag from /home/renato/Documentos/datapipeline/.env/lib/python3.10/site-packages/airflow/example_dags/example_branch_labels.py
[2022-10-16T07:28:04.207-0300] {processor.py:768} INFO - DAG(s) dict_keys(['example_branch_labels']) retrieved from /home/renato/Documentos/datapipeline/.env/lib/python3.10/site-packages/airflow/example_dags/example_branch_labels.py
[2022-10-16T07:28:04.228-0300] {logging_mixin.py:117} INFO - [2022-10-16T07:28:04.228-0300] {dag.py:2573} INFO - Sync 1 DAGs
[2022-10-16T07:28:04.248-0300] {logging_mixin.py:117} INFO - [2022-10-16T07:28:04.247-0300] {dag.py:3324} INFO - Setting next_dagrun for example_branch_labels to 2022-10-15T00:00:00+00:00, run_after=2022-10-16T00:00:00+00:00
[2022-10-16T07:28:04.270-0300] {processor.py:178} INFO - Processing /home/renato/Documentos/datapipeline/.env/lib/python3.10/site-packages/airflow/example_dags/example_branch_labels.py took 0.094 seconds
[2022-10-16T07:28:40.905-0300] {processor.py:156} INFO - Started process (PID=7362) to work on /home/renato/Documentos/datapipeline/.env/lib/python3.10/site-packages/airflow/example_dags/example_branch_labels.py
[2022-10-16T07:28:40.916-0300] {processor.py:758} INFO - Processing file /home/renato/Documentos/datapipeline/.env/lib/python3.10/site-packages/airflow/example_dags/example_branch_labels.py for tasks to queue
[2022-10-16T07:28:40.916-0300] {logging_mixin.py:117} INFO - [2022-10-16T07:28:40.916-0300] {dagbag.py:525} INFO - Filling up the DagBag from /home/renato/Documentos/datapipeline/.env/lib/python3.10/site-packages/airflow/example_dags/example_branch_labels.py
[2022-10-16T07:28:40.940-0300] {processor.py:768} INFO - DAG(s) dict_keys(['example_branch_labels']) retrieved from /home/renato/Documentos/datapipeline/.env/lib/python3.10/site-packages/airflow/example_dags/example_branch_labels.py
[2022-10-16T07:28:40.971-0300] {logging_mixin.py:117} INFO - [2022-10-16T07:28:40.971-0300] {dag.py:2573} INFO - Sync 1 DAGs
[2022-10-16T07:28:40.995-0300] {logging_mixin.py:117} INFO - [2022-10-16T07:28:40.995-0300] {dag.py:3324} INFO - Setting next_dagrun for example_branch_labels to 2022-10-15T00:00:00+00:00, run_after=2022-10-16T00:00:00+00:00
[2022-10-16T07:28:41.095-0300] {processor.py:178} INFO - Processing /home/renato/Documentos/datapipeline/.env/lib/python3.10/site-packages/airflow/example_dags/example_branch_labels.py took 0.198 seconds
[2022-10-16T07:29:24.381-0300] {processor.py:156} INFO - Started process (PID=7445) to work on /home/renato/Documentos/datapipeline/.env/lib/python3.10/site-packages/airflow/example_dags/example_branch_labels.py
[2022-10-16T07:29:24.384-0300] {processor.py:758} INFO - Processing file /home/renato/Documentos/datapipeline/.env/lib/python3.10/site-packages/airflow/example_dags/example_branch_labels.py for tasks to queue
[2022-10-16T07:29:24.385-0300] {logging_mixin.py:117} INFO - [2022-10-16T07:29:24.385-0300] {dagbag.py:525} INFO - Filling up the DagBag from /home/renato/Documentos/datapipeline/.env/lib/python3.10/site-packages/airflow/example_dags/example_branch_labels.py
[2022-10-16T07:29:24.405-0300] {processor.py:768} INFO - DAG(s) dict_keys(['example_branch_labels']) retrieved from /home/renato/Documentos/datapipeline/.env/lib/python3.10/site-packages/airflow/example_dags/example_branch_labels.py
[2022-10-16T07:29:24.426-0300] {logging_mixin.py:117} INFO - [2022-10-16T07:29:24.426-0300] {dag.py:2573} INFO - Sync 1 DAGs
[2022-10-16T07:29:24.444-0300] {logging_mixin.py:117} INFO - [2022-10-16T07:29:24.443-0300] {dag.py:3324} INFO - Setting next_dagrun for example_branch_labels to 2022-10-15T00:00:00+00:00, run_after=2022-10-16T00:00:00+00:00
[2022-10-16T07:29:24.467-0300] {processor.py:178} INFO - Processing /home/renato/Documentos/datapipeline/.env/lib/python3.10/site-packages/airflow/example_dags/example_branch_labels.py took 0.093 seconds
[2022-10-16T07:30:01.955-0300] {processor.py:156} INFO - Started process (PID=7518) to work on /home/renato/Documentos/datapipeline/.env/lib/python3.10/site-packages/airflow/example_dags/example_branch_labels.py
[2022-10-16T07:30:01.959-0300] {processor.py:758} INFO - Processing file /home/renato/Documentos/datapipeline/.env/lib/python3.10/site-packages/airflow/example_dags/example_branch_labels.py for tasks to queue
[2022-10-16T07:30:01.960-0300] {logging_mixin.py:117} INFO - [2022-10-16T07:30:01.959-0300] {dagbag.py:525} INFO - Filling up the DagBag from /home/renato/Documentos/datapipeline/.env/lib/python3.10/site-packages/airflow/example_dags/example_branch_labels.py
[2022-10-16T07:30:01.977-0300] {processor.py:768} INFO - DAG(s) dict_keys(['example_branch_labels']) retrieved from /home/renato/Documentos/datapipeline/.env/lib/python3.10/site-packages/airflow/example_dags/example_branch_labels.py
[2022-10-16T07:30:02.004-0300] {logging_mixin.py:117} INFO - [2022-10-16T07:30:02.003-0300] {dag.py:2573} INFO - Sync 1 DAGs
[2022-10-16T07:30:02.022-0300] {logging_mixin.py:117} INFO - [2022-10-16T07:30:02.022-0300] {dag.py:3324} INFO - Setting next_dagrun for example_branch_labels to 2022-10-15T00:00:00+00:00, run_after=2022-10-16T00:00:00+00:00
[2022-10-16T07:30:02.046-0300] {processor.py:178} INFO - Processing /home/renato/Documentos/datapipeline/.env/lib/python3.10/site-packages/airflow/example_dags/example_branch_labels.py took 0.093 seconds
[2022-10-16T07:31:52.752-0300] {processor.py:156} INFO - Started process (PID=7910) to work on /home/renato/Documentos/datapipeline/.env/lib/python3.10/site-packages/airflow/example_dags/example_branch_labels.py
[2022-10-16T07:31:52.755-0300] {processor.py:758} INFO - Processing file /home/renato/Documentos/datapipeline/.env/lib/python3.10/site-packages/airflow/example_dags/example_branch_labels.py for tasks to queue
[2022-10-16T07:31:52.755-0300] {logging_mixin.py:117} INFO - [2022-10-16T07:31:52.755-0300] {dagbag.py:525} INFO - Filling up the DagBag from /home/renato/Documentos/datapipeline/.env/lib/python3.10/site-packages/airflow/example_dags/example_branch_labels.py
[2022-10-16T07:31:52.769-0300] {processor.py:768} INFO - DAG(s) dict_keys(['example_branch_labels']) retrieved from /home/renato/Documentos/datapipeline/.env/lib/python3.10/site-packages/airflow/example_dags/example_branch_labels.py
[2022-10-16T07:31:52.790-0300] {logging_mixin.py:117} INFO - [2022-10-16T07:31:52.790-0300] {dag.py:2573} INFO - Sync 1 DAGs
[2022-10-16T07:31:52.807-0300] {logging_mixin.py:117} INFO - [2022-10-16T07:31:52.807-0300] {dag.py:3324} INFO - Setting next_dagrun for example_branch_labels to 2022-10-15T00:00:00+00:00, run_after=2022-10-16T00:00:00+00:00
[2022-10-16T07:31:52.829-0300] {processor.py:178} INFO - Processing /home/renato/Documentos/datapipeline/.env/lib/python3.10/site-packages/airflow/example_dags/example_branch_labels.py took 0.080 seconds
[2022-10-16T08:30:44.219-0300] {processor.py:156} INFO - Started process (PID=2576) to work on /home/renato/Documentos/datapipeline/.env/lib/python3.10/site-packages/airflow/example_dags/example_branch_labels.py
[2022-10-16T08:30:44.222-0300] {processor.py:758} INFO - Processing file /home/renato/Documentos/datapipeline/.env/lib/python3.10/site-packages/airflow/example_dags/example_branch_labels.py for tasks to queue
[2022-10-16T08:30:44.223-0300] {logging_mixin.py:117} INFO - [2022-10-16T08:30:44.223-0300] {dagbag.py:525} INFO - Filling up the DagBag from /home/renato/Documentos/datapipeline/.env/lib/python3.10/site-packages/airflow/example_dags/example_branch_labels.py
[2022-10-16T08:30:44.242-0300] {processor.py:768} INFO - DAG(s) dict_keys(['example_branch_labels']) retrieved from /home/renato/Documentos/datapipeline/.env/lib/python3.10/site-packages/airflow/example_dags/example_branch_labels.py
[2022-10-16T08:30:44.262-0300] {logging_mixin.py:117} INFO - [2022-10-16T08:30:44.262-0300] {dag.py:2573} INFO - Sync 1 DAGs
[2022-10-16T08:30:44.279-0300] {logging_mixin.py:117} INFO - [2022-10-16T08:30:44.279-0300] {dag.py:3324} INFO - Setting next_dagrun for example_branch_labels to 2022-10-15T00:00:00+00:00, run_after=2022-10-16T00:00:00+00:00
[2022-10-16T08:30:44.302-0300] {processor.py:178} INFO - Processing /home/renato/Documentos/datapipeline/.env/lib/python3.10/site-packages/airflow/example_dags/example_branch_labels.py took 0.093 seconds
[2022-10-16T08:31:21.950-0300] {processor.py:156} INFO - Started process (PID=2635) to work on /home/renato/Documentos/datapipeline/.env/lib/python3.10/site-packages/airflow/example_dags/example_branch_labels.py
[2022-10-16T08:31:21.951-0300] {processor.py:758} INFO - Processing file /home/renato/Documentos/datapipeline/.env/lib/python3.10/site-packages/airflow/example_dags/example_branch_labels.py for tasks to queue
[2022-10-16T08:31:21.953-0300] {logging_mixin.py:117} INFO - [2022-10-16T08:31:21.953-0300] {dagbag.py:525} INFO - Filling up the DagBag from /home/renato/Documentos/datapipeline/.env/lib/python3.10/site-packages/airflow/example_dags/example_branch_labels.py
[2022-10-16T08:31:21.967-0300] {processor.py:768} INFO - DAG(s) dict_keys(['example_branch_labels']) retrieved from /home/renato/Documentos/datapipeline/.env/lib/python3.10/site-packages/airflow/example_dags/example_branch_labels.py
[2022-10-16T08:31:21.989-0300] {logging_mixin.py:117} INFO - [2022-10-16T08:31:21.988-0300] {dag.py:2573} INFO - Sync 1 DAGs
[2022-10-16T08:31:22.007-0300] {logging_mixin.py:117} INFO - [2022-10-16T08:31:22.007-0300] {dag.py:3324} INFO - Setting next_dagrun for example_branch_labels to 2022-10-15T00:00:00+00:00, run_after=2022-10-16T00:00:00+00:00
[2022-10-16T08:31:22.031-0300] {processor.py:178} INFO - Processing /home/renato/Documentos/datapipeline/.env/lib/python3.10/site-packages/airflow/example_dags/example_branch_labels.py took 0.083 seconds
[2022-10-16T08:31:59.899-0300] {processor.py:156} INFO - Started process (PID=2676) to work on /home/renato/Documentos/datapipeline/.env/lib/python3.10/site-packages/airflow/example_dags/example_branch_labels.py
[2022-10-16T08:31:59.902-0300] {processor.py:758} INFO - Processing file /home/renato/Documentos/datapipeline/.env/lib/python3.10/site-packages/airflow/example_dags/example_branch_labels.py for tasks to queue
[2022-10-16T08:31:59.903-0300] {logging_mixin.py:117} INFO - [2022-10-16T08:31:59.903-0300] {dagbag.py:525} INFO - Filling up the DagBag from /home/renato/Documentos/datapipeline/.env/lib/python3.10/site-packages/airflow/example_dags/example_branch_labels.py
[2022-10-16T08:31:59.928-0300] {processor.py:768} INFO - DAG(s) dict_keys(['example_branch_labels']) retrieved from /home/renato/Documentos/datapipeline/.env/lib/python3.10/site-packages/airflow/example_dags/example_branch_labels.py
[2022-10-16T08:31:59.952-0300] {logging_mixin.py:117} INFO - [2022-10-16T08:31:59.951-0300] {dag.py:2573} INFO - Sync 1 DAGs
[2022-10-16T08:31:59.970-0300] {logging_mixin.py:117} INFO - [2022-10-16T08:31:59.970-0300] {dag.py:3324} INFO - Setting next_dagrun for example_branch_labels to 2022-10-15T00:00:00+00:00, run_after=2022-10-16T00:00:00+00:00
[2022-10-16T08:31:59.993-0300] {processor.py:178} INFO - Processing /home/renato/Documentos/datapipeline/.env/lib/python3.10/site-packages/airflow/example_dags/example_branch_labels.py took 0.099 seconds
[2022-10-16T08:32:38.785-0300] {processor.py:156} INFO - Started process (PID=3131) to work on /home/renato/Documentos/datapipeline/.env/lib/python3.10/site-packages/airflow/example_dags/example_branch_labels.py
[2022-10-16T08:32:38.787-0300] {processor.py:758} INFO - Processing file /home/renato/Documentos/datapipeline/.env/lib/python3.10/site-packages/airflow/example_dags/example_branch_labels.py for tasks to queue
[2022-10-16T08:32:38.788-0300] {logging_mixin.py:117} INFO - [2022-10-16T08:32:38.788-0300] {dagbag.py:525} INFO - Filling up the DagBag from /home/renato/Documentos/datapipeline/.env/lib/python3.10/site-packages/airflow/example_dags/example_branch_labels.py
[2022-10-16T08:32:38.807-0300] {processor.py:768} INFO - DAG(s) dict_keys(['example_branch_labels']) retrieved from /home/renato/Documentos/datapipeline/.env/lib/python3.10/site-packages/airflow/example_dags/example_branch_labels.py
[2022-10-16T08:32:38.833-0300] {logging_mixin.py:117} INFO - [2022-10-16T08:32:38.833-0300] {dag.py:2573} INFO - Sync 1 DAGs
[2022-10-16T08:32:38.852-0300] {logging_mixin.py:117} INFO - [2022-10-16T08:32:38.852-0300] {dag.py:3324} INFO - Setting next_dagrun for example_branch_labels to 2022-10-15T00:00:00+00:00, run_after=2022-10-16T00:00:00+00:00
[2022-10-16T08:32:38.879-0300] {processor.py:178} INFO - Processing /home/renato/Documentos/datapipeline/.env/lib/python3.10/site-packages/airflow/example_dags/example_branch_labels.py took 0.098 seconds
[2022-10-16T08:33:18.430-0300] {processor.py:156} INFO - Started process (PID=3170) to work on /home/renato/Documentos/datapipeline/.env/lib/python3.10/site-packages/airflow/example_dags/example_branch_labels.py
[2022-10-16T08:33:18.431-0300] {processor.py:758} INFO - Processing file /home/renato/Documentos/datapipeline/.env/lib/python3.10/site-packages/airflow/example_dags/example_branch_labels.py for tasks to queue
[2022-10-16T08:33:18.432-0300] {logging_mixin.py:117} INFO - [2022-10-16T08:33:18.431-0300] {dagbag.py:525} INFO - Filling up the DagBag from /home/renato/Documentos/datapipeline/.env/lib/python3.10/site-packages/airflow/example_dags/example_branch_labels.py
[2022-10-16T08:33:18.456-0300] {processor.py:768} INFO - DAG(s) dict_keys(['example_branch_labels']) retrieved from /home/renato/Documentos/datapipeline/.env/lib/python3.10/site-packages/airflow/example_dags/example_branch_labels.py
[2022-10-16T08:33:18.482-0300] {logging_mixin.py:117} INFO - [2022-10-16T08:33:18.482-0300] {dag.py:2573} INFO - Sync 1 DAGs
[2022-10-16T08:33:18.500-0300] {logging_mixin.py:117} INFO - [2022-10-16T08:33:18.500-0300] {dag.py:3324} INFO - Setting next_dagrun for example_branch_labels to 2022-10-15T00:00:00+00:00, run_after=2022-10-16T00:00:00+00:00
[2022-10-16T08:33:18.523-0300] {processor.py:178} INFO - Processing /home/renato/Documentos/datapipeline/.env/lib/python3.10/site-packages/airflow/example_dags/example_branch_labels.py took 0.096 seconds
[2022-10-16T08:33:57.728-0300] {processor.py:156} INFO - Started process (PID=3212) to work on /home/renato/Documentos/datapipeline/.env/lib/python3.10/site-packages/airflow/example_dags/example_branch_labels.py
[2022-10-16T08:33:57.732-0300] {processor.py:758} INFO - Processing file /home/renato/Documentos/datapipeline/.env/lib/python3.10/site-packages/airflow/example_dags/example_branch_labels.py for tasks to queue
[2022-10-16T08:33:57.733-0300] {logging_mixin.py:117} INFO - [2022-10-16T08:33:57.733-0300] {dagbag.py:525} INFO - Filling up the DagBag from /home/renato/Documentos/datapipeline/.env/lib/python3.10/site-packages/airflow/example_dags/example_branch_labels.py
[2022-10-16T08:33:57.751-0300] {processor.py:768} INFO - DAG(s) dict_keys(['example_branch_labels']) retrieved from /home/renato/Documentos/datapipeline/.env/lib/python3.10/site-packages/airflow/example_dags/example_branch_labels.py
[2022-10-16T08:33:57.775-0300] {logging_mixin.py:117} INFO - [2022-10-16T08:33:57.775-0300] {dag.py:2573} INFO - Sync 1 DAGs
[2022-10-16T08:33:57.792-0300] {logging_mixin.py:117} INFO - [2022-10-16T08:33:57.792-0300] {dag.py:3324} INFO - Setting next_dagrun for example_branch_labels to 2022-10-15T00:00:00+00:00, run_after=2022-10-16T00:00:00+00:00
[2022-10-16T08:33:57.814-0300] {processor.py:178} INFO - Processing /home/renato/Documentos/datapipeline/.env/lib/python3.10/site-packages/airflow/example_dags/example_branch_labels.py took 0.092 seconds
[2022-10-16T08:35:45.745-0300] {processor.py:156} INFO - Started process (PID=3388) to work on /home/renato/Documentos/datapipeline/.env/lib/python3.10/site-packages/airflow/example_dags/example_branch_labels.py
[2022-10-16T08:35:45.747-0300] {processor.py:758} INFO - Processing file /home/renato/Documentos/datapipeline/.env/lib/python3.10/site-packages/airflow/example_dags/example_branch_labels.py for tasks to queue
[2022-10-16T08:35:45.748-0300] {logging_mixin.py:117} INFO - [2022-10-16T08:35:45.748-0300] {dagbag.py:525} INFO - Filling up the DagBag from /home/renato/Documentos/datapipeline/.env/lib/python3.10/site-packages/airflow/example_dags/example_branch_labels.py
[2022-10-16T08:35:45.761-0300] {processor.py:768} INFO - DAG(s) dict_keys(['example_branch_labels']) retrieved from /home/renato/Documentos/datapipeline/.env/lib/python3.10/site-packages/airflow/example_dags/example_branch_labels.py
[2022-10-16T08:35:45.787-0300] {logging_mixin.py:117} INFO - [2022-10-16T08:35:45.787-0300] {dag.py:2573} INFO - Sync 1 DAGs
[2022-10-16T08:35:45.809-0300] {logging_mixin.py:117} INFO - [2022-10-16T08:35:45.809-0300] {dag.py:3324} INFO - Setting next_dagrun for example_branch_labels to 2022-10-15T00:00:00+00:00, run_after=2022-10-16T00:00:00+00:00
[2022-10-16T08:35:45.841-0300] {processor.py:178} INFO - Processing /home/renato/Documentos/datapipeline/.env/lib/python3.10/site-packages/airflow/example_dags/example_branch_labels.py took 0.100 seconds
