[2022-10-16T07:17:52.599-0300] {processor.py:156} INFO - Started process (PID=5902) to work on /home/renato/Documentos/datapipeline/.env/lib/python3.10/site-packages/airflow/example_dags/example_branch_operator_decorator.py
[2022-10-16T07:17:52.600-0300] {processor.py:758} INFO - Processing file /home/renato/Documentos/datapipeline/.env/lib/python3.10/site-packages/airflow/example_dags/example_branch_operator_decorator.py for tasks to queue
[2022-10-16T07:17:52.601-0300] {logging_mixin.py:117} INFO - [2022-10-16T07:17:52.600-0300] {dagbag.py:525} INFO - Filling up the DagBag from /home/renato/Documentos/datapipeline/.env/lib/python3.10/site-packages/airflow/example_dags/example_branch_operator_decorator.py
[2022-10-16T07:17:52.627-0300] {processor.py:768} INFO - DAG(s) dict_keys(['example_branch_python_operator_decorator']) retrieved from /home/renato/Documentos/datapipeline/.env/lib/python3.10/site-packages/airflow/example_dags/example_branch_operator_decorator.py
[2022-10-16T07:17:52.729-0300] {logging_mixin.py:117} INFO - [2022-10-16T07:17:52.729-0300] {manager.py:507} INFO - Created Permission View: can edit on DAG:example_branch_python_operator_decorator
[2022-10-16T07:17:52.742-0300] {logging_mixin.py:117} INFO - [2022-10-16T07:17:52.742-0300] {manager.py:507} INFO - Created Permission View: can read on DAG:example_branch_python_operator_decorator
[2022-10-16T07:17:52.756-0300] {logging_mixin.py:117} INFO - [2022-10-16T07:17:52.755-0300] {manager.py:507} INFO - Created Permission View: can delete on DAG:example_branch_python_operator_decorator
[2022-10-16T07:17:52.756-0300] {logging_mixin.py:117} INFO - [2022-10-16T07:17:52.756-0300] {dag.py:2573} INFO - Sync 1 DAGs
[2022-10-16T07:17:52.766-0300] {logging_mixin.py:117} INFO - [2022-10-16T07:17:52.766-0300] {dag.py:2594} INFO - Creating ORM DAG for example_branch_python_operator_decorator
[2022-10-16T07:17:52.774-0300] {logging_mixin.py:117} INFO - [2022-10-16T07:17:52.774-0300] {dag.py:3324} INFO - Setting next_dagrun for example_branch_python_operator_decorator to 2022-10-15T00:00:00+00:00, run_after=2022-10-16T00:00:00+00:00
[2022-10-16T07:17:52.801-0300] {processor.py:178} INFO - Processing /home/renato/Documentos/datapipeline/.env/lib/python3.10/site-packages/airflow/example_dags/example_branch_operator_decorator.py took 0.208 seconds
[2022-10-16T07:18:33.732-0300] {processor.py:156} INFO - Started process (PID=5983) to work on /home/renato/Documentos/datapipeline/.env/lib/python3.10/site-packages/airflow/example_dags/example_branch_operator_decorator.py
[2022-10-16T07:18:33.736-0300] {processor.py:758} INFO - Processing file /home/renato/Documentos/datapipeline/.env/lib/python3.10/site-packages/airflow/example_dags/example_branch_operator_decorator.py for tasks to queue
[2022-10-16T07:18:33.737-0300] {logging_mixin.py:117} INFO - [2022-10-16T07:18:33.737-0300] {dagbag.py:525} INFO - Filling up the DagBag from /home/renato/Documentos/datapipeline/.env/lib/python3.10/site-packages/airflow/example_dags/example_branch_operator_decorator.py
[2022-10-16T07:18:33.774-0300] {processor.py:768} INFO - DAG(s) dict_keys(['example_branch_python_operator_decorator']) retrieved from /home/renato/Documentos/datapipeline/.env/lib/python3.10/site-packages/airflow/example_dags/example_branch_operator_decorator.py
[2022-10-16T07:18:33.796-0300] {logging_mixin.py:117} INFO - [2022-10-16T07:18:33.796-0300] {dag.py:2573} INFO - Sync 1 DAGs
[2022-10-16T07:18:33.814-0300] {logging_mixin.py:117} INFO - [2022-10-16T07:18:33.814-0300] {dag.py:3324} INFO - Setting next_dagrun for example_branch_python_operator_decorator to 2022-10-15T00:00:00+00:00, run_after=2022-10-16T00:00:00+00:00
[2022-10-16T07:18:33.836-0300] {processor.py:178} INFO - Processing /home/renato/Documentos/datapipeline/.env/lib/python3.10/site-packages/airflow/example_dags/example_branch_operator_decorator.py took 0.111 seconds
[2022-10-16T07:19:11.365-0300] {processor.py:156} INFO - Started process (PID=6049) to work on /home/renato/Documentos/datapipeline/.env/lib/python3.10/site-packages/airflow/example_dags/example_branch_operator_decorator.py
[2022-10-16T07:19:11.368-0300] {processor.py:758} INFO - Processing file /home/renato/Documentos/datapipeline/.env/lib/python3.10/site-packages/airflow/example_dags/example_branch_operator_decorator.py for tasks to queue
[2022-10-16T07:19:11.369-0300] {logging_mixin.py:117} INFO - [2022-10-16T07:19:11.369-0300] {dagbag.py:525} INFO - Filling up the DagBag from /home/renato/Documentos/datapipeline/.env/lib/python3.10/site-packages/airflow/example_dags/example_branch_operator_decorator.py
[2022-10-16T07:19:11.401-0300] {processor.py:768} INFO - DAG(s) dict_keys(['example_branch_python_operator_decorator']) retrieved from /home/renato/Documentos/datapipeline/.env/lib/python3.10/site-packages/airflow/example_dags/example_branch_operator_decorator.py
[2022-10-16T07:19:11.422-0300] {logging_mixin.py:117} INFO - [2022-10-16T07:19:11.422-0300] {dag.py:2573} INFO - Sync 1 DAGs
[2022-10-16T07:19:11.439-0300] {logging_mixin.py:117} INFO - [2022-10-16T07:19:11.439-0300] {dag.py:3324} INFO - Setting next_dagrun for example_branch_python_operator_decorator to 2022-10-15T00:00:00+00:00, run_after=2022-10-16T00:00:00+00:00
[2022-10-16T07:19:11.459-0300] {processor.py:178} INFO - Processing /home/renato/Documentos/datapipeline/.env/lib/python3.10/site-packages/airflow/example_dags/example_branch_operator_decorator.py took 0.100 seconds
[2022-10-16T07:19:48.203-0300] {processor.py:156} INFO - Started process (PID=6151) to work on /home/renato/Documentos/datapipeline/.env/lib/python3.10/site-packages/airflow/example_dags/example_branch_operator_decorator.py
[2022-10-16T07:19:48.213-0300] {processor.py:758} INFO - Processing file /home/renato/Documentos/datapipeline/.env/lib/python3.10/site-packages/airflow/example_dags/example_branch_operator_decorator.py for tasks to queue
[2022-10-16T07:19:48.214-0300] {logging_mixin.py:117} INFO - [2022-10-16T07:19:48.214-0300] {dagbag.py:525} INFO - Filling up the DagBag from /home/renato/Documentos/datapipeline/.env/lib/python3.10/site-packages/airflow/example_dags/example_branch_operator_decorator.py
[2022-10-16T07:19:48.240-0300] {processor.py:768} INFO - DAG(s) dict_keys(['example_branch_python_operator_decorator']) retrieved from /home/renato/Documentos/datapipeline/.env/lib/python3.10/site-packages/airflow/example_dags/example_branch_operator_decorator.py
[2022-10-16T07:19:48.276-0300] {logging_mixin.py:117} INFO - [2022-10-16T07:19:48.275-0300] {dag.py:2573} INFO - Sync 1 DAGs
[2022-10-16T07:19:48.326-0300] {logging_mixin.py:117} INFO - [2022-10-16T07:19:48.326-0300] {dag.py:3324} INFO - Setting next_dagrun for example_branch_python_operator_decorator to 2022-10-15T00:00:00+00:00, run_after=2022-10-16T00:00:00+00:00
[2022-10-16T07:19:48.375-0300] {processor.py:178} INFO - Processing /home/renato/Documentos/datapipeline/.env/lib/python3.10/site-packages/airflow/example_dags/example_branch_operator_decorator.py took 0.174 seconds
[2022-10-16T07:20:25.898-0300] {processor.py:156} INFO - Started process (PID=6345) to work on /home/renato/Documentos/datapipeline/.env/lib/python3.10/site-packages/airflow/example_dags/example_branch_operator_decorator.py
[2022-10-16T07:20:25.900-0300] {processor.py:758} INFO - Processing file /home/renato/Documentos/datapipeline/.env/lib/python3.10/site-packages/airflow/example_dags/example_branch_operator_decorator.py for tasks to queue
[2022-10-16T07:20:25.900-0300] {logging_mixin.py:117} INFO - [2022-10-16T07:20:25.900-0300] {dagbag.py:525} INFO - Filling up the DagBag from /home/renato/Documentos/datapipeline/.env/lib/python3.10/site-packages/airflow/example_dags/example_branch_operator_decorator.py
[2022-10-16T07:20:25.931-0300] {processor.py:768} INFO - DAG(s) dict_keys(['example_branch_python_operator_decorator']) retrieved from /home/renato/Documentos/datapipeline/.env/lib/python3.10/site-packages/airflow/example_dags/example_branch_operator_decorator.py
[2022-10-16T07:20:25.952-0300] {logging_mixin.py:117} INFO - [2022-10-16T07:20:25.952-0300] {dag.py:2573} INFO - Sync 1 DAGs
[2022-10-16T07:20:25.969-0300] {logging_mixin.py:117} INFO - [2022-10-16T07:20:25.969-0300] {dag.py:3324} INFO - Setting next_dagrun for example_branch_python_operator_decorator to 2022-10-15T00:00:00+00:00, run_after=2022-10-16T00:00:00+00:00
[2022-10-16T07:20:25.994-0300] {processor.py:178} INFO - Processing /home/renato/Documentos/datapipeline/.env/lib/python3.10/site-packages/airflow/example_dags/example_branch_operator_decorator.py took 0.099 seconds
[2022-10-16T07:21:02.150-0300] {processor.py:156} INFO - Started process (PID=6410) to work on /home/renato/Documentos/datapipeline/.env/lib/python3.10/site-packages/airflow/example_dags/example_branch_operator_decorator.py
[2022-10-16T07:21:02.152-0300] {processor.py:758} INFO - Processing file /home/renato/Documentos/datapipeline/.env/lib/python3.10/site-packages/airflow/example_dags/example_branch_operator_decorator.py for tasks to queue
[2022-10-16T07:21:02.153-0300] {logging_mixin.py:117} INFO - [2022-10-16T07:21:02.153-0300] {dagbag.py:525} INFO - Filling up the DagBag from /home/renato/Documentos/datapipeline/.env/lib/python3.10/site-packages/airflow/example_dags/example_branch_operator_decorator.py
[2022-10-16T07:21:02.176-0300] {processor.py:768} INFO - DAG(s) dict_keys(['example_branch_python_operator_decorator']) retrieved from /home/renato/Documentos/datapipeline/.env/lib/python3.10/site-packages/airflow/example_dags/example_branch_operator_decorator.py
[2022-10-16T07:21:02.197-0300] {logging_mixin.py:117} INFO - [2022-10-16T07:21:02.196-0300] {dag.py:2573} INFO - Sync 1 DAGs
[2022-10-16T07:21:02.214-0300] {logging_mixin.py:117} INFO - [2022-10-16T07:21:02.213-0300] {dag.py:3324} INFO - Setting next_dagrun for example_branch_python_operator_decorator to 2022-10-15T00:00:00+00:00, run_after=2022-10-16T00:00:00+00:00
[2022-10-16T07:21:02.242-0300] {processor.py:178} INFO - Processing /home/renato/Documentos/datapipeline/.env/lib/python3.10/site-packages/airflow/example_dags/example_branch_operator_decorator.py took 0.095 seconds
[2022-10-16T07:21:41.533-0300] {processor.py:156} INFO - Started process (PID=6471) to work on /home/renato/Documentos/datapipeline/.env/lib/python3.10/site-packages/airflow/example_dags/example_branch_operator_decorator.py
[2022-10-16T07:21:41.538-0300] {processor.py:758} INFO - Processing file /home/renato/Documentos/datapipeline/.env/lib/python3.10/site-packages/airflow/example_dags/example_branch_operator_decorator.py for tasks to queue
[2022-10-16T07:21:41.539-0300] {logging_mixin.py:117} INFO - [2022-10-16T07:21:41.539-0300] {dagbag.py:525} INFO - Filling up the DagBag from /home/renato/Documentos/datapipeline/.env/lib/python3.10/site-packages/airflow/example_dags/example_branch_operator_decorator.py
[2022-10-16T07:21:41.569-0300] {processor.py:768} INFO - DAG(s) dict_keys(['example_branch_python_operator_decorator']) retrieved from /home/renato/Documentos/datapipeline/.env/lib/python3.10/site-packages/airflow/example_dags/example_branch_operator_decorator.py
[2022-10-16T07:21:41.589-0300] {logging_mixin.py:117} INFO - [2022-10-16T07:21:41.589-0300] {dag.py:2573} INFO - Sync 1 DAGs
[2022-10-16T07:21:41.606-0300] {logging_mixin.py:117} INFO - [2022-10-16T07:21:41.605-0300] {dag.py:3324} INFO - Setting next_dagrun for example_branch_python_operator_decorator to 2022-10-15T00:00:00+00:00, run_after=2022-10-16T00:00:00+00:00
[2022-10-16T07:21:41.642-0300] {processor.py:178} INFO - Processing /home/renato/Documentos/datapipeline/.env/lib/python3.10/site-packages/airflow/example_dags/example_branch_operator_decorator.py took 0.112 seconds
[2022-10-16T07:22:20.998-0300] {processor.py:156} INFO - Started process (PID=6549) to work on /home/renato/Documentos/datapipeline/.env/lib/python3.10/site-packages/airflow/example_dags/example_branch_operator_decorator.py
[2022-10-16T07:22:21.000-0300] {processor.py:758} INFO - Processing file /home/renato/Documentos/datapipeline/.env/lib/python3.10/site-packages/airflow/example_dags/example_branch_operator_decorator.py for tasks to queue
[2022-10-16T07:22:21.000-0300] {logging_mixin.py:117} INFO - [2022-10-16T07:22:21.000-0300] {dagbag.py:525} INFO - Filling up the DagBag from /home/renato/Documentos/datapipeline/.env/lib/python3.10/site-packages/airflow/example_dags/example_branch_operator_decorator.py
[2022-10-16T07:22:21.023-0300] {processor.py:768} INFO - DAG(s) dict_keys(['example_branch_python_operator_decorator']) retrieved from /home/renato/Documentos/datapipeline/.env/lib/python3.10/site-packages/airflow/example_dags/example_branch_operator_decorator.py
[2022-10-16T07:22:21.044-0300] {logging_mixin.py:117} INFO - [2022-10-16T07:22:21.044-0300] {dag.py:2573} INFO - Sync 1 DAGs
[2022-10-16T07:22:21.062-0300] {logging_mixin.py:117} INFO - [2022-10-16T07:22:21.062-0300] {dag.py:3324} INFO - Setting next_dagrun for example_branch_python_operator_decorator to 2022-10-15T00:00:00+00:00, run_after=2022-10-16T00:00:00+00:00
[2022-10-16T07:22:21.085-0300] {processor.py:178} INFO - Processing /home/renato/Documentos/datapipeline/.env/lib/python3.10/site-packages/airflow/example_dags/example_branch_operator_decorator.py took 0.089 seconds
[2022-10-16T07:22:57.266-0300] {processor.py:156} INFO - Started process (PID=6609) to work on /home/renato/Documentos/datapipeline/.env/lib/python3.10/site-packages/airflow/example_dags/example_branch_operator_decorator.py
[2022-10-16T07:22:57.268-0300] {processor.py:758} INFO - Processing file /home/renato/Documentos/datapipeline/.env/lib/python3.10/site-packages/airflow/example_dags/example_branch_operator_decorator.py for tasks to queue
[2022-10-16T07:22:57.269-0300] {logging_mixin.py:117} INFO - [2022-10-16T07:22:57.269-0300] {dagbag.py:525} INFO - Filling up the DagBag from /home/renato/Documentos/datapipeline/.env/lib/python3.10/site-packages/airflow/example_dags/example_branch_operator_decorator.py
[2022-10-16T07:22:57.292-0300] {processor.py:768} INFO - DAG(s) dict_keys(['example_branch_python_operator_decorator']) retrieved from /home/renato/Documentos/datapipeline/.env/lib/python3.10/site-packages/airflow/example_dags/example_branch_operator_decorator.py
[2022-10-16T07:22:57.313-0300] {logging_mixin.py:117} INFO - [2022-10-16T07:22:57.313-0300] {dag.py:2573} INFO - Sync 1 DAGs
[2022-10-16T07:22:57.333-0300] {logging_mixin.py:117} INFO - [2022-10-16T07:22:57.333-0300] {dag.py:3324} INFO - Setting next_dagrun for example_branch_python_operator_decorator to 2022-10-15T00:00:00+00:00, run_after=2022-10-16T00:00:00+00:00
[2022-10-16T07:22:57.357-0300] {processor.py:178} INFO - Processing /home/renato/Documentos/datapipeline/.env/lib/python3.10/site-packages/airflow/example_dags/example_branch_operator_decorator.py took 0.094 seconds
[2022-10-16T07:23:33.746-0300] {processor.py:156} INFO - Started process (PID=6676) to work on /home/renato/Documentos/datapipeline/.env/lib/python3.10/site-packages/airflow/example_dags/example_branch_operator_decorator.py
[2022-10-16T07:23:33.752-0300] {processor.py:758} INFO - Processing file /home/renato/Documentos/datapipeline/.env/lib/python3.10/site-packages/airflow/example_dags/example_branch_operator_decorator.py for tasks to queue
[2022-10-16T07:23:33.753-0300] {logging_mixin.py:117} INFO - [2022-10-16T07:23:33.753-0300] {dagbag.py:525} INFO - Filling up the DagBag from /home/renato/Documentos/datapipeline/.env/lib/python3.10/site-packages/airflow/example_dags/example_branch_operator_decorator.py
[2022-10-16T07:23:33.779-0300] {processor.py:768} INFO - DAG(s) dict_keys(['example_branch_python_operator_decorator']) retrieved from /home/renato/Documentos/datapipeline/.env/lib/python3.10/site-packages/airflow/example_dags/example_branch_operator_decorator.py
[2022-10-16T07:23:33.802-0300] {logging_mixin.py:117} INFO - [2022-10-16T07:23:33.802-0300] {dag.py:2573} INFO - Sync 1 DAGs
[2022-10-16T07:23:33.823-0300] {logging_mixin.py:117} INFO - [2022-10-16T07:23:33.822-0300] {dag.py:3324} INFO - Setting next_dagrun for example_branch_python_operator_decorator to 2022-10-15T00:00:00+00:00, run_after=2022-10-16T00:00:00+00:00
[2022-10-16T07:23:33.845-0300] {processor.py:178} INFO - Processing /home/renato/Documentos/datapipeline/.env/lib/python3.10/site-packages/airflow/example_dags/example_branch_operator_decorator.py took 0.106 seconds
[2022-10-16T07:24:11.462-0300] {processor.py:156} INFO - Started process (PID=6742) to work on /home/renato/Documentos/datapipeline/.env/lib/python3.10/site-packages/airflow/example_dags/example_branch_operator_decorator.py
[2022-10-16T07:24:11.465-0300] {processor.py:758} INFO - Processing file /home/renato/Documentos/datapipeline/.env/lib/python3.10/site-packages/airflow/example_dags/example_branch_operator_decorator.py for tasks to queue
[2022-10-16T07:24:11.466-0300] {logging_mixin.py:117} INFO - [2022-10-16T07:24:11.466-0300] {dagbag.py:525} INFO - Filling up the DagBag from /home/renato/Documentos/datapipeline/.env/lib/python3.10/site-packages/airflow/example_dags/example_branch_operator_decorator.py
[2022-10-16T07:24:11.500-0300] {processor.py:768} INFO - DAG(s) dict_keys(['example_branch_python_operator_decorator']) retrieved from /home/renato/Documentos/datapipeline/.env/lib/python3.10/site-packages/airflow/example_dags/example_branch_operator_decorator.py
[2022-10-16T07:24:11.523-0300] {logging_mixin.py:117} INFO - [2022-10-16T07:24:11.523-0300] {dag.py:2573} INFO - Sync 1 DAGs
[2022-10-16T07:24:11.540-0300] {logging_mixin.py:117} INFO - [2022-10-16T07:24:11.540-0300] {dag.py:3324} INFO - Setting next_dagrun for example_branch_python_operator_decorator to 2022-10-15T00:00:00+00:00, run_after=2022-10-16T00:00:00+00:00
[2022-10-16T07:24:11.567-0300] {processor.py:178} INFO - Processing /home/renato/Documentos/datapipeline/.env/lib/python3.10/site-packages/airflow/example_dags/example_branch_operator_decorator.py took 0.110 seconds
[2022-10-16T07:24:50.025-0300] {processor.py:156} INFO - Started process (PID=6821) to work on /home/renato/Documentos/datapipeline/.env/lib/python3.10/site-packages/airflow/example_dags/example_branch_operator_decorator.py
[2022-10-16T07:24:50.028-0300] {processor.py:758} INFO - Processing file /home/renato/Documentos/datapipeline/.env/lib/python3.10/site-packages/airflow/example_dags/example_branch_operator_decorator.py for tasks to queue
[2022-10-16T07:24:50.029-0300] {logging_mixin.py:117} INFO - [2022-10-16T07:24:50.029-0300] {dagbag.py:525} INFO - Filling up the DagBag from /home/renato/Documentos/datapipeline/.env/lib/python3.10/site-packages/airflow/example_dags/example_branch_operator_decorator.py
[2022-10-16T07:24:50.059-0300] {processor.py:768} INFO - DAG(s) dict_keys(['example_branch_python_operator_decorator']) retrieved from /home/renato/Documentos/datapipeline/.env/lib/python3.10/site-packages/airflow/example_dags/example_branch_operator_decorator.py
[2022-10-16T07:24:50.080-0300] {logging_mixin.py:117} INFO - [2022-10-16T07:24:50.080-0300] {dag.py:2573} INFO - Sync 1 DAGs
[2022-10-16T07:24:50.099-0300] {logging_mixin.py:117} INFO - [2022-10-16T07:24:50.099-0300] {dag.py:3324} INFO - Setting next_dagrun for example_branch_python_operator_decorator to 2022-10-15T00:00:00+00:00, run_after=2022-10-16T00:00:00+00:00
[2022-10-16T07:24:50.122-0300] {processor.py:178} INFO - Processing /home/renato/Documentos/datapipeline/.env/lib/python3.10/site-packages/airflow/example_dags/example_branch_operator_decorator.py took 0.101 seconds
[2022-10-16T07:25:27.300-0300] {processor.py:156} INFO - Started process (PID=7006) to work on /home/renato/Documentos/datapipeline/.env/lib/python3.10/site-packages/airflow/example_dags/example_branch_operator_decorator.py
[2022-10-16T07:25:27.307-0300] {processor.py:758} INFO - Processing file /home/renato/Documentos/datapipeline/.env/lib/python3.10/site-packages/airflow/example_dags/example_branch_operator_decorator.py for tasks to queue
[2022-10-16T07:25:27.308-0300] {logging_mixin.py:117} INFO - [2022-10-16T07:25:27.308-0300] {dagbag.py:525} INFO - Filling up the DagBag from /home/renato/Documentos/datapipeline/.env/lib/python3.10/site-packages/airflow/example_dags/example_branch_operator_decorator.py
[2022-10-16T07:25:27.339-0300] {processor.py:768} INFO - DAG(s) dict_keys(['example_branch_python_operator_decorator']) retrieved from /home/renato/Documentos/datapipeline/.env/lib/python3.10/site-packages/airflow/example_dags/example_branch_operator_decorator.py
[2022-10-16T07:25:27.359-0300] {logging_mixin.py:117} INFO - [2022-10-16T07:25:27.359-0300] {dag.py:2573} INFO - Sync 1 DAGs
[2022-10-16T07:25:27.377-0300] {logging_mixin.py:117} INFO - [2022-10-16T07:25:27.377-0300] {dag.py:3324} INFO - Setting next_dagrun for example_branch_python_operator_decorator to 2022-10-15T00:00:00+00:00, run_after=2022-10-16T00:00:00+00:00
[2022-10-16T07:25:27.408-0300] {processor.py:178} INFO - Processing /home/renato/Documentos/datapipeline/.env/lib/python3.10/site-packages/airflow/example_dags/example_branch_operator_decorator.py took 0.114 seconds
[2022-10-16T07:26:03.809-0300] {processor.py:156} INFO - Started process (PID=7073) to work on /home/renato/Documentos/datapipeline/.env/lib/python3.10/site-packages/airflow/example_dags/example_branch_operator_decorator.py
[2022-10-16T07:26:03.812-0300] {processor.py:758} INFO - Processing file /home/renato/Documentos/datapipeline/.env/lib/python3.10/site-packages/airflow/example_dags/example_branch_operator_decorator.py for tasks to queue
[2022-10-16T07:26:03.813-0300] {logging_mixin.py:117} INFO - [2022-10-16T07:26:03.813-0300] {dagbag.py:525} INFO - Filling up the DagBag from /home/renato/Documentos/datapipeline/.env/lib/python3.10/site-packages/airflow/example_dags/example_branch_operator_decorator.py
[2022-10-16T07:26:03.840-0300] {processor.py:768} INFO - DAG(s) dict_keys(['example_branch_python_operator_decorator']) retrieved from /home/renato/Documentos/datapipeline/.env/lib/python3.10/site-packages/airflow/example_dags/example_branch_operator_decorator.py
[2022-10-16T07:26:03.861-0300] {logging_mixin.py:117} INFO - [2022-10-16T07:26:03.861-0300] {dag.py:2573} INFO - Sync 1 DAGs
[2022-10-16T07:26:03.878-0300] {logging_mixin.py:117} INFO - [2022-10-16T07:26:03.878-0300] {dag.py:3324} INFO - Setting next_dagrun for example_branch_python_operator_decorator to 2022-10-15T00:00:00+00:00, run_after=2022-10-16T00:00:00+00:00
[2022-10-16T07:26:03.904-0300] {processor.py:178} INFO - Processing /home/renato/Documentos/datapipeline/.env/lib/python3.10/site-packages/airflow/example_dags/example_branch_operator_decorator.py took 0.100 seconds
[2022-10-16T07:26:43.852-0300] {processor.py:156} INFO - Started process (PID=7153) to work on /home/renato/Documentos/datapipeline/.env/lib/python3.10/site-packages/airflow/example_dags/example_branch_operator_decorator.py
[2022-10-16T07:26:43.856-0300] {processor.py:758} INFO - Processing file /home/renato/Documentos/datapipeline/.env/lib/python3.10/site-packages/airflow/example_dags/example_branch_operator_decorator.py for tasks to queue
[2022-10-16T07:26:43.857-0300] {logging_mixin.py:117} INFO - [2022-10-16T07:26:43.857-0300] {dagbag.py:525} INFO - Filling up the DagBag from /home/renato/Documentos/datapipeline/.env/lib/python3.10/site-packages/airflow/example_dags/example_branch_operator_decorator.py
[2022-10-16T07:26:43.884-0300] {processor.py:768} INFO - DAG(s) dict_keys(['example_branch_python_operator_decorator']) retrieved from /home/renato/Documentos/datapipeline/.env/lib/python3.10/site-packages/airflow/example_dags/example_branch_operator_decorator.py
[2022-10-16T07:26:43.909-0300] {logging_mixin.py:117} INFO - [2022-10-16T07:26:43.909-0300] {dag.py:2573} INFO - Sync 1 DAGs
[2022-10-16T07:26:43.929-0300] {logging_mixin.py:117} INFO - [2022-10-16T07:26:43.929-0300] {dag.py:3324} INFO - Setting next_dagrun for example_branch_python_operator_decorator to 2022-10-15T00:00:00+00:00, run_after=2022-10-16T00:00:00+00:00
[2022-10-16T07:26:43.959-0300] {processor.py:178} INFO - Processing /home/renato/Documentos/datapipeline/.env/lib/python3.10/site-packages/airflow/example_dags/example_branch_operator_decorator.py took 0.110 seconds
[2022-10-16T07:27:20.923-0300] {processor.py:156} INFO - Started process (PID=7223) to work on /home/renato/Documentos/datapipeline/.env/lib/python3.10/site-packages/airflow/example_dags/example_branch_operator_decorator.py
[2022-10-16T07:27:20.926-0300] {processor.py:758} INFO - Processing file /home/renato/Documentos/datapipeline/.env/lib/python3.10/site-packages/airflow/example_dags/example_branch_operator_decorator.py for tasks to queue
[2022-10-16T07:27:20.928-0300] {logging_mixin.py:117} INFO - [2022-10-16T07:27:20.927-0300] {dagbag.py:525} INFO - Filling up the DagBag from /home/renato/Documentos/datapipeline/.env/lib/python3.10/site-packages/airflow/example_dags/example_branch_operator_decorator.py
[2022-10-16T07:27:20.977-0300] {processor.py:768} INFO - DAG(s) dict_keys(['example_branch_python_operator_decorator']) retrieved from /home/renato/Documentos/datapipeline/.env/lib/python3.10/site-packages/airflow/example_dags/example_branch_operator_decorator.py
[2022-10-16T07:27:20.998-0300] {logging_mixin.py:117} INFO - [2022-10-16T07:27:20.998-0300] {dag.py:2573} INFO - Sync 1 DAGs
[2022-10-16T07:27:21.017-0300] {logging_mixin.py:117} INFO - [2022-10-16T07:27:21.017-0300] {dag.py:3324} INFO - Setting next_dagrun for example_branch_python_operator_decorator to 2022-10-15T00:00:00+00:00, run_after=2022-10-16T00:00:00+00:00
[2022-10-16T07:27:21.042-0300] {processor.py:178} INFO - Processing /home/renato/Documentos/datapipeline/.env/lib/python3.10/site-packages/airflow/example_dags/example_branch_operator_decorator.py took 0.124 seconds
[2022-10-16T07:28:02.915-0300] {processor.py:156} INFO - Started process (PID=7303) to work on /home/renato/Documentos/datapipeline/.env/lib/python3.10/site-packages/airflow/example_dags/example_branch_operator_decorator.py
[2022-10-16T07:28:02.920-0300] {processor.py:758} INFO - Processing file /home/renato/Documentos/datapipeline/.env/lib/python3.10/site-packages/airflow/example_dags/example_branch_operator_decorator.py for tasks to queue
[2022-10-16T07:28:02.921-0300] {logging_mixin.py:117} INFO - [2022-10-16T07:28:02.921-0300] {dagbag.py:525} INFO - Filling up the DagBag from /home/renato/Documentos/datapipeline/.env/lib/python3.10/site-packages/airflow/example_dags/example_branch_operator_decorator.py
[2022-10-16T07:28:02.944-0300] {processor.py:768} INFO - DAG(s) dict_keys(['example_branch_python_operator_decorator']) retrieved from /home/renato/Documentos/datapipeline/.env/lib/python3.10/site-packages/airflow/example_dags/example_branch_operator_decorator.py
[2022-10-16T07:28:02.965-0300] {logging_mixin.py:117} INFO - [2022-10-16T07:28:02.965-0300] {dag.py:2573} INFO - Sync 1 DAGs
[2022-10-16T07:28:02.985-0300] {logging_mixin.py:117} INFO - [2022-10-16T07:28:02.984-0300] {dag.py:3324} INFO - Setting next_dagrun for example_branch_python_operator_decorator to 2022-10-15T00:00:00+00:00, run_after=2022-10-16T00:00:00+00:00
[2022-10-16T07:28:03.009-0300] {processor.py:178} INFO - Processing /home/renato/Documentos/datapipeline/.env/lib/python3.10/site-packages/airflow/example_dags/example_branch_operator_decorator.py took 0.097 seconds
[2022-10-16T07:28:39.630-0300] {processor.py:156} INFO - Started process (PID=7361) to work on /home/renato/Documentos/datapipeline/.env/lib/python3.10/site-packages/airflow/example_dags/example_branch_operator_decorator.py
[2022-10-16T07:28:39.633-0300] {processor.py:758} INFO - Processing file /home/renato/Documentos/datapipeline/.env/lib/python3.10/site-packages/airflow/example_dags/example_branch_operator_decorator.py for tasks to queue
[2022-10-16T07:28:39.633-0300] {logging_mixin.py:117} INFO - [2022-10-16T07:28:39.633-0300] {dagbag.py:525} INFO - Filling up the DagBag from /home/renato/Documentos/datapipeline/.env/lib/python3.10/site-packages/airflow/example_dags/example_branch_operator_decorator.py
[2022-10-16T07:28:39.666-0300] {processor.py:768} INFO - DAG(s) dict_keys(['example_branch_python_operator_decorator']) retrieved from /home/renato/Documentos/datapipeline/.env/lib/python3.10/site-packages/airflow/example_dags/example_branch_operator_decorator.py
[2022-10-16T07:28:39.688-0300] {logging_mixin.py:117} INFO - [2022-10-16T07:28:39.687-0300] {dag.py:2573} INFO - Sync 1 DAGs
[2022-10-16T07:28:39.704-0300] {logging_mixin.py:117} INFO - [2022-10-16T07:28:39.704-0300] {dag.py:3324} INFO - Setting next_dagrun for example_branch_python_operator_decorator to 2022-10-15T00:00:00+00:00, run_after=2022-10-16T00:00:00+00:00
[2022-10-16T07:28:39.727-0300] {processor.py:178} INFO - Processing /home/renato/Documentos/datapipeline/.env/lib/python3.10/site-packages/airflow/example_dags/example_branch_operator_decorator.py took 0.101 seconds
[2022-10-16T07:29:23.136-0300] {processor.py:156} INFO - Started process (PID=7444) to work on /home/renato/Documentos/datapipeline/.env/lib/python3.10/site-packages/airflow/example_dags/example_branch_operator_decorator.py
[2022-10-16T07:29:23.138-0300] {processor.py:758} INFO - Processing file /home/renato/Documentos/datapipeline/.env/lib/python3.10/site-packages/airflow/example_dags/example_branch_operator_decorator.py for tasks to queue
[2022-10-16T07:29:23.139-0300] {logging_mixin.py:117} INFO - [2022-10-16T07:29:23.139-0300] {dagbag.py:525} INFO - Filling up the DagBag from /home/renato/Documentos/datapipeline/.env/lib/python3.10/site-packages/airflow/example_dags/example_branch_operator_decorator.py
[2022-10-16T07:29:23.174-0300] {processor.py:768} INFO - DAG(s) dict_keys(['example_branch_python_operator_decorator']) retrieved from /home/renato/Documentos/datapipeline/.env/lib/python3.10/site-packages/airflow/example_dags/example_branch_operator_decorator.py
[2022-10-16T07:29:23.199-0300] {logging_mixin.py:117} INFO - [2022-10-16T07:29:23.199-0300] {dag.py:2573} INFO - Sync 1 DAGs
[2022-10-16T07:29:23.222-0300] {logging_mixin.py:117} INFO - [2022-10-16T07:29:23.222-0300] {dag.py:3324} INFO - Setting next_dagrun for example_branch_python_operator_decorator to 2022-10-15T00:00:00+00:00, run_after=2022-10-16T00:00:00+00:00
[2022-10-16T07:29:23.253-0300] {processor.py:178} INFO - Processing /home/renato/Documentos/datapipeline/.env/lib/python3.10/site-packages/airflow/example_dags/example_branch_operator_decorator.py took 0.122 seconds
[2022-10-16T07:30:00.821-0300] {processor.py:156} INFO - Started process (PID=7515) to work on /home/renato/Documentos/datapipeline/.env/lib/python3.10/site-packages/airflow/example_dags/example_branch_operator_decorator.py
[2022-10-16T07:30:00.823-0300] {processor.py:758} INFO - Processing file /home/renato/Documentos/datapipeline/.env/lib/python3.10/site-packages/airflow/example_dags/example_branch_operator_decorator.py for tasks to queue
[2022-10-16T07:30:00.824-0300] {logging_mixin.py:117} INFO - [2022-10-16T07:30:00.823-0300] {dagbag.py:525} INFO - Filling up the DagBag from /home/renato/Documentos/datapipeline/.env/lib/python3.10/site-packages/airflow/example_dags/example_branch_operator_decorator.py
[2022-10-16T07:30:00.845-0300] {processor.py:768} INFO - DAG(s) dict_keys(['example_branch_python_operator_decorator']) retrieved from /home/renato/Documentos/datapipeline/.env/lib/python3.10/site-packages/airflow/example_dags/example_branch_operator_decorator.py
[2022-10-16T07:30:00.865-0300] {logging_mixin.py:117} INFO - [2022-10-16T07:30:00.865-0300] {dag.py:2573} INFO - Sync 1 DAGs
[2022-10-16T07:30:00.882-0300] {logging_mixin.py:117} INFO - [2022-10-16T07:30:00.881-0300] {dag.py:3324} INFO - Setting next_dagrun for example_branch_python_operator_decorator to 2022-10-15T00:00:00+00:00, run_after=2022-10-16T00:00:00+00:00
[2022-10-16T07:30:00.904-0300] {processor.py:178} INFO - Processing /home/renato/Documentos/datapipeline/.env/lib/python3.10/site-packages/airflow/example_dags/example_branch_operator_decorator.py took 0.086 seconds
[2022-10-16T07:31:51.617-0300] {processor.py:156} INFO - Started process (PID=7909) to work on /home/renato/Documentos/datapipeline/.env/lib/python3.10/site-packages/airflow/example_dags/example_branch_operator_decorator.py
[2022-10-16T07:31:51.622-0300] {processor.py:758} INFO - Processing file /home/renato/Documentos/datapipeline/.env/lib/python3.10/site-packages/airflow/example_dags/example_branch_operator_decorator.py for tasks to queue
[2022-10-16T07:31:51.622-0300] {logging_mixin.py:117} INFO - [2022-10-16T07:31:51.622-0300] {dagbag.py:525} INFO - Filling up the DagBag from /home/renato/Documentos/datapipeline/.env/lib/python3.10/site-packages/airflow/example_dags/example_branch_operator_decorator.py
[2022-10-16T07:31:51.645-0300] {processor.py:768} INFO - DAG(s) dict_keys(['example_branch_python_operator_decorator']) retrieved from /home/renato/Documentos/datapipeline/.env/lib/python3.10/site-packages/airflow/example_dags/example_branch_operator_decorator.py
[2022-10-16T07:31:51.666-0300] {logging_mixin.py:117} INFO - [2022-10-16T07:31:51.666-0300] {dag.py:2573} INFO - Sync 1 DAGs
[2022-10-16T07:31:51.685-0300] {logging_mixin.py:117} INFO - [2022-10-16T07:31:51.684-0300] {dag.py:3324} INFO - Setting next_dagrun for example_branch_python_operator_decorator to 2022-10-15T00:00:00+00:00, run_after=2022-10-16T00:00:00+00:00
[2022-10-16T07:31:51.707-0300] {processor.py:178} INFO - Processing /home/renato/Documentos/datapipeline/.env/lib/python3.10/site-packages/airflow/example_dags/example_branch_operator_decorator.py took 0.093 seconds
