[2022-10-16T07:17:33.470-0300] {processor.py:156} INFO - Started process (PID=5865) to work on /home/renato/Documentos/datapipeline/.env/lib/python3.10/site-packages/airflow/example_dags/example_trigger_target_dag.py
[2022-10-16T07:17:33.472-0300] {processor.py:758} INFO - Processing file /home/renato/Documentos/datapipeline/.env/lib/python3.10/site-packages/airflow/example_dags/example_trigger_target_dag.py for tasks to queue
[2022-10-16T07:17:33.473-0300] {logging_mixin.py:117} INFO - [2022-10-16T07:17:33.473-0300] {dagbag.py:525} INFO - Filling up the DagBag from /home/renato/Documentos/datapipeline/.env/lib/python3.10/site-packages/airflow/example_dags/example_trigger_target_dag.py
[2022-10-16T07:17:33.504-0300] {processor.py:768} INFO - DAG(s) dict_keys(['example_trigger_target_dag']) retrieved from /home/renato/Documentos/datapipeline/.env/lib/python3.10/site-packages/airflow/example_dags/example_trigger_target_dag.py
[2022-10-16T07:17:33.600-0300] {logging_mixin.py:117} INFO - [2022-10-16T07:17:33.600-0300] {manager.py:507} INFO - Created Permission View: can edit on DAG:example_trigger_target_dag
[2022-10-16T07:17:33.614-0300] {logging_mixin.py:117} INFO - [2022-10-16T07:17:33.614-0300] {manager.py:507} INFO - Created Permission View: can read on DAG:example_trigger_target_dag
[2022-10-16T07:17:33.626-0300] {logging_mixin.py:117} INFO - [2022-10-16T07:17:33.626-0300] {manager.py:507} INFO - Created Permission View: can delete on DAG:example_trigger_target_dag
[2022-10-16T07:17:33.626-0300] {logging_mixin.py:117} INFO - [2022-10-16T07:17:33.626-0300] {dag.py:2573} INFO - Sync 1 DAGs
[2022-10-16T07:17:33.634-0300] {logging_mixin.py:117} INFO - [2022-10-16T07:17:33.634-0300] {dag.py:2594} INFO - Creating ORM DAG for example_trigger_target_dag
[2022-10-16T07:17:33.642-0300] {logging_mixin.py:117} INFO - [2022-10-16T07:17:33.642-0300] {dag.py:3324} INFO - Setting next_dagrun for example_trigger_target_dag to None, run_after=None
[2022-10-16T07:17:33.668-0300] {processor.py:178} INFO - Processing /home/renato/Documentos/datapipeline/.env/lib/python3.10/site-packages/airflow/example_dags/example_trigger_target_dag.py took 0.202 seconds
[2022-10-16T07:18:17.984-0300] {processor.py:156} INFO - Started process (PID=5946) to work on /home/renato/Documentos/datapipeline/.env/lib/python3.10/site-packages/airflow/example_dags/example_trigger_target_dag.py
[2022-10-16T07:18:17.986-0300] {processor.py:758} INFO - Processing file /home/renato/Documentos/datapipeline/.env/lib/python3.10/site-packages/airflow/example_dags/example_trigger_target_dag.py for tasks to queue
[2022-10-16T07:18:17.987-0300] {logging_mixin.py:117} INFO - [2022-10-16T07:18:17.986-0300] {dagbag.py:525} INFO - Filling up the DagBag from /home/renato/Documentos/datapipeline/.env/lib/python3.10/site-packages/airflow/example_dags/example_trigger_target_dag.py
[2022-10-16T07:18:18.011-0300] {processor.py:768} INFO - DAG(s) dict_keys(['example_trigger_target_dag']) retrieved from /home/renato/Documentos/datapipeline/.env/lib/python3.10/site-packages/airflow/example_dags/example_trigger_target_dag.py
[2022-10-16T07:18:18.029-0300] {logging_mixin.py:117} INFO - [2022-10-16T07:18:18.029-0300] {dag.py:2573} INFO - Sync 1 DAGs
[2022-10-16T07:18:18.047-0300] {logging_mixin.py:117} INFO - [2022-10-16T07:18:18.047-0300] {dag.py:3324} INFO - Setting next_dagrun for example_trigger_target_dag to None, run_after=None
[2022-10-16T07:18:18.072-0300] {processor.py:178} INFO - Processing /home/renato/Documentos/datapipeline/.env/lib/python3.10/site-packages/airflow/example_dags/example_trigger_target_dag.py took 0.092 seconds
[2022-10-16T07:18:55.787-0300] {processor.py:156} INFO - Started process (PID=6024) to work on /home/renato/Documentos/datapipeline/.env/lib/python3.10/site-packages/airflow/example_dags/example_trigger_target_dag.py
[2022-10-16T07:18:55.790-0300] {processor.py:758} INFO - Processing file /home/renato/Documentos/datapipeline/.env/lib/python3.10/site-packages/airflow/example_dags/example_trigger_target_dag.py for tasks to queue
[2022-10-16T07:18:55.791-0300] {logging_mixin.py:117} INFO - [2022-10-16T07:18:55.791-0300] {dagbag.py:525} INFO - Filling up the DagBag from /home/renato/Documentos/datapipeline/.env/lib/python3.10/site-packages/airflow/example_dags/example_trigger_target_dag.py
[2022-10-16T07:18:55.827-0300] {processor.py:768} INFO - DAG(s) dict_keys(['example_trigger_target_dag']) retrieved from /home/renato/Documentos/datapipeline/.env/lib/python3.10/site-packages/airflow/example_dags/example_trigger_target_dag.py
[2022-10-16T07:18:55.851-0300] {logging_mixin.py:117} INFO - [2022-10-16T07:18:55.851-0300] {dag.py:2573} INFO - Sync 1 DAGs
[2022-10-16T07:18:55.868-0300] {logging_mixin.py:117} INFO - [2022-10-16T07:18:55.867-0300] {dag.py:3324} INFO - Setting next_dagrun for example_trigger_target_dag to None, run_after=None
[2022-10-16T07:18:55.889-0300] {processor.py:178} INFO - Processing /home/renato/Documentos/datapipeline/.env/lib/python3.10/site-packages/airflow/example_dags/example_trigger_target_dag.py took 0.108 seconds
[2022-10-16T07:19:32.504-0300] {processor.py:156} INFO - Started process (PID=6088) to work on /home/renato/Documentos/datapipeline/.env/lib/python3.10/site-packages/airflow/example_dags/example_trigger_target_dag.py
[2022-10-16T07:19:32.508-0300] {processor.py:758} INFO - Processing file /home/renato/Documentos/datapipeline/.env/lib/python3.10/site-packages/airflow/example_dags/example_trigger_target_dag.py for tasks to queue
[2022-10-16T07:19:32.510-0300] {logging_mixin.py:117} INFO - [2022-10-16T07:19:32.509-0300] {dagbag.py:525} INFO - Filling up the DagBag from /home/renato/Documentos/datapipeline/.env/lib/python3.10/site-packages/airflow/example_dags/example_trigger_target_dag.py
[2022-10-16T07:19:32.547-0300] {processor.py:768} INFO - DAG(s) dict_keys(['example_trigger_target_dag']) retrieved from /home/renato/Documentos/datapipeline/.env/lib/python3.10/site-packages/airflow/example_dags/example_trigger_target_dag.py
[2022-10-16T07:19:32.572-0300] {logging_mixin.py:117} INFO - [2022-10-16T07:19:32.572-0300] {dag.py:2573} INFO - Sync 1 DAGs
[2022-10-16T07:19:32.588-0300] {logging_mixin.py:117} INFO - [2022-10-16T07:19:32.588-0300] {dag.py:3324} INFO - Setting next_dagrun for example_trigger_target_dag to None, run_after=None
[2022-10-16T07:19:32.610-0300] {processor.py:178} INFO - Processing /home/renato/Documentos/datapipeline/.env/lib/python3.10/site-packages/airflow/example_dags/example_trigger_target_dag.py took 0.114 seconds
[2022-10-16T07:20:09.981-0300] {processor.py:156} INFO - Started process (PID=6196) to work on /home/renato/Documentos/datapipeline/.env/lib/python3.10/site-packages/airflow/example_dags/example_trigger_target_dag.py
[2022-10-16T07:20:09.983-0300] {processor.py:758} INFO - Processing file /home/renato/Documentos/datapipeline/.env/lib/python3.10/site-packages/airflow/example_dags/example_trigger_target_dag.py for tasks to queue
[2022-10-16T07:20:09.984-0300] {logging_mixin.py:117} INFO - [2022-10-16T07:20:09.984-0300] {dagbag.py:525} INFO - Filling up the DagBag from /home/renato/Documentos/datapipeline/.env/lib/python3.10/site-packages/airflow/example_dags/example_trigger_target_dag.py
[2022-10-16T07:20:10.010-0300] {processor.py:768} INFO - DAG(s) dict_keys(['example_trigger_target_dag']) retrieved from /home/renato/Documentos/datapipeline/.env/lib/python3.10/site-packages/airflow/example_dags/example_trigger_target_dag.py
[2022-10-16T07:20:10.031-0300] {logging_mixin.py:117} INFO - [2022-10-16T07:20:10.031-0300] {dag.py:2573} INFO - Sync 1 DAGs
[2022-10-16T07:20:10.047-0300] {logging_mixin.py:117} INFO - [2022-10-16T07:20:10.047-0300] {dag.py:3324} INFO - Setting next_dagrun for example_trigger_target_dag to None, run_after=None
[2022-10-16T07:20:10.068-0300] {processor.py:178} INFO - Processing /home/renato/Documentos/datapipeline/.env/lib/python3.10/site-packages/airflow/example_dags/example_trigger_target_dag.py took 0.092 seconds
[2022-10-16T07:20:44.671-0300] {processor.py:156} INFO - Started process (PID=6375) to work on /home/renato/Documentos/datapipeline/.env/lib/python3.10/site-packages/airflow/example_dags/example_trigger_target_dag.py
[2022-10-16T07:20:44.675-0300] {processor.py:758} INFO - Processing file /home/renato/Documentos/datapipeline/.env/lib/python3.10/site-packages/airflow/example_dags/example_trigger_target_dag.py for tasks to queue
[2022-10-16T07:20:44.677-0300] {logging_mixin.py:117} INFO - [2022-10-16T07:20:44.677-0300] {dagbag.py:525} INFO - Filling up the DagBag from /home/renato/Documentos/datapipeline/.env/lib/python3.10/site-packages/airflow/example_dags/example_trigger_target_dag.py
[2022-10-16T07:20:44.703-0300] {processor.py:768} INFO - DAG(s) dict_keys(['example_trigger_target_dag']) retrieved from /home/renato/Documentos/datapipeline/.env/lib/python3.10/site-packages/airflow/example_dags/example_trigger_target_dag.py
[2022-10-16T07:20:44.725-0300] {logging_mixin.py:117} INFO - [2022-10-16T07:20:44.724-0300] {dag.py:2573} INFO - Sync 1 DAGs
[2022-10-16T07:20:44.741-0300] {logging_mixin.py:117} INFO - [2022-10-16T07:20:44.741-0300] {dag.py:3324} INFO - Setting next_dagrun for example_trigger_target_dag to None, run_after=None
[2022-10-16T07:20:44.768-0300] {processor.py:178} INFO - Processing /home/renato/Documentos/datapipeline/.env/lib/python3.10/site-packages/airflow/example_dags/example_trigger_target_dag.py took 0.103 seconds
[2022-10-16T07:21:21.319-0300] {processor.py:156} INFO - Started process (PID=6439) to work on /home/renato/Documentos/datapipeline/.env/lib/python3.10/site-packages/airflow/example_dags/example_trigger_target_dag.py
[2022-10-16T07:21:21.322-0300] {processor.py:758} INFO - Processing file /home/renato/Documentos/datapipeline/.env/lib/python3.10/site-packages/airflow/example_dags/example_trigger_target_dag.py for tasks to queue
[2022-10-16T07:21:21.323-0300] {logging_mixin.py:117} INFO - [2022-10-16T07:21:21.322-0300] {dagbag.py:525} INFO - Filling up the DagBag from /home/renato/Documentos/datapipeline/.env/lib/python3.10/site-packages/airflow/example_dags/example_trigger_target_dag.py
[2022-10-16T07:21:21.349-0300] {processor.py:768} INFO - DAG(s) dict_keys(['example_trigger_target_dag']) retrieved from /home/renato/Documentos/datapipeline/.env/lib/python3.10/site-packages/airflow/example_dags/example_trigger_target_dag.py
[2022-10-16T07:21:21.369-0300] {logging_mixin.py:117} INFO - [2022-10-16T07:21:21.369-0300] {dag.py:2573} INFO - Sync 1 DAGs
[2022-10-16T07:21:21.391-0300] {logging_mixin.py:117} INFO - [2022-10-16T07:21:21.391-0300] {dag.py:3324} INFO - Setting next_dagrun for example_trigger_target_dag to None, run_after=None
[2022-10-16T07:21:21.416-0300] {processor.py:178} INFO - Processing /home/renato/Documentos/datapipeline/.env/lib/python3.10/site-packages/airflow/example_dags/example_trigger_target_dag.py took 0.101 seconds
[2022-10-16T07:21:56.154-0300] {processor.py:156} INFO - Started process (PID=6506) to work on /home/renato/Documentos/datapipeline/.env/lib/python3.10/site-packages/airflow/example_dags/example_trigger_target_dag.py
[2022-10-16T07:21:56.160-0300] {processor.py:758} INFO - Processing file /home/renato/Documentos/datapipeline/.env/lib/python3.10/site-packages/airflow/example_dags/example_trigger_target_dag.py for tasks to queue
[2022-10-16T07:21:56.161-0300] {logging_mixin.py:117} INFO - [2022-10-16T07:21:56.160-0300] {dagbag.py:525} INFO - Filling up the DagBag from /home/renato/Documentos/datapipeline/.env/lib/python3.10/site-packages/airflow/example_dags/example_trigger_target_dag.py
[2022-10-16T07:21:56.187-0300] {processor.py:768} INFO - DAG(s) dict_keys(['example_trigger_target_dag']) retrieved from /home/renato/Documentos/datapipeline/.env/lib/python3.10/site-packages/airflow/example_dags/example_trigger_target_dag.py
[2022-10-16T07:21:56.210-0300] {logging_mixin.py:117} INFO - [2022-10-16T07:21:56.209-0300] {dag.py:2573} INFO - Sync 1 DAGs
[2022-10-16T07:21:56.231-0300] {logging_mixin.py:117} INFO - [2022-10-16T07:21:56.230-0300] {dag.py:3324} INFO - Setting next_dagrun for example_trigger_target_dag to None, run_after=None
[2022-10-16T07:21:56.257-0300] {processor.py:178} INFO - Processing /home/renato/Documentos/datapipeline/.env/lib/python3.10/site-packages/airflow/example_dags/example_trigger_target_dag.py took 0.106 seconds
[2022-10-16T07:22:32.085-0300] {processor.py:156} INFO - Started process (PID=6568) to work on /home/renato/Documentos/datapipeline/.env/lib/python3.10/site-packages/airflow/example_dags/example_trigger_target_dag.py
[2022-10-16T07:22:32.087-0300] {processor.py:758} INFO - Processing file /home/renato/Documentos/datapipeline/.env/lib/python3.10/site-packages/airflow/example_dags/example_trigger_target_dag.py for tasks to queue
[2022-10-16T07:22:32.088-0300] {logging_mixin.py:117} INFO - [2022-10-16T07:22:32.088-0300] {dagbag.py:525} INFO - Filling up the DagBag from /home/renato/Documentos/datapipeline/.env/lib/python3.10/site-packages/airflow/example_dags/example_trigger_target_dag.py
[2022-10-16T07:22:32.120-0300] {processor.py:768} INFO - DAG(s) dict_keys(['example_trigger_target_dag']) retrieved from /home/renato/Documentos/datapipeline/.env/lib/python3.10/site-packages/airflow/example_dags/example_trigger_target_dag.py
[2022-10-16T07:22:32.142-0300] {logging_mixin.py:117} INFO - [2022-10-16T07:22:32.142-0300] {dag.py:2573} INFO - Sync 1 DAGs
[2022-10-16T07:22:32.160-0300] {logging_mixin.py:117} INFO - [2022-10-16T07:22:32.160-0300] {dag.py:3324} INFO - Setting next_dagrun for example_trigger_target_dag to None, run_after=None
[2022-10-16T07:22:32.185-0300] {processor.py:178} INFO - Processing /home/renato/Documentos/datapipeline/.env/lib/python3.10/site-packages/airflow/example_dags/example_trigger_target_dag.py took 0.103 seconds
[2022-10-16T07:23:09.903-0300] {processor.py:156} INFO - Started process (PID=6634) to work on /home/renato/Documentos/datapipeline/.env/lib/python3.10/site-packages/airflow/example_dags/example_trigger_target_dag.py
[2022-10-16T07:23:09.905-0300] {processor.py:758} INFO - Processing file /home/renato/Documentos/datapipeline/.env/lib/python3.10/site-packages/airflow/example_dags/example_trigger_target_dag.py for tasks to queue
[2022-10-16T07:23:09.906-0300] {logging_mixin.py:117} INFO - [2022-10-16T07:23:09.906-0300] {dagbag.py:525} INFO - Filling up the DagBag from /home/renato/Documentos/datapipeline/.env/lib/python3.10/site-packages/airflow/example_dags/example_trigger_target_dag.py
[2022-10-16T07:23:09.934-0300] {processor.py:768} INFO - DAG(s) dict_keys(['example_trigger_target_dag']) retrieved from /home/renato/Documentos/datapipeline/.env/lib/python3.10/site-packages/airflow/example_dags/example_trigger_target_dag.py
[2022-10-16T07:23:09.960-0300] {logging_mixin.py:117} INFO - [2022-10-16T07:23:09.959-0300] {dag.py:2573} INFO - Sync 1 DAGs
[2022-10-16T07:23:09.977-0300] {logging_mixin.py:117} INFO - [2022-10-16T07:23:09.976-0300] {dag.py:3324} INFO - Setting next_dagrun for example_trigger_target_dag to None, run_after=None
[2022-10-16T07:23:10.000-0300] {processor.py:178} INFO - Processing /home/renato/Documentos/datapipeline/.env/lib/python3.10/site-packages/airflow/example_dags/example_trigger_target_dag.py took 0.100 seconds
[2022-10-16T07:23:45.134-0300] {processor.py:156} INFO - Started process (PID=6699) to work on /home/renato/Documentos/datapipeline/.env/lib/python3.10/site-packages/airflow/example_dags/example_trigger_target_dag.py
[2022-10-16T07:23:45.137-0300] {processor.py:758} INFO - Processing file /home/renato/Documentos/datapipeline/.env/lib/python3.10/site-packages/airflow/example_dags/example_trigger_target_dag.py for tasks to queue
[2022-10-16T07:23:45.139-0300] {logging_mixin.py:117} INFO - [2022-10-16T07:23:45.138-0300] {dagbag.py:525} INFO - Filling up the DagBag from /home/renato/Documentos/datapipeline/.env/lib/python3.10/site-packages/airflow/example_dags/example_trigger_target_dag.py
[2022-10-16T07:23:45.186-0300] {processor.py:768} INFO - DAG(s) dict_keys(['example_trigger_target_dag']) retrieved from /home/renato/Documentos/datapipeline/.env/lib/python3.10/site-packages/airflow/example_dags/example_trigger_target_dag.py
[2022-10-16T07:23:45.214-0300] {logging_mixin.py:117} INFO - [2022-10-16T07:23:45.214-0300] {dag.py:2573} INFO - Sync 1 DAGs
[2022-10-16T07:23:45.230-0300] {logging_mixin.py:117} INFO - [2022-10-16T07:23:45.230-0300] {dag.py:3324} INFO - Setting next_dagrun for example_trigger_target_dag to None, run_after=None
[2022-10-16T07:23:45.257-0300] {processor.py:178} INFO - Processing /home/renato/Documentos/datapipeline/.env/lib/python3.10/site-packages/airflow/example_dags/example_trigger_target_dag.py took 0.129 seconds
[2022-10-16T07:24:22.187-0300] {processor.py:156} INFO - Started process (PID=6765) to work on /home/renato/Documentos/datapipeline/.env/lib/python3.10/site-packages/airflow/example_dags/example_trigger_target_dag.py
[2022-10-16T07:24:22.189-0300] {processor.py:758} INFO - Processing file /home/renato/Documentos/datapipeline/.env/lib/python3.10/site-packages/airflow/example_dags/example_trigger_target_dag.py for tasks to queue
[2022-10-16T07:24:22.190-0300] {logging_mixin.py:117} INFO - [2022-10-16T07:24:22.189-0300] {dagbag.py:525} INFO - Filling up the DagBag from /home/renato/Documentos/datapipeline/.env/lib/python3.10/site-packages/airflow/example_dags/example_trigger_target_dag.py
[2022-10-16T07:24:22.208-0300] {processor.py:768} INFO - DAG(s) dict_keys(['example_trigger_target_dag']) retrieved from /home/renato/Documentos/datapipeline/.env/lib/python3.10/site-packages/airflow/example_dags/example_trigger_target_dag.py
[2022-10-16T07:24:22.229-0300] {logging_mixin.py:117} INFO - [2022-10-16T07:24:22.229-0300] {dag.py:2573} INFO - Sync 1 DAGs
[2022-10-16T07:24:22.245-0300] {logging_mixin.py:117} INFO - [2022-10-16T07:24:22.244-0300] {dag.py:3324} INFO - Setting next_dagrun for example_trigger_target_dag to None, run_after=None
[2022-10-16T07:24:22.267-0300] {processor.py:178} INFO - Processing /home/renato/Documentos/datapipeline/.env/lib/python3.10/site-packages/airflow/example_dags/example_trigger_target_dag.py took 0.084 seconds
[2022-10-16T07:24:53.577-0300] {processor.py:156} INFO - Started process (PID=6825) to work on /home/renato/Documentos/datapipeline/.env/lib/python3.10/site-packages/airflow/example_dags/example_trigger_target_dag.py
[2022-10-16T07:24:53.578-0300] {processor.py:758} INFO - Processing file /home/renato/Documentos/datapipeline/.env/lib/python3.10/site-packages/airflow/example_dags/example_trigger_target_dag.py for tasks to queue
[2022-10-16T07:24:53.579-0300] {logging_mixin.py:117} INFO - [2022-10-16T07:24:53.579-0300] {dagbag.py:525} INFO - Filling up the DagBag from /home/renato/Documentos/datapipeline/.env/lib/python3.10/site-packages/airflow/example_dags/example_trigger_target_dag.py
[2022-10-16T07:24:53.605-0300] {processor.py:768} INFO - DAG(s) dict_keys(['example_trigger_target_dag']) retrieved from /home/renato/Documentos/datapipeline/.env/lib/python3.10/site-packages/airflow/example_dags/example_trigger_target_dag.py
[2022-10-16T07:24:53.628-0300] {logging_mixin.py:117} INFO - [2022-10-16T07:24:53.628-0300] {dag.py:2573} INFO - Sync 1 DAGs
[2022-10-16T07:24:53.645-0300] {logging_mixin.py:117} INFO - [2022-10-16T07:24:53.645-0300] {dag.py:3324} INFO - Setting next_dagrun for example_trigger_target_dag to None, run_after=None
[2022-10-16T07:24:53.668-0300] {processor.py:178} INFO - Processing /home/renato/Documentos/datapipeline/.env/lib/python3.10/site-packages/airflow/example_dags/example_trigger_target_dag.py took 0.096 seconds
[2022-10-16T07:25:30.950-0300] {processor.py:156} INFO - Started process (PID=7017) to work on /home/renato/Documentos/datapipeline/.env/lib/python3.10/site-packages/airflow/example_dags/example_trigger_target_dag.py
[2022-10-16T07:25:30.955-0300] {processor.py:758} INFO - Processing file /home/renato/Documentos/datapipeline/.env/lib/python3.10/site-packages/airflow/example_dags/example_trigger_target_dag.py for tasks to queue
[2022-10-16T07:25:30.956-0300] {logging_mixin.py:117} INFO - [2022-10-16T07:25:30.955-0300] {dagbag.py:525} INFO - Filling up the DagBag from /home/renato/Documentos/datapipeline/.env/lib/python3.10/site-packages/airflow/example_dags/example_trigger_target_dag.py
[2022-10-16T07:25:30.982-0300] {processor.py:768} INFO - DAG(s) dict_keys(['example_trigger_target_dag']) retrieved from /home/renato/Documentos/datapipeline/.env/lib/python3.10/site-packages/airflow/example_dags/example_trigger_target_dag.py
[2022-10-16T07:25:31.003-0300] {logging_mixin.py:117} INFO - [2022-10-16T07:25:31.003-0300] {dag.py:2573} INFO - Sync 1 DAGs
[2022-10-16T07:25:31.020-0300] {logging_mixin.py:117} INFO - [2022-10-16T07:25:31.019-0300] {dag.py:3324} INFO - Setting next_dagrun for example_trigger_target_dag to None, run_after=None
[2022-10-16T07:25:31.043-0300] {processor.py:178} INFO - Processing /home/renato/Documentos/datapipeline/.env/lib/python3.10/site-packages/airflow/example_dags/example_trigger_target_dag.py took 0.099 seconds
[2022-10-16T07:26:06.807-0300] {processor.py:156} INFO - Started process (PID=7078) to work on /home/renato/Documentos/datapipeline/.env/lib/python3.10/site-packages/airflow/example_dags/example_trigger_target_dag.py
[2022-10-16T07:26:06.809-0300] {processor.py:758} INFO - Processing file /home/renato/Documentos/datapipeline/.env/lib/python3.10/site-packages/airflow/example_dags/example_trigger_target_dag.py for tasks to queue
[2022-10-16T07:26:06.810-0300] {logging_mixin.py:117} INFO - [2022-10-16T07:26:06.810-0300] {dagbag.py:525} INFO - Filling up the DagBag from /home/renato/Documentos/datapipeline/.env/lib/python3.10/site-packages/airflow/example_dags/example_trigger_target_dag.py
[2022-10-16T07:26:06.831-0300] {processor.py:768} INFO - DAG(s) dict_keys(['example_trigger_target_dag']) retrieved from /home/renato/Documentos/datapipeline/.env/lib/python3.10/site-packages/airflow/example_dags/example_trigger_target_dag.py
[2022-10-16T07:26:06.855-0300] {logging_mixin.py:117} INFO - [2022-10-16T07:26:06.855-0300] {dag.py:2573} INFO - Sync 1 DAGs
[2022-10-16T07:26:06.872-0300] {logging_mixin.py:117} INFO - [2022-10-16T07:26:06.872-0300] {dag.py:3324} INFO - Setting next_dagrun for example_trigger_target_dag to None, run_after=None
[2022-10-16T07:26:06.898-0300] {processor.py:178} INFO - Processing /home/renato/Documentos/datapipeline/.env/lib/python3.10/site-packages/airflow/example_dags/example_trigger_target_dag.py took 0.093 seconds
[2022-10-16T07:26:48.642-0300] {processor.py:156} INFO - Started process (PID=7164) to work on /home/renato/Documentos/datapipeline/.env/lib/python3.10/site-packages/airflow/example_dags/example_trigger_target_dag.py
[2022-10-16T07:26:48.644-0300] {processor.py:758} INFO - Processing file /home/renato/Documentos/datapipeline/.env/lib/python3.10/site-packages/airflow/example_dags/example_trigger_target_dag.py for tasks to queue
[2022-10-16T07:26:48.645-0300] {logging_mixin.py:117} INFO - [2022-10-16T07:26:48.645-0300] {dagbag.py:525} INFO - Filling up the DagBag from /home/renato/Documentos/datapipeline/.env/lib/python3.10/site-packages/airflow/example_dags/example_trigger_target_dag.py
[2022-10-16T07:26:48.672-0300] {processor.py:768} INFO - DAG(s) dict_keys(['example_trigger_target_dag']) retrieved from /home/renato/Documentos/datapipeline/.env/lib/python3.10/site-packages/airflow/example_dags/example_trigger_target_dag.py
[2022-10-16T07:26:48.691-0300] {logging_mixin.py:117} INFO - [2022-10-16T07:26:48.691-0300] {dag.py:2573} INFO - Sync 1 DAGs
[2022-10-16T07:26:48.706-0300] {logging_mixin.py:117} INFO - [2022-10-16T07:26:48.706-0300] {dag.py:3324} INFO - Setting next_dagrun for example_trigger_target_dag to None, run_after=None
[2022-10-16T07:26:48.729-0300] {processor.py:178} INFO - Processing /home/renato/Documentos/datapipeline/.env/lib/python3.10/site-packages/airflow/example_dags/example_trigger_target_dag.py took 0.092 seconds
[2022-10-16T07:27:25.593-0300] {processor.py:156} INFO - Started process (PID=7228) to work on /home/renato/Documentos/datapipeline/.env/lib/python3.10/site-packages/airflow/example_dags/example_trigger_target_dag.py
[2022-10-16T07:27:25.596-0300] {processor.py:758} INFO - Processing file /home/renato/Documentos/datapipeline/.env/lib/python3.10/site-packages/airflow/example_dags/example_trigger_target_dag.py for tasks to queue
[2022-10-16T07:27:25.596-0300] {logging_mixin.py:117} INFO - [2022-10-16T07:27:25.596-0300] {dagbag.py:525} INFO - Filling up the DagBag from /home/renato/Documentos/datapipeline/.env/lib/python3.10/site-packages/airflow/example_dags/example_trigger_target_dag.py
[2022-10-16T07:27:25.616-0300] {processor.py:768} INFO - DAG(s) dict_keys(['example_trigger_target_dag']) retrieved from /home/renato/Documentos/datapipeline/.env/lib/python3.10/site-packages/airflow/example_dags/example_trigger_target_dag.py
[2022-10-16T07:27:25.637-0300] {logging_mixin.py:117} INFO - [2022-10-16T07:27:25.637-0300] {dag.py:2573} INFO - Sync 1 DAGs
[2022-10-16T07:27:25.655-0300] {logging_mixin.py:117} INFO - [2022-10-16T07:27:25.655-0300] {dag.py:3324} INFO - Setting next_dagrun for example_trigger_target_dag to None, run_after=None
[2022-10-16T07:27:25.682-0300] {processor.py:178} INFO - Processing /home/renato/Documentos/datapipeline/.env/lib/python3.10/site-packages/airflow/example_dags/example_trigger_target_dag.py took 0.092 seconds
[2022-10-16T07:27:58.665-0300] {processor.py:156} INFO - Started process (PID=7289) to work on /home/renato/Documentos/datapipeline/.env/lib/python3.10/site-packages/airflow/example_dags/example_trigger_target_dag.py
[2022-10-16T07:27:58.666-0300] {processor.py:758} INFO - Processing file /home/renato/Documentos/datapipeline/.env/lib/python3.10/site-packages/airflow/example_dags/example_trigger_target_dag.py for tasks to queue
[2022-10-16T07:27:58.667-0300] {logging_mixin.py:117} INFO - [2022-10-16T07:27:58.667-0300] {dagbag.py:525} INFO - Filling up the DagBag from /home/renato/Documentos/datapipeline/.env/lib/python3.10/site-packages/airflow/example_dags/example_trigger_target_dag.py
[2022-10-16T07:27:58.707-0300] {processor.py:768} INFO - DAG(s) dict_keys(['example_trigger_target_dag']) retrieved from /home/renato/Documentos/datapipeline/.env/lib/python3.10/site-packages/airflow/example_dags/example_trigger_target_dag.py
[2022-10-16T07:27:58.744-0300] {logging_mixin.py:117} INFO - [2022-10-16T07:27:58.744-0300] {dag.py:2573} INFO - Sync 1 DAGs
[2022-10-16T07:27:58.938-0300] {logging_mixin.py:117} INFO - [2022-10-16T07:27:58.937-0300] {dag.py:3324} INFO - Setting next_dagrun for example_trigger_target_dag to None, run_after=None
[2022-10-16T07:27:59.086-0300] {processor.py:178} INFO - Processing /home/renato/Documentos/datapipeline/.env/lib/python3.10/site-packages/airflow/example_dags/example_trigger_target_dag.py took 0.424 seconds
[2022-10-16T07:28:34.378-0300] {processor.py:156} INFO - Started process (PID=7355) to work on /home/renato/Documentos/datapipeline/.env/lib/python3.10/site-packages/airflow/example_dags/example_trigger_target_dag.py
[2022-10-16T07:28:34.382-0300] {processor.py:758} INFO - Processing file /home/renato/Documentos/datapipeline/.env/lib/python3.10/site-packages/airflow/example_dags/example_trigger_target_dag.py for tasks to queue
[2022-10-16T07:28:34.383-0300] {logging_mixin.py:117} INFO - [2022-10-16T07:28:34.383-0300] {dagbag.py:525} INFO - Filling up the DagBag from /home/renato/Documentos/datapipeline/.env/lib/python3.10/site-packages/airflow/example_dags/example_trigger_target_dag.py
[2022-10-16T07:28:34.405-0300] {processor.py:768} INFO - DAG(s) dict_keys(['example_trigger_target_dag']) retrieved from /home/renato/Documentos/datapipeline/.env/lib/python3.10/site-packages/airflow/example_dags/example_trigger_target_dag.py
[2022-10-16T07:28:34.427-0300] {logging_mixin.py:117} INFO - [2022-10-16T07:28:34.427-0300] {dag.py:2573} INFO - Sync 1 DAGs
[2022-10-16T07:28:34.444-0300] {logging_mixin.py:117} INFO - [2022-10-16T07:28:34.444-0300] {dag.py:3324} INFO - Setting next_dagrun for example_trigger_target_dag to None, run_after=None
[2022-10-16T07:28:34.467-0300] {processor.py:178} INFO - Processing /home/renato/Documentos/datapipeline/.env/lib/python3.10/site-packages/airflow/example_dags/example_trigger_target_dag.py took 0.093 seconds
[2022-10-16T07:29:07.440-0300] {processor.py:156} INFO - Started process (PID=7421) to work on /home/renato/Documentos/datapipeline/.env/lib/python3.10/site-packages/airflow/example_dags/example_trigger_target_dag.py
[2022-10-16T07:29:07.441-0300] {processor.py:758} INFO - Processing file /home/renato/Documentos/datapipeline/.env/lib/python3.10/site-packages/airflow/example_dags/example_trigger_target_dag.py for tasks to queue
[2022-10-16T07:29:07.441-0300] {logging_mixin.py:117} INFO - [2022-10-16T07:29:07.441-0300] {dagbag.py:525} INFO - Filling up the DagBag from /home/renato/Documentos/datapipeline/.env/lib/python3.10/site-packages/airflow/example_dags/example_trigger_target_dag.py
[2022-10-16T07:29:07.461-0300] {processor.py:768} INFO - DAG(s) dict_keys(['example_trigger_target_dag']) retrieved from /home/renato/Documentos/datapipeline/.env/lib/python3.10/site-packages/airflow/example_dags/example_trigger_target_dag.py
[2022-10-16T07:29:07.483-0300] {logging_mixin.py:117} INFO - [2022-10-16T07:29:07.483-0300] {dag.py:2573} INFO - Sync 1 DAGs
[2022-10-16T07:29:07.502-0300] {logging_mixin.py:117} INFO - [2022-10-16T07:29:07.501-0300] {dag.py:3324} INFO - Setting next_dagrun for example_trigger_target_dag to None, run_after=None
[2022-10-16T07:29:07.528-0300] {processor.py:178} INFO - Processing /home/renato/Documentos/datapipeline/.env/lib/python3.10/site-packages/airflow/example_dags/example_trigger_target_dag.py took 0.091 seconds
[2022-10-16T07:29:41.263-0300] {processor.py:156} INFO - Started process (PID=7477) to work on /home/renato/Documentos/datapipeline/.env/lib/python3.10/site-packages/airflow/example_dags/example_trigger_target_dag.py
[2022-10-16T07:29:41.265-0300] {processor.py:758} INFO - Processing file /home/renato/Documentos/datapipeline/.env/lib/python3.10/site-packages/airflow/example_dags/example_trigger_target_dag.py for tasks to queue
[2022-10-16T07:29:41.266-0300] {logging_mixin.py:117} INFO - [2022-10-16T07:29:41.266-0300] {dagbag.py:525} INFO - Filling up the DagBag from /home/renato/Documentos/datapipeline/.env/lib/python3.10/site-packages/airflow/example_dags/example_trigger_target_dag.py
[2022-10-16T07:29:41.291-0300] {processor.py:768} INFO - DAG(s) dict_keys(['example_trigger_target_dag']) retrieved from /home/renato/Documentos/datapipeline/.env/lib/python3.10/site-packages/airflow/example_dags/example_trigger_target_dag.py
[2022-10-16T07:29:41.311-0300] {logging_mixin.py:117} INFO - [2022-10-16T07:29:41.311-0300] {dag.py:2573} INFO - Sync 1 DAGs
[2022-10-16T07:29:41.326-0300] {logging_mixin.py:117} INFO - [2022-10-16T07:29:41.326-0300] {dag.py:3324} INFO - Setting next_dagrun for example_trigger_target_dag to None, run_after=None
[2022-10-16T07:29:41.347-0300] {processor.py:178} INFO - Processing /home/renato/Documentos/datapipeline/.env/lib/python3.10/site-packages/airflow/example_dags/example_trigger_target_dag.py took 0.089 seconds
[2022-10-16T07:31:03.135-0300] {processor.py:156} INFO - Started process (PID=7827) to work on /home/renato/Documentos/datapipeline/.env/lib/python3.10/site-packages/airflow/example_dags/example_trigger_target_dag.py
[2022-10-16T07:31:03.144-0300] {processor.py:758} INFO - Processing file /home/renato/Documentos/datapipeline/.env/lib/python3.10/site-packages/airflow/example_dags/example_trigger_target_dag.py for tasks to queue
[2022-10-16T07:31:03.145-0300] {logging_mixin.py:117} INFO - [2022-10-16T07:31:03.145-0300] {dagbag.py:525} INFO - Filling up the DagBag from /home/renato/Documentos/datapipeline/.env/lib/python3.10/site-packages/airflow/example_dags/example_trigger_target_dag.py
[2022-10-16T07:31:03.185-0300] {processor.py:768} INFO - DAG(s) dict_keys(['example_trigger_target_dag']) retrieved from /home/renato/Documentos/datapipeline/.env/lib/python3.10/site-packages/airflow/example_dags/example_trigger_target_dag.py
[2022-10-16T07:31:03.225-0300] {logging_mixin.py:117} INFO - [2022-10-16T07:31:03.224-0300] {dag.py:2573} INFO - Sync 1 DAGs
[2022-10-16T07:31:03.262-0300] {logging_mixin.py:117} INFO - [2022-10-16T07:31:03.262-0300] {dag.py:3324} INFO - Setting next_dagrun for example_trigger_target_dag to None, run_after=None
[2022-10-16T07:31:03.509-0300] {processor.py:178} INFO - Processing /home/renato/Documentos/datapipeline/.env/lib/python3.10/site-packages/airflow/example_dags/example_trigger_target_dag.py took 0.377 seconds
[2022-10-16T07:31:59.548-0300] {processor.py:156} INFO - Started process (PID=7947) to work on /home/renato/Documentos/datapipeline/.env/lib/python3.10/site-packages/airflow/example_dags/example_trigger_target_dag.py
[2022-10-16T07:31:59.571-0300] {processor.py:758} INFO - Processing file /home/renato/Documentos/datapipeline/.env/lib/python3.10/site-packages/airflow/example_dags/example_trigger_target_dag.py for tasks to queue
[2022-10-16T07:31:59.572-0300] {logging_mixin.py:117} INFO - [2022-10-16T07:31:59.572-0300] {dagbag.py:525} INFO - Filling up the DagBag from /home/renato/Documentos/datapipeline/.env/lib/python3.10/site-packages/airflow/example_dags/example_trigger_target_dag.py
[2022-10-16T07:31:59.599-0300] {processor.py:768} INFO - DAG(s) dict_keys(['example_trigger_target_dag']) retrieved from /home/renato/Documentos/datapipeline/.env/lib/python3.10/site-packages/airflow/example_dags/example_trigger_target_dag.py
[2022-10-16T07:31:59.622-0300] {logging_mixin.py:117} INFO - [2022-10-16T07:31:59.622-0300] {dag.py:2573} INFO - Sync 1 DAGs
[2022-10-16T07:31:59.640-0300] {logging_mixin.py:117} INFO - [2022-10-16T07:31:59.639-0300] {dag.py:3324} INFO - Setting next_dagrun for example_trigger_target_dag to None, run_after=None
[2022-10-16T07:31:59.666-0300] {processor.py:178} INFO - Processing /home/renato/Documentos/datapipeline/.env/lib/python3.10/site-packages/airflow/example_dags/example_trigger_target_dag.py took 0.123 seconds
