[2022-10-16T07:18:00.804-0300] {processor.py:156} INFO - Started process (PID=5923) to work on /home/renato/Documentos/datapipeline/.env/lib/python3.10/site-packages/airflow/example_dags/example_complex.py
[2022-10-16T07:18:00.806-0300] {processor.py:758} INFO - Processing file /home/renato/Documentos/datapipeline/.env/lib/python3.10/site-packages/airflow/example_dags/example_complex.py for tasks to queue
[2022-10-16T07:18:00.808-0300] {logging_mixin.py:117} INFO - [2022-10-16T07:18:00.807-0300] {dagbag.py:525} INFO - Filling up the DagBag from /home/renato/Documentos/datapipeline/.env/lib/python3.10/site-packages/airflow/example_dags/example_complex.py
[2022-10-16T07:18:00.830-0300] {processor.py:768} INFO - DAG(s) dict_keys(['example_complex']) retrieved from /home/renato/Documentos/datapipeline/.env/lib/python3.10/site-packages/airflow/example_dags/example_complex.py
[2022-10-16T07:18:00.933-0300] {logging_mixin.py:117} INFO - [2022-10-16T07:18:00.933-0300] {manager.py:507} INFO - Created Permission View: can edit on DAG:example_complex
[2022-10-16T07:18:00.946-0300] {logging_mixin.py:117} INFO - [2022-10-16T07:18:00.946-0300] {manager.py:507} INFO - Created Permission View: can read on DAG:example_complex
[2022-10-16T07:18:00.960-0300] {logging_mixin.py:117} INFO - [2022-10-16T07:18:00.960-0300] {manager.py:507} INFO - Created Permission View: can delete on DAG:example_complex
[2022-10-16T07:18:00.960-0300] {logging_mixin.py:117} INFO - [2022-10-16T07:18:00.960-0300] {dag.py:2573} INFO - Sync 1 DAGs
[2022-10-16T07:18:00.969-0300] {logging_mixin.py:117} INFO - [2022-10-16T07:18:00.968-0300] {dag.py:2594} INFO - Creating ORM DAG for example_complex
[2022-10-16T07:18:00.977-0300] {logging_mixin.py:117} INFO - [2022-10-16T07:18:00.976-0300] {dag.py:3324} INFO - Setting next_dagrun for example_complex to None, run_after=None
[2022-10-16T07:18:01.000-0300] {processor.py:178} INFO - Processing /home/renato/Documentos/datapipeline/.env/lib/python3.10/site-packages/airflow/example_dags/example_complex.py took 0.201 seconds
[2022-10-16T07:18:41.542-0300] {processor.py:156} INFO - Started process (PID=5992) to work on /home/renato/Documentos/datapipeline/.env/lib/python3.10/site-packages/airflow/example_dags/example_complex.py
[2022-10-16T07:18:41.544-0300] {processor.py:758} INFO - Processing file /home/renato/Documentos/datapipeline/.env/lib/python3.10/site-packages/airflow/example_dags/example_complex.py for tasks to queue
[2022-10-16T07:18:41.544-0300] {logging_mixin.py:117} INFO - [2022-10-16T07:18:41.544-0300] {dagbag.py:525} INFO - Filling up the DagBag from /home/renato/Documentos/datapipeline/.env/lib/python3.10/site-packages/airflow/example_dags/example_complex.py
[2022-10-16T07:18:41.561-0300] {processor.py:768} INFO - DAG(s) dict_keys(['example_complex']) retrieved from /home/renato/Documentos/datapipeline/.env/lib/python3.10/site-packages/airflow/example_dags/example_complex.py
[2022-10-16T07:18:41.584-0300] {logging_mixin.py:117} INFO - [2022-10-16T07:18:41.584-0300] {dag.py:2573} INFO - Sync 1 DAGs
[2022-10-16T07:18:41.600-0300] {logging_mixin.py:117} INFO - [2022-10-16T07:18:41.600-0300] {dag.py:3324} INFO - Setting next_dagrun for example_complex to None, run_after=None
[2022-10-16T07:18:41.674-0300] {processor.py:178} INFO - Processing /home/renato/Documentos/datapipeline/.env/lib/python3.10/site-packages/airflow/example_dags/example_complex.py took 0.135 seconds
[2022-10-16T07:19:20.341-0300] {processor.py:156} INFO - Started process (PID=6064) to work on /home/renato/Documentos/datapipeline/.env/lib/python3.10/site-packages/airflow/example_dags/example_complex.py
[2022-10-16T07:19:20.343-0300] {processor.py:758} INFO - Processing file /home/renato/Documentos/datapipeline/.env/lib/python3.10/site-packages/airflow/example_dags/example_complex.py for tasks to queue
[2022-10-16T07:19:20.344-0300] {logging_mixin.py:117} INFO - [2022-10-16T07:19:20.343-0300] {dagbag.py:525} INFO - Filling up the DagBag from /home/renato/Documentos/datapipeline/.env/lib/python3.10/site-packages/airflow/example_dags/example_complex.py
[2022-10-16T07:19:20.363-0300] {processor.py:768} INFO - DAG(s) dict_keys(['example_complex']) retrieved from /home/renato/Documentos/datapipeline/.env/lib/python3.10/site-packages/airflow/example_dags/example_complex.py
[2022-10-16T07:19:20.393-0300] {logging_mixin.py:117} INFO - [2022-10-16T07:19:20.393-0300] {dag.py:2573} INFO - Sync 1 DAGs
[2022-10-16T07:19:20.410-0300] {logging_mixin.py:117} INFO - [2022-10-16T07:19:20.410-0300] {dag.py:3324} INFO - Setting next_dagrun for example_complex to None, run_after=None
[2022-10-16T07:19:20.432-0300] {processor.py:178} INFO - Processing /home/renato/Documentos/datapipeline/.env/lib/python3.10/site-packages/airflow/example_dags/example_complex.py took 0.094 seconds
[2022-10-16T07:19:57.999-0300] {processor.py:156} INFO - Started process (PID=6175) to work on /home/renato/Documentos/datapipeline/.env/lib/python3.10/site-packages/airflow/example_dags/example_complex.py
[2022-10-16T07:19:58.001-0300] {processor.py:758} INFO - Processing file /home/renato/Documentos/datapipeline/.env/lib/python3.10/site-packages/airflow/example_dags/example_complex.py for tasks to queue
[2022-10-16T07:19:58.002-0300] {logging_mixin.py:117} INFO - [2022-10-16T07:19:58.002-0300] {dagbag.py:525} INFO - Filling up the DagBag from /home/renato/Documentos/datapipeline/.env/lib/python3.10/site-packages/airflow/example_dags/example_complex.py
[2022-10-16T07:19:58.028-0300] {processor.py:768} INFO - DAG(s) dict_keys(['example_complex']) retrieved from /home/renato/Documentos/datapipeline/.env/lib/python3.10/site-packages/airflow/example_dags/example_complex.py
[2022-10-16T07:19:58.062-0300] {logging_mixin.py:117} INFO - [2022-10-16T07:19:58.061-0300] {dag.py:2573} INFO - Sync 1 DAGs
[2022-10-16T07:19:58.083-0300] {logging_mixin.py:117} INFO - [2022-10-16T07:19:58.083-0300] {dag.py:3324} INFO - Setting next_dagrun for example_complex to None, run_after=None
[2022-10-16T07:19:58.111-0300] {processor.py:178} INFO - Processing /home/renato/Documentos/datapipeline/.env/lib/python3.10/site-packages/airflow/example_dags/example_complex.py took 0.114 seconds
[2022-10-16T07:20:37.058-0300] {processor.py:156} INFO - Started process (PID=6361) to work on /home/renato/Documentos/datapipeline/.env/lib/python3.10/site-packages/airflow/example_dags/example_complex.py
[2022-10-16T07:20:37.060-0300] {processor.py:758} INFO - Processing file /home/renato/Documentos/datapipeline/.env/lib/python3.10/site-packages/airflow/example_dags/example_complex.py for tasks to queue
[2022-10-16T07:20:37.061-0300] {logging_mixin.py:117} INFO - [2022-10-16T07:20:37.061-0300] {dagbag.py:525} INFO - Filling up the DagBag from /home/renato/Documentos/datapipeline/.env/lib/python3.10/site-packages/airflow/example_dags/example_complex.py
[2022-10-16T07:20:37.079-0300] {processor.py:768} INFO - DAG(s) dict_keys(['example_complex']) retrieved from /home/renato/Documentos/datapipeline/.env/lib/python3.10/site-packages/airflow/example_dags/example_complex.py
[2022-10-16T07:20:37.109-0300] {logging_mixin.py:117} INFO - [2022-10-16T07:20:37.108-0300] {dag.py:2573} INFO - Sync 1 DAGs
[2022-10-16T07:20:37.129-0300] {logging_mixin.py:117} INFO - [2022-10-16T07:20:37.129-0300] {dag.py:3324} INFO - Setting next_dagrun for example_complex to None, run_after=None
[2022-10-16T07:20:37.155-0300] {processor.py:178} INFO - Processing /home/renato/Documentos/datapipeline/.env/lib/python3.10/site-packages/airflow/example_dags/example_complex.py took 0.099 seconds
[2022-10-16T07:21:12.441-0300] {processor.py:156} INFO - Started process (PID=6428) to work on /home/renato/Documentos/datapipeline/.env/lib/python3.10/site-packages/airflow/example_dags/example_complex.py
[2022-10-16T07:21:12.445-0300] {processor.py:758} INFO - Processing file /home/renato/Documentos/datapipeline/.env/lib/python3.10/site-packages/airflow/example_dags/example_complex.py for tasks to queue
[2022-10-16T07:21:12.446-0300] {logging_mixin.py:117} INFO - [2022-10-16T07:21:12.446-0300] {dagbag.py:525} INFO - Filling up the DagBag from /home/renato/Documentos/datapipeline/.env/lib/python3.10/site-packages/airflow/example_dags/example_complex.py
[2022-10-16T07:21:12.475-0300] {processor.py:768} INFO - DAG(s) dict_keys(['example_complex']) retrieved from /home/renato/Documentos/datapipeline/.env/lib/python3.10/site-packages/airflow/example_dags/example_complex.py
[2022-10-16T07:21:12.503-0300] {logging_mixin.py:117} INFO - [2022-10-16T07:21:12.503-0300] {dag.py:2573} INFO - Sync 1 DAGs
[2022-10-16T07:21:12.519-0300] {logging_mixin.py:117} INFO - [2022-10-16T07:21:12.519-0300] {dag.py:3324} INFO - Setting next_dagrun for example_complex to None, run_after=None
[2022-10-16T07:21:12.543-0300] {processor.py:178} INFO - Processing /home/renato/Documentos/datapipeline/.env/lib/python3.10/site-packages/airflow/example_dags/example_complex.py took 0.108 seconds
[2022-10-16T07:21:52.124-0300] {processor.py:156} INFO - Started process (PID=6496) to work on /home/renato/Documentos/datapipeline/.env/lib/python3.10/site-packages/airflow/example_dags/example_complex.py
[2022-10-16T07:21:52.127-0300] {processor.py:758} INFO - Processing file /home/renato/Documentos/datapipeline/.env/lib/python3.10/site-packages/airflow/example_dags/example_complex.py for tasks to queue
[2022-10-16T07:21:52.128-0300] {logging_mixin.py:117} INFO - [2022-10-16T07:21:52.127-0300] {dagbag.py:525} INFO - Filling up the DagBag from /home/renato/Documentos/datapipeline/.env/lib/python3.10/site-packages/airflow/example_dags/example_complex.py
[2022-10-16T07:21:52.145-0300] {processor.py:768} INFO - DAG(s) dict_keys(['example_complex']) retrieved from /home/renato/Documentos/datapipeline/.env/lib/python3.10/site-packages/airflow/example_dags/example_complex.py
[2022-10-16T07:21:52.169-0300] {logging_mixin.py:117} INFO - [2022-10-16T07:21:52.169-0300] {dag.py:2573} INFO - Sync 1 DAGs
[2022-10-16T07:21:52.185-0300] {logging_mixin.py:117} INFO - [2022-10-16T07:21:52.185-0300] {dag.py:3324} INFO - Setting next_dagrun for example_complex to None, run_after=None
[2022-10-16T07:21:52.209-0300] {processor.py:178} INFO - Processing /home/renato/Documentos/datapipeline/.env/lib/python3.10/site-packages/airflow/example_dags/example_complex.py took 0.089 seconds
[2022-10-16T07:22:29.242-0300] {processor.py:156} INFO - Started process (PID=6565) to work on /home/renato/Documentos/datapipeline/.env/lib/python3.10/site-packages/airflow/example_dags/example_complex.py
[2022-10-16T07:22:29.247-0300] {processor.py:758} INFO - Processing file /home/renato/Documentos/datapipeline/.env/lib/python3.10/site-packages/airflow/example_dags/example_complex.py for tasks to queue
[2022-10-16T07:22:29.248-0300] {logging_mixin.py:117} INFO - [2022-10-16T07:22:29.248-0300] {dagbag.py:525} INFO - Filling up the DagBag from /home/renato/Documentos/datapipeline/.env/lib/python3.10/site-packages/airflow/example_dags/example_complex.py
[2022-10-16T07:22:29.280-0300] {processor.py:768} INFO - DAG(s) dict_keys(['example_complex']) retrieved from /home/renato/Documentos/datapipeline/.env/lib/python3.10/site-packages/airflow/example_dags/example_complex.py
[2022-10-16T07:22:29.310-0300] {logging_mixin.py:117} INFO - [2022-10-16T07:22:29.310-0300] {dag.py:2573} INFO - Sync 1 DAGs
[2022-10-16T07:22:29.328-0300] {logging_mixin.py:117} INFO - [2022-10-16T07:22:29.327-0300] {dag.py:3324} INFO - Setting next_dagrun for example_complex to None, run_after=None
[2022-10-16T07:22:29.353-0300] {processor.py:178} INFO - Processing /home/renato/Documentos/datapipeline/.env/lib/python3.10/site-packages/airflow/example_dags/example_complex.py took 0.115 seconds
[2022-10-16T07:23:06.384-0300] {processor.py:156} INFO - Started process (PID=6625) to work on /home/renato/Documentos/datapipeline/.env/lib/python3.10/site-packages/airflow/example_dags/example_complex.py
[2022-10-16T07:23:06.388-0300] {processor.py:758} INFO - Processing file /home/renato/Documentos/datapipeline/.env/lib/python3.10/site-packages/airflow/example_dags/example_complex.py for tasks to queue
[2022-10-16T07:23:06.389-0300] {logging_mixin.py:117} INFO - [2022-10-16T07:23:06.389-0300] {dagbag.py:525} INFO - Filling up the DagBag from /home/renato/Documentos/datapipeline/.env/lib/python3.10/site-packages/airflow/example_dags/example_complex.py
[2022-10-16T07:23:06.416-0300] {processor.py:768} INFO - DAG(s) dict_keys(['example_complex']) retrieved from /home/renato/Documentos/datapipeline/.env/lib/python3.10/site-packages/airflow/example_dags/example_complex.py
[2022-10-16T07:23:06.443-0300] {logging_mixin.py:117} INFO - [2022-10-16T07:23:06.443-0300] {dag.py:2573} INFO - Sync 1 DAGs
[2022-10-16T07:23:06.460-0300] {logging_mixin.py:117} INFO - [2022-10-16T07:23:06.460-0300] {dag.py:3324} INFO - Setting next_dagrun for example_complex to None, run_after=None
[2022-10-16T07:23:06.484-0300] {processor.py:178} INFO - Processing /home/renato/Documentos/datapipeline/.env/lib/python3.10/site-packages/airflow/example_dags/example_complex.py took 0.109 seconds
[2022-10-16T07:23:43.984-0300] {processor.py:156} INFO - Started process (PID=6697) to work on /home/renato/Documentos/datapipeline/.env/lib/python3.10/site-packages/airflow/example_dags/example_complex.py
[2022-10-16T07:23:43.986-0300] {processor.py:758} INFO - Processing file /home/renato/Documentos/datapipeline/.env/lib/python3.10/site-packages/airflow/example_dags/example_complex.py for tasks to queue
[2022-10-16T07:23:43.987-0300] {logging_mixin.py:117} INFO - [2022-10-16T07:23:43.986-0300] {dagbag.py:525} INFO - Filling up the DagBag from /home/renato/Documentos/datapipeline/.env/lib/python3.10/site-packages/airflow/example_dags/example_complex.py
[2022-10-16T07:23:44.003-0300] {processor.py:768} INFO - DAG(s) dict_keys(['example_complex']) retrieved from /home/renato/Documentos/datapipeline/.env/lib/python3.10/site-packages/airflow/example_dags/example_complex.py
[2022-10-16T07:23:44.028-0300] {logging_mixin.py:117} INFO - [2022-10-16T07:23:44.027-0300] {dag.py:2573} INFO - Sync 1 DAGs
[2022-10-16T07:23:44.046-0300] {logging_mixin.py:117} INFO - [2022-10-16T07:23:44.046-0300] {dag.py:3324} INFO - Setting next_dagrun for example_complex to None, run_after=None
[2022-10-16T07:23:44.070-0300] {processor.py:178} INFO - Processing /home/renato/Documentos/datapipeline/.env/lib/python3.10/site-packages/airflow/example_dags/example_complex.py took 0.089 seconds
[2022-10-16T07:24:27.259-0300] {processor.py:156} INFO - Started process (PID=6779) to work on /home/renato/Documentos/datapipeline/.env/lib/python3.10/site-packages/airflow/example_dags/example_complex.py
[2022-10-16T07:24:27.262-0300] {processor.py:758} INFO - Processing file /home/renato/Documentos/datapipeline/.env/lib/python3.10/site-packages/airflow/example_dags/example_complex.py for tasks to queue
[2022-10-16T07:24:27.263-0300] {logging_mixin.py:117} INFO - [2022-10-16T07:24:27.263-0300] {dagbag.py:525} INFO - Filling up the DagBag from /home/renato/Documentos/datapipeline/.env/lib/python3.10/site-packages/airflow/example_dags/example_complex.py
[2022-10-16T07:24:27.287-0300] {processor.py:768} INFO - DAG(s) dict_keys(['example_complex']) retrieved from /home/renato/Documentos/datapipeline/.env/lib/python3.10/site-packages/airflow/example_dags/example_complex.py
[2022-10-16T07:24:27.315-0300] {logging_mixin.py:117} INFO - [2022-10-16T07:24:27.314-0300] {dag.py:2573} INFO - Sync 1 DAGs
[2022-10-16T07:24:27.331-0300] {logging_mixin.py:117} INFO - [2022-10-16T07:24:27.331-0300] {dag.py:3324} INFO - Setting next_dagrun for example_complex to None, run_after=None
[2022-10-16T07:24:27.367-0300] {processor.py:178} INFO - Processing /home/renato/Documentos/datapipeline/.env/lib/python3.10/site-packages/airflow/example_dags/example_complex.py took 0.112 seconds
[2022-10-16T07:25:05.362-0300] {processor.py:156} INFO - Started process (PID=6843) to work on /home/renato/Documentos/datapipeline/.env/lib/python3.10/site-packages/airflow/example_dags/example_complex.py
[2022-10-16T07:25:05.366-0300] {processor.py:758} INFO - Processing file /home/renato/Documentos/datapipeline/.env/lib/python3.10/site-packages/airflow/example_dags/example_complex.py for tasks to queue
[2022-10-16T07:25:05.369-0300] {logging_mixin.py:117} INFO - [2022-10-16T07:25:05.367-0300] {dagbag.py:525} INFO - Filling up the DagBag from /home/renato/Documentos/datapipeline/.env/lib/python3.10/site-packages/airflow/example_dags/example_complex.py
[2022-10-16T07:25:05.395-0300] {processor.py:768} INFO - DAG(s) dict_keys(['example_complex']) retrieved from /home/renato/Documentos/datapipeline/.env/lib/python3.10/site-packages/airflow/example_dags/example_complex.py
[2022-10-16T07:25:05.423-0300] {logging_mixin.py:117} INFO - [2022-10-16T07:25:05.422-0300] {dag.py:2573} INFO - Sync 1 DAGs
[2022-10-16T07:25:05.439-0300] {logging_mixin.py:117} INFO - [2022-10-16T07:25:05.439-0300] {dag.py:3324} INFO - Setting next_dagrun for example_complex to None, run_after=None
[2022-10-16T07:25:05.462-0300] {processor.py:178} INFO - Processing /home/renato/Documentos/datapipeline/.env/lib/python3.10/site-packages/airflow/example_dags/example_complex.py took 0.106 seconds
[2022-10-16T07:25:41.569-0300] {processor.py:156} INFO - Started process (PID=7039) to work on /home/renato/Documentos/datapipeline/.env/lib/python3.10/site-packages/airflow/example_dags/example_complex.py
[2022-10-16T07:25:41.571-0300] {processor.py:758} INFO - Processing file /home/renato/Documentos/datapipeline/.env/lib/python3.10/site-packages/airflow/example_dags/example_complex.py for tasks to queue
[2022-10-16T07:25:41.572-0300] {logging_mixin.py:117} INFO - [2022-10-16T07:25:41.572-0300] {dagbag.py:525} INFO - Filling up the DagBag from /home/renato/Documentos/datapipeline/.env/lib/python3.10/site-packages/airflow/example_dags/example_complex.py
[2022-10-16T07:25:41.595-0300] {processor.py:768} INFO - DAG(s) dict_keys(['example_complex']) retrieved from /home/renato/Documentos/datapipeline/.env/lib/python3.10/site-packages/airflow/example_dags/example_complex.py
[2022-10-16T07:25:41.621-0300] {logging_mixin.py:117} INFO - [2022-10-16T07:25:41.621-0300] {dag.py:2573} INFO - Sync 1 DAGs
[2022-10-16T07:25:41.641-0300] {logging_mixin.py:117} INFO - [2022-10-16T07:25:41.641-0300] {dag.py:3324} INFO - Setting next_dagrun for example_complex to None, run_after=None
[2022-10-16T07:25:41.665-0300] {processor.py:178} INFO - Processing /home/renato/Documentos/datapipeline/.env/lib/python3.10/site-packages/airflow/example_dags/example_complex.py took 0.099 seconds
[2022-10-16T07:26:23.793-0300] {processor.py:156} INFO - Started process (PID=7110) to work on /home/renato/Documentos/datapipeline/.env/lib/python3.10/site-packages/airflow/example_dags/example_complex.py
[2022-10-16T07:26:23.796-0300] {processor.py:758} INFO - Processing file /home/renato/Documentos/datapipeline/.env/lib/python3.10/site-packages/airflow/example_dags/example_complex.py for tasks to queue
[2022-10-16T07:26:23.797-0300] {logging_mixin.py:117} INFO - [2022-10-16T07:26:23.797-0300] {dagbag.py:525} INFO - Filling up the DagBag from /home/renato/Documentos/datapipeline/.env/lib/python3.10/site-packages/airflow/example_dags/example_complex.py
[2022-10-16T07:26:23.816-0300] {processor.py:768} INFO - DAG(s) dict_keys(['example_complex']) retrieved from /home/renato/Documentos/datapipeline/.env/lib/python3.10/site-packages/airflow/example_dags/example_complex.py
[2022-10-16T07:26:23.841-0300] {logging_mixin.py:117} INFO - [2022-10-16T07:26:23.841-0300] {dag.py:2573} INFO - Sync 1 DAGs
[2022-10-16T07:26:23.860-0300] {logging_mixin.py:117} INFO - [2022-10-16T07:26:23.860-0300] {dag.py:3324} INFO - Setting next_dagrun for example_complex to None, run_after=None
[2022-10-16T07:26:23.888-0300] {processor.py:178} INFO - Processing /home/renato/Documentos/datapipeline/.env/lib/python3.10/site-packages/airflow/example_dags/example_complex.py took 0.098 seconds
[2022-10-16T07:27:04.535-0300] {processor.py:156} INFO - Started process (PID=7188) to work on /home/renato/Documentos/datapipeline/.env/lib/python3.10/site-packages/airflow/example_dags/example_complex.py
[2022-10-16T07:27:04.539-0300] {processor.py:758} INFO - Processing file /home/renato/Documentos/datapipeline/.env/lib/python3.10/site-packages/airflow/example_dags/example_complex.py for tasks to queue
[2022-10-16T07:27:04.540-0300] {logging_mixin.py:117} INFO - [2022-10-16T07:27:04.540-0300] {dagbag.py:525} INFO - Filling up the DagBag from /home/renato/Documentos/datapipeline/.env/lib/python3.10/site-packages/airflow/example_dags/example_complex.py
[2022-10-16T07:27:04.573-0300] {processor.py:768} INFO - DAG(s) dict_keys(['example_complex']) retrieved from /home/renato/Documentos/datapipeline/.env/lib/python3.10/site-packages/airflow/example_dags/example_complex.py
[2022-10-16T07:27:04.598-0300] {logging_mixin.py:117} INFO - [2022-10-16T07:27:04.598-0300] {dag.py:2573} INFO - Sync 1 DAGs
[2022-10-16T07:27:04.614-0300] {logging_mixin.py:117} INFO - [2022-10-16T07:27:04.613-0300] {dag.py:3324} INFO - Setting next_dagrun for example_complex to None, run_after=None
[2022-10-16T07:27:04.639-0300] {processor.py:178} INFO - Processing /home/renato/Documentos/datapipeline/.env/lib/python3.10/site-packages/airflow/example_dags/example_complex.py took 0.110 seconds
[2022-10-16T07:27:40.923-0300] {processor.py:156} INFO - Started process (PID=7256) to work on /home/renato/Documentos/datapipeline/.env/lib/python3.10/site-packages/airflow/example_dags/example_complex.py
[2022-10-16T07:27:40.925-0300] {processor.py:758} INFO - Processing file /home/renato/Documentos/datapipeline/.env/lib/python3.10/site-packages/airflow/example_dags/example_complex.py for tasks to queue
[2022-10-16T07:27:40.926-0300] {logging_mixin.py:117} INFO - [2022-10-16T07:27:40.925-0300] {dagbag.py:525} INFO - Filling up the DagBag from /home/renato/Documentos/datapipeline/.env/lib/python3.10/site-packages/airflow/example_dags/example_complex.py
[2022-10-16T07:27:40.943-0300] {processor.py:768} INFO - DAG(s) dict_keys(['example_complex']) retrieved from /home/renato/Documentos/datapipeline/.env/lib/python3.10/site-packages/airflow/example_dags/example_complex.py
[2022-10-16T07:27:40.969-0300] {logging_mixin.py:117} INFO - [2022-10-16T07:27:40.968-0300] {dag.py:2573} INFO - Sync 1 DAGs
[2022-10-16T07:27:40.987-0300] {logging_mixin.py:117} INFO - [2022-10-16T07:27:40.987-0300] {dag.py:3324} INFO - Setting next_dagrun for example_complex to None, run_after=None
[2022-10-16T07:27:41.012-0300] {processor.py:178} INFO - Processing /home/renato/Documentos/datapipeline/.env/lib/python3.10/site-packages/airflow/example_dags/example_complex.py took 0.091 seconds
[2022-10-16T07:28:31.417-0300] {processor.py:156} INFO - Started process (PID=7346) to work on /home/renato/Documentos/datapipeline/.env/lib/python3.10/site-packages/airflow/example_dags/example_complex.py
[2022-10-16T07:28:31.419-0300] {processor.py:758} INFO - Processing file /home/renato/Documentos/datapipeline/.env/lib/python3.10/site-packages/airflow/example_dags/example_complex.py for tasks to queue
[2022-10-16T07:28:31.420-0300] {logging_mixin.py:117} INFO - [2022-10-16T07:28:31.420-0300] {dagbag.py:525} INFO - Filling up the DagBag from /home/renato/Documentos/datapipeline/.env/lib/python3.10/site-packages/airflow/example_dags/example_complex.py
[2022-10-16T07:28:31.439-0300] {processor.py:768} INFO - DAG(s) dict_keys(['example_complex']) retrieved from /home/renato/Documentos/datapipeline/.env/lib/python3.10/site-packages/airflow/example_dags/example_complex.py
[2022-10-16T07:28:31.467-0300] {logging_mixin.py:117} INFO - [2022-10-16T07:28:31.467-0300] {dag.py:2573} INFO - Sync 1 DAGs
[2022-10-16T07:28:31.487-0300] {logging_mixin.py:117} INFO - [2022-10-16T07:28:31.486-0300] {dag.py:3324} INFO - Setting next_dagrun for example_complex to None, run_after=None
[2022-10-16T07:28:31.513-0300] {processor.py:178} INFO - Processing /home/renato/Documentos/datapipeline/.env/lib/python3.10/site-packages/airflow/example_dags/example_complex.py took 0.099 seconds
[2022-10-16T07:29:14.256-0300] {processor.py:156} INFO - Started process (PID=7430) to work on /home/renato/Documentos/datapipeline/.env/lib/python3.10/site-packages/airflow/example_dags/example_complex.py
[2022-10-16T07:29:14.259-0300] {processor.py:758} INFO - Processing file /home/renato/Documentos/datapipeline/.env/lib/python3.10/site-packages/airflow/example_dags/example_complex.py for tasks to queue
[2022-10-16T07:29:14.260-0300] {logging_mixin.py:117} INFO - [2022-10-16T07:29:14.260-0300] {dagbag.py:525} INFO - Filling up the DagBag from /home/renato/Documentos/datapipeline/.env/lib/python3.10/site-packages/airflow/example_dags/example_complex.py
[2022-10-16T07:29:14.285-0300] {processor.py:768} INFO - DAG(s) dict_keys(['example_complex']) retrieved from /home/renato/Documentos/datapipeline/.env/lib/python3.10/site-packages/airflow/example_dags/example_complex.py
[2022-10-16T07:29:14.313-0300] {logging_mixin.py:117} INFO - [2022-10-16T07:29:14.313-0300] {dag.py:2573} INFO - Sync 1 DAGs
[2022-10-16T07:29:14.331-0300] {logging_mixin.py:117} INFO - [2022-10-16T07:29:14.331-0300] {dag.py:3324} INFO - Setting next_dagrun for example_complex to None, run_after=None
[2022-10-16T07:29:14.355-0300] {processor.py:178} INFO - Processing /home/renato/Documentos/datapipeline/.env/lib/python3.10/site-packages/airflow/example_dags/example_complex.py took 0.104 seconds
[2022-10-16T07:29:51.829-0300] {processor.py:156} INFO - Started process (PID=7497) to work on /home/renato/Documentos/datapipeline/.env/lib/python3.10/site-packages/airflow/example_dags/example_complex.py
[2022-10-16T07:29:51.832-0300] {processor.py:758} INFO - Processing file /home/renato/Documentos/datapipeline/.env/lib/python3.10/site-packages/airflow/example_dags/example_complex.py for tasks to queue
[2022-10-16T07:29:51.833-0300] {logging_mixin.py:117} INFO - [2022-10-16T07:29:51.833-0300] {dagbag.py:525} INFO - Filling up the DagBag from /home/renato/Documentos/datapipeline/.env/lib/python3.10/site-packages/airflow/example_dags/example_complex.py
[2022-10-16T07:29:51.863-0300] {processor.py:768} INFO - DAG(s) dict_keys(['example_complex']) retrieved from /home/renato/Documentos/datapipeline/.env/lib/python3.10/site-packages/airflow/example_dags/example_complex.py
[2022-10-16T07:29:51.890-0300] {logging_mixin.py:117} INFO - [2022-10-16T07:29:51.890-0300] {dag.py:2573} INFO - Sync 1 DAGs
[2022-10-16T07:29:51.907-0300] {logging_mixin.py:117} INFO - [2022-10-16T07:29:51.907-0300] {dag.py:3324} INFO - Setting next_dagrun for example_complex to None, run_after=None
[2022-10-16T07:29:51.933-0300] {processor.py:178} INFO - Processing /home/renato/Documentos/datapipeline/.env/lib/python3.10/site-packages/airflow/example_dags/example_complex.py took 0.111 seconds
[2022-10-16T07:31:17.380-0300] {processor.py:156} INFO - Started process (PID=7848) to work on /home/renato/Documentos/datapipeline/.env/lib/python3.10/site-packages/airflow/example_dags/example_complex.py
[2022-10-16T07:31:17.384-0300] {processor.py:758} INFO - Processing file /home/renato/Documentos/datapipeline/.env/lib/python3.10/site-packages/airflow/example_dags/example_complex.py for tasks to queue
[2022-10-16T07:31:17.384-0300] {logging_mixin.py:117} INFO - [2022-10-16T07:31:17.384-0300] {dagbag.py:525} INFO - Filling up the DagBag from /home/renato/Documentos/datapipeline/.env/lib/python3.10/site-packages/airflow/example_dags/example_complex.py
[2022-10-16T07:31:17.406-0300] {processor.py:768} INFO - DAG(s) dict_keys(['example_complex']) retrieved from /home/renato/Documentos/datapipeline/.env/lib/python3.10/site-packages/airflow/example_dags/example_complex.py
[2022-10-16T07:31:17.431-0300] {logging_mixin.py:117} INFO - [2022-10-16T07:31:17.431-0300] {dag.py:2573} INFO - Sync 1 DAGs
[2022-10-16T07:31:17.449-0300] {logging_mixin.py:117} INFO - [2022-10-16T07:31:17.449-0300] {dag.py:3324} INFO - Setting next_dagrun for example_complex to None, run_after=None
[2022-10-16T07:31:17.473-0300] {processor.py:178} INFO - Processing /home/renato/Documentos/datapipeline/.env/lib/python3.10/site-packages/airflow/example_dags/example_complex.py took 0.095 seconds
