[2022-10-16T07:17:25.778-0300] {processor.py:156} INFO - Started process (PID=5852) to work on /home/renato/Documentos/datapipeline/.env/lib/python3.10/site-packages/airflow/example_dags/example_short_circuit_decorator.py
[2022-10-16T07:17:25.779-0300] {processor.py:758} INFO - Processing file /home/renato/Documentos/datapipeline/.env/lib/python3.10/site-packages/airflow/example_dags/example_short_circuit_decorator.py for tasks to queue
[2022-10-16T07:17:25.779-0300] {logging_mixin.py:117} INFO - [2022-10-16T07:17:25.779-0300] {dagbag.py:525} INFO - Filling up the DagBag from /home/renato/Documentos/datapipeline/.env/lib/python3.10/site-packages/airflow/example_dags/example_short_circuit_decorator.py
[2022-10-16T07:17:25.802-0300] {processor.py:768} INFO - DAG(s) dict_keys(['example_short_circuit_decorator']) retrieved from /home/renato/Documentos/datapipeline/.env/lib/python3.10/site-packages/airflow/example_dags/example_short_circuit_decorator.py
[2022-10-16T07:17:25.904-0300] {logging_mixin.py:117} INFO - [2022-10-16T07:17:25.903-0300] {manager.py:507} INFO - Created Permission View: can edit on DAG:example_short_circuit_decorator
[2022-10-16T07:17:25.917-0300] {logging_mixin.py:117} INFO - [2022-10-16T07:17:25.917-0300] {manager.py:507} INFO - Created Permission View: can read on DAG:example_short_circuit_decorator
[2022-10-16T07:17:25.929-0300] {logging_mixin.py:117} INFO - [2022-10-16T07:17:25.929-0300] {manager.py:507} INFO - Created Permission View: can delete on DAG:example_short_circuit_decorator
[2022-10-16T07:17:25.930-0300] {logging_mixin.py:117} INFO - [2022-10-16T07:17:25.930-0300] {dag.py:2573} INFO - Sync 1 DAGs
[2022-10-16T07:17:25.938-0300] {logging_mixin.py:117} INFO - [2022-10-16T07:17:25.938-0300] {dag.py:2594} INFO - Creating ORM DAG for example_short_circuit_decorator
[2022-10-16T07:17:25.945-0300] {logging_mixin.py:117} INFO - [2022-10-16T07:17:25.945-0300] {dag.py:3324} INFO - Setting next_dagrun for example_short_circuit_decorator to 2022-10-15T10:17:25.944830+00:00, run_after=2022-10-16T10:17:25.944830+00:00
[2022-10-16T07:17:25.970-0300] {processor.py:178} INFO - Processing /home/renato/Documentos/datapipeline/.env/lib/python3.10/site-packages/airflow/example_dags/example_short_circuit_decorator.py took 0.195 seconds
[2022-10-16T07:18:11.539-0300] {processor.py:156} INFO - Started process (PID=5940) to work on /home/renato/Documentos/datapipeline/.env/lib/python3.10/site-packages/airflow/example_dags/example_short_circuit_decorator.py
[2022-10-16T07:18:11.542-0300] {processor.py:758} INFO - Processing file /home/renato/Documentos/datapipeline/.env/lib/python3.10/site-packages/airflow/example_dags/example_short_circuit_decorator.py for tasks to queue
[2022-10-16T07:18:11.543-0300] {logging_mixin.py:117} INFO - [2022-10-16T07:18:11.543-0300] {dagbag.py:525} INFO - Filling up the DagBag from /home/renato/Documentos/datapipeline/.env/lib/python3.10/site-packages/airflow/example_dags/example_short_circuit_decorator.py
[2022-10-16T07:18:11.570-0300] {processor.py:768} INFO - DAG(s) dict_keys(['example_short_circuit_decorator']) retrieved from /home/renato/Documentos/datapipeline/.env/lib/python3.10/site-packages/airflow/example_dags/example_short_circuit_decorator.py
[2022-10-16T07:18:11.591-0300] {logging_mixin.py:117} INFO - [2022-10-16T07:18:11.590-0300] {dag.py:2573} INFO - Sync 1 DAGs
[2022-10-16T07:18:11.607-0300] {logging_mixin.py:117} INFO - [2022-10-16T07:18:11.607-0300] {dag.py:3324} INFO - Setting next_dagrun for example_short_circuit_decorator to 2022-10-15T10:18:11.607287+00:00, run_after=2022-10-16T10:18:11.607287+00:00
[2022-10-16T07:18:11.629-0300] {processor.py:178} INFO - Processing /home/renato/Documentos/datapipeline/.env/lib/python3.10/site-packages/airflow/example_dags/example_short_circuit_decorator.py took 0.093 seconds
[2022-10-16T07:18:46.591-0300] {processor.py:156} INFO - Started process (PID=6005) to work on /home/renato/Documentos/datapipeline/.env/lib/python3.10/site-packages/airflow/example_dags/example_short_circuit_decorator.py
[2022-10-16T07:18:46.599-0300] {processor.py:758} INFO - Processing file /home/renato/Documentos/datapipeline/.env/lib/python3.10/site-packages/airflow/example_dags/example_short_circuit_decorator.py for tasks to queue
[2022-10-16T07:18:46.600-0300] {logging_mixin.py:117} INFO - [2022-10-16T07:18:46.600-0300] {dagbag.py:525} INFO - Filling up the DagBag from /home/renato/Documentos/datapipeline/.env/lib/python3.10/site-packages/airflow/example_dags/example_short_circuit_decorator.py
[2022-10-16T07:18:46.628-0300] {processor.py:768} INFO - DAG(s) dict_keys(['example_short_circuit_decorator']) retrieved from /home/renato/Documentos/datapipeline/.env/lib/python3.10/site-packages/airflow/example_dags/example_short_circuit_decorator.py
[2022-10-16T07:18:46.651-0300] {logging_mixin.py:117} INFO - [2022-10-16T07:18:46.651-0300] {dag.py:2573} INFO - Sync 1 DAGs
[2022-10-16T07:18:46.670-0300] {logging_mixin.py:117} INFO - [2022-10-16T07:18:46.669-0300] {dag.py:3324} INFO - Setting next_dagrun for example_short_circuit_decorator to 2022-10-15T10:18:46.669608+00:00, run_after=2022-10-16T10:18:46.669608+00:00
[2022-10-16T07:18:46.725-0300] {processor.py:178} INFO - Processing /home/renato/Documentos/datapipeline/.env/lib/python3.10/site-packages/airflow/example_dags/example_short_circuit_decorator.py took 0.138 seconds
[2022-10-16T07:19:17.858-0300] {processor.py:156} INFO - Started process (PID=6062) to work on /home/renato/Documentos/datapipeline/.env/lib/python3.10/site-packages/airflow/example_dags/example_short_circuit_decorator.py
[2022-10-16T07:19:17.858-0300] {processor.py:758} INFO - Processing file /home/renato/Documentos/datapipeline/.env/lib/python3.10/site-packages/airflow/example_dags/example_short_circuit_decorator.py for tasks to queue
[2022-10-16T07:19:17.859-0300] {logging_mixin.py:117} INFO - [2022-10-16T07:19:17.859-0300] {dagbag.py:525} INFO - Filling up the DagBag from /home/renato/Documentos/datapipeline/.env/lib/python3.10/site-packages/airflow/example_dags/example_short_circuit_decorator.py
[2022-10-16T07:19:17.885-0300] {processor.py:768} INFO - DAG(s) dict_keys(['example_short_circuit_decorator']) retrieved from /home/renato/Documentos/datapipeline/.env/lib/python3.10/site-packages/airflow/example_dags/example_short_circuit_decorator.py
[2022-10-16T07:19:17.912-0300] {logging_mixin.py:117} INFO - [2022-10-16T07:19:17.912-0300] {dag.py:2573} INFO - Sync 1 DAGs
[2022-10-16T07:19:17.941-0300] {logging_mixin.py:117} INFO - [2022-10-16T07:19:17.941-0300] {dag.py:3324} INFO - Setting next_dagrun for example_short_circuit_decorator to 2022-10-15T10:19:17.940997+00:00, run_after=2022-10-16T10:19:17.940997+00:00
[2022-10-16T07:19:17.966-0300] {processor.py:178} INFO - Processing /home/renato/Documentos/datapipeline/.env/lib/python3.10/site-packages/airflow/example_dags/example_short_circuit_decorator.py took 0.111 seconds
[2022-10-16T07:19:55.713-0300] {processor.py:156} INFO - Started process (PID=6166) to work on /home/renato/Documentos/datapipeline/.env/lib/python3.10/site-packages/airflow/example_dags/example_short_circuit_decorator.py
[2022-10-16T07:19:55.719-0300] {processor.py:758} INFO - Processing file /home/renato/Documentos/datapipeline/.env/lib/python3.10/site-packages/airflow/example_dags/example_short_circuit_decorator.py for tasks to queue
[2022-10-16T07:19:55.720-0300] {logging_mixin.py:117} INFO - [2022-10-16T07:19:55.720-0300] {dagbag.py:525} INFO - Filling up the DagBag from /home/renato/Documentos/datapipeline/.env/lib/python3.10/site-packages/airflow/example_dags/example_short_circuit_decorator.py
[2022-10-16T07:19:55.743-0300] {processor.py:768} INFO - DAG(s) dict_keys(['example_short_circuit_decorator']) retrieved from /home/renato/Documentos/datapipeline/.env/lib/python3.10/site-packages/airflow/example_dags/example_short_circuit_decorator.py
[2022-10-16T07:19:55.766-0300] {logging_mixin.py:117} INFO - [2022-10-16T07:19:55.766-0300] {dag.py:2573} INFO - Sync 1 DAGs
[2022-10-16T07:19:55.782-0300] {logging_mixin.py:117} INFO - [2022-10-16T07:19:55.782-0300] {dag.py:3324} INFO - Setting next_dagrun for example_short_circuit_decorator to 2022-10-15T10:19:55.781993+00:00, run_after=2022-10-16T10:19:55.781993+00:00
[2022-10-16T07:19:55.808-0300] {processor.py:178} INFO - Processing /home/renato/Documentos/datapipeline/.env/lib/python3.10/site-packages/airflow/example_dags/example_short_circuit_decorator.py took 0.098 seconds
[2022-10-16T07:20:32.854-0300] {processor.py:156} INFO - Started process (PID=6357) to work on /home/renato/Documentos/datapipeline/.env/lib/python3.10/site-packages/airflow/example_dags/example_short_circuit_decorator.py
[2022-10-16T07:20:32.857-0300] {processor.py:758} INFO - Processing file /home/renato/Documentos/datapipeline/.env/lib/python3.10/site-packages/airflow/example_dags/example_short_circuit_decorator.py for tasks to queue
[2022-10-16T07:20:32.858-0300] {logging_mixin.py:117} INFO - [2022-10-16T07:20:32.858-0300] {dagbag.py:525} INFO - Filling up the DagBag from /home/renato/Documentos/datapipeline/.env/lib/python3.10/site-packages/airflow/example_dags/example_short_circuit_decorator.py
[2022-10-16T07:20:32.879-0300] {processor.py:768} INFO - DAG(s) dict_keys(['example_short_circuit_decorator']) retrieved from /home/renato/Documentos/datapipeline/.env/lib/python3.10/site-packages/airflow/example_dags/example_short_circuit_decorator.py
[2022-10-16T07:20:32.900-0300] {logging_mixin.py:117} INFO - [2022-10-16T07:20:32.900-0300] {dag.py:2573} INFO - Sync 1 DAGs
[2022-10-16T07:20:32.916-0300] {logging_mixin.py:117} INFO - [2022-10-16T07:20:32.916-0300] {dag.py:3324} INFO - Setting next_dagrun for example_short_circuit_decorator to 2022-10-15T10:20:32.916149+00:00, run_after=2022-10-16T10:20:32.916149+00:00
[2022-10-16T07:20:32.940-0300] {processor.py:178} INFO - Processing /home/renato/Documentos/datapipeline/.env/lib/python3.10/site-packages/airflow/example_dags/example_short_circuit_decorator.py took 0.089 seconds
[2022-10-16T07:21:04.553-0300] {processor.py:156} INFO - Started process (PID=6413) to work on /home/renato/Documentos/datapipeline/.env/lib/python3.10/site-packages/airflow/example_dags/example_short_circuit_decorator.py
[2022-10-16T07:21:04.554-0300] {processor.py:758} INFO - Processing file /home/renato/Documentos/datapipeline/.env/lib/python3.10/site-packages/airflow/example_dags/example_short_circuit_decorator.py for tasks to queue
[2022-10-16T07:21:04.556-0300] {logging_mixin.py:117} INFO - [2022-10-16T07:21:04.555-0300] {dagbag.py:525} INFO - Filling up the DagBag from /home/renato/Documentos/datapipeline/.env/lib/python3.10/site-packages/airflow/example_dags/example_short_circuit_decorator.py
[2022-10-16T07:21:04.594-0300] {processor.py:768} INFO - DAG(s) dict_keys(['example_short_circuit_decorator']) retrieved from /home/renato/Documentos/datapipeline/.env/lib/python3.10/site-packages/airflow/example_dags/example_short_circuit_decorator.py
[2022-10-16T07:21:04.616-0300] {logging_mixin.py:117} INFO - [2022-10-16T07:21:04.616-0300] {dag.py:2573} INFO - Sync 1 DAGs
[2022-10-16T07:21:04.632-0300] {logging_mixin.py:117} INFO - [2022-10-16T07:21:04.632-0300] {dag.py:3324} INFO - Setting next_dagrun for example_short_circuit_decorator to 2022-10-15T10:21:04.632032+00:00, run_after=2022-10-16T10:21:04.632032+00:00
[2022-10-16T07:21:04.654-0300] {processor.py:178} INFO - Processing /home/renato/Documentos/datapipeline/.env/lib/python3.10/site-packages/airflow/example_dags/example_short_circuit_decorator.py took 0.107 seconds
[2022-10-16T07:21:43.110-0300] {processor.py:156} INFO - Started process (PID=6475) to work on /home/renato/Documentos/datapipeline/.env/lib/python3.10/site-packages/airflow/example_dags/example_short_circuit_decorator.py
[2022-10-16T07:21:43.113-0300] {processor.py:758} INFO - Processing file /home/renato/Documentos/datapipeline/.env/lib/python3.10/site-packages/airflow/example_dags/example_short_circuit_decorator.py for tasks to queue
[2022-10-16T07:21:43.113-0300] {logging_mixin.py:117} INFO - [2022-10-16T07:21:43.113-0300] {dagbag.py:525} INFO - Filling up the DagBag from /home/renato/Documentos/datapipeline/.env/lib/python3.10/site-packages/airflow/example_dags/example_short_circuit_decorator.py
[2022-10-16T07:21:43.138-0300] {processor.py:768} INFO - DAG(s) dict_keys(['example_short_circuit_decorator']) retrieved from /home/renato/Documentos/datapipeline/.env/lib/python3.10/site-packages/airflow/example_dags/example_short_circuit_decorator.py
[2022-10-16T07:21:43.166-0300] {logging_mixin.py:117} INFO - [2022-10-16T07:21:43.166-0300] {dag.py:2573} INFO - Sync 1 DAGs
[2022-10-16T07:21:43.187-0300] {logging_mixin.py:117} INFO - [2022-10-16T07:21:43.187-0300] {dag.py:3324} INFO - Setting next_dagrun for example_short_circuit_decorator to 2022-10-15T10:21:43.186891+00:00, run_after=2022-10-16T10:21:43.186891+00:00
[2022-10-16T07:21:43.220-0300] {processor.py:178} INFO - Processing /home/renato/Documentos/datapipeline/.env/lib/python3.10/site-packages/airflow/example_dags/example_short_circuit_decorator.py took 0.113 seconds
[2022-10-16T07:22:16.842-0300] {processor.py:156} INFO - Started process (PID=6544) to work on /home/renato/Documentos/datapipeline/.env/lib/python3.10/site-packages/airflow/example_dags/example_short_circuit_decorator.py
[2022-10-16T07:22:16.845-0300] {processor.py:758} INFO - Processing file /home/renato/Documentos/datapipeline/.env/lib/python3.10/site-packages/airflow/example_dags/example_short_circuit_decorator.py for tasks to queue
[2022-10-16T07:22:16.846-0300] {logging_mixin.py:117} INFO - [2022-10-16T07:22:16.845-0300] {dagbag.py:525} INFO - Filling up the DagBag from /home/renato/Documentos/datapipeline/.env/lib/python3.10/site-packages/airflow/example_dags/example_short_circuit_decorator.py
[2022-10-16T07:22:16.873-0300] {processor.py:768} INFO - DAG(s) dict_keys(['example_short_circuit_decorator']) retrieved from /home/renato/Documentos/datapipeline/.env/lib/python3.10/site-packages/airflow/example_dags/example_short_circuit_decorator.py
[2022-10-16T07:22:16.895-0300] {logging_mixin.py:117} INFO - [2022-10-16T07:22:16.895-0300] {dag.py:2573} INFO - Sync 1 DAGs
[2022-10-16T07:22:16.911-0300] {logging_mixin.py:117} INFO - [2022-10-16T07:22:16.911-0300] {dag.py:3324} INFO - Setting next_dagrun for example_short_circuit_decorator to 2022-10-15T10:22:16.911127+00:00, run_after=2022-10-16T10:22:16.911127+00:00
[2022-10-16T07:22:16.937-0300] {processor.py:178} INFO - Processing /home/renato/Documentos/datapipeline/.env/lib/python3.10/site-packages/airflow/example_dags/example_short_circuit_decorator.py took 0.098 seconds
[2022-10-16T07:22:52.009-0300] {processor.py:156} INFO - Started process (PID=6603) to work on /home/renato/Documentos/datapipeline/.env/lib/python3.10/site-packages/airflow/example_dags/example_short_circuit_decorator.py
[2022-10-16T07:22:52.012-0300] {processor.py:758} INFO - Processing file /home/renato/Documentos/datapipeline/.env/lib/python3.10/site-packages/airflow/example_dags/example_short_circuit_decorator.py for tasks to queue
[2022-10-16T07:22:52.012-0300] {logging_mixin.py:117} INFO - [2022-10-16T07:22:52.012-0300] {dagbag.py:525} INFO - Filling up the DagBag from /home/renato/Documentos/datapipeline/.env/lib/python3.10/site-packages/airflow/example_dags/example_short_circuit_decorator.py
[2022-10-16T07:22:52.038-0300] {processor.py:768} INFO - DAG(s) dict_keys(['example_short_circuit_decorator']) retrieved from /home/renato/Documentos/datapipeline/.env/lib/python3.10/site-packages/airflow/example_dags/example_short_circuit_decorator.py
[2022-10-16T07:22:52.059-0300] {logging_mixin.py:117} INFO - [2022-10-16T07:22:52.059-0300] {dag.py:2573} INFO - Sync 1 DAGs
[2022-10-16T07:22:52.076-0300] {logging_mixin.py:117} INFO - [2022-10-16T07:22:52.076-0300] {dag.py:3324} INFO - Setting next_dagrun for example_short_circuit_decorator to 2022-10-15T10:22:52.076538+00:00, run_after=2022-10-16T10:22:52.076538+00:00
[2022-10-16T07:22:52.107-0300] {processor.py:178} INFO - Processing /home/renato/Documentos/datapipeline/.env/lib/python3.10/site-packages/airflow/example_dags/example_short_circuit_decorator.py took 0.102 seconds
[2022-10-16T07:23:27.322-0300] {processor.py:156} INFO - Started process (PID=6663) to work on /home/renato/Documentos/datapipeline/.env/lib/python3.10/site-packages/airflow/example_dags/example_short_circuit_decorator.py
[2022-10-16T07:23:27.326-0300] {processor.py:758} INFO - Processing file /home/renato/Documentos/datapipeline/.env/lib/python3.10/site-packages/airflow/example_dags/example_short_circuit_decorator.py for tasks to queue
[2022-10-16T07:23:27.327-0300] {logging_mixin.py:117} INFO - [2022-10-16T07:23:27.327-0300] {dagbag.py:525} INFO - Filling up the DagBag from /home/renato/Documentos/datapipeline/.env/lib/python3.10/site-packages/airflow/example_dags/example_short_circuit_decorator.py
[2022-10-16T07:23:27.361-0300] {processor.py:768} INFO - DAG(s) dict_keys(['example_short_circuit_decorator']) retrieved from /home/renato/Documentos/datapipeline/.env/lib/python3.10/site-packages/airflow/example_dags/example_short_circuit_decorator.py
[2022-10-16T07:23:27.384-0300] {logging_mixin.py:117} INFO - [2022-10-16T07:23:27.384-0300] {dag.py:2573} INFO - Sync 1 DAGs
[2022-10-16T07:23:27.402-0300] {logging_mixin.py:117} INFO - [2022-10-16T07:23:27.401-0300] {dag.py:3324} INFO - Setting next_dagrun for example_short_circuit_decorator to 2022-10-15T10:23:27.401743+00:00, run_after=2022-10-16T10:23:27.401743+00:00
[2022-10-16T07:23:27.427-0300] {processor.py:178} INFO - Processing /home/renato/Documentos/datapipeline/.env/lib/python3.10/site-packages/airflow/example_dags/example_short_circuit_decorator.py took 0.110 seconds
[2022-10-16T07:23:57.657-0300] {processor.py:156} INFO - Started process (PID=6717) to work on /home/renato/Documentos/datapipeline/.env/lib/python3.10/site-packages/airflow/example_dags/example_short_circuit_decorator.py
[2022-10-16T07:23:57.658-0300] {processor.py:758} INFO - Processing file /home/renato/Documentos/datapipeline/.env/lib/python3.10/site-packages/airflow/example_dags/example_short_circuit_decorator.py for tasks to queue
[2022-10-16T07:23:57.660-0300] {logging_mixin.py:117} INFO - [2022-10-16T07:23:57.660-0300] {dagbag.py:525} INFO - Filling up the DagBag from /home/renato/Documentos/datapipeline/.env/lib/python3.10/site-packages/airflow/example_dags/example_short_circuit_decorator.py
[2022-10-16T07:23:57.698-0300] {processor.py:768} INFO - DAG(s) dict_keys(['example_short_circuit_decorator']) retrieved from /home/renato/Documentos/datapipeline/.env/lib/python3.10/site-packages/airflow/example_dags/example_short_circuit_decorator.py
[2022-10-16T07:23:57.720-0300] {logging_mixin.py:117} INFO - [2022-10-16T07:23:57.720-0300] {dag.py:2573} INFO - Sync 1 DAGs
[2022-10-16T07:23:57.737-0300] {logging_mixin.py:117} INFO - [2022-10-16T07:23:57.736-0300] {dag.py:3324} INFO - Setting next_dagrun for example_short_circuit_decorator to 2022-10-15T10:23:57.736692+00:00, run_after=2022-10-16T10:23:57.736692+00:00
[2022-10-16T07:23:57.761-0300] {processor.py:178} INFO - Processing /home/renato/Documentos/datapipeline/.env/lib/python3.10/site-packages/airflow/example_dags/example_short_circuit_decorator.py took 0.114 seconds
[2022-10-16T07:24:30.127-0300] {processor.py:156} INFO - Started process (PID=6786) to work on /home/renato/Documentos/datapipeline/.env/lib/python3.10/site-packages/airflow/example_dags/example_short_circuit_decorator.py
[2022-10-16T07:24:30.133-0300] {processor.py:758} INFO - Processing file /home/renato/Documentos/datapipeline/.env/lib/python3.10/site-packages/airflow/example_dags/example_short_circuit_decorator.py for tasks to queue
[2022-10-16T07:24:30.133-0300] {logging_mixin.py:117} INFO - [2022-10-16T07:24:30.133-0300] {dagbag.py:525} INFO - Filling up the DagBag from /home/renato/Documentos/datapipeline/.env/lib/python3.10/site-packages/airflow/example_dags/example_short_circuit_decorator.py
[2022-10-16T07:24:30.156-0300] {processor.py:768} INFO - DAG(s) dict_keys(['example_short_circuit_decorator']) retrieved from /home/renato/Documentos/datapipeline/.env/lib/python3.10/site-packages/airflow/example_dags/example_short_circuit_decorator.py
[2022-10-16T07:24:30.182-0300] {logging_mixin.py:117} INFO - [2022-10-16T07:24:30.182-0300] {dag.py:2573} INFO - Sync 1 DAGs
[2022-10-16T07:24:30.199-0300] {logging_mixin.py:117} INFO - [2022-10-16T07:24:30.199-0300] {dag.py:3324} INFO - Setting next_dagrun for example_short_circuit_decorator to 2022-10-15T10:24:30.198428+00:00, run_after=2022-10-16T10:24:30.198428+00:00
[2022-10-16T07:24:30.224-0300] {processor.py:178} INFO - Processing /home/renato/Documentos/datapipeline/.env/lib/python3.10/site-packages/airflow/example_dags/example_short_circuit_decorator.py took 0.104 seconds
[2022-10-16T07:25:01.344-0300] {processor.py:156} INFO - Started process (PID=6838) to work on /home/renato/Documentos/datapipeline/.env/lib/python3.10/site-packages/airflow/example_dags/example_short_circuit_decorator.py
[2022-10-16T07:25:01.345-0300] {processor.py:758} INFO - Processing file /home/renato/Documentos/datapipeline/.env/lib/python3.10/site-packages/airflow/example_dags/example_short_circuit_decorator.py for tasks to queue
[2022-10-16T07:25:01.345-0300] {logging_mixin.py:117} INFO - [2022-10-16T07:25:01.345-0300] {dagbag.py:525} INFO - Filling up the DagBag from /home/renato/Documentos/datapipeline/.env/lib/python3.10/site-packages/airflow/example_dags/example_short_circuit_decorator.py
[2022-10-16T07:25:01.370-0300] {processor.py:768} INFO - DAG(s) dict_keys(['example_short_circuit_decorator']) retrieved from /home/renato/Documentos/datapipeline/.env/lib/python3.10/site-packages/airflow/example_dags/example_short_circuit_decorator.py
[2022-10-16T07:25:01.393-0300] {logging_mixin.py:117} INFO - [2022-10-16T07:25:01.392-0300] {dag.py:2573} INFO - Sync 1 DAGs
[2022-10-16T07:25:01.409-0300] {logging_mixin.py:117} INFO - [2022-10-16T07:25:01.409-0300] {dag.py:3324} INFO - Setting next_dagrun for example_short_circuit_decorator to 2022-10-15T10:25:01.409164+00:00, run_after=2022-10-16T10:25:01.409164+00:00
[2022-10-16T07:25:01.434-0300] {processor.py:178} INFO - Processing /home/renato/Documentos/datapipeline/.env/lib/python3.10/site-packages/airflow/example_dags/example_short_circuit_decorator.py took 0.093 seconds
[2022-10-16T07:25:37.420-0300] {processor.py:156} INFO - Started process (PID=7027) to work on /home/renato/Documentos/datapipeline/.env/lib/python3.10/site-packages/airflow/example_dags/example_short_circuit_decorator.py
[2022-10-16T07:25:37.425-0300] {processor.py:758} INFO - Processing file /home/renato/Documentos/datapipeline/.env/lib/python3.10/site-packages/airflow/example_dags/example_short_circuit_decorator.py for tasks to queue
[2022-10-16T07:25:37.425-0300] {logging_mixin.py:117} INFO - [2022-10-16T07:25:37.425-0300] {dagbag.py:525} INFO - Filling up the DagBag from /home/renato/Documentos/datapipeline/.env/lib/python3.10/site-packages/airflow/example_dags/example_short_circuit_decorator.py
[2022-10-16T07:25:37.449-0300] {processor.py:768} INFO - DAG(s) dict_keys(['example_short_circuit_decorator']) retrieved from /home/renato/Documentos/datapipeline/.env/lib/python3.10/site-packages/airflow/example_dags/example_short_circuit_decorator.py
[2022-10-16T07:25:37.473-0300] {logging_mixin.py:117} INFO - [2022-10-16T07:25:37.473-0300] {dag.py:2573} INFO - Sync 1 DAGs
[2022-10-16T07:25:37.490-0300] {logging_mixin.py:117} INFO - [2022-10-16T07:25:37.490-0300] {dag.py:3324} INFO - Setting next_dagrun for example_short_circuit_decorator to 2022-10-15T10:25:37.490576+00:00, run_after=2022-10-16T10:25:37.490576+00:00
[2022-10-16T07:25:37.516-0300] {processor.py:178} INFO - Processing /home/renato/Documentos/datapipeline/.env/lib/python3.10/site-packages/airflow/example_dags/example_short_circuit_decorator.py took 0.099 seconds
[2022-10-16T07:26:16.953-0300] {processor.py:156} INFO - Started process (PID=7098) to work on /home/renato/Documentos/datapipeline/.env/lib/python3.10/site-packages/airflow/example_dags/example_short_circuit_decorator.py
[2022-10-16T07:26:16.961-0300] {processor.py:758} INFO - Processing file /home/renato/Documentos/datapipeline/.env/lib/python3.10/site-packages/airflow/example_dags/example_short_circuit_decorator.py for tasks to queue
[2022-10-16T07:26:16.962-0300] {logging_mixin.py:117} INFO - [2022-10-16T07:26:16.962-0300] {dagbag.py:525} INFO - Filling up the DagBag from /home/renato/Documentos/datapipeline/.env/lib/python3.10/site-packages/airflow/example_dags/example_short_circuit_decorator.py
[2022-10-16T07:26:16.983-0300] {processor.py:768} INFO - DAG(s) dict_keys(['example_short_circuit_decorator']) retrieved from /home/renato/Documentos/datapipeline/.env/lib/python3.10/site-packages/airflow/example_dags/example_short_circuit_decorator.py
[2022-10-16T07:26:17.004-0300] {logging_mixin.py:117} INFO - [2022-10-16T07:26:17.003-0300] {dag.py:2573} INFO - Sync 1 DAGs
[2022-10-16T07:26:17.019-0300] {logging_mixin.py:117} INFO - [2022-10-16T07:26:17.019-0300] {dag.py:3324} INFO - Setting next_dagrun for example_short_circuit_decorator to 2022-10-15T10:26:17.019495+00:00, run_after=2022-10-16T10:26:17.019495+00:00
[2022-10-16T07:26:17.049-0300] {processor.py:178} INFO - Processing /home/renato/Documentos/datapipeline/.env/lib/python3.10/site-packages/airflow/example_dags/example_short_circuit_decorator.py took 0.098 seconds
[2022-10-16T07:26:47.377-0300] {processor.py:156} INFO - Started process (PID=7163) to work on /home/renato/Documentos/datapipeline/.env/lib/python3.10/site-packages/airflow/example_dags/example_short_circuit_decorator.py
[2022-10-16T07:26:47.378-0300] {processor.py:758} INFO - Processing file /home/renato/Documentos/datapipeline/.env/lib/python3.10/site-packages/airflow/example_dags/example_short_circuit_decorator.py for tasks to queue
[2022-10-16T07:26:47.378-0300] {logging_mixin.py:117} INFO - [2022-10-16T07:26:47.378-0300] {dagbag.py:525} INFO - Filling up the DagBag from /home/renato/Documentos/datapipeline/.env/lib/python3.10/site-packages/airflow/example_dags/example_short_circuit_decorator.py
[2022-10-16T07:26:47.404-0300] {processor.py:768} INFO - DAG(s) dict_keys(['example_short_circuit_decorator']) retrieved from /home/renato/Documentos/datapipeline/.env/lib/python3.10/site-packages/airflow/example_dags/example_short_circuit_decorator.py
[2022-10-16T07:26:47.429-0300] {logging_mixin.py:117} INFO - [2022-10-16T07:26:47.429-0300] {dag.py:2573} INFO - Sync 1 DAGs
[2022-10-16T07:26:47.447-0300] {logging_mixin.py:117} INFO - [2022-10-16T07:26:47.447-0300] {dag.py:3324} INFO - Setting next_dagrun for example_short_circuit_decorator to 2022-10-15T10:26:47.447055+00:00, run_after=2022-10-16T10:26:47.447055+00:00
[2022-10-16T07:26:47.473-0300] {processor.py:178} INFO - Processing /home/renato/Documentos/datapipeline/.env/lib/python3.10/site-packages/airflow/example_dags/example_short_circuit_decorator.py took 0.100 seconds
[2022-10-16T07:27:17.683-0300] {processor.py:156} INFO - Started process (PID=7217) to work on /home/renato/Documentos/datapipeline/.env/lib/python3.10/site-packages/airflow/example_dags/example_short_circuit_decorator.py
[2022-10-16T07:27:17.688-0300] {processor.py:758} INFO - Processing file /home/renato/Documentos/datapipeline/.env/lib/python3.10/site-packages/airflow/example_dags/example_short_circuit_decorator.py for tasks to queue
[2022-10-16T07:27:17.689-0300] {logging_mixin.py:117} INFO - [2022-10-16T07:27:17.689-0300] {dagbag.py:525} INFO - Filling up the DagBag from /home/renato/Documentos/datapipeline/.env/lib/python3.10/site-packages/airflow/example_dags/example_short_circuit_decorator.py
[2022-10-16T07:27:17.712-0300] {processor.py:768} INFO - DAG(s) dict_keys(['example_short_circuit_decorator']) retrieved from /home/renato/Documentos/datapipeline/.env/lib/python3.10/site-packages/airflow/example_dags/example_short_circuit_decorator.py
[2022-10-16T07:27:17.733-0300] {logging_mixin.py:117} INFO - [2022-10-16T07:27:17.733-0300] {dag.py:2573} INFO - Sync 1 DAGs
[2022-10-16T07:27:17.751-0300] {logging_mixin.py:117} INFO - [2022-10-16T07:27:17.750-0300] {dag.py:3324} INFO - Setting next_dagrun for example_short_circuit_decorator to 2022-10-15T10:27:17.750649+00:00, run_after=2022-10-16T10:27:17.750649+00:00
[2022-10-16T07:27:17.774-0300] {processor.py:178} INFO - Processing /home/renato/Documentos/datapipeline/.env/lib/python3.10/site-packages/airflow/example_dags/example_short_circuit_decorator.py took 0.093 seconds
[2022-10-16T07:27:50.094-0300] {processor.py:156} INFO - Started process (PID=7274) to work on /home/renato/Documentos/datapipeline/.env/lib/python3.10/site-packages/airflow/example_dags/example_short_circuit_decorator.py
[2022-10-16T07:27:50.095-0300] {processor.py:758} INFO - Processing file /home/renato/Documentos/datapipeline/.env/lib/python3.10/site-packages/airflow/example_dags/example_short_circuit_decorator.py for tasks to queue
[2022-10-16T07:27:50.096-0300] {logging_mixin.py:117} INFO - [2022-10-16T07:27:50.096-0300] {dagbag.py:525} INFO - Filling up the DagBag from /home/renato/Documentos/datapipeline/.env/lib/python3.10/site-packages/airflow/example_dags/example_short_circuit_decorator.py
[2022-10-16T07:27:50.126-0300] {processor.py:768} INFO - DAG(s) dict_keys(['example_short_circuit_decorator']) retrieved from /home/renato/Documentos/datapipeline/.env/lib/python3.10/site-packages/airflow/example_dags/example_short_circuit_decorator.py
[2022-10-16T07:27:50.155-0300] {logging_mixin.py:117} INFO - [2022-10-16T07:27:50.155-0300] {dag.py:2573} INFO - Sync 1 DAGs
[2022-10-16T07:27:50.179-0300] {logging_mixin.py:117} INFO - [2022-10-16T07:27:50.179-0300] {dag.py:3324} INFO - Setting next_dagrun for example_short_circuit_decorator to 2022-10-15T10:27:50.179318+00:00, run_after=2022-10-16T10:27:50.179318+00:00
[2022-10-16T07:27:50.207-0300] {processor.py:178} INFO - Processing /home/renato/Documentos/datapipeline/.env/lib/python3.10/site-packages/airflow/example_dags/example_short_circuit_decorator.py took 0.116 seconds
[2022-10-16T07:28:22.712-0300] {processor.py:156} INFO - Started process (PID=7335) to work on /home/renato/Documentos/datapipeline/.env/lib/python3.10/site-packages/airflow/example_dags/example_short_circuit_decorator.py
[2022-10-16T07:28:22.716-0300] {processor.py:758} INFO - Processing file /home/renato/Documentos/datapipeline/.env/lib/python3.10/site-packages/airflow/example_dags/example_short_circuit_decorator.py for tasks to queue
[2022-10-16T07:28:22.717-0300] {logging_mixin.py:117} INFO - [2022-10-16T07:28:22.716-0300] {dagbag.py:525} INFO - Filling up the DagBag from /home/renato/Documentos/datapipeline/.env/lib/python3.10/site-packages/airflow/example_dags/example_short_circuit_decorator.py
[2022-10-16T07:28:22.744-0300] {processor.py:768} INFO - DAG(s) dict_keys(['example_short_circuit_decorator']) retrieved from /home/renato/Documentos/datapipeline/.env/lib/python3.10/site-packages/airflow/example_dags/example_short_circuit_decorator.py
[2022-10-16T07:28:22.773-0300] {logging_mixin.py:117} INFO - [2022-10-16T07:28:22.772-0300] {dag.py:2573} INFO - Sync 1 DAGs
[2022-10-16T07:28:22.793-0300] {logging_mixin.py:117} INFO - [2022-10-16T07:28:22.793-0300] {dag.py:3324} INFO - Setting next_dagrun for example_short_circuit_decorator to 2022-10-15T10:28:22.793257+00:00, run_after=2022-10-16T10:28:22.793257+00:00
[2022-10-16T07:28:22.823-0300] {processor.py:178} INFO - Processing /home/renato/Documentos/datapipeline/.env/lib/python3.10/site-packages/airflow/example_dags/example_short_circuit_decorator.py took 0.113 seconds
[2022-10-16T07:28:57.991-0300] {processor.py:156} INFO - Started process (PID=7402) to work on /home/renato/Documentos/datapipeline/.env/lib/python3.10/site-packages/airflow/example_dags/example_short_circuit_decorator.py
[2022-10-16T07:28:57.993-0300] {processor.py:758} INFO - Processing file /home/renato/Documentos/datapipeline/.env/lib/python3.10/site-packages/airflow/example_dags/example_short_circuit_decorator.py for tasks to queue
[2022-10-16T07:28:57.994-0300] {logging_mixin.py:117} INFO - [2022-10-16T07:28:57.993-0300] {dagbag.py:525} INFO - Filling up the DagBag from /home/renato/Documentos/datapipeline/.env/lib/python3.10/site-packages/airflow/example_dags/example_short_circuit_decorator.py
[2022-10-16T07:28:58.017-0300] {processor.py:768} INFO - DAG(s) dict_keys(['example_short_circuit_decorator']) retrieved from /home/renato/Documentos/datapipeline/.env/lib/python3.10/site-packages/airflow/example_dags/example_short_circuit_decorator.py
[2022-10-16T07:28:58.039-0300] {logging_mixin.py:117} INFO - [2022-10-16T07:28:58.039-0300] {dag.py:2573} INFO - Sync 1 DAGs
[2022-10-16T07:28:58.056-0300] {logging_mixin.py:117} INFO - [2022-10-16T07:28:58.056-0300] {dag.py:3324} INFO - Setting next_dagrun for example_short_circuit_decorator to 2022-10-15T10:28:58.056530+00:00, run_after=2022-10-16T10:28:58.056530+00:00
[2022-10-16T07:28:58.084-0300] {processor.py:178} INFO - Processing /home/renato/Documentos/datapipeline/.env/lib/python3.10/site-packages/airflow/example_dags/example_short_circuit_decorator.py took 0.095 seconds
[2022-10-16T07:29:28.121-0300] {processor.py:156} INFO - Started process (PID=7455) to work on /home/renato/Documentos/datapipeline/.env/lib/python3.10/site-packages/airflow/example_dags/example_short_circuit_decorator.py
[2022-10-16T07:29:28.122-0300] {processor.py:758} INFO - Processing file /home/renato/Documentos/datapipeline/.env/lib/python3.10/site-packages/airflow/example_dags/example_short_circuit_decorator.py for tasks to queue
[2022-10-16T07:29:28.123-0300] {logging_mixin.py:117} INFO - [2022-10-16T07:29:28.123-0300] {dagbag.py:525} INFO - Filling up the DagBag from /home/renato/Documentos/datapipeline/.env/lib/python3.10/site-packages/airflow/example_dags/example_short_circuit_decorator.py
[2022-10-16T07:29:28.152-0300] {processor.py:768} INFO - DAG(s) dict_keys(['example_short_circuit_decorator']) retrieved from /home/renato/Documentos/datapipeline/.env/lib/python3.10/site-packages/airflow/example_dags/example_short_circuit_decorator.py
[2022-10-16T07:29:28.176-0300] {logging_mixin.py:117} INFO - [2022-10-16T07:29:28.176-0300] {dag.py:2573} INFO - Sync 1 DAGs
[2022-10-16T07:29:28.197-0300] {logging_mixin.py:117} INFO - [2022-10-16T07:29:28.196-0300] {dag.py:3324} INFO - Setting next_dagrun for example_short_circuit_decorator to 2022-10-15T10:29:28.196598+00:00, run_after=2022-10-16T10:29:28.196598+00:00
[2022-10-16T07:29:28.223-0300] {processor.py:178} INFO - Processing /home/renato/Documentos/datapipeline/.env/lib/python3.10/site-packages/airflow/example_dags/example_short_circuit_decorator.py took 0.106 seconds
[2022-10-16T07:30:03.092-0300] {processor.py:156} INFO - Started process (PID=7519) to work on /home/renato/Documentos/datapipeline/.env/lib/python3.10/site-packages/airflow/example_dags/example_short_circuit_decorator.py
[2022-10-16T07:30:03.094-0300] {processor.py:758} INFO - Processing file /home/renato/Documentos/datapipeline/.env/lib/python3.10/site-packages/airflow/example_dags/example_short_circuit_decorator.py for tasks to queue
[2022-10-16T07:30:03.094-0300] {logging_mixin.py:117} INFO - [2022-10-16T07:30:03.094-0300] {dagbag.py:525} INFO - Filling up the DagBag from /home/renato/Documentos/datapipeline/.env/lib/python3.10/site-packages/airflow/example_dags/example_short_circuit_decorator.py
[2022-10-16T07:30:03.116-0300] {processor.py:768} INFO - DAG(s) dict_keys(['example_short_circuit_decorator']) retrieved from /home/renato/Documentos/datapipeline/.env/lib/python3.10/site-packages/airflow/example_dags/example_short_circuit_decorator.py
[2022-10-16T07:30:03.170-0300] {logging_mixin.py:117} INFO - [2022-10-16T07:30:03.170-0300] {dag.py:2573} INFO - Sync 1 DAGs
[2022-10-16T07:30:03.234-0300] {logging_mixin.py:117} INFO - [2022-10-16T07:30:03.234-0300] {dag.py:3324} INFO - Setting next_dagrun for example_short_circuit_decorator to 2022-10-15T10:30:03.234412+00:00, run_after=2022-10-16T10:30:03.234412+00:00
[2022-10-16T07:30:03.269-0300] {processor.py:178} INFO - Processing /home/renato/Documentos/datapipeline/.env/lib/python3.10/site-packages/airflow/example_dags/example_short_circuit_decorator.py took 0.180 seconds
[2022-10-16T07:31:23.773-0300] {processor.py:156} INFO - Started process (PID=7857) to work on /home/renato/Documentos/datapipeline/.env/lib/python3.10/site-packages/airflow/example_dags/example_short_circuit_decorator.py
[2022-10-16T07:31:23.776-0300] {processor.py:758} INFO - Processing file /home/renato/Documentos/datapipeline/.env/lib/python3.10/site-packages/airflow/example_dags/example_short_circuit_decorator.py for tasks to queue
[2022-10-16T07:31:23.777-0300] {logging_mixin.py:117} INFO - [2022-10-16T07:31:23.776-0300] {dagbag.py:525} INFO - Filling up the DagBag from /home/renato/Documentos/datapipeline/.env/lib/python3.10/site-packages/airflow/example_dags/example_short_circuit_decorator.py
[2022-10-16T07:31:23.810-0300] {processor.py:768} INFO - DAG(s) dict_keys(['example_short_circuit_decorator']) retrieved from /home/renato/Documentos/datapipeline/.env/lib/python3.10/site-packages/airflow/example_dags/example_short_circuit_decorator.py
[2022-10-16T07:31:23.841-0300] {logging_mixin.py:117} INFO - [2022-10-16T07:31:23.840-0300] {dag.py:2573} INFO - Sync 1 DAGs
[2022-10-16T07:31:24.148-0300] {logging_mixin.py:117} INFO - [2022-10-16T07:31:24.148-0300] {dag.py:3324} INFO - Setting next_dagrun for example_short_circuit_decorator to 2022-10-15T10:31:24.147765+00:00, run_after=2022-10-16T10:31:24.147765+00:00
[2022-10-16T07:31:24.337-0300] {processor.py:178} INFO - Processing /home/renato/Documentos/datapipeline/.env/lib/python3.10/site-packages/airflow/example_dags/example_short_circuit_decorator.py took 0.568 seconds
[2022-10-16T07:31:56.673-0300] {processor.py:156} INFO - Started process (PID=7938) to work on /home/renato/Documentos/datapipeline/.env/lib/python3.10/site-packages/airflow/example_dags/example_short_circuit_decorator.py
[2022-10-16T07:31:56.674-0300] {processor.py:758} INFO - Processing file /home/renato/Documentos/datapipeline/.env/lib/python3.10/site-packages/airflow/example_dags/example_short_circuit_decorator.py for tasks to queue
[2022-10-16T07:31:56.675-0300] {logging_mixin.py:117} INFO - [2022-10-16T07:31:56.675-0300] {dagbag.py:525} INFO - Filling up the DagBag from /home/renato/Documentos/datapipeline/.env/lib/python3.10/site-packages/airflow/example_dags/example_short_circuit_decorator.py
[2022-10-16T07:31:56.702-0300] {processor.py:768} INFO - DAG(s) dict_keys(['example_short_circuit_decorator']) retrieved from /home/renato/Documentos/datapipeline/.env/lib/python3.10/site-packages/airflow/example_dags/example_short_circuit_decorator.py
[2022-10-16T07:31:56.725-0300] {logging_mixin.py:117} INFO - [2022-10-16T07:31:56.725-0300] {dag.py:2573} INFO - Sync 1 DAGs
[2022-10-16T07:31:56.743-0300] {logging_mixin.py:117} INFO - [2022-10-16T07:31:56.743-0300] {dag.py:3324} INFO - Setting next_dagrun for example_short_circuit_decorator to 2022-10-15T10:31:56.743103+00:00, run_after=2022-10-16T10:31:56.743103+00:00
[2022-10-16T07:31:56.782-0300] {processor.py:178} INFO - Processing /home/renato/Documentos/datapipeline/.env/lib/python3.10/site-packages/airflow/example_dags/example_short_circuit_decorator.py took 0.114 seconds
