[2022-10-16T07:17:28.428-0300] {processor.py:156} INFO - Started process (PID=5860) to work on /home/renato/Documentos/datapipeline/.env/lib/python3.10/site-packages/airflow/example_dags/example_trigger_controller_dag.py
[2022-10-16T07:17:28.429-0300] {processor.py:758} INFO - Processing file /home/renato/Documentos/datapipeline/.env/lib/python3.10/site-packages/airflow/example_dags/example_trigger_controller_dag.py for tasks to queue
[2022-10-16T07:17:28.431-0300] {logging_mixin.py:117} INFO - [2022-10-16T07:17:28.431-0300] {dagbag.py:525} INFO - Filling up the DagBag from /home/renato/Documentos/datapipeline/.env/lib/python3.10/site-packages/airflow/example_dags/example_trigger_controller_dag.py
[2022-10-16T07:17:28.454-0300] {processor.py:768} INFO - DAG(s) dict_keys(['example_trigger_controller_dag']) retrieved from /home/renato/Documentos/datapipeline/.env/lib/python3.10/site-packages/airflow/example_dags/example_trigger_controller_dag.py
[2022-10-16T07:17:28.556-0300] {logging_mixin.py:117} INFO - [2022-10-16T07:17:28.556-0300] {manager.py:507} INFO - Created Permission View: can edit on DAG:example_trigger_controller_dag
[2022-10-16T07:17:28.570-0300] {logging_mixin.py:117} INFO - [2022-10-16T07:17:28.569-0300] {manager.py:507} INFO - Created Permission View: can read on DAG:example_trigger_controller_dag
[2022-10-16T07:17:28.581-0300] {logging_mixin.py:117} INFO - [2022-10-16T07:17:28.581-0300] {manager.py:507} INFO - Created Permission View: can delete on DAG:example_trigger_controller_dag
[2022-10-16T07:17:28.581-0300] {logging_mixin.py:117} INFO - [2022-10-16T07:17:28.581-0300] {dag.py:2573} INFO - Sync 1 DAGs
[2022-10-16T07:17:28.590-0300] {logging_mixin.py:117} INFO - [2022-10-16T07:17:28.589-0300] {dag.py:2594} INFO - Creating ORM DAG for example_trigger_controller_dag
[2022-10-16T07:17:28.597-0300] {logging_mixin.py:117} INFO - [2022-10-16T07:17:28.596-0300] {dag.py:3324} INFO - Setting next_dagrun for example_trigger_controller_dag to 2021-01-01T00:00:00+00:00, run_after=2021-01-01T00:00:00+00:00
[2022-10-16T07:17:28.625-0300] {processor.py:178} INFO - Processing /home/renato/Documentos/datapipeline/.env/lib/python3.10/site-packages/airflow/example_dags/example_trigger_controller_dag.py took 0.202 seconds
[2022-10-16T07:18:13.999-0300] {processor.py:156} INFO - Started process (PID=5942) to work on /home/renato/Documentos/datapipeline/.env/lib/python3.10/site-packages/airflow/example_dags/example_trigger_controller_dag.py
[2022-10-16T07:18:14.002-0300] {processor.py:758} INFO - Processing file /home/renato/Documentos/datapipeline/.env/lib/python3.10/site-packages/airflow/example_dags/example_trigger_controller_dag.py for tasks to queue
[2022-10-16T07:18:14.003-0300] {logging_mixin.py:117} INFO - [2022-10-16T07:18:14.003-0300] {dagbag.py:525} INFO - Filling up the DagBag from /home/renato/Documentos/datapipeline/.env/lib/python3.10/site-packages/airflow/example_dags/example_trigger_controller_dag.py
[2022-10-16T07:18:14.022-0300] {processor.py:768} INFO - DAG(s) dict_keys(['example_trigger_controller_dag']) retrieved from /home/renato/Documentos/datapipeline/.env/lib/python3.10/site-packages/airflow/example_dags/example_trigger_controller_dag.py
[2022-10-16T07:18:14.046-0300] {logging_mixin.py:117} INFO - [2022-10-16T07:18:14.046-0300] {dag.py:2573} INFO - Sync 1 DAGs
[2022-10-16T07:18:14.062-0300] {logging_mixin.py:117} INFO - [2022-10-16T07:18:14.062-0300] {dag.py:3324} INFO - Setting next_dagrun for example_trigger_controller_dag to 2021-01-01T00:00:00+00:00, run_after=2021-01-01T00:00:00+00:00
[2022-10-16T07:18:14.085-0300] {processor.py:178} INFO - Processing /home/renato/Documentos/datapipeline/.env/lib/python3.10/site-packages/airflow/example_dags/example_trigger_controller_dag.py took 0.091 seconds
[2022-10-16T07:18:48.467-0300] {processor.py:156} INFO - Started process (PID=6010) to work on /home/renato/Documentos/datapipeline/.env/lib/python3.10/site-packages/airflow/example_dags/example_trigger_controller_dag.py
[2022-10-16T07:18:48.468-0300] {processor.py:758} INFO - Processing file /home/renato/Documentos/datapipeline/.env/lib/python3.10/site-packages/airflow/example_dags/example_trigger_controller_dag.py for tasks to queue
[2022-10-16T07:18:48.469-0300] {logging_mixin.py:117} INFO - [2022-10-16T07:18:48.469-0300] {dagbag.py:525} INFO - Filling up the DagBag from /home/renato/Documentos/datapipeline/.env/lib/python3.10/site-packages/airflow/example_dags/example_trigger_controller_dag.py
[2022-10-16T07:18:48.488-0300] {processor.py:768} INFO - DAG(s) dict_keys(['example_trigger_controller_dag']) retrieved from /home/renato/Documentos/datapipeline/.env/lib/python3.10/site-packages/airflow/example_dags/example_trigger_controller_dag.py
[2022-10-16T07:18:48.514-0300] {logging_mixin.py:117} INFO - [2022-10-16T07:18:48.514-0300] {dag.py:2573} INFO - Sync 1 DAGs
[2022-10-16T07:18:48.532-0300] {logging_mixin.py:117} INFO - [2022-10-16T07:18:48.532-0300] {dag.py:3324} INFO - Setting next_dagrun for example_trigger_controller_dag to 2021-01-01T00:00:00+00:00, run_after=2021-01-01T00:00:00+00:00
[2022-10-16T07:18:48.564-0300] {processor.py:178} INFO - Processing /home/renato/Documentos/datapipeline/.env/lib/python3.10/site-packages/airflow/example_dags/example_trigger_controller_dag.py took 0.101 seconds
[2022-10-16T07:19:25.935-0300] {processor.py:156} INFO - Started process (PID=6079) to work on /home/renato/Documentos/datapipeline/.env/lib/python3.10/site-packages/airflow/example_dags/example_trigger_controller_dag.py
[2022-10-16T07:19:25.942-0300] {processor.py:758} INFO - Processing file /home/renato/Documentos/datapipeline/.env/lib/python3.10/site-packages/airflow/example_dags/example_trigger_controller_dag.py for tasks to queue
[2022-10-16T07:19:25.943-0300] {logging_mixin.py:117} INFO - [2022-10-16T07:19:25.943-0300] {dagbag.py:525} INFO - Filling up the DagBag from /home/renato/Documentos/datapipeline/.env/lib/python3.10/site-packages/airflow/example_dags/example_trigger_controller_dag.py
[2022-10-16T07:19:25.953-0300] {processor.py:768} INFO - DAG(s) dict_keys(['example_trigger_controller_dag']) retrieved from /home/renato/Documentos/datapipeline/.env/lib/python3.10/site-packages/airflow/example_dags/example_trigger_controller_dag.py
[2022-10-16T07:19:25.985-0300] {logging_mixin.py:117} INFO - [2022-10-16T07:19:25.984-0300] {dag.py:2573} INFO - Sync 1 DAGs
[2022-10-16T07:19:26.016-0300] {logging_mixin.py:117} INFO - [2022-10-16T07:19:26.016-0300] {dag.py:3324} INFO - Setting next_dagrun for example_trigger_controller_dag to 2021-01-01T00:00:00+00:00, run_after=2021-01-01T00:00:00+00:00
[2022-10-16T07:19:26.040-0300] {processor.py:178} INFO - Processing /home/renato/Documentos/datapipeline/.env/lib/python3.10/site-packages/airflow/example_dags/example_trigger_controller_dag.py took 0.108 seconds
[2022-10-16T07:20:02.498-0300] {processor.py:156} INFO - Started process (PID=6180) to work on /home/renato/Documentos/datapipeline/.env/lib/python3.10/site-packages/airflow/example_dags/example_trigger_controller_dag.py
[2022-10-16T07:20:02.503-0300] {processor.py:758} INFO - Processing file /home/renato/Documentos/datapipeline/.env/lib/python3.10/site-packages/airflow/example_dags/example_trigger_controller_dag.py for tasks to queue
[2022-10-16T07:20:02.503-0300] {logging_mixin.py:117} INFO - [2022-10-16T07:20:02.503-0300] {dagbag.py:525} INFO - Filling up the DagBag from /home/renato/Documentos/datapipeline/.env/lib/python3.10/site-packages/airflow/example_dags/example_trigger_controller_dag.py
[2022-10-16T07:20:02.515-0300] {processor.py:768} INFO - DAG(s) dict_keys(['example_trigger_controller_dag']) retrieved from /home/renato/Documentos/datapipeline/.env/lib/python3.10/site-packages/airflow/example_dags/example_trigger_controller_dag.py
[2022-10-16T07:20:02.535-0300] {logging_mixin.py:117} INFO - [2022-10-16T07:20:02.535-0300] {dag.py:2573} INFO - Sync 1 DAGs
[2022-10-16T07:20:02.552-0300] {logging_mixin.py:117} INFO - [2022-10-16T07:20:02.552-0300] {dag.py:3324} INFO - Setting next_dagrun for example_trigger_controller_dag to 2021-01-01T00:00:00+00:00, run_after=2021-01-01T00:00:00+00:00
[2022-10-16T07:20:02.576-0300] {processor.py:178} INFO - Processing /home/renato/Documentos/datapipeline/.env/lib/python3.10/site-packages/airflow/example_dags/example_trigger_controller_dag.py took 0.080 seconds
[2022-10-16T07:20:34.656-0300] {processor.py:156} INFO - Started process (PID=6359) to work on /home/renato/Documentos/datapipeline/.env/lib/python3.10/site-packages/airflow/example_dags/example_trigger_controller_dag.py
[2022-10-16T07:20:34.656-0300] {processor.py:758} INFO - Processing file /home/renato/Documentos/datapipeline/.env/lib/python3.10/site-packages/airflow/example_dags/example_trigger_controller_dag.py for tasks to queue
[2022-10-16T07:20:34.657-0300] {logging_mixin.py:117} INFO - [2022-10-16T07:20:34.657-0300] {dagbag.py:525} INFO - Filling up the DagBag from /home/renato/Documentos/datapipeline/.env/lib/python3.10/site-packages/airflow/example_dags/example_trigger_controller_dag.py
[2022-10-16T07:20:34.668-0300] {processor.py:768} INFO - DAG(s) dict_keys(['example_trigger_controller_dag']) retrieved from /home/renato/Documentos/datapipeline/.env/lib/python3.10/site-packages/airflow/example_dags/example_trigger_controller_dag.py
[2022-10-16T07:20:34.692-0300] {logging_mixin.py:117} INFO - [2022-10-16T07:20:34.692-0300] {dag.py:2573} INFO - Sync 1 DAGs
[2022-10-16T07:20:34.716-0300] {logging_mixin.py:117} INFO - [2022-10-16T07:20:34.716-0300] {dag.py:3324} INFO - Setting next_dagrun for example_trigger_controller_dag to 2021-01-01T00:00:00+00:00, run_after=2021-01-01T00:00:00+00:00
[2022-10-16T07:20:34.742-0300] {processor.py:178} INFO - Processing /home/renato/Documentos/datapipeline/.env/lib/python3.10/site-packages/airflow/example_dags/example_trigger_controller_dag.py took 0.088 seconds
[2022-10-16T07:21:10.971-0300] {processor.py:156} INFO - Started process (PID=6421) to work on /home/renato/Documentos/datapipeline/.env/lib/python3.10/site-packages/airflow/example_dags/example_trigger_controller_dag.py
[2022-10-16T07:21:10.976-0300] {processor.py:758} INFO - Processing file /home/renato/Documentos/datapipeline/.env/lib/python3.10/site-packages/airflow/example_dags/example_trigger_controller_dag.py for tasks to queue
[2022-10-16T07:21:10.977-0300] {logging_mixin.py:117} INFO - [2022-10-16T07:21:10.977-0300] {dagbag.py:525} INFO - Filling up the DagBag from /home/renato/Documentos/datapipeline/.env/lib/python3.10/site-packages/airflow/example_dags/example_trigger_controller_dag.py
[2022-10-16T07:21:10.990-0300] {processor.py:768} INFO - DAG(s) dict_keys(['example_trigger_controller_dag']) retrieved from /home/renato/Documentos/datapipeline/.env/lib/python3.10/site-packages/airflow/example_dags/example_trigger_controller_dag.py
[2022-10-16T07:21:11.012-0300] {logging_mixin.py:117} INFO - [2022-10-16T07:21:11.012-0300] {dag.py:2573} INFO - Sync 1 DAGs
[2022-10-16T07:21:11.028-0300] {logging_mixin.py:117} INFO - [2022-10-16T07:21:11.028-0300] {dag.py:3324} INFO - Setting next_dagrun for example_trigger_controller_dag to 2021-01-01T00:00:00+00:00, run_after=2021-01-01T00:00:00+00:00
[2022-10-16T07:21:11.052-0300] {processor.py:178} INFO - Processing /home/renato/Documentos/datapipeline/.env/lib/python3.10/site-packages/airflow/example_dags/example_trigger_controller_dag.py took 0.085 seconds
[2022-10-16T07:21:45.300-0300] {processor.py:156} INFO - Started process (PID=6485) to work on /home/renato/Documentos/datapipeline/.env/lib/python3.10/site-packages/airflow/example_dags/example_trigger_controller_dag.py
[2022-10-16T07:21:45.301-0300] {processor.py:758} INFO - Processing file /home/renato/Documentos/datapipeline/.env/lib/python3.10/site-packages/airflow/example_dags/example_trigger_controller_dag.py for tasks to queue
[2022-10-16T07:21:45.302-0300] {logging_mixin.py:117} INFO - [2022-10-16T07:21:45.301-0300] {dagbag.py:525} INFO - Filling up the DagBag from /home/renato/Documentos/datapipeline/.env/lib/python3.10/site-packages/airflow/example_dags/example_trigger_controller_dag.py
[2022-10-16T07:21:45.312-0300] {processor.py:768} INFO - DAG(s) dict_keys(['example_trigger_controller_dag']) retrieved from /home/renato/Documentos/datapipeline/.env/lib/python3.10/site-packages/airflow/example_dags/example_trigger_controller_dag.py
[2022-10-16T07:21:45.332-0300] {logging_mixin.py:117} INFO - [2022-10-16T07:21:45.332-0300] {dag.py:2573} INFO - Sync 1 DAGs
[2022-10-16T07:21:45.349-0300] {logging_mixin.py:117} INFO - [2022-10-16T07:21:45.349-0300] {dag.py:3324} INFO - Setting next_dagrun for example_trigger_controller_dag to 2021-01-01T00:00:00+00:00, run_after=2021-01-01T00:00:00+00:00
[2022-10-16T07:21:45.373-0300] {processor.py:178} INFO - Processing /home/renato/Documentos/datapipeline/.env/lib/python3.10/site-packages/airflow/example_dags/example_trigger_controller_dag.py took 0.077 seconds
[2022-10-16T07:22:19.347-0300] {processor.py:156} INFO - Started process (PID=6546) to work on /home/renato/Documentos/datapipeline/.env/lib/python3.10/site-packages/airflow/example_dags/example_trigger_controller_dag.py
[2022-10-16T07:22:19.348-0300] {processor.py:758} INFO - Processing file /home/renato/Documentos/datapipeline/.env/lib/python3.10/site-packages/airflow/example_dags/example_trigger_controller_dag.py for tasks to queue
[2022-10-16T07:22:19.350-0300] {logging_mixin.py:117} INFO - [2022-10-16T07:22:19.349-0300] {dagbag.py:525} INFO - Filling up the DagBag from /home/renato/Documentos/datapipeline/.env/lib/python3.10/site-packages/airflow/example_dags/example_trigger_controller_dag.py
[2022-10-16T07:22:19.366-0300] {processor.py:768} INFO - DAG(s) dict_keys(['example_trigger_controller_dag']) retrieved from /home/renato/Documentos/datapipeline/.env/lib/python3.10/site-packages/airflow/example_dags/example_trigger_controller_dag.py
[2022-10-16T07:22:19.388-0300] {logging_mixin.py:117} INFO - [2022-10-16T07:22:19.388-0300] {dag.py:2573} INFO - Sync 1 DAGs
[2022-10-16T07:22:19.405-0300] {logging_mixin.py:117} INFO - [2022-10-16T07:22:19.405-0300] {dag.py:3324} INFO - Setting next_dagrun for example_trigger_controller_dag to 2021-01-01T00:00:00+00:00, run_after=2021-01-01T00:00:00+00:00
[2022-10-16T07:22:19.432-0300] {processor.py:178} INFO - Processing /home/renato/Documentos/datapipeline/.env/lib/python3.10/site-packages/airflow/example_dags/example_trigger_controller_dag.py took 0.091 seconds
[2022-10-16T07:22:54.139-0300] {processor.py:156} INFO - Started process (PID=6605) to work on /home/renato/Documentos/datapipeline/.env/lib/python3.10/site-packages/airflow/example_dags/example_trigger_controller_dag.py
[2022-10-16T07:22:54.141-0300] {processor.py:758} INFO - Processing file /home/renato/Documentos/datapipeline/.env/lib/python3.10/site-packages/airflow/example_dags/example_trigger_controller_dag.py for tasks to queue
[2022-10-16T07:22:54.142-0300] {logging_mixin.py:117} INFO - [2022-10-16T07:22:54.142-0300] {dagbag.py:525} INFO - Filling up the DagBag from /home/renato/Documentos/datapipeline/.env/lib/python3.10/site-packages/airflow/example_dags/example_trigger_controller_dag.py
[2022-10-16T07:22:54.163-0300] {processor.py:768} INFO - DAG(s) dict_keys(['example_trigger_controller_dag']) retrieved from /home/renato/Documentos/datapipeline/.env/lib/python3.10/site-packages/airflow/example_dags/example_trigger_controller_dag.py
[2022-10-16T07:22:54.183-0300] {logging_mixin.py:117} INFO - [2022-10-16T07:22:54.183-0300] {dag.py:2573} INFO - Sync 1 DAGs
[2022-10-16T07:22:54.199-0300] {logging_mixin.py:117} INFO - [2022-10-16T07:22:54.199-0300] {dag.py:3324} INFO - Setting next_dagrun for example_trigger_controller_dag to 2021-01-01T00:00:00+00:00, run_after=2021-01-01T00:00:00+00:00
[2022-10-16T07:22:54.224-0300] {processor.py:178} INFO - Processing /home/renato/Documentos/datapipeline/.env/lib/python3.10/site-packages/airflow/example_dags/example_trigger_controller_dag.py took 0.093 seconds
[2022-10-16T07:23:29.724-0300] {processor.py:156} INFO - Started process (PID=6666) to work on /home/renato/Documentos/datapipeline/.env/lib/python3.10/site-packages/airflow/example_dags/example_trigger_controller_dag.py
[2022-10-16T07:23:29.727-0300] {processor.py:758} INFO - Processing file /home/renato/Documentos/datapipeline/.env/lib/python3.10/site-packages/airflow/example_dags/example_trigger_controller_dag.py for tasks to queue
[2022-10-16T07:23:29.729-0300] {logging_mixin.py:117} INFO - [2022-10-16T07:23:29.729-0300] {dagbag.py:525} INFO - Filling up the DagBag from /home/renato/Documentos/datapipeline/.env/lib/python3.10/site-packages/airflow/example_dags/example_trigger_controller_dag.py
[2022-10-16T07:23:29.752-0300] {processor.py:768} INFO - DAG(s) dict_keys(['example_trigger_controller_dag']) retrieved from /home/renato/Documentos/datapipeline/.env/lib/python3.10/site-packages/airflow/example_dags/example_trigger_controller_dag.py
[2022-10-16T07:23:29.779-0300] {logging_mixin.py:117} INFO - [2022-10-16T07:23:29.779-0300] {dag.py:2573} INFO - Sync 1 DAGs
[2022-10-16T07:23:29.797-0300] {logging_mixin.py:117} INFO - [2022-10-16T07:23:29.797-0300] {dag.py:3324} INFO - Setting next_dagrun for example_trigger_controller_dag to 2021-01-01T00:00:00+00:00, run_after=2021-01-01T00:00:00+00:00
[2022-10-16T07:23:29.823-0300] {processor.py:178} INFO - Processing /home/renato/Documentos/datapipeline/.env/lib/python3.10/site-packages/airflow/example_dags/example_trigger_controller_dag.py took 0.106 seconds
[2022-10-16T07:24:06.895-0300] {processor.py:156} INFO - Started process (PID=6738) to work on /home/renato/Documentos/datapipeline/.env/lib/python3.10/site-packages/airflow/example_dags/example_trigger_controller_dag.py
[2022-10-16T07:24:06.898-0300] {processor.py:758} INFO - Processing file /home/renato/Documentos/datapipeline/.env/lib/python3.10/site-packages/airflow/example_dags/example_trigger_controller_dag.py for tasks to queue
[2022-10-16T07:24:06.900-0300] {logging_mixin.py:117} INFO - [2022-10-16T07:24:06.899-0300] {dagbag.py:525} INFO - Filling up the DagBag from /home/renato/Documentos/datapipeline/.env/lib/python3.10/site-packages/airflow/example_dags/example_trigger_controller_dag.py
[2022-10-16T07:24:06.917-0300] {processor.py:768} INFO - DAG(s) dict_keys(['example_trigger_controller_dag']) retrieved from /home/renato/Documentos/datapipeline/.env/lib/python3.10/site-packages/airflow/example_dags/example_trigger_controller_dag.py
[2022-10-16T07:24:06.944-0300] {logging_mixin.py:117} INFO - [2022-10-16T07:24:06.944-0300] {dag.py:2573} INFO - Sync 1 DAGs
[2022-10-16T07:24:06.962-0300] {logging_mixin.py:117} INFO - [2022-10-16T07:24:06.962-0300] {dag.py:3324} INFO - Setting next_dagrun for example_trigger_controller_dag to 2021-01-01T00:00:00+00:00, run_after=2021-01-01T00:00:00+00:00
[2022-10-16T07:24:06.985-0300] {processor.py:178} INFO - Processing /home/renato/Documentos/datapipeline/.env/lib/python3.10/site-packages/airflow/example_dags/example_trigger_controller_dag.py took 0.096 seconds
[2022-10-16T07:24:38.924-0300] {processor.py:156} INFO - Started process (PID=6801) to work on /home/renato/Documentos/datapipeline/.env/lib/python3.10/site-packages/airflow/example_dags/example_trigger_controller_dag.py
[2022-10-16T07:24:38.925-0300] {processor.py:758} INFO - Processing file /home/renato/Documentos/datapipeline/.env/lib/python3.10/site-packages/airflow/example_dags/example_trigger_controller_dag.py for tasks to queue
[2022-10-16T07:24:38.926-0300] {logging_mixin.py:117} INFO - [2022-10-16T07:24:38.926-0300] {dagbag.py:525} INFO - Filling up the DagBag from /home/renato/Documentos/datapipeline/.env/lib/python3.10/site-packages/airflow/example_dags/example_trigger_controller_dag.py
[2022-10-16T07:24:38.948-0300] {processor.py:768} INFO - DAG(s) dict_keys(['example_trigger_controller_dag']) retrieved from /home/renato/Documentos/datapipeline/.env/lib/python3.10/site-packages/airflow/example_dags/example_trigger_controller_dag.py
[2022-10-16T07:24:38.981-0300] {logging_mixin.py:117} INFO - [2022-10-16T07:24:38.981-0300] {dag.py:2573} INFO - Sync 1 DAGs
[2022-10-16T07:24:38.999-0300] {logging_mixin.py:117} INFO - [2022-10-16T07:24:38.999-0300] {dag.py:3324} INFO - Setting next_dagrun for example_trigger_controller_dag to 2021-01-01T00:00:00+00:00, run_after=2021-01-01T00:00:00+00:00
[2022-10-16T07:24:39.024-0300] {processor.py:178} INFO - Processing /home/renato/Documentos/datapipeline/.env/lib/python3.10/site-packages/airflow/example_dags/example_trigger_controller_dag.py took 0.103 seconds
[2022-10-16T07:25:15.894-0300] {processor.py:156} INFO - Started process (PID=6861) to work on /home/renato/Documentos/datapipeline/.env/lib/python3.10/site-packages/airflow/example_dags/example_trigger_controller_dag.py
[2022-10-16T07:25:15.895-0300] {processor.py:758} INFO - Processing file /home/renato/Documentos/datapipeline/.env/lib/python3.10/site-packages/airflow/example_dags/example_trigger_controller_dag.py for tasks to queue
[2022-10-16T07:25:15.896-0300] {logging_mixin.py:117} INFO - [2022-10-16T07:25:15.896-0300] {dagbag.py:525} INFO - Filling up the DagBag from /home/renato/Documentos/datapipeline/.env/lib/python3.10/site-packages/airflow/example_dags/example_trigger_controller_dag.py
[2022-10-16T07:25:15.909-0300] {processor.py:768} INFO - DAG(s) dict_keys(['example_trigger_controller_dag']) retrieved from /home/renato/Documentos/datapipeline/.env/lib/python3.10/site-packages/airflow/example_dags/example_trigger_controller_dag.py
[2022-10-16T07:25:15.948-0300] {logging_mixin.py:117} INFO - [2022-10-16T07:25:15.948-0300] {dag.py:2573} INFO - Sync 1 DAGs
[2022-10-16T07:25:15.976-0300] {logging_mixin.py:117} INFO - [2022-10-16T07:25:15.975-0300] {dag.py:3324} INFO - Setting next_dagrun for example_trigger_controller_dag to 2021-01-01T00:00:00+00:00, run_after=2021-01-01T00:00:00+00:00
[2022-10-16T07:25:15.998-0300] {processor.py:178} INFO - Processing /home/renato/Documentos/datapipeline/.env/lib/python3.10/site-packages/airflow/example_dags/example_trigger_controller_dag.py took 0.107 seconds
[2022-10-16T07:25:52.208-0300] {processor.py:156} INFO - Started process (PID=7055) to work on /home/renato/Documentos/datapipeline/.env/lib/python3.10/site-packages/airflow/example_dags/example_trigger_controller_dag.py
[2022-10-16T07:25:52.213-0300] {processor.py:758} INFO - Processing file /home/renato/Documentos/datapipeline/.env/lib/python3.10/site-packages/airflow/example_dags/example_trigger_controller_dag.py for tasks to queue
[2022-10-16T07:25:52.214-0300] {logging_mixin.py:117} INFO - [2022-10-16T07:25:52.214-0300] {dagbag.py:525} INFO - Filling up the DagBag from /home/renato/Documentos/datapipeline/.env/lib/python3.10/site-packages/airflow/example_dags/example_trigger_controller_dag.py
[2022-10-16T07:25:52.231-0300] {processor.py:768} INFO - DAG(s) dict_keys(['example_trigger_controller_dag']) retrieved from /home/renato/Documentos/datapipeline/.env/lib/python3.10/site-packages/airflow/example_dags/example_trigger_controller_dag.py
[2022-10-16T07:25:52.254-0300] {logging_mixin.py:117} INFO - [2022-10-16T07:25:52.254-0300] {dag.py:2573} INFO - Sync 1 DAGs
[2022-10-16T07:25:52.271-0300] {logging_mixin.py:117} INFO - [2022-10-16T07:25:52.271-0300] {dag.py:3324} INFO - Setting next_dagrun for example_trigger_controller_dag to 2021-01-01T00:00:00+00:00, run_after=2021-01-01T00:00:00+00:00
[2022-10-16T07:25:52.292-0300] {processor.py:178} INFO - Processing /home/renato/Documentos/datapipeline/.env/lib/python3.10/site-packages/airflow/example_dags/example_trigger_controller_dag.py took 0.092 seconds
[2022-10-16T07:26:26.618-0300] {processor.py:156} INFO - Started process (PID=7121) to work on /home/renato/Documentos/datapipeline/.env/lib/python3.10/site-packages/airflow/example_dags/example_trigger_controller_dag.py
[2022-10-16T07:26:26.622-0300] {processor.py:758} INFO - Processing file /home/renato/Documentos/datapipeline/.env/lib/python3.10/site-packages/airflow/example_dags/example_trigger_controller_dag.py for tasks to queue
[2022-10-16T07:26:26.622-0300] {logging_mixin.py:117} INFO - [2022-10-16T07:26:26.622-0300] {dagbag.py:525} INFO - Filling up the DagBag from /home/renato/Documentos/datapipeline/.env/lib/python3.10/site-packages/airflow/example_dags/example_trigger_controller_dag.py
[2022-10-16T07:26:26.639-0300] {processor.py:768} INFO - DAG(s) dict_keys(['example_trigger_controller_dag']) retrieved from /home/renato/Documentos/datapipeline/.env/lib/python3.10/site-packages/airflow/example_dags/example_trigger_controller_dag.py
[2022-10-16T07:26:26.665-0300] {logging_mixin.py:117} INFO - [2022-10-16T07:26:26.665-0300] {dag.py:2573} INFO - Sync 1 DAGs
[2022-10-16T07:26:26.761-0300] {logging_mixin.py:117} INFO - [2022-10-16T07:26:26.760-0300] {dag.py:3324} INFO - Setting next_dagrun for example_trigger_controller_dag to 2021-01-01T00:00:00+00:00, run_after=2021-01-01T00:00:00+00:00
[2022-10-16T07:26:26.817-0300] {processor.py:178} INFO - Processing /home/renato/Documentos/datapipeline/.env/lib/python3.10/site-packages/airflow/example_dags/example_trigger_controller_dag.py took 0.202 seconds
[2022-10-16T07:26:58.747-0300] {processor.py:156} INFO - Started process (PID=7182) to work on /home/renato/Documentos/datapipeline/.env/lib/python3.10/site-packages/airflow/example_dags/example_trigger_controller_dag.py
[2022-10-16T07:26:58.748-0300] {processor.py:758} INFO - Processing file /home/renato/Documentos/datapipeline/.env/lib/python3.10/site-packages/airflow/example_dags/example_trigger_controller_dag.py for tasks to queue
[2022-10-16T07:26:58.748-0300] {logging_mixin.py:117} INFO - [2022-10-16T07:26:58.748-0300] {dagbag.py:525} INFO - Filling up the DagBag from /home/renato/Documentos/datapipeline/.env/lib/python3.10/site-packages/airflow/example_dags/example_trigger_controller_dag.py
[2022-10-16T07:26:58.759-0300] {processor.py:768} INFO - DAG(s) dict_keys(['example_trigger_controller_dag']) retrieved from /home/renato/Documentos/datapipeline/.env/lib/python3.10/site-packages/airflow/example_dags/example_trigger_controller_dag.py
[2022-10-16T07:26:58.779-0300] {logging_mixin.py:117} INFO - [2022-10-16T07:26:58.779-0300] {dag.py:2573} INFO - Sync 1 DAGs
[2022-10-16T07:26:58.795-0300] {logging_mixin.py:117} INFO - [2022-10-16T07:26:58.795-0300] {dag.py:3324} INFO - Setting next_dagrun for example_trigger_controller_dag to 2021-01-01T00:00:00+00:00, run_after=2021-01-01T00:00:00+00:00
[2022-10-16T07:26:58.817-0300] {processor.py:178} INFO - Processing /home/renato/Documentos/datapipeline/.env/lib/python3.10/site-packages/airflow/example_dags/example_trigger_controller_dag.py took 0.072 seconds
[2022-10-16T07:27:33.065-0300] {processor.py:156} INFO - Started process (PID=7242) to work on /home/renato/Documentos/datapipeline/.env/lib/python3.10/site-packages/airflow/example_dags/example_trigger_controller_dag.py
[2022-10-16T07:27:33.071-0300] {processor.py:758} INFO - Processing file /home/renato/Documentos/datapipeline/.env/lib/python3.10/site-packages/airflow/example_dags/example_trigger_controller_dag.py for tasks to queue
[2022-10-16T07:27:33.072-0300] {logging_mixin.py:117} INFO - [2022-10-16T07:27:33.072-0300] {dagbag.py:525} INFO - Filling up the DagBag from /home/renato/Documentos/datapipeline/.env/lib/python3.10/site-packages/airflow/example_dags/example_trigger_controller_dag.py
[2022-10-16T07:27:33.089-0300] {processor.py:768} INFO - DAG(s) dict_keys(['example_trigger_controller_dag']) retrieved from /home/renato/Documentos/datapipeline/.env/lib/python3.10/site-packages/airflow/example_dags/example_trigger_controller_dag.py
[2022-10-16T07:27:33.112-0300] {logging_mixin.py:117} INFO - [2022-10-16T07:27:33.112-0300] {dag.py:2573} INFO - Sync 1 DAGs
[2022-10-16T07:27:33.137-0300] {logging_mixin.py:117} INFO - [2022-10-16T07:27:33.137-0300] {dag.py:3324} INFO - Setting next_dagrun for example_trigger_controller_dag to 2021-01-01T00:00:00+00:00, run_after=2021-01-01T00:00:00+00:00
[2022-10-16T07:27:33.162-0300] {processor.py:178} INFO - Processing /home/renato/Documentos/datapipeline/.env/lib/python3.10/site-packages/airflow/example_dags/example_trigger_controller_dag.py took 0.105 seconds
[2022-10-16T07:28:11.297-0300] {processor.py:156} INFO - Started process (PID=7319) to work on /home/renato/Documentos/datapipeline/.env/lib/python3.10/site-packages/airflow/example_dags/example_trigger_controller_dag.py
[2022-10-16T07:28:11.304-0300] {processor.py:758} INFO - Processing file /home/renato/Documentos/datapipeline/.env/lib/python3.10/site-packages/airflow/example_dags/example_trigger_controller_dag.py for tasks to queue
[2022-10-16T07:28:11.304-0300] {logging_mixin.py:117} INFO - [2022-10-16T07:28:11.304-0300] {dagbag.py:525} INFO - Filling up the DagBag from /home/renato/Documentos/datapipeline/.env/lib/python3.10/site-packages/airflow/example_dags/example_trigger_controller_dag.py
[2022-10-16T07:28:11.316-0300] {processor.py:768} INFO - DAG(s) dict_keys(['example_trigger_controller_dag']) retrieved from /home/renato/Documentos/datapipeline/.env/lib/python3.10/site-packages/airflow/example_dags/example_trigger_controller_dag.py
[2022-10-16T07:28:11.335-0300] {logging_mixin.py:117} INFO - [2022-10-16T07:28:11.335-0300] {dag.py:2573} INFO - Sync 1 DAGs
[2022-10-16T07:28:11.351-0300] {logging_mixin.py:117} INFO - [2022-10-16T07:28:11.351-0300] {dag.py:3324} INFO - Setting next_dagrun for example_trigger_controller_dag to 2021-01-01T00:00:00+00:00, run_after=2021-01-01T00:00:00+00:00
[2022-10-16T07:28:11.372-0300] {processor.py:178} INFO - Processing /home/renato/Documentos/datapipeline/.env/lib/python3.10/site-packages/airflow/example_dags/example_trigger_controller_dag.py took 0.077 seconds
[2022-10-16T07:28:43.628-0300] {processor.py:156} INFO - Started process (PID=7371) to work on /home/renato/Documentos/datapipeline/.env/lib/python3.10/site-packages/airflow/example_dags/example_trigger_controller_dag.py
[2022-10-16T07:28:43.630-0300] {processor.py:758} INFO - Processing file /home/renato/Documentos/datapipeline/.env/lib/python3.10/site-packages/airflow/example_dags/example_trigger_controller_dag.py for tasks to queue
[2022-10-16T07:28:43.630-0300] {logging_mixin.py:117} INFO - [2022-10-16T07:28:43.630-0300] {dagbag.py:525} INFO - Filling up the DagBag from /home/renato/Documentos/datapipeline/.env/lib/python3.10/site-packages/airflow/example_dags/example_trigger_controller_dag.py
[2022-10-16T07:28:43.643-0300] {processor.py:768} INFO - DAG(s) dict_keys(['example_trigger_controller_dag']) retrieved from /home/renato/Documentos/datapipeline/.env/lib/python3.10/site-packages/airflow/example_dags/example_trigger_controller_dag.py
[2022-10-16T07:28:43.665-0300] {logging_mixin.py:117} INFO - [2022-10-16T07:28:43.664-0300] {dag.py:2573} INFO - Sync 1 DAGs
[2022-10-16T07:28:43.681-0300] {logging_mixin.py:117} INFO - [2022-10-16T07:28:43.681-0300] {dag.py:3324} INFO - Setting next_dagrun for example_trigger_controller_dag to 2021-01-01T00:00:00+00:00, run_after=2021-01-01T00:00:00+00:00
[2022-10-16T07:28:43.702-0300] {processor.py:178} INFO - Processing /home/renato/Documentos/datapipeline/.env/lib/python3.10/site-packages/airflow/example_dags/example_trigger_controller_dag.py took 0.077 seconds
[2022-10-16T07:29:19.107-0300] {processor.py:156} INFO - Started process (PID=7440) to work on /home/renato/Documentos/datapipeline/.env/lib/python3.10/site-packages/airflow/example_dags/example_trigger_controller_dag.py
[2022-10-16T07:29:19.109-0300] {processor.py:758} INFO - Processing file /home/renato/Documentos/datapipeline/.env/lib/python3.10/site-packages/airflow/example_dags/example_trigger_controller_dag.py for tasks to queue
[2022-10-16T07:29:19.109-0300] {logging_mixin.py:117} INFO - [2022-10-16T07:29:19.109-0300] {dagbag.py:525} INFO - Filling up the DagBag from /home/renato/Documentos/datapipeline/.env/lib/python3.10/site-packages/airflow/example_dags/example_trigger_controller_dag.py
[2022-10-16T07:29:19.120-0300] {processor.py:768} INFO - DAG(s) dict_keys(['example_trigger_controller_dag']) retrieved from /home/renato/Documentos/datapipeline/.env/lib/python3.10/site-packages/airflow/example_dags/example_trigger_controller_dag.py
[2022-10-16T07:29:19.141-0300] {logging_mixin.py:117} INFO - [2022-10-16T07:29:19.140-0300] {dag.py:2573} INFO - Sync 1 DAGs
[2022-10-16T07:29:19.158-0300] {logging_mixin.py:117} INFO - [2022-10-16T07:29:19.158-0300] {dag.py:3324} INFO - Setting next_dagrun for example_trigger_controller_dag to 2021-01-01T00:00:00+00:00, run_after=2021-01-01T00:00:00+00:00
[2022-10-16T07:29:19.182-0300] {processor.py:178} INFO - Processing /home/renato/Documentos/datapipeline/.env/lib/python3.10/site-packages/airflow/example_dags/example_trigger_controller_dag.py took 0.077 seconds
[2022-10-16T07:29:56.275-0300] {processor.py:156} INFO - Started process (PID=7505) to work on /home/renato/Documentos/datapipeline/.env/lib/python3.10/site-packages/airflow/example_dags/example_trigger_controller_dag.py
[2022-10-16T07:29:56.277-0300] {processor.py:758} INFO - Processing file /home/renato/Documentos/datapipeline/.env/lib/python3.10/site-packages/airflow/example_dags/example_trigger_controller_dag.py for tasks to queue
[2022-10-16T07:29:56.277-0300] {logging_mixin.py:117} INFO - [2022-10-16T07:29:56.277-0300] {dagbag.py:525} INFO - Filling up the DagBag from /home/renato/Documentos/datapipeline/.env/lib/python3.10/site-packages/airflow/example_dags/example_trigger_controller_dag.py
[2022-10-16T07:29:56.292-0300] {processor.py:768} INFO - DAG(s) dict_keys(['example_trigger_controller_dag']) retrieved from /home/renato/Documentos/datapipeline/.env/lib/python3.10/site-packages/airflow/example_dags/example_trigger_controller_dag.py
[2022-10-16T07:29:56.323-0300] {logging_mixin.py:117} INFO - [2022-10-16T07:29:56.323-0300] {dag.py:2573} INFO - Sync 1 DAGs
[2022-10-16T07:29:56.345-0300] {logging_mixin.py:117} INFO - [2022-10-16T07:29:56.345-0300] {dag.py:3324} INFO - Setting next_dagrun for example_trigger_controller_dag to 2021-01-01T00:00:00+00:00, run_after=2021-01-01T00:00:00+00:00
[2022-10-16T07:29:56.370-0300] {processor.py:178} INFO - Processing /home/renato/Documentos/datapipeline/.env/lib/python3.10/site-packages/airflow/example_dags/example_trigger_controller_dag.py took 0.097 seconds
[2022-10-16T07:30:42.328-0300] {processor.py:156} INFO - Started process (PID=7764) to work on /home/renato/Documentos/datapipeline/.env/lib/python3.10/site-packages/airflow/example_dags/example_trigger_controller_dag.py
[2022-10-16T07:30:42.330-0300] {processor.py:758} INFO - Processing file /home/renato/Documentos/datapipeline/.env/lib/python3.10/site-packages/airflow/example_dags/example_trigger_controller_dag.py for tasks to queue
[2022-10-16T07:30:42.330-0300] {logging_mixin.py:117} INFO - [2022-10-16T07:30:42.330-0300] {dagbag.py:525} INFO - Filling up the DagBag from /home/renato/Documentos/datapipeline/.env/lib/python3.10/site-packages/airflow/example_dags/example_trigger_controller_dag.py
[2022-10-16T07:30:42.341-0300] {processor.py:768} INFO - DAG(s) dict_keys(['example_trigger_controller_dag']) retrieved from /home/renato/Documentos/datapipeline/.env/lib/python3.10/site-packages/airflow/example_dags/example_trigger_controller_dag.py
[2022-10-16T07:30:42.361-0300] {logging_mixin.py:117} INFO - [2022-10-16T07:30:42.361-0300] {dag.py:2573} INFO - Sync 1 DAGs
[2022-10-16T07:30:42.377-0300] {logging_mixin.py:117} INFO - [2022-10-16T07:30:42.376-0300] {dag.py:3324} INFO - Setting next_dagrun for example_trigger_controller_dag to 2021-01-01T00:00:00+00:00, run_after=2021-01-01T00:00:00+00:00
[2022-10-16T07:30:42.398-0300] {processor.py:178} INFO - Processing /home/renato/Documentos/datapipeline/.env/lib/python3.10/site-packages/airflow/example_dags/example_trigger_controller_dag.py took 0.072 seconds
[2022-10-16T07:31:44.264-0300] {processor.py:156} INFO - Started process (PID=7894) to work on /home/renato/Documentos/datapipeline/.env/lib/python3.10/site-packages/airflow/example_dags/example_trigger_controller_dag.py
[2022-10-16T07:31:44.266-0300] {processor.py:758} INFO - Processing file /home/renato/Documentos/datapipeline/.env/lib/python3.10/site-packages/airflow/example_dags/example_trigger_controller_dag.py for tasks to queue
[2022-10-16T07:31:44.266-0300] {logging_mixin.py:117} INFO - [2022-10-16T07:31:44.266-0300] {dagbag.py:525} INFO - Filling up the DagBag from /home/renato/Documentos/datapipeline/.env/lib/python3.10/site-packages/airflow/example_dags/example_trigger_controller_dag.py
[2022-10-16T07:31:44.277-0300] {processor.py:768} INFO - DAG(s) dict_keys(['example_trigger_controller_dag']) retrieved from /home/renato/Documentos/datapipeline/.env/lib/python3.10/site-packages/airflow/example_dags/example_trigger_controller_dag.py
[2022-10-16T07:31:44.298-0300] {logging_mixin.py:117} INFO - [2022-10-16T07:31:44.298-0300] {dag.py:2573} INFO - Sync 1 DAGs
[2022-10-16T07:31:44.314-0300] {logging_mixin.py:117} INFO - [2022-10-16T07:31:44.313-0300] {dag.py:3324} INFO - Setting next_dagrun for example_trigger_controller_dag to 2021-01-01T00:00:00+00:00, run_after=2021-01-01T00:00:00+00:00
[2022-10-16T07:31:44.338-0300] {processor.py:178} INFO - Processing /home/renato/Documentos/datapipeline/.env/lib/python3.10/site-packages/airflow/example_dags/example_trigger_controller_dag.py took 0.077 seconds
[2022-10-16T08:30:23.105-0300] {processor.py:156} INFO - Started process (PID=2541) to work on /home/renato/Documentos/datapipeline/.env/lib/python3.10/site-packages/airflow/example_dags/example_trigger_controller_dag.py
[2022-10-16T08:30:23.108-0300] {processor.py:758} INFO - Processing file /home/renato/Documentos/datapipeline/.env/lib/python3.10/site-packages/airflow/example_dags/example_trigger_controller_dag.py for tasks to queue
[2022-10-16T08:30:23.108-0300] {logging_mixin.py:117} INFO - [2022-10-16T08:30:23.108-0300] {dagbag.py:525} INFO - Filling up the DagBag from /home/renato/Documentos/datapipeline/.env/lib/python3.10/site-packages/airflow/example_dags/example_trigger_controller_dag.py
[2022-10-16T08:30:23.123-0300] {processor.py:768} INFO - DAG(s) dict_keys(['example_trigger_controller_dag']) retrieved from /home/renato/Documentos/datapipeline/.env/lib/python3.10/site-packages/airflow/example_dags/example_trigger_controller_dag.py
[2022-10-16T08:30:23.135-0300] {logging_mixin.py:117} INFO - [2022-10-16T08:30:23.135-0300] {dag.py:2573} INFO - Sync 1 DAGs
[2022-10-16T08:30:23.151-0300] {logging_mixin.py:117} INFO - [2022-10-16T08:30:23.151-0300] {dag.py:3324} INFO - Setting next_dagrun for example_trigger_controller_dag to 2021-01-01T00:00:00+00:00, run_after=2021-01-01T00:00:00+00:00
[2022-10-16T08:30:23.175-0300] {processor.py:178} INFO - Processing /home/renato/Documentos/datapipeline/.env/lib/python3.10/site-packages/airflow/example_dags/example_trigger_controller_dag.py took 0.072 seconds
[2022-10-16T08:31:01.107-0300] {processor.py:156} INFO - Started process (PID=2603) to work on /home/renato/Documentos/datapipeline/.env/lib/python3.10/site-packages/airflow/example_dags/example_trigger_controller_dag.py
[2022-10-16T08:31:01.110-0300] {processor.py:758} INFO - Processing file /home/renato/Documentos/datapipeline/.env/lib/python3.10/site-packages/airflow/example_dags/example_trigger_controller_dag.py for tasks to queue
[2022-10-16T08:31:01.111-0300] {logging_mixin.py:117} INFO - [2022-10-16T08:31:01.110-0300] {dagbag.py:525} INFO - Filling up the DagBag from /home/renato/Documentos/datapipeline/.env/lib/python3.10/site-packages/airflow/example_dags/example_trigger_controller_dag.py
[2022-10-16T08:31:01.129-0300] {processor.py:768} INFO - DAG(s) dict_keys(['example_trigger_controller_dag']) retrieved from /home/renato/Documentos/datapipeline/.env/lib/python3.10/site-packages/airflow/example_dags/example_trigger_controller_dag.py
[2022-10-16T08:31:01.159-0300] {logging_mixin.py:117} INFO - [2022-10-16T08:31:01.159-0300] {dag.py:2573} INFO - Sync 1 DAGs
[2022-10-16T08:31:01.174-0300] {logging_mixin.py:117} INFO - [2022-10-16T08:31:01.174-0300] {dag.py:3324} INFO - Setting next_dagrun for example_trigger_controller_dag to 2021-01-01T00:00:00+00:00, run_after=2021-01-01T00:00:00+00:00
[2022-10-16T08:31:01.202-0300] {processor.py:178} INFO - Processing /home/renato/Documentos/datapipeline/.env/lib/python3.10/site-packages/airflow/example_dags/example_trigger_controller_dag.py took 0.099 seconds
[2022-10-16T08:31:38.987-0300] {processor.py:156} INFO - Started process (PID=2653) to work on /home/renato/Documentos/datapipeline/.env/lib/python3.10/site-packages/airflow/example_dags/example_trigger_controller_dag.py
[2022-10-16T08:31:38.990-0300] {processor.py:758} INFO - Processing file /home/renato/Documentos/datapipeline/.env/lib/python3.10/site-packages/airflow/example_dags/example_trigger_controller_dag.py for tasks to queue
[2022-10-16T08:31:38.991-0300] {logging_mixin.py:117} INFO - [2022-10-16T08:31:38.990-0300] {dagbag.py:525} INFO - Filling up the DagBag from /home/renato/Documentos/datapipeline/.env/lib/python3.10/site-packages/airflow/example_dags/example_trigger_controller_dag.py
[2022-10-16T08:31:39.011-0300] {processor.py:768} INFO - DAG(s) dict_keys(['example_trigger_controller_dag']) retrieved from /home/renato/Documentos/datapipeline/.env/lib/python3.10/site-packages/airflow/example_dags/example_trigger_controller_dag.py
[2022-10-16T08:31:39.033-0300] {logging_mixin.py:117} INFO - [2022-10-16T08:31:39.033-0300] {dag.py:2573} INFO - Sync 1 DAGs
[2022-10-16T08:31:39.049-0300] {logging_mixin.py:117} INFO - [2022-10-16T08:31:39.049-0300] {dag.py:3324} INFO - Setting next_dagrun for example_trigger_controller_dag to 2021-01-01T00:00:00+00:00, run_after=2021-01-01T00:00:00+00:00
[2022-10-16T08:31:39.073-0300] {processor.py:178} INFO - Processing /home/renato/Documentos/datapipeline/.env/lib/python3.10/site-packages/airflow/example_dags/example_trigger_controller_dag.py took 0.092 seconds
[2022-10-16T08:32:11.611-0300] {processor.py:156} INFO - Started process (PID=2691) to work on /home/renato/Documentos/datapipeline/.env/lib/python3.10/site-packages/airflow/example_dags/example_trigger_controller_dag.py
[2022-10-16T08:32:11.612-0300] {processor.py:758} INFO - Processing file /home/renato/Documentos/datapipeline/.env/lib/python3.10/site-packages/airflow/example_dags/example_trigger_controller_dag.py for tasks to queue
[2022-10-16T08:32:11.612-0300] {logging_mixin.py:117} INFO - [2022-10-16T08:32:11.612-0300] {dagbag.py:525} INFO - Filling up the DagBag from /home/renato/Documentos/datapipeline/.env/lib/python3.10/site-packages/airflow/example_dags/example_trigger_controller_dag.py
[2022-10-16T08:32:11.623-0300] {processor.py:768} INFO - DAG(s) dict_keys(['example_trigger_controller_dag']) retrieved from /home/renato/Documentos/datapipeline/.env/lib/python3.10/site-packages/airflow/example_dags/example_trigger_controller_dag.py
[2022-10-16T08:32:11.643-0300] {logging_mixin.py:117} INFO - [2022-10-16T08:32:11.643-0300] {dag.py:2573} INFO - Sync 1 DAGs
[2022-10-16T08:32:11.661-0300] {logging_mixin.py:117} INFO - [2022-10-16T08:32:11.660-0300] {dag.py:3324} INFO - Setting next_dagrun for example_trigger_controller_dag to 2021-01-01T00:00:00+00:00, run_after=2021-01-01T00:00:00+00:00
[2022-10-16T08:32:11.695-0300] {processor.py:178} INFO - Processing /home/renato/Documentos/datapipeline/.env/lib/python3.10/site-packages/airflow/example_dags/example_trigger_controller_dag.py took 0.086 seconds
[2022-10-16T08:32:48.978-0300] {processor.py:156} INFO - Started process (PID=3143) to work on /home/renato/Documentos/datapipeline/.env/lib/python3.10/site-packages/airflow/example_dags/example_trigger_controller_dag.py
[2022-10-16T08:32:48.984-0300] {processor.py:758} INFO - Processing file /home/renato/Documentos/datapipeline/.env/lib/python3.10/site-packages/airflow/example_dags/example_trigger_controller_dag.py for tasks to queue
[2022-10-16T08:32:48.985-0300] {logging_mixin.py:117} INFO - [2022-10-16T08:32:48.984-0300] {dagbag.py:525} INFO - Filling up the DagBag from /home/renato/Documentos/datapipeline/.env/lib/python3.10/site-packages/airflow/example_dags/example_trigger_controller_dag.py
[2022-10-16T08:32:49.005-0300] {processor.py:768} INFO - DAG(s) dict_keys(['example_trigger_controller_dag']) retrieved from /home/renato/Documentos/datapipeline/.env/lib/python3.10/site-packages/airflow/example_dags/example_trigger_controller_dag.py
[2022-10-16T08:32:49.029-0300] {logging_mixin.py:117} INFO - [2022-10-16T08:32:49.028-0300] {dag.py:2573} INFO - Sync 1 DAGs
[2022-10-16T08:32:49.046-0300] {logging_mixin.py:117} INFO - [2022-10-16T08:32:49.046-0300] {dag.py:3324} INFO - Setting next_dagrun for example_trigger_controller_dag to 2021-01-01T00:00:00+00:00, run_after=2021-01-01T00:00:00+00:00
[2022-10-16T08:32:49.069-0300] {processor.py:178} INFO - Processing /home/renato/Documentos/datapipeline/.env/lib/python3.10/site-packages/airflow/example_dags/example_trigger_controller_dag.py took 0.096 seconds
[2022-10-16T08:33:22.614-0300] {processor.py:156} INFO - Started process (PID=3174) to work on /home/renato/Documentos/datapipeline/.env/lib/python3.10/site-packages/airflow/example_dags/example_trigger_controller_dag.py
[2022-10-16T08:33:22.616-0300] {processor.py:758} INFO - Processing file /home/renato/Documentos/datapipeline/.env/lib/python3.10/site-packages/airflow/example_dags/example_trigger_controller_dag.py for tasks to queue
[2022-10-16T08:33:22.617-0300] {logging_mixin.py:117} INFO - [2022-10-16T08:33:22.617-0300] {dagbag.py:525} INFO - Filling up the DagBag from /home/renato/Documentos/datapipeline/.env/lib/python3.10/site-packages/airflow/example_dags/example_trigger_controller_dag.py
[2022-10-16T08:33:22.636-0300] {processor.py:768} INFO - DAG(s) dict_keys(['example_trigger_controller_dag']) retrieved from /home/renato/Documentos/datapipeline/.env/lib/python3.10/site-packages/airflow/example_dags/example_trigger_controller_dag.py
[2022-10-16T08:33:22.668-0300] {logging_mixin.py:117} INFO - [2022-10-16T08:33:22.668-0300] {dag.py:2573} INFO - Sync 1 DAGs
[2022-10-16T08:33:22.685-0300] {logging_mixin.py:117} INFO - [2022-10-16T08:33:22.685-0300] {dag.py:3324} INFO - Setting next_dagrun for example_trigger_controller_dag to 2021-01-01T00:00:00+00:00, run_after=2021-01-01T00:00:00+00:00
[2022-10-16T08:33:22.712-0300] {processor.py:178} INFO - Processing /home/renato/Documentos/datapipeline/.env/lib/python3.10/site-packages/airflow/example_dags/example_trigger_controller_dag.py took 0.102 seconds
[2022-10-16T08:34:01.513-0300] {processor.py:156} INFO - Started process (PID=3215) to work on /home/renato/Documentos/datapipeline/.env/lib/python3.10/site-packages/airflow/example_dags/example_trigger_controller_dag.py
[2022-10-16T08:34:01.516-0300] {processor.py:758} INFO - Processing file /home/renato/Documentos/datapipeline/.env/lib/python3.10/site-packages/airflow/example_dags/example_trigger_controller_dag.py for tasks to queue
[2022-10-16T08:34:01.518-0300] {logging_mixin.py:117} INFO - [2022-10-16T08:34:01.517-0300] {dagbag.py:525} INFO - Filling up the DagBag from /home/renato/Documentos/datapipeline/.env/lib/python3.10/site-packages/airflow/example_dags/example_trigger_controller_dag.py
[2022-10-16T08:34:01.542-0300] {processor.py:768} INFO - DAG(s) dict_keys(['example_trigger_controller_dag']) retrieved from /home/renato/Documentos/datapipeline/.env/lib/python3.10/site-packages/airflow/example_dags/example_trigger_controller_dag.py
[2022-10-16T08:34:01.569-0300] {logging_mixin.py:117} INFO - [2022-10-16T08:34:01.569-0300] {dag.py:2573} INFO - Sync 1 DAGs
[2022-10-16T08:34:01.590-0300] {logging_mixin.py:117} INFO - [2022-10-16T08:34:01.590-0300] {dag.py:3324} INFO - Setting next_dagrun for example_trigger_controller_dag to 2021-01-01T00:00:00+00:00, run_after=2021-01-01T00:00:00+00:00
[2022-10-16T08:34:01.615-0300] {processor.py:178} INFO - Processing /home/renato/Documentos/datapipeline/.env/lib/python3.10/site-packages/airflow/example_dags/example_trigger_controller_dag.py took 0.107 seconds
[2022-10-16T08:35:20.408-0300] {processor.py:156} INFO - Started process (PID=3356) to work on /home/renato/Documentos/datapipeline/.env/lib/python3.10/site-packages/airflow/example_dags/example_trigger_controller_dag.py
[2022-10-16T08:35:20.412-0300] {processor.py:758} INFO - Processing file /home/renato/Documentos/datapipeline/.env/lib/python3.10/site-packages/airflow/example_dags/example_trigger_controller_dag.py for tasks to queue
[2022-10-16T08:35:20.413-0300] {logging_mixin.py:117} INFO - [2022-10-16T08:35:20.412-0300] {dagbag.py:525} INFO - Filling up the DagBag from /home/renato/Documentos/datapipeline/.env/lib/python3.10/site-packages/airflow/example_dags/example_trigger_controller_dag.py
[2022-10-16T08:35:20.428-0300] {processor.py:768} INFO - DAG(s) dict_keys(['example_trigger_controller_dag']) retrieved from /home/renato/Documentos/datapipeline/.env/lib/python3.10/site-packages/airflow/example_dags/example_trigger_controller_dag.py
[2022-10-16T08:35:20.452-0300] {logging_mixin.py:117} INFO - [2022-10-16T08:35:20.452-0300] {dag.py:2573} INFO - Sync 1 DAGs
[2022-10-16T08:35:20.469-0300] {logging_mixin.py:117} INFO - [2022-10-16T08:35:20.469-0300] {dag.py:3324} INFO - Setting next_dagrun for example_trigger_controller_dag to 2021-01-01T00:00:00+00:00, run_after=2021-01-01T00:00:00+00:00
[2022-10-16T08:35:20.494-0300] {processor.py:178} INFO - Processing /home/renato/Documentos/datapipeline/.env/lib/python3.10/site-packages/airflow/example_dags/example_trigger_controller_dag.py took 0.094 seconds
[2022-10-16T08:36:00.484-0300] {processor.py:156} INFO - Started process (PID=3403) to work on /home/renato/Documentos/datapipeline/.env/lib/python3.10/site-packages/airflow/example_dags/example_trigger_controller_dag.py
[2022-10-16T08:36:00.489-0300] {processor.py:758} INFO - Processing file /home/renato/Documentos/datapipeline/.env/lib/python3.10/site-packages/airflow/example_dags/example_trigger_controller_dag.py for tasks to queue
[2022-10-16T08:36:00.490-0300] {logging_mixin.py:117} INFO - [2022-10-16T08:36:00.490-0300] {dagbag.py:525} INFO - Filling up the DagBag from /home/renato/Documentos/datapipeline/.env/lib/python3.10/site-packages/airflow/example_dags/example_trigger_controller_dag.py
[2022-10-16T08:36:00.500-0300] {processor.py:768} INFO - DAG(s) dict_keys(['example_trigger_controller_dag']) retrieved from /home/renato/Documentos/datapipeline/.env/lib/python3.10/site-packages/airflow/example_dags/example_trigger_controller_dag.py
[2022-10-16T08:36:00.521-0300] {logging_mixin.py:117} INFO - [2022-10-16T08:36:00.521-0300] {dag.py:2573} INFO - Sync 1 DAGs
[2022-10-16T08:36:00.543-0300] {logging_mixin.py:117} INFO - [2022-10-16T08:36:00.543-0300] {dag.py:3324} INFO - Setting next_dagrun for example_trigger_controller_dag to 2021-01-01T00:00:00+00:00, run_after=2021-01-01T00:00:00+00:00
[2022-10-16T08:36:00.571-0300] {processor.py:178} INFO - Processing /home/renato/Documentos/datapipeline/.env/lib/python3.10/site-packages/airflow/example_dags/example_trigger_controller_dag.py took 0.089 seconds
