[2022-10-16T07:18:04.847-0300] {processor.py:156} INFO - Started process (PID=5928) to work on /home/renato/Documentos/datapipeline/.env/lib/python3.10/site-packages/airflow/example_dags/example_kubernetes_executor.py
[2022-10-16T07:18:04.848-0300] {processor.py:758} INFO - Processing file /home/renato/Documentos/datapipeline/.env/lib/python3.10/site-packages/airflow/example_dags/example_kubernetes_executor.py for tasks to queue
[2022-10-16T07:18:04.850-0300] {logging_mixin.py:117} INFO - [2022-10-16T07:18:04.849-0300] {dagbag.py:525} INFO - Filling up the DagBag from /home/renato/Documentos/datapipeline/.env/lib/python3.10/site-packages/airflow/example_dags/example_kubernetes_executor.py
[2022-10-16T07:18:04.875-0300] {logging_mixin.py:117} INFO - [2022-10-16T07:18:04.875-0300] {example_kubernetes_executor.py:41} WARNING - The example_kubernetes_executor example DAG requires the kubernetes provider. Please install it with: pip install apache-airflow[cncf.kubernetes]
[2022-10-16T07:18:04.875-0300] {processor.py:770} WARNING - No viable dags retrieved from /home/renato/Documentos/datapipeline/.env/lib/python3.10/site-packages/airflow/example_dags/example_kubernetes_executor.py
[2022-10-16T07:18:04.882-0300] {processor.py:178} INFO - Processing /home/renato/Documentos/datapipeline/.env/lib/python3.10/site-packages/airflow/example_dags/example_kubernetes_executor.py took 0.041 seconds
[2022-10-16T07:18:44.259-0300] {processor.py:156} INFO - Started process (PID=6002) to work on /home/renato/Documentos/datapipeline/.env/lib/python3.10/site-packages/airflow/example_dags/example_kubernetes_executor.py
[2022-10-16T07:18:44.263-0300] {processor.py:758} INFO - Processing file /home/renato/Documentos/datapipeline/.env/lib/python3.10/site-packages/airflow/example_dags/example_kubernetes_executor.py for tasks to queue
[2022-10-16T07:18:44.264-0300] {logging_mixin.py:117} INFO - [2022-10-16T07:18:44.264-0300] {dagbag.py:525} INFO - Filling up the DagBag from /home/renato/Documentos/datapipeline/.env/lib/python3.10/site-packages/airflow/example_dags/example_kubernetes_executor.py
[2022-10-16T07:18:44.276-0300] {logging_mixin.py:117} INFO - [2022-10-16T07:18:44.276-0300] {example_kubernetes_executor.py:41} WARNING - The example_kubernetes_executor example DAG requires the kubernetes provider. Please install it with: pip install apache-airflow[cncf.kubernetes]
[2022-10-16T07:18:44.277-0300] {processor.py:770} WARNING - No viable dags retrieved from /home/renato/Documentos/datapipeline/.env/lib/python3.10/site-packages/airflow/example_dags/example_kubernetes_executor.py
[2022-10-16T07:18:44.283-0300] {processor.py:178} INFO - Processing /home/renato/Documentos/datapipeline/.env/lib/python3.10/site-packages/airflow/example_dags/example_kubernetes_executor.py took 0.027 seconds
[2022-10-16T07:19:23.018-0300] {processor.py:156} INFO - Started process (PID=6068) to work on /home/renato/Documentos/datapipeline/.env/lib/python3.10/site-packages/airflow/example_dags/example_kubernetes_executor.py
[2022-10-16T07:19:23.020-0300] {processor.py:758} INFO - Processing file /home/renato/Documentos/datapipeline/.env/lib/python3.10/site-packages/airflow/example_dags/example_kubernetes_executor.py for tasks to queue
[2022-10-16T07:19:23.021-0300] {logging_mixin.py:117} INFO - [2022-10-16T07:19:23.021-0300] {dagbag.py:525} INFO - Filling up the DagBag from /home/renato/Documentos/datapipeline/.env/lib/python3.10/site-packages/airflow/example_dags/example_kubernetes_executor.py
[2022-10-16T07:19:23.033-0300] {logging_mixin.py:117} INFO - [2022-10-16T07:19:23.033-0300] {example_kubernetes_executor.py:41} WARNING - The example_kubernetes_executor example DAG requires the kubernetes provider. Please install it with: pip install apache-airflow[cncf.kubernetes]
[2022-10-16T07:19:23.033-0300] {processor.py:770} WARNING - No viable dags retrieved from /home/renato/Documentos/datapipeline/.env/lib/python3.10/site-packages/airflow/example_dags/example_kubernetes_executor.py
[2022-10-16T07:19:23.041-0300] {processor.py:178} INFO - Processing /home/renato/Documentos/datapipeline/.env/lib/python3.10/site-packages/airflow/example_dags/example_kubernetes_executor.py took 0.025 seconds
[2022-10-16T07:20:00.974-0300] {processor.py:156} INFO - Started process (PID=6178) to work on /home/renato/Documentos/datapipeline/.env/lib/python3.10/site-packages/airflow/example_dags/example_kubernetes_executor.py
[2022-10-16T07:20:00.979-0300] {processor.py:758} INFO - Processing file /home/renato/Documentos/datapipeline/.env/lib/python3.10/site-packages/airflow/example_dags/example_kubernetes_executor.py for tasks to queue
[2022-10-16T07:20:00.979-0300] {logging_mixin.py:117} INFO - [2022-10-16T07:20:00.979-0300] {dagbag.py:525} INFO - Filling up the DagBag from /home/renato/Documentos/datapipeline/.env/lib/python3.10/site-packages/airflow/example_dags/example_kubernetes_executor.py
[2022-10-16T07:20:00.996-0300] {logging_mixin.py:117} INFO - [2022-10-16T07:20:00.996-0300] {example_kubernetes_executor.py:41} WARNING - The example_kubernetes_executor example DAG requires the kubernetes provider. Please install it with: pip install apache-airflow[cncf.kubernetes]
[2022-10-16T07:20:00.996-0300] {processor.py:770} WARNING - No viable dags retrieved from /home/renato/Documentos/datapipeline/.env/lib/python3.10/site-packages/airflow/example_dags/example_kubernetes_executor.py
[2022-10-16T07:20:01.003-0300] {processor.py:178} INFO - Processing /home/renato/Documentos/datapipeline/.env/lib/python3.10/site-packages/airflow/example_dags/example_kubernetes_executor.py took 0.034 seconds
[2022-10-16T07:20:39.810-0300] {processor.py:156} INFO - Started process (PID=6364) to work on /home/renato/Documentos/datapipeline/.env/lib/python3.10/site-packages/airflow/example_dags/example_kubernetes_executor.py
[2022-10-16T07:20:39.812-0300] {processor.py:758} INFO - Processing file /home/renato/Documentos/datapipeline/.env/lib/python3.10/site-packages/airflow/example_dags/example_kubernetes_executor.py for tasks to queue
[2022-10-16T07:20:39.813-0300] {logging_mixin.py:117} INFO - [2022-10-16T07:20:39.813-0300] {dagbag.py:525} INFO - Filling up the DagBag from /home/renato/Documentos/datapipeline/.env/lib/python3.10/site-packages/airflow/example_dags/example_kubernetes_executor.py
[2022-10-16T07:20:39.826-0300] {logging_mixin.py:117} INFO - [2022-10-16T07:20:39.826-0300] {example_kubernetes_executor.py:41} WARNING - The example_kubernetes_executor example DAG requires the kubernetes provider. Please install it with: pip install apache-airflow[cncf.kubernetes]
[2022-10-16T07:20:39.826-0300] {processor.py:770} WARNING - No viable dags retrieved from /home/renato/Documentos/datapipeline/.env/lib/python3.10/site-packages/airflow/example_dags/example_kubernetes_executor.py
[2022-10-16T07:20:39.833-0300] {processor.py:178} INFO - Processing /home/renato/Documentos/datapipeline/.env/lib/python3.10/site-packages/airflow/example_dags/example_kubernetes_executor.py took 0.027 seconds
[2022-10-16T07:21:16.142-0300] {processor.py:156} INFO - Started process (PID=6431) to work on /home/renato/Documentos/datapipeline/.env/lib/python3.10/site-packages/airflow/example_dags/example_kubernetes_executor.py
[2022-10-16T07:21:16.145-0300] {processor.py:758} INFO - Processing file /home/renato/Documentos/datapipeline/.env/lib/python3.10/site-packages/airflow/example_dags/example_kubernetes_executor.py for tasks to queue
[2022-10-16T07:21:16.146-0300] {logging_mixin.py:117} INFO - [2022-10-16T07:21:16.145-0300] {dagbag.py:525} INFO - Filling up the DagBag from /home/renato/Documentos/datapipeline/.env/lib/python3.10/site-packages/airflow/example_dags/example_kubernetes_executor.py
[2022-10-16T07:21:16.160-0300] {logging_mixin.py:117} INFO - [2022-10-16T07:21:16.160-0300] {example_kubernetes_executor.py:41} WARNING - The example_kubernetes_executor example DAG requires the kubernetes provider. Please install it with: pip install apache-airflow[cncf.kubernetes]
[2022-10-16T07:21:16.160-0300] {processor.py:770} WARNING - No viable dags retrieved from /home/renato/Documentos/datapipeline/.env/lib/python3.10/site-packages/airflow/example_dags/example_kubernetes_executor.py
[2022-10-16T07:21:16.168-0300] {processor.py:178} INFO - Processing /home/renato/Documentos/datapipeline/.env/lib/python3.10/site-packages/airflow/example_dags/example_kubernetes_executor.py took 0.030 seconds
[2022-10-16T07:22:00.183-0300] {processor.py:156} INFO - Started process (PID=6513) to work on /home/renato/Documentos/datapipeline/.env/lib/python3.10/site-packages/airflow/example_dags/example_kubernetes_executor.py
[2022-10-16T07:22:00.193-0300] {processor.py:758} INFO - Processing file /home/renato/Documentos/datapipeline/.env/lib/python3.10/site-packages/airflow/example_dags/example_kubernetes_executor.py for tasks to queue
[2022-10-16T07:22:00.194-0300] {logging_mixin.py:117} INFO - [2022-10-16T07:22:00.194-0300] {dagbag.py:525} INFO - Filling up the DagBag from /home/renato/Documentos/datapipeline/.env/lib/python3.10/site-packages/airflow/example_dags/example_kubernetes_executor.py
[2022-10-16T07:22:00.213-0300] {logging_mixin.py:117} INFO - [2022-10-16T07:22:00.213-0300] {example_kubernetes_executor.py:41} WARNING - The example_kubernetes_executor example DAG requires the kubernetes provider. Please install it with: pip install apache-airflow[cncf.kubernetes]
[2022-10-16T07:22:00.213-0300] {processor.py:770} WARNING - No viable dags retrieved from /home/renato/Documentos/datapipeline/.env/lib/python3.10/site-packages/airflow/example_dags/example_kubernetes_executor.py
[2022-10-16T07:22:00.222-0300] {processor.py:178} INFO - Processing /home/renato/Documentos/datapipeline/.env/lib/python3.10/site-packages/airflow/example_dags/example_kubernetes_executor.py took 0.045 seconds
[2022-10-16T07:22:41.678-0300] {processor.py:156} INFO - Started process (PID=6586) to work on /home/renato/Documentos/datapipeline/.env/lib/python3.10/site-packages/airflow/example_dags/example_kubernetes_executor.py
[2022-10-16T07:22:41.681-0300] {processor.py:758} INFO - Processing file /home/renato/Documentos/datapipeline/.env/lib/python3.10/site-packages/airflow/example_dags/example_kubernetes_executor.py for tasks to queue
[2022-10-16T07:22:41.681-0300] {logging_mixin.py:117} INFO - [2022-10-16T07:22:41.681-0300] {dagbag.py:525} INFO - Filling up the DagBag from /home/renato/Documentos/datapipeline/.env/lib/python3.10/site-packages/airflow/example_dags/example_kubernetes_executor.py
[2022-10-16T07:22:41.694-0300] {logging_mixin.py:117} INFO - [2022-10-16T07:22:41.693-0300] {example_kubernetes_executor.py:41} WARNING - The example_kubernetes_executor example DAG requires the kubernetes provider. Please install it with: pip install apache-airflow[cncf.kubernetes]
[2022-10-16T07:22:41.694-0300] {processor.py:770} WARNING - No viable dags retrieved from /home/renato/Documentos/datapipeline/.env/lib/python3.10/site-packages/airflow/example_dags/example_kubernetes_executor.py
[2022-10-16T07:22:41.701-0300] {processor.py:178} INFO - Processing /home/renato/Documentos/datapipeline/.env/lib/python3.10/site-packages/airflow/example_dags/example_kubernetes_executor.py took 0.026 seconds
[2022-10-16T07:23:19.178-0300] {processor.py:156} INFO - Started process (PID=6648) to work on /home/renato/Documentos/datapipeline/.env/lib/python3.10/site-packages/airflow/example_dags/example_kubernetes_executor.py
[2022-10-16T07:23:19.180-0300] {processor.py:758} INFO - Processing file /home/renato/Documentos/datapipeline/.env/lib/python3.10/site-packages/airflow/example_dags/example_kubernetes_executor.py for tasks to queue
[2022-10-16T07:23:19.181-0300] {logging_mixin.py:117} INFO - [2022-10-16T07:23:19.181-0300] {dagbag.py:525} INFO - Filling up the DagBag from /home/renato/Documentos/datapipeline/.env/lib/python3.10/site-packages/airflow/example_dags/example_kubernetes_executor.py
[2022-10-16T07:23:19.194-0300] {logging_mixin.py:117} INFO - [2022-10-16T07:23:19.194-0300] {example_kubernetes_executor.py:41} WARNING - The example_kubernetes_executor example DAG requires the kubernetes provider. Please install it with: pip install apache-airflow[cncf.kubernetes]
[2022-10-16T07:23:19.195-0300] {processor.py:770} WARNING - No viable dags retrieved from /home/renato/Documentos/datapipeline/.env/lib/python3.10/site-packages/airflow/example_dags/example_kubernetes_executor.py
[2022-10-16T07:23:19.202-0300] {processor.py:178} INFO - Processing /home/renato/Documentos/datapipeline/.env/lib/python3.10/site-packages/airflow/example_dags/example_kubernetes_executor.py took 0.028 seconds
[2022-10-16T07:23:55.365-0300] {processor.py:156} INFO - Started process (PID=6715) to work on /home/renato/Documentos/datapipeline/.env/lib/python3.10/site-packages/airflow/example_dags/example_kubernetes_executor.py
[2022-10-16T07:23:55.367-0300] {processor.py:758} INFO - Processing file /home/renato/Documentos/datapipeline/.env/lib/python3.10/site-packages/airflow/example_dags/example_kubernetes_executor.py for tasks to queue
[2022-10-16T07:23:55.367-0300] {logging_mixin.py:117} INFO - [2022-10-16T07:23:55.367-0300] {dagbag.py:525} INFO - Filling up the DagBag from /home/renato/Documentos/datapipeline/.env/lib/python3.10/site-packages/airflow/example_dags/example_kubernetes_executor.py
[2022-10-16T07:23:55.381-0300] {logging_mixin.py:117} INFO - [2022-10-16T07:23:55.381-0300] {example_kubernetes_executor.py:41} WARNING - The example_kubernetes_executor example DAG requires the kubernetes provider. Please install it with: pip install apache-airflow[cncf.kubernetes]
[2022-10-16T07:23:55.381-0300] {processor.py:770} WARNING - No viable dags retrieved from /home/renato/Documentos/datapipeline/.env/lib/python3.10/site-packages/airflow/example_dags/example_kubernetes_executor.py
[2022-10-16T07:23:55.389-0300] {processor.py:178} INFO - Processing /home/renato/Documentos/datapipeline/.env/lib/python3.10/site-packages/airflow/example_dags/example_kubernetes_executor.py took 0.027 seconds
[2022-10-16T07:24:35.392-0300] {processor.py:156} INFO - Started process (PID=6798) to work on /home/renato/Documentos/datapipeline/.env/lib/python3.10/site-packages/airflow/example_dags/example_kubernetes_executor.py
[2022-10-16T07:24:35.395-0300] {processor.py:758} INFO - Processing file /home/renato/Documentos/datapipeline/.env/lib/python3.10/site-packages/airflow/example_dags/example_kubernetes_executor.py for tasks to queue
[2022-10-16T07:24:35.396-0300] {logging_mixin.py:117} INFO - [2022-10-16T07:24:35.396-0300] {dagbag.py:525} INFO - Filling up the DagBag from /home/renato/Documentos/datapipeline/.env/lib/python3.10/site-packages/airflow/example_dags/example_kubernetes_executor.py
[2022-10-16T07:24:35.416-0300] {logging_mixin.py:117} INFO - [2022-10-16T07:24:35.415-0300] {example_kubernetes_executor.py:41} WARNING - The example_kubernetes_executor example DAG requires the kubernetes provider. Please install it with: pip install apache-airflow[cncf.kubernetes]
[2022-10-16T07:24:35.416-0300] {processor.py:770} WARNING - No viable dags retrieved from /home/renato/Documentos/datapipeline/.env/lib/python3.10/site-packages/airflow/example_dags/example_kubernetes_executor.py
[2022-10-16T07:24:35.423-0300] {processor.py:178} INFO - Processing /home/renato/Documentos/datapipeline/.env/lib/python3.10/site-packages/airflow/example_dags/example_kubernetes_executor.py took 0.036 seconds
[2022-10-16T07:25:14.393-0300] {processor.py:156} INFO - Started process (PID=6858) to work on /home/renato/Documentos/datapipeline/.env/lib/python3.10/site-packages/airflow/example_dags/example_kubernetes_executor.py
[2022-10-16T07:25:14.395-0300] {processor.py:758} INFO - Processing file /home/renato/Documentos/datapipeline/.env/lib/python3.10/site-packages/airflow/example_dags/example_kubernetes_executor.py for tasks to queue
[2022-10-16T07:25:14.396-0300] {logging_mixin.py:117} INFO - [2022-10-16T07:25:14.396-0300] {dagbag.py:525} INFO - Filling up the DagBag from /home/renato/Documentos/datapipeline/.env/lib/python3.10/site-packages/airflow/example_dags/example_kubernetes_executor.py
[2022-10-16T07:25:14.410-0300] {logging_mixin.py:117} INFO - [2022-10-16T07:25:14.410-0300] {example_kubernetes_executor.py:41} WARNING - The example_kubernetes_executor example DAG requires the kubernetes provider. Please install it with: pip install apache-airflow[cncf.kubernetes]
[2022-10-16T07:25:14.410-0300] {processor.py:770} WARNING - No viable dags retrieved from /home/renato/Documentos/datapipeline/.env/lib/python3.10/site-packages/airflow/example_dags/example_kubernetes_executor.py
[2022-10-16T07:25:14.418-0300] {processor.py:178} INFO - Processing /home/renato/Documentos/datapipeline/.env/lib/python3.10/site-packages/airflow/example_dags/example_kubernetes_executor.py took 0.027 seconds
[2022-10-16T07:25:51.036-0300] {processor.py:156} INFO - Started process (PID=7054) to work on /home/renato/Documentos/datapipeline/.env/lib/python3.10/site-packages/airflow/example_dags/example_kubernetes_executor.py
[2022-10-16T07:25:51.041-0300] {processor.py:758} INFO - Processing file /home/renato/Documentos/datapipeline/.env/lib/python3.10/site-packages/airflow/example_dags/example_kubernetes_executor.py for tasks to queue
[2022-10-16T07:25:51.041-0300] {logging_mixin.py:117} INFO - [2022-10-16T07:25:51.041-0300] {dagbag.py:525} INFO - Filling up the DagBag from /home/renato/Documentos/datapipeline/.env/lib/python3.10/site-packages/airflow/example_dags/example_kubernetes_executor.py
[2022-10-16T07:25:51.054-0300] {logging_mixin.py:117} INFO - [2022-10-16T07:25:51.054-0300] {example_kubernetes_executor.py:41} WARNING - The example_kubernetes_executor example DAG requires the kubernetes provider. Please install it with: pip install apache-airflow[cncf.kubernetes]
[2022-10-16T07:25:51.054-0300] {processor.py:770} WARNING - No viable dags retrieved from /home/renato/Documentos/datapipeline/.env/lib/python3.10/site-packages/airflow/example_dags/example_kubernetes_executor.py
[2022-10-16T07:25:51.061-0300] {processor.py:178} INFO - Processing /home/renato/Documentos/datapipeline/.env/lib/python3.10/site-packages/airflow/example_dags/example_kubernetes_executor.py took 0.027 seconds
[2022-10-16T07:26:34.255-0300] {processor.py:156} INFO - Started process (PID=7141) to work on /home/renato/Documentos/datapipeline/.env/lib/python3.10/site-packages/airflow/example_dags/example_kubernetes_executor.py
[2022-10-16T07:26:34.258-0300] {processor.py:758} INFO - Processing file /home/renato/Documentos/datapipeline/.env/lib/python3.10/site-packages/airflow/example_dags/example_kubernetes_executor.py for tasks to queue
[2022-10-16T07:26:34.259-0300] {logging_mixin.py:117} INFO - [2022-10-16T07:26:34.259-0300] {dagbag.py:525} INFO - Filling up the DagBag from /home/renato/Documentos/datapipeline/.env/lib/python3.10/site-packages/airflow/example_dags/example_kubernetes_executor.py
[2022-10-16T07:26:34.279-0300] {logging_mixin.py:117} INFO - [2022-10-16T07:26:34.279-0300] {example_kubernetes_executor.py:41} WARNING - The example_kubernetes_executor example DAG requires the kubernetes provider. Please install it with: pip install apache-airflow[cncf.kubernetes]
[2022-10-16T07:26:34.279-0300] {processor.py:770} WARNING - No viable dags retrieved from /home/renato/Documentos/datapipeline/.env/lib/python3.10/site-packages/airflow/example_dags/example_kubernetes_executor.py
[2022-10-16T07:26:34.289-0300] {processor.py:178} INFO - Processing /home/renato/Documentos/datapipeline/.env/lib/python3.10/site-packages/airflow/example_dags/example_kubernetes_executor.py took 0.037 seconds
[2022-10-16T07:27:16.548-0300] {processor.py:156} INFO - Started process (PID=7216) to work on /home/renato/Documentos/datapipeline/.env/lib/python3.10/site-packages/airflow/example_dags/example_kubernetes_executor.py
[2022-10-16T07:27:16.552-0300] {processor.py:758} INFO - Processing file /home/renato/Documentos/datapipeline/.env/lib/python3.10/site-packages/airflow/example_dags/example_kubernetes_executor.py for tasks to queue
[2022-10-16T07:27:16.553-0300] {logging_mixin.py:117} INFO - [2022-10-16T07:27:16.553-0300] {dagbag.py:525} INFO - Filling up the DagBag from /home/renato/Documentos/datapipeline/.env/lib/python3.10/site-packages/airflow/example_dags/example_kubernetes_executor.py
[2022-10-16T07:27:16.565-0300] {logging_mixin.py:117} INFO - [2022-10-16T07:27:16.565-0300] {example_kubernetes_executor.py:41} WARNING - The example_kubernetes_executor example DAG requires the kubernetes provider. Please install it with: pip install apache-airflow[cncf.kubernetes]
[2022-10-16T07:27:16.566-0300] {processor.py:770} WARNING - No viable dags retrieved from /home/renato/Documentos/datapipeline/.env/lib/python3.10/site-packages/airflow/example_dags/example_kubernetes_executor.py
[2022-10-16T07:27:16.573-0300] {processor.py:178} INFO - Processing /home/renato/Documentos/datapipeline/.env/lib/python3.10/site-packages/airflow/example_dags/example_kubernetes_executor.py took 0.028 seconds
[2022-10-16T07:27:57.519-0300] {processor.py:156} INFO - Started process (PID=7287) to work on /home/renato/Documentos/datapipeline/.env/lib/python3.10/site-packages/airflow/example_dags/example_kubernetes_executor.py
[2022-10-16T07:27:57.521-0300] {processor.py:758} INFO - Processing file /home/renato/Documentos/datapipeline/.env/lib/python3.10/site-packages/airflow/example_dags/example_kubernetes_executor.py for tasks to queue
[2022-10-16T07:27:57.521-0300] {logging_mixin.py:117} INFO - [2022-10-16T07:27:57.521-0300] {dagbag.py:525} INFO - Filling up the DagBag from /home/renato/Documentos/datapipeline/.env/lib/python3.10/site-packages/airflow/example_dags/example_kubernetes_executor.py
[2022-10-16T07:27:57.535-0300] {logging_mixin.py:117} INFO - [2022-10-16T07:27:57.535-0300] {example_kubernetes_executor.py:41} WARNING - The example_kubernetes_executor example DAG requires the kubernetes provider. Please install it with: pip install apache-airflow[cncf.kubernetes]
[2022-10-16T07:27:57.536-0300] {processor.py:770} WARNING - No viable dags retrieved from /home/renato/Documentos/datapipeline/.env/lib/python3.10/site-packages/airflow/example_dags/example_kubernetes_executor.py
[2022-10-16T07:27:57.543-0300] {processor.py:178} INFO - Processing /home/renato/Documentos/datapipeline/.env/lib/python3.10/site-packages/airflow/example_dags/example_kubernetes_executor.py took 0.027 seconds
[2022-10-16T07:28:41.658-0300] {processor.py:156} INFO - Started process (PID=7365) to work on /home/renato/Documentos/datapipeline/.env/lib/python3.10/site-packages/airflow/example_dags/example_kubernetes_executor.py
[2022-10-16T07:28:41.661-0300] {processor.py:758} INFO - Processing file /home/renato/Documentos/datapipeline/.env/lib/python3.10/site-packages/airflow/example_dags/example_kubernetes_executor.py for tasks to queue
[2022-10-16T07:28:41.662-0300] {logging_mixin.py:117} INFO - [2022-10-16T07:28:41.662-0300] {dagbag.py:525} INFO - Filling up the DagBag from /home/renato/Documentos/datapipeline/.env/lib/python3.10/site-packages/airflow/example_dags/example_kubernetes_executor.py
[2022-10-16T07:28:41.690-0300] {logging_mixin.py:117} INFO - [2022-10-16T07:28:41.690-0300] {example_kubernetes_executor.py:41} WARNING - The example_kubernetes_executor example DAG requires the kubernetes provider. Please install it with: pip install apache-airflow[cncf.kubernetes]
[2022-10-16T07:28:41.690-0300] {processor.py:770} WARNING - No viable dags retrieved from /home/renato/Documentos/datapipeline/.env/lib/python3.10/site-packages/airflow/example_dags/example_kubernetes_executor.py
[2022-10-16T07:28:41.706-0300] {processor.py:178} INFO - Processing /home/renato/Documentos/datapipeline/.env/lib/python3.10/site-packages/airflow/example_dags/example_kubernetes_executor.py took 0.050 seconds
[2022-10-16T07:29:27.126-0300] {processor.py:156} INFO - Started process (PID=7454) to work on /home/renato/Documentos/datapipeline/.env/lib/python3.10/site-packages/airflow/example_dags/example_kubernetes_executor.py
[2022-10-16T07:29:27.128-0300] {processor.py:758} INFO - Processing file /home/renato/Documentos/datapipeline/.env/lib/python3.10/site-packages/airflow/example_dags/example_kubernetes_executor.py for tasks to queue
[2022-10-16T07:29:27.129-0300] {logging_mixin.py:117} INFO - [2022-10-16T07:29:27.129-0300] {dagbag.py:525} INFO - Filling up the DagBag from /home/renato/Documentos/datapipeline/.env/lib/python3.10/site-packages/airflow/example_dags/example_kubernetes_executor.py
[2022-10-16T07:29:27.142-0300] {logging_mixin.py:117} INFO - [2022-10-16T07:29:27.142-0300] {example_kubernetes_executor.py:41} WARNING - The example_kubernetes_executor example DAG requires the kubernetes provider. Please install it with: pip install apache-airflow[cncf.kubernetes]
[2022-10-16T07:29:27.143-0300] {processor.py:770} WARNING - No viable dags retrieved from /home/renato/Documentos/datapipeline/.env/lib/python3.10/site-packages/airflow/example_dags/example_kubernetes_executor.py
[2022-10-16T07:29:27.151-0300] {processor.py:178} INFO - Processing /home/renato/Documentos/datapipeline/.env/lib/python3.10/site-packages/airflow/example_dags/example_kubernetes_executor.py took 0.027 seconds
[2022-10-16T07:30:17.618-0300] {processor.py:156} INFO - Started process (PID=7558) to work on /home/renato/Documentos/datapipeline/.env/lib/python3.10/site-packages/airflow/example_dags/example_kubernetes_executor.py
[2022-10-16T07:30:17.619-0300] {processor.py:758} INFO - Processing file /home/renato/Documentos/datapipeline/.env/lib/python3.10/site-packages/airflow/example_dags/example_kubernetes_executor.py for tasks to queue
[2022-10-16T07:30:17.619-0300] {logging_mixin.py:117} INFO - [2022-10-16T07:30:17.619-0300] {dagbag.py:525} INFO - Filling up the DagBag from /home/renato/Documentos/datapipeline/.env/lib/python3.10/site-packages/airflow/example_dags/example_kubernetes_executor.py
[2022-10-16T07:30:17.635-0300] {logging_mixin.py:117} INFO - [2022-10-16T07:30:17.635-0300] {example_kubernetes_executor.py:41} WARNING - The example_kubernetes_executor example DAG requires the kubernetes provider. Please install it with: pip install apache-airflow[cncf.kubernetes]
[2022-10-16T07:30:17.635-0300] {processor.py:770} WARNING - No viable dags retrieved from /home/renato/Documentos/datapipeline/.env/lib/python3.10/site-packages/airflow/example_dags/example_kubernetes_executor.py
[2022-10-16T07:30:17.642-0300] {processor.py:178} INFO - Processing /home/renato/Documentos/datapipeline/.env/lib/python3.10/site-packages/airflow/example_dags/example_kubernetes_executor.py took 0.027 seconds
[2022-10-16T07:31:55.519-0300] {processor.py:156} INFO - Started process (PID=7917) to work on /home/renato/Documentos/datapipeline/.env/lib/python3.10/site-packages/airflow/example_dags/example_kubernetes_executor.py
[2022-10-16T07:31:55.520-0300] {processor.py:758} INFO - Processing file /home/renato/Documentos/datapipeline/.env/lib/python3.10/site-packages/airflow/example_dags/example_kubernetes_executor.py for tasks to queue
[2022-10-16T07:31:55.521-0300] {logging_mixin.py:117} INFO - [2022-10-16T07:31:55.521-0300] {dagbag.py:525} INFO - Filling up the DagBag from /home/renato/Documentos/datapipeline/.env/lib/python3.10/site-packages/airflow/example_dags/example_kubernetes_executor.py
[2022-10-16T07:31:55.534-0300] {logging_mixin.py:117} INFO - [2022-10-16T07:31:55.534-0300] {example_kubernetes_executor.py:41} WARNING - The example_kubernetes_executor example DAG requires the kubernetes provider. Please install it with: pip install apache-airflow[cncf.kubernetes]
[2022-10-16T07:31:55.534-0300] {processor.py:770} WARNING - No viable dags retrieved from /home/renato/Documentos/datapipeline/.env/lib/python3.10/site-packages/airflow/example_dags/example_kubernetes_executor.py
[2022-10-16T07:31:55.541-0300] {processor.py:178} INFO - Processing /home/renato/Documentos/datapipeline/.env/lib/python3.10/site-packages/airflow/example_dags/example_kubernetes_executor.py took 0.025 seconds
[2022-10-16T08:30:53.341-0300] {processor.py:156} INFO - Started process (PID=2588) to work on /home/renato/Documentos/datapipeline/.env/lib/python3.10/site-packages/airflow/example_dags/example_kubernetes_executor.py
[2022-10-16T08:30:53.347-0300] {processor.py:758} INFO - Processing file /home/renato/Documentos/datapipeline/.env/lib/python3.10/site-packages/airflow/example_dags/example_kubernetes_executor.py for tasks to queue
[2022-10-16T08:30:53.348-0300] {logging_mixin.py:117} INFO - [2022-10-16T08:30:53.347-0300] {dagbag.py:525} INFO - Filling up the DagBag from /home/renato/Documentos/datapipeline/.env/lib/python3.10/site-packages/airflow/example_dags/example_kubernetes_executor.py
[2022-10-16T08:30:53.365-0300] {logging_mixin.py:117} INFO - [2022-10-16T08:30:53.365-0300] {example_kubernetes_executor.py:41} WARNING - The example_kubernetes_executor example DAG requires the kubernetes provider. Please install it with: pip install apache-airflow[cncf.kubernetes]
[2022-10-16T08:30:53.366-0300] {processor.py:770} WARNING - No viable dags retrieved from /home/renato/Documentos/datapipeline/.env/lib/python3.10/site-packages/airflow/example_dags/example_kubernetes_executor.py
[2022-10-16T08:30:53.374-0300] {processor.py:178} INFO - Processing /home/renato/Documentos/datapipeline/.env/lib/python3.10/site-packages/airflow/example_dags/example_kubernetes_executor.py took 0.037 seconds
[2022-10-16T08:31:33.266-0300] {processor.py:156} INFO - Started process (PID=2646) to work on /home/renato/Documentos/datapipeline/.env/lib/python3.10/site-packages/airflow/example_dags/example_kubernetes_executor.py
[2022-10-16T08:31:33.268-0300] {processor.py:758} INFO - Processing file /home/renato/Documentos/datapipeline/.env/lib/python3.10/site-packages/airflow/example_dags/example_kubernetes_executor.py for tasks to queue
[2022-10-16T08:31:33.269-0300] {logging_mixin.py:117} INFO - [2022-10-16T08:31:33.269-0300] {dagbag.py:525} INFO - Filling up the DagBag from /home/renato/Documentos/datapipeline/.env/lib/python3.10/site-packages/airflow/example_dags/example_kubernetes_executor.py
[2022-10-16T08:31:33.288-0300] {logging_mixin.py:117} INFO - [2022-10-16T08:31:33.288-0300] {example_kubernetes_executor.py:41} WARNING - The example_kubernetes_executor example DAG requires the kubernetes provider. Please install it with: pip install apache-airflow[cncf.kubernetes]
[2022-10-16T08:31:33.289-0300] {processor.py:770} WARNING - No viable dags retrieved from /home/renato/Documentos/datapipeline/.env/lib/python3.10/site-packages/airflow/example_dags/example_kubernetes_executor.py
[2022-10-16T08:31:33.296-0300] {processor.py:178} INFO - Processing /home/renato/Documentos/datapipeline/.env/lib/python3.10/site-packages/airflow/example_dags/example_kubernetes_executor.py took 0.035 seconds
[2022-10-16T08:32:13.671-0300] {processor.py:156} INFO - Started process (PID=2698) to work on /home/renato/Documentos/datapipeline/.env/lib/python3.10/site-packages/airflow/example_dags/example_kubernetes_executor.py
[2022-10-16T08:32:13.674-0300] {processor.py:758} INFO - Processing file /home/renato/Documentos/datapipeline/.env/lib/python3.10/site-packages/airflow/example_dags/example_kubernetes_executor.py for tasks to queue
[2022-10-16T08:32:13.675-0300] {logging_mixin.py:117} INFO - [2022-10-16T08:32:13.675-0300] {dagbag.py:525} INFO - Filling up the DagBag from /home/renato/Documentos/datapipeline/.env/lib/python3.10/site-packages/airflow/example_dags/example_kubernetes_executor.py
[2022-10-16T08:32:13.691-0300] {logging_mixin.py:117} INFO - [2022-10-16T08:32:13.691-0300] {example_kubernetes_executor.py:41} WARNING - The example_kubernetes_executor example DAG requires the kubernetes provider. Please install it with: pip install apache-airflow[cncf.kubernetes]
[2022-10-16T08:32:13.692-0300] {processor.py:770} WARNING - No viable dags retrieved from /home/renato/Documentos/datapipeline/.env/lib/python3.10/site-packages/airflow/example_dags/example_kubernetes_executor.py
[2022-10-16T08:32:13.703-0300] {processor.py:178} INFO - Processing /home/renato/Documentos/datapipeline/.env/lib/python3.10/site-packages/airflow/example_dags/example_kubernetes_executor.py took 0.034 seconds
[2022-10-16T08:32:51.410-0300] {processor.py:156} INFO - Started process (PID=3145) to work on /home/renato/Documentos/datapipeline/.env/lib/python3.10/site-packages/airflow/example_dags/example_kubernetes_executor.py
[2022-10-16T08:32:51.412-0300] {processor.py:758} INFO - Processing file /home/renato/Documentos/datapipeline/.env/lib/python3.10/site-packages/airflow/example_dags/example_kubernetes_executor.py for tasks to queue
[2022-10-16T08:32:51.413-0300] {logging_mixin.py:117} INFO - [2022-10-16T08:32:51.413-0300] {dagbag.py:525} INFO - Filling up the DagBag from /home/renato/Documentos/datapipeline/.env/lib/python3.10/site-packages/airflow/example_dags/example_kubernetes_executor.py
[2022-10-16T08:32:51.438-0300] {logging_mixin.py:117} INFO - [2022-10-16T08:32:51.438-0300] {example_kubernetes_executor.py:41} WARNING - The example_kubernetes_executor example DAG requires the kubernetes provider. Please install it with: pip install apache-airflow[cncf.kubernetes]
[2022-10-16T08:32:51.439-0300] {processor.py:770} WARNING - No viable dags retrieved from /home/renato/Documentos/datapipeline/.env/lib/python3.10/site-packages/airflow/example_dags/example_kubernetes_executor.py
[2022-10-16T08:32:51.452-0300] {processor.py:178} INFO - Processing /home/renato/Documentos/datapipeline/.env/lib/python3.10/site-packages/airflow/example_dags/example_kubernetes_executor.py took 0.047 seconds
[2022-10-16T08:33:29.183-0300] {processor.py:156} INFO - Started process (PID=3182) to work on /home/renato/Documentos/datapipeline/.env/lib/python3.10/site-packages/airflow/example_dags/example_kubernetes_executor.py
[2022-10-16T08:33:29.186-0300] {processor.py:758} INFO - Processing file /home/renato/Documentos/datapipeline/.env/lib/python3.10/site-packages/airflow/example_dags/example_kubernetes_executor.py for tasks to queue
[2022-10-16T08:33:29.186-0300] {logging_mixin.py:117} INFO - [2022-10-16T08:33:29.186-0300] {dagbag.py:525} INFO - Filling up the DagBag from /home/renato/Documentos/datapipeline/.env/lib/python3.10/site-packages/airflow/example_dags/example_kubernetes_executor.py
[2022-10-16T08:33:29.199-0300] {logging_mixin.py:117} INFO - [2022-10-16T08:33:29.199-0300] {example_kubernetes_executor.py:41} WARNING - The example_kubernetes_executor example DAG requires the kubernetes provider. Please install it with: pip install apache-airflow[cncf.kubernetes]
[2022-10-16T08:33:29.199-0300] {processor.py:770} WARNING - No viable dags retrieved from /home/renato/Documentos/datapipeline/.env/lib/python3.10/site-packages/airflow/example_dags/example_kubernetes_executor.py
[2022-10-16T08:33:29.207-0300] {processor.py:178} INFO - Processing /home/renato/Documentos/datapipeline/.env/lib/python3.10/site-packages/airflow/example_dags/example_kubernetes_executor.py took 0.027 seconds
[2022-10-16T08:34:51.672-0300] {processor.py:156} INFO - Started process (PID=3304) to work on /home/renato/Documentos/datapipeline/.env/lib/python3.10/site-packages/airflow/example_dags/example_kubernetes_executor.py
[2022-10-16T08:34:51.723-0300] {processor.py:758} INFO - Processing file /home/renato/Documentos/datapipeline/.env/lib/python3.10/site-packages/airflow/example_dags/example_kubernetes_executor.py for tasks to queue
[2022-10-16T08:34:51.724-0300] {logging_mixin.py:117} INFO - [2022-10-16T08:34:51.724-0300] {dagbag.py:525} INFO - Filling up the DagBag from /home/renato/Documentos/datapipeline/.env/lib/python3.10/site-packages/airflow/example_dags/example_kubernetes_executor.py
[2022-10-16T08:34:51.738-0300] {logging_mixin.py:117} INFO - [2022-10-16T08:34:51.738-0300] {example_kubernetes_executor.py:41} WARNING - The example_kubernetes_executor example DAG requires the kubernetes provider. Please install it with: pip install apache-airflow[cncf.kubernetes]
[2022-10-16T08:34:51.738-0300] {processor.py:770} WARNING - No viable dags retrieved from /home/renato/Documentos/datapipeline/.env/lib/python3.10/site-packages/airflow/example_dags/example_kubernetes_executor.py
[2022-10-16T08:34:51.745-0300] {processor.py:178} INFO - Processing /home/renato/Documentos/datapipeline/.env/lib/python3.10/site-packages/airflow/example_dags/example_kubernetes_executor.py took 0.077 seconds
[2022-10-16T08:36:05.751-0300] {processor.py:156} INFO - Started process (PID=3408) to work on /home/renato/Documentos/datapipeline/.env/lib/python3.10/site-packages/airflow/example_dags/example_kubernetes_executor.py
[2022-10-16T08:36:05.754-0300] {processor.py:758} INFO - Processing file /home/renato/Documentos/datapipeline/.env/lib/python3.10/site-packages/airflow/example_dags/example_kubernetes_executor.py for tasks to queue
[2022-10-16T08:36:05.755-0300] {logging_mixin.py:117} INFO - [2022-10-16T08:36:05.754-0300] {dagbag.py:525} INFO - Filling up the DagBag from /home/renato/Documentos/datapipeline/.env/lib/python3.10/site-packages/airflow/example_dags/example_kubernetes_executor.py
[2022-10-16T08:36:05.769-0300] {logging_mixin.py:117} INFO - [2022-10-16T08:36:05.769-0300] {example_kubernetes_executor.py:41} WARNING - The example_kubernetes_executor example DAG requires the kubernetes provider. Please install it with: pip install apache-airflow[cncf.kubernetes]
[2022-10-16T08:36:05.769-0300] {processor.py:770} WARNING - No viable dags retrieved from /home/renato/Documentos/datapipeline/.env/lib/python3.10/site-packages/airflow/example_dags/example_kubernetes_executor.py
[2022-10-16T08:36:05.780-0300] {processor.py:178} INFO - Processing /home/renato/Documentos/datapipeline/.env/lib/python3.10/site-packages/airflow/example_dags/example_kubernetes_executor.py took 0.032 seconds
