[2022-10-16T07:17:44.900-0300] {processor.py:156} INFO - Started process (PID=5887) to work on /home/renato/Documentos/datapipeline/.env/lib/python3.10/site-packages/airflow/example_dags/example_skip_dag.py
[2022-10-16T07:17:44.901-0300] {processor.py:758} INFO - Processing file /home/renato/Documentos/datapipeline/.env/lib/python3.10/site-packages/airflow/example_dags/example_skip_dag.py for tasks to queue
[2022-10-16T07:17:44.902-0300] {logging_mixin.py:117} INFO - [2022-10-16T07:17:44.902-0300] {dagbag.py:525} INFO - Filling up the DagBag from /home/renato/Documentos/datapipeline/.env/lib/python3.10/site-packages/airflow/example_dags/example_skip_dag.py
[2022-10-16T07:17:44.927-0300] {processor.py:768} INFO - DAG(s) dict_keys(['example_skip_dag']) retrieved from /home/renato/Documentos/datapipeline/.env/lib/python3.10/site-packages/airflow/example_dags/example_skip_dag.py
[2022-10-16T07:17:45.042-0300] {logging_mixin.py:117} INFO - [2022-10-16T07:17:45.042-0300] {manager.py:507} INFO - Created Permission View: can edit on DAG:example_skip_dag
[2022-10-16T07:17:45.056-0300] {logging_mixin.py:117} INFO - [2022-10-16T07:17:45.056-0300] {manager.py:507} INFO - Created Permission View: can read on DAG:example_skip_dag
[2022-10-16T07:17:45.070-0300] {logging_mixin.py:117} INFO - [2022-10-16T07:17:45.070-0300] {manager.py:507} INFO - Created Permission View: can delete on DAG:example_skip_dag
[2022-10-16T07:17:45.070-0300] {logging_mixin.py:117} INFO - [2022-10-16T07:17:45.070-0300] {dag.py:2573} INFO - Sync 1 DAGs
[2022-10-16T07:17:45.078-0300] {logging_mixin.py:117} INFO - [2022-10-16T07:17:45.078-0300] {dag.py:2594} INFO - Creating ORM DAG for example_skip_dag
[2022-10-16T07:17:45.085-0300] {logging_mixin.py:117} INFO - [2022-10-16T07:17:45.085-0300] {dag.py:3324} INFO - Setting next_dagrun for example_skip_dag to 2022-10-15T10:17:45.085266+00:00, run_after=2022-10-16T10:17:45.085266+00:00
[2022-10-16T07:17:45.110-0300] {processor.py:178} INFO - Processing /home/renato/Documentos/datapipeline/.env/lib/python3.10/site-packages/airflow/example_dags/example_skip_dag.py took 0.216 seconds
[2022-10-16T07:18:27.950-0300] {processor.py:156} INFO - Started process (PID=5970) to work on /home/renato/Documentos/datapipeline/.env/lib/python3.10/site-packages/airflow/example_dags/example_skip_dag.py
[2022-10-16T07:18:27.953-0300] {processor.py:758} INFO - Processing file /home/renato/Documentos/datapipeline/.env/lib/python3.10/site-packages/airflow/example_dags/example_skip_dag.py for tasks to queue
[2022-10-16T07:18:27.954-0300] {logging_mixin.py:117} INFO - [2022-10-16T07:18:27.953-0300] {dagbag.py:525} INFO - Filling up the DagBag from /home/renato/Documentos/datapipeline/.env/lib/python3.10/site-packages/airflow/example_dags/example_skip_dag.py
[2022-10-16T07:18:27.973-0300] {processor.py:768} INFO - DAG(s) dict_keys(['example_skip_dag']) retrieved from /home/renato/Documentos/datapipeline/.env/lib/python3.10/site-packages/airflow/example_dags/example_skip_dag.py
[2022-10-16T07:18:27.994-0300] {logging_mixin.py:117} INFO - [2022-10-16T07:18:27.994-0300] {dag.py:2573} INFO - Sync 1 DAGs
[2022-10-16T07:18:28.011-0300] {logging_mixin.py:117} INFO - [2022-10-16T07:18:28.011-0300] {dag.py:3324} INFO - Setting next_dagrun for example_skip_dag to 2022-10-15T10:18:28.010934+00:00, run_after=2022-10-16T10:18:28.010934+00:00
[2022-10-16T07:18:28.040-0300] {processor.py:178} INFO - Processing /home/renato/Documentos/datapipeline/.env/lib/python3.10/site-packages/airflow/example_dags/example_skip_dag.py took 0.095 seconds
[2022-10-16T07:19:05.034-0300] {processor.py:156} INFO - Started process (PID=6043) to work on /home/renato/Documentos/datapipeline/.env/lib/python3.10/site-packages/airflow/example_dags/example_skip_dag.py
[2022-10-16T07:19:05.036-0300] {processor.py:758} INFO - Processing file /home/renato/Documentos/datapipeline/.env/lib/python3.10/site-packages/airflow/example_dags/example_skip_dag.py for tasks to queue
[2022-10-16T07:19:05.036-0300] {logging_mixin.py:117} INFO - [2022-10-16T07:19:05.036-0300] {dagbag.py:525} INFO - Filling up the DagBag from /home/renato/Documentos/datapipeline/.env/lib/python3.10/site-packages/airflow/example_dags/example_skip_dag.py
[2022-10-16T07:19:05.048-0300] {processor.py:768} INFO - DAG(s) dict_keys(['example_skip_dag']) retrieved from /home/renato/Documentos/datapipeline/.env/lib/python3.10/site-packages/airflow/example_dags/example_skip_dag.py
[2022-10-16T07:19:05.067-0300] {logging_mixin.py:117} INFO - [2022-10-16T07:19:05.067-0300] {dag.py:2573} INFO - Sync 1 DAGs
[2022-10-16T07:19:05.084-0300] {logging_mixin.py:117} INFO - [2022-10-16T07:19:05.084-0300] {dag.py:3324} INFO - Setting next_dagrun for example_skip_dag to 2022-10-15T10:19:05.084014+00:00, run_after=2022-10-16T10:19:05.084014+00:00
[2022-10-16T07:19:05.106-0300] {processor.py:178} INFO - Processing /home/renato/Documentos/datapipeline/.env/lib/python3.10/site-packages/airflow/example_dags/example_skip_dag.py took 0.075 seconds
[2022-10-16T07:19:41.778-0300] {processor.py:156} INFO - Started process (PID=6130) to work on /home/renato/Documentos/datapipeline/.env/lib/python3.10/site-packages/airflow/example_dags/example_skip_dag.py
[2022-10-16T07:19:41.781-0300] {processor.py:758} INFO - Processing file /home/renato/Documentos/datapipeline/.env/lib/python3.10/site-packages/airflow/example_dags/example_skip_dag.py for tasks to queue
[2022-10-16T07:19:41.782-0300] {logging_mixin.py:117} INFO - [2022-10-16T07:19:41.781-0300] {dagbag.py:525} INFO - Filling up the DagBag from /home/renato/Documentos/datapipeline/.env/lib/python3.10/site-packages/airflow/example_dags/example_skip_dag.py
[2022-10-16T07:19:41.804-0300] {processor.py:768} INFO - DAG(s) dict_keys(['example_skip_dag']) retrieved from /home/renato/Documentos/datapipeline/.env/lib/python3.10/site-packages/airflow/example_dags/example_skip_dag.py
[2022-10-16T07:19:41.825-0300] {logging_mixin.py:117} INFO - [2022-10-16T07:19:41.825-0300] {dag.py:2573} INFO - Sync 1 DAGs
[2022-10-16T07:19:41.849-0300] {logging_mixin.py:117} INFO - [2022-10-16T07:19:41.849-0300] {dag.py:3324} INFO - Setting next_dagrun for example_skip_dag to 2022-10-15T10:19:41.849068+00:00, run_after=2022-10-16T10:19:41.849068+00:00
[2022-10-16T07:19:41.872-0300] {processor.py:178} INFO - Processing /home/renato/Documentos/datapipeline/.env/lib/python3.10/site-packages/airflow/example_dags/example_skip_dag.py took 0.099 seconds
[2022-10-16T07:20:19.395-0300] {processor.py:156} INFO - Started process (PID=6211) to work on /home/renato/Documentos/datapipeline/.env/lib/python3.10/site-packages/airflow/example_dags/example_skip_dag.py
[2022-10-16T07:20:19.405-0300] {processor.py:758} INFO - Processing file /home/renato/Documentos/datapipeline/.env/lib/python3.10/site-packages/airflow/example_dags/example_skip_dag.py for tasks to queue
[2022-10-16T07:20:19.406-0300] {logging_mixin.py:117} INFO - [2022-10-16T07:20:19.406-0300] {dagbag.py:525} INFO - Filling up the DagBag from /home/renato/Documentos/datapipeline/.env/lib/python3.10/site-packages/airflow/example_dags/example_skip_dag.py
[2022-10-16T07:20:19.419-0300] {processor.py:768} INFO - DAG(s) dict_keys(['example_skip_dag']) retrieved from /home/renato/Documentos/datapipeline/.env/lib/python3.10/site-packages/airflow/example_dags/example_skip_dag.py
[2022-10-16T07:20:19.444-0300] {logging_mixin.py:117} INFO - [2022-10-16T07:20:19.444-0300] {dag.py:2573} INFO - Sync 1 DAGs
[2022-10-16T07:20:19.464-0300] {logging_mixin.py:117} INFO - [2022-10-16T07:20:19.464-0300] {dag.py:3324} INFO - Setting next_dagrun for example_skip_dag to 2022-10-15T10:20:19.463765+00:00, run_after=2022-10-16T10:20:19.463765+00:00
[2022-10-16T07:20:19.496-0300] {processor.py:178} INFO - Processing /home/renato/Documentos/datapipeline/.env/lib/python3.10/site-packages/airflow/example_dags/example_skip_dag.py took 0.103 seconds
[2022-10-16T07:20:56.604-0300] {processor.py:156} INFO - Started process (PID=6397) to work on /home/renato/Documentos/datapipeline/.env/lib/python3.10/site-packages/airflow/example_dags/example_skip_dag.py
[2022-10-16T07:20:56.609-0300] {processor.py:758} INFO - Processing file /home/renato/Documentos/datapipeline/.env/lib/python3.10/site-packages/airflow/example_dags/example_skip_dag.py for tasks to queue
[2022-10-16T07:20:56.610-0300] {logging_mixin.py:117} INFO - [2022-10-16T07:20:56.610-0300] {dagbag.py:525} INFO - Filling up the DagBag from /home/renato/Documentos/datapipeline/.env/lib/python3.10/site-packages/airflow/example_dags/example_skip_dag.py
[2022-10-16T07:20:56.628-0300] {processor.py:768} INFO - DAG(s) dict_keys(['example_skip_dag']) retrieved from /home/renato/Documentos/datapipeline/.env/lib/python3.10/site-packages/airflow/example_dags/example_skip_dag.py
[2022-10-16T07:20:56.648-0300] {logging_mixin.py:117} INFO - [2022-10-16T07:20:56.648-0300] {dag.py:2573} INFO - Sync 1 DAGs
[2022-10-16T07:20:56.665-0300] {logging_mixin.py:117} INFO - [2022-10-16T07:20:56.665-0300] {dag.py:3324} INFO - Setting next_dagrun for example_skip_dag to 2022-10-15T10:20:56.665573+00:00, run_after=2022-10-16T10:20:56.665573+00:00
[2022-10-16T07:20:56.691-0300] {processor.py:178} INFO - Processing /home/renato/Documentos/datapipeline/.env/lib/python3.10/site-packages/airflow/example_dags/example_skip_dag.py took 0.092 seconds
[2022-10-16T07:21:34.006-0300] {processor.py:156} INFO - Started process (PID=6464) to work on /home/renato/Documentos/datapipeline/.env/lib/python3.10/site-packages/airflow/example_dags/example_skip_dag.py
[2022-10-16T07:21:34.010-0300] {processor.py:758} INFO - Processing file /home/renato/Documentos/datapipeline/.env/lib/python3.10/site-packages/airflow/example_dags/example_skip_dag.py for tasks to queue
[2022-10-16T07:21:34.011-0300] {logging_mixin.py:117} INFO - [2022-10-16T07:21:34.011-0300] {dagbag.py:525} INFO - Filling up the DagBag from /home/renato/Documentos/datapipeline/.env/lib/python3.10/site-packages/airflow/example_dags/example_skip_dag.py
[2022-10-16T07:21:34.025-0300] {processor.py:768} INFO - DAG(s) dict_keys(['example_skip_dag']) retrieved from /home/renato/Documentos/datapipeline/.env/lib/python3.10/site-packages/airflow/example_dags/example_skip_dag.py
[2022-10-16T07:21:34.047-0300] {logging_mixin.py:117} INFO - [2022-10-16T07:21:34.047-0300] {dag.py:2573} INFO - Sync 1 DAGs
[2022-10-16T07:21:34.066-0300] {logging_mixin.py:117} INFO - [2022-10-16T07:21:34.065-0300] {dag.py:3324} INFO - Setting next_dagrun for example_skip_dag to 2022-10-15T10:21:34.065725+00:00, run_after=2022-10-16T10:21:34.065725+00:00
[2022-10-16T07:21:34.090-0300] {processor.py:178} INFO - Processing /home/renato/Documentos/datapipeline/.env/lib/python3.10/site-packages/airflow/example_dags/example_skip_dag.py took 0.087 seconds
[2022-10-16T07:22:10.763-0300] {processor.py:156} INFO - Started process (PID=6532) to work on /home/renato/Documentos/datapipeline/.env/lib/python3.10/site-packages/airflow/example_dags/example_skip_dag.py
[2022-10-16T07:22:10.766-0300] {processor.py:758} INFO - Processing file /home/renato/Documentos/datapipeline/.env/lib/python3.10/site-packages/airflow/example_dags/example_skip_dag.py for tasks to queue
[2022-10-16T07:22:10.767-0300] {logging_mixin.py:117} INFO - [2022-10-16T07:22:10.767-0300] {dagbag.py:525} INFO - Filling up the DagBag from /home/renato/Documentos/datapipeline/.env/lib/python3.10/site-packages/airflow/example_dags/example_skip_dag.py
[2022-10-16T07:22:10.788-0300] {processor.py:768} INFO - DAG(s) dict_keys(['example_skip_dag']) retrieved from /home/renato/Documentos/datapipeline/.env/lib/python3.10/site-packages/airflow/example_dags/example_skip_dag.py
[2022-10-16T07:22:10.813-0300] {logging_mixin.py:117} INFO - [2022-10-16T07:22:10.812-0300] {dag.py:2573} INFO - Sync 1 DAGs
[2022-10-16T07:22:10.829-0300] {logging_mixin.py:117} INFO - [2022-10-16T07:22:10.828-0300] {dag.py:3324} INFO - Setting next_dagrun for example_skip_dag to 2022-10-15T10:22:10.828712+00:00, run_after=2022-10-16T10:22:10.828712+00:00
[2022-10-16T07:22:10.851-0300] {processor.py:178} INFO - Processing /home/renato/Documentos/datapipeline/.env/lib/python3.10/site-packages/airflow/example_dags/example_skip_dag.py took 0.094 seconds
[2022-10-16T07:22:45.707-0300] {processor.py:156} INFO - Started process (PID=6590) to work on /home/renato/Documentos/datapipeline/.env/lib/python3.10/site-packages/airflow/example_dags/example_skip_dag.py
[2022-10-16T07:22:45.710-0300] {processor.py:758} INFO - Processing file /home/renato/Documentos/datapipeline/.env/lib/python3.10/site-packages/airflow/example_dags/example_skip_dag.py for tasks to queue
[2022-10-16T07:22:45.712-0300] {logging_mixin.py:117} INFO - [2022-10-16T07:22:45.712-0300] {dagbag.py:525} INFO - Filling up the DagBag from /home/renato/Documentos/datapipeline/.env/lib/python3.10/site-packages/airflow/example_dags/example_skip_dag.py
[2022-10-16T07:22:45.732-0300] {processor.py:768} INFO - DAG(s) dict_keys(['example_skip_dag']) retrieved from /home/renato/Documentos/datapipeline/.env/lib/python3.10/site-packages/airflow/example_dags/example_skip_dag.py
[2022-10-16T07:22:45.753-0300] {logging_mixin.py:117} INFO - [2022-10-16T07:22:45.753-0300] {dag.py:2573} INFO - Sync 1 DAGs
[2022-10-16T07:22:45.769-0300] {logging_mixin.py:117} INFO - [2022-10-16T07:22:45.769-0300] {dag.py:3324} INFO - Setting next_dagrun for example_skip_dag to 2022-10-15T10:22:45.769360+00:00, run_after=2022-10-16T10:22:45.769360+00:00
[2022-10-16T07:22:45.793-0300] {processor.py:178} INFO - Processing /home/renato/Documentos/datapipeline/.env/lib/python3.10/site-packages/airflow/example_dags/example_skip_dag.py took 0.090 seconds
[2022-10-16T07:23:22.044-0300] {processor.py:156} INFO - Started process (PID=6657) to work on /home/renato/Documentos/datapipeline/.env/lib/python3.10/site-packages/airflow/example_dags/example_skip_dag.py
[2022-10-16T07:23:22.048-0300] {processor.py:758} INFO - Processing file /home/renato/Documentos/datapipeline/.env/lib/python3.10/site-packages/airflow/example_dags/example_skip_dag.py for tasks to queue
[2022-10-16T07:23:22.050-0300] {logging_mixin.py:117} INFO - [2022-10-16T07:23:22.049-0300] {dagbag.py:525} INFO - Filling up the DagBag from /home/renato/Documentos/datapipeline/.env/lib/python3.10/site-packages/airflow/example_dags/example_skip_dag.py
[2022-10-16T07:23:22.069-0300] {processor.py:768} INFO - DAG(s) dict_keys(['example_skip_dag']) retrieved from /home/renato/Documentos/datapipeline/.env/lib/python3.10/site-packages/airflow/example_dags/example_skip_dag.py
[2022-10-16T07:23:22.100-0300] {logging_mixin.py:117} INFO - [2022-10-16T07:23:22.100-0300] {dag.py:2573} INFO - Sync 1 DAGs
[2022-10-16T07:23:22.118-0300] {logging_mixin.py:117} INFO - [2022-10-16T07:23:22.118-0300] {dag.py:3324} INFO - Setting next_dagrun for example_skip_dag to 2022-10-15T10:23:22.118143+00:00, run_after=2022-10-16T10:23:22.118143+00:00
[2022-10-16T07:23:22.140-0300] {processor.py:178} INFO - Processing /home/renato/Documentos/datapipeline/.env/lib/python3.10/site-packages/airflow/example_dags/example_skip_dag.py took 0.101 seconds
[2022-10-16T07:23:59.715-0300] {processor.py:156} INFO - Started process (PID=6722) to work on /home/renato/Documentos/datapipeline/.env/lib/python3.10/site-packages/airflow/example_dags/example_skip_dag.py
[2022-10-16T07:23:59.718-0300] {processor.py:758} INFO - Processing file /home/renato/Documentos/datapipeline/.env/lib/python3.10/site-packages/airflow/example_dags/example_skip_dag.py for tasks to queue
[2022-10-16T07:23:59.719-0300] {logging_mixin.py:117} INFO - [2022-10-16T07:23:59.719-0300] {dagbag.py:525} INFO - Filling up the DagBag from /home/renato/Documentos/datapipeline/.env/lib/python3.10/site-packages/airflow/example_dags/example_skip_dag.py
[2022-10-16T07:23:59.744-0300] {processor.py:768} INFO - DAG(s) dict_keys(['example_skip_dag']) retrieved from /home/renato/Documentos/datapipeline/.env/lib/python3.10/site-packages/airflow/example_dags/example_skip_dag.py
[2022-10-16T07:23:59.777-0300] {logging_mixin.py:117} INFO - [2022-10-16T07:23:59.777-0300] {dag.py:2573} INFO - Sync 1 DAGs
[2022-10-16T07:23:59.795-0300] {logging_mixin.py:117} INFO - [2022-10-16T07:23:59.795-0300] {dag.py:3324} INFO - Setting next_dagrun for example_skip_dag to 2022-10-15T10:23:59.795479+00:00, run_after=2022-10-16T10:23:59.795479+00:00
[2022-10-16T07:23:59.822-0300] {processor.py:178} INFO - Processing /home/renato/Documentos/datapipeline/.env/lib/python3.10/site-packages/airflow/example_dags/example_skip_dag.py took 0.113 seconds
[2022-10-16T07:24:35.108-0300] {processor.py:156} INFO - Started process (PID=6796) to work on /home/renato/Documentos/datapipeline/.env/lib/python3.10/site-packages/airflow/example_dags/example_skip_dag.py
[2022-10-16T07:24:35.109-0300] {processor.py:758} INFO - Processing file /home/renato/Documentos/datapipeline/.env/lib/python3.10/site-packages/airflow/example_dags/example_skip_dag.py for tasks to queue
[2022-10-16T07:24:35.109-0300] {logging_mixin.py:117} INFO - [2022-10-16T07:24:35.109-0300] {dagbag.py:525} INFO - Filling up the DagBag from /home/renato/Documentos/datapipeline/.env/lib/python3.10/site-packages/airflow/example_dags/example_skip_dag.py
[2022-10-16T07:24:35.122-0300] {processor.py:768} INFO - DAG(s) dict_keys(['example_skip_dag']) retrieved from /home/renato/Documentos/datapipeline/.env/lib/python3.10/site-packages/airflow/example_dags/example_skip_dag.py
[2022-10-16T07:24:35.142-0300] {logging_mixin.py:117} INFO - [2022-10-16T07:24:35.142-0300] {dag.py:2573} INFO - Sync 1 DAGs
[2022-10-16T07:24:35.159-0300] {logging_mixin.py:117} INFO - [2022-10-16T07:24:35.158-0300] {dag.py:3324} INFO - Setting next_dagrun for example_skip_dag to 2022-10-15T10:24:35.158673+00:00, run_after=2022-10-16T10:24:35.158673+00:00
[2022-10-16T07:24:35.185-0300] {processor.py:178} INFO - Processing /home/renato/Documentos/datapipeline/.env/lib/python3.10/site-packages/airflow/example_dags/example_skip_dag.py took 0.080 seconds
[2022-10-16T07:25:13.263-0300] {processor.py:156} INFO - Started process (PID=6857) to work on /home/renato/Documentos/datapipeline/.env/lib/python3.10/site-packages/airflow/example_dags/example_skip_dag.py
[2022-10-16T07:25:13.266-0300] {processor.py:758} INFO - Processing file /home/renato/Documentos/datapipeline/.env/lib/python3.10/site-packages/airflow/example_dags/example_skip_dag.py for tasks to queue
[2022-10-16T07:25:13.268-0300] {logging_mixin.py:117} INFO - [2022-10-16T07:25:13.267-0300] {dagbag.py:525} INFO - Filling up the DagBag from /home/renato/Documentos/datapipeline/.env/lib/python3.10/site-packages/airflow/example_dags/example_skip_dag.py
[2022-10-16T07:25:13.280-0300] {processor.py:768} INFO - DAG(s) dict_keys(['example_skip_dag']) retrieved from /home/renato/Documentos/datapipeline/.env/lib/python3.10/site-packages/airflow/example_dags/example_skip_dag.py
[2022-10-16T07:25:13.302-0300] {logging_mixin.py:117} INFO - [2022-10-16T07:25:13.302-0300] {dag.py:2573} INFO - Sync 1 DAGs
[2022-10-16T07:25:13.320-0300] {logging_mixin.py:117} INFO - [2022-10-16T07:25:13.320-0300] {dag.py:3324} INFO - Setting next_dagrun for example_skip_dag to 2022-10-15T10:25:13.319948+00:00, run_after=2022-10-16T10:25:13.319948+00:00
[2022-10-16T07:25:13.345-0300] {processor.py:178} INFO - Processing /home/renato/Documentos/datapipeline/.env/lib/python3.10/site-packages/airflow/example_dags/example_skip_dag.py took 0.086 seconds
[2022-10-16T07:25:49.810-0300] {processor.py:156} INFO - Started process (PID=7047) to work on /home/renato/Documentos/datapipeline/.env/lib/python3.10/site-packages/airflow/example_dags/example_skip_dag.py
[2022-10-16T07:25:49.813-0300] {processor.py:758} INFO - Processing file /home/renato/Documentos/datapipeline/.env/lib/python3.10/site-packages/airflow/example_dags/example_skip_dag.py for tasks to queue
[2022-10-16T07:25:49.814-0300] {logging_mixin.py:117} INFO - [2022-10-16T07:25:49.814-0300] {dagbag.py:525} INFO - Filling up the DagBag from /home/renato/Documentos/datapipeline/.env/lib/python3.10/site-packages/airflow/example_dags/example_skip_dag.py
[2022-10-16T07:25:49.840-0300] {processor.py:768} INFO - DAG(s) dict_keys(['example_skip_dag']) retrieved from /home/renato/Documentos/datapipeline/.env/lib/python3.10/site-packages/airflow/example_dags/example_skip_dag.py
[2022-10-16T07:25:49.867-0300] {logging_mixin.py:117} INFO - [2022-10-16T07:25:49.867-0300] {dag.py:2573} INFO - Sync 1 DAGs
[2022-10-16T07:25:49.885-0300] {logging_mixin.py:117} INFO - [2022-10-16T07:25:49.885-0300] {dag.py:3324} INFO - Setting next_dagrun for example_skip_dag to 2022-10-15T10:25:49.884984+00:00, run_after=2022-10-16T10:25:49.884984+00:00
[2022-10-16T07:25:49.910-0300] {processor.py:178} INFO - Processing /home/renato/Documentos/datapipeline/.env/lib/python3.10/site-packages/airflow/example_dags/example_skip_dag.py took 0.105 seconds
[2022-10-16T07:26:30.614-0300] {processor.py:156} INFO - Started process (PID=7129) to work on /home/renato/Documentos/datapipeline/.env/lib/python3.10/site-packages/airflow/example_dags/example_skip_dag.py
[2022-10-16T07:26:30.616-0300] {processor.py:758} INFO - Processing file /home/renato/Documentos/datapipeline/.env/lib/python3.10/site-packages/airflow/example_dags/example_skip_dag.py for tasks to queue
[2022-10-16T07:26:30.617-0300] {logging_mixin.py:117} INFO - [2022-10-16T07:26:30.617-0300] {dagbag.py:525} INFO - Filling up the DagBag from /home/renato/Documentos/datapipeline/.env/lib/python3.10/site-packages/airflow/example_dags/example_skip_dag.py
[2022-10-16T07:26:30.637-0300] {processor.py:768} INFO - DAG(s) dict_keys(['example_skip_dag']) retrieved from /home/renato/Documentos/datapipeline/.env/lib/python3.10/site-packages/airflow/example_dags/example_skip_dag.py
[2022-10-16T07:26:30.663-0300] {logging_mixin.py:117} INFO - [2022-10-16T07:26:30.663-0300] {dag.py:2573} INFO - Sync 1 DAGs
[2022-10-16T07:26:30.683-0300] {logging_mixin.py:117} INFO - [2022-10-16T07:26:30.683-0300] {dag.py:3324} INFO - Setting next_dagrun for example_skip_dag to 2022-10-15T10:26:30.683003+00:00, run_after=2022-10-16T10:26:30.683003+00:00
[2022-10-16T07:26:30.712-0300] {processor.py:178} INFO - Processing /home/renato/Documentos/datapipeline/.env/lib/python3.10/site-packages/airflow/example_dags/example_skip_dag.py took 0.103 seconds
[2022-10-16T07:27:13.012-0300] {processor.py:156} INFO - Started process (PID=7207) to work on /home/renato/Documentos/datapipeline/.env/lib/python3.10/site-packages/airflow/example_dags/example_skip_dag.py
[2022-10-16T07:27:13.016-0300] {processor.py:758} INFO - Processing file /home/renato/Documentos/datapipeline/.env/lib/python3.10/site-packages/airflow/example_dags/example_skip_dag.py for tasks to queue
[2022-10-16T07:27:13.017-0300] {logging_mixin.py:117} INFO - [2022-10-16T07:27:13.016-0300] {dagbag.py:525} INFO - Filling up the DagBag from /home/renato/Documentos/datapipeline/.env/lib/python3.10/site-packages/airflow/example_dags/example_skip_dag.py
[2022-10-16T07:27:13.030-0300] {processor.py:768} INFO - DAG(s) dict_keys(['example_skip_dag']) retrieved from /home/renato/Documentos/datapipeline/.env/lib/python3.10/site-packages/airflow/example_dags/example_skip_dag.py
[2022-10-16T07:27:13.052-0300] {logging_mixin.py:117} INFO - [2022-10-16T07:27:13.052-0300] {dag.py:2573} INFO - Sync 1 DAGs
[2022-10-16T07:27:13.069-0300] {logging_mixin.py:117} INFO - [2022-10-16T07:27:13.069-0300] {dag.py:3324} INFO - Setting next_dagrun for example_skip_dag to 2022-10-15T10:27:13.069626+00:00, run_after=2022-10-16T10:27:13.069626+00:00
[2022-10-16T07:27:13.096-0300] {processor.py:178} INFO - Processing /home/renato/Documentos/datapipeline/.env/lib/python3.10/site-packages/airflow/example_dags/example_skip_dag.py took 0.087 seconds
[2022-10-16T07:27:48.556-0300] {processor.py:156} INFO - Started process (PID=7266) to work on /home/renato/Documentos/datapipeline/.env/lib/python3.10/site-packages/airflow/example_dags/example_skip_dag.py
[2022-10-16T07:27:48.558-0300] {processor.py:758} INFO - Processing file /home/renato/Documentos/datapipeline/.env/lib/python3.10/site-packages/airflow/example_dags/example_skip_dag.py for tasks to queue
[2022-10-16T07:27:48.559-0300] {logging_mixin.py:117} INFO - [2022-10-16T07:27:48.559-0300] {dagbag.py:525} INFO - Filling up the DagBag from /home/renato/Documentos/datapipeline/.env/lib/python3.10/site-packages/airflow/example_dags/example_skip_dag.py
[2022-10-16T07:27:48.572-0300] {processor.py:768} INFO - DAG(s) dict_keys(['example_skip_dag']) retrieved from /home/renato/Documentos/datapipeline/.env/lib/python3.10/site-packages/airflow/example_dags/example_skip_dag.py
[2022-10-16T07:27:48.593-0300] {logging_mixin.py:117} INFO - [2022-10-16T07:27:48.593-0300] {dag.py:2573} INFO - Sync 1 DAGs
[2022-10-16T07:27:48.615-0300] {logging_mixin.py:117} INFO - [2022-10-16T07:27:48.615-0300] {dag.py:3324} INFO - Setting next_dagrun for example_skip_dag to 2022-10-15T10:27:48.615137+00:00, run_after=2022-10-16T10:27:48.615137+00:00
[2022-10-16T07:27:48.643-0300] {processor.py:178} INFO - Processing /home/renato/Documentos/datapipeline/.env/lib/python3.10/site-packages/airflow/example_dags/example_skip_dag.py took 0.090 seconds
[2022-10-16T07:28:29.139-0300] {processor.py:156} INFO - Started process (PID=7341) to work on /home/renato/Documentos/datapipeline/.env/lib/python3.10/site-packages/airflow/example_dags/example_skip_dag.py
[2022-10-16T07:28:29.141-0300] {processor.py:758} INFO - Processing file /home/renato/Documentos/datapipeline/.env/lib/python3.10/site-packages/airflow/example_dags/example_skip_dag.py for tasks to queue
[2022-10-16T07:28:29.142-0300] {logging_mixin.py:117} INFO - [2022-10-16T07:28:29.142-0300] {dagbag.py:525} INFO - Filling up the DagBag from /home/renato/Documentos/datapipeline/.env/lib/python3.10/site-packages/airflow/example_dags/example_skip_dag.py
[2022-10-16T07:28:29.159-0300] {processor.py:768} INFO - DAG(s) dict_keys(['example_skip_dag']) retrieved from /home/renato/Documentos/datapipeline/.env/lib/python3.10/site-packages/airflow/example_dags/example_skip_dag.py
[2022-10-16T07:28:29.186-0300] {logging_mixin.py:117} INFO - [2022-10-16T07:28:29.185-0300] {dag.py:2573} INFO - Sync 1 DAGs
[2022-10-16T07:28:29.208-0300] {logging_mixin.py:117} INFO - [2022-10-16T07:28:29.207-0300] {dag.py:3324} INFO - Setting next_dagrun for example_skip_dag to 2022-10-15T10:28:29.207576+00:00, run_after=2022-10-16T10:28:29.207576+00:00
[2022-10-16T07:28:29.236-0300] {processor.py:178} INFO - Processing /home/renato/Documentos/datapipeline/.env/lib/python3.10/site-packages/airflow/example_dags/example_skip_dag.py took 0.100 seconds
[2022-10-16T07:29:10.962-0300] {processor.py:156} INFO - Started process (PID=7424) to work on /home/renato/Documentos/datapipeline/.env/lib/python3.10/site-packages/airflow/example_dags/example_skip_dag.py
[2022-10-16T07:29:10.966-0300] {processor.py:758} INFO - Processing file /home/renato/Documentos/datapipeline/.env/lib/python3.10/site-packages/airflow/example_dags/example_skip_dag.py for tasks to queue
[2022-10-16T07:29:10.967-0300] {logging_mixin.py:117} INFO - [2022-10-16T07:29:10.967-0300] {dagbag.py:525} INFO - Filling up the DagBag from /home/renato/Documentos/datapipeline/.env/lib/python3.10/site-packages/airflow/example_dags/example_skip_dag.py
[2022-10-16T07:29:10.979-0300] {processor.py:768} INFO - DAG(s) dict_keys(['example_skip_dag']) retrieved from /home/renato/Documentos/datapipeline/.env/lib/python3.10/site-packages/airflow/example_dags/example_skip_dag.py
[2022-10-16T07:29:11.000-0300] {logging_mixin.py:117} INFO - [2022-10-16T07:29:11.000-0300] {dag.py:2573} INFO - Sync 1 DAGs
[2022-10-16T07:29:11.020-0300] {logging_mixin.py:117} INFO - [2022-10-16T07:29:11.020-0300] {dag.py:3324} INFO - Setting next_dagrun for example_skip_dag to 2022-10-15T10:29:11.020503+00:00, run_after=2022-10-16T10:29:11.020503+00:00
[2022-10-16T07:29:11.053-0300] {processor.py:178} INFO - Processing /home/renato/Documentos/datapipeline/.env/lib/python3.10/site-packages/airflow/example_dags/example_skip_dag.py took 0.094 seconds
[2022-10-16T07:29:48.085-0300] {processor.py:156} INFO - Started process (PID=7488) to work on /home/renato/Documentos/datapipeline/.env/lib/python3.10/site-packages/airflow/example_dags/example_skip_dag.py
[2022-10-16T07:29:48.089-0300] {processor.py:758} INFO - Processing file /home/renato/Documentos/datapipeline/.env/lib/python3.10/site-packages/airflow/example_dags/example_skip_dag.py for tasks to queue
[2022-10-16T07:29:48.090-0300] {logging_mixin.py:117} INFO - [2022-10-16T07:29:48.090-0300] {dagbag.py:525} INFO - Filling up the DagBag from /home/renato/Documentos/datapipeline/.env/lib/python3.10/site-packages/airflow/example_dags/example_skip_dag.py
[2022-10-16T07:29:48.104-0300] {processor.py:768} INFO - DAG(s) dict_keys(['example_skip_dag']) retrieved from /home/renato/Documentos/datapipeline/.env/lib/python3.10/site-packages/airflow/example_dags/example_skip_dag.py
[2022-10-16T07:29:48.127-0300] {logging_mixin.py:117} INFO - [2022-10-16T07:29:48.127-0300] {dag.py:2573} INFO - Sync 1 DAGs
[2022-10-16T07:29:48.147-0300] {logging_mixin.py:117} INFO - [2022-10-16T07:29:48.146-0300] {dag.py:3324} INFO - Setting next_dagrun for example_skip_dag to 2022-10-15T10:29:48.146619+00:00, run_after=2022-10-16T10:29:48.146619+00:00
[2022-10-16T07:29:48.172-0300] {processor.py:178} INFO - Processing /home/renato/Documentos/datapipeline/.env/lib/python3.10/site-packages/airflow/example_dags/example_skip_dag.py took 0.089 seconds
[2022-10-16T07:31:08.160-0300] {processor.py:156} INFO - Started process (PID=7833) to work on /home/renato/Documentos/datapipeline/.env/lib/python3.10/site-packages/airflow/example_dags/example_skip_dag.py
[2022-10-16T07:31:08.163-0300] {processor.py:758} INFO - Processing file /home/renato/Documentos/datapipeline/.env/lib/python3.10/site-packages/airflow/example_dags/example_skip_dag.py for tasks to queue
[2022-10-16T07:31:08.163-0300] {logging_mixin.py:117} INFO - [2022-10-16T07:31:08.163-0300] {dagbag.py:525} INFO - Filling up the DagBag from /home/renato/Documentos/datapipeline/.env/lib/python3.10/site-packages/airflow/example_dags/example_skip_dag.py
[2022-10-16T07:31:08.180-0300] {processor.py:768} INFO - DAG(s) dict_keys(['example_skip_dag']) retrieved from /home/renato/Documentos/datapipeline/.env/lib/python3.10/site-packages/airflow/example_dags/example_skip_dag.py
[2022-10-16T07:31:08.210-0300] {logging_mixin.py:117} INFO - [2022-10-16T07:31:08.209-0300] {dag.py:2573} INFO - Sync 1 DAGs
[2022-10-16T07:31:08.232-0300] {logging_mixin.py:117} INFO - [2022-10-16T07:31:08.232-0300] {dag.py:3324} INFO - Setting next_dagrun for example_skip_dag to 2022-10-15T10:31:08.231631+00:00, run_after=2022-10-16T10:31:08.231631+00:00
[2022-10-16T07:31:08.255-0300] {processor.py:178} INFO - Processing /home/renato/Documentos/datapipeline/.env/lib/python3.10/site-packages/airflow/example_dags/example_skip_dag.py took 0.097 seconds
[2022-10-16T08:30:36.394-0300] {processor.py:156} INFO - Started process (PID=2569) to work on /home/renato/Documentos/datapipeline/.env/lib/python3.10/site-packages/airflow/example_dags/example_skip_dag.py
[2022-10-16T08:30:36.398-0300] {processor.py:758} INFO - Processing file /home/renato/Documentos/datapipeline/.env/lib/python3.10/site-packages/airflow/example_dags/example_skip_dag.py for tasks to queue
[2022-10-16T08:30:36.400-0300] {logging_mixin.py:117} INFO - [2022-10-16T08:30:36.400-0300] {dagbag.py:525} INFO - Filling up the DagBag from /home/renato/Documentos/datapipeline/.env/lib/python3.10/site-packages/airflow/example_dags/example_skip_dag.py
[2022-10-16T08:30:36.427-0300] {processor.py:768} INFO - DAG(s) dict_keys(['example_skip_dag']) retrieved from /home/renato/Documentos/datapipeline/.env/lib/python3.10/site-packages/airflow/example_dags/example_skip_dag.py
[2022-10-16T08:30:36.449-0300] {logging_mixin.py:117} INFO - [2022-10-16T08:30:36.449-0300] {dag.py:2573} INFO - Sync 1 DAGs
[2022-10-16T08:30:36.464-0300] {logging_mixin.py:117} INFO - [2022-10-16T08:30:36.464-0300] {dag.py:3324} INFO - Setting next_dagrun for example_skip_dag to 2022-10-15T11:30:36.464226+00:00, run_after=2022-10-16T11:30:36.464226+00:00
[2022-10-16T08:30:36.488-0300] {processor.py:178} INFO - Processing /home/renato/Documentos/datapipeline/.env/lib/python3.10/site-packages/airflow/example_dags/example_skip_dag.py took 0.103 seconds
[2022-10-16T08:31:15.479-0300] {processor.py:156} INFO - Started process (PID=2628) to work on /home/renato/Documentos/datapipeline/.env/lib/python3.10/site-packages/airflow/example_dags/example_skip_dag.py
[2022-10-16T08:31:15.482-0300] {processor.py:758} INFO - Processing file /home/renato/Documentos/datapipeline/.env/lib/python3.10/site-packages/airflow/example_dags/example_skip_dag.py for tasks to queue
[2022-10-16T08:31:15.483-0300] {logging_mixin.py:117} INFO - [2022-10-16T08:31:15.483-0300] {dagbag.py:525} INFO - Filling up the DagBag from /home/renato/Documentos/datapipeline/.env/lib/python3.10/site-packages/airflow/example_dags/example_skip_dag.py
[2022-10-16T08:31:15.502-0300] {processor.py:768} INFO - DAG(s) dict_keys(['example_skip_dag']) retrieved from /home/renato/Documentos/datapipeline/.env/lib/python3.10/site-packages/airflow/example_dags/example_skip_dag.py
[2022-10-16T08:31:15.524-0300] {logging_mixin.py:117} INFO - [2022-10-16T08:31:15.524-0300] {dag.py:2573} INFO - Sync 1 DAGs
[2022-10-16T08:31:15.543-0300] {logging_mixin.py:117} INFO - [2022-10-16T08:31:15.543-0300] {dag.py:3324} INFO - Setting next_dagrun for example_skip_dag to 2022-10-15T11:31:15.543452+00:00, run_after=2022-10-16T11:31:15.543452+00:00
[2022-10-16T08:31:15.568-0300] {processor.py:178} INFO - Processing /home/renato/Documentos/datapipeline/.env/lib/python3.10/site-packages/airflow/example_dags/example_skip_dag.py took 0.094 seconds
[2022-10-16T08:31:52.383-0300] {processor.py:156} INFO - Started process (PID=2669) to work on /home/renato/Documentos/datapipeline/.env/lib/python3.10/site-packages/airflow/example_dags/example_skip_dag.py
[2022-10-16T08:31:52.386-0300] {processor.py:758} INFO - Processing file /home/renato/Documentos/datapipeline/.env/lib/python3.10/site-packages/airflow/example_dags/example_skip_dag.py for tasks to queue
[2022-10-16T08:31:52.388-0300] {logging_mixin.py:117} INFO - [2022-10-16T08:31:52.388-0300] {dagbag.py:525} INFO - Filling up the DagBag from /home/renato/Documentos/datapipeline/.env/lib/python3.10/site-packages/airflow/example_dags/example_skip_dag.py
[2022-10-16T08:31:52.403-0300] {processor.py:768} INFO - DAG(s) dict_keys(['example_skip_dag']) retrieved from /home/renato/Documentos/datapipeline/.env/lib/python3.10/site-packages/airflow/example_dags/example_skip_dag.py
[2022-10-16T08:31:52.423-0300] {logging_mixin.py:117} INFO - [2022-10-16T08:31:52.423-0300] {dag.py:2573} INFO - Sync 1 DAGs
[2022-10-16T08:31:52.439-0300] {logging_mixin.py:117} INFO - [2022-10-16T08:31:52.439-0300] {dag.py:3324} INFO - Setting next_dagrun for example_skip_dag to 2022-10-15T11:31:52.439646+00:00, run_after=2022-10-16T11:31:52.439646+00:00
[2022-10-16T08:31:52.465-0300] {processor.py:178} INFO - Processing /home/renato/Documentos/datapipeline/.env/lib/python3.10/site-packages/airflow/example_dags/example_skip_dag.py took 0.086 seconds
[2022-10-16T08:32:30.646-0300] {processor.py:156} INFO - Started process (PID=3116) to work on /home/renato/Documentos/datapipeline/.env/lib/python3.10/site-packages/airflow/example_dags/example_skip_dag.py
[2022-10-16T08:32:30.647-0300] {processor.py:758} INFO - Processing file /home/renato/Documentos/datapipeline/.env/lib/python3.10/site-packages/airflow/example_dags/example_skip_dag.py for tasks to queue
[2022-10-16T08:32:30.648-0300] {logging_mixin.py:117} INFO - [2022-10-16T08:32:30.648-0300] {dagbag.py:525} INFO - Filling up the DagBag from /home/renato/Documentos/datapipeline/.env/lib/python3.10/site-packages/airflow/example_dags/example_skip_dag.py
[2022-10-16T08:32:30.660-0300] {processor.py:768} INFO - DAG(s) dict_keys(['example_skip_dag']) retrieved from /home/renato/Documentos/datapipeline/.env/lib/python3.10/site-packages/airflow/example_dags/example_skip_dag.py
[2022-10-16T08:32:30.679-0300] {logging_mixin.py:117} INFO - [2022-10-16T08:32:30.679-0300] {dag.py:2573} INFO - Sync 1 DAGs
[2022-10-16T08:32:30.697-0300] {logging_mixin.py:117} INFO - [2022-10-16T08:32:30.696-0300] {dag.py:3324} INFO - Setting next_dagrun for example_skip_dag to 2022-10-15T11:32:30.696596+00:00, run_after=2022-10-16T11:32:30.696596+00:00
[2022-10-16T08:32:30.720-0300] {processor.py:178} INFO - Processing /home/renato/Documentos/datapipeline/.env/lib/python3.10/site-packages/airflow/example_dags/example_skip_dag.py took 0.076 seconds
[2022-10-16T08:33:08.417-0300] {processor.py:156} INFO - Started process (PID=3162) to work on /home/renato/Documentos/datapipeline/.env/lib/python3.10/site-packages/airflow/example_dags/example_skip_dag.py
[2022-10-16T08:33:08.422-0300] {processor.py:758} INFO - Processing file /home/renato/Documentos/datapipeline/.env/lib/python3.10/site-packages/airflow/example_dags/example_skip_dag.py for tasks to queue
[2022-10-16T08:33:08.424-0300] {logging_mixin.py:117} INFO - [2022-10-16T08:33:08.423-0300] {dagbag.py:525} INFO - Filling up the DagBag from /home/renato/Documentos/datapipeline/.env/lib/python3.10/site-packages/airflow/example_dags/example_skip_dag.py
[2022-10-16T08:33:08.448-0300] {processor.py:768} INFO - DAG(s) dict_keys(['example_skip_dag']) retrieved from /home/renato/Documentos/datapipeline/.env/lib/python3.10/site-packages/airflow/example_dags/example_skip_dag.py
[2022-10-16T08:33:08.473-0300] {logging_mixin.py:117} INFO - [2022-10-16T08:33:08.472-0300] {dag.py:2573} INFO - Sync 1 DAGs
[2022-10-16T08:33:08.488-0300] {logging_mixin.py:117} INFO - [2022-10-16T08:33:08.488-0300] {dag.py:3324} INFO - Setting next_dagrun for example_skip_dag to 2022-10-15T11:33:08.488352+00:00, run_after=2022-10-16T11:33:08.488352+00:00
[2022-10-16T08:33:08.510-0300] {processor.py:178} INFO - Processing /home/renato/Documentos/datapipeline/.env/lib/python3.10/site-packages/airflow/example_dags/example_skip_dag.py took 0.101 seconds
[2022-10-16T08:33:49.405-0300] {processor.py:156} INFO - Started process (PID=3204) to work on /home/renato/Documentos/datapipeline/.env/lib/python3.10/site-packages/airflow/example_dags/example_skip_dag.py
[2022-10-16T08:33:49.408-0300] {processor.py:758} INFO - Processing file /home/renato/Documentos/datapipeline/.env/lib/python3.10/site-packages/airflow/example_dags/example_skip_dag.py for tasks to queue
[2022-10-16T08:33:49.409-0300] {logging_mixin.py:117} INFO - [2022-10-16T08:33:49.408-0300] {dagbag.py:525} INFO - Filling up the DagBag from /home/renato/Documentos/datapipeline/.env/lib/python3.10/site-packages/airflow/example_dags/example_skip_dag.py
[2022-10-16T08:33:49.427-0300] {processor.py:768} INFO - DAG(s) dict_keys(['example_skip_dag']) retrieved from /home/renato/Documentos/datapipeline/.env/lib/python3.10/site-packages/airflow/example_dags/example_skip_dag.py
[2022-10-16T08:33:49.446-0300] {logging_mixin.py:117} INFO - [2022-10-16T08:33:49.446-0300] {dag.py:2573} INFO - Sync 1 DAGs
[2022-10-16T08:33:49.462-0300] {logging_mixin.py:117} INFO - [2022-10-16T08:33:49.462-0300] {dag.py:3324} INFO - Setting next_dagrun for example_skip_dag to 2022-10-15T11:33:49.462002+00:00, run_after=2022-10-16T11:33:49.462002+00:00
[2022-10-16T08:33:49.484-0300] {processor.py:178} INFO - Processing /home/renato/Documentos/datapipeline/.env/lib/python3.10/site-packages/airflow/example_dags/example_skip_dag.py took 0.084 seconds
[2022-10-16T08:35:38.182-0300] {processor.py:156} INFO - Started process (PID=3381) to work on /home/renato/Documentos/datapipeline/.env/lib/python3.10/site-packages/airflow/example_dags/example_skip_dag.py
[2022-10-16T08:35:38.186-0300] {processor.py:758} INFO - Processing file /home/renato/Documentos/datapipeline/.env/lib/python3.10/site-packages/airflow/example_dags/example_skip_dag.py for tasks to queue
[2022-10-16T08:35:38.187-0300] {logging_mixin.py:117} INFO - [2022-10-16T08:35:38.187-0300] {dagbag.py:525} INFO - Filling up the DagBag from /home/renato/Documentos/datapipeline/.env/lib/python3.10/site-packages/airflow/example_dags/example_skip_dag.py
[2022-10-16T08:35:38.199-0300] {processor.py:768} INFO - DAG(s) dict_keys(['example_skip_dag']) retrieved from /home/renato/Documentos/datapipeline/.env/lib/python3.10/site-packages/airflow/example_dags/example_skip_dag.py
[2022-10-16T08:35:38.218-0300] {logging_mixin.py:117} INFO - [2022-10-16T08:35:38.218-0300] {dag.py:2573} INFO - Sync 1 DAGs
[2022-10-16T08:35:38.233-0300] {logging_mixin.py:117} INFO - [2022-10-16T08:35:38.233-0300] {dag.py:3324} INFO - Setting next_dagrun for example_skip_dag to 2022-10-15T11:35:38.233013+00:00, run_after=2022-10-16T11:35:38.233013+00:00
[2022-10-16T08:35:38.256-0300] {processor.py:178} INFO - Processing /home/renato/Documentos/datapipeline/.env/lib/python3.10/site-packages/airflow/example_dags/example_skip_dag.py took 0.077 seconds
[2022-10-16T08:36:16.322-0300] {processor.py:156} INFO - Started process (PID=3465) to work on /home/renato/Documentos/datapipeline/.env/lib/python3.10/site-packages/airflow/example_dags/example_skip_dag.py
[2022-10-16T08:36:16.327-0300] {processor.py:758} INFO - Processing file /home/renato/Documentos/datapipeline/.env/lib/python3.10/site-packages/airflow/example_dags/example_skip_dag.py for tasks to queue
[2022-10-16T08:36:16.328-0300] {logging_mixin.py:117} INFO - [2022-10-16T08:36:16.328-0300] {dagbag.py:525} INFO - Filling up the DagBag from /home/renato/Documentos/datapipeline/.env/lib/python3.10/site-packages/airflow/example_dags/example_skip_dag.py
[2022-10-16T08:36:16.343-0300] {processor.py:768} INFO - DAG(s) dict_keys(['example_skip_dag']) retrieved from /home/renato/Documentos/datapipeline/.env/lib/python3.10/site-packages/airflow/example_dags/example_skip_dag.py
[2022-10-16T08:36:16.366-0300] {logging_mixin.py:117} INFO - [2022-10-16T08:36:16.366-0300] {dag.py:2573} INFO - Sync 1 DAGs
[2022-10-16T08:36:16.386-0300] {logging_mixin.py:117} INFO - [2022-10-16T08:36:16.386-0300] {dag.py:3324} INFO - Setting next_dagrun for example_skip_dag to 2022-10-15T11:36:16.386123+00:00, run_after=2022-10-16T11:36:16.386123+00:00
[2022-10-16T08:36:16.422-0300] {processor.py:178} INFO - Processing /home/renato/Documentos/datapipeline/.env/lib/python3.10/site-packages/airflow/example_dags/example_skip_dag.py took 0.105 seconds
