[2022-10-16T07:17:56.178-0300] {processor.py:156} INFO - Started process (PID=5908) to work on /home/renato/Documentos/datapipeline/.env/lib/python3.10/site-packages/airflow/example_dags/example_bash_operator.py
[2022-10-16T07:17:56.180-0300] {processor.py:758} INFO - Processing file /home/renato/Documentos/datapipeline/.env/lib/python3.10/site-packages/airflow/example_dags/example_bash_operator.py for tasks to queue
[2022-10-16T07:17:56.181-0300] {logging_mixin.py:117} INFO - [2022-10-16T07:17:56.181-0300] {dagbag.py:525} INFO - Filling up the DagBag from /home/renato/Documentos/datapipeline/.env/lib/python3.10/site-packages/airflow/example_dags/example_bash_operator.py
[2022-10-16T07:17:56.209-0300] {processor.py:768} INFO - DAG(s) dict_keys(['example_bash_operator']) retrieved from /home/renato/Documentos/datapipeline/.env/lib/python3.10/site-packages/airflow/example_dags/example_bash_operator.py
[2022-10-16T07:17:56.312-0300] {logging_mixin.py:117} INFO - [2022-10-16T07:17:56.312-0300] {manager.py:507} INFO - Created Permission View: can edit on DAG:example_bash_operator
[2022-10-16T07:17:56.326-0300] {logging_mixin.py:117} INFO - [2022-10-16T07:17:56.326-0300] {manager.py:507} INFO - Created Permission View: can read on DAG:example_bash_operator
[2022-10-16T07:17:56.341-0300] {logging_mixin.py:117} INFO - [2022-10-16T07:17:56.341-0300] {manager.py:507} INFO - Created Permission View: can delete on DAG:example_bash_operator
[2022-10-16T07:17:56.341-0300] {logging_mixin.py:117} INFO - [2022-10-16T07:17:56.341-0300] {dag.py:2573} INFO - Sync 1 DAGs
[2022-10-16T07:17:56.350-0300] {logging_mixin.py:117} INFO - [2022-10-16T07:17:56.350-0300] {dag.py:2594} INFO - Creating ORM DAG for example_bash_operator
[2022-10-16T07:17:56.359-0300] {logging_mixin.py:117} INFO - [2022-10-16T07:17:56.359-0300] {dag.py:3324} INFO - Setting next_dagrun for example_bash_operator to 2022-10-15T00:00:00+00:00, run_after=2022-10-16T00:00:00+00:00
[2022-10-16T07:17:56.382-0300] {processor.py:178} INFO - Processing /home/renato/Documentos/datapipeline/.env/lib/python3.10/site-packages/airflow/example_dags/example_bash_operator.py took 0.209 seconds
[2022-10-16T07:18:37.542-0300] {processor.py:156} INFO - Started process (PID=5988) to work on /home/renato/Documentos/datapipeline/.env/lib/python3.10/site-packages/airflow/example_dags/example_bash_operator.py
[2022-10-16T07:18:37.549-0300] {processor.py:758} INFO - Processing file /home/renato/Documentos/datapipeline/.env/lib/python3.10/site-packages/airflow/example_dags/example_bash_operator.py for tasks to queue
[2022-10-16T07:18:37.550-0300] {logging_mixin.py:117} INFO - [2022-10-16T07:18:37.550-0300] {dagbag.py:525} INFO - Filling up the DagBag from /home/renato/Documentos/datapipeline/.env/lib/python3.10/site-packages/airflow/example_dags/example_bash_operator.py
[2022-10-16T07:18:37.581-0300] {processor.py:768} INFO - DAG(s) dict_keys(['example_bash_operator']) retrieved from /home/renato/Documentos/datapipeline/.env/lib/python3.10/site-packages/airflow/example_dags/example_bash_operator.py
[2022-10-16T07:18:37.610-0300] {logging_mixin.py:117} INFO - [2022-10-16T07:18:37.610-0300] {dag.py:2573} INFO - Sync 1 DAGs
[2022-10-16T07:18:37.629-0300] {logging_mixin.py:117} INFO - [2022-10-16T07:18:37.629-0300] {dag.py:3324} INFO - Setting next_dagrun for example_bash_operator to 2022-10-15T00:00:00+00:00, run_after=2022-10-16T00:00:00+00:00
[2022-10-16T07:18:37.664-0300] {processor.py:178} INFO - Processing /home/renato/Documentos/datapipeline/.env/lib/python3.10/site-packages/airflow/example_dags/example_bash_operator.py took 0.129 seconds
[2022-10-16T07:19:14.672-0300] {processor.py:156} INFO - Started process (PID=6053) to work on /home/renato/Documentos/datapipeline/.env/lib/python3.10/site-packages/airflow/example_dags/example_bash_operator.py
[2022-10-16T07:19:14.675-0300] {processor.py:758} INFO - Processing file /home/renato/Documentos/datapipeline/.env/lib/python3.10/site-packages/airflow/example_dags/example_bash_operator.py for tasks to queue
[2022-10-16T07:19:14.676-0300] {logging_mixin.py:117} INFO - [2022-10-16T07:19:14.676-0300] {dagbag.py:525} INFO - Filling up the DagBag from /home/renato/Documentos/datapipeline/.env/lib/python3.10/site-packages/airflow/example_dags/example_bash_operator.py
[2022-10-16T07:19:14.701-0300] {processor.py:768} INFO - DAG(s) dict_keys(['example_bash_operator']) retrieved from /home/renato/Documentos/datapipeline/.env/lib/python3.10/site-packages/airflow/example_dags/example_bash_operator.py
[2022-10-16T07:19:14.728-0300] {logging_mixin.py:117} INFO - [2022-10-16T07:19:14.727-0300] {dag.py:2573} INFO - Sync 1 DAGs
[2022-10-16T07:19:14.745-0300] {logging_mixin.py:117} INFO - [2022-10-16T07:19:14.745-0300] {dag.py:3324} INFO - Setting next_dagrun for example_bash_operator to 2022-10-15T00:00:00+00:00, run_after=2022-10-16T00:00:00+00:00
[2022-10-16T07:19:14.766-0300] {processor.py:178} INFO - Processing /home/renato/Documentos/datapipeline/.env/lib/python3.10/site-packages/airflow/example_dags/example_bash_operator.py took 0.099 seconds
[2022-10-16T07:19:51.983-0300] {processor.py:156} INFO - Started process (PID=6160) to work on /home/renato/Documentos/datapipeline/.env/lib/python3.10/site-packages/airflow/example_dags/example_bash_operator.py
[2022-10-16T07:19:51.984-0300] {processor.py:758} INFO - Processing file /home/renato/Documentos/datapipeline/.env/lib/python3.10/site-packages/airflow/example_dags/example_bash_operator.py for tasks to queue
[2022-10-16T07:19:51.985-0300] {logging_mixin.py:117} INFO - [2022-10-16T07:19:51.985-0300] {dagbag.py:525} INFO - Filling up the DagBag from /home/renato/Documentos/datapipeline/.env/lib/python3.10/site-packages/airflow/example_dags/example_bash_operator.py
[2022-10-16T07:19:52.007-0300] {processor.py:768} INFO - DAG(s) dict_keys(['example_bash_operator']) retrieved from /home/renato/Documentos/datapipeline/.env/lib/python3.10/site-packages/airflow/example_dags/example_bash_operator.py
[2022-10-16T07:19:52.041-0300] {logging_mixin.py:117} INFO - [2022-10-16T07:19:52.041-0300] {dag.py:2573} INFO - Sync 1 DAGs
[2022-10-16T07:19:52.063-0300] {logging_mixin.py:117} INFO - [2022-10-16T07:19:52.063-0300] {dag.py:3324} INFO - Setting next_dagrun for example_bash_operator to 2022-10-15T00:00:00+00:00, run_after=2022-10-16T00:00:00+00:00
[2022-10-16T07:19:52.100-0300] {processor.py:178} INFO - Processing /home/renato/Documentos/datapipeline/.env/lib/python3.10/site-packages/airflow/example_dags/example_bash_operator.py took 0.121 seconds
[2022-10-16T07:20:28.403-0300] {processor.py:156} INFO - Started process (PID=6348) to work on /home/renato/Documentos/datapipeline/.env/lib/python3.10/site-packages/airflow/example_dags/example_bash_operator.py
[2022-10-16T07:20:28.684-0300] {processor.py:758} INFO - Processing file /home/renato/Documentos/datapipeline/.env/lib/python3.10/site-packages/airflow/example_dags/example_bash_operator.py for tasks to queue
[2022-10-16T07:20:28.686-0300] {logging_mixin.py:117} INFO - [2022-10-16T07:20:28.685-0300] {dagbag.py:525} INFO - Filling up the DagBag from /home/renato/Documentos/datapipeline/.env/lib/python3.10/site-packages/airflow/example_dags/example_bash_operator.py
[2022-10-16T07:20:28.745-0300] {processor.py:768} INFO - DAG(s) dict_keys(['example_bash_operator']) retrieved from /home/renato/Documentos/datapipeline/.env/lib/python3.10/site-packages/airflow/example_dags/example_bash_operator.py
[2022-10-16T07:20:28.775-0300] {logging_mixin.py:117} INFO - [2022-10-16T07:20:28.775-0300] {dag.py:2573} INFO - Sync 1 DAGs
[2022-10-16T07:20:28.792-0300] {logging_mixin.py:117} INFO - [2022-10-16T07:20:28.792-0300] {dag.py:3324} INFO - Setting next_dagrun for example_bash_operator to 2022-10-15T00:00:00+00:00, run_after=2022-10-16T00:00:00+00:00
[2022-10-16T07:20:29.546-0300] {processor.py:178} INFO - Processing /home/renato/Documentos/datapipeline/.env/lib/python3.10/site-packages/airflow/example_dags/example_bash_operator.py took 1.148 seconds
[2022-10-16T07:21:08.121-0300] {processor.py:156} INFO - Started process (PID=6417) to work on /home/renato/Documentos/datapipeline/.env/lib/python3.10/site-packages/airflow/example_dags/example_bash_operator.py
[2022-10-16T07:21:08.124-0300] {processor.py:758} INFO - Processing file /home/renato/Documentos/datapipeline/.env/lib/python3.10/site-packages/airflow/example_dags/example_bash_operator.py for tasks to queue
[2022-10-16T07:21:08.125-0300] {logging_mixin.py:117} INFO - [2022-10-16T07:21:08.125-0300] {dagbag.py:525} INFO - Filling up the DagBag from /home/renato/Documentos/datapipeline/.env/lib/python3.10/site-packages/airflow/example_dags/example_bash_operator.py
[2022-10-16T07:21:08.151-0300] {processor.py:768} INFO - DAG(s) dict_keys(['example_bash_operator']) retrieved from /home/renato/Documentos/datapipeline/.env/lib/python3.10/site-packages/airflow/example_dags/example_bash_operator.py
[2022-10-16T07:21:08.177-0300] {logging_mixin.py:117} INFO - [2022-10-16T07:21:08.177-0300] {dag.py:2573} INFO - Sync 1 DAGs
[2022-10-16T07:21:08.195-0300] {logging_mixin.py:117} INFO - [2022-10-16T07:21:08.195-0300] {dag.py:3324} INFO - Setting next_dagrun for example_bash_operator to 2022-10-15T00:00:00+00:00, run_after=2022-10-16T00:00:00+00:00
[2022-10-16T07:21:08.218-0300] {processor.py:178} INFO - Processing /home/renato/Documentos/datapipeline/.env/lib/python3.10/site-packages/airflow/example_dags/example_bash_operator.py took 0.102 seconds
[2022-10-16T07:21:47.697-0300] {processor.py:156} INFO - Started process (PID=6490) to work on /home/renato/Documentos/datapipeline/.env/lib/python3.10/site-packages/airflow/example_dags/example_bash_operator.py
[2022-10-16T07:21:47.699-0300] {processor.py:758} INFO - Processing file /home/renato/Documentos/datapipeline/.env/lib/python3.10/site-packages/airflow/example_dags/example_bash_operator.py for tasks to queue
[2022-10-16T07:21:47.701-0300] {logging_mixin.py:117} INFO - [2022-10-16T07:21:47.700-0300] {dagbag.py:525} INFO - Filling up the DagBag from /home/renato/Documentos/datapipeline/.env/lib/python3.10/site-packages/airflow/example_dags/example_bash_operator.py
[2022-10-16T07:21:47.732-0300] {processor.py:768} INFO - DAG(s) dict_keys(['example_bash_operator']) retrieved from /home/renato/Documentos/datapipeline/.env/lib/python3.10/site-packages/airflow/example_dags/example_bash_operator.py
[2022-10-16T07:21:47.758-0300] {logging_mixin.py:117} INFO - [2022-10-16T07:21:47.758-0300] {dag.py:2573} INFO - Sync 1 DAGs
[2022-10-16T07:21:47.775-0300] {logging_mixin.py:117} INFO - [2022-10-16T07:21:47.775-0300] {dag.py:3324} INFO - Setting next_dagrun for example_bash_operator to 2022-10-15T00:00:00+00:00, run_after=2022-10-16T00:00:00+00:00
[2022-10-16T07:21:47.800-0300] {processor.py:178} INFO - Processing /home/renato/Documentos/datapipeline/.env/lib/python3.10/site-packages/airflow/example_dags/example_bash_operator.py took 0.111 seconds
[2022-10-16T07:22:24.834-0300] {processor.py:156} INFO - Started process (PID=6553) to work on /home/renato/Documentos/datapipeline/.env/lib/python3.10/site-packages/airflow/example_dags/example_bash_operator.py
[2022-10-16T07:22:24.840-0300] {processor.py:758} INFO - Processing file /home/renato/Documentos/datapipeline/.env/lib/python3.10/site-packages/airflow/example_dags/example_bash_operator.py for tasks to queue
[2022-10-16T07:22:24.841-0300] {logging_mixin.py:117} INFO - [2022-10-16T07:22:24.841-0300] {dagbag.py:525} INFO - Filling up the DagBag from /home/renato/Documentos/datapipeline/.env/lib/python3.10/site-packages/airflow/example_dags/example_bash_operator.py
[2022-10-16T07:22:24.884-0300] {processor.py:768} INFO - DAG(s) dict_keys(['example_bash_operator']) retrieved from /home/renato/Documentos/datapipeline/.env/lib/python3.10/site-packages/airflow/example_dags/example_bash_operator.py
[2022-10-16T07:22:24.908-0300] {logging_mixin.py:117} INFO - [2022-10-16T07:22:24.908-0300] {dag.py:2573} INFO - Sync 1 DAGs
[2022-10-16T07:22:24.928-0300] {logging_mixin.py:117} INFO - [2022-10-16T07:22:24.927-0300] {dag.py:3324} INFO - Setting next_dagrun for example_bash_operator to 2022-10-15T00:00:00+00:00, run_after=2022-10-16T00:00:00+00:00
[2022-10-16T07:22:24.961-0300] {processor.py:178} INFO - Processing /home/renato/Documentos/datapipeline/.env/lib/python3.10/site-packages/airflow/example_dags/example_bash_operator.py took 0.132 seconds
[2022-10-16T07:23:02.367-0300] {processor.py:156} INFO - Started process (PID=6620) to work on /home/renato/Documentos/datapipeline/.env/lib/python3.10/site-packages/airflow/example_dags/example_bash_operator.py
[2022-10-16T07:23:02.369-0300] {processor.py:758} INFO - Processing file /home/renato/Documentos/datapipeline/.env/lib/python3.10/site-packages/airflow/example_dags/example_bash_operator.py for tasks to queue
[2022-10-16T07:23:02.370-0300] {logging_mixin.py:117} INFO - [2022-10-16T07:23:02.370-0300] {dagbag.py:525} INFO - Filling up the DagBag from /home/renato/Documentos/datapipeline/.env/lib/python3.10/site-packages/airflow/example_dags/example_bash_operator.py
[2022-10-16T07:23:02.392-0300] {processor.py:768} INFO - DAG(s) dict_keys(['example_bash_operator']) retrieved from /home/renato/Documentos/datapipeline/.env/lib/python3.10/site-packages/airflow/example_dags/example_bash_operator.py
[2022-10-16T07:23:02.419-0300] {logging_mixin.py:117} INFO - [2022-10-16T07:23:02.419-0300] {dag.py:2573} INFO - Sync 1 DAGs
[2022-10-16T07:23:02.439-0300] {logging_mixin.py:117} INFO - [2022-10-16T07:23:02.439-0300] {dag.py:3324} INFO - Setting next_dagrun for example_bash_operator to 2022-10-15T00:00:00+00:00, run_after=2022-10-16T00:00:00+00:00
[2022-10-16T07:23:02.464-0300] {processor.py:178} INFO - Processing /home/renato/Documentos/datapipeline/.env/lib/python3.10/site-packages/airflow/example_dags/example_bash_operator.py took 0.101 seconds
[2022-10-16T07:23:37.285-0300] {processor.py:156} INFO - Started process (PID=6679) to work on /home/renato/Documentos/datapipeline/.env/lib/python3.10/site-packages/airflow/example_dags/example_bash_operator.py
[2022-10-16T07:23:37.288-0300] {processor.py:758} INFO - Processing file /home/renato/Documentos/datapipeline/.env/lib/python3.10/site-packages/airflow/example_dags/example_bash_operator.py for tasks to queue
[2022-10-16T07:23:37.288-0300] {logging_mixin.py:117} INFO - [2022-10-16T07:23:37.288-0300] {dagbag.py:525} INFO - Filling up the DagBag from /home/renato/Documentos/datapipeline/.env/lib/python3.10/site-packages/airflow/example_dags/example_bash_operator.py
[2022-10-16T07:23:37.310-0300] {processor.py:768} INFO - DAG(s) dict_keys(['example_bash_operator']) retrieved from /home/renato/Documentos/datapipeline/.env/lib/python3.10/site-packages/airflow/example_dags/example_bash_operator.py
[2022-10-16T07:23:37.336-0300] {logging_mixin.py:117} INFO - [2022-10-16T07:23:37.336-0300] {dag.py:2573} INFO - Sync 1 DAGs
[2022-10-16T07:23:37.355-0300] {logging_mixin.py:117} INFO - [2022-10-16T07:23:37.355-0300] {dag.py:3324} INFO - Setting next_dagrun for example_bash_operator to 2022-10-15T00:00:00+00:00, run_after=2022-10-16T00:00:00+00:00
[2022-10-16T07:23:37.378-0300] {processor.py:178} INFO - Processing /home/renato/Documentos/datapipeline/.env/lib/python3.10/site-packages/airflow/example_dags/example_bash_operator.py took 0.096 seconds
[2022-10-16T07:24:15.859-0300] {processor.py:156} INFO - Started process (PID=6758) to work on /home/renato/Documentos/datapipeline/.env/lib/python3.10/site-packages/airflow/example_dags/example_bash_operator.py
[2022-10-16T07:24:15.862-0300] {processor.py:758} INFO - Processing file /home/renato/Documentos/datapipeline/.env/lib/python3.10/site-packages/airflow/example_dags/example_bash_operator.py for tasks to queue
[2022-10-16T07:24:15.863-0300] {logging_mixin.py:117} INFO - [2022-10-16T07:24:15.863-0300] {dagbag.py:525} INFO - Filling up the DagBag from /home/renato/Documentos/datapipeline/.env/lib/python3.10/site-packages/airflow/example_dags/example_bash_operator.py
[2022-10-16T07:24:15.892-0300] {processor.py:768} INFO - DAG(s) dict_keys(['example_bash_operator']) retrieved from /home/renato/Documentos/datapipeline/.env/lib/python3.10/site-packages/airflow/example_dags/example_bash_operator.py
[2022-10-16T07:24:15.923-0300] {logging_mixin.py:117} INFO - [2022-10-16T07:24:15.923-0300] {dag.py:2573} INFO - Sync 1 DAGs
[2022-10-16T07:24:15.948-0300] {logging_mixin.py:117} INFO - [2022-10-16T07:24:15.948-0300] {dag.py:3324} INFO - Setting next_dagrun for example_bash_operator to 2022-10-15T00:00:00+00:00, run_after=2022-10-16T00:00:00+00:00
[2022-10-16T07:24:15.973-0300] {processor.py:178} INFO - Processing /home/renato/Documentos/datapipeline/.env/lib/python3.10/site-packages/airflow/example_dags/example_bash_operator.py took 0.117 seconds
[2022-10-16T07:24:55.402-0300] {processor.py:156} INFO - Started process (PID=6827) to work on /home/renato/Documentos/datapipeline/.env/lib/python3.10/site-packages/airflow/example_dags/example_bash_operator.py
[2022-10-16T07:24:55.407-0300] {processor.py:758} INFO - Processing file /home/renato/Documentos/datapipeline/.env/lib/python3.10/site-packages/airflow/example_dags/example_bash_operator.py for tasks to queue
[2022-10-16T07:24:55.408-0300] {logging_mixin.py:117} INFO - [2022-10-16T07:24:55.408-0300] {dagbag.py:525} INFO - Filling up the DagBag from /home/renato/Documentos/datapipeline/.env/lib/python3.10/site-packages/airflow/example_dags/example_bash_operator.py
[2022-10-16T07:24:55.430-0300] {processor.py:768} INFO - DAG(s) dict_keys(['example_bash_operator']) retrieved from /home/renato/Documentos/datapipeline/.env/lib/python3.10/site-packages/airflow/example_dags/example_bash_operator.py
[2022-10-16T07:24:55.456-0300] {logging_mixin.py:117} INFO - [2022-10-16T07:24:55.456-0300] {dag.py:2573} INFO - Sync 1 DAGs
[2022-10-16T07:24:55.475-0300] {logging_mixin.py:117} INFO - [2022-10-16T07:24:55.475-0300] {dag.py:3324} INFO - Setting next_dagrun for example_bash_operator to 2022-10-15T00:00:00+00:00, run_after=2022-10-16T00:00:00+00:00
[2022-10-16T07:24:55.499-0300] {processor.py:178} INFO - Processing /home/renato/Documentos/datapipeline/.env/lib/python3.10/site-packages/airflow/example_dags/example_bash_operator.py took 0.102 seconds
[2022-10-16T07:25:32.543-0300] {processor.py:156} INFO - Started process (PID=7019) to work on /home/renato/Documentos/datapipeline/.env/lib/python3.10/site-packages/airflow/example_dags/example_bash_operator.py
[2022-10-16T07:25:32.545-0300] {processor.py:758} INFO - Processing file /home/renato/Documentos/datapipeline/.env/lib/python3.10/site-packages/airflow/example_dags/example_bash_operator.py for tasks to queue
[2022-10-16T07:25:32.546-0300] {logging_mixin.py:117} INFO - [2022-10-16T07:25:32.546-0300] {dagbag.py:525} INFO - Filling up the DagBag from /home/renato/Documentos/datapipeline/.env/lib/python3.10/site-packages/airflow/example_dags/example_bash_operator.py
[2022-10-16T07:25:32.565-0300] {processor.py:768} INFO - DAG(s) dict_keys(['example_bash_operator']) retrieved from /home/renato/Documentos/datapipeline/.env/lib/python3.10/site-packages/airflow/example_dags/example_bash_operator.py
[2022-10-16T07:25:32.593-0300] {logging_mixin.py:117} INFO - [2022-10-16T07:25:32.593-0300] {dag.py:2573} INFO - Sync 1 DAGs
[2022-10-16T07:25:32.611-0300] {logging_mixin.py:117} INFO - [2022-10-16T07:25:32.611-0300] {dag.py:3324} INFO - Setting next_dagrun for example_bash_operator to 2022-10-15T00:00:00+00:00, run_after=2022-10-16T00:00:00+00:00
[2022-10-16T07:25:32.636-0300] {processor.py:178} INFO - Processing /home/renato/Documentos/datapipeline/.env/lib/python3.10/site-packages/airflow/example_dags/example_bash_operator.py took 0.096 seconds
[2022-10-16T07:26:10.310-0300] {processor.py:156} INFO - Started process (PID=7081) to work on /home/renato/Documentos/datapipeline/.env/lib/python3.10/site-packages/airflow/example_dags/example_bash_operator.py
[2022-10-16T07:26:10.315-0300] {processor.py:758} INFO - Processing file /home/renato/Documentos/datapipeline/.env/lib/python3.10/site-packages/airflow/example_dags/example_bash_operator.py for tasks to queue
[2022-10-16T07:26:10.315-0300] {logging_mixin.py:117} INFO - [2022-10-16T07:26:10.315-0300] {dagbag.py:525} INFO - Filling up the DagBag from /home/renato/Documentos/datapipeline/.env/lib/python3.10/site-packages/airflow/example_dags/example_bash_operator.py
[2022-10-16T07:26:10.333-0300] {processor.py:768} INFO - DAG(s) dict_keys(['example_bash_operator']) retrieved from /home/renato/Documentos/datapipeline/.env/lib/python3.10/site-packages/airflow/example_dags/example_bash_operator.py
[2022-10-16T07:26:10.358-0300] {logging_mixin.py:117} INFO - [2022-10-16T07:26:10.357-0300] {dag.py:2573} INFO - Sync 1 DAGs
[2022-10-16T07:26:10.375-0300] {logging_mixin.py:117} INFO - [2022-10-16T07:26:10.375-0300] {dag.py:3324} INFO - Setting next_dagrun for example_bash_operator to 2022-10-15T00:00:00+00:00, run_after=2022-10-16T00:00:00+00:00
[2022-10-16T07:26:10.397-0300] {processor.py:178} INFO - Processing /home/renato/Documentos/datapipeline/.env/lib/python3.10/site-packages/airflow/example_dags/example_bash_operator.py took 0.090 seconds
[2022-10-16T07:26:51.782-0300] {processor.py:156} INFO - Started process (PID=7167) to work on /home/renato/Documentos/datapipeline/.env/lib/python3.10/site-packages/airflow/example_dags/example_bash_operator.py
[2022-10-16T07:26:51.787-0300] {processor.py:758} INFO - Processing file /home/renato/Documentos/datapipeline/.env/lib/python3.10/site-packages/airflow/example_dags/example_bash_operator.py for tasks to queue
[2022-10-16T07:26:51.788-0300] {logging_mixin.py:117} INFO - [2022-10-16T07:26:51.788-0300] {dagbag.py:525} INFO - Filling up the DagBag from /home/renato/Documentos/datapipeline/.env/lib/python3.10/site-packages/airflow/example_dags/example_bash_operator.py
[2022-10-16T07:26:51.813-0300] {processor.py:768} INFO - DAG(s) dict_keys(['example_bash_operator']) retrieved from /home/renato/Documentos/datapipeline/.env/lib/python3.10/site-packages/airflow/example_dags/example_bash_operator.py
[2022-10-16T07:26:51.838-0300] {logging_mixin.py:117} INFO - [2022-10-16T07:26:51.838-0300] {dag.py:2573} INFO - Sync 1 DAGs
[2022-10-16T07:26:51.854-0300] {logging_mixin.py:117} INFO - [2022-10-16T07:26:51.854-0300] {dag.py:3324} INFO - Setting next_dagrun for example_bash_operator to 2022-10-15T00:00:00+00:00, run_after=2022-10-16T00:00:00+00:00
[2022-10-16T07:26:51.886-0300] {processor.py:178} INFO - Processing /home/renato/Documentos/datapipeline/.env/lib/python3.10/site-packages/airflow/example_dags/example_bash_operator.py took 0.110 seconds
[2022-10-16T07:27:27.823-0300] {processor.py:156} INFO - Started process (PID=7237) to work on /home/renato/Documentos/datapipeline/.env/lib/python3.10/site-packages/airflow/example_dags/example_bash_operator.py
[2022-10-16T07:27:27.825-0300] {processor.py:758} INFO - Processing file /home/renato/Documentos/datapipeline/.env/lib/python3.10/site-packages/airflow/example_dags/example_bash_operator.py for tasks to queue
[2022-10-16T07:27:27.826-0300] {logging_mixin.py:117} INFO - [2022-10-16T07:27:27.826-0300] {dagbag.py:525} INFO - Filling up the DagBag from /home/renato/Documentos/datapipeline/.env/lib/python3.10/site-packages/airflow/example_dags/example_bash_operator.py
[2022-10-16T07:27:27.854-0300] {processor.py:768} INFO - DAG(s) dict_keys(['example_bash_operator']) retrieved from /home/renato/Documentos/datapipeline/.env/lib/python3.10/site-packages/airflow/example_dags/example_bash_operator.py
[2022-10-16T07:27:27.879-0300] {logging_mixin.py:117} INFO - [2022-10-16T07:27:27.879-0300] {dag.py:2573} INFO - Sync 1 DAGs
[2022-10-16T07:27:27.898-0300] {logging_mixin.py:117} INFO - [2022-10-16T07:27:27.898-0300] {dag.py:3324} INFO - Setting next_dagrun for example_bash_operator to 2022-10-15T00:00:00+00:00, run_after=2022-10-16T00:00:00+00:00
[2022-10-16T07:27:27.921-0300] {processor.py:178} INFO - Processing /home/renato/Documentos/datapipeline/.env/lib/python3.10/site-packages/airflow/example_dags/example_bash_operator.py took 0.104 seconds
[2022-10-16T07:28:06.017-0300] {processor.py:156} INFO - Started process (PID=7306) to work on /home/renato/Documentos/datapipeline/.env/lib/python3.10/site-packages/airflow/example_dags/example_bash_operator.py
[2022-10-16T07:28:06.022-0300] {processor.py:758} INFO - Processing file /home/renato/Documentos/datapipeline/.env/lib/python3.10/site-packages/airflow/example_dags/example_bash_operator.py for tasks to queue
[2022-10-16T07:28:06.024-0300] {logging_mixin.py:117} INFO - [2022-10-16T07:28:06.023-0300] {dagbag.py:525} INFO - Filling up the DagBag from /home/renato/Documentos/datapipeline/.env/lib/python3.10/site-packages/airflow/example_dags/example_bash_operator.py
[2022-10-16T07:28:06.050-0300] {processor.py:768} INFO - DAG(s) dict_keys(['example_bash_operator']) retrieved from /home/renato/Documentos/datapipeline/.env/lib/python3.10/site-packages/airflow/example_dags/example_bash_operator.py
[2022-10-16T07:28:06.078-0300] {logging_mixin.py:117} INFO - [2022-10-16T07:28:06.078-0300] {dag.py:2573} INFO - Sync 1 DAGs
[2022-10-16T07:28:06.096-0300] {logging_mixin.py:117} INFO - [2022-10-16T07:28:06.096-0300] {dag.py:3324} INFO - Setting next_dagrun for example_bash_operator to 2022-10-15T00:00:00+00:00, run_after=2022-10-16T00:00:00+00:00
[2022-10-16T07:28:06.120-0300] {processor.py:178} INFO - Processing /home/renato/Documentos/datapipeline/.env/lib/python3.10/site-packages/airflow/example_dags/example_bash_operator.py took 0.107 seconds
[2022-10-16T07:28:47.163-0300] {processor.py:156} INFO - Started process (PID=7381) to work on /home/renato/Documentos/datapipeline/.env/lib/python3.10/site-packages/airflow/example_dags/example_bash_operator.py
[2022-10-16T07:28:47.165-0300] {processor.py:758} INFO - Processing file /home/renato/Documentos/datapipeline/.env/lib/python3.10/site-packages/airflow/example_dags/example_bash_operator.py for tasks to queue
[2022-10-16T07:28:47.166-0300] {logging_mixin.py:117} INFO - [2022-10-16T07:28:47.166-0300] {dagbag.py:525} INFO - Filling up the DagBag from /home/renato/Documentos/datapipeline/.env/lib/python3.10/site-packages/airflow/example_dags/example_bash_operator.py
[2022-10-16T07:28:47.189-0300] {processor.py:768} INFO - DAG(s) dict_keys(['example_bash_operator']) retrieved from /home/renato/Documentos/datapipeline/.env/lib/python3.10/site-packages/airflow/example_dags/example_bash_operator.py
[2022-10-16T07:28:47.220-0300] {logging_mixin.py:117} INFO - [2022-10-16T07:28:47.220-0300] {dag.py:2573} INFO - Sync 1 DAGs
[2022-10-16T07:28:47.241-0300] {logging_mixin.py:117} INFO - [2022-10-16T07:28:47.241-0300] {dag.py:3324} INFO - Setting next_dagrun for example_bash_operator to 2022-10-15T00:00:00+00:00, run_after=2022-10-16T00:00:00+00:00
[2022-10-16T07:28:47.277-0300] {processor.py:178} INFO - Processing /home/renato/Documentos/datapipeline/.env/lib/python3.10/site-packages/airflow/example_dags/example_bash_operator.py took 0.116 seconds
[2022-10-16T07:29:26.850-0300] {processor.py:156} INFO - Started process (PID=7447) to work on /home/renato/Documentos/datapipeline/.env/lib/python3.10/site-packages/airflow/example_dags/example_bash_operator.py
[2022-10-16T07:29:26.855-0300] {processor.py:758} INFO - Processing file /home/renato/Documentos/datapipeline/.env/lib/python3.10/site-packages/airflow/example_dags/example_bash_operator.py for tasks to queue
[2022-10-16T07:29:26.858-0300] {logging_mixin.py:117} INFO - [2022-10-16T07:29:26.857-0300] {dagbag.py:525} INFO - Filling up the DagBag from /home/renato/Documentos/datapipeline/.env/lib/python3.10/site-packages/airflow/example_dags/example_bash_operator.py
[2022-10-16T07:29:26.880-0300] {processor.py:768} INFO - DAG(s) dict_keys(['example_bash_operator']) retrieved from /home/renato/Documentos/datapipeline/.env/lib/python3.10/site-packages/airflow/example_dags/example_bash_operator.py
[2022-10-16T07:29:26.908-0300] {logging_mixin.py:117} INFO - [2022-10-16T07:29:26.907-0300] {dag.py:2573} INFO - Sync 1 DAGs
[2022-10-16T07:29:26.926-0300] {logging_mixin.py:117} INFO - [2022-10-16T07:29:26.926-0300] {dag.py:3324} INFO - Setting next_dagrun for example_bash_operator to 2022-10-15T00:00:00+00:00, run_after=2022-10-16T00:00:00+00:00
[2022-10-16T07:29:26.953-0300] {processor.py:178} INFO - Processing /home/renato/Documentos/datapipeline/.env/lib/python3.10/site-packages/airflow/example_dags/example_bash_operator.py took 0.105 seconds
[2022-10-16T07:30:10.773-0300] {processor.py:156} INFO - Started process (PID=7540) to work on /home/renato/Documentos/datapipeline/.env/lib/python3.10/site-packages/airflow/example_dags/example_bash_operator.py
[2022-10-16T07:30:10.775-0300] {processor.py:758} INFO - Processing file /home/renato/Documentos/datapipeline/.env/lib/python3.10/site-packages/airflow/example_dags/example_bash_operator.py for tasks to queue
[2022-10-16T07:30:10.780-0300] {logging_mixin.py:117} INFO - [2022-10-16T07:30:10.779-0300] {dagbag.py:525} INFO - Filling up the DagBag from /home/renato/Documentos/datapipeline/.env/lib/python3.10/site-packages/airflow/example_dags/example_bash_operator.py
[2022-10-16T07:30:10.804-0300] {processor.py:768} INFO - DAG(s) dict_keys(['example_bash_operator']) retrieved from /home/renato/Documentos/datapipeline/.env/lib/python3.10/site-packages/airflow/example_dags/example_bash_operator.py
[2022-10-16T07:30:10.832-0300] {logging_mixin.py:117} INFO - [2022-10-16T07:30:10.832-0300] {dag.py:2573} INFO - Sync 1 DAGs
[2022-10-16T07:30:10.855-0300] {logging_mixin.py:117} INFO - [2022-10-16T07:30:10.854-0300] {dag.py:3324} INFO - Setting next_dagrun for example_bash_operator to 2022-10-15T00:00:00+00:00, run_after=2022-10-16T00:00:00+00:00
[2022-10-16T07:30:10.888-0300] {processor.py:178} INFO - Processing /home/renato/Documentos/datapipeline/.env/lib/python3.10/site-packages/airflow/example_dags/example_bash_operator.py took 0.118 seconds
[2022-10-16T07:31:54.258-0300] {processor.py:156} INFO - Started process (PID=7912) to work on /home/renato/Documentos/datapipeline/.env/lib/python3.10/site-packages/airflow/example_dags/example_bash_operator.py
[2022-10-16T07:31:54.263-0300] {processor.py:758} INFO - Processing file /home/renato/Documentos/datapipeline/.env/lib/python3.10/site-packages/airflow/example_dags/example_bash_operator.py for tasks to queue
[2022-10-16T07:31:54.264-0300] {logging_mixin.py:117} INFO - [2022-10-16T07:31:54.264-0300] {dagbag.py:525} INFO - Filling up the DagBag from /home/renato/Documentos/datapipeline/.env/lib/python3.10/site-packages/airflow/example_dags/example_bash_operator.py
[2022-10-16T07:31:54.285-0300] {processor.py:768} INFO - DAG(s) dict_keys(['example_bash_operator']) retrieved from /home/renato/Documentos/datapipeline/.env/lib/python3.10/site-packages/airflow/example_dags/example_bash_operator.py
[2022-10-16T07:31:54.310-0300] {logging_mixin.py:117} INFO - [2022-10-16T07:31:54.310-0300] {dag.py:2573} INFO - Sync 1 DAGs
[2022-10-16T07:31:54.331-0300] {logging_mixin.py:117} INFO - [2022-10-16T07:31:54.331-0300] {dag.py:3324} INFO - Setting next_dagrun for example_bash_operator to 2022-10-15T00:00:00+00:00, run_after=2022-10-16T00:00:00+00:00
[2022-10-16T07:31:54.356-0300] {processor.py:178} INFO - Processing /home/renato/Documentos/datapipeline/.env/lib/python3.10/site-packages/airflow/example_dags/example_bash_operator.py took 0.100 seconds
