[2022-10-16T07:17:58.067-0300] {processor.py:156} INFO - Started process (PID=5913) to work on /home/renato/Documentos/datapipeline/.env/lib/python3.10/site-packages/airflow/example_dags/example_dag_decorator.py
[2022-10-16T07:17:58.068-0300] {processor.py:758} INFO - Processing file /home/renato/Documentos/datapipeline/.env/lib/python3.10/site-packages/airflow/example_dags/example_dag_decorator.py for tasks to queue
[2022-10-16T07:17:58.070-0300] {logging_mixin.py:117} INFO - [2022-10-16T07:17:58.070-0300] {dagbag.py:525} INFO - Filling up the DagBag from /home/renato/Documentos/datapipeline/.env/lib/python3.10/site-packages/airflow/example_dags/example_dag_decorator.py
[2022-10-16T07:17:58.111-0300] {processor.py:768} INFO - DAG(s) dict_keys(['example_dag_decorator']) retrieved from /home/renato/Documentos/datapipeline/.env/lib/python3.10/site-packages/airflow/example_dags/example_dag_decorator.py
[2022-10-16T07:17:58.215-0300] {logging_mixin.py:117} INFO - [2022-10-16T07:17:58.215-0300] {manager.py:507} INFO - Created Permission View: can edit on DAG:example_dag_decorator
[2022-10-16T07:17:58.228-0300] {logging_mixin.py:117} INFO - [2022-10-16T07:17:58.228-0300] {manager.py:507} INFO - Created Permission View: can read on DAG:example_dag_decorator
[2022-10-16T07:17:58.240-0300] {logging_mixin.py:117} INFO - [2022-10-16T07:17:58.240-0300] {manager.py:507} INFO - Created Permission View: can delete on DAG:example_dag_decorator
[2022-10-16T07:17:58.241-0300] {logging_mixin.py:117} INFO - [2022-10-16T07:17:58.240-0300] {dag.py:2573} INFO - Sync 1 DAGs
[2022-10-16T07:17:58.250-0300] {logging_mixin.py:117} INFO - [2022-10-16T07:17:58.250-0300] {dag.py:2594} INFO - Creating ORM DAG for example_dag_decorator
[2022-10-16T07:17:58.257-0300] {logging_mixin.py:117} INFO - [2022-10-16T07:17:58.257-0300] {dag.py:3324} INFO - Setting next_dagrun for example_dag_decorator to None, run_after=None
[2022-10-16T07:17:58.281-0300] {processor.py:178} INFO - Processing /home/renato/Documentos/datapipeline/.env/lib/python3.10/site-packages/airflow/example_dags/example_dag_decorator.py took 0.220 seconds
[2022-10-16T07:18:39.006-0300] {processor.py:156} INFO - Started process (PID=5990) to work on /home/renato/Documentos/datapipeline/.env/lib/python3.10/site-packages/airflow/example_dags/example_dag_decorator.py
[2022-10-16T07:18:39.008-0300] {processor.py:758} INFO - Processing file /home/renato/Documentos/datapipeline/.env/lib/python3.10/site-packages/airflow/example_dags/example_dag_decorator.py for tasks to queue
[2022-10-16T07:18:39.010-0300] {logging_mixin.py:117} INFO - [2022-10-16T07:18:39.010-0300] {dagbag.py:525} INFO - Filling up the DagBag from /home/renato/Documentos/datapipeline/.env/lib/python3.10/site-packages/airflow/example_dags/example_dag_decorator.py
[2022-10-16T07:18:39.042-0300] {processor.py:768} INFO - DAG(s) dict_keys(['example_dag_decorator']) retrieved from /home/renato/Documentos/datapipeline/.env/lib/python3.10/site-packages/airflow/example_dags/example_dag_decorator.py
[2022-10-16T07:18:39.085-0300] {logging_mixin.py:117} INFO - [2022-10-16T07:18:39.085-0300] {dag.py:2573} INFO - Sync 1 DAGs
[2022-10-16T07:18:39.099-0300] {logging_mixin.py:117} INFO - [2022-10-16T07:18:39.099-0300] {dag.py:3324} INFO - Setting next_dagrun for example_dag_decorator to None, run_after=None
[2022-10-16T07:18:39.186-0300] {processor.py:178} INFO - Processing /home/renato/Documentos/datapipeline/.env/lib/python3.10/site-packages/airflow/example_dags/example_dag_decorator.py took 0.187 seconds
[2022-10-16T07:19:16.634-0300] {processor.py:156} INFO - Started process (PID=6061) to work on /home/renato/Documentos/datapipeline/.env/lib/python3.10/site-packages/airflow/example_dags/example_dag_decorator.py
[2022-10-16T07:19:16.638-0300] {processor.py:758} INFO - Processing file /home/renato/Documentos/datapipeline/.env/lib/python3.10/site-packages/airflow/example_dags/example_dag_decorator.py for tasks to queue
[2022-10-16T07:19:16.640-0300] {logging_mixin.py:117} INFO - [2022-10-16T07:19:16.639-0300] {dagbag.py:525} INFO - Filling up the DagBag from /home/renato/Documentos/datapipeline/.env/lib/python3.10/site-packages/airflow/example_dags/example_dag_decorator.py
[2022-10-16T07:19:16.680-0300] {processor.py:768} INFO - DAG(s) dict_keys(['example_dag_decorator']) retrieved from /home/renato/Documentos/datapipeline/.env/lib/python3.10/site-packages/airflow/example_dags/example_dag_decorator.py
[2022-10-16T07:19:16.733-0300] {logging_mixin.py:117} INFO - [2022-10-16T07:19:16.733-0300] {dag.py:2573} INFO - Sync 1 DAGs
[2022-10-16T07:19:16.749-0300] {logging_mixin.py:117} INFO - [2022-10-16T07:19:16.749-0300] {dag.py:3324} INFO - Setting next_dagrun for example_dag_decorator to None, run_after=None
[2022-10-16T07:19:16.790-0300] {processor.py:178} INFO - Processing /home/renato/Documentos/datapipeline/.env/lib/python3.10/site-packages/airflow/example_dags/example_dag_decorator.py took 0.160 seconds
[2022-10-16T07:19:54.475-0300] {processor.py:156} INFO - Started process (PID=6163) to work on /home/renato/Documentos/datapipeline/.env/lib/python3.10/site-packages/airflow/example_dags/example_dag_decorator.py
[2022-10-16T07:19:54.477-0300] {processor.py:758} INFO - Processing file /home/renato/Documentos/datapipeline/.env/lib/python3.10/site-packages/airflow/example_dags/example_dag_decorator.py for tasks to queue
[2022-10-16T07:19:54.477-0300] {logging_mixin.py:117} INFO - [2022-10-16T07:19:54.477-0300] {dagbag.py:525} INFO - Filling up the DagBag from /home/renato/Documentos/datapipeline/.env/lib/python3.10/site-packages/airflow/example_dags/example_dag_decorator.py
[2022-10-16T07:19:54.501-0300] {processor.py:768} INFO - DAG(s) dict_keys(['example_dag_decorator']) retrieved from /home/renato/Documentos/datapipeline/.env/lib/python3.10/site-packages/airflow/example_dags/example_dag_decorator.py
[2022-10-16T07:19:54.544-0300] {logging_mixin.py:117} INFO - [2022-10-16T07:19:54.543-0300] {dag.py:2573} INFO - Sync 1 DAGs
[2022-10-16T07:19:54.559-0300] {logging_mixin.py:117} INFO - [2022-10-16T07:19:54.558-0300] {dag.py:3324} INFO - Setting next_dagrun for example_dag_decorator to None, run_after=None
[2022-10-16T07:19:54.583-0300] {processor.py:178} INFO - Processing /home/renato/Documentos/datapipeline/.env/lib/python3.10/site-packages/airflow/example_dags/example_dag_decorator.py took 0.110 seconds
[2022-10-16T07:20:31.620-0300] {processor.py:156} INFO - Started process (PID=6356) to work on /home/renato/Documentos/datapipeline/.env/lib/python3.10/site-packages/airflow/example_dags/example_dag_decorator.py
[2022-10-16T07:20:31.625-0300] {processor.py:758} INFO - Processing file /home/renato/Documentos/datapipeline/.env/lib/python3.10/site-packages/airflow/example_dags/example_dag_decorator.py for tasks to queue
[2022-10-16T07:20:31.625-0300] {logging_mixin.py:117} INFO - [2022-10-16T07:20:31.625-0300] {dagbag.py:525} INFO - Filling up the DagBag from /home/renato/Documentos/datapipeline/.env/lib/python3.10/site-packages/airflow/example_dags/example_dag_decorator.py
[2022-10-16T07:20:31.661-0300] {processor.py:768} INFO - DAG(s) dict_keys(['example_dag_decorator']) retrieved from /home/renato/Documentos/datapipeline/.env/lib/python3.10/site-packages/airflow/example_dags/example_dag_decorator.py
[2022-10-16T07:20:31.703-0300] {logging_mixin.py:117} INFO - [2022-10-16T07:20:31.703-0300] {dag.py:2573} INFO - Sync 1 DAGs
[2022-10-16T07:20:31.718-0300] {logging_mixin.py:117} INFO - [2022-10-16T07:20:31.718-0300] {dag.py:3324} INFO - Setting next_dagrun for example_dag_decorator to None, run_after=None
[2022-10-16T07:20:31.740-0300] {processor.py:178} INFO - Processing /home/renato/Documentos/datapipeline/.env/lib/python3.10/site-packages/airflow/example_dags/example_dag_decorator.py took 0.124 seconds
[2022-10-16T07:21:10.583-0300] {processor.py:156} INFO - Started process (PID=6419) to work on /home/renato/Documentos/datapipeline/.env/lib/python3.10/site-packages/airflow/example_dags/example_dag_decorator.py
[2022-10-16T07:21:10.587-0300] {processor.py:758} INFO - Processing file /home/renato/Documentos/datapipeline/.env/lib/python3.10/site-packages/airflow/example_dags/example_dag_decorator.py for tasks to queue
[2022-10-16T07:21:10.588-0300] {logging_mixin.py:117} INFO - [2022-10-16T07:21:10.588-0300] {dagbag.py:525} INFO - Filling up the DagBag from /home/renato/Documentos/datapipeline/.env/lib/python3.10/site-packages/airflow/example_dags/example_dag_decorator.py
[2022-10-16T07:21:10.614-0300] {processor.py:768} INFO - DAG(s) dict_keys(['example_dag_decorator']) retrieved from /home/renato/Documentos/datapipeline/.env/lib/python3.10/site-packages/airflow/example_dags/example_dag_decorator.py
[2022-10-16T07:21:10.665-0300] {logging_mixin.py:117} INFO - [2022-10-16T07:21:10.665-0300] {dag.py:2573} INFO - Sync 1 DAGs
[2022-10-16T07:21:10.680-0300] {logging_mixin.py:117} INFO - [2022-10-16T07:21:10.680-0300] {dag.py:3324} INFO - Setting next_dagrun for example_dag_decorator to None, run_after=None
[2022-10-16T07:21:10.703-0300] {processor.py:178} INFO - Processing /home/renato/Documentos/datapipeline/.env/lib/python3.10/site-packages/airflow/example_dags/example_dag_decorator.py took 0.122 seconds
[2022-10-16T07:21:49.647-0300] {processor.py:156} INFO - Started process (PID=6494) to work on /home/renato/Documentos/datapipeline/.env/lib/python3.10/site-packages/airflow/example_dags/example_dag_decorator.py
[2022-10-16T07:21:49.650-0300] {processor.py:758} INFO - Processing file /home/renato/Documentos/datapipeline/.env/lib/python3.10/site-packages/airflow/example_dags/example_dag_decorator.py for tasks to queue
[2022-10-16T07:21:49.650-0300] {logging_mixin.py:117} INFO - [2022-10-16T07:21:49.650-0300] {dagbag.py:525} INFO - Filling up the DagBag from /home/renato/Documentos/datapipeline/.env/lib/python3.10/site-packages/airflow/example_dags/example_dag_decorator.py
[2022-10-16T07:21:49.679-0300] {processor.py:768} INFO - DAG(s) dict_keys(['example_dag_decorator']) retrieved from /home/renato/Documentos/datapipeline/.env/lib/python3.10/site-packages/airflow/example_dags/example_dag_decorator.py
[2022-10-16T07:21:49.726-0300] {logging_mixin.py:117} INFO - [2022-10-16T07:21:49.726-0300] {dag.py:2573} INFO - Sync 1 DAGs
[2022-10-16T07:21:49.741-0300] {logging_mixin.py:117} INFO - [2022-10-16T07:21:49.741-0300] {dag.py:3324} INFO - Setting next_dagrun for example_dag_decorator to None, run_after=None
[2022-10-16T07:21:49.768-0300] {processor.py:178} INFO - Processing /home/renato/Documentos/datapipeline/.env/lib/python3.10/site-packages/airflow/example_dags/example_dag_decorator.py took 0.126 seconds
[2022-10-16T07:22:26.752-0300] {processor.py:156} INFO - Started process (PID=6561) to work on /home/renato/Documentos/datapipeline/.env/lib/python3.10/site-packages/airflow/example_dags/example_dag_decorator.py
[2022-10-16T07:22:26.757-0300] {processor.py:758} INFO - Processing file /home/renato/Documentos/datapipeline/.env/lib/python3.10/site-packages/airflow/example_dags/example_dag_decorator.py for tasks to queue
[2022-10-16T07:22:26.758-0300] {logging_mixin.py:117} INFO - [2022-10-16T07:22:26.758-0300] {dagbag.py:525} INFO - Filling up the DagBag from /home/renato/Documentos/datapipeline/.env/lib/python3.10/site-packages/airflow/example_dags/example_dag_decorator.py
[2022-10-16T07:22:26.791-0300] {processor.py:768} INFO - DAG(s) dict_keys(['example_dag_decorator']) retrieved from /home/renato/Documentos/datapipeline/.env/lib/python3.10/site-packages/airflow/example_dags/example_dag_decorator.py
[2022-10-16T07:22:26.839-0300] {logging_mixin.py:117} INFO - [2022-10-16T07:22:26.839-0300] {dag.py:2573} INFO - Sync 1 DAGs
[2022-10-16T07:22:26.854-0300] {logging_mixin.py:117} INFO - [2022-10-16T07:22:26.854-0300] {dag.py:3324} INFO - Setting next_dagrun for example_dag_decorator to None, run_after=None
[2022-10-16T07:22:26.880-0300] {processor.py:178} INFO - Processing /home/renato/Documentos/datapipeline/.env/lib/python3.10/site-packages/airflow/example_dags/example_dag_decorator.py took 0.132 seconds
[2022-10-16T07:23:04.361-0300] {processor.py:156} INFO - Started process (PID=6623) to work on /home/renato/Documentos/datapipeline/.env/lib/python3.10/site-packages/airflow/example_dags/example_dag_decorator.py
[2022-10-16T07:23:04.364-0300] {processor.py:758} INFO - Processing file /home/renato/Documentos/datapipeline/.env/lib/python3.10/site-packages/airflow/example_dags/example_dag_decorator.py for tasks to queue
[2022-10-16T07:23:04.365-0300] {logging_mixin.py:117} INFO - [2022-10-16T07:23:04.365-0300] {dagbag.py:525} INFO - Filling up the DagBag from /home/renato/Documentos/datapipeline/.env/lib/python3.10/site-packages/airflow/example_dags/example_dag_decorator.py
[2022-10-16T07:23:04.397-0300] {processor.py:768} INFO - DAG(s) dict_keys(['example_dag_decorator']) retrieved from /home/renato/Documentos/datapipeline/.env/lib/python3.10/site-packages/airflow/example_dags/example_dag_decorator.py
[2022-10-16T07:23:04.441-0300] {logging_mixin.py:117} INFO - [2022-10-16T07:23:04.441-0300] {dag.py:2573} INFO - Sync 1 DAGs
[2022-10-16T07:23:04.456-0300] {logging_mixin.py:117} INFO - [2022-10-16T07:23:04.456-0300] {dag.py:3324} INFO - Setting next_dagrun for example_dag_decorator to None, run_after=None
[2022-10-16T07:23:04.483-0300] {processor.py:178} INFO - Processing /home/renato/Documentos/datapipeline/.env/lib/python3.10/site-packages/airflow/example_dags/example_dag_decorator.py took 0.126 seconds
[2022-10-16T07:23:42.513-0300] {processor.py:156} INFO - Started process (PID=6690) to work on /home/renato/Documentos/datapipeline/.env/lib/python3.10/site-packages/airflow/example_dags/example_dag_decorator.py
[2022-10-16T07:23:42.516-0300] {processor.py:758} INFO - Processing file /home/renato/Documentos/datapipeline/.env/lib/python3.10/site-packages/airflow/example_dags/example_dag_decorator.py for tasks to queue
[2022-10-16T07:23:42.516-0300] {logging_mixin.py:117} INFO - [2022-10-16T07:23:42.516-0300] {dagbag.py:525} INFO - Filling up the DagBag from /home/renato/Documentos/datapipeline/.env/lib/python3.10/site-packages/airflow/example_dags/example_dag_decorator.py
[2022-10-16T07:23:42.541-0300] {processor.py:768} INFO - DAG(s) dict_keys(['example_dag_decorator']) retrieved from /home/renato/Documentos/datapipeline/.env/lib/python3.10/site-packages/airflow/example_dags/example_dag_decorator.py
[2022-10-16T07:23:42.586-0300] {logging_mixin.py:117} INFO - [2022-10-16T07:23:42.586-0300] {dag.py:2573} INFO - Sync 1 DAGs
[2022-10-16T07:23:42.600-0300] {logging_mixin.py:117} INFO - [2022-10-16T07:23:42.600-0300] {dag.py:3324} INFO - Setting next_dagrun for example_dag_decorator to None, run_after=None
[2022-10-16T07:23:42.625-0300] {processor.py:178} INFO - Processing /home/renato/Documentos/datapipeline/.env/lib/python3.10/site-packages/airflow/example_dags/example_dag_decorator.py took 0.115 seconds
[2022-10-16T07:24:18.353-0300] {processor.py:156} INFO - Started process (PID=6760) to work on /home/renato/Documentos/datapipeline/.env/lib/python3.10/site-packages/airflow/example_dags/example_dag_decorator.py
[2022-10-16T07:24:18.362-0300] {processor.py:758} INFO - Processing file /home/renato/Documentos/datapipeline/.env/lib/python3.10/site-packages/airflow/example_dags/example_dag_decorator.py for tasks to queue
[2022-10-16T07:24:18.363-0300] {logging_mixin.py:117} INFO - [2022-10-16T07:24:18.363-0300] {dagbag.py:525} INFO - Filling up the DagBag from /home/renato/Documentos/datapipeline/.env/lib/python3.10/site-packages/airflow/example_dags/example_dag_decorator.py
[2022-10-16T07:24:18.409-0300] {processor.py:768} INFO - DAG(s) dict_keys(['example_dag_decorator']) retrieved from /home/renato/Documentos/datapipeline/.env/lib/python3.10/site-packages/airflow/example_dags/example_dag_decorator.py
[2022-10-16T07:24:18.459-0300] {logging_mixin.py:117} INFO - [2022-10-16T07:24:18.458-0300] {dag.py:2573} INFO - Sync 1 DAGs
[2022-10-16T07:24:18.473-0300] {logging_mixin.py:117} INFO - [2022-10-16T07:24:18.473-0300] {dag.py:3324} INFO - Setting next_dagrun for example_dag_decorator to None, run_after=None
[2022-10-16T07:24:18.541-0300] {processor.py:178} INFO - Processing /home/renato/Documentos/datapipeline/.env/lib/python3.10/site-packages/airflow/example_dags/example_dag_decorator.py took 0.194 seconds
[2022-10-16T07:24:57.582-0300] {processor.py:156} INFO - Started process (PID=6835) to work on /home/renato/Documentos/datapipeline/.env/lib/python3.10/site-packages/airflow/example_dags/example_dag_decorator.py
[2022-10-16T07:24:57.587-0300] {processor.py:758} INFO - Processing file /home/renato/Documentos/datapipeline/.env/lib/python3.10/site-packages/airflow/example_dags/example_dag_decorator.py for tasks to queue
[2022-10-16T07:24:57.587-0300] {logging_mixin.py:117} INFO - [2022-10-16T07:24:57.587-0300] {dagbag.py:525} INFO - Filling up the DagBag from /home/renato/Documentos/datapipeline/.env/lib/python3.10/site-packages/airflow/example_dags/example_dag_decorator.py
[2022-10-16T07:24:57.613-0300] {processor.py:768} INFO - DAG(s) dict_keys(['example_dag_decorator']) retrieved from /home/renato/Documentos/datapipeline/.env/lib/python3.10/site-packages/airflow/example_dags/example_dag_decorator.py
[2022-10-16T07:24:57.657-0300] {logging_mixin.py:117} INFO - [2022-10-16T07:24:57.657-0300] {dag.py:2573} INFO - Sync 1 DAGs
[2022-10-16T07:24:57.673-0300] {logging_mixin.py:117} INFO - [2022-10-16T07:24:57.673-0300] {dag.py:3324} INFO - Setting next_dagrun for example_dag_decorator to None, run_after=None
[2022-10-16T07:24:57.698-0300] {processor.py:178} INFO - Processing /home/renato/Documentos/datapipeline/.env/lib/python3.10/site-packages/airflow/example_dags/example_dag_decorator.py took 0.118 seconds
[2022-10-16T07:25:34.566-0300] {processor.py:156} INFO - Started process (PID=7022) to work on /home/renato/Documentos/datapipeline/.env/lib/python3.10/site-packages/airflow/example_dags/example_dag_decorator.py
[2022-10-16T07:25:34.572-0300] {processor.py:758} INFO - Processing file /home/renato/Documentos/datapipeline/.env/lib/python3.10/site-packages/airflow/example_dags/example_dag_decorator.py for tasks to queue
[2022-10-16T07:25:34.573-0300] {logging_mixin.py:117} INFO - [2022-10-16T07:25:34.572-0300] {dagbag.py:525} INFO - Filling up the DagBag from /home/renato/Documentos/datapipeline/.env/lib/python3.10/site-packages/airflow/example_dags/example_dag_decorator.py
[2022-10-16T07:25:34.609-0300] {processor.py:768} INFO - DAG(s) dict_keys(['example_dag_decorator']) retrieved from /home/renato/Documentos/datapipeline/.env/lib/python3.10/site-packages/airflow/example_dags/example_dag_decorator.py
[2022-10-16T07:25:34.653-0300] {logging_mixin.py:117} INFO - [2022-10-16T07:25:34.653-0300] {dag.py:2573} INFO - Sync 1 DAGs
[2022-10-16T07:25:34.669-0300] {logging_mixin.py:117} INFO - [2022-10-16T07:25:34.668-0300] {dag.py:3324} INFO - Setting next_dagrun for example_dag_decorator to None, run_after=None
[2022-10-16T07:25:34.692-0300] {processor.py:178} INFO - Processing /home/renato/Documentos/datapipeline/.env/lib/python3.10/site-packages/airflow/example_dags/example_dag_decorator.py took 0.130 seconds
[2022-10-16T07:26:12.684-0300] {processor.py:156} INFO - Started process (PID=7089) to work on /home/renato/Documentos/datapipeline/.env/lib/python3.10/site-packages/airflow/example_dags/example_dag_decorator.py
[2022-10-16T07:26:12.686-0300] {processor.py:758} INFO - Processing file /home/renato/Documentos/datapipeline/.env/lib/python3.10/site-packages/airflow/example_dags/example_dag_decorator.py for tasks to queue
[2022-10-16T07:26:12.687-0300] {logging_mixin.py:117} INFO - [2022-10-16T07:26:12.687-0300] {dagbag.py:525} INFO - Filling up the DagBag from /home/renato/Documentos/datapipeline/.env/lib/python3.10/site-packages/airflow/example_dags/example_dag_decorator.py
[2022-10-16T07:26:12.714-0300] {processor.py:768} INFO - DAG(s) dict_keys(['example_dag_decorator']) retrieved from /home/renato/Documentos/datapipeline/.env/lib/python3.10/site-packages/airflow/example_dags/example_dag_decorator.py
[2022-10-16T07:26:12.758-0300] {logging_mixin.py:117} INFO - [2022-10-16T07:26:12.757-0300] {dag.py:2573} INFO - Sync 1 DAGs
[2022-10-16T07:26:12.772-0300] {logging_mixin.py:117} INFO - [2022-10-16T07:26:12.772-0300] {dag.py:3324} INFO - Setting next_dagrun for example_dag_decorator to None, run_after=None
[2022-10-16T07:26:12.796-0300] {processor.py:178} INFO - Processing /home/renato/Documentos/datapipeline/.env/lib/python3.10/site-packages/airflow/example_dags/example_dag_decorator.py took 0.115 seconds
[2022-10-16T07:26:53.555-0300] {processor.py:156} INFO - Started process (PID=7170) to work on /home/renato/Documentos/datapipeline/.env/lib/python3.10/site-packages/airflow/example_dags/example_dag_decorator.py
[2022-10-16T07:26:53.558-0300] {processor.py:758} INFO - Processing file /home/renato/Documentos/datapipeline/.env/lib/python3.10/site-packages/airflow/example_dags/example_dag_decorator.py for tasks to queue
[2022-10-16T07:26:53.559-0300] {logging_mixin.py:117} INFO - [2022-10-16T07:26:53.558-0300] {dagbag.py:525} INFO - Filling up the DagBag from /home/renato/Documentos/datapipeline/.env/lib/python3.10/site-packages/airflow/example_dags/example_dag_decorator.py
[2022-10-16T07:26:53.589-0300] {processor.py:768} INFO - DAG(s) dict_keys(['example_dag_decorator']) retrieved from /home/renato/Documentos/datapipeline/.env/lib/python3.10/site-packages/airflow/example_dags/example_dag_decorator.py
[2022-10-16T07:26:53.631-0300] {logging_mixin.py:117} INFO - [2022-10-16T07:26:53.631-0300] {dag.py:2573} INFO - Sync 1 DAGs
[2022-10-16T07:26:53.645-0300] {logging_mixin.py:117} INFO - [2022-10-16T07:26:53.644-0300] {dag.py:3324} INFO - Setting next_dagrun for example_dag_decorator to None, run_after=None
[2022-10-16T07:26:53.667-0300] {processor.py:178} INFO - Processing /home/renato/Documentos/datapipeline/.env/lib/python3.10/site-packages/airflow/example_dags/example_dag_decorator.py took 0.119 seconds
[2022-10-16T07:27:29.428-0300] {processor.py:156} INFO - Started process (PID=7239) to work on /home/renato/Documentos/datapipeline/.env/lib/python3.10/site-packages/airflow/example_dags/example_dag_decorator.py
[2022-10-16T07:27:29.433-0300] {processor.py:758} INFO - Processing file /home/renato/Documentos/datapipeline/.env/lib/python3.10/site-packages/airflow/example_dags/example_dag_decorator.py for tasks to queue
[2022-10-16T07:27:29.433-0300] {logging_mixin.py:117} INFO - [2022-10-16T07:27:29.433-0300] {dagbag.py:525} INFO - Filling up the DagBag from /home/renato/Documentos/datapipeline/.env/lib/python3.10/site-packages/airflow/example_dags/example_dag_decorator.py
[2022-10-16T07:27:29.459-0300] {processor.py:768} INFO - DAG(s) dict_keys(['example_dag_decorator']) retrieved from /home/renato/Documentos/datapipeline/.env/lib/python3.10/site-packages/airflow/example_dags/example_dag_decorator.py
[2022-10-16T07:27:29.505-0300] {logging_mixin.py:117} INFO - [2022-10-16T07:27:29.505-0300] {dag.py:2573} INFO - Sync 1 DAGs
[2022-10-16T07:27:29.520-0300] {logging_mixin.py:117} INFO - [2022-10-16T07:27:29.520-0300] {dag.py:3324} INFO - Setting next_dagrun for example_dag_decorator to None, run_after=None
[2022-10-16T07:27:29.547-0300] {processor.py:178} INFO - Processing /home/renato/Documentos/datapipeline/.env/lib/python3.10/site-packages/airflow/example_dags/example_dag_decorator.py took 0.121 seconds
[2022-10-16T07:28:19.987-0300] {processor.py:156} INFO - Started process (PID=7325) to work on /home/renato/Documentos/datapipeline/.env/lib/python3.10/site-packages/airflow/example_dags/example_dag_decorator.py
[2022-10-16T07:28:19.993-0300] {processor.py:758} INFO - Processing file /home/renato/Documentos/datapipeline/.env/lib/python3.10/site-packages/airflow/example_dags/example_dag_decorator.py for tasks to queue
[2022-10-16T07:28:19.994-0300] {logging_mixin.py:117} INFO - [2022-10-16T07:28:19.994-0300] {dagbag.py:525} INFO - Filling up the DagBag from /home/renato/Documentos/datapipeline/.env/lib/python3.10/site-packages/airflow/example_dags/example_dag_decorator.py
[2022-10-16T07:28:20.030-0300] {processor.py:768} INFO - DAG(s) dict_keys(['example_dag_decorator']) retrieved from /home/renato/Documentos/datapipeline/.env/lib/python3.10/site-packages/airflow/example_dags/example_dag_decorator.py
[2022-10-16T07:28:20.082-0300] {logging_mixin.py:117} INFO - [2022-10-16T07:28:20.081-0300] {dag.py:2573} INFO - Sync 1 DAGs
[2022-10-16T07:28:20.099-0300] {logging_mixin.py:117} INFO - [2022-10-16T07:28:20.099-0300] {dag.py:3324} INFO - Setting next_dagrun for example_dag_decorator to None, run_after=None
[2022-10-16T07:28:20.154-0300] {processor.py:178} INFO - Processing /home/renato/Documentos/datapipeline/.env/lib/python3.10/site-packages/airflow/example_dags/example_dag_decorator.py took 0.176 seconds
[2022-10-16T07:28:55.253-0300] {processor.py:156} INFO - Started process (PID=7398) to work on /home/renato/Documentos/datapipeline/.env/lib/python3.10/site-packages/airflow/example_dags/example_dag_decorator.py
[2022-10-16T07:28:55.257-0300] {processor.py:758} INFO - Processing file /home/renato/Documentos/datapipeline/.env/lib/python3.10/site-packages/airflow/example_dags/example_dag_decorator.py for tasks to queue
[2022-10-16T07:28:55.260-0300] {logging_mixin.py:117} INFO - [2022-10-16T07:28:55.259-0300] {dagbag.py:525} INFO - Filling up the DagBag from /home/renato/Documentos/datapipeline/.env/lib/python3.10/site-packages/airflow/example_dags/example_dag_decorator.py
[2022-10-16T07:28:55.317-0300] {processor.py:768} INFO - DAG(s) dict_keys(['example_dag_decorator']) retrieved from /home/renato/Documentos/datapipeline/.env/lib/python3.10/site-packages/airflow/example_dags/example_dag_decorator.py
[2022-10-16T07:28:55.471-0300] {logging_mixin.py:117} INFO - [2022-10-16T07:28:55.471-0300] {dag.py:2573} INFO - Sync 1 DAGs
[2022-10-16T07:28:55.498-0300] {logging_mixin.py:117} INFO - [2022-10-16T07:28:55.498-0300] {dag.py:3324} INFO - Setting next_dagrun for example_dag_decorator to None, run_after=None
[2022-10-16T07:28:55.640-0300] {processor.py:178} INFO - Processing /home/renato/Documentos/datapipeline/.env/lib/python3.10/site-packages/airflow/example_dags/example_dag_decorator.py took 0.390 seconds
[2022-10-16T07:29:34.615-0300] {processor.py:156} INFO - Started process (PID=7461) to work on /home/renato/Documentos/datapipeline/.env/lib/python3.10/site-packages/airflow/example_dags/example_dag_decorator.py
[2022-10-16T07:29:34.619-0300] {processor.py:758} INFO - Processing file /home/renato/Documentos/datapipeline/.env/lib/python3.10/site-packages/airflow/example_dags/example_dag_decorator.py for tasks to queue
[2022-10-16T07:29:34.620-0300] {logging_mixin.py:117} INFO - [2022-10-16T07:29:34.620-0300] {dagbag.py:525} INFO - Filling up the DagBag from /home/renato/Documentos/datapipeline/.env/lib/python3.10/site-packages/airflow/example_dags/example_dag_decorator.py
[2022-10-16T07:29:34.651-0300] {processor.py:768} INFO - DAG(s) dict_keys(['example_dag_decorator']) retrieved from /home/renato/Documentos/datapipeline/.env/lib/python3.10/site-packages/airflow/example_dags/example_dag_decorator.py
[2022-10-16T07:29:34.707-0300] {logging_mixin.py:117} INFO - [2022-10-16T07:29:34.706-0300] {dag.py:2573} INFO - Sync 1 DAGs
[2022-10-16T07:29:34.728-0300] {logging_mixin.py:117} INFO - [2022-10-16T07:29:34.728-0300] {dag.py:3324} INFO - Setting next_dagrun for example_dag_decorator to None, run_after=None
[2022-10-16T07:29:34.768-0300] {processor.py:178} INFO - Processing /home/renato/Documentos/datapipeline/.env/lib/python3.10/site-packages/airflow/example_dags/example_dag_decorator.py took 0.157 seconds
[2022-10-16T07:31:15.622-0300] {processor.py:156} INFO - Started process (PID=7846) to work on /home/renato/Documentos/datapipeline/.env/lib/python3.10/site-packages/airflow/example_dags/example_dag_decorator.py
[2022-10-16T07:31:15.628-0300] {processor.py:758} INFO - Processing file /home/renato/Documentos/datapipeline/.env/lib/python3.10/site-packages/airflow/example_dags/example_dag_decorator.py for tasks to queue
[2022-10-16T07:31:15.628-0300] {logging_mixin.py:117} INFO - [2022-10-16T07:31:15.628-0300] {dagbag.py:525} INFO - Filling up the DagBag from /home/renato/Documentos/datapipeline/.env/lib/python3.10/site-packages/airflow/example_dags/example_dag_decorator.py
[2022-10-16T07:31:15.662-0300] {processor.py:768} INFO - DAG(s) dict_keys(['example_dag_decorator']) retrieved from /home/renato/Documentos/datapipeline/.env/lib/python3.10/site-packages/airflow/example_dags/example_dag_decorator.py
[2022-10-16T07:31:15.722-0300] {logging_mixin.py:117} INFO - [2022-10-16T07:31:15.722-0300] {dag.py:2573} INFO - Sync 1 DAGs
[2022-10-16T07:31:15.741-0300] {logging_mixin.py:117} INFO - [2022-10-16T07:31:15.741-0300] {dag.py:3324} INFO - Setting next_dagrun for example_dag_decorator to None, run_after=None
[2022-10-16T07:31:15.764-0300] {processor.py:178} INFO - Processing /home/renato/Documentos/datapipeline/.env/lib/python3.10/site-packages/airflow/example_dags/example_dag_decorator.py took 0.144 seconds
[2022-10-16T08:30:49.353-0300] {processor.py:156} INFO - Started process (PID=2583) to work on /home/renato/Documentos/datapipeline/.env/lib/python3.10/site-packages/airflow/example_dags/example_dag_decorator.py
[2022-10-16T08:30:49.355-0300] {processor.py:758} INFO - Processing file /home/renato/Documentos/datapipeline/.env/lib/python3.10/site-packages/airflow/example_dags/example_dag_decorator.py for tasks to queue
[2022-10-16T08:30:49.356-0300] {logging_mixin.py:117} INFO - [2022-10-16T08:30:49.356-0300] {dagbag.py:525} INFO - Filling up the DagBag from /home/renato/Documentos/datapipeline/.env/lib/python3.10/site-packages/airflow/example_dags/example_dag_decorator.py
[2022-10-16T08:30:49.386-0300] {processor.py:768} INFO - DAG(s) dict_keys(['example_dag_decorator']) retrieved from /home/renato/Documentos/datapipeline/.env/lib/python3.10/site-packages/airflow/example_dags/example_dag_decorator.py
[2022-10-16T08:30:49.429-0300] {logging_mixin.py:117} INFO - [2022-10-16T08:30:49.429-0300] {dag.py:2573} INFO - Sync 1 DAGs
[2022-10-16T08:30:49.442-0300] {logging_mixin.py:117} INFO - [2022-10-16T08:30:49.442-0300] {dag.py:3324} INFO - Setting next_dagrun for example_dag_decorator to None, run_after=None
[2022-10-16T08:30:49.464-0300] {processor.py:178} INFO - Processing /home/renato/Documentos/datapipeline/.env/lib/python3.10/site-packages/airflow/example_dags/example_dag_decorator.py took 0.120 seconds
[2022-10-16T08:31:25.936-0300] {processor.py:156} INFO - Started process (PID=2639) to work on /home/renato/Documentos/datapipeline/.env/lib/python3.10/site-packages/airflow/example_dags/example_dag_decorator.py
[2022-10-16T08:31:25.938-0300] {processor.py:758} INFO - Processing file /home/renato/Documentos/datapipeline/.env/lib/python3.10/site-packages/airflow/example_dags/example_dag_decorator.py for tasks to queue
[2022-10-16T08:31:25.939-0300] {logging_mixin.py:117} INFO - [2022-10-16T08:31:25.939-0300] {dagbag.py:525} INFO - Filling up the DagBag from /home/renato/Documentos/datapipeline/.env/lib/python3.10/site-packages/airflow/example_dags/example_dag_decorator.py
[2022-10-16T08:31:25.980-0300] {processor.py:768} INFO - DAG(s) dict_keys(['example_dag_decorator']) retrieved from /home/renato/Documentos/datapipeline/.env/lib/python3.10/site-packages/airflow/example_dags/example_dag_decorator.py
[2022-10-16T08:31:26.028-0300] {logging_mixin.py:117} INFO - [2022-10-16T08:31:26.028-0300] {dag.py:2573} INFO - Sync 1 DAGs
[2022-10-16T08:31:26.044-0300] {logging_mixin.py:117} INFO - [2022-10-16T08:31:26.044-0300] {dag.py:3324} INFO - Setting next_dagrun for example_dag_decorator to None, run_after=None
[2022-10-16T08:31:26.070-0300] {processor.py:178} INFO - Processing /home/renato/Documentos/datapipeline/.env/lib/python3.10/site-packages/airflow/example_dags/example_dag_decorator.py took 0.142 seconds
[2022-10-16T08:32:06.462-0300] {processor.py:156} INFO - Started process (PID=2682) to work on /home/renato/Documentos/datapipeline/.env/lib/python3.10/site-packages/airflow/example_dags/example_dag_decorator.py
[2022-10-16T08:32:06.466-0300] {processor.py:758} INFO - Processing file /home/renato/Documentos/datapipeline/.env/lib/python3.10/site-packages/airflow/example_dags/example_dag_decorator.py for tasks to queue
[2022-10-16T08:32:06.467-0300] {logging_mixin.py:117} INFO - [2022-10-16T08:32:06.466-0300] {dagbag.py:525} INFO - Filling up the DagBag from /home/renato/Documentos/datapipeline/.env/lib/python3.10/site-packages/airflow/example_dags/example_dag_decorator.py
[2022-10-16T08:32:06.490-0300] {processor.py:768} INFO - DAG(s) dict_keys(['example_dag_decorator']) retrieved from /home/renato/Documentos/datapipeline/.env/lib/python3.10/site-packages/airflow/example_dags/example_dag_decorator.py
[2022-10-16T08:32:06.538-0300] {logging_mixin.py:117} INFO - [2022-10-16T08:32:06.538-0300] {dag.py:2573} INFO - Sync 1 DAGs
[2022-10-16T08:32:06.558-0300] {logging_mixin.py:117} INFO - [2022-10-16T08:32:06.558-0300] {dag.py:3324} INFO - Setting next_dagrun for example_dag_decorator to None, run_after=None
[2022-10-16T08:32:06.583-0300] {processor.py:178} INFO - Processing /home/renato/Documentos/datapipeline/.env/lib/python3.10/site-packages/airflow/example_dags/example_dag_decorator.py took 0.123 seconds
[2022-10-16T08:32:43.047-0300] {processor.py:156} INFO - Started process (PID=3138) to work on /home/renato/Documentos/datapipeline/.env/lib/python3.10/site-packages/airflow/example_dags/example_dag_decorator.py
[2022-10-16T08:32:43.052-0300] {processor.py:758} INFO - Processing file /home/renato/Documentos/datapipeline/.env/lib/python3.10/site-packages/airflow/example_dags/example_dag_decorator.py for tasks to queue
[2022-10-16T08:32:43.052-0300] {logging_mixin.py:117} INFO - [2022-10-16T08:32:43.052-0300] {dagbag.py:525} INFO - Filling up the DagBag from /home/renato/Documentos/datapipeline/.env/lib/python3.10/site-packages/airflow/example_dags/example_dag_decorator.py
[2022-10-16T08:32:43.085-0300] {processor.py:768} INFO - DAG(s) dict_keys(['example_dag_decorator']) retrieved from /home/renato/Documentos/datapipeline/.env/lib/python3.10/site-packages/airflow/example_dags/example_dag_decorator.py
[2022-10-16T08:32:43.130-0300] {logging_mixin.py:117} INFO - [2022-10-16T08:32:43.129-0300] {dag.py:2573} INFO - Sync 1 DAGs
[2022-10-16T08:32:43.145-0300] {logging_mixin.py:117} INFO - [2022-10-16T08:32:43.145-0300] {dag.py:3324} INFO - Setting next_dagrun for example_dag_decorator to None, run_after=None
[2022-10-16T08:32:43.172-0300] {processor.py:178} INFO - Processing /home/renato/Documentos/datapipeline/.env/lib/python3.10/site-packages/airflow/example_dags/example_dag_decorator.py took 0.128 seconds
[2022-10-16T08:33:23.932-0300] {processor.py:156} INFO - Started process (PID=3176) to work on /home/renato/Documentos/datapipeline/.env/lib/python3.10/site-packages/airflow/example_dags/example_dag_decorator.py
[2022-10-16T08:33:23.934-0300] {processor.py:758} INFO - Processing file /home/renato/Documentos/datapipeline/.env/lib/python3.10/site-packages/airflow/example_dags/example_dag_decorator.py for tasks to queue
[2022-10-16T08:33:23.934-0300] {logging_mixin.py:117} INFO - [2022-10-16T08:33:23.934-0300] {dagbag.py:525} INFO - Filling up the DagBag from /home/renato/Documentos/datapipeline/.env/lib/python3.10/site-packages/airflow/example_dags/example_dag_decorator.py
[2022-10-16T08:33:23.960-0300] {processor.py:768} INFO - DAG(s) dict_keys(['example_dag_decorator']) retrieved from /home/renato/Documentos/datapipeline/.env/lib/python3.10/site-packages/airflow/example_dags/example_dag_decorator.py
[2022-10-16T08:33:24.004-0300] {logging_mixin.py:117} INFO - [2022-10-16T08:33:24.004-0300] {dag.py:2573} INFO - Sync 1 DAGs
[2022-10-16T08:33:24.020-0300] {logging_mixin.py:117} INFO - [2022-10-16T08:33:24.020-0300] {dag.py:3324} INFO - Setting next_dagrun for example_dag_decorator to None, run_after=None
[2022-10-16T08:33:24.043-0300] {processor.py:178} INFO - Processing /home/renato/Documentos/datapipeline/.env/lib/python3.10/site-packages/airflow/example_dags/example_dag_decorator.py took 0.113 seconds
[2022-10-16T08:34:05.510-0300] {processor.py:156} INFO - Started process (PID=3219) to work on /home/renato/Documentos/datapipeline/.env/lib/python3.10/site-packages/airflow/example_dags/example_dag_decorator.py
[2022-10-16T08:34:05.517-0300] {processor.py:758} INFO - Processing file /home/renato/Documentos/datapipeline/.env/lib/python3.10/site-packages/airflow/example_dags/example_dag_decorator.py for tasks to queue
[2022-10-16T08:34:05.518-0300] {logging_mixin.py:117} INFO - [2022-10-16T08:34:05.518-0300] {dagbag.py:525} INFO - Filling up the DagBag from /home/renato/Documentos/datapipeline/.env/lib/python3.10/site-packages/airflow/example_dags/example_dag_decorator.py
[2022-10-16T08:34:05.552-0300] {processor.py:768} INFO - DAG(s) dict_keys(['example_dag_decorator']) retrieved from /home/renato/Documentos/datapipeline/.env/lib/python3.10/site-packages/airflow/example_dags/example_dag_decorator.py
[2022-10-16T08:34:05.601-0300] {logging_mixin.py:117} INFO - [2022-10-16T08:34:05.601-0300] {dag.py:2573} INFO - Sync 1 DAGs
[2022-10-16T08:34:05.620-0300] {logging_mixin.py:117} INFO - [2022-10-16T08:34:05.619-0300] {dag.py:3324} INFO - Setting next_dagrun for example_dag_decorator to None, run_after=None
[2022-10-16T08:34:05.648-0300] {processor.py:178} INFO - Processing /home/renato/Documentos/datapipeline/.env/lib/python3.10/site-packages/airflow/example_dags/example_dag_decorator.py took 0.141 seconds
[2022-10-16T08:35:49.939-0300] {processor.py:156} INFO - Started process (PID=3392) to work on /home/renato/Documentos/datapipeline/.env/lib/python3.10/site-packages/airflow/example_dags/example_dag_decorator.py
[2022-10-16T08:35:49.945-0300] {processor.py:758} INFO - Processing file /home/renato/Documentos/datapipeline/.env/lib/python3.10/site-packages/airflow/example_dags/example_dag_decorator.py for tasks to queue
[2022-10-16T08:35:49.945-0300] {logging_mixin.py:117} INFO - [2022-10-16T08:35:49.945-0300] {dagbag.py:525} INFO - Filling up the DagBag from /home/renato/Documentos/datapipeline/.env/lib/python3.10/site-packages/airflow/example_dags/example_dag_decorator.py
[2022-10-16T08:35:49.980-0300] {processor.py:768} INFO - DAG(s) dict_keys(['example_dag_decorator']) retrieved from /home/renato/Documentos/datapipeline/.env/lib/python3.10/site-packages/airflow/example_dags/example_dag_decorator.py
[2022-10-16T08:35:50.039-0300] {logging_mixin.py:117} INFO - [2022-10-16T08:35:50.038-0300] {dag.py:2573} INFO - Sync 1 DAGs
[2022-10-16T08:35:50.055-0300] {logging_mixin.py:117} INFO - [2022-10-16T08:35:50.055-0300] {dag.py:3324} INFO - Setting next_dagrun for example_dag_decorator to None, run_after=None
[2022-10-16T08:35:50.081-0300] {processor.py:178} INFO - Processing /home/renato/Documentos/datapipeline/.env/lib/python3.10/site-packages/airflow/example_dags/example_dag_decorator.py took 0.145 seconds
