[2022-10-16T07:17:38.532-0300] {processor.py:156} INFO - Started process (PID=5878) to work on /home/renato/Documentos/datapipeline/.env/lib/python3.10/site-packages/airflow/example_dags/example_sla_dag.py
[2022-10-16T07:17:38.533-0300] {processor.py:758} INFO - Processing file /home/renato/Documentos/datapipeline/.env/lib/python3.10/site-packages/airflow/example_dags/example_sla_dag.py for tasks to queue
[2022-10-16T07:17:38.534-0300] {logging_mixin.py:117} INFO - [2022-10-16T07:17:38.534-0300] {dagbag.py:525} INFO - Filling up the DagBag from /home/renato/Documentos/datapipeline/.env/lib/python3.10/site-packages/airflow/example_dags/example_sla_dag.py
[2022-10-16T07:17:38.571-0300] {processor.py:768} INFO - DAG(s) dict_keys(['example_sla_dag']) retrieved from /home/renato/Documentos/datapipeline/.env/lib/python3.10/site-packages/airflow/example_dags/example_sla_dag.py
[2022-10-16T07:17:38.670-0300] {logging_mixin.py:117} INFO - [2022-10-16T07:17:38.670-0300] {manager.py:507} INFO - Created Permission View: can edit on DAG:example_sla_dag
[2022-10-16T07:17:38.684-0300] {logging_mixin.py:117} INFO - [2022-10-16T07:17:38.684-0300] {manager.py:507} INFO - Created Permission View: can read on DAG:example_sla_dag
[2022-10-16T07:17:38.696-0300] {logging_mixin.py:117} INFO - [2022-10-16T07:17:38.696-0300] {manager.py:507} INFO - Created Permission View: can delete on DAG:example_sla_dag
[2022-10-16T07:17:38.697-0300] {logging_mixin.py:117} INFO - [2022-10-16T07:17:38.696-0300] {dag.py:2573} INFO - Sync 1 DAGs
[2022-10-16T07:17:38.705-0300] {logging_mixin.py:117} INFO - [2022-10-16T07:17:38.704-0300] {dag.py:2594} INFO - Creating ORM DAG for example_sla_dag
[2022-10-16T07:17:38.715-0300] {logging_mixin.py:117} INFO - [2022-10-16T07:17:38.715-0300] {dag.py:3324} INFO - Setting next_dagrun for example_sla_dag to 2022-10-16T10:14:00+00:00, run_after=2022-10-16T10:16:00+00:00
[2022-10-16T07:17:38.736-0300] {processor.py:178} INFO - Processing /home/renato/Documentos/datapipeline/.env/lib/python3.10/site-packages/airflow/example_dags/example_sla_dag.py took 0.211 seconds
[2022-10-16T07:18:22.810-0300] {processor.py:156} INFO - Started process (PID=5956) to work on /home/renato/Documentos/datapipeline/.env/lib/python3.10/site-packages/airflow/example_dags/example_sla_dag.py
[2022-10-16T07:18:22.815-0300] {processor.py:758} INFO - Processing file /home/renato/Documentos/datapipeline/.env/lib/python3.10/site-packages/airflow/example_dags/example_sla_dag.py for tasks to queue
[2022-10-16T07:18:22.817-0300] {logging_mixin.py:117} INFO - [2022-10-16T07:18:22.816-0300] {dagbag.py:525} INFO - Filling up the DagBag from /home/renato/Documentos/datapipeline/.env/lib/python3.10/site-packages/airflow/example_dags/example_sla_dag.py
[2022-10-16T07:18:22.848-0300] {processor.py:768} INFO - DAG(s) dict_keys(['example_sla_dag']) retrieved from /home/renato/Documentos/datapipeline/.env/lib/python3.10/site-packages/airflow/example_dags/example_sla_dag.py
[2022-10-16T07:18:22.867-0300] {logging_mixin.py:117} INFO - [2022-10-16T07:18:22.867-0300] {dag.py:2573} INFO - Sync 1 DAGs
[2022-10-16T07:18:22.886-0300] {logging_mixin.py:117} INFO - [2022-10-16T07:18:22.886-0300] {dag.py:3324} INFO - Setting next_dagrun for example_sla_dag to 2022-10-16T10:16:00+00:00, run_after=2022-10-16T10:18:00+00:00
[2022-10-16T07:18:22.907-0300] {processor.py:178} INFO - Processing /home/renato/Documentos/datapipeline/.env/lib/python3.10/site-packages/airflow/example_dags/example_sla_dag.py took 0.107 seconds
[2022-10-16T07:18:59.780-0300] {processor.py:156} INFO - Started process (PID=6030) to work on /home/renato/Documentos/datapipeline/.env/lib/python3.10/site-packages/airflow/example_dags/example_sla_dag.py
[2022-10-16T07:18:59.782-0300] {processor.py:758} INFO - Processing file /home/renato/Documentos/datapipeline/.env/lib/python3.10/site-packages/airflow/example_dags/example_sla_dag.py for tasks to queue
[2022-10-16T07:18:59.783-0300] {logging_mixin.py:117} INFO - [2022-10-16T07:18:59.783-0300] {dagbag.py:525} INFO - Filling up the DagBag from /home/renato/Documentos/datapipeline/.env/lib/python3.10/site-packages/airflow/example_dags/example_sla_dag.py
[2022-10-16T07:18:59.811-0300] {processor.py:768} INFO - DAG(s) dict_keys(['example_sla_dag']) retrieved from /home/renato/Documentos/datapipeline/.env/lib/python3.10/site-packages/airflow/example_dags/example_sla_dag.py
[2022-10-16T07:18:59.830-0300] {logging_mixin.py:117} INFO - [2022-10-16T07:18:59.830-0300] {dag.py:2573} INFO - Sync 1 DAGs
[2022-10-16T07:18:59.849-0300] {logging_mixin.py:117} INFO - [2022-10-16T07:18:59.849-0300] {dag.py:3324} INFO - Setting next_dagrun for example_sla_dag to 2022-10-16T10:16:00+00:00, run_after=2022-10-16T10:18:00+00:00
[2022-10-16T07:18:59.870-0300] {processor.py:178} INFO - Processing /home/renato/Documentos/datapipeline/.env/lib/python3.10/site-packages/airflow/example_dags/example_sla_dag.py took 0.094 seconds
[2022-10-16T07:19:36.492-0300] {processor.py:156} INFO - Started process (PID=6102) to work on /home/renato/Documentos/datapipeline/.env/lib/python3.10/site-packages/airflow/example_dags/example_sla_dag.py
[2022-10-16T07:19:36.495-0300] {processor.py:758} INFO - Processing file /home/renato/Documentos/datapipeline/.env/lib/python3.10/site-packages/airflow/example_dags/example_sla_dag.py for tasks to queue
[2022-10-16T07:19:36.495-0300] {logging_mixin.py:117} INFO - [2022-10-16T07:19:36.495-0300] {dagbag.py:525} INFO - Filling up the DagBag from /home/renato/Documentos/datapipeline/.env/lib/python3.10/site-packages/airflow/example_dags/example_sla_dag.py
[2022-10-16T07:19:36.519-0300] {processor.py:768} INFO - DAG(s) dict_keys(['example_sla_dag']) retrieved from /home/renato/Documentos/datapipeline/.env/lib/python3.10/site-packages/airflow/example_dags/example_sla_dag.py
[2022-10-16T07:19:36.540-0300] {logging_mixin.py:117} INFO - [2022-10-16T07:19:36.540-0300] {dag.py:2573} INFO - Sync 1 DAGs
[2022-10-16T07:19:36.560-0300] {logging_mixin.py:117} INFO - [2022-10-16T07:19:36.560-0300] {dag.py:3324} INFO - Setting next_dagrun for example_sla_dag to 2022-10-16T10:16:00+00:00, run_after=2022-10-16T10:18:00+00:00
[2022-10-16T07:19:36.582-0300] {processor.py:178} INFO - Processing /home/renato/Documentos/datapipeline/.env/lib/python3.10/site-packages/airflow/example_dags/example_sla_dag.py took 0.093 seconds
[2022-10-16T07:20:13.248-0300] {processor.py:156} INFO - Started process (PID=6200) to work on /home/renato/Documentos/datapipeline/.env/lib/python3.10/site-packages/airflow/example_dags/example_sla_dag.py
[2022-10-16T07:20:13.249-0300] {processor.py:758} INFO - Processing file /home/renato/Documentos/datapipeline/.env/lib/python3.10/site-packages/airflow/example_dags/example_sla_dag.py for tasks to queue
[2022-10-16T07:20:13.250-0300] {logging_mixin.py:117} INFO - [2022-10-16T07:20:13.250-0300] {dagbag.py:525} INFO - Filling up the DagBag from /home/renato/Documentos/datapipeline/.env/lib/python3.10/site-packages/airflow/example_dags/example_sla_dag.py
[2022-10-16T07:20:13.272-0300] {processor.py:768} INFO - DAG(s) dict_keys(['example_sla_dag']) retrieved from /home/renato/Documentos/datapipeline/.env/lib/python3.10/site-packages/airflow/example_dags/example_sla_dag.py
[2022-10-16T07:20:13.294-0300] {logging_mixin.py:117} INFO - [2022-10-16T07:20:13.294-0300] {dag.py:2573} INFO - Sync 1 DAGs
[2022-10-16T07:20:13.314-0300] {logging_mixin.py:117} INFO - [2022-10-16T07:20:13.314-0300] {dag.py:3324} INFO - Setting next_dagrun for example_sla_dag to 2022-10-16T10:18:00+00:00, run_after=2022-10-16T10:20:00+00:00
[2022-10-16T07:20:13.340-0300] {processor.py:178} INFO - Processing /home/renato/Documentos/datapipeline/.env/lib/python3.10/site-packages/airflow/example_dags/example_sla_dag.py took 0.095 seconds
[2022-10-16T07:20:50.753-0300] {processor.py:156} INFO - Started process (PID=6388) to work on /home/renato/Documentos/datapipeline/.env/lib/python3.10/site-packages/airflow/example_dags/example_sla_dag.py
[2022-10-16T07:20:50.756-0300] {processor.py:758} INFO - Processing file /home/renato/Documentos/datapipeline/.env/lib/python3.10/site-packages/airflow/example_dags/example_sla_dag.py for tasks to queue
[2022-10-16T07:20:50.756-0300] {logging_mixin.py:117} INFO - [2022-10-16T07:20:50.756-0300] {dagbag.py:525} INFO - Filling up the DagBag from /home/renato/Documentos/datapipeline/.env/lib/python3.10/site-packages/airflow/example_dags/example_sla_dag.py
[2022-10-16T07:20:50.778-0300] {processor.py:768} INFO - DAG(s) dict_keys(['example_sla_dag']) retrieved from /home/renato/Documentos/datapipeline/.env/lib/python3.10/site-packages/airflow/example_dags/example_sla_dag.py
[2022-10-16T07:20:50.799-0300] {logging_mixin.py:117} INFO - [2022-10-16T07:20:50.798-0300] {dag.py:2573} INFO - Sync 1 DAGs
[2022-10-16T07:20:50.819-0300] {logging_mixin.py:117} INFO - [2022-10-16T07:20:50.818-0300] {dag.py:3324} INFO - Setting next_dagrun for example_sla_dag to 2022-10-16T10:18:00+00:00, run_after=2022-10-16T10:20:00+00:00
[2022-10-16T07:20:50.850-0300] {processor.py:178} INFO - Processing /home/renato/Documentos/datapipeline/.env/lib/python3.10/site-packages/airflow/example_dags/example_sla_dag.py took 0.099 seconds
[2022-10-16T07:21:27.752-0300] {processor.py:156} INFO - Started process (PID=6451) to work on /home/renato/Documentos/datapipeline/.env/lib/python3.10/site-packages/airflow/example_dags/example_sla_dag.py
[2022-10-16T07:21:27.757-0300] {processor.py:758} INFO - Processing file /home/renato/Documentos/datapipeline/.env/lib/python3.10/site-packages/airflow/example_dags/example_sla_dag.py for tasks to queue
[2022-10-16T07:21:27.757-0300] {logging_mixin.py:117} INFO - [2022-10-16T07:21:27.757-0300] {dagbag.py:525} INFO - Filling up the DagBag from /home/renato/Documentos/datapipeline/.env/lib/python3.10/site-packages/airflow/example_dags/example_sla_dag.py
[2022-10-16T07:21:27.779-0300] {processor.py:768} INFO - DAG(s) dict_keys(['example_sla_dag']) retrieved from /home/renato/Documentos/datapipeline/.env/lib/python3.10/site-packages/airflow/example_dags/example_sla_dag.py
[2022-10-16T07:21:27.798-0300] {logging_mixin.py:117} INFO - [2022-10-16T07:21:27.798-0300] {dag.py:2573} INFO - Sync 1 DAGs
[2022-10-16T07:21:27.816-0300] {logging_mixin.py:117} INFO - [2022-10-16T07:21:27.816-0300] {dag.py:3324} INFO - Setting next_dagrun for example_sla_dag to 2022-10-16T10:18:00+00:00, run_after=2022-10-16T10:20:00+00:00
[2022-10-16T07:21:27.839-0300] {processor.py:178} INFO - Processing /home/renato/Documentos/datapipeline/.env/lib/python3.10/site-packages/airflow/example_dags/example_sla_dag.py took 0.090 seconds
[2022-10-16T07:22:03.393-0300] {processor.py:156} INFO - Started process (PID=6517) to work on /home/renato/Documentos/datapipeline/.env/lib/python3.10/site-packages/airflow/example_dags/example_sla_dag.py
[2022-10-16T07:22:03.398-0300] {processor.py:758} INFO - Processing file /home/renato/Documentos/datapipeline/.env/lib/python3.10/site-packages/airflow/example_dags/example_sla_dag.py for tasks to queue
[2022-10-16T07:22:03.399-0300] {logging_mixin.py:117} INFO - [2022-10-16T07:22:03.399-0300] {dagbag.py:525} INFO - Filling up the DagBag from /home/renato/Documentos/datapipeline/.env/lib/python3.10/site-packages/airflow/example_dags/example_sla_dag.py
[2022-10-16T07:22:03.419-0300] {processor.py:768} INFO - DAG(s) dict_keys(['example_sla_dag']) retrieved from /home/renato/Documentos/datapipeline/.env/lib/python3.10/site-packages/airflow/example_dags/example_sla_dag.py
[2022-10-16T07:22:03.439-0300] {logging_mixin.py:117} INFO - [2022-10-16T07:22:03.439-0300] {dag.py:2573} INFO - Sync 1 DAGs
[2022-10-16T07:22:03.458-0300] {logging_mixin.py:117} INFO - [2022-10-16T07:22:03.458-0300] {dag.py:3324} INFO - Setting next_dagrun for example_sla_dag to 2022-10-16T10:20:00+00:00, run_after=2022-10-16T10:22:00+00:00
[2022-10-16T07:22:03.486-0300] {processor.py:178} INFO - Processing /home/renato/Documentos/datapipeline/.env/lib/python3.10/site-packages/airflow/example_dags/example_sla_dag.py took 0.095 seconds
[2022-10-16T07:22:38.937-0300] {processor.py:156} INFO - Started process (PID=6583) to work on /home/renato/Documentos/datapipeline/.env/lib/python3.10/site-packages/airflow/example_dags/example_sla_dag.py
[2022-10-16T07:22:38.940-0300] {processor.py:758} INFO - Processing file /home/renato/Documentos/datapipeline/.env/lib/python3.10/site-packages/airflow/example_dags/example_sla_dag.py for tasks to queue
[2022-10-16T07:22:38.941-0300] {logging_mixin.py:117} INFO - [2022-10-16T07:22:38.941-0300] {dagbag.py:525} INFO - Filling up the DagBag from /home/renato/Documentos/datapipeline/.env/lib/python3.10/site-packages/airflow/example_dags/example_sla_dag.py
[2022-10-16T07:22:38.969-0300] {processor.py:768} INFO - DAG(s) dict_keys(['example_sla_dag']) retrieved from /home/renato/Documentos/datapipeline/.env/lib/python3.10/site-packages/airflow/example_dags/example_sla_dag.py
[2022-10-16T07:22:38.990-0300] {logging_mixin.py:117} INFO - [2022-10-16T07:22:38.990-0300] {dag.py:2573} INFO - Sync 1 DAGs
[2022-10-16T07:22:39.012-0300] {logging_mixin.py:117} INFO - [2022-10-16T07:22:39.012-0300] {dag.py:3324} INFO - Setting next_dagrun for example_sla_dag to 2022-10-16T10:20:00+00:00, run_after=2022-10-16T10:22:00+00:00
[2022-10-16T07:22:39.039-0300] {processor.py:178} INFO - Processing /home/renato/Documentos/datapipeline/.env/lib/python3.10/site-packages/airflow/example_dags/example_sla_dag.py took 0.109 seconds
[2022-10-16T07:23:15.860-0300] {processor.py:156} INFO - Started process (PID=6643) to work on /home/renato/Documentos/datapipeline/.env/lib/python3.10/site-packages/airflow/example_dags/example_sla_dag.py
[2022-10-16T07:23:15.865-0300] {processor.py:758} INFO - Processing file /home/renato/Documentos/datapipeline/.env/lib/python3.10/site-packages/airflow/example_dags/example_sla_dag.py for tasks to queue
[2022-10-16T07:23:15.867-0300] {logging_mixin.py:117} INFO - [2022-10-16T07:23:15.866-0300] {dagbag.py:525} INFO - Filling up the DagBag from /home/renato/Documentos/datapipeline/.env/lib/python3.10/site-packages/airflow/example_dags/example_sla_dag.py
[2022-10-16T07:23:15.929-0300] {processor.py:768} INFO - DAG(s) dict_keys(['example_sla_dag']) retrieved from /home/renato/Documentos/datapipeline/.env/lib/python3.10/site-packages/airflow/example_dags/example_sla_dag.py
[2022-10-16T07:23:15.957-0300] {logging_mixin.py:117} INFO - [2022-10-16T07:23:15.956-0300] {dag.py:2573} INFO - Sync 1 DAGs
[2022-10-16T07:23:15.980-0300] {logging_mixin.py:117} INFO - [2022-10-16T07:23:15.980-0300] {dag.py:3324} INFO - Setting next_dagrun for example_sla_dag to 2022-10-16T10:20:00+00:00, run_after=2022-10-16T10:22:00+00:00
[2022-10-16T07:23:16.004-0300] {processor.py:178} INFO - Processing /home/renato/Documentos/datapipeline/.env/lib/python3.10/site-packages/airflow/example_dags/example_sla_dag.py took 0.151 seconds
[2022-10-16T07:23:51.453-0300] {processor.py:156} INFO - Started process (PID=6705) to work on /home/renato/Documentos/datapipeline/.env/lib/python3.10/site-packages/airflow/example_dags/example_sla_dag.py
[2022-10-16T07:23:51.458-0300] {processor.py:758} INFO - Processing file /home/renato/Documentos/datapipeline/.env/lib/python3.10/site-packages/airflow/example_dags/example_sla_dag.py for tasks to queue
[2022-10-16T07:23:51.458-0300] {logging_mixin.py:117} INFO - [2022-10-16T07:23:51.458-0300] {dagbag.py:525} INFO - Filling up the DagBag from /home/renato/Documentos/datapipeline/.env/lib/python3.10/site-packages/airflow/example_dags/example_sla_dag.py
[2022-10-16T07:23:51.481-0300] {processor.py:768} INFO - DAG(s) dict_keys(['example_sla_dag']) retrieved from /home/renato/Documentos/datapipeline/.env/lib/python3.10/site-packages/airflow/example_dags/example_sla_dag.py
[2022-10-16T07:23:51.510-0300] {logging_mixin.py:117} INFO - [2022-10-16T07:23:51.510-0300] {dag.py:2573} INFO - Sync 1 DAGs
[2022-10-16T07:23:51.530-0300] {logging_mixin.py:117} INFO - [2022-10-16T07:23:51.530-0300] {dag.py:3324} INFO - Setting next_dagrun for example_sla_dag to 2022-10-16T10:20:00+00:00, run_after=2022-10-16T10:22:00+00:00
[2022-10-16T07:23:51.552-0300] {processor.py:178} INFO - Processing /home/renato/Documentos/datapipeline/.env/lib/python3.10/site-packages/airflow/example_dags/example_sla_dag.py took 0.104 seconds
[2022-10-16T07:24:26.108-0300] {processor.py:156} INFO - Started process (PID=6777) to work on /home/renato/Documentos/datapipeline/.env/lib/python3.10/site-packages/airflow/example_dags/example_sla_dag.py
[2022-10-16T07:24:26.110-0300] {processor.py:758} INFO - Processing file /home/renato/Documentos/datapipeline/.env/lib/python3.10/site-packages/airflow/example_dags/example_sla_dag.py for tasks to queue
[2022-10-16T07:24:26.111-0300] {logging_mixin.py:117} INFO - [2022-10-16T07:24:26.111-0300] {dagbag.py:525} INFO - Filling up the DagBag from /home/renato/Documentos/datapipeline/.env/lib/python3.10/site-packages/airflow/example_dags/example_sla_dag.py
[2022-10-16T07:24:26.136-0300] {processor.py:768} INFO - DAG(s) dict_keys(['example_sla_dag']) retrieved from /home/renato/Documentos/datapipeline/.env/lib/python3.10/site-packages/airflow/example_dags/example_sla_dag.py
[2022-10-16T07:24:26.160-0300] {logging_mixin.py:117} INFO - [2022-10-16T07:24:26.159-0300] {dag.py:2573} INFO - Sync 1 DAGs
[2022-10-16T07:24:26.183-0300] {logging_mixin.py:117} INFO - [2022-10-16T07:24:26.182-0300] {dag.py:3324} INFO - Setting next_dagrun for example_sla_dag to 2022-10-16T10:22:00+00:00, run_after=2022-10-16T10:24:00+00:00
[2022-10-16T07:24:26.208-0300] {processor.py:178} INFO - Processing /home/renato/Documentos/datapipeline/.env/lib/python3.10/site-packages/airflow/example_dags/example_sla_dag.py took 0.103 seconds
[2022-10-16T07:25:04.104-0300] {processor.py:156} INFO - Started process (PID=6842) to work on /home/renato/Documentos/datapipeline/.env/lib/python3.10/site-packages/airflow/example_dags/example_sla_dag.py
[2022-10-16T07:25:04.112-0300] {processor.py:758} INFO - Processing file /home/renato/Documentos/datapipeline/.env/lib/python3.10/site-packages/airflow/example_dags/example_sla_dag.py for tasks to queue
[2022-10-16T07:25:04.114-0300] {logging_mixin.py:117} INFO - [2022-10-16T07:25:04.113-0300] {dagbag.py:525} INFO - Filling up the DagBag from /home/renato/Documentos/datapipeline/.env/lib/python3.10/site-packages/airflow/example_dags/example_sla_dag.py
[2022-10-16T07:25:04.140-0300] {processor.py:768} INFO - DAG(s) dict_keys(['example_sla_dag']) retrieved from /home/renato/Documentos/datapipeline/.env/lib/python3.10/site-packages/airflow/example_dags/example_sla_dag.py
[2022-10-16T07:25:04.159-0300] {logging_mixin.py:117} INFO - [2022-10-16T07:25:04.159-0300] {dag.py:2573} INFO - Sync 1 DAGs
[2022-10-16T07:25:04.178-0300] {logging_mixin.py:117} INFO - [2022-10-16T07:25:04.178-0300] {dag.py:3324} INFO - Setting next_dagrun for example_sla_dag to 2022-10-16T10:22:00+00:00, run_after=2022-10-16T10:24:00+00:00
[2022-10-16T07:25:04.200-0300] {processor.py:178} INFO - Processing /home/renato/Documentos/datapipeline/.env/lib/python3.10/site-packages/airflow/example_dags/example_sla_dag.py took 0.103 seconds
[2022-10-16T07:25:40.316-0300] {processor.py:156} INFO - Started process (PID=7036) to work on /home/renato/Documentos/datapipeline/.env/lib/python3.10/site-packages/airflow/example_dags/example_sla_dag.py
[2022-10-16T07:25:40.320-0300] {processor.py:758} INFO - Processing file /home/renato/Documentos/datapipeline/.env/lib/python3.10/site-packages/airflow/example_dags/example_sla_dag.py for tasks to queue
[2022-10-16T07:25:40.321-0300] {logging_mixin.py:117} INFO - [2022-10-16T07:25:40.321-0300] {dagbag.py:525} INFO - Filling up the DagBag from /home/renato/Documentos/datapipeline/.env/lib/python3.10/site-packages/airflow/example_dags/example_sla_dag.py
[2022-10-16T07:25:40.352-0300] {processor.py:768} INFO - DAG(s) dict_keys(['example_sla_dag']) retrieved from /home/renato/Documentos/datapipeline/.env/lib/python3.10/site-packages/airflow/example_dags/example_sla_dag.py
[2022-10-16T07:25:40.374-0300] {logging_mixin.py:117} INFO - [2022-10-16T07:25:40.374-0300] {dag.py:2573} INFO - Sync 1 DAGs
[2022-10-16T07:25:40.394-0300] {logging_mixin.py:117} INFO - [2022-10-16T07:25:40.394-0300] {dag.py:3324} INFO - Setting next_dagrun for example_sla_dag to 2022-10-16T10:22:00+00:00, run_after=2022-10-16T10:24:00+00:00
[2022-10-16T07:25:40.417-0300] {processor.py:178} INFO - Processing /home/renato/Documentos/datapipeline/.env/lib/python3.10/site-packages/airflow/example_dags/example_sla_dag.py took 0.107 seconds
[2022-10-16T07:26:21.330-0300] {processor.py:156} INFO - Started process (PID=7102) to work on /home/renato/Documentos/datapipeline/.env/lib/python3.10/site-packages/airflow/example_dags/example_sla_dag.py
[2022-10-16T07:26:21.333-0300] {processor.py:758} INFO - Processing file /home/renato/Documentos/datapipeline/.env/lib/python3.10/site-packages/airflow/example_dags/example_sla_dag.py for tasks to queue
[2022-10-16T07:26:21.333-0300] {logging_mixin.py:117} INFO - [2022-10-16T07:26:21.333-0300] {dagbag.py:525} INFO - Filling up the DagBag from /home/renato/Documentos/datapipeline/.env/lib/python3.10/site-packages/airflow/example_dags/example_sla_dag.py
[2022-10-16T07:26:21.359-0300] {processor.py:768} INFO - DAG(s) dict_keys(['example_sla_dag']) retrieved from /home/renato/Documentos/datapipeline/.env/lib/python3.10/site-packages/airflow/example_dags/example_sla_dag.py
[2022-10-16T07:26:21.381-0300] {logging_mixin.py:117} INFO - [2022-10-16T07:26:21.381-0300] {dag.py:2573} INFO - Sync 1 DAGs
[2022-10-16T07:26:21.402-0300] {logging_mixin.py:117} INFO - [2022-10-16T07:26:21.402-0300] {dag.py:3324} INFO - Setting next_dagrun for example_sla_dag to 2022-10-16T10:24:00+00:00, run_after=2022-10-16T10:26:00+00:00
[2022-10-16T07:26:21.435-0300] {processor.py:178} INFO - Processing /home/renato/Documentos/datapipeline/.env/lib/python3.10/site-packages/airflow/example_dags/example_sla_dag.py took 0.110 seconds
[2022-10-16T07:27:02.630-0300] {processor.py:156} INFO - Started process (PID=7186) to work on /home/renato/Documentos/datapipeline/.env/lib/python3.10/site-packages/airflow/example_dags/example_sla_dag.py
[2022-10-16T07:27:02.635-0300] {processor.py:758} INFO - Processing file /home/renato/Documentos/datapipeline/.env/lib/python3.10/site-packages/airflow/example_dags/example_sla_dag.py for tasks to queue
[2022-10-16T07:27:02.636-0300] {logging_mixin.py:117} INFO - [2022-10-16T07:27:02.636-0300] {dagbag.py:525} INFO - Filling up the DagBag from /home/renato/Documentos/datapipeline/.env/lib/python3.10/site-packages/airflow/example_dags/example_sla_dag.py
[2022-10-16T07:27:02.667-0300] {processor.py:768} INFO - DAG(s) dict_keys(['example_sla_dag']) retrieved from /home/renato/Documentos/datapipeline/.env/lib/python3.10/site-packages/airflow/example_dags/example_sla_dag.py
[2022-10-16T07:27:02.687-0300] {logging_mixin.py:117} INFO - [2022-10-16T07:27:02.687-0300] {dag.py:2573} INFO - Sync 1 DAGs
[2022-10-16T07:27:02.707-0300] {logging_mixin.py:117} INFO - [2022-10-16T07:27:02.706-0300] {dag.py:3324} INFO - Setting next_dagrun for example_sla_dag to 2022-10-16T10:24:00+00:00, run_after=2022-10-16T10:26:00+00:00
[2022-10-16T07:27:02.731-0300] {processor.py:178} INFO - Processing /home/renato/Documentos/datapipeline/.env/lib/python3.10/site-packages/airflow/example_dags/example_sla_dag.py took 0.106 seconds
[2022-10-16T07:27:38.428-0300] {processor.py:156} INFO - Started process (PID=7249) to work on /home/renato/Documentos/datapipeline/.env/lib/python3.10/site-packages/airflow/example_dags/example_sla_dag.py
[2022-10-16T07:27:38.439-0300] {processor.py:758} INFO - Processing file /home/renato/Documentos/datapipeline/.env/lib/python3.10/site-packages/airflow/example_dags/example_sla_dag.py for tasks to queue
[2022-10-16T07:27:38.440-0300] {logging_mixin.py:117} INFO - [2022-10-16T07:27:38.440-0300] {dagbag.py:525} INFO - Filling up the DagBag from /home/renato/Documentos/datapipeline/.env/lib/python3.10/site-packages/airflow/example_dags/example_sla_dag.py
[2022-10-16T07:27:38.463-0300] {processor.py:768} INFO - DAG(s) dict_keys(['example_sla_dag']) retrieved from /home/renato/Documentos/datapipeline/.env/lib/python3.10/site-packages/airflow/example_dags/example_sla_dag.py
[2022-10-16T07:27:38.484-0300] {logging_mixin.py:117} INFO - [2022-10-16T07:27:38.483-0300] {dag.py:2573} INFO - Sync 1 DAGs
[2022-10-16T07:27:38.505-0300] {logging_mixin.py:117} INFO - [2022-10-16T07:27:38.505-0300] {dag.py:3324} INFO - Setting next_dagrun for example_sla_dag to 2022-10-16T10:24:00+00:00, run_after=2022-10-16T10:26:00+00:00
[2022-10-16T07:27:38.530-0300] {processor.py:178} INFO - Processing /home/renato/Documentos/datapipeline/.env/lib/python3.10/site-packages/airflow/example_dags/example_sla_dag.py took 0.106 seconds
[2022-10-16T07:28:16.169-0300] {processor.py:156} INFO - Started process (PID=7323) to work on /home/renato/Documentos/datapipeline/.env/lib/python3.10/site-packages/airflow/example_dags/example_sla_dag.py
[2022-10-16T07:28:16.174-0300] {processor.py:758} INFO - Processing file /home/renato/Documentos/datapipeline/.env/lib/python3.10/site-packages/airflow/example_dags/example_sla_dag.py for tasks to queue
[2022-10-16T07:28:16.175-0300] {logging_mixin.py:117} INFO - [2022-10-16T07:28:16.174-0300] {dagbag.py:525} INFO - Filling up the DagBag from /home/renato/Documentos/datapipeline/.env/lib/python3.10/site-packages/airflow/example_dags/example_sla_dag.py
[2022-10-16T07:28:16.197-0300] {processor.py:768} INFO - DAG(s) dict_keys(['example_sla_dag']) retrieved from /home/renato/Documentos/datapipeline/.env/lib/python3.10/site-packages/airflow/example_dags/example_sla_dag.py
[2022-10-16T07:28:16.216-0300] {logging_mixin.py:117} INFO - [2022-10-16T07:28:16.216-0300] {dag.py:2573} INFO - Sync 1 DAGs
[2022-10-16T07:28:16.236-0300] {logging_mixin.py:117} INFO - [2022-10-16T07:28:16.235-0300] {dag.py:3324} INFO - Setting next_dagrun for example_sla_dag to 2022-10-16T10:26:00+00:00, run_after=2022-10-16T10:28:00+00:00
[2022-10-16T07:28:16.387-0300] {processor.py:178} INFO - Processing /home/renato/Documentos/datapipeline/.env/lib/python3.10/site-packages/airflow/example_dags/example_sla_dag.py took 0.222 seconds
[2022-10-16T07:28:53.138-0300] {processor.py:156} INFO - Started process (PID=7390) to work on /home/renato/Documentos/datapipeline/.env/lib/python3.10/site-packages/airflow/example_dags/example_sla_dag.py
[2022-10-16T07:28:53.141-0300] {processor.py:758} INFO - Processing file /home/renato/Documentos/datapipeline/.env/lib/python3.10/site-packages/airflow/example_dags/example_sla_dag.py for tasks to queue
[2022-10-16T07:28:53.142-0300] {logging_mixin.py:117} INFO - [2022-10-16T07:28:53.142-0300] {dagbag.py:525} INFO - Filling up the DagBag from /home/renato/Documentos/datapipeline/.env/lib/python3.10/site-packages/airflow/example_dags/example_sla_dag.py
[2022-10-16T07:28:53.175-0300] {processor.py:768} INFO - DAG(s) dict_keys(['example_sla_dag']) retrieved from /home/renato/Documentos/datapipeline/.env/lib/python3.10/site-packages/airflow/example_dags/example_sla_dag.py
[2022-10-16T07:28:53.197-0300] {logging_mixin.py:117} INFO - [2022-10-16T07:28:53.196-0300] {dag.py:2573} INFO - Sync 1 DAGs
[2022-10-16T07:28:53.215-0300] {logging_mixin.py:117} INFO - [2022-10-16T07:28:53.215-0300] {dag.py:3324} INFO - Setting next_dagrun for example_sla_dag to 2022-10-16T10:26:00+00:00, run_after=2022-10-16T10:28:00+00:00
[2022-10-16T07:28:53.239-0300] {processor.py:178} INFO - Processing /home/renato/Documentos/datapipeline/.env/lib/python3.10/site-packages/airflow/example_dags/example_sla_dag.py took 0.109 seconds
[2022-10-16T07:29:31.845-0300] {processor.py:156} INFO - Started process (PID=7458) to work on /home/renato/Documentos/datapipeline/.env/lib/python3.10/site-packages/airflow/example_dags/example_sla_dag.py
[2022-10-16T07:29:31.850-0300] {processor.py:758} INFO - Processing file /home/renato/Documentos/datapipeline/.env/lib/python3.10/site-packages/airflow/example_dags/example_sla_dag.py for tasks to queue
[2022-10-16T07:29:31.851-0300] {logging_mixin.py:117} INFO - [2022-10-16T07:29:31.851-0300] {dagbag.py:525} INFO - Filling up the DagBag from /home/renato/Documentos/datapipeline/.env/lib/python3.10/site-packages/airflow/example_dags/example_sla_dag.py
[2022-10-16T07:29:31.877-0300] {processor.py:768} INFO - DAG(s) dict_keys(['example_sla_dag']) retrieved from /home/renato/Documentos/datapipeline/.env/lib/python3.10/site-packages/airflow/example_dags/example_sla_dag.py
[2022-10-16T07:29:31.900-0300] {logging_mixin.py:117} INFO - [2022-10-16T07:29:31.900-0300] {dag.py:2573} INFO - Sync 1 DAGs
[2022-10-16T07:29:31.920-0300] {logging_mixin.py:117} INFO - [2022-10-16T07:29:31.919-0300] {dag.py:3324} INFO - Setting next_dagrun for example_sla_dag to 2022-10-16T10:26:00+00:00, run_after=2022-10-16T10:28:00+00:00
[2022-10-16T07:29:31.945-0300] {processor.py:178} INFO - Processing /home/renato/Documentos/datapipeline/.env/lib/python3.10/site-packages/airflow/example_dags/example_sla_dag.py took 0.104 seconds
[2022-10-16T07:30:06.439-0300] {processor.py:156} INFO - Started process (PID=7526) to work on /home/renato/Documentos/datapipeline/.env/lib/python3.10/site-packages/airflow/example_dags/example_sla_dag.py
[2022-10-16T07:30:06.440-0300] {processor.py:758} INFO - Processing file /home/renato/Documentos/datapipeline/.env/lib/python3.10/site-packages/airflow/example_dags/example_sla_dag.py for tasks to queue
[2022-10-16T07:30:06.441-0300] {logging_mixin.py:117} INFO - [2022-10-16T07:30:06.441-0300] {dagbag.py:525} INFO - Filling up the DagBag from /home/renato/Documentos/datapipeline/.env/lib/python3.10/site-packages/airflow/example_dags/example_sla_dag.py
[2022-10-16T07:30:06.465-0300] {processor.py:768} INFO - DAG(s) dict_keys(['example_sla_dag']) retrieved from /home/renato/Documentos/datapipeline/.env/lib/python3.10/site-packages/airflow/example_dags/example_sla_dag.py
[2022-10-16T07:30:06.487-0300] {logging_mixin.py:117} INFO - [2022-10-16T07:30:06.487-0300] {dag.py:2573} INFO - Sync 1 DAGs
[2022-10-16T07:30:06.506-0300] {logging_mixin.py:117} INFO - [2022-10-16T07:30:06.506-0300] {dag.py:3324} INFO - Setting next_dagrun for example_sla_dag to 2022-10-16T10:28:00+00:00, run_after=2022-10-16T10:30:00+00:00
[2022-10-16T07:30:06.534-0300] {processor.py:178} INFO - Processing /home/renato/Documentos/datapipeline/.env/lib/python3.10/site-packages/airflow/example_dags/example_sla_dag.py took 0.097 seconds
[2022-10-16T07:31:49.090-0300] {processor.py:156} INFO - Started process (PID=7907) to work on /home/renato/Documentos/datapipeline/.env/lib/python3.10/site-packages/airflow/example_dags/example_sla_dag.py
[2022-10-16T07:31:49.091-0300] {processor.py:758} INFO - Processing file /home/renato/Documentos/datapipeline/.env/lib/python3.10/site-packages/airflow/example_dags/example_sla_dag.py for tasks to queue
[2022-10-16T07:31:49.092-0300] {logging_mixin.py:117} INFO - [2022-10-16T07:31:49.092-0300] {dagbag.py:525} INFO - Filling up the DagBag from /home/renato/Documentos/datapipeline/.env/lib/python3.10/site-packages/airflow/example_dags/example_sla_dag.py
[2022-10-16T07:31:49.122-0300] {processor.py:768} INFO - DAG(s) dict_keys(['example_sla_dag']) retrieved from /home/renato/Documentos/datapipeline/.env/lib/python3.10/site-packages/airflow/example_dags/example_sla_dag.py
[2022-10-16T07:31:49.141-0300] {logging_mixin.py:117} INFO - [2022-10-16T07:31:49.141-0300] {dag.py:2573} INFO - Sync 1 DAGs
[2022-10-16T07:31:49.159-0300] {logging_mixin.py:117} INFO - [2022-10-16T07:31:49.159-0300] {dag.py:3324} INFO - Setting next_dagrun for example_sla_dag to 2022-10-16T10:28:00+00:00, run_after=2022-10-16T10:30:00+00:00
[2022-10-16T07:31:49.181-0300] {processor.py:178} INFO - Processing /home/renato/Documentos/datapipeline/.env/lib/python3.10/site-packages/airflow/example_dags/example_sla_dag.py took 0.095 seconds
[2022-10-16T08:30:31.100-0300] {processor.py:156} INFO - Started process (PID=2556) to work on /home/renato/Documentos/datapipeline/.env/lib/python3.10/site-packages/airflow/example_dags/example_sla_dag.py
[2022-10-16T08:30:31.103-0300] {processor.py:758} INFO - Processing file /home/renato/Documentos/datapipeline/.env/lib/python3.10/site-packages/airflow/example_dags/example_sla_dag.py for tasks to queue
[2022-10-16T08:30:31.104-0300] {logging_mixin.py:117} INFO - [2022-10-16T08:30:31.104-0300] {dagbag.py:525} INFO - Filling up the DagBag from /home/renato/Documentos/datapipeline/.env/lib/python3.10/site-packages/airflow/example_dags/example_sla_dag.py
[2022-10-16T08:30:31.137-0300] {processor.py:768} INFO - DAG(s) dict_keys(['example_sla_dag']) retrieved from /home/renato/Documentos/datapipeline/.env/lib/python3.10/site-packages/airflow/example_dags/example_sla_dag.py
[2022-10-16T08:30:31.156-0300] {logging_mixin.py:117} INFO - [2022-10-16T08:30:31.155-0300] {dag.py:2573} INFO - Sync 1 DAGs
[2022-10-16T08:30:31.174-0300] {logging_mixin.py:117} INFO - [2022-10-16T08:30:31.174-0300] {dag.py:3324} INFO - Setting next_dagrun for example_sla_dag to 2022-10-16T11:28:00+00:00, run_after=2022-10-16T11:30:00+00:00
[2022-10-16T08:30:31.196-0300] {processor.py:178} INFO - Processing /home/renato/Documentos/datapipeline/.env/lib/python3.10/site-packages/airflow/example_dags/example_sla_dag.py took 0.100 seconds
[2022-10-16T08:31:10.189-0300] {processor.py:156} INFO - Started process (PID=2623) to work on /home/renato/Documentos/datapipeline/.env/lib/python3.10/site-packages/airflow/example_dags/example_sla_dag.py
[2022-10-16T08:31:10.191-0300] {processor.py:758} INFO - Processing file /home/renato/Documentos/datapipeline/.env/lib/python3.10/site-packages/airflow/example_dags/example_sla_dag.py for tasks to queue
[2022-10-16T08:31:10.191-0300] {logging_mixin.py:117} INFO - [2022-10-16T08:31:10.191-0300] {dagbag.py:525} INFO - Filling up the DagBag from /home/renato/Documentos/datapipeline/.env/lib/python3.10/site-packages/airflow/example_dags/example_sla_dag.py
[2022-10-16T08:31:10.213-0300] {processor.py:768} INFO - DAG(s) dict_keys(['example_sla_dag']) retrieved from /home/renato/Documentos/datapipeline/.env/lib/python3.10/site-packages/airflow/example_dags/example_sla_dag.py
[2022-10-16T08:31:10.241-0300] {logging_mixin.py:117} INFO - [2022-10-16T08:31:10.241-0300] {dag.py:2573} INFO - Sync 1 DAGs
[2022-10-16T08:31:10.261-0300] {logging_mixin.py:117} INFO - [2022-10-16T08:31:10.261-0300] {dag.py:3324} INFO - Setting next_dagrun for example_sla_dag to 2022-10-16T11:28:00+00:00, run_after=2022-10-16T11:30:00+00:00
[2022-10-16T08:31:10.291-0300] {processor.py:178} INFO - Processing /home/renato/Documentos/datapipeline/.env/lib/python3.10/site-packages/airflow/example_dags/example_sla_dag.py took 0.105 seconds
[2022-10-16T08:31:47.886-0300] {processor.py:156} INFO - Started process (PID=2663) to work on /home/renato/Documentos/datapipeline/.env/lib/python3.10/site-packages/airflow/example_dags/example_sla_dag.py
[2022-10-16T08:31:47.887-0300] {processor.py:758} INFO - Processing file /home/renato/Documentos/datapipeline/.env/lib/python3.10/site-packages/airflow/example_dags/example_sla_dag.py for tasks to queue
[2022-10-16T08:31:47.888-0300] {logging_mixin.py:117} INFO - [2022-10-16T08:31:47.888-0300] {dagbag.py:525} INFO - Filling up the DagBag from /home/renato/Documentos/datapipeline/.env/lib/python3.10/site-packages/airflow/example_dags/example_sla_dag.py
[2022-10-16T08:31:47.918-0300] {processor.py:768} INFO - DAG(s) dict_keys(['example_sla_dag']) retrieved from /home/renato/Documentos/datapipeline/.env/lib/python3.10/site-packages/airflow/example_dags/example_sla_dag.py
[2022-10-16T08:31:47.939-0300] {logging_mixin.py:117} INFO - [2022-10-16T08:31:47.938-0300] {dag.py:2573} INFO - Sync 1 DAGs
[2022-10-16T08:31:47.958-0300] {logging_mixin.py:117} INFO - [2022-10-16T08:31:47.958-0300] {dag.py:3324} INFO - Setting next_dagrun for example_sla_dag to 2022-10-16T11:28:00+00:00, run_after=2022-10-16T11:30:00+00:00
[2022-10-16T08:31:47.982-0300] {processor.py:178} INFO - Processing /home/renato/Documentos/datapipeline/.env/lib/python3.10/site-packages/airflow/example_dags/example_sla_dag.py took 0.099 seconds
[2022-10-16T08:32:23.910-0300] {processor.py:156} INFO - Started process (PID=2962) to work on /home/renato/Documentos/datapipeline/.env/lib/python3.10/site-packages/airflow/example_dags/example_sla_dag.py
[2022-10-16T08:32:23.919-0300] {processor.py:758} INFO - Processing file /home/renato/Documentos/datapipeline/.env/lib/python3.10/site-packages/airflow/example_dags/example_sla_dag.py for tasks to queue
[2022-10-16T08:32:23.919-0300] {logging_mixin.py:117} INFO - [2022-10-16T08:32:23.919-0300] {dagbag.py:525} INFO - Filling up the DagBag from /home/renato/Documentos/datapipeline/.env/lib/python3.10/site-packages/airflow/example_dags/example_sla_dag.py
[2022-10-16T08:32:23.963-0300] {processor.py:768} INFO - DAG(s) dict_keys(['example_sla_dag']) retrieved from /home/renato/Documentos/datapipeline/.env/lib/python3.10/site-packages/airflow/example_dags/example_sla_dag.py
[2022-10-16T08:32:23.995-0300] {logging_mixin.py:117} INFO - [2022-10-16T08:32:23.995-0300] {dag.py:2573} INFO - Sync 1 DAGs
[2022-10-16T08:32:24.031-0300] {logging_mixin.py:117} INFO - [2022-10-16T08:32:24.031-0300] {dag.py:3324} INFO - Setting next_dagrun for example_sla_dag to 2022-10-16T11:30:00+00:00, run_after=2022-10-16T11:32:00+00:00
[2022-10-16T08:32:24.084-0300] {processor.py:178} INFO - Processing /home/renato/Documentos/datapipeline/.env/lib/python3.10/site-packages/airflow/example_dags/example_sla_dag.py took 0.177 seconds
[2022-10-16T08:33:03.141-0300] {processor.py:156} INFO - Started process (PID=3156) to work on /home/renato/Documentos/datapipeline/.env/lib/python3.10/site-packages/airflow/example_dags/example_sla_dag.py
[2022-10-16T08:33:03.144-0300] {processor.py:758} INFO - Processing file /home/renato/Documentos/datapipeline/.env/lib/python3.10/site-packages/airflow/example_dags/example_sla_dag.py for tasks to queue
[2022-10-16T08:33:03.145-0300] {logging_mixin.py:117} INFO - [2022-10-16T08:33:03.145-0300] {dagbag.py:525} INFO - Filling up the DagBag from /home/renato/Documentos/datapipeline/.env/lib/python3.10/site-packages/airflow/example_dags/example_sla_dag.py
[2022-10-16T08:33:03.181-0300] {processor.py:768} INFO - DAG(s) dict_keys(['example_sla_dag']) retrieved from /home/renato/Documentos/datapipeline/.env/lib/python3.10/site-packages/airflow/example_dags/example_sla_dag.py
[2022-10-16T08:33:03.203-0300] {logging_mixin.py:117} INFO - [2022-10-16T08:33:03.203-0300] {dag.py:2573} INFO - Sync 1 DAGs
[2022-10-16T08:33:03.221-0300] {logging_mixin.py:117} INFO - [2022-10-16T08:33:03.221-0300] {dag.py:3324} INFO - Setting next_dagrun for example_sla_dag to 2022-10-16T11:30:00+00:00, run_after=2022-10-16T11:32:00+00:00
[2022-10-16T08:33:03.242-0300] {processor.py:178} INFO - Processing /home/renato/Documentos/datapipeline/.env/lib/python3.10/site-packages/airflow/example_dags/example_sla_dag.py took 0.107 seconds
[2022-10-16T08:33:44.376-0300] {processor.py:156} INFO - Started process (PID=3199) to work on /home/renato/Documentos/datapipeline/.env/lib/python3.10/site-packages/airflow/example_dags/example_sla_dag.py
[2022-10-16T08:33:44.381-0300] {processor.py:758} INFO - Processing file /home/renato/Documentos/datapipeline/.env/lib/python3.10/site-packages/airflow/example_dags/example_sla_dag.py for tasks to queue
[2022-10-16T08:33:44.382-0300] {logging_mixin.py:117} INFO - [2022-10-16T08:33:44.381-0300] {dagbag.py:525} INFO - Filling up the DagBag from /home/renato/Documentos/datapipeline/.env/lib/python3.10/site-packages/airflow/example_dags/example_sla_dag.py
[2022-10-16T08:33:44.407-0300] {processor.py:768} INFO - DAG(s) dict_keys(['example_sla_dag']) retrieved from /home/renato/Documentos/datapipeline/.env/lib/python3.10/site-packages/airflow/example_dags/example_sla_dag.py
[2022-10-16T08:33:44.430-0300] {logging_mixin.py:117} INFO - [2022-10-16T08:33:44.430-0300] {dag.py:2573} INFO - Sync 1 DAGs
[2022-10-16T08:33:44.454-0300] {logging_mixin.py:117} INFO - [2022-10-16T08:33:44.454-0300] {dag.py:3324} INFO - Setting next_dagrun for example_sla_dag to 2022-10-16T11:30:00+00:00, run_after=2022-10-16T11:32:00+00:00
[2022-10-16T08:33:44.482-0300] {processor.py:178} INFO - Processing /home/renato/Documentos/datapipeline/.env/lib/python3.10/site-packages/airflow/example_dags/example_sla_dag.py took 0.108 seconds
[2022-10-16T08:35:32.926-0300] {processor.py:156} INFO - Started process (PID=3376) to work on /home/renato/Documentos/datapipeline/.env/lib/python3.10/site-packages/airflow/example_dags/example_sla_dag.py
[2022-10-16T08:35:32.931-0300] {processor.py:758} INFO - Processing file /home/renato/Documentos/datapipeline/.env/lib/python3.10/site-packages/airflow/example_dags/example_sla_dag.py for tasks to queue
[2022-10-16T08:35:32.932-0300] {logging_mixin.py:117} INFO - [2022-10-16T08:35:32.932-0300] {dagbag.py:525} INFO - Filling up the DagBag from /home/renato/Documentos/datapipeline/.env/lib/python3.10/site-packages/airflow/example_dags/example_sla_dag.py
[2022-10-16T08:35:32.954-0300] {processor.py:768} INFO - DAG(s) dict_keys(['example_sla_dag']) retrieved from /home/renato/Documentos/datapipeline/.env/lib/python3.10/site-packages/airflow/example_dags/example_sla_dag.py
[2022-10-16T08:35:32.974-0300] {logging_mixin.py:117} INFO - [2022-10-16T08:35:32.974-0300] {dag.py:2573} INFO - Sync 1 DAGs
[2022-10-16T08:35:32.994-0300] {logging_mixin.py:117} INFO - [2022-10-16T08:35:32.994-0300] {dag.py:3324} INFO - Setting next_dagrun for example_sla_dag to 2022-10-16T11:32:00+00:00, run_after=2022-10-16T11:34:00+00:00
[2022-10-16T08:35:33.018-0300] {processor.py:178} INFO - Processing /home/renato/Documentos/datapipeline/.env/lib/python3.10/site-packages/airflow/example_dags/example_sla_dag.py took 0.094 seconds
[2022-10-16T08:36:10.938-0300] {processor.py:156} INFO - Started process (PID=3448) to work on /home/renato/Documentos/datapipeline/.env/lib/python3.10/site-packages/airflow/example_dags/example_sla_dag.py
[2022-10-16T08:36:10.943-0300] {processor.py:758} INFO - Processing file /home/renato/Documentos/datapipeline/.env/lib/python3.10/site-packages/airflow/example_dags/example_sla_dag.py for tasks to queue
[2022-10-16T08:36:10.944-0300] {logging_mixin.py:117} INFO - [2022-10-16T08:36:10.944-0300] {dagbag.py:525} INFO - Filling up the DagBag from /home/renato/Documentos/datapipeline/.env/lib/python3.10/site-packages/airflow/example_dags/example_sla_dag.py
[2022-10-16T08:36:10.975-0300] {processor.py:768} INFO - DAG(s) dict_keys(['example_sla_dag']) retrieved from /home/renato/Documentos/datapipeline/.env/lib/python3.10/site-packages/airflow/example_dags/example_sla_dag.py
[2022-10-16T08:36:10.996-0300] {logging_mixin.py:117} INFO - [2022-10-16T08:36:10.996-0300] {dag.py:2573} INFO - Sync 1 DAGs
[2022-10-16T08:36:11.014-0300] {logging_mixin.py:117} INFO - [2022-10-16T08:36:11.014-0300] {dag.py:3324} INFO - Setting next_dagrun for example_sla_dag to 2022-10-16T11:34:00+00:00, run_after=2022-10-16T11:36:00+00:00
[2022-10-16T08:36:11.038-0300] {processor.py:178} INFO - Processing /home/renato/Documentos/datapipeline/.env/lib/python3.10/site-packages/airflow/example_dags/example_sla_dag.py took 0.106 seconds
