[2022-10-16T07:18:10.188-0300] {processor.py:156} INFO - Started process (PID=5938) to work on /home/renato/Documentos/datapipeline/.env/lib/python3.10/site-packages/airflow/example_dags/example_latest_only.py
[2022-10-16T07:18:10.190-0300] {processor.py:758} INFO - Processing file /home/renato/Documentos/datapipeline/.env/lib/python3.10/site-packages/airflow/example_dags/example_latest_only.py for tasks to queue
[2022-10-16T07:18:10.191-0300] {logging_mixin.py:117} INFO - [2022-10-16T07:18:10.191-0300] {dagbag.py:525} INFO - Filling up the DagBag from /home/renato/Documentos/datapipeline/.env/lib/python3.10/site-packages/airflow/example_dags/example_latest_only.py
[2022-10-16T07:18:10.214-0300] {processor.py:768} INFO - DAG(s) dict_keys(['latest_only']) retrieved from /home/renato/Documentos/datapipeline/.env/lib/python3.10/site-packages/airflow/example_dags/example_latest_only.py
[2022-10-16T07:18:10.318-0300] {logging_mixin.py:117} INFO - [2022-10-16T07:18:10.317-0300] {manager.py:507} INFO - Created Permission View: can edit on DAG:latest_only
[2022-10-16T07:18:10.339-0300] {logging_mixin.py:117} INFO - [2022-10-16T07:18:10.339-0300] {manager.py:507} INFO - Created Permission View: can read on DAG:latest_only
[2022-10-16T07:18:10.351-0300] {logging_mixin.py:117} INFO - [2022-10-16T07:18:10.351-0300] {manager.py:507} INFO - Created Permission View: can delete on DAG:latest_only
[2022-10-16T07:18:10.351-0300] {logging_mixin.py:117} INFO - [2022-10-16T07:18:10.351-0300] {dag.py:2573} INFO - Sync 1 DAGs
[2022-10-16T07:18:10.360-0300] {logging_mixin.py:117} INFO - [2022-10-16T07:18:10.359-0300] {dag.py:2594} INFO - Creating ORM DAG for latest_only
[2022-10-16T07:18:10.368-0300] {logging_mixin.py:117} INFO - [2022-10-16T07:18:10.368-0300] {dag.py:3324} INFO - Setting next_dagrun for latest_only to 2022-10-16T06:18:10.367941+00:00, run_after=2022-10-16T10:18:10.367941+00:00
[2022-10-16T07:18:10.390-0300] {processor.py:178} INFO - Processing /home/renato/Documentos/datapipeline/.env/lib/python3.10/site-packages/airflow/example_dags/example_latest_only.py took 0.208 seconds
[2022-10-16T07:18:53.125-0300] {processor.py:156} INFO - Started process (PID=6016) to work on /home/renato/Documentos/datapipeline/.env/lib/python3.10/site-packages/airflow/example_dags/example_latest_only.py
[2022-10-16T07:18:53.130-0300] {processor.py:758} INFO - Processing file /home/renato/Documentos/datapipeline/.env/lib/python3.10/site-packages/airflow/example_dags/example_latest_only.py for tasks to queue
[2022-10-16T07:18:53.132-0300] {logging_mixin.py:117} INFO - [2022-10-16T07:18:53.131-0300] {dagbag.py:525} INFO - Filling up the DagBag from /home/renato/Documentos/datapipeline/.env/lib/python3.10/site-packages/airflow/example_dags/example_latest_only.py
[2022-10-16T07:18:53.151-0300] {processor.py:768} INFO - DAG(s) dict_keys(['latest_only']) retrieved from /home/renato/Documentos/datapipeline/.env/lib/python3.10/site-packages/airflow/example_dags/example_latest_only.py
[2022-10-16T07:18:53.174-0300] {logging_mixin.py:117} INFO - [2022-10-16T07:18:53.174-0300] {dag.py:2573} INFO - Sync 1 DAGs
[2022-10-16T07:18:53.191-0300] {logging_mixin.py:117} INFO - [2022-10-16T07:18:53.191-0300] {dag.py:3324} INFO - Setting next_dagrun for latest_only to 2022-10-16T06:18:53.191408+00:00, run_after=2022-10-16T10:18:53.191408+00:00
[2022-10-16T07:18:53.213-0300] {processor.py:178} INFO - Processing /home/renato/Documentos/datapipeline/.env/lib/python3.10/site-packages/airflow/example_dags/example_latest_only.py took 0.094 seconds
[2022-10-16T07:19:31.216-0300] {processor.py:156} INFO - Started process (PID=6087) to work on /home/renato/Documentos/datapipeline/.env/lib/python3.10/site-packages/airflow/example_dags/example_latest_only.py
[2022-10-16T07:19:31.220-0300] {processor.py:758} INFO - Processing file /home/renato/Documentos/datapipeline/.env/lib/python3.10/site-packages/airflow/example_dags/example_latest_only.py for tasks to queue
[2022-10-16T07:19:31.221-0300] {logging_mixin.py:117} INFO - [2022-10-16T07:19:31.220-0300] {dagbag.py:525} INFO - Filling up the DagBag from /home/renato/Documentos/datapipeline/.env/lib/python3.10/site-packages/airflow/example_dags/example_latest_only.py
[2022-10-16T07:19:31.241-0300] {processor.py:768} INFO - DAG(s) dict_keys(['latest_only']) retrieved from /home/renato/Documentos/datapipeline/.env/lib/python3.10/site-packages/airflow/example_dags/example_latest_only.py
[2022-10-16T07:19:31.262-0300] {logging_mixin.py:117} INFO - [2022-10-16T07:19:31.261-0300] {dag.py:2573} INFO - Sync 1 DAGs
[2022-10-16T07:19:31.279-0300] {logging_mixin.py:117} INFO - [2022-10-16T07:19:31.279-0300] {dag.py:3324} INFO - Setting next_dagrun for latest_only to 2022-10-16T06:19:31.278874+00:00, run_after=2022-10-16T10:19:31.278874+00:00
[2022-10-16T07:19:31.334-0300] {processor.py:178} INFO - Processing /home/renato/Documentos/datapipeline/.env/lib/python3.10/site-packages/airflow/example_dags/example_latest_only.py took 0.122 seconds
[2022-10-16T07:20:08.933-0300] {processor.py:156} INFO - Started process (PID=6195) to work on /home/renato/Documentos/datapipeline/.env/lib/python3.10/site-packages/airflow/example_dags/example_latest_only.py
[2022-10-16T07:20:08.939-0300] {processor.py:758} INFO - Processing file /home/renato/Documentos/datapipeline/.env/lib/python3.10/site-packages/airflow/example_dags/example_latest_only.py for tasks to queue
[2022-10-16T07:20:08.941-0300] {logging_mixin.py:117} INFO - [2022-10-16T07:20:08.940-0300] {dagbag.py:525} INFO - Filling up the DagBag from /home/renato/Documentos/datapipeline/.env/lib/python3.10/site-packages/airflow/example_dags/example_latest_only.py
[2022-10-16T07:20:08.960-0300] {processor.py:768} INFO - DAG(s) dict_keys(['latest_only']) retrieved from /home/renato/Documentos/datapipeline/.env/lib/python3.10/site-packages/airflow/example_dags/example_latest_only.py
[2022-10-16T07:20:08.982-0300] {logging_mixin.py:117} INFO - [2022-10-16T07:20:08.982-0300] {dag.py:2573} INFO - Sync 1 DAGs
[2022-10-16T07:20:08.997-0300] {logging_mixin.py:117} INFO - [2022-10-16T07:20:08.997-0300] {dag.py:3324} INFO - Setting next_dagrun for latest_only to 2022-10-16T06:20:08.997599+00:00, run_after=2022-10-16T10:20:08.997599+00:00
[2022-10-16T07:20:09.021-0300] {processor.py:178} INFO - Processing /home/renato/Documentos/datapipeline/.env/lib/python3.10/site-packages/airflow/example_dags/example_latest_only.py took 0.101 seconds
[2022-10-16T07:20:48.665-0300] {processor.py:156} INFO - Started process (PID=6379) to work on /home/renato/Documentos/datapipeline/.env/lib/python3.10/site-packages/airflow/example_dags/example_latest_only.py
[2022-10-16T07:20:48.668-0300] {processor.py:758} INFO - Processing file /home/renato/Documentos/datapipeline/.env/lib/python3.10/site-packages/airflow/example_dags/example_latest_only.py for tasks to queue
[2022-10-16T07:20:48.669-0300] {logging_mixin.py:117} INFO - [2022-10-16T07:20:48.669-0300] {dagbag.py:525} INFO - Filling up the DagBag from /home/renato/Documentos/datapipeline/.env/lib/python3.10/site-packages/airflow/example_dags/example_latest_only.py
[2022-10-16T07:20:48.684-0300] {processor.py:768} INFO - DAG(s) dict_keys(['latest_only']) retrieved from /home/renato/Documentos/datapipeline/.env/lib/python3.10/site-packages/airflow/example_dags/example_latest_only.py
[2022-10-16T07:20:48.707-0300] {logging_mixin.py:117} INFO - [2022-10-16T07:20:48.707-0300] {dag.py:2573} INFO - Sync 1 DAGs
[2022-10-16T07:20:48.723-0300] {logging_mixin.py:117} INFO - [2022-10-16T07:20:48.723-0300] {dag.py:3324} INFO - Setting next_dagrun for latest_only to 2022-10-16T06:20:48.723432+00:00, run_after=2022-10-16T10:20:48.723432+00:00
[2022-10-16T07:20:48.747-0300] {processor.py:178} INFO - Processing /home/renato/Documentos/datapipeline/.env/lib/python3.10/site-packages/airflow/example_dags/example_latest_only.py took 0.088 seconds
[2022-10-16T07:21:32.872-0300] {processor.py:156} INFO - Started process (PID=6457) to work on /home/renato/Documentos/datapipeline/.env/lib/python3.10/site-packages/airflow/example_dags/example_latest_only.py
[2022-10-16T07:21:32.874-0300] {processor.py:758} INFO - Processing file /home/renato/Documentos/datapipeline/.env/lib/python3.10/site-packages/airflow/example_dags/example_latest_only.py for tasks to queue
[2022-10-16T07:21:32.875-0300] {logging_mixin.py:117} INFO - [2022-10-16T07:21:32.874-0300] {dagbag.py:525} INFO - Filling up the DagBag from /home/renato/Documentos/datapipeline/.env/lib/python3.10/site-packages/airflow/example_dags/example_latest_only.py
[2022-10-16T07:21:32.889-0300] {processor.py:768} INFO - DAG(s) dict_keys(['latest_only']) retrieved from /home/renato/Documentos/datapipeline/.env/lib/python3.10/site-packages/airflow/example_dags/example_latest_only.py
[2022-10-16T07:21:32.908-0300] {logging_mixin.py:117} INFO - [2022-10-16T07:21:32.908-0300] {dag.py:2573} INFO - Sync 1 DAGs
[2022-10-16T07:21:32.925-0300] {logging_mixin.py:117} INFO - [2022-10-16T07:21:32.925-0300] {dag.py:3324} INFO - Setting next_dagrun for latest_only to 2022-10-16T06:21:32.924992+00:00, run_after=2022-10-16T10:21:32.924992+00:00
[2022-10-16T07:21:32.950-0300] {processor.py:178} INFO - Processing /home/renato/Documentos/datapipeline/.env/lib/python3.10/site-packages/airflow/example_dags/example_latest_only.py took 0.081 seconds
[2022-10-16T07:22:15.608-0300] {processor.py:156} INFO - Started process (PID=6543) to work on /home/renato/Documentos/datapipeline/.env/lib/python3.10/site-packages/airflow/example_dags/example_latest_only.py
[2022-10-16T07:22:15.612-0300] {processor.py:758} INFO - Processing file /home/renato/Documentos/datapipeline/.env/lib/python3.10/site-packages/airflow/example_dags/example_latest_only.py for tasks to queue
[2022-10-16T07:22:15.613-0300] {logging_mixin.py:117} INFO - [2022-10-16T07:22:15.613-0300] {dagbag.py:525} INFO - Filling up the DagBag from /home/renato/Documentos/datapipeline/.env/lib/python3.10/site-packages/airflow/example_dags/example_latest_only.py
[2022-10-16T07:22:15.634-0300] {processor.py:768} INFO - DAG(s) dict_keys(['latest_only']) retrieved from /home/renato/Documentos/datapipeline/.env/lib/python3.10/site-packages/airflow/example_dags/example_latest_only.py
[2022-10-16T07:22:15.655-0300] {logging_mixin.py:117} INFO - [2022-10-16T07:22:15.655-0300] {dag.py:2573} INFO - Sync 1 DAGs
[2022-10-16T07:22:15.672-0300] {logging_mixin.py:117} INFO - [2022-10-16T07:22:15.671-0300] {dag.py:3324} INFO - Setting next_dagrun for latest_only to 2022-10-16T06:22:15.671760+00:00, run_after=2022-10-16T10:22:15.671760+00:00
[2022-10-16T07:22:15.697-0300] {processor.py:178} INFO - Processing /home/renato/Documentos/datapipeline/.env/lib/python3.10/site-packages/airflow/example_dags/example_latest_only.py took 0.097 seconds
[2022-10-16T07:22:58.417-0300] {processor.py:156} INFO - Started process (PID=6611) to work on /home/renato/Documentos/datapipeline/.env/lib/python3.10/site-packages/airflow/example_dags/example_latest_only.py
[2022-10-16T07:22:58.420-0300] {processor.py:758} INFO - Processing file /home/renato/Documentos/datapipeline/.env/lib/python3.10/site-packages/airflow/example_dags/example_latest_only.py for tasks to queue
[2022-10-16T07:22:58.421-0300] {logging_mixin.py:117} INFO - [2022-10-16T07:22:58.420-0300] {dagbag.py:525} INFO - Filling up the DagBag from /home/renato/Documentos/datapipeline/.env/lib/python3.10/site-packages/airflow/example_dags/example_latest_only.py
[2022-10-16T07:22:58.438-0300] {processor.py:768} INFO - DAG(s) dict_keys(['latest_only']) retrieved from /home/renato/Documentos/datapipeline/.env/lib/python3.10/site-packages/airflow/example_dags/example_latest_only.py
[2022-10-16T07:22:58.460-0300] {logging_mixin.py:117} INFO - [2022-10-16T07:22:58.460-0300] {dag.py:2573} INFO - Sync 1 DAGs
[2022-10-16T07:22:58.478-0300] {logging_mixin.py:117} INFO - [2022-10-16T07:22:58.478-0300] {dag.py:3324} INFO - Setting next_dagrun for latest_only to 2022-10-16T06:22:58.478169+00:00, run_after=2022-10-16T10:22:58.478169+00:00
[2022-10-16T07:22:58.502-0300] {processor.py:178} INFO - Processing /home/renato/Documentos/datapipeline/.env/lib/python3.10/site-packages/airflow/example_dags/example_latest_only.py took 0.091 seconds
[2022-10-16T07:23:37.731-0300] {processor.py:156} INFO - Started process (PID=6680) to work on /home/renato/Documentos/datapipeline/.env/lib/python3.10/site-packages/airflow/example_dags/example_latest_only.py
[2022-10-16T07:23:37.733-0300] {processor.py:758} INFO - Processing file /home/renato/Documentos/datapipeline/.env/lib/python3.10/site-packages/airflow/example_dags/example_latest_only.py for tasks to queue
[2022-10-16T07:23:37.734-0300] {logging_mixin.py:117} INFO - [2022-10-16T07:23:37.734-0300] {dagbag.py:525} INFO - Filling up the DagBag from /home/renato/Documentos/datapipeline/.env/lib/python3.10/site-packages/airflow/example_dags/example_latest_only.py
[2022-10-16T07:23:37.745-0300] {processor.py:768} INFO - DAG(s) dict_keys(['latest_only']) retrieved from /home/renato/Documentos/datapipeline/.env/lib/python3.10/site-packages/airflow/example_dags/example_latest_only.py
[2022-10-16T07:23:37.766-0300] {logging_mixin.py:117} INFO - [2022-10-16T07:23:37.766-0300] {dag.py:2573} INFO - Sync 1 DAGs
[2022-10-16T07:23:37.785-0300] {logging_mixin.py:117} INFO - [2022-10-16T07:23:37.785-0300] {dag.py:3324} INFO - Setting next_dagrun for latest_only to 2022-10-16T06:23:37.785463+00:00, run_after=2022-10-16T10:23:37.785463+00:00
[2022-10-16T07:23:37.810-0300] {processor.py:178} INFO - Processing /home/renato/Documentos/datapipeline/.env/lib/python3.10/site-packages/airflow/example_dags/example_latest_only.py took 0.082 seconds
[2022-10-16T07:24:20.854-0300] {processor.py:156} INFO - Started process (PID=6763) to work on /home/renato/Documentos/datapipeline/.env/lib/python3.10/site-packages/airflow/example_dags/example_latest_only.py
[2022-10-16T07:24:20.960-0300] {processor.py:758} INFO - Processing file /home/renato/Documentos/datapipeline/.env/lib/python3.10/site-packages/airflow/example_dags/example_latest_only.py for tasks to queue
[2022-10-16T07:24:20.961-0300] {logging_mixin.py:117} INFO - [2022-10-16T07:24:20.961-0300] {dagbag.py:525} INFO - Filling up the DagBag from /home/renato/Documentos/datapipeline/.env/lib/python3.10/site-packages/airflow/example_dags/example_latest_only.py
[2022-10-16T07:24:20.972-0300] {processor.py:768} INFO - DAG(s) dict_keys(['latest_only']) retrieved from /home/renato/Documentos/datapipeline/.env/lib/python3.10/site-packages/airflow/example_dags/example_latest_only.py
[2022-10-16T07:24:20.992-0300] {logging_mixin.py:117} INFO - [2022-10-16T07:24:20.992-0300] {dag.py:2573} INFO - Sync 1 DAGs
[2022-10-16T07:24:21.010-0300] {logging_mixin.py:117} INFO - [2022-10-16T07:24:21.010-0300] {dag.py:3324} INFO - Setting next_dagrun for latest_only to 2022-10-16T06:24:21.009879+00:00, run_after=2022-10-16T10:24:21.009879+00:00
[2022-10-16T07:24:21.070-0300] {processor.py:178} INFO - Processing /home/renato/Documentos/datapipeline/.env/lib/python3.10/site-packages/airflow/example_dags/example_latest_only.py took 0.221 seconds
[2022-10-16T07:25:00.080-0300] {processor.py:156} INFO - Started process (PID=6837) to work on /home/renato/Documentos/datapipeline/.env/lib/python3.10/site-packages/airflow/example_dags/example_latest_only.py
[2022-10-16T07:25:00.083-0300] {processor.py:758} INFO - Processing file /home/renato/Documentos/datapipeline/.env/lib/python3.10/site-packages/airflow/example_dags/example_latest_only.py for tasks to queue
[2022-10-16T07:25:00.085-0300] {logging_mixin.py:117} INFO - [2022-10-16T07:25:00.084-0300] {dagbag.py:525} INFO - Filling up the DagBag from /home/renato/Documentos/datapipeline/.env/lib/python3.10/site-packages/airflow/example_dags/example_latest_only.py
[2022-10-16T07:25:00.107-0300] {processor.py:768} INFO - DAG(s) dict_keys(['latest_only']) retrieved from /home/renato/Documentos/datapipeline/.env/lib/python3.10/site-packages/airflow/example_dags/example_latest_only.py
[2022-10-16T07:25:00.134-0300] {logging_mixin.py:117} INFO - [2022-10-16T07:25:00.134-0300] {dag.py:2573} INFO - Sync 1 DAGs
[2022-10-16T07:25:00.155-0300] {logging_mixin.py:117} INFO - [2022-10-16T07:25:00.155-0300] {dag.py:3324} INFO - Setting next_dagrun for latest_only to 2022-10-16T06:25:00.155348+00:00, run_after=2022-10-16T10:25:00.155348+00:00
[2022-10-16T07:25:00.180-0300] {processor.py:178} INFO - Processing /home/renato/Documentos/datapipeline/.env/lib/python3.10/site-packages/airflow/example_dags/example_latest_only.py took 0.106 seconds
[2022-10-16T07:25:36.287-0300] {processor.py:156} INFO - Started process (PID=7026) to work on /home/renato/Documentos/datapipeline/.env/lib/python3.10/site-packages/airflow/example_dags/example_latest_only.py
[2022-10-16T07:25:36.292-0300] {processor.py:758} INFO - Processing file /home/renato/Documentos/datapipeline/.env/lib/python3.10/site-packages/airflow/example_dags/example_latest_only.py for tasks to queue
[2022-10-16T07:25:36.293-0300] {logging_mixin.py:117} INFO - [2022-10-16T07:25:36.292-0300] {dagbag.py:525} INFO - Filling up the DagBag from /home/renato/Documentos/datapipeline/.env/lib/python3.10/site-packages/airflow/example_dags/example_latest_only.py
[2022-10-16T07:25:36.308-0300] {processor.py:768} INFO - DAG(s) dict_keys(['latest_only']) retrieved from /home/renato/Documentos/datapipeline/.env/lib/python3.10/site-packages/airflow/example_dags/example_latest_only.py
[2022-10-16T07:25:36.327-0300] {logging_mixin.py:117} INFO - [2022-10-16T07:25:36.327-0300] {dag.py:2573} INFO - Sync 1 DAGs
[2022-10-16T07:25:36.343-0300] {logging_mixin.py:117} INFO - [2022-10-16T07:25:36.343-0300] {dag.py:3324} INFO - Setting next_dagrun for latest_only to 2022-10-16T06:25:36.343492+00:00, run_after=2022-10-16T10:25:36.343492+00:00
[2022-10-16T07:25:36.366-0300] {processor.py:178} INFO - Processing /home/renato/Documentos/datapipeline/.env/lib/python3.10/site-packages/airflow/example_dags/example_latest_only.py took 0.082 seconds
[2022-10-16T07:26:16.166-0300] {processor.py:156} INFO - Started process (PID=7095) to work on /home/renato/Documentos/datapipeline/.env/lib/python3.10/site-packages/airflow/example_dags/example_latest_only.py
[2022-10-16T07:26:16.176-0300] {processor.py:758} INFO - Processing file /home/renato/Documentos/datapipeline/.env/lib/python3.10/site-packages/airflow/example_dags/example_latest_only.py for tasks to queue
[2022-10-16T07:26:16.177-0300] {logging_mixin.py:117} INFO - [2022-10-16T07:26:16.177-0300] {dagbag.py:525} INFO - Filling up the DagBag from /home/renato/Documentos/datapipeline/.env/lib/python3.10/site-packages/airflow/example_dags/example_latest_only.py
[2022-10-16T07:26:16.190-0300] {processor.py:768} INFO - DAG(s) dict_keys(['latest_only']) retrieved from /home/renato/Documentos/datapipeline/.env/lib/python3.10/site-packages/airflow/example_dags/example_latest_only.py
[2022-10-16T07:26:16.213-0300] {logging_mixin.py:117} INFO - [2022-10-16T07:26:16.212-0300] {dag.py:2573} INFO - Sync 1 DAGs
[2022-10-16T07:26:16.233-0300] {logging_mixin.py:117} INFO - [2022-10-16T07:26:16.233-0300] {dag.py:3324} INFO - Setting next_dagrun for latest_only to 2022-10-16T06:26:16.232821+00:00, run_after=2022-10-16T10:26:16.232821+00:00
[2022-10-16T07:26:16.259-0300] {processor.py:178} INFO - Processing /home/renato/Documentos/datapipeline/.env/lib/python3.10/site-packages/airflow/example_dags/example_latest_only.py took 0.095 seconds
[2022-10-16T07:26:57.342-0300] {processor.py:156} INFO - Started process (PID=7179) to work on /home/renato/Documentos/datapipeline/.env/lib/python3.10/site-packages/airflow/example_dags/example_latest_only.py
[2022-10-16T07:26:57.345-0300] {processor.py:758} INFO - Processing file /home/renato/Documentos/datapipeline/.env/lib/python3.10/site-packages/airflow/example_dags/example_latest_only.py for tasks to queue
[2022-10-16T07:26:57.346-0300] {logging_mixin.py:117} INFO - [2022-10-16T07:26:57.346-0300] {dagbag.py:525} INFO - Filling up the DagBag from /home/renato/Documentos/datapipeline/.env/lib/python3.10/site-packages/airflow/example_dags/example_latest_only.py
[2022-10-16T07:26:57.368-0300] {processor.py:768} INFO - DAG(s) dict_keys(['latest_only']) retrieved from /home/renato/Documentos/datapipeline/.env/lib/python3.10/site-packages/airflow/example_dags/example_latest_only.py
[2022-10-16T07:26:57.387-0300] {logging_mixin.py:117} INFO - [2022-10-16T07:26:57.387-0300] {dag.py:2573} INFO - Sync 1 DAGs
[2022-10-16T07:26:57.403-0300] {logging_mixin.py:117} INFO - [2022-10-16T07:26:57.403-0300] {dag.py:3324} INFO - Setting next_dagrun for latest_only to 2022-10-16T06:26:57.402843+00:00, run_after=2022-10-16T10:26:57.402843+00:00
[2022-10-16T07:26:57.426-0300] {processor.py:178} INFO - Processing /home/renato/Documentos/datapipeline/.env/lib/python3.10/site-packages/airflow/example_dags/example_latest_only.py took 0.090 seconds
[2022-10-16T07:27:36.148-0300] {processor.py:156} INFO - Started process (PID=7246) to work on /home/renato/Documentos/datapipeline/.env/lib/python3.10/site-packages/airflow/example_dags/example_latest_only.py
[2022-10-16T07:27:36.152-0300] {processor.py:758} INFO - Processing file /home/renato/Documentos/datapipeline/.env/lib/python3.10/site-packages/airflow/example_dags/example_latest_only.py for tasks to queue
[2022-10-16T07:27:36.154-0300] {logging_mixin.py:117} INFO - [2022-10-16T07:27:36.153-0300] {dagbag.py:525} INFO - Filling up the DagBag from /home/renato/Documentos/datapipeline/.env/lib/python3.10/site-packages/airflow/example_dags/example_latest_only.py
[2022-10-16T07:27:36.166-0300] {processor.py:768} INFO - DAG(s) dict_keys(['latest_only']) retrieved from /home/renato/Documentos/datapipeline/.env/lib/python3.10/site-packages/airflow/example_dags/example_latest_only.py
[2022-10-16T07:27:36.188-0300] {logging_mixin.py:117} INFO - [2022-10-16T07:27:36.188-0300] {dag.py:2573} INFO - Sync 1 DAGs
[2022-10-16T07:27:36.208-0300] {logging_mixin.py:117} INFO - [2022-10-16T07:27:36.208-0300] {dag.py:3324} INFO - Setting next_dagrun for latest_only to 2022-10-16T06:27:36.207980+00:00, run_after=2022-10-16T10:27:36.207980+00:00
[2022-10-16T07:27:36.237-0300] {processor.py:178} INFO - Processing /home/renato/Documentos/datapipeline/.env/lib/python3.10/site-packages/airflow/example_dags/example_latest_only.py took 0.092 seconds
[2022-10-16T07:28:22.426-0300] {processor.py:156} INFO - Started process (PID=7329) to work on /home/renato/Documentos/datapipeline/.env/lib/python3.10/site-packages/airflow/example_dags/example_latest_only.py
[2022-10-16T07:28:22.430-0300] {processor.py:758} INFO - Processing file /home/renato/Documentos/datapipeline/.env/lib/python3.10/site-packages/airflow/example_dags/example_latest_only.py for tasks to queue
[2022-10-16T07:28:22.431-0300] {logging_mixin.py:117} INFO - [2022-10-16T07:28:22.431-0300] {dagbag.py:525} INFO - Filling up the DagBag from /home/renato/Documentos/datapipeline/.env/lib/python3.10/site-packages/airflow/example_dags/example_latest_only.py
[2022-10-16T07:28:22.447-0300] {processor.py:768} INFO - DAG(s) dict_keys(['latest_only']) retrieved from /home/renato/Documentos/datapipeline/.env/lib/python3.10/site-packages/airflow/example_dags/example_latest_only.py
[2022-10-16T07:28:22.466-0300] {logging_mixin.py:117} INFO - [2022-10-16T07:28:22.466-0300] {dag.py:2573} INFO - Sync 1 DAGs
[2022-10-16T07:28:22.482-0300] {logging_mixin.py:117} INFO - [2022-10-16T07:28:22.482-0300] {dag.py:3324} INFO - Setting next_dagrun for latest_only to 2022-10-16T06:28:22.482282+00:00, run_after=2022-10-16T10:28:22.482282+00:00
[2022-10-16T07:28:22.505-0300] {processor.py:178} INFO - Processing /home/renato/Documentos/datapipeline/.env/lib/python3.10/site-packages/airflow/example_dags/example_latest_only.py took 0.083 seconds
[2022-10-16T07:29:06.189-0300] {processor.py:156} INFO - Started process (PID=7420) to work on /home/renato/Documentos/datapipeline/.env/lib/python3.10/site-packages/airflow/example_dags/example_latest_only.py
[2022-10-16T07:29:06.192-0300] {processor.py:758} INFO - Processing file /home/renato/Documentos/datapipeline/.env/lib/python3.10/site-packages/airflow/example_dags/example_latest_only.py for tasks to queue
[2022-10-16T07:29:06.193-0300] {logging_mixin.py:117} INFO - [2022-10-16T07:29:06.192-0300] {dagbag.py:525} INFO - Filling up the DagBag from /home/renato/Documentos/datapipeline/.env/lib/python3.10/site-packages/airflow/example_dags/example_latest_only.py
[2022-10-16T07:29:06.215-0300] {processor.py:768} INFO - DAG(s) dict_keys(['latest_only']) retrieved from /home/renato/Documentos/datapipeline/.env/lib/python3.10/site-packages/airflow/example_dags/example_latest_only.py
[2022-10-16T07:29:06.241-0300] {logging_mixin.py:117} INFO - [2022-10-16T07:29:06.239-0300] {dag.py:2573} INFO - Sync 1 DAGs
[2022-10-16T07:29:06.267-0300] {logging_mixin.py:117} INFO - [2022-10-16T07:29:06.267-0300] {dag.py:3324} INFO - Setting next_dagrun for latest_only to 2022-10-16T06:29:06.267228+00:00, run_after=2022-10-16T10:29:06.267228+00:00
[2022-10-16T07:29:06.300-0300] {processor.py:178} INFO - Processing /home/renato/Documentos/datapipeline/.env/lib/python3.10/site-packages/airflow/example_dags/example_latest_only.py took 0.117 seconds
[2022-10-16T07:29:45.993-0300] {processor.py:156} INFO - Started process (PID=7485) to work on /home/renato/Documentos/datapipeline/.env/lib/python3.10/site-packages/airflow/example_dags/example_latest_only.py
[2022-10-16T07:29:45.994-0300] {processor.py:758} INFO - Processing file /home/renato/Documentos/datapipeline/.env/lib/python3.10/site-packages/airflow/example_dags/example_latest_only.py for tasks to queue
[2022-10-16T07:29:45.995-0300] {logging_mixin.py:117} INFO - [2022-10-16T07:29:45.995-0300] {dagbag.py:525} INFO - Filling up the DagBag from /home/renato/Documentos/datapipeline/.env/lib/python3.10/site-packages/airflow/example_dags/example_latest_only.py
[2022-10-16T07:29:46.010-0300] {processor.py:768} INFO - DAG(s) dict_keys(['latest_only']) retrieved from /home/renato/Documentos/datapipeline/.env/lib/python3.10/site-packages/airflow/example_dags/example_latest_only.py
[2022-10-16T07:29:46.087-0300] {logging_mixin.py:117} INFO - [2022-10-16T07:29:46.087-0300] {dag.py:2573} INFO - Sync 1 DAGs
[2022-10-16T07:29:46.173-0300] {logging_mixin.py:117} INFO - [2022-10-16T07:29:46.173-0300] {dag.py:3324} INFO - Setting next_dagrun for latest_only to 2022-10-16T06:29:46.169375+00:00, run_after=2022-10-16T10:29:46.169375+00:00
[2022-10-16T07:29:46.253-0300] {processor.py:178} INFO - Processing /home/renato/Documentos/datapipeline/.env/lib/python3.10/site-packages/airflow/example_dags/example_latest_only.py took 0.262 seconds
[2022-10-16T07:31:22.634-0300] {processor.py:156} INFO - Started process (PID=7856) to work on /home/renato/Documentos/datapipeline/.env/lib/python3.10/site-packages/airflow/example_dags/example_latest_only.py
[2022-10-16T07:31:22.636-0300] {processor.py:758} INFO - Processing file /home/renato/Documentos/datapipeline/.env/lib/python3.10/site-packages/airflow/example_dags/example_latest_only.py for tasks to queue
[2022-10-16T07:31:22.637-0300] {logging_mixin.py:117} INFO - [2022-10-16T07:31:22.637-0300] {dagbag.py:525} INFO - Filling up the DagBag from /home/renato/Documentos/datapipeline/.env/lib/python3.10/site-packages/airflow/example_dags/example_latest_only.py
[2022-10-16T07:31:22.649-0300] {processor.py:768} INFO - DAG(s) dict_keys(['latest_only']) retrieved from /home/renato/Documentos/datapipeline/.env/lib/python3.10/site-packages/airflow/example_dags/example_latest_only.py
[2022-10-16T07:31:22.668-0300] {logging_mixin.py:117} INFO - [2022-10-16T07:31:22.668-0300] {dag.py:2573} INFO - Sync 1 DAGs
[2022-10-16T07:31:22.683-0300] {logging_mixin.py:117} INFO - [2022-10-16T07:31:22.683-0300] {dag.py:3324} INFO - Setting next_dagrun for latest_only to 2022-10-16T06:31:22.683280+00:00, run_after=2022-10-16T10:31:22.683280+00:00
[2022-10-16T07:31:22.705-0300] {processor.py:178} INFO - Processing /home/renato/Documentos/datapipeline/.env/lib/python3.10/site-packages/airflow/example_dags/example_latest_only.py took 0.073 seconds
