[2022-10-16T07:17:42.191-0300] {processor.py:156} INFO - Started process (PID=5882) to work on /home/renato/Documentos/datapipeline/.env/lib/python3.10/site-packages/airflow/example_dags/tutorial_dag.py
[2022-10-16T07:17:42.192-0300] {processor.py:758} INFO - Processing file /home/renato/Documentos/datapipeline/.env/lib/python3.10/site-packages/airflow/example_dags/tutorial_dag.py for tasks to queue
[2022-10-16T07:17:42.193-0300] {logging_mixin.py:117} INFO - [2022-10-16T07:17:42.192-0300] {dagbag.py:525} INFO - Filling up the DagBag from /home/renato/Documentos/datapipeline/.env/lib/python3.10/site-packages/airflow/example_dags/tutorial_dag.py
[2022-10-16T07:17:42.218-0300] {processor.py:768} INFO - DAG(s) dict_keys(['tutorial_dag']) retrieved from /home/renato/Documentos/datapipeline/.env/lib/python3.10/site-packages/airflow/example_dags/tutorial_dag.py
[2022-10-16T07:17:42.315-0300] {logging_mixin.py:117} INFO - [2022-10-16T07:17:42.315-0300] {manager.py:507} INFO - Created Permission View: can edit on DAG:tutorial_dag
[2022-10-16T07:17:42.328-0300] {logging_mixin.py:117} INFO - [2022-10-16T07:17:42.328-0300] {manager.py:507} INFO - Created Permission View: can read on DAG:tutorial_dag
[2022-10-16T07:17:42.339-0300] {logging_mixin.py:117} INFO - [2022-10-16T07:17:42.339-0300] {manager.py:507} INFO - Created Permission View: can delete on DAG:tutorial_dag
[2022-10-16T07:17:42.340-0300] {logging_mixin.py:117} INFO - [2022-10-16T07:17:42.340-0300] {dag.py:2573} INFO - Sync 1 DAGs
[2022-10-16T07:17:42.348-0300] {logging_mixin.py:117} INFO - [2022-10-16T07:17:42.348-0300] {dag.py:2594} INFO - Creating ORM DAG for tutorial_dag
[2022-10-16T07:17:42.355-0300] {logging_mixin.py:117} INFO - [2022-10-16T07:17:42.354-0300] {dag.py:3324} INFO - Setting next_dagrun for tutorial_dag to None, run_after=None
[2022-10-16T07:17:42.383-0300] {processor.py:178} INFO - Processing /home/renato/Documentos/datapipeline/.env/lib/python3.10/site-packages/airflow/example_dags/tutorial_dag.py took 0.202 seconds
[2022-10-16T07:18:25.663-0300] {processor.py:156} INFO - Started process (PID=5966) to work on /home/renato/Documentos/datapipeline/.env/lib/python3.10/site-packages/airflow/example_dags/tutorial_dag.py
[2022-10-16T07:18:25.672-0300] {processor.py:758} INFO - Processing file /home/renato/Documentos/datapipeline/.env/lib/python3.10/site-packages/airflow/example_dags/tutorial_dag.py for tasks to queue
[2022-10-16T07:18:25.673-0300] {logging_mixin.py:117} INFO - [2022-10-16T07:18:25.673-0300] {dagbag.py:525} INFO - Filling up the DagBag from /home/renato/Documentos/datapipeline/.env/lib/python3.10/site-packages/airflow/example_dags/tutorial_dag.py
[2022-10-16T07:18:25.687-0300] {processor.py:768} INFO - DAG(s) dict_keys(['tutorial_dag']) retrieved from /home/renato/Documentos/datapipeline/.env/lib/python3.10/site-packages/airflow/example_dags/tutorial_dag.py
[2022-10-16T07:18:25.709-0300] {logging_mixin.py:117} INFO - [2022-10-16T07:18:25.708-0300] {dag.py:2573} INFO - Sync 1 DAGs
[2022-10-16T07:18:25.727-0300] {logging_mixin.py:117} INFO - [2022-10-16T07:18:25.727-0300] {dag.py:3324} INFO - Setting next_dagrun for tutorial_dag to None, run_after=None
[2022-10-16T07:18:26.014-0300] {processor.py:178} INFO - Processing /home/renato/Documentos/datapipeline/.env/lib/python3.10/site-packages/airflow/example_dags/tutorial_dag.py took 0.353 seconds
[2022-10-16T07:19:03.465-0300] {processor.py:156} INFO - Started process (PID=6035) to work on /home/renato/Documentos/datapipeline/.env/lib/python3.10/site-packages/airflow/example_dags/tutorial_dag.py
[2022-10-16T07:19:03.468-0300] {processor.py:758} INFO - Processing file /home/renato/Documentos/datapipeline/.env/lib/python3.10/site-packages/airflow/example_dags/tutorial_dag.py for tasks to queue
[2022-10-16T07:19:03.469-0300] {logging_mixin.py:117} INFO - [2022-10-16T07:19:03.469-0300] {dagbag.py:525} INFO - Filling up the DagBag from /home/renato/Documentos/datapipeline/.env/lib/python3.10/site-packages/airflow/example_dags/tutorial_dag.py
[2022-10-16T07:19:03.491-0300] {processor.py:768} INFO - DAG(s) dict_keys(['tutorial_dag']) retrieved from /home/renato/Documentos/datapipeline/.env/lib/python3.10/site-packages/airflow/example_dags/tutorial_dag.py
[2022-10-16T07:19:03.510-0300] {logging_mixin.py:117} INFO - [2022-10-16T07:19:03.510-0300] {dag.py:2573} INFO - Sync 1 DAGs
[2022-10-16T07:19:03.527-0300] {logging_mixin.py:117} INFO - [2022-10-16T07:19:03.527-0300] {dag.py:3324} INFO - Setting next_dagrun for tutorial_dag to None, run_after=None
[2022-10-16T07:19:03.548-0300] {processor.py:178} INFO - Processing /home/renato/Documentos/datapipeline/.env/lib/python3.10/site-packages/airflow/example_dags/tutorial_dag.py took 0.088 seconds
[2022-10-16T07:19:39.583-0300] {processor.py:156} INFO - Started process (PID=6106) to work on /home/renato/Documentos/datapipeline/.env/lib/python3.10/site-packages/airflow/example_dags/tutorial_dag.py
[2022-10-16T07:19:39.585-0300] {processor.py:758} INFO - Processing file /home/renato/Documentos/datapipeline/.env/lib/python3.10/site-packages/airflow/example_dags/tutorial_dag.py for tasks to queue
[2022-10-16T07:19:39.586-0300] {logging_mixin.py:117} INFO - [2022-10-16T07:19:39.585-0300] {dagbag.py:525} INFO - Filling up the DagBag from /home/renato/Documentos/datapipeline/.env/lib/python3.10/site-packages/airflow/example_dags/tutorial_dag.py
[2022-10-16T07:19:39.598-0300] {processor.py:768} INFO - DAG(s) dict_keys(['tutorial_dag']) retrieved from /home/renato/Documentos/datapipeline/.env/lib/python3.10/site-packages/airflow/example_dags/tutorial_dag.py
[2022-10-16T07:19:39.621-0300] {logging_mixin.py:117} INFO - [2022-10-16T07:19:39.621-0300] {dag.py:2573} INFO - Sync 1 DAGs
[2022-10-16T07:19:39.640-0300] {logging_mixin.py:117} INFO - [2022-10-16T07:19:39.640-0300] {dag.py:3324} INFO - Setting next_dagrun for tutorial_dag to None, run_after=None
[2022-10-16T07:19:39.663-0300] {processor.py:178} INFO - Processing /home/renato/Documentos/datapipeline/.env/lib/python3.10/site-packages/airflow/example_dags/tutorial_dag.py took 0.083 seconds
[2022-10-16T07:20:16.904-0300] {processor.py:156} INFO - Started process (PID=6203) to work on /home/renato/Documentos/datapipeline/.env/lib/python3.10/site-packages/airflow/example_dags/tutorial_dag.py
[2022-10-16T07:20:16.908-0300] {processor.py:758} INFO - Processing file /home/renato/Documentos/datapipeline/.env/lib/python3.10/site-packages/airflow/example_dags/tutorial_dag.py for tasks to queue
[2022-10-16T07:20:16.909-0300] {logging_mixin.py:117} INFO - [2022-10-16T07:20:16.909-0300] {dagbag.py:525} INFO - Filling up the DagBag from /home/renato/Documentos/datapipeline/.env/lib/python3.10/site-packages/airflow/example_dags/tutorial_dag.py
[2022-10-16T07:20:16.930-0300] {processor.py:768} INFO - DAG(s) dict_keys(['tutorial_dag']) retrieved from /home/renato/Documentos/datapipeline/.env/lib/python3.10/site-packages/airflow/example_dags/tutorial_dag.py
[2022-10-16T07:20:16.952-0300] {logging_mixin.py:117} INFO - [2022-10-16T07:20:16.952-0300] {dag.py:2573} INFO - Sync 1 DAGs
[2022-10-16T07:20:16.969-0300] {logging_mixin.py:117} INFO - [2022-10-16T07:20:16.969-0300] {dag.py:3324} INFO - Setting next_dagrun for tutorial_dag to None, run_after=None
[2022-10-16T07:20:16.994-0300] {processor.py:178} INFO - Processing /home/renato/Documentos/datapipeline/.env/lib/python3.10/site-packages/airflow/example_dags/tutorial_dag.py took 0.095 seconds
[2022-10-16T07:20:54.502-0300] {processor.py:156} INFO - Started process (PID=6391) to work on /home/renato/Documentos/datapipeline/.env/lib/python3.10/site-packages/airflow/example_dags/tutorial_dag.py
[2022-10-16T07:20:54.505-0300] {processor.py:758} INFO - Processing file /home/renato/Documentos/datapipeline/.env/lib/python3.10/site-packages/airflow/example_dags/tutorial_dag.py for tasks to queue
[2022-10-16T07:20:54.506-0300] {logging_mixin.py:117} INFO - [2022-10-16T07:20:54.506-0300] {dagbag.py:525} INFO - Filling up the DagBag from /home/renato/Documentos/datapipeline/.env/lib/python3.10/site-packages/airflow/example_dags/tutorial_dag.py
[2022-10-16T07:20:54.532-0300] {processor.py:768} INFO - DAG(s) dict_keys(['tutorial_dag']) retrieved from /home/renato/Documentos/datapipeline/.env/lib/python3.10/site-packages/airflow/example_dags/tutorial_dag.py
[2022-10-16T07:20:54.564-0300] {logging_mixin.py:117} INFO - [2022-10-16T07:20:54.564-0300] {dag.py:2573} INFO - Sync 1 DAGs
[2022-10-16T07:20:54.583-0300] {logging_mixin.py:117} INFO - [2022-10-16T07:20:54.582-0300] {dag.py:3324} INFO - Setting next_dagrun for tutorial_dag to None, run_after=None
[2022-10-16T07:20:54.606-0300] {processor.py:178} INFO - Processing /home/renato/Documentos/datapipeline/.env/lib/python3.10/site-packages/airflow/example_dags/tutorial_dag.py took 0.109 seconds
[2022-10-16T07:21:31.305-0300] {processor.py:156} INFO - Started process (PID=6454) to work on /home/renato/Documentos/datapipeline/.env/lib/python3.10/site-packages/airflow/example_dags/tutorial_dag.py
[2022-10-16T07:21:31.307-0300] {processor.py:758} INFO - Processing file /home/renato/Documentos/datapipeline/.env/lib/python3.10/site-packages/airflow/example_dags/tutorial_dag.py for tasks to queue
[2022-10-16T07:21:31.308-0300] {logging_mixin.py:117} INFO - [2022-10-16T07:21:31.307-0300] {dagbag.py:525} INFO - Filling up the DagBag from /home/renato/Documentos/datapipeline/.env/lib/python3.10/site-packages/airflow/example_dags/tutorial_dag.py
[2022-10-16T07:21:31.323-0300] {processor.py:768} INFO - DAG(s) dict_keys(['tutorial_dag']) retrieved from /home/renato/Documentos/datapipeline/.env/lib/python3.10/site-packages/airflow/example_dags/tutorial_dag.py
[2022-10-16T07:21:31.353-0300] {logging_mixin.py:117} INFO - [2022-10-16T07:21:31.353-0300] {dag.py:2573} INFO - Sync 1 DAGs
[2022-10-16T07:21:31.370-0300] {logging_mixin.py:117} INFO - [2022-10-16T07:21:31.370-0300] {dag.py:3324} INFO - Setting next_dagrun for tutorial_dag to None, run_after=None
[2022-10-16T07:21:31.394-0300] {processor.py:178} INFO - Processing /home/renato/Documentos/datapipeline/.env/lib/python3.10/site-packages/airflow/example_dags/tutorial_dag.py took 0.093 seconds
[2022-10-16T07:22:06.695-0300] {processor.py:156} INFO - Started process (PID=6526) to work on /home/renato/Documentos/datapipeline/.env/lib/python3.10/site-packages/airflow/example_dags/tutorial_dag.py
[2022-10-16T07:22:06.704-0300] {processor.py:758} INFO - Processing file /home/renato/Documentos/datapipeline/.env/lib/python3.10/site-packages/airflow/example_dags/tutorial_dag.py for tasks to queue
[2022-10-16T07:22:06.704-0300] {logging_mixin.py:117} INFO - [2022-10-16T07:22:06.704-0300] {dagbag.py:525} INFO - Filling up the DagBag from /home/renato/Documentos/datapipeline/.env/lib/python3.10/site-packages/airflow/example_dags/tutorial_dag.py
[2022-10-16T07:22:06.719-0300] {processor.py:768} INFO - DAG(s) dict_keys(['tutorial_dag']) retrieved from /home/renato/Documentos/datapipeline/.env/lib/python3.10/site-packages/airflow/example_dags/tutorial_dag.py
[2022-10-16T07:22:06.738-0300] {logging_mixin.py:117} INFO - [2022-10-16T07:22:06.738-0300] {dag.py:2573} INFO - Sync 1 DAGs
[2022-10-16T07:22:06.755-0300] {logging_mixin.py:117} INFO - [2022-10-16T07:22:06.754-0300] {dag.py:3324} INFO - Setting next_dagrun for tutorial_dag to None, run_after=None
[2022-10-16T07:22:06.780-0300] {processor.py:178} INFO - Processing /home/renato/Documentos/datapipeline/.env/lib/python3.10/site-packages/airflow/example_dags/tutorial_dag.py took 0.090 seconds
[2022-10-16T07:22:43.966-0300] {processor.py:156} INFO - Started process (PID=6588) to work on /home/renato/Documentos/datapipeline/.env/lib/python3.10/site-packages/airflow/example_dags/tutorial_dag.py
[2022-10-16T07:22:43.968-0300] {processor.py:758} INFO - Processing file /home/renato/Documentos/datapipeline/.env/lib/python3.10/site-packages/airflow/example_dags/tutorial_dag.py for tasks to queue
[2022-10-16T07:22:43.969-0300] {logging_mixin.py:117} INFO - [2022-10-16T07:22:43.968-0300] {dagbag.py:525} INFO - Filling up the DagBag from /home/renato/Documentos/datapipeline/.env/lib/python3.10/site-packages/airflow/example_dags/tutorial_dag.py
[2022-10-16T07:22:43.988-0300] {processor.py:768} INFO - DAG(s) dict_keys(['tutorial_dag']) retrieved from /home/renato/Documentos/datapipeline/.env/lib/python3.10/site-packages/airflow/example_dags/tutorial_dag.py
[2022-10-16T07:22:44.009-0300] {logging_mixin.py:117} INFO - [2022-10-16T07:22:44.009-0300] {dag.py:2573} INFO - Sync 1 DAGs
[2022-10-16T07:22:44.025-0300] {logging_mixin.py:117} INFO - [2022-10-16T07:22:44.025-0300] {dag.py:3324} INFO - Setting next_dagrun for tutorial_dag to None, run_after=None
[2022-10-16T07:22:44.051-0300] {processor.py:178} INFO - Processing /home/renato/Documentos/datapipeline/.env/lib/python3.10/site-packages/airflow/example_dags/tutorial_dag.py took 0.090 seconds
[2022-10-16T07:23:18.042-0300] {processor.py:156} INFO - Started process (PID=6646) to work on /home/renato/Documentos/datapipeline/.env/lib/python3.10/site-packages/airflow/example_dags/tutorial_dag.py
[2022-10-16T07:23:18.044-0300] {processor.py:758} INFO - Processing file /home/renato/Documentos/datapipeline/.env/lib/python3.10/site-packages/airflow/example_dags/tutorial_dag.py for tasks to queue
[2022-10-16T07:23:18.045-0300] {logging_mixin.py:117} INFO - [2022-10-16T07:23:18.044-0300] {dagbag.py:525} INFO - Filling up the DagBag from /home/renato/Documentos/datapipeline/.env/lib/python3.10/site-packages/airflow/example_dags/tutorial_dag.py
[2022-10-16T07:23:18.060-0300] {processor.py:768} INFO - DAG(s) dict_keys(['tutorial_dag']) retrieved from /home/renato/Documentos/datapipeline/.env/lib/python3.10/site-packages/airflow/example_dags/tutorial_dag.py
[2022-10-16T07:23:18.082-0300] {logging_mixin.py:117} INFO - [2022-10-16T07:23:18.082-0300] {dag.py:2573} INFO - Sync 1 DAGs
[2022-10-16T07:23:18.101-0300] {logging_mixin.py:117} INFO - [2022-10-16T07:23:18.101-0300] {dag.py:3324} INFO - Setting next_dagrun for tutorial_dag to None, run_after=None
[2022-10-16T07:23:18.124-0300] {processor.py:178} INFO - Processing /home/renato/Documentos/datapipeline/.env/lib/python3.10/site-packages/airflow/example_dags/tutorial_dag.py took 0.085 seconds
[2022-10-16T07:23:54.134-0300] {processor.py:156} INFO - Started process (PID=6714) to work on /home/renato/Documentos/datapipeline/.env/lib/python3.10/site-packages/airflow/example_dags/tutorial_dag.py
[2022-10-16T07:23:54.135-0300] {processor.py:758} INFO - Processing file /home/renato/Documentos/datapipeline/.env/lib/python3.10/site-packages/airflow/example_dags/tutorial_dag.py for tasks to queue
[2022-10-16T07:23:54.136-0300] {logging_mixin.py:117} INFO - [2022-10-16T07:23:54.136-0300] {dagbag.py:525} INFO - Filling up the DagBag from /home/renato/Documentos/datapipeline/.env/lib/python3.10/site-packages/airflow/example_dags/tutorial_dag.py
[2022-10-16T07:23:54.155-0300] {processor.py:768} INFO - DAG(s) dict_keys(['tutorial_dag']) retrieved from /home/renato/Documentos/datapipeline/.env/lib/python3.10/site-packages/airflow/example_dags/tutorial_dag.py
[2022-10-16T07:23:54.187-0300] {logging_mixin.py:117} INFO - [2022-10-16T07:23:54.187-0300] {dag.py:2573} INFO - Sync 1 DAGs
[2022-10-16T07:23:54.205-0300] {logging_mixin.py:117} INFO - [2022-10-16T07:23:54.204-0300] {dag.py:3324} INFO - Setting next_dagrun for tutorial_dag to None, run_after=None
[2022-10-16T07:23:54.228-0300] {processor.py:178} INFO - Processing /home/renato/Documentos/datapipeline/.env/lib/python3.10/site-packages/airflow/example_dags/tutorial_dag.py took 0.098 seconds
[2022-10-16T07:24:33.580-0300] {processor.py:156} INFO - Started process (PID=6789) to work on /home/renato/Documentos/datapipeline/.env/lib/python3.10/site-packages/airflow/example_dags/tutorial_dag.py
[2022-10-16T07:24:33.582-0300] {processor.py:758} INFO - Processing file /home/renato/Documentos/datapipeline/.env/lib/python3.10/site-packages/airflow/example_dags/tutorial_dag.py for tasks to queue
[2022-10-16T07:24:33.583-0300] {logging_mixin.py:117} INFO - [2022-10-16T07:24:33.583-0300] {dagbag.py:525} INFO - Filling up the DagBag from /home/renato/Documentos/datapipeline/.env/lib/python3.10/site-packages/airflow/example_dags/tutorial_dag.py
[2022-10-16T07:24:33.600-0300] {processor.py:768} INFO - DAG(s) dict_keys(['tutorial_dag']) retrieved from /home/renato/Documentos/datapipeline/.env/lib/python3.10/site-packages/airflow/example_dags/tutorial_dag.py
[2022-10-16T07:24:33.624-0300] {logging_mixin.py:117} INFO - [2022-10-16T07:24:33.624-0300] {dag.py:2573} INFO - Sync 1 DAGs
[2022-10-16T07:24:33.641-0300] {logging_mixin.py:117} INFO - [2022-10-16T07:24:33.641-0300] {dag.py:3324} INFO - Setting next_dagrun for tutorial_dag to None, run_after=None
[2022-10-16T07:24:33.675-0300] {processor.py:178} INFO - Processing /home/renato/Documentos/datapipeline/.env/lib/python3.10/site-packages/airflow/example_dags/tutorial_dag.py took 0.100 seconds
[2022-10-16T07:25:11.526-0300] {processor.py:156} INFO - Started process (PID=6855) to work on /home/renato/Documentos/datapipeline/.env/lib/python3.10/site-packages/airflow/example_dags/tutorial_dag.py
[2022-10-16T07:25:11.528-0300] {processor.py:758} INFO - Processing file /home/renato/Documentos/datapipeline/.env/lib/python3.10/site-packages/airflow/example_dags/tutorial_dag.py for tasks to queue
[2022-10-16T07:25:11.529-0300] {logging_mixin.py:117} INFO - [2022-10-16T07:25:11.529-0300] {dagbag.py:525} INFO - Filling up the DagBag from /home/renato/Documentos/datapipeline/.env/lib/python3.10/site-packages/airflow/example_dags/tutorial_dag.py
[2022-10-16T07:25:11.551-0300] {processor.py:768} INFO - DAG(s) dict_keys(['tutorial_dag']) retrieved from /home/renato/Documentos/datapipeline/.env/lib/python3.10/site-packages/airflow/example_dags/tutorial_dag.py
[2022-10-16T07:25:11.575-0300] {logging_mixin.py:117} INFO - [2022-10-16T07:25:11.575-0300] {dag.py:2573} INFO - Sync 1 DAGs
[2022-10-16T07:25:11.591-0300] {logging_mixin.py:117} INFO - [2022-10-16T07:25:11.591-0300] {dag.py:3324} INFO - Setting next_dagrun for tutorial_dag to None, run_after=None
[2022-10-16T07:25:11.614-0300] {processor.py:178} INFO - Processing /home/renato/Documentos/datapipeline/.env/lib/python3.10/site-packages/airflow/example_dags/tutorial_dag.py took 0.093 seconds
[2022-10-16T07:25:48.099-0300] {processor.py:156} INFO - Started process (PID=7045) to work on /home/renato/Documentos/datapipeline/.env/lib/python3.10/site-packages/airflow/example_dags/tutorial_dag.py
[2022-10-16T07:25:48.101-0300] {processor.py:758} INFO - Processing file /home/renato/Documentos/datapipeline/.env/lib/python3.10/site-packages/airflow/example_dags/tutorial_dag.py for tasks to queue
[2022-10-16T07:25:48.103-0300] {logging_mixin.py:117} INFO - [2022-10-16T07:25:48.102-0300] {dagbag.py:525} INFO - Filling up the DagBag from /home/renato/Documentos/datapipeline/.env/lib/python3.10/site-packages/airflow/example_dags/tutorial_dag.py
[2022-10-16T07:25:48.116-0300] {processor.py:768} INFO - DAG(s) dict_keys(['tutorial_dag']) retrieved from /home/renato/Documentos/datapipeline/.env/lib/python3.10/site-packages/airflow/example_dags/tutorial_dag.py
[2022-10-16T07:25:48.138-0300] {logging_mixin.py:117} INFO - [2022-10-16T07:25:48.138-0300] {dag.py:2573} INFO - Sync 1 DAGs
[2022-10-16T07:25:48.154-0300] {logging_mixin.py:117} INFO - [2022-10-16T07:25:48.154-0300] {dag.py:3324} INFO - Setting next_dagrun for tutorial_dag to None, run_after=None
[2022-10-16T07:25:48.176-0300] {processor.py:178} INFO - Processing /home/renato/Documentos/datapipeline/.env/lib/python3.10/site-packages/airflow/example_dags/tutorial_dag.py took 0.080 seconds
[2022-10-16T07:26:28.837-0300] {processor.py:156} INFO - Started process (PID=7127) to work on /home/renato/Documentos/datapipeline/.env/lib/python3.10/site-packages/airflow/example_dags/tutorial_dag.py
[2022-10-16T07:26:28.839-0300] {processor.py:758} INFO - Processing file /home/renato/Documentos/datapipeline/.env/lib/python3.10/site-packages/airflow/example_dags/tutorial_dag.py for tasks to queue
[2022-10-16T07:26:28.840-0300] {logging_mixin.py:117} INFO - [2022-10-16T07:26:28.840-0300] {dagbag.py:525} INFO - Filling up the DagBag from /home/renato/Documentos/datapipeline/.env/lib/python3.10/site-packages/airflow/example_dags/tutorial_dag.py
[2022-10-16T07:26:28.852-0300] {processor.py:768} INFO - DAG(s) dict_keys(['tutorial_dag']) retrieved from /home/renato/Documentos/datapipeline/.env/lib/python3.10/site-packages/airflow/example_dags/tutorial_dag.py
[2022-10-16T07:26:28.875-0300] {logging_mixin.py:117} INFO - [2022-10-16T07:26:28.875-0300] {dag.py:2573} INFO - Sync 1 DAGs
[2022-10-16T07:26:28.892-0300] {logging_mixin.py:117} INFO - [2022-10-16T07:26:28.892-0300] {dag.py:3324} INFO - Setting next_dagrun for tutorial_dag to None, run_after=None
[2022-10-16T07:26:28.914-0300] {processor.py:178} INFO - Processing /home/renato/Documentos/datapipeline/.env/lib/python3.10/site-packages/airflow/example_dags/tutorial_dag.py took 0.082 seconds
[2022-10-16T07:27:11.424-0300] {processor.py:156} INFO - Started process (PID=7205) to work on /home/renato/Documentos/datapipeline/.env/lib/python3.10/site-packages/airflow/example_dags/tutorial_dag.py
[2022-10-16T07:27:11.428-0300] {processor.py:758} INFO - Processing file /home/renato/Documentos/datapipeline/.env/lib/python3.10/site-packages/airflow/example_dags/tutorial_dag.py for tasks to queue
[2022-10-16T07:27:11.429-0300] {logging_mixin.py:117} INFO - [2022-10-16T07:27:11.429-0300] {dagbag.py:525} INFO - Filling up the DagBag from /home/renato/Documentos/datapipeline/.env/lib/python3.10/site-packages/airflow/example_dags/tutorial_dag.py
[2022-10-16T07:27:11.442-0300] {processor.py:768} INFO - DAG(s) dict_keys(['tutorial_dag']) retrieved from /home/renato/Documentos/datapipeline/.env/lib/python3.10/site-packages/airflow/example_dags/tutorial_dag.py
[2022-10-16T07:27:11.467-0300] {logging_mixin.py:117} INFO - [2022-10-16T07:27:11.467-0300] {dag.py:2573} INFO - Sync 1 DAGs
[2022-10-16T07:27:11.484-0300] {logging_mixin.py:117} INFO - [2022-10-16T07:27:11.484-0300] {dag.py:3324} INFO - Setting next_dagrun for tutorial_dag to None, run_after=None
[2022-10-16T07:27:11.512-0300] {processor.py:178} INFO - Processing /home/renato/Documentos/datapipeline/.env/lib/python3.10/site-packages/airflow/example_dags/tutorial_dag.py took 0.092 seconds
[2022-10-16T07:27:46.170-0300] {processor.py:156} INFO - Started process (PID=7264) to work on /home/renato/Documentos/datapipeline/.env/lib/python3.10/site-packages/airflow/example_dags/tutorial_dag.py
[2022-10-16T07:27:46.171-0300] {processor.py:758} INFO - Processing file /home/renato/Documentos/datapipeline/.env/lib/python3.10/site-packages/airflow/example_dags/tutorial_dag.py for tasks to queue
[2022-10-16T07:27:46.172-0300] {logging_mixin.py:117} INFO - [2022-10-16T07:27:46.172-0300] {dagbag.py:525} INFO - Filling up the DagBag from /home/renato/Documentos/datapipeline/.env/lib/python3.10/site-packages/airflow/example_dags/tutorial_dag.py
[2022-10-16T07:27:46.184-0300] {processor.py:768} INFO - DAG(s) dict_keys(['tutorial_dag']) retrieved from /home/renato/Documentos/datapipeline/.env/lib/python3.10/site-packages/airflow/example_dags/tutorial_dag.py
[2022-10-16T07:27:46.208-0300] {logging_mixin.py:117} INFO - [2022-10-16T07:27:46.207-0300] {dag.py:2573} INFO - Sync 1 DAGs
[2022-10-16T07:27:46.227-0300] {logging_mixin.py:117} INFO - [2022-10-16T07:27:46.227-0300] {dag.py:3324} INFO - Setting next_dagrun for tutorial_dag to None, run_after=None
[2022-10-16T07:27:46.252-0300] {processor.py:178} INFO - Processing /home/renato/Documentos/datapipeline/.env/lib/python3.10/site-packages/airflow/example_dags/tutorial_dag.py took 0.086 seconds
[2022-10-16T07:28:27.490-0300] {processor.py:156} INFO - Started process (PID=7339) to work on /home/renato/Documentos/datapipeline/.env/lib/python3.10/site-packages/airflow/example_dags/tutorial_dag.py
[2022-10-16T07:28:27.492-0300] {processor.py:758} INFO - Processing file /home/renato/Documentos/datapipeline/.env/lib/python3.10/site-packages/airflow/example_dags/tutorial_dag.py for tasks to queue
[2022-10-16T07:28:27.493-0300] {logging_mixin.py:117} INFO - [2022-10-16T07:28:27.492-0300] {dagbag.py:525} INFO - Filling up the DagBag from /home/renato/Documentos/datapipeline/.env/lib/python3.10/site-packages/airflow/example_dags/tutorial_dag.py
[2022-10-16T07:28:27.506-0300] {processor.py:768} INFO - DAG(s) dict_keys(['tutorial_dag']) retrieved from /home/renato/Documentos/datapipeline/.env/lib/python3.10/site-packages/airflow/example_dags/tutorial_dag.py
[2022-10-16T07:28:27.529-0300] {logging_mixin.py:117} INFO - [2022-10-16T07:28:27.529-0300] {dag.py:2573} INFO - Sync 1 DAGs
[2022-10-16T07:28:27.548-0300] {logging_mixin.py:117} INFO - [2022-10-16T07:28:27.548-0300] {dag.py:3324} INFO - Setting next_dagrun for tutorial_dag to None, run_after=None
[2022-10-16T07:28:27.572-0300] {processor.py:178} INFO - Processing /home/renato/Documentos/datapipeline/.env/lib/python3.10/site-packages/airflow/example_dags/tutorial_dag.py took 0.085 seconds
[2022-10-16T07:29:04.344-0300] {processor.py:156} INFO - Started process (PID=7412) to work on /home/renato/Documentos/datapipeline/.env/lib/python3.10/site-packages/airflow/example_dags/tutorial_dag.py
[2022-10-16T07:29:04.345-0300] {processor.py:758} INFO - Processing file /home/renato/Documentos/datapipeline/.env/lib/python3.10/site-packages/airflow/example_dags/tutorial_dag.py for tasks to queue
[2022-10-16T07:29:04.346-0300] {logging_mixin.py:117} INFO - [2022-10-16T07:29:04.346-0300] {dagbag.py:525} INFO - Filling up the DagBag from /home/renato/Documentos/datapipeline/.env/lib/python3.10/site-packages/airflow/example_dags/tutorial_dag.py
[2022-10-16T07:29:04.358-0300] {processor.py:768} INFO - DAG(s) dict_keys(['tutorial_dag']) retrieved from /home/renato/Documentos/datapipeline/.env/lib/python3.10/site-packages/airflow/example_dags/tutorial_dag.py
[2022-10-16T07:29:04.379-0300] {logging_mixin.py:117} INFO - [2022-10-16T07:29:04.379-0300] {dag.py:2573} INFO - Sync 1 DAGs
[2022-10-16T07:29:04.397-0300] {logging_mixin.py:117} INFO - [2022-10-16T07:29:04.396-0300] {dag.py:3324} INFO - Setting next_dagrun for tutorial_dag to None, run_after=None
[2022-10-16T07:29:04.421-0300] {processor.py:178} INFO - Processing /home/renato/Documentos/datapipeline/.env/lib/python3.10/site-packages/airflow/example_dags/tutorial_dag.py took 0.080 seconds
[2022-10-16T07:29:43.612-0300] {processor.py:156} INFO - Started process (PID=7481) to work on /home/renato/Documentos/datapipeline/.env/lib/python3.10/site-packages/airflow/example_dags/tutorial_dag.py
[2022-10-16T07:29:43.613-0300] {processor.py:758} INFO - Processing file /home/renato/Documentos/datapipeline/.env/lib/python3.10/site-packages/airflow/example_dags/tutorial_dag.py for tasks to queue
[2022-10-16T07:29:43.614-0300] {logging_mixin.py:117} INFO - [2022-10-16T07:29:43.614-0300] {dagbag.py:525} INFO - Filling up the DagBag from /home/renato/Documentos/datapipeline/.env/lib/python3.10/site-packages/airflow/example_dags/tutorial_dag.py
[2022-10-16T07:29:43.628-0300] {processor.py:768} INFO - DAG(s) dict_keys(['tutorial_dag']) retrieved from /home/renato/Documentos/datapipeline/.env/lib/python3.10/site-packages/airflow/example_dags/tutorial_dag.py
[2022-10-16T07:29:43.652-0300] {logging_mixin.py:117} INFO - [2022-10-16T07:29:43.652-0300] {dag.py:2573} INFO - Sync 1 DAGs
[2022-10-16T07:29:43.671-0300] {logging_mixin.py:117} INFO - [2022-10-16T07:29:43.670-0300] {dag.py:3324} INFO - Setting next_dagrun for tutorial_dag to None, run_after=None
[2022-10-16T07:29:43.703-0300] {processor.py:178} INFO - Processing /home/renato/Documentos/datapipeline/.env/lib/python3.10/site-packages/airflow/example_dags/tutorial_dag.py took 0.093 seconds
[2022-10-16T07:31:05.652-0300] {processor.py:156} INFO - Started process (PID=7831) to work on /home/renato/Documentos/datapipeline/.env/lib/python3.10/site-packages/airflow/example_dags/tutorial_dag.py
[2022-10-16T07:31:05.658-0300] {processor.py:758} INFO - Processing file /home/renato/Documentos/datapipeline/.env/lib/python3.10/site-packages/airflow/example_dags/tutorial_dag.py for tasks to queue
[2022-10-16T07:31:05.659-0300] {logging_mixin.py:117} INFO - [2022-10-16T07:31:05.659-0300] {dagbag.py:525} INFO - Filling up the DagBag from /home/renato/Documentos/datapipeline/.env/lib/python3.10/site-packages/airflow/example_dags/tutorial_dag.py
[2022-10-16T07:31:05.677-0300] {processor.py:768} INFO - DAG(s) dict_keys(['tutorial_dag']) retrieved from /home/renato/Documentos/datapipeline/.env/lib/python3.10/site-packages/airflow/example_dags/tutorial_dag.py
[2022-10-16T07:31:05.706-0300] {logging_mixin.py:117} INFO - [2022-10-16T07:31:05.705-0300] {dag.py:2573} INFO - Sync 1 DAGs
[2022-10-16T07:31:05.725-0300] {logging_mixin.py:117} INFO - [2022-10-16T07:31:05.725-0300] {dag.py:3324} INFO - Setting next_dagrun for tutorial_dag to None, run_after=None
[2022-10-16T07:31:05.761-0300] {processor.py:178} INFO - Processing /home/renato/Documentos/datapipeline/.env/lib/python3.10/site-packages/airflow/example_dags/tutorial_dag.py took 0.115 seconds
