[2022-10-16T07:17:32.124-0300] {processor.py:156} INFO - Started process (PID=5864) to work on /home/renato/Documentos/datapipeline/.env/lib/python3.10/site-packages/airflow/example_dags/tutorial.py
[2022-10-16T07:17:32.125-0300] {processor.py:758} INFO - Processing file /home/renato/Documentos/datapipeline/.env/lib/python3.10/site-packages/airflow/example_dags/tutorial.py for tasks to queue
[2022-10-16T07:17:32.127-0300] {logging_mixin.py:117} INFO - [2022-10-16T07:17:32.126-0300] {dagbag.py:525} INFO - Filling up the DagBag from /home/renato/Documentos/datapipeline/.env/lib/python3.10/site-packages/airflow/example_dags/tutorial.py
[2022-10-16T07:17:32.149-0300] {processor.py:768} INFO - DAG(s) dict_keys(['tutorial']) retrieved from /home/renato/Documentos/datapipeline/.env/lib/python3.10/site-packages/airflow/example_dags/tutorial.py
[2022-10-16T07:17:32.255-0300] {logging_mixin.py:117} INFO - [2022-10-16T07:17:32.255-0300] {manager.py:507} INFO - Created Permission View: can edit on DAG:tutorial
[2022-10-16T07:17:32.269-0300] {logging_mixin.py:117} INFO - [2022-10-16T07:17:32.269-0300] {manager.py:507} INFO - Created Permission View: can read on DAG:tutorial
[2022-10-16T07:17:32.284-0300] {logging_mixin.py:117} INFO - [2022-10-16T07:17:32.284-0300] {manager.py:507} INFO - Created Permission View: can delete on DAG:tutorial
[2022-10-16T07:17:32.284-0300] {logging_mixin.py:117} INFO - [2022-10-16T07:17:32.284-0300] {dag.py:2573} INFO - Sync 1 DAGs
[2022-10-16T07:17:32.292-0300] {logging_mixin.py:117} INFO - [2022-10-16T07:17:32.292-0300] {dag.py:2594} INFO - Creating ORM DAG for tutorial
[2022-10-16T07:17:32.299-0300] {logging_mixin.py:117} INFO - [2022-10-16T07:17:32.299-0300] {dag.py:3324} INFO - Setting next_dagrun for tutorial to 2022-10-15T10:17:32.299228+00:00, run_after=2022-10-16T10:17:32.299228+00:00
[2022-10-16T07:17:32.325-0300] {processor.py:178} INFO - Processing /home/renato/Documentos/datapipeline/.env/lib/python3.10/site-packages/airflow/example_dags/tutorial.py took 0.208 seconds
[2022-10-16T07:18:17.686-0300] {processor.py:156} INFO - Started process (PID=5945) to work on /home/renato/Documentos/datapipeline/.env/lib/python3.10/site-packages/airflow/example_dags/tutorial.py
[2022-10-16T07:18:17.689-0300] {processor.py:758} INFO - Processing file /home/renato/Documentos/datapipeline/.env/lib/python3.10/site-packages/airflow/example_dags/tutorial.py for tasks to queue
[2022-10-16T07:18:17.690-0300] {logging_mixin.py:117} INFO - [2022-10-16T07:18:17.690-0300] {dagbag.py:525} INFO - Filling up the DagBag from /home/renato/Documentos/datapipeline/.env/lib/python3.10/site-packages/airflow/example_dags/tutorial.py
[2022-10-16T07:18:17.715-0300] {processor.py:768} INFO - DAG(s) dict_keys(['tutorial']) retrieved from /home/renato/Documentos/datapipeline/.env/lib/python3.10/site-packages/airflow/example_dags/tutorial.py
[2022-10-16T07:18:17.737-0300] {logging_mixin.py:117} INFO - [2022-10-16T07:18:17.737-0300] {dag.py:2573} INFO - Sync 1 DAGs
[2022-10-16T07:18:17.754-0300] {logging_mixin.py:117} INFO - [2022-10-16T07:18:17.753-0300] {dag.py:3324} INFO - Setting next_dagrun for tutorial to 2022-10-15T10:18:17.753682+00:00, run_after=2022-10-16T10:18:17.753682+00:00
[2022-10-16T07:18:17.776-0300] {processor.py:178} INFO - Processing /home/renato/Documentos/datapipeline/.env/lib/python3.10/site-packages/airflow/example_dags/tutorial.py took 0.096 seconds
[2022-10-16T07:18:54.607-0300] {processor.py:156} INFO - Started process (PID=6023) to work on /home/renato/Documentos/datapipeline/.env/lib/python3.10/site-packages/airflow/example_dags/tutorial.py
[2022-10-16T07:18:54.612-0300] {processor.py:758} INFO - Processing file /home/renato/Documentos/datapipeline/.env/lib/python3.10/site-packages/airflow/example_dags/tutorial.py for tasks to queue
[2022-10-16T07:18:54.613-0300] {logging_mixin.py:117} INFO - [2022-10-16T07:18:54.613-0300] {dagbag.py:525} INFO - Filling up the DagBag from /home/renato/Documentos/datapipeline/.env/lib/python3.10/site-packages/airflow/example_dags/tutorial.py
[2022-10-16T07:18:54.625-0300] {processor.py:768} INFO - DAG(s) dict_keys(['tutorial']) retrieved from /home/renato/Documentos/datapipeline/.env/lib/python3.10/site-packages/airflow/example_dags/tutorial.py
[2022-10-16T07:18:54.646-0300] {logging_mixin.py:117} INFO - [2022-10-16T07:18:54.645-0300] {dag.py:2573} INFO - Sync 1 DAGs
[2022-10-16T07:18:54.662-0300] {logging_mixin.py:117} INFO - [2022-10-16T07:18:54.662-0300] {dag.py:3324} INFO - Setting next_dagrun for tutorial to 2022-10-15T10:18:54.662175+00:00, run_after=2022-10-16T10:18:54.662175+00:00
[2022-10-16T07:18:54.684-0300] {processor.py:178} INFO - Processing /home/renato/Documentos/datapipeline/.env/lib/python3.10/site-packages/airflow/example_dags/tutorial.py took 0.079 seconds
[2022-10-16T07:19:28.746-0300] {processor.py:156} INFO - Started process (PID=6084) to work on /home/renato/Documentos/datapipeline/.env/lib/python3.10/site-packages/airflow/example_dags/tutorial.py
[2022-10-16T07:19:28.747-0300] {processor.py:758} INFO - Processing file /home/renato/Documentos/datapipeline/.env/lib/python3.10/site-packages/airflow/example_dags/tutorial.py for tasks to queue
[2022-10-16T07:19:28.747-0300] {logging_mixin.py:117} INFO - [2022-10-16T07:19:28.747-0300] {dagbag.py:525} INFO - Filling up the DagBag from /home/renato/Documentos/datapipeline/.env/lib/python3.10/site-packages/airflow/example_dags/tutorial.py
[2022-10-16T07:19:28.764-0300] {processor.py:768} INFO - DAG(s) dict_keys(['tutorial']) retrieved from /home/renato/Documentos/datapipeline/.env/lib/python3.10/site-packages/airflow/example_dags/tutorial.py
[2022-10-16T07:19:28.798-0300] {logging_mixin.py:117} INFO - [2022-10-16T07:19:28.798-0300] {dag.py:2573} INFO - Sync 1 DAGs
[2022-10-16T07:19:28.826-0300] {logging_mixin.py:117} INFO - [2022-10-16T07:19:28.826-0300] {dag.py:3324} INFO - Setting next_dagrun for tutorial to 2022-10-15T10:19:28.825914+00:00, run_after=2022-10-16T10:19:28.825914+00:00
[2022-10-16T07:19:28.862-0300] {processor.py:178} INFO - Processing /home/renato/Documentos/datapipeline/.env/lib/python3.10/site-packages/airflow/example_dags/tutorial.py took 0.124 seconds
[2022-10-16T07:20:06.021-0300] {processor.py:156} INFO - Started process (PID=6183) to work on /home/renato/Documentos/datapipeline/.env/lib/python3.10/site-packages/airflow/example_dags/tutorial.py
[2022-10-16T07:20:06.023-0300] {processor.py:758} INFO - Processing file /home/renato/Documentos/datapipeline/.env/lib/python3.10/site-packages/airflow/example_dags/tutorial.py for tasks to queue
[2022-10-16T07:20:06.024-0300] {logging_mixin.py:117} INFO - [2022-10-16T07:20:06.024-0300] {dagbag.py:525} INFO - Filling up the DagBag from /home/renato/Documentos/datapipeline/.env/lib/python3.10/site-packages/airflow/example_dags/tutorial.py
[2022-10-16T07:20:06.036-0300] {processor.py:768} INFO - DAG(s) dict_keys(['tutorial']) retrieved from /home/renato/Documentos/datapipeline/.env/lib/python3.10/site-packages/airflow/example_dags/tutorial.py
[2022-10-16T07:20:06.056-0300] {logging_mixin.py:117} INFO - [2022-10-16T07:20:06.056-0300] {dag.py:2573} INFO - Sync 1 DAGs
[2022-10-16T07:20:06.072-0300] {logging_mixin.py:117} INFO - [2022-10-16T07:20:06.072-0300] {dag.py:3324} INFO - Setting next_dagrun for tutorial to 2022-10-15T10:20:06.072092+00:00, run_after=2022-10-16T10:20:06.072092+00:00
[2022-10-16T07:20:06.100-0300] {processor.py:178} INFO - Processing /home/renato/Documentos/datapipeline/.env/lib/python3.10/site-packages/airflow/example_dags/tutorial.py took 0.081 seconds
[2022-10-16T07:20:44.125-0300] {processor.py:156} INFO - Started process (PID=6374) to work on /home/renato/Documentos/datapipeline/.env/lib/python3.10/site-packages/airflow/example_dags/tutorial.py
[2022-10-16T07:20:44.128-0300] {processor.py:758} INFO - Processing file /home/renato/Documentos/datapipeline/.env/lib/python3.10/site-packages/airflow/example_dags/tutorial.py for tasks to queue
[2022-10-16T07:20:44.128-0300] {logging_mixin.py:117} INFO - [2022-10-16T07:20:44.128-0300] {dagbag.py:525} INFO - Filling up the DagBag from /home/renato/Documentos/datapipeline/.env/lib/python3.10/site-packages/airflow/example_dags/tutorial.py
[2022-10-16T07:20:44.141-0300] {processor.py:768} INFO - DAG(s) dict_keys(['tutorial']) retrieved from /home/renato/Documentos/datapipeline/.env/lib/python3.10/site-packages/airflow/example_dags/tutorial.py
[2022-10-16T07:20:44.163-0300] {logging_mixin.py:117} INFO - [2022-10-16T07:20:44.163-0300] {dag.py:2573} INFO - Sync 1 DAGs
[2022-10-16T07:20:44.180-0300] {logging_mixin.py:117} INFO - [2022-10-16T07:20:44.180-0300] {dag.py:3324} INFO - Setting next_dagrun for tutorial to 2022-10-15T10:20:44.180333+00:00, run_after=2022-10-16T10:20:44.180333+00:00
[2022-10-16T07:20:44.203-0300] {processor.py:178} INFO - Processing /home/renato/Documentos/datapipeline/.env/lib/python3.10/site-packages/airflow/example_dags/tutorial.py took 0.080 seconds
[2022-10-16T07:21:20.828-0300] {processor.py:156} INFO - Started process (PID=6438) to work on /home/renato/Documentos/datapipeline/.env/lib/python3.10/site-packages/airflow/example_dags/tutorial.py
[2022-10-16T07:21:20.832-0300] {processor.py:758} INFO - Processing file /home/renato/Documentos/datapipeline/.env/lib/python3.10/site-packages/airflow/example_dags/tutorial.py for tasks to queue
[2022-10-16T07:21:20.833-0300] {logging_mixin.py:117} INFO - [2022-10-16T07:21:20.833-0300] {dagbag.py:525} INFO - Filling up the DagBag from /home/renato/Documentos/datapipeline/.env/lib/python3.10/site-packages/airflow/example_dags/tutorial.py
[2022-10-16T07:21:20.846-0300] {processor.py:768} INFO - DAG(s) dict_keys(['tutorial']) retrieved from /home/renato/Documentos/datapipeline/.env/lib/python3.10/site-packages/airflow/example_dags/tutorial.py
[2022-10-16T07:21:20.868-0300] {logging_mixin.py:117} INFO - [2022-10-16T07:21:20.868-0300] {dag.py:2573} INFO - Sync 1 DAGs
[2022-10-16T07:21:20.884-0300] {logging_mixin.py:117} INFO - [2022-10-16T07:21:20.884-0300] {dag.py:3324} INFO - Setting next_dagrun for tutorial to 2022-10-15T10:21:20.884444+00:00, run_after=2022-10-16T10:21:20.884444+00:00
[2022-10-16T07:21:20.913-0300] {processor.py:178} INFO - Processing /home/renato/Documentos/datapipeline/.env/lib/python3.10/site-packages/airflow/example_dags/tutorial.py took 0.089 seconds
[2022-10-16T07:21:54.915-0300] {processor.py:156} INFO - Started process (PID=6505) to work on /home/renato/Documentos/datapipeline/.env/lib/python3.10/site-packages/airflow/example_dags/tutorial.py
[2022-10-16T07:21:54.919-0300] {processor.py:758} INFO - Processing file /home/renato/Documentos/datapipeline/.env/lib/python3.10/site-packages/airflow/example_dags/tutorial.py for tasks to queue
[2022-10-16T07:21:54.920-0300] {logging_mixin.py:117} INFO - [2022-10-16T07:21:54.920-0300] {dagbag.py:525} INFO - Filling up the DagBag from /home/renato/Documentos/datapipeline/.env/lib/python3.10/site-packages/airflow/example_dags/tutorial.py
[2022-10-16T07:21:54.937-0300] {processor.py:768} INFO - DAG(s) dict_keys(['tutorial']) retrieved from /home/renato/Documentos/datapipeline/.env/lib/python3.10/site-packages/airflow/example_dags/tutorial.py
[2022-10-16T07:21:54.964-0300] {logging_mixin.py:117} INFO - [2022-10-16T07:21:54.964-0300] {dag.py:2573} INFO - Sync 1 DAGs
[2022-10-16T07:21:54.986-0300] {logging_mixin.py:117} INFO - [2022-10-16T07:21:54.986-0300] {dag.py:3324} INFO - Setting next_dagrun for tutorial to 2022-10-15T10:21:54.986556+00:00, run_after=2022-10-16T10:21:54.986556+00:00
[2022-10-16T07:21:55.016-0300] {processor.py:178} INFO - Processing /home/renato/Documentos/datapipeline/.env/lib/python3.10/site-packages/airflow/example_dags/tutorial.py took 0.103 seconds
[2022-10-16T07:22:30.853-0300] {processor.py:156} INFO - Started process (PID=6567) to work on /home/renato/Documentos/datapipeline/.env/lib/python3.10/site-packages/airflow/example_dags/tutorial.py
[2022-10-16T07:22:30.856-0300] {processor.py:758} INFO - Processing file /home/renato/Documentos/datapipeline/.env/lib/python3.10/site-packages/airflow/example_dags/tutorial.py for tasks to queue
[2022-10-16T07:22:30.857-0300] {logging_mixin.py:117} INFO - [2022-10-16T07:22:30.857-0300] {dagbag.py:525} INFO - Filling up the DagBag from /home/renato/Documentos/datapipeline/.env/lib/python3.10/site-packages/airflow/example_dags/tutorial.py
[2022-10-16T07:22:30.879-0300] {processor.py:768} INFO - DAG(s) dict_keys(['tutorial']) retrieved from /home/renato/Documentos/datapipeline/.env/lib/python3.10/site-packages/airflow/example_dags/tutorial.py
[2022-10-16T07:22:30.899-0300] {logging_mixin.py:117} INFO - [2022-10-16T07:22:30.898-0300] {dag.py:2573} INFO - Sync 1 DAGs
[2022-10-16T07:22:30.915-0300] {logging_mixin.py:117} INFO - [2022-10-16T07:22:30.914-0300] {dag.py:3324} INFO - Setting next_dagrun for tutorial to 2022-10-15T10:22:30.914712+00:00, run_after=2022-10-16T10:22:30.914712+00:00
[2022-10-16T07:22:30.940-0300] {processor.py:178} INFO - Processing /home/renato/Documentos/datapipeline/.env/lib/python3.10/site-packages/airflow/example_dags/tutorial.py took 0.092 seconds
[2022-10-16T07:23:08.760-0300] {processor.py:156} INFO - Started process (PID=6627) to work on /home/renato/Documentos/datapipeline/.env/lib/python3.10/site-packages/airflow/example_dags/tutorial.py
[2022-10-16T07:23:08.763-0300] {processor.py:758} INFO - Processing file /home/renato/Documentos/datapipeline/.env/lib/python3.10/site-packages/airflow/example_dags/tutorial.py for tasks to queue
[2022-10-16T07:23:08.764-0300] {logging_mixin.py:117} INFO - [2022-10-16T07:23:08.764-0300] {dagbag.py:525} INFO - Filling up the DagBag from /home/renato/Documentos/datapipeline/.env/lib/python3.10/site-packages/airflow/example_dags/tutorial.py
[2022-10-16T07:23:08.777-0300] {processor.py:768} INFO - DAG(s) dict_keys(['tutorial']) retrieved from /home/renato/Documentos/datapipeline/.env/lib/python3.10/site-packages/airflow/example_dags/tutorial.py
[2022-10-16T07:23:08.797-0300] {logging_mixin.py:117} INFO - [2022-10-16T07:23:08.797-0300] {dag.py:2573} INFO - Sync 1 DAGs
[2022-10-16T07:23:08.816-0300] {logging_mixin.py:117} INFO - [2022-10-16T07:23:08.816-0300] {dag.py:3324} INFO - Setting next_dagrun for tutorial to 2022-10-15T10:23:08.815912+00:00, run_after=2022-10-16T10:23:08.815912+00:00
[2022-10-16T07:23:08.843-0300] {processor.py:178} INFO - Processing /home/renato/Documentos/datapipeline/.env/lib/python3.10/site-packages/airflow/example_dags/tutorial.py took 0.085 seconds
[2022-10-16T07:23:40.150-0300] {processor.py:156} INFO - Started process (PID=6684) to work on /home/renato/Documentos/datapipeline/.env/lib/python3.10/site-packages/airflow/example_dags/tutorial.py
[2022-10-16T07:23:40.151-0300] {processor.py:758} INFO - Processing file /home/renato/Documentos/datapipeline/.env/lib/python3.10/site-packages/airflow/example_dags/tutorial.py for tasks to queue
[2022-10-16T07:23:40.151-0300] {logging_mixin.py:117} INFO - [2022-10-16T07:23:40.151-0300] {dagbag.py:525} INFO - Filling up the DagBag from /home/renato/Documentos/datapipeline/.env/lib/python3.10/site-packages/airflow/example_dags/tutorial.py
[2022-10-16T07:23:40.166-0300] {processor.py:768} INFO - DAG(s) dict_keys(['tutorial']) retrieved from /home/renato/Documentos/datapipeline/.env/lib/python3.10/site-packages/airflow/example_dags/tutorial.py
[2022-10-16T07:23:40.187-0300] {logging_mixin.py:117} INFO - [2022-10-16T07:23:40.187-0300] {dag.py:2573} INFO - Sync 1 DAGs
[2022-10-16T07:23:40.204-0300] {logging_mixin.py:117} INFO - [2022-10-16T07:23:40.204-0300] {dag.py:3324} INFO - Setting next_dagrun for tutorial to 2022-10-15T10:23:40.204218+00:00, run_after=2022-10-16T10:23:40.204218+00:00
[2022-10-16T07:23:40.227-0300] {processor.py:178} INFO - Processing /home/renato/Documentos/datapipeline/.env/lib/python3.10/site-packages/airflow/example_dags/tutorial.py took 0.084 seconds
[2022-10-16T07:24:14.206-0300] {processor.py:156} INFO - Started process (PID=6753) to work on /home/renato/Documentos/datapipeline/.env/lib/python3.10/site-packages/airflow/example_dags/tutorial.py
[2022-10-16T07:24:14.212-0300] {processor.py:758} INFO - Processing file /home/renato/Documentos/datapipeline/.env/lib/python3.10/site-packages/airflow/example_dags/tutorial.py for tasks to queue
[2022-10-16T07:24:14.213-0300] {logging_mixin.py:117} INFO - [2022-10-16T07:24:14.212-0300] {dagbag.py:525} INFO - Filling up the DagBag from /home/renato/Documentos/datapipeline/.env/lib/python3.10/site-packages/airflow/example_dags/tutorial.py
[2022-10-16T07:24:14.227-0300] {processor.py:768} INFO - DAG(s) dict_keys(['tutorial']) retrieved from /home/renato/Documentos/datapipeline/.env/lib/python3.10/site-packages/airflow/example_dags/tutorial.py
[2022-10-16T07:24:14.249-0300] {logging_mixin.py:117} INFO - [2022-10-16T07:24:14.249-0300] {dag.py:2573} INFO - Sync 1 DAGs
[2022-10-16T07:24:14.268-0300] {logging_mixin.py:117} INFO - [2022-10-16T07:24:14.268-0300] {dag.py:3324} INFO - Setting next_dagrun for tutorial to 2022-10-15T10:24:14.268144+00:00, run_after=2022-10-16T10:24:14.268144+00:00
[2022-10-16T07:24:14.306-0300] {processor.py:178} INFO - Processing /home/renato/Documentos/datapipeline/.env/lib/python3.10/site-packages/airflow/example_dags/tutorial.py took 0.102 seconds
[2022-10-16T07:24:47.042-0300] {processor.py:156} INFO - Started process (PID=6818) to work on /home/renato/Documentos/datapipeline/.env/lib/python3.10/site-packages/airflow/example_dags/tutorial.py
[2022-10-16T07:24:47.043-0300] {processor.py:758} INFO - Processing file /home/renato/Documentos/datapipeline/.env/lib/python3.10/site-packages/airflow/example_dags/tutorial.py for tasks to queue
[2022-10-16T07:24:47.044-0300] {logging_mixin.py:117} INFO - [2022-10-16T07:24:47.044-0300] {dagbag.py:525} INFO - Filling up the DagBag from /home/renato/Documentos/datapipeline/.env/lib/python3.10/site-packages/airflow/example_dags/tutorial.py
[2022-10-16T07:24:47.058-0300] {processor.py:768} INFO - DAG(s) dict_keys(['tutorial']) retrieved from /home/renato/Documentos/datapipeline/.env/lib/python3.10/site-packages/airflow/example_dags/tutorial.py
[2022-10-16T07:24:47.081-0300] {logging_mixin.py:117} INFO - [2022-10-16T07:24:47.081-0300] {dag.py:2573} INFO - Sync 1 DAGs
[2022-10-16T07:24:47.100-0300] {logging_mixin.py:117} INFO - [2022-10-16T07:24:47.100-0300] {dag.py:3324} INFO - Setting next_dagrun for tutorial to 2022-10-15T10:24:47.099118+00:00, run_after=2022-10-16T10:24:47.099118+00:00
[2022-10-16T07:24:47.127-0300] {processor.py:178} INFO - Processing /home/renato/Documentos/datapipeline/.env/lib/python3.10/site-packages/airflow/example_dags/tutorial.py took 0.089 seconds
[2022-10-16T07:25:24.613-0300] {processor.py:156} INFO - Started process (PID=7003) to work on /home/renato/Documentos/datapipeline/.env/lib/python3.10/site-packages/airflow/example_dags/tutorial.py
[2022-10-16T07:25:24.615-0300] {processor.py:758} INFO - Processing file /home/renato/Documentos/datapipeline/.env/lib/python3.10/site-packages/airflow/example_dags/tutorial.py for tasks to queue
[2022-10-16T07:25:24.616-0300] {logging_mixin.py:117} INFO - [2022-10-16T07:25:24.616-0300] {dagbag.py:525} INFO - Filling up the DagBag from /home/renato/Documentos/datapipeline/.env/lib/python3.10/site-packages/airflow/example_dags/tutorial.py
[2022-10-16T07:25:24.634-0300] {processor.py:768} INFO - DAG(s) dict_keys(['tutorial']) retrieved from /home/renato/Documentos/datapipeline/.env/lib/python3.10/site-packages/airflow/example_dags/tutorial.py
[2022-10-16T07:25:24.656-0300] {logging_mixin.py:117} INFO - [2022-10-16T07:25:24.656-0300] {dag.py:2573} INFO - Sync 1 DAGs
[2022-10-16T07:25:24.673-0300] {logging_mixin.py:117} INFO - [2022-10-16T07:25:24.673-0300] {dag.py:3324} INFO - Setting next_dagrun for tutorial to 2022-10-15T10:25:24.673075+00:00, run_after=2022-10-16T10:25:24.673075+00:00
[2022-10-16T07:25:24.695-0300] {processor.py:178} INFO - Processing /home/renato/Documentos/datapipeline/.env/lib/python3.10/site-packages/airflow/example_dags/tutorial.py took 0.086 seconds
[2022-10-16T07:26:01.064-0300] {processor.py:156} INFO - Started process (PID=7069) to work on /home/renato/Documentos/datapipeline/.env/lib/python3.10/site-packages/airflow/example_dags/tutorial.py
[2022-10-16T07:26:01.074-0300] {processor.py:758} INFO - Processing file /home/renato/Documentos/datapipeline/.env/lib/python3.10/site-packages/airflow/example_dags/tutorial.py for tasks to queue
[2022-10-16T07:26:01.074-0300] {logging_mixin.py:117} INFO - [2022-10-16T07:26:01.074-0300] {dagbag.py:525} INFO - Filling up the DagBag from /home/renato/Documentos/datapipeline/.env/lib/python3.10/site-packages/airflow/example_dags/tutorial.py
[2022-10-16T07:26:01.091-0300] {processor.py:768} INFO - DAG(s) dict_keys(['tutorial']) retrieved from /home/renato/Documentos/datapipeline/.env/lib/python3.10/site-packages/airflow/example_dags/tutorial.py
[2022-10-16T07:26:01.113-0300] {logging_mixin.py:117} INFO - [2022-10-16T07:26:01.113-0300] {dag.py:2573} INFO - Sync 1 DAGs
[2022-10-16T07:26:01.133-0300] {logging_mixin.py:117} INFO - [2022-10-16T07:26:01.133-0300] {dag.py:3324} INFO - Setting next_dagrun for tutorial to 2022-10-15T10:26:01.133005+00:00, run_after=2022-10-16T10:26:01.133005+00:00
[2022-10-16T07:26:01.182-0300] {processor.py:178} INFO - Processing /home/renato/Documentos/datapipeline/.env/lib/python3.10/site-packages/airflow/example_dags/tutorial.py took 0.121 seconds
[2022-10-16T07:26:37.238-0300] {processor.py:156} INFO - Started process (PID=7143) to work on /home/renato/Documentos/datapipeline/.env/lib/python3.10/site-packages/airflow/example_dags/tutorial.py
[2022-10-16T07:26:37.241-0300] {processor.py:758} INFO - Processing file /home/renato/Documentos/datapipeline/.env/lib/python3.10/site-packages/airflow/example_dags/tutorial.py for tasks to queue
[2022-10-16T07:26:37.242-0300] {logging_mixin.py:117} INFO - [2022-10-16T07:26:37.242-0300] {dagbag.py:525} INFO - Filling up the DagBag from /home/renato/Documentos/datapipeline/.env/lib/python3.10/site-packages/airflow/example_dags/tutorial.py
[2022-10-16T07:26:37.256-0300] {processor.py:768} INFO - DAG(s) dict_keys(['tutorial']) retrieved from /home/renato/Documentos/datapipeline/.env/lib/python3.10/site-packages/airflow/example_dags/tutorial.py
[2022-10-16T07:26:37.275-0300] {logging_mixin.py:117} INFO - [2022-10-16T07:26:37.275-0300] {dag.py:2573} INFO - Sync 1 DAGs
[2022-10-16T07:26:37.294-0300] {logging_mixin.py:117} INFO - [2022-10-16T07:26:37.294-0300] {dag.py:3324} INFO - Setting next_dagrun for tutorial to 2022-10-15T10:26:37.294168+00:00, run_after=2022-10-16T10:26:37.294168+00:00
[2022-10-16T07:26:37.320-0300] {processor.py:178} INFO - Processing /home/renato/Documentos/datapipeline/.env/lib/python3.10/site-packages/airflow/example_dags/tutorial.py took 0.084 seconds
[2022-10-16T07:27:09.010-0300] {processor.py:156} INFO - Started process (PID=7202) to work on /home/renato/Documentos/datapipeline/.env/lib/python3.10/site-packages/airflow/example_dags/tutorial.py
[2022-10-16T07:27:09.011-0300] {processor.py:758} INFO - Processing file /home/renato/Documentos/datapipeline/.env/lib/python3.10/site-packages/airflow/example_dags/tutorial.py for tasks to queue
[2022-10-16T07:27:09.011-0300] {logging_mixin.py:117} INFO - [2022-10-16T07:27:09.011-0300] {dagbag.py:525} INFO - Filling up the DagBag from /home/renato/Documentos/datapipeline/.env/lib/python3.10/site-packages/airflow/example_dags/tutorial.py
[2022-10-16T07:27:09.025-0300] {processor.py:768} INFO - DAG(s) dict_keys(['tutorial']) retrieved from /home/renato/Documentos/datapipeline/.env/lib/python3.10/site-packages/airflow/example_dags/tutorial.py
[2022-10-16T07:27:09.047-0300] {logging_mixin.py:117} INFO - [2022-10-16T07:27:09.047-0300] {dag.py:2573} INFO - Sync 1 DAGs
[2022-10-16T07:27:09.071-0300] {logging_mixin.py:117} INFO - [2022-10-16T07:27:09.070-0300] {dag.py:3324} INFO - Setting next_dagrun for tutorial to 2022-10-15T10:27:09.070533+00:00, run_after=2022-10-16T10:27:09.070533+00:00
[2022-10-16T07:27:09.099-0300] {processor.py:178} INFO - Processing /home/renato/Documentos/datapipeline/.env/lib/python3.10/site-packages/airflow/example_dags/tutorial.py took 0.092 seconds
[2022-10-16T07:27:43.690-0300] {processor.py:156} INFO - Started process (PID=7262) to work on /home/renato/Documentos/datapipeline/.env/lib/python3.10/site-packages/airflow/example_dags/tutorial.py
[2022-10-16T07:27:43.692-0300] {processor.py:758} INFO - Processing file /home/renato/Documentos/datapipeline/.env/lib/python3.10/site-packages/airflow/example_dags/tutorial.py for tasks to queue
[2022-10-16T07:27:43.693-0300] {logging_mixin.py:117} INFO - [2022-10-16T07:27:43.693-0300] {dagbag.py:525} INFO - Filling up the DagBag from /home/renato/Documentos/datapipeline/.env/lib/python3.10/site-packages/airflow/example_dags/tutorial.py
[2022-10-16T07:27:43.709-0300] {processor.py:768} INFO - DAG(s) dict_keys(['tutorial']) retrieved from /home/renato/Documentos/datapipeline/.env/lib/python3.10/site-packages/airflow/example_dags/tutorial.py
[2022-10-16T07:27:43.732-0300] {logging_mixin.py:117} INFO - [2022-10-16T07:27:43.732-0300] {dag.py:2573} INFO - Sync 1 DAGs
[2022-10-16T07:27:43.755-0300] {logging_mixin.py:117} INFO - [2022-10-16T07:27:43.755-0300] {dag.py:3324} INFO - Setting next_dagrun for tutorial to 2022-10-15T10:27:43.754910+00:00, run_after=2022-10-16T10:27:43.754910+00:00
[2022-10-16T07:27:43.784-0300] {processor.py:178} INFO - Processing /home/renato/Documentos/datapipeline/.env/lib/python3.10/site-packages/airflow/example_dags/tutorial.py took 0.097 seconds
[2022-10-16T07:28:25.204-0300] {processor.py:156} INFO - Started process (PID=7337) to work on /home/renato/Documentos/datapipeline/.env/lib/python3.10/site-packages/airflow/example_dags/tutorial.py
[2022-10-16T07:28:25.206-0300] {processor.py:758} INFO - Processing file /home/renato/Documentos/datapipeline/.env/lib/python3.10/site-packages/airflow/example_dags/tutorial.py for tasks to queue
[2022-10-16T07:28:25.207-0300] {logging_mixin.py:117} INFO - [2022-10-16T07:28:25.207-0300] {dagbag.py:525} INFO - Filling up the DagBag from /home/renato/Documentos/datapipeline/.env/lib/python3.10/site-packages/airflow/example_dags/tutorial.py
[2022-10-16T07:28:25.220-0300] {processor.py:768} INFO - DAG(s) dict_keys(['tutorial']) retrieved from /home/renato/Documentos/datapipeline/.env/lib/python3.10/site-packages/airflow/example_dags/tutorial.py
[2022-10-16T07:28:25.240-0300] {logging_mixin.py:117} INFO - [2022-10-16T07:28:25.240-0300] {dag.py:2573} INFO - Sync 1 DAGs
[2022-10-16T07:28:25.260-0300] {logging_mixin.py:117} INFO - [2022-10-16T07:28:25.260-0300] {dag.py:3324} INFO - Setting next_dagrun for tutorial to 2022-10-15T10:28:25.260066+00:00, run_after=2022-10-16T10:28:25.260066+00:00
[2022-10-16T07:28:25.284-0300] {processor.py:178} INFO - Processing /home/renato/Documentos/datapipeline/.env/lib/python3.10/site-packages/airflow/example_dags/tutorial.py took 0.082 seconds
[2022-10-16T07:29:01.180-0300] {processor.py:156} INFO - Started process (PID=7408) to work on /home/renato/Documentos/datapipeline/.env/lib/python3.10/site-packages/airflow/example_dags/tutorial.py
[2022-10-16T07:29:01.183-0300] {processor.py:758} INFO - Processing file /home/renato/Documentos/datapipeline/.env/lib/python3.10/site-packages/airflow/example_dags/tutorial.py for tasks to queue
[2022-10-16T07:29:01.186-0300] {logging_mixin.py:117} INFO - [2022-10-16T07:29:01.186-0300] {dagbag.py:525} INFO - Filling up the DagBag from /home/renato/Documentos/datapipeline/.env/lib/python3.10/site-packages/airflow/example_dags/tutorial.py
[2022-10-16T07:29:01.209-0300] {processor.py:768} INFO - DAG(s) dict_keys(['tutorial']) retrieved from /home/renato/Documentos/datapipeline/.env/lib/python3.10/site-packages/airflow/example_dags/tutorial.py
[2022-10-16T07:29:01.235-0300] {logging_mixin.py:117} INFO - [2022-10-16T07:29:01.234-0300] {dag.py:2573} INFO - Sync 1 DAGs
[2022-10-16T07:29:01.264-0300] {logging_mixin.py:117} INFO - [2022-10-16T07:29:01.259-0300] {dag.py:3324} INFO - Setting next_dagrun for tutorial to 2022-10-15T10:29:01.259258+00:00, run_after=2022-10-16T10:29:01.259258+00:00
[2022-10-16T07:29:01.307-0300] {processor.py:178} INFO - Processing /home/renato/Documentos/datapipeline/.env/lib/python3.10/site-packages/airflow/example_dags/tutorial.py took 0.130 seconds
[2022-10-16T07:29:40.125-0300] {processor.py:156} INFO - Started process (PID=7476) to work on /home/renato/Documentos/datapipeline/.env/lib/python3.10/site-packages/airflow/example_dags/tutorial.py
[2022-10-16T07:29:40.131-0300] {processor.py:758} INFO - Processing file /home/renato/Documentos/datapipeline/.env/lib/python3.10/site-packages/airflow/example_dags/tutorial.py for tasks to queue
[2022-10-16T07:29:40.132-0300] {logging_mixin.py:117} INFO - [2022-10-16T07:29:40.131-0300] {dagbag.py:525} INFO - Filling up the DagBag from /home/renato/Documentos/datapipeline/.env/lib/python3.10/site-packages/airflow/example_dags/tutorial.py
[2022-10-16T07:29:40.151-0300] {processor.py:768} INFO - DAG(s) dict_keys(['tutorial']) retrieved from /home/renato/Documentos/datapipeline/.env/lib/python3.10/site-packages/airflow/example_dags/tutorial.py
[2022-10-16T07:29:40.170-0300] {logging_mixin.py:117} INFO - [2022-10-16T07:29:40.170-0300] {dag.py:2573} INFO - Sync 1 DAGs
[2022-10-16T07:29:40.185-0300] {logging_mixin.py:117} INFO - [2022-10-16T07:29:40.185-0300] {dag.py:3324} INFO - Setting next_dagrun for tutorial to 2022-10-15T10:29:40.185582+00:00, run_after=2022-10-16T10:29:40.185582+00:00
[2022-10-16T07:29:40.208-0300] {processor.py:178} INFO - Processing /home/renato/Documentos/datapipeline/.env/lib/python3.10/site-packages/airflow/example_dags/tutorial.py took 0.087 seconds
[2022-10-16T07:31:01.886-0300] {processor.py:156} INFO - Started process (PID=7819) to work on /home/renato/Documentos/datapipeline/.env/lib/python3.10/site-packages/airflow/example_dags/tutorial.py
[2022-10-16T07:31:01.889-0300] {processor.py:758} INFO - Processing file /home/renato/Documentos/datapipeline/.env/lib/python3.10/site-packages/airflow/example_dags/tutorial.py for tasks to queue
[2022-10-16T07:31:01.890-0300] {logging_mixin.py:117} INFO - [2022-10-16T07:31:01.889-0300] {dagbag.py:525} INFO - Filling up the DagBag from /home/renato/Documentos/datapipeline/.env/lib/python3.10/site-packages/airflow/example_dags/tutorial.py
[2022-10-16T07:31:01.908-0300] {processor.py:768} INFO - DAG(s) dict_keys(['tutorial']) retrieved from /home/renato/Documentos/datapipeline/.env/lib/python3.10/site-packages/airflow/example_dags/tutorial.py
[2022-10-16T07:31:01.933-0300] {logging_mixin.py:117} INFO - [2022-10-16T07:31:01.933-0300] {dag.py:2573} INFO - Sync 1 DAGs
[2022-10-16T07:31:01.954-0300] {logging_mixin.py:117} INFO - [2022-10-16T07:31:01.954-0300] {dag.py:3324} INFO - Setting next_dagrun for tutorial to 2022-10-15T10:31:01.954185+00:00, run_after=2022-10-16T10:31:01.954185+00:00
[2022-10-16T07:31:01.985-0300] {processor.py:178} INFO - Processing /home/renato/Documentos/datapipeline/.env/lib/python3.10/site-packages/airflow/example_dags/tutorial.py took 0.103 seconds
[2022-10-16T07:31:59.062-0300] {processor.py:156} INFO - Started process (PID=7946) to work on /home/renato/Documentos/datapipeline/.env/lib/python3.10/site-packages/airflow/example_dags/tutorial.py
[2022-10-16T07:31:59.065-0300] {processor.py:758} INFO - Processing file /home/renato/Documentos/datapipeline/.env/lib/python3.10/site-packages/airflow/example_dags/tutorial.py for tasks to queue
[2022-10-16T07:31:59.066-0300] {logging_mixin.py:117} INFO - [2022-10-16T07:31:59.066-0300] {dagbag.py:525} INFO - Filling up the DagBag from /home/renato/Documentos/datapipeline/.env/lib/python3.10/site-packages/airflow/example_dags/tutorial.py
[2022-10-16T07:31:59.086-0300] {processor.py:768} INFO - DAG(s) dict_keys(['tutorial']) retrieved from /home/renato/Documentos/datapipeline/.env/lib/python3.10/site-packages/airflow/example_dags/tutorial.py
[2022-10-16T07:31:59.107-0300] {logging_mixin.py:117} INFO - [2022-10-16T07:31:59.107-0300] {dag.py:2573} INFO - Sync 1 DAGs
[2022-10-16T07:31:59.125-0300] {logging_mixin.py:117} INFO - [2022-10-16T07:31:59.124-0300] {dag.py:3324} INFO - Setting next_dagrun for tutorial to 2022-10-16T10:31:01.954185+00:00, run_after=2022-10-17T10:31:01.954185+00:00
[2022-10-16T07:31:59.146-0300] {processor.py:178} INFO - Processing /home/renato/Documentos/datapipeline/.env/lib/python3.10/site-packages/airflow/example_dags/tutorial.py took 0.091 seconds
