[2022-10-16T07:17:34.828-0300] {processor.py:156} INFO - Started process (PID=5866) to work on /home/renato/Documentos/datapipeline/.env/lib/python3.10/site-packages/airflow/example_dags/tutorial_taskflow_api.py
[2022-10-16T07:17:34.830-0300] {processor.py:758} INFO - Processing file /home/renato/Documentos/datapipeline/.env/lib/python3.10/site-packages/airflow/example_dags/tutorial_taskflow_api.py for tasks to queue
[2022-10-16T07:17:34.831-0300] {logging_mixin.py:117} INFO - [2022-10-16T07:17:34.831-0300] {dagbag.py:525} INFO - Filling up the DagBag from /home/renato/Documentos/datapipeline/.env/lib/python3.10/site-packages/airflow/example_dags/tutorial_taskflow_api.py
[2022-10-16T07:17:34.857-0300] {processor.py:768} INFO - DAG(s) dict_keys(['tutorial_taskflow_api']) retrieved from /home/renato/Documentos/datapipeline/.env/lib/python3.10/site-packages/airflow/example_dags/tutorial_taskflow_api.py
[2022-10-16T07:17:34.959-0300] {logging_mixin.py:117} INFO - [2022-10-16T07:17:34.959-0300] {manager.py:507} INFO - Created Permission View: can edit on DAG:tutorial_taskflow_api
[2022-10-16T07:17:34.974-0300] {logging_mixin.py:117} INFO - [2022-10-16T07:17:34.974-0300] {manager.py:507} INFO - Created Permission View: can read on DAG:tutorial_taskflow_api
[2022-10-16T07:17:34.986-0300] {logging_mixin.py:117} INFO - [2022-10-16T07:17:34.986-0300] {manager.py:507} INFO - Created Permission View: can delete on DAG:tutorial_taskflow_api
[2022-10-16T07:17:34.987-0300] {logging_mixin.py:117} INFO - [2022-10-16T07:17:34.987-0300] {dag.py:2573} INFO - Sync 1 DAGs
[2022-10-16T07:17:34.995-0300] {logging_mixin.py:117} INFO - [2022-10-16T07:17:34.995-0300] {dag.py:2594} INFO - Creating ORM DAG for tutorial_taskflow_api
[2022-10-16T07:17:35.003-0300] {logging_mixin.py:117} INFO - [2022-10-16T07:17:35.003-0300] {dag.py:3324} INFO - Setting next_dagrun for tutorial_taskflow_api to None, run_after=None
[2022-10-16T07:17:35.026-0300] {processor.py:178} INFO - Processing /home/renato/Documentos/datapipeline/.env/lib/python3.10/site-packages/airflow/example_dags/tutorial_taskflow_api.py took 0.202 seconds
[2022-10-16T07:18:19.160-0300] {processor.py:156} INFO - Started process (PID=5948) to work on /home/renato/Documentos/datapipeline/.env/lib/python3.10/site-packages/airflow/example_dags/tutorial_taskflow_api.py
[2022-10-16T07:18:19.163-0300] {processor.py:758} INFO - Processing file /home/renato/Documentos/datapipeline/.env/lib/python3.10/site-packages/airflow/example_dags/tutorial_taskflow_api.py for tasks to queue
[2022-10-16T07:18:19.164-0300] {logging_mixin.py:117} INFO - [2022-10-16T07:18:19.164-0300] {dagbag.py:525} INFO - Filling up the DagBag from /home/renato/Documentos/datapipeline/.env/lib/python3.10/site-packages/airflow/example_dags/tutorial_taskflow_api.py
[2022-10-16T07:18:19.193-0300] {processor.py:768} INFO - DAG(s) dict_keys(['tutorial_taskflow_api']) retrieved from /home/renato/Documentos/datapipeline/.env/lib/python3.10/site-packages/airflow/example_dags/tutorial_taskflow_api.py
[2022-10-16T07:18:19.214-0300] {logging_mixin.py:117} INFO - [2022-10-16T07:18:19.214-0300] {dag.py:2573} INFO - Sync 1 DAGs
[2022-10-16T07:18:19.230-0300] {logging_mixin.py:117} INFO - [2022-10-16T07:18:19.230-0300] {dag.py:3324} INFO - Setting next_dagrun for tutorial_taskflow_api to None, run_after=None
[2022-10-16T07:18:19.253-0300] {processor.py:178} INFO - Processing /home/renato/Documentos/datapipeline/.env/lib/python3.10/site-packages/airflow/example_dags/tutorial_taskflow_api.py took 0.099 seconds
[2022-10-16T07:18:57.016-0300] {processor.py:156} INFO - Started process (PID=6027) to work on /home/renato/Documentos/datapipeline/.env/lib/python3.10/site-packages/airflow/example_dags/tutorial_taskflow_api.py
[2022-10-16T07:18:57.020-0300] {processor.py:758} INFO - Processing file /home/renato/Documentos/datapipeline/.env/lib/python3.10/site-packages/airflow/example_dags/tutorial_taskflow_api.py for tasks to queue
[2022-10-16T07:18:57.022-0300] {logging_mixin.py:117} INFO - [2022-10-16T07:18:57.021-0300] {dagbag.py:525} INFO - Filling up the DagBag from /home/renato/Documentos/datapipeline/.env/lib/python3.10/site-packages/airflow/example_dags/tutorial_taskflow_api.py
[2022-10-16T07:18:57.068-0300] {processor.py:768} INFO - DAG(s) dict_keys(['tutorial_taskflow_api']) retrieved from /home/renato/Documentos/datapipeline/.env/lib/python3.10/site-packages/airflow/example_dags/tutorial_taskflow_api.py
[2022-10-16T07:18:57.090-0300] {logging_mixin.py:117} INFO - [2022-10-16T07:18:57.090-0300] {dag.py:2573} INFO - Sync 1 DAGs
[2022-10-16T07:18:57.106-0300] {logging_mixin.py:117} INFO - [2022-10-16T07:18:57.106-0300] {dag.py:3324} INFO - Setting next_dagrun for tutorial_taskflow_api to None, run_after=None
[2022-10-16T07:18:57.129-0300] {processor.py:178} INFO - Processing /home/renato/Documentos/datapipeline/.env/lib/python3.10/site-packages/airflow/example_dags/tutorial_taskflow_api.py took 0.120 seconds
[2022-10-16T07:19:33.725-0300] {processor.py:156} INFO - Started process (PID=6091) to work on /home/renato/Documentos/datapipeline/.env/lib/python3.10/site-packages/airflow/example_dags/tutorial_taskflow_api.py
[2022-10-16T07:19:33.727-0300] {processor.py:758} INFO - Processing file /home/renato/Documentos/datapipeline/.env/lib/python3.10/site-packages/airflow/example_dags/tutorial_taskflow_api.py for tasks to queue
[2022-10-16T07:19:33.728-0300] {logging_mixin.py:117} INFO - [2022-10-16T07:19:33.728-0300] {dagbag.py:525} INFO - Filling up the DagBag from /home/renato/Documentos/datapipeline/.env/lib/python3.10/site-packages/airflow/example_dags/tutorial_taskflow_api.py
[2022-10-16T07:19:33.748-0300] {processor.py:768} INFO - DAG(s) dict_keys(['tutorial_taskflow_api']) retrieved from /home/renato/Documentos/datapipeline/.env/lib/python3.10/site-packages/airflow/example_dags/tutorial_taskflow_api.py
[2022-10-16T07:19:33.768-0300] {logging_mixin.py:117} INFO - [2022-10-16T07:19:33.768-0300] {dag.py:2573} INFO - Sync 1 DAGs
[2022-10-16T07:19:33.784-0300] {logging_mixin.py:117} INFO - [2022-10-16T07:19:33.783-0300] {dag.py:3324} INFO - Setting next_dagrun for tutorial_taskflow_api to None, run_after=None
[2022-10-16T07:19:33.805-0300] {processor.py:178} INFO - Processing /home/renato/Documentos/datapipeline/.env/lib/python3.10/site-packages/airflow/example_dags/tutorial_taskflow_api.py took 0.083 seconds
[2022-10-16T07:20:11.146-0300] {processor.py:156} INFO - Started process (PID=6197) to work on /home/renato/Documentos/datapipeline/.env/lib/python3.10/site-packages/airflow/example_dags/tutorial_taskflow_api.py
[2022-10-16T07:20:11.151-0300] {processor.py:758} INFO - Processing file /home/renato/Documentos/datapipeline/.env/lib/python3.10/site-packages/airflow/example_dags/tutorial_taskflow_api.py for tasks to queue
[2022-10-16T07:20:11.152-0300] {logging_mixin.py:117} INFO - [2022-10-16T07:20:11.152-0300] {dagbag.py:525} INFO - Filling up the DagBag from /home/renato/Documentos/datapipeline/.env/lib/python3.10/site-packages/airflow/example_dags/tutorial_taskflow_api.py
[2022-10-16T07:20:11.180-0300] {processor.py:768} INFO - DAG(s) dict_keys(['tutorial_taskflow_api']) retrieved from /home/renato/Documentos/datapipeline/.env/lib/python3.10/site-packages/airflow/example_dags/tutorial_taskflow_api.py
[2022-10-16T07:20:11.200-0300] {logging_mixin.py:117} INFO - [2022-10-16T07:20:11.200-0300] {dag.py:2573} INFO - Sync 1 DAGs
[2022-10-16T07:20:11.220-0300] {logging_mixin.py:117} INFO - [2022-10-16T07:20:11.220-0300] {dag.py:3324} INFO - Setting next_dagrun for tutorial_taskflow_api to None, run_after=None
[2022-10-16T07:20:11.241-0300] {processor.py:178} INFO - Processing /home/renato/Documentos/datapipeline/.env/lib/python3.10/site-packages/airflow/example_dags/tutorial_taskflow_api.py took 0.099 seconds
[2022-10-16T07:20:44.990-0300] {processor.py:156} INFO - Started process (PID=6376) to work on /home/renato/Documentos/datapipeline/.env/lib/python3.10/site-packages/airflow/example_dags/tutorial_taskflow_api.py
[2022-10-16T07:20:44.992-0300] {processor.py:758} INFO - Processing file /home/renato/Documentos/datapipeline/.env/lib/python3.10/site-packages/airflow/example_dags/tutorial_taskflow_api.py for tasks to queue
[2022-10-16T07:20:44.993-0300] {logging_mixin.py:117} INFO - [2022-10-16T07:20:44.993-0300] {dagbag.py:525} INFO - Filling up the DagBag from /home/renato/Documentos/datapipeline/.env/lib/python3.10/site-packages/airflow/example_dags/tutorial_taskflow_api.py
[2022-10-16T07:20:45.012-0300] {processor.py:768} INFO - DAG(s) dict_keys(['tutorial_taskflow_api']) retrieved from /home/renato/Documentos/datapipeline/.env/lib/python3.10/site-packages/airflow/example_dags/tutorial_taskflow_api.py
[2022-10-16T07:20:45.033-0300] {logging_mixin.py:117} INFO - [2022-10-16T07:20:45.033-0300] {dag.py:2573} INFO - Sync 1 DAGs
[2022-10-16T07:20:45.049-0300] {logging_mixin.py:117} INFO - [2022-10-16T07:20:45.049-0300] {dag.py:3324} INFO - Setting next_dagrun for tutorial_taskflow_api to None, run_after=None
[2022-10-16T07:20:45.073-0300] {processor.py:178} INFO - Processing /home/renato/Documentos/datapipeline/.env/lib/python3.10/site-packages/airflow/example_dags/tutorial_taskflow_api.py took 0.086 seconds
[2022-10-16T07:21:22.616-0300] {processor.py:156} INFO - Started process (PID=6441) to work on /home/renato/Documentos/datapipeline/.env/lib/python3.10/site-packages/airflow/example_dags/tutorial_taskflow_api.py
[2022-10-16T07:21:22.618-0300] {processor.py:758} INFO - Processing file /home/renato/Documentos/datapipeline/.env/lib/python3.10/site-packages/airflow/example_dags/tutorial_taskflow_api.py for tasks to queue
[2022-10-16T07:21:22.620-0300] {logging_mixin.py:117} INFO - [2022-10-16T07:21:22.619-0300] {dagbag.py:525} INFO - Filling up the DagBag from /home/renato/Documentos/datapipeline/.env/lib/python3.10/site-packages/airflow/example_dags/tutorial_taskflow_api.py
[2022-10-16T07:21:22.647-0300] {processor.py:768} INFO - DAG(s) dict_keys(['tutorial_taskflow_api']) retrieved from /home/renato/Documentos/datapipeline/.env/lib/python3.10/site-packages/airflow/example_dags/tutorial_taskflow_api.py
[2022-10-16T07:21:22.667-0300] {logging_mixin.py:117} INFO - [2022-10-16T07:21:22.667-0300] {dag.py:2573} INFO - Sync 1 DAGs
[2022-10-16T07:21:22.684-0300] {logging_mixin.py:117} INFO - [2022-10-16T07:21:22.683-0300] {dag.py:3324} INFO - Setting next_dagrun for tutorial_taskflow_api to None, run_after=None
[2022-10-16T07:21:22.707-0300] {processor.py:178} INFO - Processing /home/renato/Documentos/datapipeline/.env/lib/python3.10/site-packages/airflow/example_dags/tutorial_taskflow_api.py took 0.097 seconds
[2022-10-16T07:21:57.404-0300] {processor.py:156} INFO - Started process (PID=6509) to work on /home/renato/Documentos/datapipeline/.env/lib/python3.10/site-packages/airflow/example_dags/tutorial_taskflow_api.py
[2022-10-16T07:21:57.406-0300] {processor.py:758} INFO - Processing file /home/renato/Documentos/datapipeline/.env/lib/python3.10/site-packages/airflow/example_dags/tutorial_taskflow_api.py for tasks to queue
[2022-10-16T07:21:57.407-0300] {logging_mixin.py:117} INFO - [2022-10-16T07:21:57.407-0300] {dagbag.py:525} INFO - Filling up the DagBag from /home/renato/Documentos/datapipeline/.env/lib/python3.10/site-packages/airflow/example_dags/tutorial_taskflow_api.py
[2022-10-16T07:21:57.435-0300] {processor.py:768} INFO - DAG(s) dict_keys(['tutorial_taskflow_api']) retrieved from /home/renato/Documentos/datapipeline/.env/lib/python3.10/site-packages/airflow/example_dags/tutorial_taskflow_api.py
[2022-10-16T07:21:57.456-0300] {logging_mixin.py:117} INFO - [2022-10-16T07:21:57.456-0300] {dag.py:2573} INFO - Sync 1 DAGs
[2022-10-16T07:21:57.475-0300] {logging_mixin.py:117} INFO - [2022-10-16T07:21:57.475-0300] {dag.py:3324} INFO - Setting next_dagrun for tutorial_taskflow_api to None, run_after=None
[2022-10-16T07:21:57.501-0300] {processor.py:178} INFO - Processing /home/renato/Documentos/datapipeline/.env/lib/python3.10/site-packages/airflow/example_dags/tutorial_taskflow_api.py took 0.100 seconds
[2022-10-16T07:22:32.694-0300] {processor.py:156} INFO - Started process (PID=6572) to work on /home/renato/Documentos/datapipeline/.env/lib/python3.10/site-packages/airflow/example_dags/tutorial_taskflow_api.py
[2022-10-16T07:22:32.697-0300] {processor.py:758} INFO - Processing file /home/renato/Documentos/datapipeline/.env/lib/python3.10/site-packages/airflow/example_dags/tutorial_taskflow_api.py for tasks to queue
[2022-10-16T07:22:32.698-0300] {logging_mixin.py:117} INFO - [2022-10-16T07:22:32.698-0300] {dagbag.py:525} INFO - Filling up the DagBag from /home/renato/Documentos/datapipeline/.env/lib/python3.10/site-packages/airflow/example_dags/tutorial_taskflow_api.py
[2022-10-16T07:22:32.735-0300] {processor.py:768} INFO - DAG(s) dict_keys(['tutorial_taskflow_api']) retrieved from /home/renato/Documentos/datapipeline/.env/lib/python3.10/site-packages/airflow/example_dags/tutorial_taskflow_api.py
[2022-10-16T07:22:32.758-0300] {logging_mixin.py:117} INFO - [2022-10-16T07:22:32.757-0300] {dag.py:2573} INFO - Sync 1 DAGs
[2022-10-16T07:22:32.777-0300] {logging_mixin.py:117} INFO - [2022-10-16T07:22:32.776-0300] {dag.py:3324} INFO - Setting next_dagrun for tutorial_taskflow_api to None, run_after=None
[2022-10-16T07:22:32.802-0300] {processor.py:178} INFO - Processing /home/renato/Documentos/datapipeline/.env/lib/python3.10/site-packages/airflow/example_dags/tutorial_taskflow_api.py took 0.113 seconds
[2022-10-16T07:23:11.161-0300] {processor.py:156} INFO - Started process (PID=6635) to work on /home/renato/Documentos/datapipeline/.env/lib/python3.10/site-packages/airflow/example_dags/tutorial_taskflow_api.py
[2022-10-16T07:23:11.164-0300] {processor.py:758} INFO - Processing file /home/renato/Documentos/datapipeline/.env/lib/python3.10/site-packages/airflow/example_dags/tutorial_taskflow_api.py for tasks to queue
[2022-10-16T07:23:11.165-0300] {logging_mixin.py:117} INFO - [2022-10-16T07:23:11.165-0300] {dagbag.py:525} INFO - Filling up the DagBag from /home/renato/Documentos/datapipeline/.env/lib/python3.10/site-packages/airflow/example_dags/tutorial_taskflow_api.py
[2022-10-16T07:23:11.189-0300] {processor.py:768} INFO - DAG(s) dict_keys(['tutorial_taskflow_api']) retrieved from /home/renato/Documentos/datapipeline/.env/lib/python3.10/site-packages/airflow/example_dags/tutorial_taskflow_api.py
[2022-10-16T07:23:11.209-0300] {logging_mixin.py:117} INFO - [2022-10-16T07:23:11.209-0300] {dag.py:2573} INFO - Sync 1 DAGs
[2022-10-16T07:23:11.226-0300] {logging_mixin.py:117} INFO - [2022-10-16T07:23:11.226-0300] {dag.py:3324} INFO - Setting next_dagrun for tutorial_taskflow_api to None, run_after=None
[2022-10-16T07:23:11.249-0300] {processor.py:178} INFO - Processing /home/renato/Documentos/datapipeline/.env/lib/python3.10/site-packages/airflow/example_dags/tutorial_taskflow_api.py took 0.094 seconds
[2022-10-16T07:23:46.395-0300] {processor.py:156} INFO - Started process (PID=6700) to work on /home/renato/Documentos/datapipeline/.env/lib/python3.10/site-packages/airflow/example_dags/tutorial_taskflow_api.py
[2022-10-16T07:23:46.401-0300] {processor.py:758} INFO - Processing file /home/renato/Documentos/datapipeline/.env/lib/python3.10/site-packages/airflow/example_dags/tutorial_taskflow_api.py for tasks to queue
[2022-10-16T07:23:46.402-0300] {logging_mixin.py:117} INFO - [2022-10-16T07:23:46.402-0300] {dagbag.py:525} INFO - Filling up the DagBag from /home/renato/Documentos/datapipeline/.env/lib/python3.10/site-packages/airflow/example_dags/tutorial_taskflow_api.py
[2022-10-16T07:23:46.433-0300] {processor.py:768} INFO - DAG(s) dict_keys(['tutorial_taskflow_api']) retrieved from /home/renato/Documentos/datapipeline/.env/lib/python3.10/site-packages/airflow/example_dags/tutorial_taskflow_api.py
[2022-10-16T07:23:46.456-0300] {logging_mixin.py:117} INFO - [2022-10-16T07:23:46.456-0300] {dag.py:2573} INFO - Sync 1 DAGs
[2022-10-16T07:23:46.473-0300] {logging_mixin.py:117} INFO - [2022-10-16T07:23:46.473-0300] {dag.py:3324} INFO - Setting next_dagrun for tutorial_taskflow_api to None, run_after=None
[2022-10-16T07:23:46.498-0300] {processor.py:178} INFO - Processing /home/renato/Documentos/datapipeline/.env/lib/python3.10/site-packages/airflow/example_dags/tutorial_taskflow_api.py took 0.108 seconds
[2022-10-16T07:24:23.343-0300] {processor.py:156} INFO - Started process (PID=6766) to work on /home/renato/Documentos/datapipeline/.env/lib/python3.10/site-packages/airflow/example_dags/tutorial_taskflow_api.py
[2022-10-16T07:24:23.346-0300] {processor.py:758} INFO - Processing file /home/renato/Documentos/datapipeline/.env/lib/python3.10/site-packages/airflow/example_dags/tutorial_taskflow_api.py for tasks to queue
[2022-10-16T07:24:23.348-0300] {logging_mixin.py:117} INFO - [2022-10-16T07:24:23.347-0300] {dagbag.py:525} INFO - Filling up the DagBag from /home/renato/Documentos/datapipeline/.env/lib/python3.10/site-packages/airflow/example_dags/tutorial_taskflow_api.py
[2022-10-16T07:24:23.377-0300] {processor.py:768} INFO - DAG(s) dict_keys(['tutorial_taskflow_api']) retrieved from /home/renato/Documentos/datapipeline/.env/lib/python3.10/site-packages/airflow/example_dags/tutorial_taskflow_api.py
[2022-10-16T07:24:23.398-0300] {logging_mixin.py:117} INFO - [2022-10-16T07:24:23.398-0300] {dag.py:2573} INFO - Sync 1 DAGs
[2022-10-16T07:24:23.414-0300] {logging_mixin.py:117} INFO - [2022-10-16T07:24:23.413-0300] {dag.py:3324} INFO - Setting next_dagrun for tutorial_taskflow_api to None, run_after=None
[2022-10-16T07:24:23.439-0300] {processor.py:178} INFO - Processing /home/renato/Documentos/datapipeline/.env/lib/python3.10/site-packages/airflow/example_dags/tutorial_taskflow_api.py took 0.102 seconds
[2022-10-16T07:24:54.730-0300] {processor.py:156} INFO - Started process (PID=6826) to work on /home/renato/Documentos/datapipeline/.env/lib/python3.10/site-packages/airflow/example_dags/tutorial_taskflow_api.py
[2022-10-16T07:24:54.731-0300] {processor.py:758} INFO - Processing file /home/renato/Documentos/datapipeline/.env/lib/python3.10/site-packages/airflow/example_dags/tutorial_taskflow_api.py for tasks to queue
[2022-10-16T07:24:54.732-0300] {logging_mixin.py:117} INFO - [2022-10-16T07:24:54.732-0300] {dagbag.py:525} INFO - Filling up the DagBag from /home/renato/Documentos/datapipeline/.env/lib/python3.10/site-packages/airflow/example_dags/tutorial_taskflow_api.py
[2022-10-16T07:24:54.762-0300] {processor.py:768} INFO - DAG(s) dict_keys(['tutorial_taskflow_api']) retrieved from /home/renato/Documentos/datapipeline/.env/lib/python3.10/site-packages/airflow/example_dags/tutorial_taskflow_api.py
[2022-10-16T07:24:54.784-0300] {logging_mixin.py:117} INFO - [2022-10-16T07:24:54.783-0300] {dag.py:2573} INFO - Sync 1 DAGs
[2022-10-16T07:24:54.799-0300] {logging_mixin.py:117} INFO - [2022-10-16T07:24:54.799-0300] {dag.py:3324} INFO - Setting next_dagrun for tutorial_taskflow_api to None, run_after=None
[2022-10-16T07:24:54.823-0300] {processor.py:178} INFO - Processing /home/renato/Documentos/datapipeline/.env/lib/python3.10/site-packages/airflow/example_dags/tutorial_taskflow_api.py took 0.098 seconds
[2022-10-16T07:25:32.181-0300] {processor.py:156} INFO - Started process (PID=7018) to work on /home/renato/Documentos/datapipeline/.env/lib/python3.10/site-packages/airflow/example_dags/tutorial_taskflow_api.py
[2022-10-16T07:25:32.183-0300] {processor.py:758} INFO - Processing file /home/renato/Documentos/datapipeline/.env/lib/python3.10/site-packages/airflow/example_dags/tutorial_taskflow_api.py for tasks to queue
[2022-10-16T07:25:32.183-0300] {logging_mixin.py:117} INFO - [2022-10-16T07:25:32.183-0300] {dagbag.py:525} INFO - Filling up the DagBag from /home/renato/Documentos/datapipeline/.env/lib/python3.10/site-packages/airflow/example_dags/tutorial_taskflow_api.py
[2022-10-16T07:25:32.203-0300] {processor.py:768} INFO - DAG(s) dict_keys(['tutorial_taskflow_api']) retrieved from /home/renato/Documentos/datapipeline/.env/lib/python3.10/site-packages/airflow/example_dags/tutorial_taskflow_api.py
[2022-10-16T07:25:32.224-0300] {logging_mixin.py:117} INFO - [2022-10-16T07:25:32.223-0300] {dag.py:2573} INFO - Sync 1 DAGs
[2022-10-16T07:25:32.242-0300] {logging_mixin.py:117} INFO - [2022-10-16T07:25:32.241-0300] {dag.py:3324} INFO - Setting next_dagrun for tutorial_taskflow_api to None, run_after=None
[2022-10-16T07:25:32.266-0300] {processor.py:178} INFO - Processing /home/renato/Documentos/datapipeline/.env/lib/python3.10/site-packages/airflow/example_dags/tutorial_taskflow_api.py took 0.088 seconds
[2022-10-16T07:26:07.954-0300] {processor.py:156} INFO - Started process (PID=7079) to work on /home/renato/Documentos/datapipeline/.env/lib/python3.10/site-packages/airflow/example_dags/tutorial_taskflow_api.py
[2022-10-16T07:26:07.956-0300] {processor.py:758} INFO - Processing file /home/renato/Documentos/datapipeline/.env/lib/python3.10/site-packages/airflow/example_dags/tutorial_taskflow_api.py for tasks to queue
[2022-10-16T07:26:07.957-0300] {logging_mixin.py:117} INFO - [2022-10-16T07:26:07.957-0300] {dagbag.py:525} INFO - Filling up the DagBag from /home/renato/Documentos/datapipeline/.env/lib/python3.10/site-packages/airflow/example_dags/tutorial_taskflow_api.py
[2022-10-16T07:26:07.978-0300] {processor.py:768} INFO - DAG(s) dict_keys(['tutorial_taskflow_api']) retrieved from /home/renato/Documentos/datapipeline/.env/lib/python3.10/site-packages/airflow/example_dags/tutorial_taskflow_api.py
[2022-10-16T07:26:07.999-0300] {logging_mixin.py:117} INFO - [2022-10-16T07:26:07.999-0300] {dag.py:2573} INFO - Sync 1 DAGs
[2022-10-16T07:26:08.017-0300] {logging_mixin.py:117} INFO - [2022-10-16T07:26:08.017-0300] {dag.py:3324} INFO - Setting next_dagrun for tutorial_taskflow_api to None, run_after=None
[2022-10-16T07:26:08.044-0300] {processor.py:178} INFO - Processing /home/renato/Documentos/datapipeline/.env/lib/python3.10/site-packages/airflow/example_dags/tutorial_taskflow_api.py took 0.092 seconds
[2022-10-16T07:26:49.390-0300] {processor.py:156} INFO - Started process (PID=7165) to work on /home/renato/Documentos/datapipeline/.env/lib/python3.10/site-packages/airflow/example_dags/tutorial_taskflow_api.py
[2022-10-16T07:26:49.392-0300] {processor.py:758} INFO - Processing file /home/renato/Documentos/datapipeline/.env/lib/python3.10/site-packages/airflow/example_dags/tutorial_taskflow_api.py for tasks to queue
[2022-10-16T07:26:49.392-0300] {logging_mixin.py:117} INFO - [2022-10-16T07:26:49.392-0300] {dagbag.py:525} INFO - Filling up the DagBag from /home/renato/Documentos/datapipeline/.env/lib/python3.10/site-packages/airflow/example_dags/tutorial_taskflow_api.py
[2022-10-16T07:26:49.411-0300] {processor.py:768} INFO - DAG(s) dict_keys(['tutorial_taskflow_api']) retrieved from /home/renato/Documentos/datapipeline/.env/lib/python3.10/site-packages/airflow/example_dags/tutorial_taskflow_api.py
[2022-10-16T07:26:49.430-0300] {logging_mixin.py:117} INFO - [2022-10-16T07:26:49.430-0300] {dag.py:2573} INFO - Sync 1 DAGs
[2022-10-16T07:26:49.445-0300] {logging_mixin.py:117} INFO - [2022-10-16T07:26:49.445-0300] {dag.py:3324} INFO - Setting next_dagrun for tutorial_taskflow_api to None, run_after=None
[2022-10-16T07:26:49.470-0300] {processor.py:178} INFO - Processing /home/renato/Documentos/datapipeline/.env/lib/python3.10/site-packages/airflow/example_dags/tutorial_taskflow_api.py took 0.083 seconds
[2022-10-16T07:27:26.059-0300] {processor.py:156} INFO - Started process (PID=7229) to work on /home/renato/Documentos/datapipeline/.env/lib/python3.10/site-packages/airflow/example_dags/tutorial_taskflow_api.py
[2022-10-16T07:27:26.061-0300] {processor.py:758} INFO - Processing file /home/renato/Documentos/datapipeline/.env/lib/python3.10/site-packages/airflow/example_dags/tutorial_taskflow_api.py for tasks to queue
[2022-10-16T07:27:26.062-0300] {logging_mixin.py:117} INFO - [2022-10-16T07:27:26.061-0300] {dagbag.py:525} INFO - Filling up the DagBag from /home/renato/Documentos/datapipeline/.env/lib/python3.10/site-packages/airflow/example_dags/tutorial_taskflow_api.py
[2022-10-16T07:27:26.083-0300] {processor.py:768} INFO - DAG(s) dict_keys(['tutorial_taskflow_api']) retrieved from /home/renato/Documentos/datapipeline/.env/lib/python3.10/site-packages/airflow/example_dags/tutorial_taskflow_api.py
[2022-10-16T07:27:26.102-0300] {logging_mixin.py:117} INFO - [2022-10-16T07:27:26.102-0300] {dag.py:2573} INFO - Sync 1 DAGs
[2022-10-16T07:27:26.120-0300] {logging_mixin.py:117} INFO - [2022-10-16T07:27:26.120-0300] {dag.py:3324} INFO - Setting next_dagrun for tutorial_taskflow_api to None, run_after=None
[2022-10-16T07:27:26.145-0300] {processor.py:178} INFO - Processing /home/renato/Documentos/datapipeline/.env/lib/python3.10/site-packages/airflow/example_dags/tutorial_taskflow_api.py took 0.090 seconds
[2022-10-16T07:28:00.996-0300] {processor.py:156} INFO - Started process (PID=7300) to work on /home/renato/Documentos/datapipeline/.env/lib/python3.10/site-packages/airflow/example_dags/tutorial_taskflow_api.py
[2022-10-16T07:28:01.000-0300] {processor.py:758} INFO - Processing file /home/renato/Documentos/datapipeline/.env/lib/python3.10/site-packages/airflow/example_dags/tutorial_taskflow_api.py for tasks to queue
[2022-10-16T07:28:01.001-0300] {logging_mixin.py:117} INFO - [2022-10-16T07:28:01.000-0300] {dagbag.py:525} INFO - Filling up the DagBag from /home/renato/Documentos/datapipeline/.env/lib/python3.10/site-packages/airflow/example_dags/tutorial_taskflow_api.py
[2022-10-16T07:28:01.025-0300] {processor.py:768} INFO - DAG(s) dict_keys(['tutorial_taskflow_api']) retrieved from /home/renato/Documentos/datapipeline/.env/lib/python3.10/site-packages/airflow/example_dags/tutorial_taskflow_api.py
[2022-10-16T07:28:01.046-0300] {logging_mixin.py:117} INFO - [2022-10-16T07:28:01.046-0300] {dag.py:2573} INFO - Sync 1 DAGs
[2022-10-16T07:28:01.064-0300] {logging_mixin.py:117} INFO - [2022-10-16T07:28:01.064-0300] {dag.py:3324} INFO - Setting next_dagrun for tutorial_taskflow_api to None, run_after=None
[2022-10-16T07:28:01.100-0300] {processor.py:178} INFO - Processing /home/renato/Documentos/datapipeline/.env/lib/python3.10/site-packages/airflow/example_dags/tutorial_taskflow_api.py took 0.107 seconds
[2022-10-16T07:28:35.511-0300] {processor.py:156} INFO - Started process (PID=7356) to work on /home/renato/Documentos/datapipeline/.env/lib/python3.10/site-packages/airflow/example_dags/tutorial_taskflow_api.py
[2022-10-16T07:28:35.512-0300] {processor.py:758} INFO - Processing file /home/renato/Documentos/datapipeline/.env/lib/python3.10/site-packages/airflow/example_dags/tutorial_taskflow_api.py for tasks to queue
[2022-10-16T07:28:35.513-0300] {logging_mixin.py:117} INFO - [2022-10-16T07:28:35.513-0300] {dagbag.py:525} INFO - Filling up the DagBag from /home/renato/Documentos/datapipeline/.env/lib/python3.10/site-packages/airflow/example_dags/tutorial_taskflow_api.py
[2022-10-16T07:28:35.533-0300] {processor.py:768} INFO - DAG(s) dict_keys(['tutorial_taskflow_api']) retrieved from /home/renato/Documentos/datapipeline/.env/lib/python3.10/site-packages/airflow/example_dags/tutorial_taskflow_api.py
[2022-10-16T07:28:35.554-0300] {logging_mixin.py:117} INFO - [2022-10-16T07:28:35.554-0300] {dag.py:2573} INFO - Sync 1 DAGs
[2022-10-16T07:28:35.573-0300] {logging_mixin.py:117} INFO - [2022-10-16T07:28:35.572-0300] {dag.py:3324} INFO - Setting next_dagrun for tutorial_taskflow_api to None, run_after=None
[2022-10-16T07:28:35.601-0300] {processor.py:178} INFO - Processing /home/renato/Documentos/datapipeline/.env/lib/python3.10/site-packages/airflow/example_dags/tutorial_taskflow_api.py took 0.093 seconds
[2022-10-16T07:29:08.580-0300] {processor.py:156} INFO - Started process (PID=7422) to work on /home/renato/Documentos/datapipeline/.env/lib/python3.10/site-packages/airflow/example_dags/tutorial_taskflow_api.py
[2022-10-16T07:29:08.581-0300] {processor.py:758} INFO - Processing file /home/renato/Documentos/datapipeline/.env/lib/python3.10/site-packages/airflow/example_dags/tutorial_taskflow_api.py for tasks to queue
[2022-10-16T07:29:08.582-0300] {logging_mixin.py:117} INFO - [2022-10-16T07:29:08.582-0300] {dagbag.py:525} INFO - Filling up the DagBag from /home/renato/Documentos/datapipeline/.env/lib/python3.10/site-packages/airflow/example_dags/tutorial_taskflow_api.py
[2022-10-16T07:29:08.603-0300] {processor.py:768} INFO - DAG(s) dict_keys(['tutorial_taskflow_api']) retrieved from /home/renato/Documentos/datapipeline/.env/lib/python3.10/site-packages/airflow/example_dags/tutorial_taskflow_api.py
[2022-10-16T07:29:08.626-0300] {logging_mixin.py:117} INFO - [2022-10-16T07:29:08.626-0300] {dag.py:2573} INFO - Sync 1 DAGs
[2022-10-16T07:29:08.642-0300] {logging_mixin.py:117} INFO - [2022-10-16T07:29:08.642-0300] {dag.py:3324} INFO - Setting next_dagrun for tutorial_taskflow_api to None, run_after=None
[2022-10-16T07:29:08.666-0300] {processor.py:178} INFO - Processing /home/renato/Documentos/datapipeline/.env/lib/python3.10/site-packages/airflow/example_dags/tutorial_taskflow_api.py took 0.089 seconds
[2022-10-16T07:29:42.390-0300] {processor.py:156} INFO - Started process (PID=7478) to work on /home/renato/Documentos/datapipeline/.env/lib/python3.10/site-packages/airflow/example_dags/tutorial_taskflow_api.py
[2022-10-16T07:29:42.392-0300] {processor.py:758} INFO - Processing file /home/renato/Documentos/datapipeline/.env/lib/python3.10/site-packages/airflow/example_dags/tutorial_taskflow_api.py for tasks to queue
[2022-10-16T07:29:42.392-0300] {logging_mixin.py:117} INFO - [2022-10-16T07:29:42.392-0300] {dagbag.py:525} INFO - Filling up the DagBag from /home/renato/Documentos/datapipeline/.env/lib/python3.10/site-packages/airflow/example_dags/tutorial_taskflow_api.py
[2022-10-16T07:29:42.415-0300] {processor.py:768} INFO - DAG(s) dict_keys(['tutorial_taskflow_api']) retrieved from /home/renato/Documentos/datapipeline/.env/lib/python3.10/site-packages/airflow/example_dags/tutorial_taskflow_api.py
[2022-10-16T07:29:42.435-0300] {logging_mixin.py:117} INFO - [2022-10-16T07:29:42.435-0300] {dag.py:2573} INFO - Sync 1 DAGs
[2022-10-16T07:29:42.461-0300] {logging_mixin.py:117} INFO - [2022-10-16T07:29:42.460-0300] {dag.py:3324} INFO - Setting next_dagrun for tutorial_taskflow_api to None, run_after=None
[2022-10-16T07:29:42.490-0300] {processor.py:178} INFO - Processing /home/renato/Documentos/datapipeline/.env/lib/python3.10/site-packages/airflow/example_dags/tutorial_taskflow_api.py took 0.103 seconds
[2022-10-16T07:31:04.697-0300] {processor.py:156} INFO - Started process (PID=7828) to work on /home/renato/Documentos/datapipeline/.env/lib/python3.10/site-packages/airflow/example_dags/tutorial_taskflow_api.py
[2022-10-16T07:31:04.700-0300] {processor.py:758} INFO - Processing file /home/renato/Documentos/datapipeline/.env/lib/python3.10/site-packages/airflow/example_dags/tutorial_taskflow_api.py for tasks to queue
[2022-10-16T07:31:04.701-0300] {logging_mixin.py:117} INFO - [2022-10-16T07:31:04.700-0300] {dagbag.py:525} INFO - Filling up the DagBag from /home/renato/Documentos/datapipeline/.env/lib/python3.10/site-packages/airflow/example_dags/tutorial_taskflow_api.py
[2022-10-16T07:31:04.734-0300] {processor.py:768} INFO - DAG(s) dict_keys(['tutorial_taskflow_api']) retrieved from /home/renato/Documentos/datapipeline/.env/lib/python3.10/site-packages/airflow/example_dags/tutorial_taskflow_api.py
[2022-10-16T07:31:04.769-0300] {logging_mixin.py:117} INFO - [2022-10-16T07:31:04.769-0300] {dag.py:2573} INFO - Sync 1 DAGs
[2022-10-16T07:31:04.797-0300] {logging_mixin.py:117} INFO - [2022-10-16T07:31:04.797-0300] {dag.py:3324} INFO - Setting next_dagrun for tutorial_taskflow_api to None, run_after=None
[2022-10-16T07:31:04.834-0300] {processor.py:178} INFO - Processing /home/renato/Documentos/datapipeline/.env/lib/python3.10/site-packages/airflow/example_dags/tutorial_taskflow_api.py took 0.140 seconds
