[2022-11-07T23:27:18.488-0300] {processor.py:156} INFO - Started process (PID=965325) to work on /home/renato/Documentos/datapipeline/.env/lib/python3.10/site-packages/airflow/example_dags/example_nested_branch_dag.py
[2022-11-07T23:27:18.488-0300] {processor.py:758} INFO - Processing file /home/renato/Documentos/datapipeline/.env/lib/python3.10/site-packages/airflow/example_dags/example_nested_branch_dag.py for tasks to queue
[2022-11-07T23:27:18.489-0300] {logging_mixin.py:117} INFO - [2022-11-07T23:27:18.489-0300] {dagbag.py:525} INFO - Filling up the DagBag from /home/renato/Documentos/datapipeline/.env/lib/python3.10/site-packages/airflow/example_dags/example_nested_branch_dag.py
[2022-11-07T23:27:18.519-0300] {processor.py:768} INFO - DAG(s) dict_keys(['example_nested_branch_dag']) retrieved from /home/renato/Documentos/datapipeline/.env/lib/python3.10/site-packages/airflow/example_dags/example_nested_branch_dag.py
[2022-11-07T23:27:18.551-0300] {logging_mixin.py:117} INFO - [2022-11-07T23:27:18.551-0300] {dag.py:2573} INFO - Sync 1 DAGs
[2022-11-07T23:27:18.584-0300] {logging_mixin.py:117} INFO - [2022-11-07T23:27:18.584-0300] {dag.py:3324} INFO - Setting next_dagrun for example_nested_branch_dag to 2022-11-07T00:00:00+00:00, run_after=2022-11-08T00:00:00+00:00
[2022-11-07T23:27:18.620-0300] {processor.py:178} INFO - Processing /home/renato/Documentos/datapipeline/.env/lib/python3.10/site-packages/airflow/example_dags/example_nested_branch_dag.py took 0.135 seconds
[2022-11-07T23:27:57.191-0300] {processor.py:156} INFO - Started process (PID=965442) to work on /home/renato/Documentos/datapipeline/.env/lib/python3.10/site-packages/airflow/example_dags/example_nested_branch_dag.py
[2022-11-07T23:27:57.194-0300] {processor.py:758} INFO - Processing file /home/renato/Documentos/datapipeline/.env/lib/python3.10/site-packages/airflow/example_dags/example_nested_branch_dag.py for tasks to queue
[2022-11-07T23:27:57.195-0300] {logging_mixin.py:117} INFO - [2022-11-07T23:27:57.195-0300] {dagbag.py:525} INFO - Filling up the DagBag from /home/renato/Documentos/datapipeline/.env/lib/python3.10/site-packages/airflow/example_dags/example_nested_branch_dag.py
[2022-11-07T23:27:57.222-0300] {processor.py:768} INFO - DAG(s) dict_keys(['example_nested_branch_dag']) retrieved from /home/renato/Documentos/datapipeline/.env/lib/python3.10/site-packages/airflow/example_dags/example_nested_branch_dag.py
[2022-11-07T23:27:57.243-0300] {logging_mixin.py:117} INFO - [2022-11-07T23:27:57.243-0300] {dag.py:2573} INFO - Sync 1 DAGs
[2022-11-07T23:27:57.262-0300] {logging_mixin.py:117} INFO - [2022-11-07T23:27:57.261-0300] {dag.py:3324} INFO - Setting next_dagrun for example_nested_branch_dag to 2022-11-07T00:00:00+00:00, run_after=2022-11-08T00:00:00+00:00
[2022-11-07T23:27:57.285-0300] {processor.py:178} INFO - Processing /home/renato/Documentos/datapipeline/.env/lib/python3.10/site-packages/airflow/example_dags/example_nested_branch_dag.py took 0.099 seconds
[2022-11-07T23:28:36.944-0300] {processor.py:156} INFO - Started process (PID=965522) to work on /home/renato/Documentos/datapipeline/.env/lib/python3.10/site-packages/airflow/example_dags/example_nested_branch_dag.py
[2022-11-07T23:28:36.949-0300] {processor.py:758} INFO - Processing file /home/renato/Documentos/datapipeline/.env/lib/python3.10/site-packages/airflow/example_dags/example_nested_branch_dag.py for tasks to queue
[2022-11-07T23:28:36.950-0300] {logging_mixin.py:117} INFO - [2022-11-07T23:28:36.950-0300] {dagbag.py:525} INFO - Filling up the DagBag from /home/renato/Documentos/datapipeline/.env/lib/python3.10/site-packages/airflow/example_dags/example_nested_branch_dag.py
[2022-11-07T23:28:36.981-0300] {processor.py:768} INFO - DAG(s) dict_keys(['example_nested_branch_dag']) retrieved from /home/renato/Documentos/datapipeline/.env/lib/python3.10/site-packages/airflow/example_dags/example_nested_branch_dag.py
[2022-11-07T23:28:37.002-0300] {logging_mixin.py:117} INFO - [2022-11-07T23:28:37.002-0300] {dag.py:2573} INFO - Sync 1 DAGs
[2022-11-07T23:28:37.020-0300] {logging_mixin.py:117} INFO - [2022-11-07T23:28:37.020-0300] {dag.py:3324} INFO - Setting next_dagrun for example_nested_branch_dag to 2022-11-07T00:00:00+00:00, run_after=2022-11-08T00:00:00+00:00
[2022-11-07T23:28:37.042-0300] {processor.py:178} INFO - Processing /home/renato/Documentos/datapipeline/.env/lib/python3.10/site-packages/airflow/example_dags/example_nested_branch_dag.py took 0.105 seconds
[2022-11-07T23:29:15.664-0300] {processor.py:156} INFO - Started process (PID=965602) to work on /home/renato/Documentos/datapipeline/.env/lib/python3.10/site-packages/airflow/example_dags/example_nested_branch_dag.py
[2022-11-07T23:29:15.666-0300] {processor.py:758} INFO - Processing file /home/renato/Documentos/datapipeline/.env/lib/python3.10/site-packages/airflow/example_dags/example_nested_branch_dag.py for tasks to queue
[2022-11-07T23:29:15.666-0300] {logging_mixin.py:117} INFO - [2022-11-07T23:29:15.666-0300] {dagbag.py:525} INFO - Filling up the DagBag from /home/renato/Documentos/datapipeline/.env/lib/python3.10/site-packages/airflow/example_dags/example_nested_branch_dag.py
[2022-11-07T23:29:15.690-0300] {processor.py:768} INFO - DAG(s) dict_keys(['example_nested_branch_dag']) retrieved from /home/renato/Documentos/datapipeline/.env/lib/python3.10/site-packages/airflow/example_dags/example_nested_branch_dag.py
[2022-11-07T23:29:15.716-0300] {logging_mixin.py:117} INFO - [2022-11-07T23:29:15.716-0300] {dag.py:2573} INFO - Sync 1 DAGs
[2022-11-07T23:29:15.735-0300] {logging_mixin.py:117} INFO - [2022-11-07T23:29:15.735-0300] {dag.py:3324} INFO - Setting next_dagrun for example_nested_branch_dag to 2022-11-07T00:00:00+00:00, run_after=2022-11-08T00:00:00+00:00
[2022-11-07T23:29:15.760-0300] {processor.py:178} INFO - Processing /home/renato/Documentos/datapipeline/.env/lib/python3.10/site-packages/airflow/example_dags/example_nested_branch_dag.py took 0.099 seconds
[2022-11-07T23:29:52.689-0300] {processor.py:156} INFO - Started process (PID=965675) to work on /home/renato/Documentos/datapipeline/.env/lib/python3.10/site-packages/airflow/example_dags/example_nested_branch_dag.py
[2022-11-07T23:29:52.692-0300] {processor.py:758} INFO - Processing file /home/renato/Documentos/datapipeline/.env/lib/python3.10/site-packages/airflow/example_dags/example_nested_branch_dag.py for tasks to queue
[2022-11-07T23:29:52.694-0300] {logging_mixin.py:117} INFO - [2022-11-07T23:29:52.693-0300] {dagbag.py:525} INFO - Filling up the DagBag from /home/renato/Documentos/datapipeline/.env/lib/python3.10/site-packages/airflow/example_dags/example_nested_branch_dag.py
[2022-11-07T23:29:52.723-0300] {processor.py:768} INFO - DAG(s) dict_keys(['example_nested_branch_dag']) retrieved from /home/renato/Documentos/datapipeline/.env/lib/python3.10/site-packages/airflow/example_dags/example_nested_branch_dag.py
[2022-11-07T23:29:52.746-0300] {logging_mixin.py:117} INFO - [2022-11-07T23:29:52.746-0300] {dag.py:2573} INFO - Sync 1 DAGs
[2022-11-07T23:29:52.764-0300] {logging_mixin.py:117} INFO - [2022-11-07T23:29:52.764-0300] {dag.py:3324} INFO - Setting next_dagrun for example_nested_branch_dag to 2022-11-07T00:00:00+00:00, run_after=2022-11-08T00:00:00+00:00
[2022-11-07T23:29:52.810-0300] {processor.py:178} INFO - Processing /home/renato/Documentos/datapipeline/.env/lib/python3.10/site-packages/airflow/example_dags/example_nested_branch_dag.py took 0.126 seconds
[2022-11-07T23:30:29.989-0300] {processor.py:156} INFO - Started process (PID=965751) to work on /home/renato/Documentos/datapipeline/.env/lib/python3.10/site-packages/airflow/example_dags/example_nested_branch_dag.py
[2022-11-07T23:30:29.991-0300] {processor.py:758} INFO - Processing file /home/renato/Documentos/datapipeline/.env/lib/python3.10/site-packages/airflow/example_dags/example_nested_branch_dag.py for tasks to queue
[2022-11-07T23:30:29.992-0300] {logging_mixin.py:117} INFO - [2022-11-07T23:30:29.991-0300] {dagbag.py:525} INFO - Filling up the DagBag from /home/renato/Documentos/datapipeline/.env/lib/python3.10/site-packages/airflow/example_dags/example_nested_branch_dag.py
[2022-11-07T23:30:30.022-0300] {processor.py:768} INFO - DAG(s) dict_keys(['example_nested_branch_dag']) retrieved from /home/renato/Documentos/datapipeline/.env/lib/python3.10/site-packages/airflow/example_dags/example_nested_branch_dag.py
[2022-11-07T23:30:30.042-0300] {logging_mixin.py:117} INFO - [2022-11-07T23:30:30.042-0300] {dag.py:2573} INFO - Sync 1 DAGs
[2022-11-07T23:30:30.066-0300] {logging_mixin.py:117} INFO - [2022-11-07T23:30:30.065-0300] {dag.py:3324} INFO - Setting next_dagrun for example_nested_branch_dag to 2022-11-07T00:00:00+00:00, run_after=2022-11-08T00:00:00+00:00
[2022-11-07T23:30:30.090-0300] {processor.py:178} INFO - Processing /home/renato/Documentos/datapipeline/.env/lib/python3.10/site-packages/airflow/example_dags/example_nested_branch_dag.py took 0.108 seconds
[2022-11-07T23:31:10.681-0300] {processor.py:156} INFO - Started process (PID=965830) to work on /home/renato/Documentos/datapipeline/.env/lib/python3.10/site-packages/airflow/example_dags/example_nested_branch_dag.py
[2022-11-07T23:31:10.684-0300] {processor.py:758} INFO - Processing file /home/renato/Documentos/datapipeline/.env/lib/python3.10/site-packages/airflow/example_dags/example_nested_branch_dag.py for tasks to queue
[2022-11-07T23:31:10.685-0300] {logging_mixin.py:117} INFO - [2022-11-07T23:31:10.685-0300] {dagbag.py:525} INFO - Filling up the DagBag from /home/renato/Documentos/datapipeline/.env/lib/python3.10/site-packages/airflow/example_dags/example_nested_branch_dag.py
[2022-11-07T23:31:10.713-0300] {processor.py:768} INFO - DAG(s) dict_keys(['example_nested_branch_dag']) retrieved from /home/renato/Documentos/datapipeline/.env/lib/python3.10/site-packages/airflow/example_dags/example_nested_branch_dag.py
[2022-11-07T23:31:10.734-0300] {logging_mixin.py:117} INFO - [2022-11-07T23:31:10.734-0300] {dag.py:2573} INFO - Sync 1 DAGs
[2022-11-07T23:31:10.751-0300] {logging_mixin.py:117} INFO - [2022-11-07T23:31:10.751-0300] {dag.py:3324} INFO - Setting next_dagrun for example_nested_branch_dag to 2022-11-07T00:00:00+00:00, run_after=2022-11-08T00:00:00+00:00
[2022-11-07T23:31:10.775-0300] {processor.py:178} INFO - Processing /home/renato/Documentos/datapipeline/.env/lib/python3.10/site-packages/airflow/example_dags/example_nested_branch_dag.py took 0.100 seconds
[2022-11-07T23:31:48.770-0300] {processor.py:156} INFO - Started process (PID=965904) to work on /home/renato/Documentos/datapipeline/.env/lib/python3.10/site-packages/airflow/example_dags/example_nested_branch_dag.py
[2022-11-07T23:31:48.772-0300] {processor.py:758} INFO - Processing file /home/renato/Documentos/datapipeline/.env/lib/python3.10/site-packages/airflow/example_dags/example_nested_branch_dag.py for tasks to queue
[2022-11-07T23:31:48.773-0300] {logging_mixin.py:117} INFO - [2022-11-07T23:31:48.773-0300] {dagbag.py:525} INFO - Filling up the DagBag from /home/renato/Documentos/datapipeline/.env/lib/python3.10/site-packages/airflow/example_dags/example_nested_branch_dag.py
[2022-11-07T23:31:48.810-0300] {processor.py:768} INFO - DAG(s) dict_keys(['example_nested_branch_dag']) retrieved from /home/renato/Documentos/datapipeline/.env/lib/python3.10/site-packages/airflow/example_dags/example_nested_branch_dag.py
[2022-11-07T23:31:48.834-0300] {logging_mixin.py:117} INFO - [2022-11-07T23:31:48.834-0300] {dag.py:2573} INFO - Sync 1 DAGs
[2022-11-07T23:31:48.853-0300] {logging_mixin.py:117} INFO - [2022-11-07T23:31:48.852-0300] {dag.py:3324} INFO - Setting next_dagrun for example_nested_branch_dag to 2022-11-07T00:00:00+00:00, run_after=2022-11-08T00:00:00+00:00
[2022-11-07T23:31:48.877-0300] {processor.py:178} INFO - Processing /home/renato/Documentos/datapipeline/.env/lib/python3.10/site-packages/airflow/example_dags/example_nested_branch_dag.py took 0.115 seconds
[2022-11-07T23:32:27.194-0300] {processor.py:156} INFO - Started process (PID=966113) to work on /home/renato/Documentos/datapipeline/.env/lib/python3.10/site-packages/airflow/example_dags/example_nested_branch_dag.py
[2022-11-07T23:32:27.198-0300] {processor.py:758} INFO - Processing file /home/renato/Documentos/datapipeline/.env/lib/python3.10/site-packages/airflow/example_dags/example_nested_branch_dag.py for tasks to queue
[2022-11-07T23:32:27.199-0300] {logging_mixin.py:117} INFO - [2022-11-07T23:32:27.198-0300] {dagbag.py:525} INFO - Filling up the DagBag from /home/renato/Documentos/datapipeline/.env/lib/python3.10/site-packages/airflow/example_dags/example_nested_branch_dag.py
[2022-11-07T23:32:27.234-0300] {processor.py:768} INFO - DAG(s) dict_keys(['example_nested_branch_dag']) retrieved from /home/renato/Documentos/datapipeline/.env/lib/python3.10/site-packages/airflow/example_dags/example_nested_branch_dag.py
[2022-11-07T23:32:27.254-0300] {logging_mixin.py:117} INFO - [2022-11-07T23:32:27.254-0300] {dag.py:2573} INFO - Sync 1 DAGs
[2022-11-07T23:32:27.274-0300] {logging_mixin.py:117} INFO - [2022-11-07T23:32:27.274-0300] {dag.py:3324} INFO - Setting next_dagrun for example_nested_branch_dag to 2022-11-07T00:00:00+00:00, run_after=2022-11-08T00:00:00+00:00
[2022-11-07T23:32:27.299-0300] {processor.py:178} INFO - Processing /home/renato/Documentos/datapipeline/.env/lib/python3.10/site-packages/airflow/example_dags/example_nested_branch_dag.py took 0.114 seconds
[2022-11-07T23:33:06.062-0300] {processor.py:156} INFO - Started process (PID=966189) to work on /home/renato/Documentos/datapipeline/.env/lib/python3.10/site-packages/airflow/example_dags/example_nested_branch_dag.py
[2022-11-07T23:33:06.066-0300] {processor.py:758} INFO - Processing file /home/renato/Documentos/datapipeline/.env/lib/python3.10/site-packages/airflow/example_dags/example_nested_branch_dag.py for tasks to queue
[2022-11-07T23:33:06.067-0300] {logging_mixin.py:117} INFO - [2022-11-07T23:33:06.067-0300] {dagbag.py:525} INFO - Filling up the DagBag from /home/renato/Documentos/datapipeline/.env/lib/python3.10/site-packages/airflow/example_dags/example_nested_branch_dag.py
[2022-11-07T23:33:06.103-0300] {processor.py:768} INFO - DAG(s) dict_keys(['example_nested_branch_dag']) retrieved from /home/renato/Documentos/datapipeline/.env/lib/python3.10/site-packages/airflow/example_dags/example_nested_branch_dag.py
[2022-11-07T23:33:06.125-0300] {logging_mixin.py:117} INFO - [2022-11-07T23:33:06.124-0300] {dag.py:2573} INFO - Sync 1 DAGs
[2022-11-07T23:33:06.143-0300] {logging_mixin.py:117} INFO - [2022-11-07T23:33:06.143-0300] {dag.py:3324} INFO - Setting next_dagrun for example_nested_branch_dag to 2022-11-07T00:00:00+00:00, run_after=2022-11-08T00:00:00+00:00
[2022-11-07T23:33:06.165-0300] {processor.py:178} INFO - Processing /home/renato/Documentos/datapipeline/.env/lib/python3.10/site-packages/airflow/example_dags/example_nested_branch_dag.py took 0.109 seconds
[2022-11-07T23:33:45.713-0300] {processor.py:156} INFO - Started process (PID=966267) to work on /home/renato/Documentos/datapipeline/.env/lib/python3.10/site-packages/airflow/example_dags/example_nested_branch_dag.py
[2022-11-07T23:33:45.716-0300] {processor.py:758} INFO - Processing file /home/renato/Documentos/datapipeline/.env/lib/python3.10/site-packages/airflow/example_dags/example_nested_branch_dag.py for tasks to queue
[2022-11-07T23:33:45.718-0300] {logging_mixin.py:117} INFO - [2022-11-07T23:33:45.718-0300] {dagbag.py:525} INFO - Filling up the DagBag from /home/renato/Documentos/datapipeline/.env/lib/python3.10/site-packages/airflow/example_dags/example_nested_branch_dag.py
[2022-11-07T23:33:45.761-0300] {processor.py:768} INFO - DAG(s) dict_keys(['example_nested_branch_dag']) retrieved from /home/renato/Documentos/datapipeline/.env/lib/python3.10/site-packages/airflow/example_dags/example_nested_branch_dag.py
[2022-11-07T23:33:45.786-0300] {logging_mixin.py:117} INFO - [2022-11-07T23:33:45.786-0300] {dag.py:2573} INFO - Sync 1 DAGs
[2022-11-07T23:33:45.806-0300] {logging_mixin.py:117} INFO - [2022-11-07T23:33:45.806-0300] {dag.py:3324} INFO - Setting next_dagrun for example_nested_branch_dag to 2022-11-07T00:00:00+00:00, run_after=2022-11-08T00:00:00+00:00
[2022-11-07T23:33:45.832-0300] {processor.py:178} INFO - Processing /home/renato/Documentos/datapipeline/.env/lib/python3.10/site-packages/airflow/example_dags/example_nested_branch_dag.py took 0.126 seconds
[2022-11-07T23:34:24.474-0300] {processor.py:156} INFO - Started process (PID=966347) to work on /home/renato/Documentos/datapipeline/.env/lib/python3.10/site-packages/airflow/example_dags/example_nested_branch_dag.py
[2022-11-07T23:34:24.479-0300] {processor.py:758} INFO - Processing file /home/renato/Documentos/datapipeline/.env/lib/python3.10/site-packages/airflow/example_dags/example_nested_branch_dag.py for tasks to queue
[2022-11-07T23:34:24.480-0300] {logging_mixin.py:117} INFO - [2022-11-07T23:34:24.480-0300] {dagbag.py:525} INFO - Filling up the DagBag from /home/renato/Documentos/datapipeline/.env/lib/python3.10/site-packages/airflow/example_dags/example_nested_branch_dag.py
[2022-11-07T23:34:24.528-0300] {processor.py:768} INFO - DAG(s) dict_keys(['example_nested_branch_dag']) retrieved from /home/renato/Documentos/datapipeline/.env/lib/python3.10/site-packages/airflow/example_dags/example_nested_branch_dag.py
[2022-11-07T23:34:24.549-0300] {logging_mixin.py:117} INFO - [2022-11-07T23:34:24.549-0300] {dag.py:2573} INFO - Sync 1 DAGs
[2022-11-07T23:34:24.570-0300] {logging_mixin.py:117} INFO - [2022-11-07T23:34:24.570-0300] {dag.py:3324} INFO - Setting next_dagrun for example_nested_branch_dag to 2022-11-07T00:00:00+00:00, run_after=2022-11-08T00:00:00+00:00
[2022-11-07T23:34:24.602-0300] {processor.py:178} INFO - Processing /home/renato/Documentos/datapipeline/.env/lib/python3.10/site-packages/airflow/example_dags/example_nested_branch_dag.py took 0.134 seconds
[2022-11-07T23:35:03.015-0300] {processor.py:156} INFO - Started process (PID=966423) to work on /home/renato/Documentos/datapipeline/.env/lib/python3.10/site-packages/airflow/example_dags/example_nested_branch_dag.py
[2022-11-07T23:35:03.021-0300] {processor.py:758} INFO - Processing file /home/renato/Documentos/datapipeline/.env/lib/python3.10/site-packages/airflow/example_dags/example_nested_branch_dag.py for tasks to queue
[2022-11-07T23:35:03.022-0300] {logging_mixin.py:117} INFO - [2022-11-07T23:35:03.021-0300] {dagbag.py:525} INFO - Filling up the DagBag from /home/renato/Documentos/datapipeline/.env/lib/python3.10/site-packages/airflow/example_dags/example_nested_branch_dag.py
[2022-11-07T23:35:03.058-0300] {processor.py:768} INFO - DAG(s) dict_keys(['example_nested_branch_dag']) retrieved from /home/renato/Documentos/datapipeline/.env/lib/python3.10/site-packages/airflow/example_dags/example_nested_branch_dag.py
[2022-11-07T23:35:03.080-0300] {logging_mixin.py:117} INFO - [2022-11-07T23:35:03.080-0300] {dag.py:2573} INFO - Sync 1 DAGs
[2022-11-07T23:35:03.098-0300] {logging_mixin.py:117} INFO - [2022-11-07T23:35:03.098-0300] {dag.py:3324} INFO - Setting next_dagrun for example_nested_branch_dag to 2022-11-07T00:00:00+00:00, run_after=2022-11-08T00:00:00+00:00
[2022-11-07T23:35:03.120-0300] {processor.py:178} INFO - Processing /home/renato/Documentos/datapipeline/.env/lib/python3.10/site-packages/airflow/example_dags/example_nested_branch_dag.py took 0.110 seconds
[2022-11-07T23:35:42.648-0300] {processor.py:156} INFO - Started process (PID=966503) to work on /home/renato/Documentos/datapipeline/.env/lib/python3.10/site-packages/airflow/example_dags/example_nested_branch_dag.py
[2022-11-07T23:35:42.650-0300] {processor.py:758} INFO - Processing file /home/renato/Documentos/datapipeline/.env/lib/python3.10/site-packages/airflow/example_dags/example_nested_branch_dag.py for tasks to queue
[2022-11-07T23:35:42.651-0300] {logging_mixin.py:117} INFO - [2022-11-07T23:35:42.651-0300] {dagbag.py:525} INFO - Filling up the DagBag from /home/renato/Documentos/datapipeline/.env/lib/python3.10/site-packages/airflow/example_dags/example_nested_branch_dag.py
[2022-11-07T23:35:42.686-0300] {processor.py:768} INFO - DAG(s) dict_keys(['example_nested_branch_dag']) retrieved from /home/renato/Documentos/datapipeline/.env/lib/python3.10/site-packages/airflow/example_dags/example_nested_branch_dag.py
[2022-11-07T23:35:42.707-0300] {logging_mixin.py:117} INFO - [2022-11-07T23:35:42.707-0300] {dag.py:2573} INFO - Sync 1 DAGs
[2022-11-07T23:35:42.726-0300] {logging_mixin.py:117} INFO - [2022-11-07T23:35:42.725-0300] {dag.py:3324} INFO - Setting next_dagrun for example_nested_branch_dag to 2022-11-07T00:00:00+00:00, run_after=2022-11-08T00:00:00+00:00
[2022-11-07T23:35:42.749-0300] {processor.py:178} INFO - Processing /home/renato/Documentos/datapipeline/.env/lib/python3.10/site-packages/airflow/example_dags/example_nested_branch_dag.py took 0.106 seconds
[2022-11-07T23:36:20.585-0300] {processor.py:156} INFO - Started process (PID=966578) to work on /home/renato/Documentos/datapipeline/.env/lib/python3.10/site-packages/airflow/example_dags/example_nested_branch_dag.py
[2022-11-07T23:36:20.590-0300] {processor.py:758} INFO - Processing file /home/renato/Documentos/datapipeline/.env/lib/python3.10/site-packages/airflow/example_dags/example_nested_branch_dag.py for tasks to queue
[2022-11-07T23:36:20.591-0300] {logging_mixin.py:117} INFO - [2022-11-07T23:36:20.591-0300] {dagbag.py:525} INFO - Filling up the DagBag from /home/renato/Documentos/datapipeline/.env/lib/python3.10/site-packages/airflow/example_dags/example_nested_branch_dag.py
[2022-11-07T23:36:20.617-0300] {processor.py:768} INFO - DAG(s) dict_keys(['example_nested_branch_dag']) retrieved from /home/renato/Documentos/datapipeline/.env/lib/python3.10/site-packages/airflow/example_dags/example_nested_branch_dag.py
[2022-11-07T23:36:20.638-0300] {logging_mixin.py:117} INFO - [2022-11-07T23:36:20.638-0300] {dag.py:2573} INFO - Sync 1 DAGs
[2022-11-07T23:36:20.656-0300] {logging_mixin.py:117} INFO - [2022-11-07T23:36:20.656-0300] {dag.py:3324} INFO - Setting next_dagrun for example_nested_branch_dag to 2022-11-07T00:00:00+00:00, run_after=2022-11-08T00:00:00+00:00
[2022-11-07T23:36:20.679-0300] {processor.py:178} INFO - Processing /home/renato/Documentos/datapipeline/.env/lib/python3.10/site-packages/airflow/example_dags/example_nested_branch_dag.py took 0.099 seconds
[2022-11-07T23:36:59.609-0300] {processor.py:156} INFO - Started process (PID=966654) to work on /home/renato/Documentos/datapipeline/.env/lib/python3.10/site-packages/airflow/example_dags/example_nested_branch_dag.py
[2022-11-07T23:36:59.612-0300] {processor.py:758} INFO - Processing file /home/renato/Documentos/datapipeline/.env/lib/python3.10/site-packages/airflow/example_dags/example_nested_branch_dag.py for tasks to queue
[2022-11-07T23:36:59.614-0300] {logging_mixin.py:117} INFO - [2022-11-07T23:36:59.613-0300] {dagbag.py:525} INFO - Filling up the DagBag from /home/renato/Documentos/datapipeline/.env/lib/python3.10/site-packages/airflow/example_dags/example_nested_branch_dag.py
[2022-11-07T23:36:59.642-0300] {processor.py:768} INFO - DAG(s) dict_keys(['example_nested_branch_dag']) retrieved from /home/renato/Documentos/datapipeline/.env/lib/python3.10/site-packages/airflow/example_dags/example_nested_branch_dag.py
[2022-11-07T23:36:59.662-0300] {logging_mixin.py:117} INFO - [2022-11-07T23:36:59.662-0300] {dag.py:2573} INFO - Sync 1 DAGs
[2022-11-07T23:36:59.681-0300] {logging_mixin.py:117} INFO - [2022-11-07T23:36:59.681-0300] {dag.py:3324} INFO - Setting next_dagrun for example_nested_branch_dag to 2022-11-07T00:00:00+00:00, run_after=2022-11-08T00:00:00+00:00
[2022-11-07T23:36:59.704-0300] {processor.py:178} INFO - Processing /home/renato/Documentos/datapipeline/.env/lib/python3.10/site-packages/airflow/example_dags/example_nested_branch_dag.py took 0.100 seconds
[2022-11-07T23:37:37.245-0300] {processor.py:156} INFO - Started process (PID=966859) to work on /home/renato/Documentos/datapipeline/.env/lib/python3.10/site-packages/airflow/example_dags/example_nested_branch_dag.py
[2022-11-07T23:37:37.259-0300] {processor.py:758} INFO - Processing file /home/renato/Documentos/datapipeline/.env/lib/python3.10/site-packages/airflow/example_dags/example_nested_branch_dag.py for tasks to queue
[2022-11-07T23:37:37.260-0300] {logging_mixin.py:117} INFO - [2022-11-07T23:37:37.260-0300] {dagbag.py:525} INFO - Filling up the DagBag from /home/renato/Documentos/datapipeline/.env/lib/python3.10/site-packages/airflow/example_dags/example_nested_branch_dag.py
[2022-11-07T23:37:37.290-0300] {processor.py:768} INFO - DAG(s) dict_keys(['example_nested_branch_dag']) retrieved from /home/renato/Documentos/datapipeline/.env/lib/python3.10/site-packages/airflow/example_dags/example_nested_branch_dag.py
[2022-11-07T23:37:37.312-0300] {logging_mixin.py:117} INFO - [2022-11-07T23:37:37.311-0300] {dag.py:2573} INFO - Sync 1 DAGs
[2022-11-07T23:37:37.330-0300] {logging_mixin.py:117} INFO - [2022-11-07T23:37:37.330-0300] {dag.py:3324} INFO - Setting next_dagrun for example_nested_branch_dag to 2022-11-07T00:00:00+00:00, run_after=2022-11-08T00:00:00+00:00
[2022-11-07T23:37:37.352-0300] {processor.py:178} INFO - Processing /home/renato/Documentos/datapipeline/.env/lib/python3.10/site-packages/airflow/example_dags/example_nested_branch_dag.py took 0.116 seconds
[2022-11-07T23:38:14.589-0300] {processor.py:156} INFO - Started process (PID=966933) to work on /home/renato/Documentos/datapipeline/.env/lib/python3.10/site-packages/airflow/example_dags/example_nested_branch_dag.py
[2022-11-07T23:38:14.591-0300] {processor.py:758} INFO - Processing file /home/renato/Documentos/datapipeline/.env/lib/python3.10/site-packages/airflow/example_dags/example_nested_branch_dag.py for tasks to queue
[2022-11-07T23:38:14.592-0300] {logging_mixin.py:117} INFO - [2022-11-07T23:38:14.592-0300] {dagbag.py:525} INFO - Filling up the DagBag from /home/renato/Documentos/datapipeline/.env/lib/python3.10/site-packages/airflow/example_dags/example_nested_branch_dag.py
[2022-11-07T23:38:14.622-0300] {processor.py:768} INFO - DAG(s) dict_keys(['example_nested_branch_dag']) retrieved from /home/renato/Documentos/datapipeline/.env/lib/python3.10/site-packages/airflow/example_dags/example_nested_branch_dag.py
[2022-11-07T23:38:14.644-0300] {logging_mixin.py:117} INFO - [2022-11-07T23:38:14.644-0300] {dag.py:2573} INFO - Sync 1 DAGs
[2022-11-07T23:38:14.662-0300] {logging_mixin.py:117} INFO - [2022-11-07T23:38:14.662-0300] {dag.py:3324} INFO - Setting next_dagrun for example_nested_branch_dag to 2022-11-07T00:00:00+00:00, run_after=2022-11-08T00:00:00+00:00
[2022-11-07T23:38:14.686-0300] {processor.py:178} INFO - Processing /home/renato/Documentos/datapipeline/.env/lib/python3.10/site-packages/airflow/example_dags/example_nested_branch_dag.py took 0.101 seconds
[2022-11-07T23:38:54.070-0300] {processor.py:156} INFO - Started process (PID=967024) to work on /home/renato/Documentos/datapipeline/.env/lib/python3.10/site-packages/airflow/example_dags/example_nested_branch_dag.py
[2022-11-07T23:38:54.073-0300] {processor.py:758} INFO - Processing file /home/renato/Documentos/datapipeline/.env/lib/python3.10/site-packages/airflow/example_dags/example_nested_branch_dag.py for tasks to queue
[2022-11-07T23:38:54.073-0300] {logging_mixin.py:117} INFO - [2022-11-07T23:38:54.073-0300] {dagbag.py:525} INFO - Filling up the DagBag from /home/renato/Documentos/datapipeline/.env/lib/python3.10/site-packages/airflow/example_dags/example_nested_branch_dag.py
[2022-11-07T23:38:54.099-0300] {processor.py:768} INFO - DAG(s) dict_keys(['example_nested_branch_dag']) retrieved from /home/renato/Documentos/datapipeline/.env/lib/python3.10/site-packages/airflow/example_dags/example_nested_branch_dag.py
[2022-11-07T23:38:54.121-0300] {logging_mixin.py:117} INFO - [2022-11-07T23:38:54.121-0300] {dag.py:2573} INFO - Sync 1 DAGs
[2022-11-07T23:38:54.139-0300] {logging_mixin.py:117} INFO - [2022-11-07T23:38:54.139-0300] {dag.py:3324} INFO - Setting next_dagrun for example_nested_branch_dag to 2022-11-07T00:00:00+00:00, run_after=2022-11-08T00:00:00+00:00
[2022-11-07T23:38:54.160-0300] {processor.py:178} INFO - Processing /home/renato/Documentos/datapipeline/.env/lib/python3.10/site-packages/airflow/example_dags/example_nested_branch_dag.py took 0.093 seconds
[2022-11-07T23:39:53.522-0300] {processor.py:156} INFO - Started process (PID=967140) to work on /home/renato/Documentos/datapipeline/.env/lib/python3.10/site-packages/airflow/example_dags/example_nested_branch_dag.py
[2022-11-07T23:39:53.527-0300] {processor.py:758} INFO - Processing file /home/renato/Documentos/datapipeline/.env/lib/python3.10/site-packages/airflow/example_dags/example_nested_branch_dag.py for tasks to queue
[2022-11-07T23:39:53.528-0300] {logging_mixin.py:117} INFO - [2022-11-07T23:39:53.528-0300] {dagbag.py:525} INFO - Filling up the DagBag from /home/renato/Documentos/datapipeline/.env/lib/python3.10/site-packages/airflow/example_dags/example_nested_branch_dag.py
[2022-11-07T23:39:53.562-0300] {processor.py:768} INFO - DAG(s) dict_keys(['example_nested_branch_dag']) retrieved from /home/renato/Documentos/datapipeline/.env/lib/python3.10/site-packages/airflow/example_dags/example_nested_branch_dag.py
[2022-11-07T23:39:53.584-0300] {logging_mixin.py:117} INFO - [2022-11-07T23:39:53.583-0300] {dag.py:2573} INFO - Sync 1 DAGs
[2022-11-07T23:39:53.608-0300] {logging_mixin.py:117} INFO - [2022-11-07T23:39:53.607-0300] {dag.py:3324} INFO - Setting next_dagrun for example_nested_branch_dag to 2022-11-07T00:00:00+00:00, run_after=2022-11-08T00:00:00+00:00
[2022-11-07T23:39:53.648-0300] {processor.py:178} INFO - Processing /home/renato/Documentos/datapipeline/.env/lib/python3.10/site-packages/airflow/example_dags/example_nested_branch_dag.py took 0.130 seconds
[2022-11-07T23:40:31.853-0300] {processor.py:156} INFO - Started process (PID=967220) to work on /home/renato/Documentos/datapipeline/.env/lib/python3.10/site-packages/airflow/example_dags/example_nested_branch_dag.py
[2022-11-07T23:40:31.856-0300] {processor.py:758} INFO - Processing file /home/renato/Documentos/datapipeline/.env/lib/python3.10/site-packages/airflow/example_dags/example_nested_branch_dag.py for tasks to queue
[2022-11-07T23:40:31.856-0300] {logging_mixin.py:117} INFO - [2022-11-07T23:40:31.856-0300] {dagbag.py:525} INFO - Filling up the DagBag from /home/renato/Documentos/datapipeline/.env/lib/python3.10/site-packages/airflow/example_dags/example_nested_branch_dag.py
[2022-11-07T23:40:31.892-0300] {processor.py:768} INFO - DAG(s) dict_keys(['example_nested_branch_dag']) retrieved from /home/renato/Documentos/datapipeline/.env/lib/python3.10/site-packages/airflow/example_dags/example_nested_branch_dag.py
[2022-11-07T23:40:31.916-0300] {logging_mixin.py:117} INFO - [2022-11-07T23:40:31.916-0300] {dag.py:2573} INFO - Sync 1 DAGs
[2022-11-07T23:40:31.940-0300] {logging_mixin.py:117} INFO - [2022-11-07T23:40:31.940-0300] {dag.py:3324} INFO - Setting next_dagrun for example_nested_branch_dag to 2022-11-07T00:00:00+00:00, run_after=2022-11-08T00:00:00+00:00
[2022-11-07T23:40:31.964-0300] {processor.py:178} INFO - Processing /home/renato/Documentos/datapipeline/.env/lib/python3.10/site-packages/airflow/example_dags/example_nested_branch_dag.py took 0.114 seconds
[2022-11-07T23:41:12.904-0300] {processor.py:156} INFO - Started process (PID=967299) to work on /home/renato/Documentos/datapipeline/.env/lib/python3.10/site-packages/airflow/example_dags/example_nested_branch_dag.py
[2022-11-07T23:41:12.909-0300] {processor.py:758} INFO - Processing file /home/renato/Documentos/datapipeline/.env/lib/python3.10/site-packages/airflow/example_dags/example_nested_branch_dag.py for tasks to queue
[2022-11-07T23:41:12.911-0300] {logging_mixin.py:117} INFO - [2022-11-07T23:41:12.910-0300] {dagbag.py:525} INFO - Filling up the DagBag from /home/renato/Documentos/datapipeline/.env/lib/python3.10/site-packages/airflow/example_dags/example_nested_branch_dag.py
[2022-11-07T23:41:12.946-0300] {processor.py:768} INFO - DAG(s) dict_keys(['example_nested_branch_dag']) retrieved from /home/renato/Documentos/datapipeline/.env/lib/python3.10/site-packages/airflow/example_dags/example_nested_branch_dag.py
[2022-11-07T23:41:12.972-0300] {logging_mixin.py:117} INFO - [2022-11-07T23:41:12.972-0300] {dag.py:2573} INFO - Sync 1 DAGs
[2022-11-07T23:41:12.991-0300] {logging_mixin.py:117} INFO - [2022-11-07T23:41:12.991-0300] {dag.py:3324} INFO - Setting next_dagrun for example_nested_branch_dag to 2022-11-07T00:00:00+00:00, run_after=2022-11-08T00:00:00+00:00
[2022-11-07T23:41:13.016-0300] {processor.py:178} INFO - Processing /home/renato/Documentos/datapipeline/.env/lib/python3.10/site-packages/airflow/example_dags/example_nested_branch_dag.py took 0.121 seconds
[2022-11-07T23:41:52.253-0300] {processor.py:156} INFO - Started process (PID=967383) to work on /home/renato/Documentos/datapipeline/.env/lib/python3.10/site-packages/airflow/example_dags/example_nested_branch_dag.py
[2022-11-07T23:41:52.254-0300] {processor.py:758} INFO - Processing file /home/renato/Documentos/datapipeline/.env/lib/python3.10/site-packages/airflow/example_dags/example_nested_branch_dag.py for tasks to queue
[2022-11-07T23:41:52.255-0300] {logging_mixin.py:117} INFO - [2022-11-07T23:41:52.255-0300] {dagbag.py:525} INFO - Filling up the DagBag from /home/renato/Documentos/datapipeline/.env/lib/python3.10/site-packages/airflow/example_dags/example_nested_branch_dag.py
[2022-11-07T23:41:52.276-0300] {processor.py:768} INFO - DAG(s) dict_keys(['example_nested_branch_dag']) retrieved from /home/renato/Documentos/datapipeline/.env/lib/python3.10/site-packages/airflow/example_dags/example_nested_branch_dag.py
[2022-11-07T23:41:52.297-0300] {logging_mixin.py:117} INFO - [2022-11-07T23:41:52.297-0300] {dag.py:2573} INFO - Sync 1 DAGs
[2022-11-07T23:41:52.315-0300] {logging_mixin.py:117} INFO - [2022-11-07T23:41:52.315-0300] {dag.py:3324} INFO - Setting next_dagrun for example_nested_branch_dag to 2022-11-07T00:00:00+00:00, run_after=2022-11-08T00:00:00+00:00
[2022-11-07T23:41:52.337-0300] {processor.py:178} INFO - Processing /home/renato/Documentos/datapipeline/.env/lib/python3.10/site-packages/airflow/example_dags/example_nested_branch_dag.py took 0.087 seconds
[2022-11-07T23:42:34.621-0300] {processor.py:156} INFO - Started process (PID=967593) to work on /home/renato/Documentos/datapipeline/.env/lib/python3.10/site-packages/airflow/example_dags/example_nested_branch_dag.py
[2022-11-07T23:42:34.624-0300] {processor.py:758} INFO - Processing file /home/renato/Documentos/datapipeline/.env/lib/python3.10/site-packages/airflow/example_dags/example_nested_branch_dag.py for tasks to queue
[2022-11-07T23:42:34.626-0300] {logging_mixin.py:117} INFO - [2022-11-07T23:42:34.626-0300] {dagbag.py:525} INFO - Filling up the DagBag from /home/renato/Documentos/datapipeline/.env/lib/python3.10/site-packages/airflow/example_dags/example_nested_branch_dag.py
[2022-11-07T23:42:34.665-0300] {processor.py:768} INFO - DAG(s) dict_keys(['example_nested_branch_dag']) retrieved from /home/renato/Documentos/datapipeline/.env/lib/python3.10/site-packages/airflow/example_dags/example_nested_branch_dag.py
[2022-11-07T23:42:34.686-0300] {logging_mixin.py:117} INFO - [2022-11-07T23:42:34.686-0300] {dag.py:2573} INFO - Sync 1 DAGs
[2022-11-07T23:42:34.704-0300] {logging_mixin.py:117} INFO - [2022-11-07T23:42:34.704-0300] {dag.py:3324} INFO - Setting next_dagrun for example_nested_branch_dag to 2022-11-07T00:00:00+00:00, run_after=2022-11-08T00:00:00+00:00
[2022-11-07T23:42:34.726-0300] {processor.py:178} INFO - Processing /home/renato/Documentos/datapipeline/.env/lib/python3.10/site-packages/airflow/example_dags/example_nested_branch_dag.py took 0.112 seconds
[2022-11-07T23:43:13.655-0300] {processor.py:156} INFO - Started process (PID=967669) to work on /home/renato/Documentos/datapipeline/.env/lib/python3.10/site-packages/airflow/example_dags/example_nested_branch_dag.py
[2022-11-07T23:43:13.657-0300] {processor.py:758} INFO - Processing file /home/renato/Documentos/datapipeline/.env/lib/python3.10/site-packages/airflow/example_dags/example_nested_branch_dag.py for tasks to queue
[2022-11-07T23:43:13.658-0300] {logging_mixin.py:117} INFO - [2022-11-07T23:43:13.658-0300] {dagbag.py:525} INFO - Filling up the DagBag from /home/renato/Documentos/datapipeline/.env/lib/python3.10/site-packages/airflow/example_dags/example_nested_branch_dag.py
[2022-11-07T23:43:13.682-0300] {processor.py:768} INFO - DAG(s) dict_keys(['example_nested_branch_dag']) retrieved from /home/renato/Documentos/datapipeline/.env/lib/python3.10/site-packages/airflow/example_dags/example_nested_branch_dag.py
[2022-11-07T23:43:13.704-0300] {logging_mixin.py:117} INFO - [2022-11-07T23:43:13.704-0300] {dag.py:2573} INFO - Sync 1 DAGs
[2022-11-07T23:43:13.722-0300] {logging_mixin.py:117} INFO - [2022-11-07T23:43:13.722-0300] {dag.py:3324} INFO - Setting next_dagrun for example_nested_branch_dag to 2022-11-07T00:00:00+00:00, run_after=2022-11-08T00:00:00+00:00
[2022-11-07T23:43:13.749-0300] {processor.py:178} INFO - Processing /home/renato/Documentos/datapipeline/.env/lib/python3.10/site-packages/airflow/example_dags/example_nested_branch_dag.py took 0.097 seconds
