[2022-11-07T23:27:33.027-0300] {processor.py:156} INFO - Started process (PID=965385) to work on /home/renato/Documentos/datapipeline/.env/lib/python3.10/site-packages/airflow/example_dags/example_datasets.py
[2022-11-07T23:27:33.028-0300] {processor.py:758} INFO - Processing file /home/renato/Documentos/datapipeline/.env/lib/python3.10/site-packages/airflow/example_dags/example_datasets.py for tasks to queue
[2022-11-07T23:27:33.028-0300] {logging_mixin.py:117} INFO - [2022-11-07T23:27:33.028-0300] {dagbag.py:525} INFO - Filling up the DagBag from /home/renato/Documentos/datapipeline/.env/lib/python3.10/site-packages/airflow/example_dags/example_datasets.py
[2022-11-07T23:27:33.045-0300] {processor.py:768} INFO - DAG(s) dict_keys(['dataset_produces_2', 'dataset_produces_1', 'dataset_consumes_1', 'dataset_consumes_1_never_scheduled', 'dataset_consumes_unknown_never_scheduled', 'dataset_consumes_1_and_2']) retrieved from /home/renato/Documentos/datapipeline/.env/lib/python3.10/site-packages/airflow/example_dags/example_datasets.py
[2022-11-07T23:27:33.106-0300] {logging_mixin.py:117} INFO - [2022-11-07T23:27:33.106-0300] {dag.py:2573} INFO - Sync 6 DAGs
[2022-11-07T23:27:33.125-0300] {logging_mixin.py:117} INFO - [2022-11-07T23:27:33.124-0300] {dag.py:3324} INFO - Setting next_dagrun for dataset_consumes_1 to None, run_after=None
[2022-11-07T23:27:33.128-0300] {logging_mixin.py:117} INFO - [2022-11-07T23:27:33.128-0300] {dag.py:3324} INFO - Setting next_dagrun for dataset_consumes_1_and_2 to None, run_after=None
[2022-11-07T23:27:33.129-0300] {logging_mixin.py:117} INFO - [2022-11-07T23:27:33.129-0300] {dag.py:3324} INFO - Setting next_dagrun for dataset_consumes_1_never_scheduled to None, run_after=None
[2022-11-07T23:27:33.130-0300] {logging_mixin.py:117} INFO - [2022-11-07T23:27:33.130-0300] {dag.py:3324} INFO - Setting next_dagrun for dataset_consumes_unknown_never_scheduled to None, run_after=None
[2022-11-07T23:27:33.132-0300] {logging_mixin.py:117} INFO - [2022-11-07T23:27:33.132-0300] {dag.py:3324} INFO - Setting next_dagrun for dataset_produces_1 to 2022-11-07T00:00:00+00:00, run_after=2022-11-08T00:00:00+00:00
[2022-11-07T23:27:33.133-0300] {logging_mixin.py:117} INFO - [2022-11-07T23:27:33.133-0300] {dag.py:3324} INFO - Setting next_dagrun for dataset_produces_2 to None, run_after=None
[2022-11-07T23:27:33.174-0300] {processor.py:178} INFO - Processing /home/renato/Documentos/datapipeline/.env/lib/python3.10/site-packages/airflow/example_dags/example_datasets.py took 0.150 seconds
[2022-11-07T23:28:12.465-0300] {processor.py:156} INFO - Started process (PID=965471) to work on /home/renato/Documentos/datapipeline/.env/lib/python3.10/site-packages/airflow/example_dags/example_datasets.py
[2022-11-07T23:28:12.468-0300] {processor.py:758} INFO - Processing file /home/renato/Documentos/datapipeline/.env/lib/python3.10/site-packages/airflow/example_dags/example_datasets.py for tasks to queue
[2022-11-07T23:28:12.472-0300] {logging_mixin.py:117} INFO - [2022-11-07T23:28:12.469-0300] {dagbag.py:525} INFO - Filling up the DagBag from /home/renato/Documentos/datapipeline/.env/lib/python3.10/site-packages/airflow/example_dags/example_datasets.py
[2022-11-07T23:28:12.494-0300] {processor.py:768} INFO - DAG(s) dict_keys(['dataset_produces_1', 'dataset_consumes_1', 'dataset_produces_2', 'dataset_consumes_1_and_2', 'dataset_consumes_1_never_scheduled', 'dataset_consumes_unknown_never_scheduled']) retrieved from /home/renato/Documentos/datapipeline/.env/lib/python3.10/site-packages/airflow/example_dags/example_datasets.py
[2022-11-07T23:28:12.525-0300] {logging_mixin.py:117} INFO - [2022-11-07T23:28:12.524-0300] {dag.py:2573} INFO - Sync 6 DAGs
[2022-11-07T23:28:12.543-0300] {logging_mixin.py:117} INFO - [2022-11-07T23:28:12.543-0300] {dag.py:3324} INFO - Setting next_dagrun for dataset_consumes_1 to None, run_after=None
[2022-11-07T23:28:12.546-0300] {logging_mixin.py:117} INFO - [2022-11-07T23:28:12.546-0300] {dag.py:3324} INFO - Setting next_dagrun for dataset_consumes_1_and_2 to None, run_after=None
[2022-11-07T23:28:12.547-0300] {logging_mixin.py:117} INFO - [2022-11-07T23:28:12.547-0300] {dag.py:3324} INFO - Setting next_dagrun for dataset_consumes_1_never_scheduled to None, run_after=None
[2022-11-07T23:28:12.548-0300] {logging_mixin.py:117} INFO - [2022-11-07T23:28:12.548-0300] {dag.py:3324} INFO - Setting next_dagrun for dataset_consumes_unknown_never_scheduled to None, run_after=None
[2022-11-07T23:28:12.550-0300] {logging_mixin.py:117} INFO - [2022-11-07T23:28:12.550-0300] {dag.py:3324} INFO - Setting next_dagrun for dataset_produces_1 to 2022-11-07T00:00:00+00:00, run_after=2022-11-08T00:00:00+00:00
[2022-11-07T23:28:12.551-0300] {logging_mixin.py:117} INFO - [2022-11-07T23:28:12.551-0300] {dag.py:3324} INFO - Setting next_dagrun for dataset_produces_2 to None, run_after=None
[2022-11-07T23:28:12.578-0300] {processor.py:178} INFO - Processing /home/renato/Documentos/datapipeline/.env/lib/python3.10/site-packages/airflow/example_dags/example_datasets.py took 0.119 seconds
[2022-11-07T23:28:58.133-0300] {processor.py:156} INFO - Started process (PID=965568) to work on /home/renato/Documentos/datapipeline/.env/lib/python3.10/site-packages/airflow/example_dags/example_datasets.py
[2022-11-07T23:28:58.135-0300] {processor.py:758} INFO - Processing file /home/renato/Documentos/datapipeline/.env/lib/python3.10/site-packages/airflow/example_dags/example_datasets.py for tasks to queue
[2022-11-07T23:28:58.136-0300] {logging_mixin.py:117} INFO - [2022-11-07T23:28:58.135-0300] {dagbag.py:525} INFO - Filling up the DagBag from /home/renato/Documentos/datapipeline/.env/lib/python3.10/site-packages/airflow/example_dags/example_datasets.py
[2022-11-07T23:28:58.152-0300] {processor.py:768} INFO - DAG(s) dict_keys(['dataset_consumes_1', 'dataset_produces_2', 'dataset_produces_1', 'dataset_consumes_1_never_scheduled', 'dataset_consumes_unknown_never_scheduled', 'dataset_consumes_1_and_2']) retrieved from /home/renato/Documentos/datapipeline/.env/lib/python3.10/site-packages/airflow/example_dags/example_datasets.py
[2022-11-07T23:28:58.183-0300] {logging_mixin.py:117} INFO - [2022-11-07T23:28:58.183-0300] {dag.py:2573} INFO - Sync 6 DAGs
[2022-11-07T23:28:58.203-0300] {logging_mixin.py:117} INFO - [2022-11-07T23:28:58.203-0300] {dag.py:3324} INFO - Setting next_dagrun for dataset_consumes_1 to None, run_after=None
[2022-11-07T23:28:58.206-0300] {logging_mixin.py:117} INFO - [2022-11-07T23:28:58.206-0300] {dag.py:3324} INFO - Setting next_dagrun for dataset_consumes_1_and_2 to None, run_after=None
[2022-11-07T23:28:58.207-0300] {logging_mixin.py:117} INFO - [2022-11-07T23:28:58.207-0300] {dag.py:3324} INFO - Setting next_dagrun for dataset_consumes_1_never_scheduled to None, run_after=None
[2022-11-07T23:28:58.208-0300] {logging_mixin.py:117} INFO - [2022-11-07T23:28:58.208-0300] {dag.py:3324} INFO - Setting next_dagrun for dataset_consumes_unknown_never_scheduled to None, run_after=None
[2022-11-07T23:28:58.211-0300] {logging_mixin.py:117} INFO - [2022-11-07T23:28:58.210-0300] {dag.py:3324} INFO - Setting next_dagrun for dataset_produces_1 to 2022-11-07T00:00:00+00:00, run_after=2022-11-08T00:00:00+00:00
[2022-11-07T23:28:58.212-0300] {logging_mixin.py:117} INFO - [2022-11-07T23:28:58.212-0300] {dag.py:3324} INFO - Setting next_dagrun for dataset_produces_2 to None, run_after=None
[2022-11-07T23:28:58.242-0300] {processor.py:178} INFO - Processing /home/renato/Documentos/datapipeline/.env/lib/python3.10/site-packages/airflow/example_dags/example_datasets.py took 0.111 seconds
[2022-11-07T23:29:40.147-0300] {processor.py:156} INFO - Started process (PID=965651) to work on /home/renato/Documentos/datapipeline/.env/lib/python3.10/site-packages/airflow/example_dags/example_datasets.py
[2022-11-07T23:29:40.148-0300] {processor.py:758} INFO - Processing file /home/renato/Documentos/datapipeline/.env/lib/python3.10/site-packages/airflow/example_dags/example_datasets.py for tasks to queue
[2022-11-07T23:29:40.149-0300] {logging_mixin.py:117} INFO - [2022-11-07T23:29:40.149-0300] {dagbag.py:525} INFO - Filling up the DagBag from /home/renato/Documentos/datapipeline/.env/lib/python3.10/site-packages/airflow/example_dags/example_datasets.py
[2022-11-07T23:29:40.167-0300] {processor.py:768} INFO - DAG(s) dict_keys(['dataset_consumes_unknown_never_scheduled', 'dataset_produces_1', 'dataset_produces_2', 'dataset_consumes_1', 'dataset_consumes_1_and_2', 'dataset_consumes_1_never_scheduled']) retrieved from /home/renato/Documentos/datapipeline/.env/lib/python3.10/site-packages/airflow/example_dags/example_datasets.py
[2022-11-07T23:29:40.198-0300] {logging_mixin.py:117} INFO - [2022-11-07T23:29:40.198-0300] {dag.py:2573} INFO - Sync 6 DAGs
[2022-11-07T23:29:40.215-0300] {logging_mixin.py:117} INFO - [2022-11-07T23:29:40.215-0300] {dag.py:3324} INFO - Setting next_dagrun for dataset_consumes_1 to None, run_after=None
[2022-11-07T23:29:40.218-0300] {logging_mixin.py:117} INFO - [2022-11-07T23:29:40.218-0300] {dag.py:3324} INFO - Setting next_dagrun for dataset_consumes_1_and_2 to None, run_after=None
[2022-11-07T23:29:40.219-0300] {logging_mixin.py:117} INFO - [2022-11-07T23:29:40.219-0300] {dag.py:3324} INFO - Setting next_dagrun for dataset_consumes_1_never_scheduled to None, run_after=None
[2022-11-07T23:29:40.220-0300] {logging_mixin.py:117} INFO - [2022-11-07T23:29:40.219-0300] {dag.py:3324} INFO - Setting next_dagrun for dataset_consumes_unknown_never_scheduled to None, run_after=None
[2022-11-07T23:29:40.222-0300] {logging_mixin.py:117} INFO - [2022-11-07T23:29:40.221-0300] {dag.py:3324} INFO - Setting next_dagrun for dataset_produces_1 to 2022-11-07T00:00:00+00:00, run_after=2022-11-08T00:00:00+00:00
[2022-11-07T23:29:40.222-0300] {logging_mixin.py:117} INFO - [2022-11-07T23:29:40.222-0300] {dag.py:3324} INFO - Setting next_dagrun for dataset_produces_2 to None, run_after=None
[2022-11-07T23:29:40.251-0300] {processor.py:178} INFO - Processing /home/renato/Documentos/datapipeline/.env/lib/python3.10/site-packages/airflow/example_dags/example_datasets.py took 0.108 seconds
[2022-11-07T23:30:22.111-0300] {processor.py:156} INFO - Started process (PID=965735) to work on /home/renato/Documentos/datapipeline/.env/lib/python3.10/site-packages/airflow/example_dags/example_datasets.py
[2022-11-07T23:30:22.113-0300] {processor.py:758} INFO - Processing file /home/renato/Documentos/datapipeline/.env/lib/python3.10/site-packages/airflow/example_dags/example_datasets.py for tasks to queue
[2022-11-07T23:30:22.114-0300] {logging_mixin.py:117} INFO - [2022-11-07T23:30:22.114-0300] {dagbag.py:525} INFO - Filling up the DagBag from /home/renato/Documentos/datapipeline/.env/lib/python3.10/site-packages/airflow/example_dags/example_datasets.py
[2022-11-07T23:30:22.130-0300] {processor.py:768} INFO - DAG(s) dict_keys(['dataset_consumes_1_and_2', 'dataset_consumes_unknown_never_scheduled', 'dataset_produces_2', 'dataset_consumes_1', 'dataset_produces_1', 'dataset_consumes_1_never_scheduled']) retrieved from /home/renato/Documentos/datapipeline/.env/lib/python3.10/site-packages/airflow/example_dags/example_datasets.py
[2022-11-07T23:30:22.164-0300] {logging_mixin.py:117} INFO - [2022-11-07T23:30:22.163-0300] {dag.py:2573} INFO - Sync 6 DAGs
[2022-11-07T23:30:22.184-0300] {logging_mixin.py:117} INFO - [2022-11-07T23:30:22.183-0300] {dag.py:3324} INFO - Setting next_dagrun for dataset_consumes_1 to None, run_after=None
[2022-11-07T23:30:22.186-0300] {logging_mixin.py:117} INFO - [2022-11-07T23:30:22.186-0300] {dag.py:3324} INFO - Setting next_dagrun for dataset_consumes_1_and_2 to None, run_after=None
[2022-11-07T23:30:22.187-0300] {logging_mixin.py:117} INFO - [2022-11-07T23:30:22.187-0300] {dag.py:3324} INFO - Setting next_dagrun for dataset_consumes_1_never_scheduled to None, run_after=None
[2022-11-07T23:30:22.188-0300] {logging_mixin.py:117} INFO - [2022-11-07T23:30:22.188-0300] {dag.py:3324} INFO - Setting next_dagrun for dataset_consumes_unknown_never_scheduled to None, run_after=None
[2022-11-07T23:30:22.191-0300] {logging_mixin.py:117} INFO - [2022-11-07T23:30:22.191-0300] {dag.py:3324} INFO - Setting next_dagrun for dataset_produces_1 to 2022-11-07T00:00:00+00:00, run_after=2022-11-08T00:00:00+00:00
[2022-11-07T23:30:22.192-0300] {logging_mixin.py:117} INFO - [2022-11-07T23:30:22.192-0300] {dag.py:3324} INFO - Setting next_dagrun for dataset_produces_2 to None, run_after=None
[2022-11-07T23:30:22.223-0300] {processor.py:178} INFO - Processing /home/renato/Documentos/datapipeline/.env/lib/python3.10/site-packages/airflow/example_dags/example_datasets.py took 0.114 seconds
[2022-11-07T23:31:08.265-0300] {processor.py:156} INFO - Started process (PID=965825) to work on /home/renato/Documentos/datapipeline/.env/lib/python3.10/site-packages/airflow/example_dags/example_datasets.py
[2022-11-07T23:31:08.269-0300] {processor.py:758} INFO - Processing file /home/renato/Documentos/datapipeline/.env/lib/python3.10/site-packages/airflow/example_dags/example_datasets.py for tasks to queue
[2022-11-07T23:31:08.270-0300] {logging_mixin.py:117} INFO - [2022-11-07T23:31:08.270-0300] {dagbag.py:525} INFO - Filling up the DagBag from /home/renato/Documentos/datapipeline/.env/lib/python3.10/site-packages/airflow/example_dags/example_datasets.py
[2022-11-07T23:31:08.287-0300] {processor.py:768} INFO - DAG(s) dict_keys(['dataset_produces_1', 'dataset_consumes_1', 'dataset_consumes_1_and_2', 'dataset_consumes_unknown_never_scheduled', 'dataset_consumes_1_never_scheduled', 'dataset_produces_2']) retrieved from /home/renato/Documentos/datapipeline/.env/lib/python3.10/site-packages/airflow/example_dags/example_datasets.py
[2022-11-07T23:31:08.319-0300] {logging_mixin.py:117} INFO - [2022-11-07T23:31:08.319-0300] {dag.py:2573} INFO - Sync 6 DAGs
[2022-11-07T23:31:08.338-0300] {logging_mixin.py:117} INFO - [2022-11-07T23:31:08.338-0300] {dag.py:3324} INFO - Setting next_dagrun for dataset_consumes_1 to None, run_after=None
[2022-11-07T23:31:08.341-0300] {logging_mixin.py:117} INFO - [2022-11-07T23:31:08.341-0300] {dag.py:3324} INFO - Setting next_dagrun for dataset_consumes_1_and_2 to None, run_after=None
[2022-11-07T23:31:08.342-0300] {logging_mixin.py:117} INFO - [2022-11-07T23:31:08.342-0300] {dag.py:3324} INFO - Setting next_dagrun for dataset_consumes_1_never_scheduled to None, run_after=None
[2022-11-07T23:31:08.343-0300] {logging_mixin.py:117} INFO - [2022-11-07T23:31:08.343-0300] {dag.py:3324} INFO - Setting next_dagrun for dataset_consumes_unknown_never_scheduled to None, run_after=None
[2022-11-07T23:31:08.345-0300] {logging_mixin.py:117} INFO - [2022-11-07T23:31:08.345-0300] {dag.py:3324} INFO - Setting next_dagrun for dataset_produces_1 to 2022-11-07T00:00:00+00:00, run_after=2022-11-08T00:00:00+00:00
[2022-11-07T23:31:08.346-0300] {logging_mixin.py:117} INFO - [2022-11-07T23:31:08.346-0300] {dag.py:3324} INFO - Setting next_dagrun for dataset_produces_2 to None, run_after=None
[2022-11-07T23:31:08.377-0300] {processor.py:178} INFO - Processing /home/renato/Documentos/datapipeline/.env/lib/python3.10/site-packages/airflow/example_dags/example_datasets.py took 0.115 seconds
[2022-11-07T23:31:52.846-0300] {processor.py:156} INFO - Started process (PID=965912) to work on /home/renato/Documentos/datapipeline/.env/lib/python3.10/site-packages/airflow/example_dags/example_datasets.py
[2022-11-07T23:31:52.849-0300] {processor.py:758} INFO - Processing file /home/renato/Documentos/datapipeline/.env/lib/python3.10/site-packages/airflow/example_dags/example_datasets.py for tasks to queue
[2022-11-07T23:31:52.850-0300] {logging_mixin.py:117} INFO - [2022-11-07T23:31:52.849-0300] {dagbag.py:525} INFO - Filling up the DagBag from /home/renato/Documentos/datapipeline/.env/lib/python3.10/site-packages/airflow/example_dags/example_datasets.py
[2022-11-07T23:31:52.872-0300] {processor.py:768} INFO - DAG(s) dict_keys(['dataset_consumes_unknown_never_scheduled', 'dataset_consumes_1', 'dataset_consumes_1_and_2', 'dataset_produces_1', 'dataset_consumes_1_never_scheduled', 'dataset_produces_2']) retrieved from /home/renato/Documentos/datapipeline/.env/lib/python3.10/site-packages/airflow/example_dags/example_datasets.py
[2022-11-07T23:31:52.908-0300] {logging_mixin.py:117} INFO - [2022-11-07T23:31:52.908-0300] {dag.py:2573} INFO - Sync 6 DAGs
[2022-11-07T23:31:52.928-0300] {logging_mixin.py:117} INFO - [2022-11-07T23:31:52.927-0300] {dag.py:3324} INFO - Setting next_dagrun for dataset_consumes_1 to None, run_after=None
[2022-11-07T23:31:52.930-0300] {logging_mixin.py:117} INFO - [2022-11-07T23:31:52.930-0300] {dag.py:3324} INFO - Setting next_dagrun for dataset_consumes_1_and_2 to None, run_after=None
[2022-11-07T23:31:52.931-0300] {logging_mixin.py:117} INFO - [2022-11-07T23:31:52.931-0300] {dag.py:3324} INFO - Setting next_dagrun for dataset_consumes_1_never_scheduled to None, run_after=None
[2022-11-07T23:31:52.932-0300] {logging_mixin.py:117} INFO - [2022-11-07T23:31:52.932-0300] {dag.py:3324} INFO - Setting next_dagrun for dataset_consumes_unknown_never_scheduled to None, run_after=None
[2022-11-07T23:31:52.934-0300] {logging_mixin.py:117} INFO - [2022-11-07T23:31:52.934-0300] {dag.py:3324} INFO - Setting next_dagrun for dataset_produces_1 to 2022-11-07T00:00:00+00:00, run_after=2022-11-08T00:00:00+00:00
[2022-11-07T23:31:52.935-0300] {logging_mixin.py:117} INFO - [2022-11-07T23:31:52.935-0300] {dag.py:3324} INFO - Setting next_dagrun for dataset_produces_2 to None, run_after=None
[2022-11-07T23:31:52.976-0300] {processor.py:178} INFO - Processing /home/renato/Documentos/datapipeline/.env/lib/python3.10/site-packages/airflow/example_dags/example_datasets.py took 0.137 seconds
[2022-11-07T23:32:40.350-0300] {processor.py:156} INFO - Started process (PID=966139) to work on /home/renato/Documentos/datapipeline/.env/lib/python3.10/site-packages/airflow/example_dags/example_datasets.py
[2022-11-07T23:32:40.356-0300] {processor.py:758} INFO - Processing file /home/renato/Documentos/datapipeline/.env/lib/python3.10/site-packages/airflow/example_dags/example_datasets.py for tasks to queue
[2022-11-07T23:32:40.357-0300] {logging_mixin.py:117} INFO - [2022-11-07T23:32:40.357-0300] {dagbag.py:525} INFO - Filling up the DagBag from /home/renato/Documentos/datapipeline/.env/lib/python3.10/site-packages/airflow/example_dags/example_datasets.py
[2022-11-07T23:32:40.377-0300] {processor.py:768} INFO - DAG(s) dict_keys(['dataset_consumes_unknown_never_scheduled', 'dataset_produces_1', 'dataset_consumes_1_never_scheduled', 'dataset_produces_2', 'dataset_consumes_1_and_2', 'dataset_consumes_1']) retrieved from /home/renato/Documentos/datapipeline/.env/lib/python3.10/site-packages/airflow/example_dags/example_datasets.py
[2022-11-07T23:32:40.408-0300] {logging_mixin.py:117} INFO - [2022-11-07T23:32:40.407-0300] {dag.py:2573} INFO - Sync 6 DAGs
[2022-11-07T23:32:40.428-0300] {logging_mixin.py:117} INFO - [2022-11-07T23:32:40.428-0300] {dag.py:3324} INFO - Setting next_dagrun for dataset_consumes_1 to None, run_after=None
[2022-11-07T23:32:40.431-0300] {logging_mixin.py:117} INFO - [2022-11-07T23:32:40.431-0300] {dag.py:3324} INFO - Setting next_dagrun for dataset_consumes_1_and_2 to None, run_after=None
[2022-11-07T23:32:40.432-0300] {logging_mixin.py:117} INFO - [2022-11-07T23:32:40.432-0300] {dag.py:3324} INFO - Setting next_dagrun for dataset_consumes_1_never_scheduled to None, run_after=None
[2022-11-07T23:32:40.432-0300] {logging_mixin.py:117} INFO - [2022-11-07T23:32:40.432-0300] {dag.py:3324} INFO - Setting next_dagrun for dataset_consumes_unknown_never_scheduled to None, run_after=None
[2022-11-07T23:32:40.435-0300] {logging_mixin.py:117} INFO - [2022-11-07T23:32:40.434-0300] {dag.py:3324} INFO - Setting next_dagrun for dataset_produces_1 to 2022-11-07T00:00:00+00:00, run_after=2022-11-08T00:00:00+00:00
[2022-11-07T23:32:40.435-0300] {logging_mixin.py:117} INFO - [2022-11-07T23:32:40.435-0300] {dag.py:3324} INFO - Setting next_dagrun for dataset_produces_2 to None, run_after=None
[2022-11-07T23:32:40.463-0300] {processor.py:178} INFO - Processing /home/renato/Documentos/datapipeline/.env/lib/python3.10/site-packages/airflow/example_dags/example_datasets.py took 0.117 seconds
[2022-11-07T23:33:18.258-0300] {processor.py:156} INFO - Started process (PID=966215) to work on /home/renato/Documentos/datapipeline/.env/lib/python3.10/site-packages/airflow/example_dags/example_datasets.py
[2022-11-07T23:33:18.261-0300] {processor.py:758} INFO - Processing file /home/renato/Documentos/datapipeline/.env/lib/python3.10/site-packages/airflow/example_dags/example_datasets.py for tasks to queue
[2022-11-07T23:33:18.263-0300] {logging_mixin.py:117} INFO - [2022-11-07T23:33:18.262-0300] {dagbag.py:525} INFO - Filling up the DagBag from /home/renato/Documentos/datapipeline/.env/lib/python3.10/site-packages/airflow/example_dags/example_datasets.py
[2022-11-07T23:33:18.291-0300] {processor.py:768} INFO - DAG(s) dict_keys(['dataset_consumes_1', 'dataset_consumes_1_never_scheduled', 'dataset_produces_2', 'dataset_consumes_unknown_never_scheduled', 'dataset_produces_1', 'dataset_consumes_1_and_2']) retrieved from /home/renato/Documentos/datapipeline/.env/lib/python3.10/site-packages/airflow/example_dags/example_datasets.py
[2022-11-07T23:33:18.325-0300] {logging_mixin.py:117} INFO - [2022-11-07T23:33:18.325-0300] {dag.py:2573} INFO - Sync 6 DAGs
[2022-11-07T23:33:18.343-0300] {logging_mixin.py:117} INFO - [2022-11-07T23:33:18.343-0300] {dag.py:3324} INFO - Setting next_dagrun for dataset_consumes_1 to None, run_after=None
[2022-11-07T23:33:18.345-0300] {logging_mixin.py:117} INFO - [2022-11-07T23:33:18.345-0300] {dag.py:3324} INFO - Setting next_dagrun for dataset_consumes_1_and_2 to None, run_after=None
[2022-11-07T23:33:18.346-0300] {logging_mixin.py:117} INFO - [2022-11-07T23:33:18.346-0300] {dag.py:3324} INFO - Setting next_dagrun for dataset_consumes_1_never_scheduled to None, run_after=None
[2022-11-07T23:33:18.347-0300] {logging_mixin.py:117} INFO - [2022-11-07T23:33:18.347-0300] {dag.py:3324} INFO - Setting next_dagrun for dataset_consumes_unknown_never_scheduled to None, run_after=None
[2022-11-07T23:33:18.349-0300] {logging_mixin.py:117} INFO - [2022-11-07T23:33:18.349-0300] {dag.py:3324} INFO - Setting next_dagrun for dataset_produces_1 to 2022-11-07T00:00:00+00:00, run_after=2022-11-08T00:00:00+00:00
[2022-11-07T23:33:18.349-0300] {logging_mixin.py:117} INFO - [2022-11-07T23:33:18.349-0300] {dag.py:3324} INFO - Setting next_dagrun for dataset_produces_2 to None, run_after=None
[2022-11-07T23:33:18.381-0300] {processor.py:178} INFO - Processing /home/renato/Documentos/datapipeline/.env/lib/python3.10/site-packages/airflow/example_dags/example_datasets.py took 0.129 seconds
[2022-11-07T23:33:58.541-0300] {processor.py:156} INFO - Started process (PID=966294) to work on /home/renato/Documentos/datapipeline/.env/lib/python3.10/site-packages/airflow/example_dags/example_datasets.py
[2022-11-07T23:33:58.543-0300] {processor.py:758} INFO - Processing file /home/renato/Documentos/datapipeline/.env/lib/python3.10/site-packages/airflow/example_dags/example_datasets.py for tasks to queue
[2022-11-07T23:33:58.544-0300] {logging_mixin.py:117} INFO - [2022-11-07T23:33:58.544-0300] {dagbag.py:525} INFO - Filling up the DagBag from /home/renato/Documentos/datapipeline/.env/lib/python3.10/site-packages/airflow/example_dags/example_datasets.py
[2022-11-07T23:33:58.560-0300] {processor.py:768} INFO - DAG(s) dict_keys(['dataset_consumes_1_and_2', 'dataset_consumes_1', 'dataset_consumes_1_never_scheduled', 'dataset_produces_1', 'dataset_consumes_unknown_never_scheduled', 'dataset_produces_2']) retrieved from /home/renato/Documentos/datapipeline/.env/lib/python3.10/site-packages/airflow/example_dags/example_datasets.py
[2022-11-07T23:33:58.591-0300] {logging_mixin.py:117} INFO - [2022-11-07T23:33:58.591-0300] {dag.py:2573} INFO - Sync 6 DAGs
[2022-11-07T23:33:58.608-0300] {logging_mixin.py:117} INFO - [2022-11-07T23:33:58.608-0300] {dag.py:3324} INFO - Setting next_dagrun for dataset_consumes_1 to None, run_after=None
[2022-11-07T23:33:58.611-0300] {logging_mixin.py:117} INFO - [2022-11-07T23:33:58.611-0300] {dag.py:3324} INFO - Setting next_dagrun for dataset_consumes_1_and_2 to None, run_after=None
[2022-11-07T23:33:58.612-0300] {logging_mixin.py:117} INFO - [2022-11-07T23:33:58.611-0300] {dag.py:3324} INFO - Setting next_dagrun for dataset_consumes_1_never_scheduled to None, run_after=None
[2022-11-07T23:33:58.612-0300] {logging_mixin.py:117} INFO - [2022-11-07T23:33:58.612-0300] {dag.py:3324} INFO - Setting next_dagrun for dataset_consumes_unknown_never_scheduled to None, run_after=None
[2022-11-07T23:33:58.614-0300] {logging_mixin.py:117} INFO - [2022-11-07T23:33:58.614-0300] {dag.py:3324} INFO - Setting next_dagrun for dataset_produces_1 to 2022-11-07T00:00:00+00:00, run_after=2022-11-08T00:00:00+00:00
[2022-11-07T23:33:58.615-0300] {logging_mixin.py:117} INFO - [2022-11-07T23:33:58.615-0300] {dag.py:3324} INFO - Setting next_dagrun for dataset_produces_2 to None, run_after=None
[2022-11-07T23:33:58.644-0300] {processor.py:178} INFO - Processing /home/renato/Documentos/datapipeline/.env/lib/python3.10/site-packages/airflow/example_dags/example_datasets.py took 0.106 seconds
[2022-11-07T23:34:36.123-0300] {processor.py:156} INFO - Started process (PID=966370) to work on /home/renato/Documentos/datapipeline/.env/lib/python3.10/site-packages/airflow/example_dags/example_datasets.py
[2022-11-07T23:34:36.134-0300] {processor.py:758} INFO - Processing file /home/renato/Documentos/datapipeline/.env/lib/python3.10/site-packages/airflow/example_dags/example_datasets.py for tasks to queue
[2022-11-07T23:34:36.135-0300] {logging_mixin.py:117} INFO - [2022-11-07T23:34:36.135-0300] {dagbag.py:525} INFO - Filling up the DagBag from /home/renato/Documentos/datapipeline/.env/lib/python3.10/site-packages/airflow/example_dags/example_datasets.py
[2022-11-07T23:34:36.152-0300] {processor.py:768} INFO - DAG(s) dict_keys(['dataset_consumes_1_never_scheduled', 'dataset_consumes_1_and_2', 'dataset_produces_1', 'dataset_consumes_unknown_never_scheduled', 'dataset_consumes_1', 'dataset_produces_2']) retrieved from /home/renato/Documentos/datapipeline/.env/lib/python3.10/site-packages/airflow/example_dags/example_datasets.py
[2022-11-07T23:34:36.187-0300] {logging_mixin.py:117} INFO - [2022-11-07T23:34:36.187-0300] {dag.py:2573} INFO - Sync 6 DAGs
[2022-11-07T23:34:36.205-0300] {logging_mixin.py:117} INFO - [2022-11-07T23:34:36.205-0300] {dag.py:3324} INFO - Setting next_dagrun for dataset_consumes_1 to None, run_after=None
[2022-11-07T23:34:36.208-0300] {logging_mixin.py:117} INFO - [2022-11-07T23:34:36.208-0300] {dag.py:3324} INFO - Setting next_dagrun for dataset_consumes_1_and_2 to None, run_after=None
[2022-11-07T23:34:36.208-0300] {logging_mixin.py:117} INFO - [2022-11-07T23:34:36.208-0300] {dag.py:3324} INFO - Setting next_dagrun for dataset_consumes_1_never_scheduled to None, run_after=None
[2022-11-07T23:34:36.209-0300] {logging_mixin.py:117} INFO - [2022-11-07T23:34:36.209-0300] {dag.py:3324} INFO - Setting next_dagrun for dataset_consumes_unknown_never_scheduled to None, run_after=None
[2022-11-07T23:34:36.211-0300] {logging_mixin.py:117} INFO - [2022-11-07T23:34:36.211-0300] {dag.py:3324} INFO - Setting next_dagrun for dataset_produces_1 to 2022-11-07T00:00:00+00:00, run_after=2022-11-08T00:00:00+00:00
[2022-11-07T23:34:36.212-0300] {logging_mixin.py:117} INFO - [2022-11-07T23:34:36.212-0300] {dag.py:3324} INFO - Setting next_dagrun for dataset_produces_2 to None, run_after=None
[2022-11-07T23:34:36.241-0300] {processor.py:178} INFO - Processing /home/renato/Documentos/datapipeline/.env/lib/python3.10/site-packages/airflow/example_dags/example_datasets.py took 0.121 seconds
[2022-11-07T23:35:14.010-0300] {processor.py:156} INFO - Started process (PID=966446) to work on /home/renato/Documentos/datapipeline/.env/lib/python3.10/site-packages/airflow/example_dags/example_datasets.py
[2022-11-07T23:35:14.014-0300] {processor.py:758} INFO - Processing file /home/renato/Documentos/datapipeline/.env/lib/python3.10/site-packages/airflow/example_dags/example_datasets.py for tasks to queue
[2022-11-07T23:35:14.016-0300] {logging_mixin.py:117} INFO - [2022-11-07T23:35:14.015-0300] {dagbag.py:525} INFO - Filling up the DagBag from /home/renato/Documentos/datapipeline/.env/lib/python3.10/site-packages/airflow/example_dags/example_datasets.py
[2022-11-07T23:35:14.041-0300] {processor.py:768} INFO - DAG(s) dict_keys(['dataset_consumes_unknown_never_scheduled', 'dataset_consumes_1_never_scheduled', 'dataset_produces_2', 'dataset_consumes_1', 'dataset_produces_1', 'dataset_consumes_1_and_2']) retrieved from /home/renato/Documentos/datapipeline/.env/lib/python3.10/site-packages/airflow/example_dags/example_datasets.py
[2022-11-07T23:35:14.077-0300] {logging_mixin.py:117} INFO - [2022-11-07T23:35:14.077-0300] {dag.py:2573} INFO - Sync 6 DAGs
[2022-11-07T23:35:14.094-0300] {logging_mixin.py:117} INFO - [2022-11-07T23:35:14.094-0300] {dag.py:3324} INFO - Setting next_dagrun for dataset_consumes_1 to None, run_after=None
[2022-11-07T23:35:14.097-0300] {logging_mixin.py:117} INFO - [2022-11-07T23:35:14.096-0300] {dag.py:3324} INFO - Setting next_dagrun for dataset_consumes_1_and_2 to None, run_after=None
[2022-11-07T23:35:14.097-0300] {logging_mixin.py:117} INFO - [2022-11-07T23:35:14.097-0300] {dag.py:3324} INFO - Setting next_dagrun for dataset_consumes_1_never_scheduled to None, run_after=None
[2022-11-07T23:35:14.098-0300] {logging_mixin.py:117} INFO - [2022-11-07T23:35:14.098-0300] {dag.py:3324} INFO - Setting next_dagrun for dataset_consumes_unknown_never_scheduled to None, run_after=None
[2022-11-07T23:35:14.100-0300] {logging_mixin.py:117} INFO - [2022-11-07T23:35:14.100-0300] {dag.py:3324} INFO - Setting next_dagrun for dataset_produces_1 to 2022-11-07T00:00:00+00:00, run_after=2022-11-08T00:00:00+00:00
[2022-11-07T23:35:14.101-0300] {logging_mixin.py:117} INFO - [2022-11-07T23:35:14.101-0300] {dag.py:3324} INFO - Setting next_dagrun for dataset_produces_2 to None, run_after=None
[2022-11-07T23:35:14.138-0300] {processor.py:178} INFO - Processing /home/renato/Documentos/datapipeline/.env/lib/python3.10/site-packages/airflow/example_dags/example_datasets.py took 0.133 seconds
[2022-11-07T23:35:54.645-0300] {processor.py:156} INFO - Started process (PID=966527) to work on /home/renato/Documentos/datapipeline/.env/lib/python3.10/site-packages/airflow/example_dags/example_datasets.py
[2022-11-07T23:35:54.648-0300] {processor.py:758} INFO - Processing file /home/renato/Documentos/datapipeline/.env/lib/python3.10/site-packages/airflow/example_dags/example_datasets.py for tasks to queue
[2022-11-07T23:35:54.648-0300] {logging_mixin.py:117} INFO - [2022-11-07T23:35:54.648-0300] {dagbag.py:525} INFO - Filling up the DagBag from /home/renato/Documentos/datapipeline/.env/lib/python3.10/site-packages/airflow/example_dags/example_datasets.py
[2022-11-07T23:35:54.665-0300] {processor.py:768} INFO - DAG(s) dict_keys(['dataset_consumes_unknown_never_scheduled', 'dataset_consumes_1', 'dataset_produces_2', 'dataset_consumes_1_and_2', 'dataset_consumes_1_never_scheduled', 'dataset_produces_1']) retrieved from /home/renato/Documentos/datapipeline/.env/lib/python3.10/site-packages/airflow/example_dags/example_datasets.py
[2022-11-07T23:35:54.694-0300] {logging_mixin.py:117} INFO - [2022-11-07T23:35:54.694-0300] {dag.py:2573} INFO - Sync 6 DAGs
[2022-11-07T23:35:54.712-0300] {logging_mixin.py:117} INFO - [2022-11-07T23:35:54.712-0300] {dag.py:3324} INFO - Setting next_dagrun for dataset_consumes_1 to None, run_after=None
[2022-11-07T23:35:54.714-0300] {logging_mixin.py:117} INFO - [2022-11-07T23:35:54.714-0300] {dag.py:3324} INFO - Setting next_dagrun for dataset_consumes_1_and_2 to None, run_after=None
[2022-11-07T23:35:54.715-0300] {logging_mixin.py:117} INFO - [2022-11-07T23:35:54.715-0300] {dag.py:3324} INFO - Setting next_dagrun for dataset_consumes_1_never_scheduled to None, run_after=None
[2022-11-07T23:35:54.716-0300] {logging_mixin.py:117} INFO - [2022-11-07T23:35:54.716-0300] {dag.py:3324} INFO - Setting next_dagrun for dataset_consumes_unknown_never_scheduled to None, run_after=None
[2022-11-07T23:35:54.718-0300] {logging_mixin.py:117} INFO - [2022-11-07T23:35:54.718-0300] {dag.py:3324} INFO - Setting next_dagrun for dataset_produces_1 to 2022-11-07T00:00:00+00:00, run_after=2022-11-08T00:00:00+00:00
[2022-11-07T23:35:54.719-0300] {logging_mixin.py:117} INFO - [2022-11-07T23:35:54.719-0300] {dag.py:3324} INFO - Setting next_dagrun for dataset_produces_2 to None, run_after=None
[2022-11-07T23:35:54.749-0300] {processor.py:178} INFO - Processing /home/renato/Documentos/datapipeline/.env/lib/python3.10/site-packages/airflow/example_dags/example_datasets.py took 0.107 seconds
[2022-11-07T23:36:36.773-0300] {processor.py:156} INFO - Started process (PID=966609) to work on /home/renato/Documentos/datapipeline/.env/lib/python3.10/site-packages/airflow/example_dags/example_datasets.py
[2022-11-07T23:36:36.779-0300] {processor.py:758} INFO - Processing file /home/renato/Documentos/datapipeline/.env/lib/python3.10/site-packages/airflow/example_dags/example_datasets.py for tasks to queue
[2022-11-07T23:36:36.780-0300] {logging_mixin.py:117} INFO - [2022-11-07T23:36:36.780-0300] {dagbag.py:525} INFO - Filling up the DagBag from /home/renato/Documentos/datapipeline/.env/lib/python3.10/site-packages/airflow/example_dags/example_datasets.py
[2022-11-07T23:36:36.804-0300] {processor.py:768} INFO - DAG(s) dict_keys(['dataset_consumes_1_and_2', 'dataset_consumes_1_never_scheduled', 'dataset_produces_2', 'dataset_consumes_1', 'dataset_consumes_unknown_never_scheduled', 'dataset_produces_1']) retrieved from /home/renato/Documentos/datapipeline/.env/lib/python3.10/site-packages/airflow/example_dags/example_datasets.py
[2022-11-07T23:36:36.836-0300] {logging_mixin.py:117} INFO - [2022-11-07T23:36:36.836-0300] {dag.py:2573} INFO - Sync 6 DAGs
[2022-11-07T23:36:36.853-0300] {logging_mixin.py:117} INFO - [2022-11-07T23:36:36.853-0300] {dag.py:3324} INFO - Setting next_dagrun for dataset_consumes_1 to None, run_after=None
[2022-11-07T23:36:36.855-0300] {logging_mixin.py:117} INFO - [2022-11-07T23:36:36.855-0300] {dag.py:3324} INFO - Setting next_dagrun for dataset_consumes_1_and_2 to None, run_after=None
[2022-11-07T23:36:36.856-0300] {logging_mixin.py:117} INFO - [2022-11-07T23:36:36.856-0300] {dag.py:3324} INFO - Setting next_dagrun for dataset_consumes_1_never_scheduled to None, run_after=None
[2022-11-07T23:36:36.857-0300] {logging_mixin.py:117} INFO - [2022-11-07T23:36:36.856-0300] {dag.py:3324} INFO - Setting next_dagrun for dataset_consumes_unknown_never_scheduled to None, run_after=None
[2022-11-07T23:36:36.859-0300] {logging_mixin.py:117} INFO - [2022-11-07T23:36:36.858-0300] {dag.py:3324} INFO - Setting next_dagrun for dataset_produces_1 to 2022-11-07T00:00:00+00:00, run_after=2022-11-08T00:00:00+00:00
[2022-11-07T23:36:36.861-0300] {logging_mixin.py:117} INFO - [2022-11-07T23:36:36.860-0300] {dag.py:3324} INFO - Setting next_dagrun for dataset_produces_2 to None, run_after=None
[2022-11-07T23:36:36.888-0300] {processor.py:178} INFO - Processing /home/renato/Documentos/datapipeline/.env/lib/python3.10/site-packages/airflow/example_dags/example_datasets.py took 0.120 seconds
[2022-11-07T23:37:21.772-0300] {processor.py:156} INFO - Started process (PID=966830) to work on /home/renato/Documentos/datapipeline/.env/lib/python3.10/site-packages/airflow/example_dags/example_datasets.py
[2022-11-07T23:37:21.774-0300] {processor.py:758} INFO - Processing file /home/renato/Documentos/datapipeline/.env/lib/python3.10/site-packages/airflow/example_dags/example_datasets.py for tasks to queue
[2022-11-07T23:37:21.775-0300] {logging_mixin.py:117} INFO - [2022-11-07T23:37:21.774-0300] {dagbag.py:525} INFO - Filling up the DagBag from /home/renato/Documentos/datapipeline/.env/lib/python3.10/site-packages/airflow/example_dags/example_datasets.py
[2022-11-07T23:37:21.790-0300] {processor.py:768} INFO - DAG(s) dict_keys(['dataset_produces_1', 'dataset_produces_2', 'dataset_consumes_1_never_scheduled', 'dataset_consumes_1_and_2', 'dataset_consumes_1', 'dataset_consumes_unknown_never_scheduled']) retrieved from /home/renato/Documentos/datapipeline/.env/lib/python3.10/site-packages/airflow/example_dags/example_datasets.py
[2022-11-07T23:37:21.819-0300] {logging_mixin.py:117} INFO - [2022-11-07T23:37:21.819-0300] {dag.py:2573} INFO - Sync 6 DAGs
[2022-11-07T23:37:21.838-0300] {logging_mixin.py:117} INFO - [2022-11-07T23:37:21.837-0300] {dag.py:3324} INFO - Setting next_dagrun for dataset_consumes_1 to None, run_after=None
[2022-11-07T23:37:21.840-0300] {logging_mixin.py:117} INFO - [2022-11-07T23:37:21.840-0300] {dag.py:3324} INFO - Setting next_dagrun for dataset_consumes_1_and_2 to None, run_after=None
[2022-11-07T23:37:21.841-0300] {logging_mixin.py:117} INFO - [2022-11-07T23:37:21.841-0300] {dag.py:3324} INFO - Setting next_dagrun for dataset_consumes_1_never_scheduled to None, run_after=None
[2022-11-07T23:37:21.842-0300] {logging_mixin.py:117} INFO - [2022-11-07T23:37:21.842-0300] {dag.py:3324} INFO - Setting next_dagrun for dataset_consumes_unknown_never_scheduled to None, run_after=None
[2022-11-07T23:37:21.844-0300] {logging_mixin.py:117} INFO - [2022-11-07T23:37:21.844-0300] {dag.py:3324} INFO - Setting next_dagrun for dataset_produces_1 to 2022-11-07T00:00:00+00:00, run_after=2022-11-08T00:00:00+00:00
[2022-11-07T23:37:21.844-0300] {logging_mixin.py:117} INFO - [2022-11-07T23:37:21.844-0300] {dag.py:3324} INFO - Setting next_dagrun for dataset_produces_2 to None, run_after=None
[2022-11-07T23:37:21.873-0300] {processor.py:178} INFO - Processing /home/renato/Documentos/datapipeline/.env/lib/python3.10/site-packages/airflow/example_dags/example_datasets.py took 0.104 seconds
[2022-11-07T23:38:06.358-0300] {processor.py:156} INFO - Started process (PID=966918) to work on /home/renato/Documentos/datapipeline/.env/lib/python3.10/site-packages/airflow/example_dags/example_datasets.py
[2022-11-07T23:38:06.360-0300] {processor.py:758} INFO - Processing file /home/renato/Documentos/datapipeline/.env/lib/python3.10/site-packages/airflow/example_dags/example_datasets.py for tasks to queue
[2022-11-07T23:38:06.361-0300] {logging_mixin.py:117} INFO - [2022-11-07T23:38:06.361-0300] {dagbag.py:525} INFO - Filling up the DagBag from /home/renato/Documentos/datapipeline/.env/lib/python3.10/site-packages/airflow/example_dags/example_datasets.py
[2022-11-07T23:38:06.377-0300] {processor.py:768} INFO - DAG(s) dict_keys(['dataset_consumes_1_never_scheduled', 'dataset_consumes_1_and_2', 'dataset_produces_1', 'dataset_consumes_unknown_never_scheduled', 'dataset_produces_2', 'dataset_consumes_1']) retrieved from /home/renato/Documentos/datapipeline/.env/lib/python3.10/site-packages/airflow/example_dags/example_datasets.py
[2022-11-07T23:38:06.413-0300] {logging_mixin.py:117} INFO - [2022-11-07T23:38:06.413-0300] {dag.py:2573} INFO - Sync 6 DAGs
[2022-11-07T23:38:06.433-0300] {logging_mixin.py:117} INFO - [2022-11-07T23:38:06.433-0300] {dag.py:3324} INFO - Setting next_dagrun for dataset_consumes_1 to None, run_after=None
[2022-11-07T23:38:06.436-0300] {logging_mixin.py:117} INFO - [2022-11-07T23:38:06.436-0300] {dag.py:3324} INFO - Setting next_dagrun for dataset_consumes_1_and_2 to None, run_after=None
[2022-11-07T23:38:06.437-0300] {logging_mixin.py:117} INFO - [2022-11-07T23:38:06.437-0300] {dag.py:3324} INFO - Setting next_dagrun for dataset_consumes_1_never_scheduled to None, run_after=None
[2022-11-07T23:38:06.437-0300] {logging_mixin.py:117} INFO - [2022-11-07T23:38:06.437-0300] {dag.py:3324} INFO - Setting next_dagrun for dataset_consumes_unknown_never_scheduled to None, run_after=None
[2022-11-07T23:38:06.439-0300] {logging_mixin.py:117} INFO - [2022-11-07T23:38:06.439-0300] {dag.py:3324} INFO - Setting next_dagrun for dataset_produces_1 to 2022-11-07T00:00:00+00:00, run_after=2022-11-08T00:00:00+00:00
[2022-11-07T23:38:06.440-0300] {logging_mixin.py:117} INFO - [2022-11-07T23:38:06.440-0300] {dag.py:3324} INFO - Setting next_dagrun for dataset_produces_2 to None, run_after=None
[2022-11-07T23:38:06.472-0300] {processor.py:178} INFO - Processing /home/renato/Documentos/datapipeline/.env/lib/python3.10/site-packages/airflow/example_dags/example_datasets.py took 0.118 seconds
[2022-11-07T23:38:55.228-0300] {processor.py:156} INFO - Started process (PID=967026) to work on /home/renato/Documentos/datapipeline/.env/lib/python3.10/site-packages/airflow/example_dags/example_datasets.py
[2022-11-07T23:38:55.231-0300] {processor.py:758} INFO - Processing file /home/renato/Documentos/datapipeline/.env/lib/python3.10/site-packages/airflow/example_dags/example_datasets.py for tasks to queue
[2022-11-07T23:38:55.233-0300] {logging_mixin.py:117} INFO - [2022-11-07T23:38:55.232-0300] {dagbag.py:525} INFO - Filling up the DagBag from /home/renato/Documentos/datapipeline/.env/lib/python3.10/site-packages/airflow/example_dags/example_datasets.py
[2022-11-07T23:38:55.256-0300] {processor.py:768} INFO - DAG(s) dict_keys(['dataset_consumes_unknown_never_scheduled', 'dataset_consumes_1', 'dataset_consumes_1_never_scheduled', 'dataset_produces_2', 'dataset_produces_1', 'dataset_consumes_1_and_2']) retrieved from /home/renato/Documentos/datapipeline/.env/lib/python3.10/site-packages/airflow/example_dags/example_datasets.py
[2022-11-07T23:38:55.289-0300] {logging_mixin.py:117} INFO - [2022-11-07T23:38:55.289-0300] {dag.py:2573} INFO - Sync 6 DAGs
[2022-11-07T23:38:55.305-0300] {logging_mixin.py:117} INFO - [2022-11-07T23:38:55.305-0300] {dag.py:3324} INFO - Setting next_dagrun for dataset_consumes_1 to None, run_after=None
[2022-11-07T23:38:55.308-0300] {logging_mixin.py:117} INFO - [2022-11-07T23:38:55.308-0300] {dag.py:3324} INFO - Setting next_dagrun for dataset_consumes_1_and_2 to None, run_after=None
[2022-11-07T23:38:55.308-0300] {logging_mixin.py:117} INFO - [2022-11-07T23:38:55.308-0300] {dag.py:3324} INFO - Setting next_dagrun for dataset_consumes_1_never_scheduled to None, run_after=None
[2022-11-07T23:38:55.309-0300] {logging_mixin.py:117} INFO - [2022-11-07T23:38:55.309-0300] {dag.py:3324} INFO - Setting next_dagrun for dataset_consumes_unknown_never_scheduled to None, run_after=None
[2022-11-07T23:38:55.311-0300] {logging_mixin.py:117} INFO - [2022-11-07T23:38:55.311-0300] {dag.py:3324} INFO - Setting next_dagrun for dataset_produces_1 to 2022-11-07T00:00:00+00:00, run_after=2022-11-08T00:00:00+00:00
[2022-11-07T23:38:55.312-0300] {logging_mixin.py:117} INFO - [2022-11-07T23:38:55.312-0300] {dag.py:3324} INFO - Setting next_dagrun for dataset_produces_2 to None, run_after=None
[2022-11-07T23:38:55.339-0300] {processor.py:178} INFO - Processing /home/renato/Documentos/datapipeline/.env/lib/python3.10/site-packages/airflow/example_dags/example_datasets.py took 0.117 seconds
[2022-11-07T23:40:08.214-0300] {processor.py:156} INFO - Started process (PID=967175) to work on /home/renato/Documentos/datapipeline/.env/lib/python3.10/site-packages/airflow/example_dags/example_datasets.py
[2022-11-07T23:40:08.217-0300] {processor.py:758} INFO - Processing file /home/renato/Documentos/datapipeline/.env/lib/python3.10/site-packages/airflow/example_dags/example_datasets.py for tasks to queue
[2022-11-07T23:40:08.218-0300] {logging_mixin.py:117} INFO - [2022-11-07T23:40:08.217-0300] {dagbag.py:525} INFO - Filling up the DagBag from /home/renato/Documentos/datapipeline/.env/lib/python3.10/site-packages/airflow/example_dags/example_datasets.py
[2022-11-07T23:40:08.239-0300] {processor.py:768} INFO - DAG(s) dict_keys(['dataset_consumes_1_never_scheduled', 'dataset_consumes_unknown_never_scheduled', 'dataset_consumes_1_and_2', 'dataset_produces_2', 'dataset_produces_1', 'dataset_consumes_1']) retrieved from /home/renato/Documentos/datapipeline/.env/lib/python3.10/site-packages/airflow/example_dags/example_datasets.py
[2022-11-07T23:40:08.300-0300] {logging_mixin.py:117} INFO - [2022-11-07T23:40:08.300-0300] {dag.py:2573} INFO - Sync 6 DAGs
[2022-11-07T23:40:08.318-0300] {logging_mixin.py:117} INFO - [2022-11-07T23:40:08.317-0300] {dag.py:3324} INFO - Setting next_dagrun for dataset_consumes_1 to None, run_after=None
[2022-11-07T23:40:08.320-0300] {logging_mixin.py:117} INFO - [2022-11-07T23:40:08.320-0300] {dag.py:3324} INFO - Setting next_dagrun for dataset_consumes_1_and_2 to None, run_after=None
[2022-11-07T23:40:08.321-0300] {logging_mixin.py:117} INFO - [2022-11-07T23:40:08.321-0300] {dag.py:3324} INFO - Setting next_dagrun for dataset_consumes_1_never_scheduled to None, run_after=None
[2022-11-07T23:40:08.322-0300] {logging_mixin.py:117} INFO - [2022-11-07T23:40:08.322-0300] {dag.py:3324} INFO - Setting next_dagrun for dataset_consumes_unknown_never_scheduled to None, run_after=None
[2022-11-07T23:40:08.324-0300] {logging_mixin.py:117} INFO - [2022-11-07T23:40:08.324-0300] {dag.py:3324} INFO - Setting next_dagrun for dataset_produces_1 to 2022-11-07T00:00:00+00:00, run_after=2022-11-08T00:00:00+00:00
[2022-11-07T23:40:08.325-0300] {logging_mixin.py:117} INFO - [2022-11-07T23:40:08.325-0300] {dag.py:3324} INFO - Setting next_dagrun for dataset_produces_2 to None, run_after=None
[2022-11-07T23:40:08.364-0300] {processor.py:178} INFO - Processing /home/renato/Documentos/datapipeline/.env/lib/python3.10/site-packages/airflow/example_dags/example_datasets.py took 0.155 seconds
[2022-11-07T23:40:47.831-0300] {processor.py:156} INFO - Started process (PID=967251) to work on /home/renato/Documentos/datapipeline/.env/lib/python3.10/site-packages/airflow/example_dags/example_datasets.py
[2022-11-07T23:40:47.836-0300] {processor.py:758} INFO - Processing file /home/renato/Documentos/datapipeline/.env/lib/python3.10/site-packages/airflow/example_dags/example_datasets.py for tasks to queue
[2022-11-07T23:40:47.837-0300] {logging_mixin.py:117} INFO - [2022-11-07T23:40:47.836-0300] {dagbag.py:525} INFO - Filling up the DagBag from /home/renato/Documentos/datapipeline/.env/lib/python3.10/site-packages/airflow/example_dags/example_datasets.py
[2022-11-07T23:40:47.853-0300] {processor.py:768} INFO - DAG(s) dict_keys(['dataset_produces_2', 'dataset_consumes_1_never_scheduled', 'dataset_consumes_1_and_2', 'dataset_produces_1', 'dataset_consumes_1', 'dataset_consumes_unknown_never_scheduled']) retrieved from /home/renato/Documentos/datapipeline/.env/lib/python3.10/site-packages/airflow/example_dags/example_datasets.py
[2022-11-07T23:40:47.883-0300] {logging_mixin.py:117} INFO - [2022-11-07T23:40:47.883-0300] {dag.py:2573} INFO - Sync 6 DAGs
[2022-11-07T23:40:47.901-0300] {logging_mixin.py:117} INFO - [2022-11-07T23:40:47.901-0300] {dag.py:3324} INFO - Setting next_dagrun for dataset_consumes_1 to None, run_after=None
[2022-11-07T23:40:47.903-0300] {logging_mixin.py:117} INFO - [2022-11-07T23:40:47.903-0300] {dag.py:3324} INFO - Setting next_dagrun for dataset_consumes_1_and_2 to None, run_after=None
[2022-11-07T23:40:47.904-0300] {logging_mixin.py:117} INFO - [2022-11-07T23:40:47.904-0300] {dag.py:3324} INFO - Setting next_dagrun for dataset_consumes_1_never_scheduled to None, run_after=None
[2022-11-07T23:40:47.905-0300] {logging_mixin.py:117} INFO - [2022-11-07T23:40:47.905-0300] {dag.py:3324} INFO - Setting next_dagrun for dataset_consumes_unknown_never_scheduled to None, run_after=None
[2022-11-07T23:40:47.907-0300] {logging_mixin.py:117} INFO - [2022-11-07T23:40:47.907-0300] {dag.py:3324} INFO - Setting next_dagrun for dataset_produces_1 to 2022-11-07T00:00:00+00:00, run_after=2022-11-08T00:00:00+00:00
[2022-11-07T23:40:47.907-0300] {logging_mixin.py:117} INFO - [2022-11-07T23:40:47.907-0300] {dag.py:3324} INFO - Setting next_dagrun for dataset_produces_2 to None, run_after=None
[2022-11-07T23:40:47.934-0300] {processor.py:178} INFO - Processing /home/renato/Documentos/datapipeline/.env/lib/python3.10/site-packages/airflow/example_dags/example_datasets.py took 0.106 seconds
[2022-11-07T23:41:31.915-0300] {processor.py:156} INFO - Started process (PID=967337) to work on /home/renato/Documentos/datapipeline/.env/lib/python3.10/site-packages/airflow/example_dags/example_datasets.py
[2022-11-07T23:41:31.920-0300] {processor.py:758} INFO - Processing file /home/renato/Documentos/datapipeline/.env/lib/python3.10/site-packages/airflow/example_dags/example_datasets.py for tasks to queue
[2022-11-07T23:41:31.921-0300] {logging_mixin.py:117} INFO - [2022-11-07T23:41:31.921-0300] {dagbag.py:525} INFO - Filling up the DagBag from /home/renato/Documentos/datapipeline/.env/lib/python3.10/site-packages/airflow/example_dags/example_datasets.py
[2022-11-07T23:41:31.941-0300] {processor.py:768} INFO - DAG(s) dict_keys(['dataset_produces_1', 'dataset_consumes_unknown_never_scheduled', 'dataset_produces_2', 'dataset_consumes_1_and_2', 'dataset_consumes_1_never_scheduled', 'dataset_consumes_1']) retrieved from /home/renato/Documentos/datapipeline/.env/lib/python3.10/site-packages/airflow/example_dags/example_datasets.py
[2022-11-07T23:41:31.973-0300] {logging_mixin.py:117} INFO - [2022-11-07T23:41:31.973-0300] {dag.py:2573} INFO - Sync 6 DAGs
[2022-11-07T23:41:31.992-0300] {logging_mixin.py:117} INFO - [2022-11-07T23:41:31.992-0300] {dag.py:3324} INFO - Setting next_dagrun for dataset_consumes_1 to None, run_after=None
[2022-11-07T23:41:31.995-0300] {logging_mixin.py:117} INFO - [2022-11-07T23:41:31.994-0300] {dag.py:3324} INFO - Setting next_dagrun for dataset_consumes_1_and_2 to None, run_after=None
[2022-11-07T23:41:31.995-0300] {logging_mixin.py:117} INFO - [2022-11-07T23:41:31.995-0300] {dag.py:3324} INFO - Setting next_dagrun for dataset_consumes_1_never_scheduled to None, run_after=None
[2022-11-07T23:41:31.996-0300] {logging_mixin.py:117} INFO - [2022-11-07T23:41:31.996-0300] {dag.py:3324} INFO - Setting next_dagrun for dataset_consumes_unknown_never_scheduled to None, run_after=None
[2022-11-07T23:41:31.998-0300] {logging_mixin.py:117} INFO - [2022-11-07T23:41:31.998-0300] {dag.py:3324} INFO - Setting next_dagrun for dataset_produces_1 to 2022-11-07T00:00:00+00:00, run_after=2022-11-08T00:00:00+00:00
[2022-11-07T23:41:31.999-0300] {logging_mixin.py:117} INFO - [2022-11-07T23:41:31.999-0300] {dag.py:3324} INFO - Setting next_dagrun for dataset_produces_2 to None, run_after=None
[2022-11-07T23:41:32.025-0300] {processor.py:178} INFO - Processing /home/renato/Documentos/datapipeline/.env/lib/python3.10/site-packages/airflow/example_dags/example_datasets.py took 0.113 seconds
[2022-11-07T23:42:13.882-0300] {processor.py:156} INFO - Started process (PID=967423) to work on /home/renato/Documentos/datapipeline/.env/lib/python3.10/site-packages/airflow/example_dags/example_datasets.py
[2022-11-07T23:42:13.885-0300] {processor.py:758} INFO - Processing file /home/renato/Documentos/datapipeline/.env/lib/python3.10/site-packages/airflow/example_dags/example_datasets.py for tasks to queue
[2022-11-07T23:42:13.889-0300] {logging_mixin.py:117} INFO - [2022-11-07T23:42:13.889-0300] {dagbag.py:525} INFO - Filling up the DagBag from /home/renato/Documentos/datapipeline/.env/lib/python3.10/site-packages/airflow/example_dags/example_datasets.py
[2022-11-07T23:42:13.910-0300] {processor.py:768} INFO - DAG(s) dict_keys(['dataset_consumes_unknown_never_scheduled', 'dataset_consumes_1_never_scheduled', 'dataset_produces_1', 'dataset_consumes_1', 'dataset_produces_2', 'dataset_consumes_1_and_2']) retrieved from /home/renato/Documentos/datapipeline/.env/lib/python3.10/site-packages/airflow/example_dags/example_datasets.py
[2022-11-07T23:42:13.944-0300] {logging_mixin.py:117} INFO - [2022-11-07T23:42:13.944-0300] {dag.py:2573} INFO - Sync 6 DAGs
[2022-11-07T23:42:13.962-0300] {logging_mixin.py:117} INFO - [2022-11-07T23:42:13.962-0300] {dag.py:3324} INFO - Setting next_dagrun for dataset_consumes_1 to None, run_after=None
[2022-11-07T23:42:13.966-0300] {logging_mixin.py:117} INFO - [2022-11-07T23:42:13.965-0300] {dag.py:3324} INFO - Setting next_dagrun for dataset_consumes_1_and_2 to None, run_after=None
[2022-11-07T23:42:13.966-0300] {logging_mixin.py:117} INFO - [2022-11-07T23:42:13.966-0300] {dag.py:3324} INFO - Setting next_dagrun for dataset_consumes_1_never_scheduled to None, run_after=None
[2022-11-07T23:42:13.967-0300] {logging_mixin.py:117} INFO - [2022-11-07T23:42:13.967-0300] {dag.py:3324} INFO - Setting next_dagrun for dataset_consumes_unknown_never_scheduled to None, run_after=None
[2022-11-07T23:42:13.970-0300] {logging_mixin.py:117} INFO - [2022-11-07T23:42:13.969-0300] {dag.py:3324} INFO - Setting next_dagrun for dataset_produces_1 to 2022-11-07T00:00:00+00:00, run_after=2022-11-08T00:00:00+00:00
[2022-11-07T23:42:13.970-0300] {logging_mixin.py:117} INFO - [2022-11-07T23:42:13.970-0300] {dag.py:3324} INFO - Setting next_dagrun for dataset_produces_2 to None, run_after=None
[2022-11-07T23:42:14.005-0300] {processor.py:178} INFO - Processing /home/renato/Documentos/datapipeline/.env/lib/python3.10/site-packages/airflow/example_dags/example_datasets.py took 0.126 seconds
[2022-11-07T23:42:55.702-0300] {processor.py:156} INFO - Started process (PID=967634) to work on /home/renato/Documentos/datapipeline/.env/lib/python3.10/site-packages/airflow/example_dags/example_datasets.py
[2022-11-07T23:42:55.705-0300] {processor.py:758} INFO - Processing file /home/renato/Documentos/datapipeline/.env/lib/python3.10/site-packages/airflow/example_dags/example_datasets.py for tasks to queue
[2022-11-07T23:42:55.706-0300] {logging_mixin.py:117} INFO - [2022-11-07T23:42:55.705-0300] {dagbag.py:525} INFO - Filling up the DagBag from /home/renato/Documentos/datapipeline/.env/lib/python3.10/site-packages/airflow/example_dags/example_datasets.py
[2022-11-07T23:42:55.726-0300] {processor.py:768} INFO - DAG(s) dict_keys(['dataset_produces_1', 'dataset_consumes_unknown_never_scheduled', 'dataset_consumes_1', 'dataset_consumes_1_and_2', 'dataset_consumes_1_never_scheduled', 'dataset_produces_2']) retrieved from /home/renato/Documentos/datapipeline/.env/lib/python3.10/site-packages/airflow/example_dags/example_datasets.py
[2022-11-07T23:42:55.759-0300] {logging_mixin.py:117} INFO - [2022-11-07T23:42:55.758-0300] {dag.py:2573} INFO - Sync 6 DAGs
[2022-11-07T23:42:55.776-0300] {logging_mixin.py:117} INFO - [2022-11-07T23:42:55.776-0300] {dag.py:3324} INFO - Setting next_dagrun for dataset_consumes_1 to None, run_after=None
[2022-11-07T23:42:55.780-0300] {logging_mixin.py:117} INFO - [2022-11-07T23:42:55.780-0300] {dag.py:3324} INFO - Setting next_dagrun for dataset_consumes_1_and_2 to None, run_after=None
[2022-11-07T23:42:55.781-0300] {logging_mixin.py:117} INFO - [2022-11-07T23:42:55.781-0300] {dag.py:3324} INFO - Setting next_dagrun for dataset_consumes_1_never_scheduled to None, run_after=None
[2022-11-07T23:42:55.782-0300] {logging_mixin.py:117} INFO - [2022-11-07T23:42:55.782-0300] {dag.py:3324} INFO - Setting next_dagrun for dataset_consumes_unknown_never_scheduled to None, run_after=None
[2022-11-07T23:42:55.784-0300] {logging_mixin.py:117} INFO - [2022-11-07T23:42:55.784-0300] {dag.py:3324} INFO - Setting next_dagrun for dataset_produces_1 to 2022-11-07T00:00:00+00:00, run_after=2022-11-08T00:00:00+00:00
[2022-11-07T23:42:55.785-0300] {logging_mixin.py:117} INFO - [2022-11-07T23:42:55.785-0300] {dag.py:3324} INFO - Setting next_dagrun for dataset_produces_2 to None, run_after=None
[2022-11-07T23:42:55.813-0300] {processor.py:178} INFO - Processing /home/renato/Documentos/datapipeline/.env/lib/python3.10/site-packages/airflow/example_dags/example_datasets.py took 0.115 seconds
