[2022-11-07T23:27:01.210-0300] {processor.py:156} INFO - Started process (PID=965189) to work on /home/renato/Documentos/datapipeline/.env/lib/python3.10/site-packages/airflow/example_dags/example_trigger_controller_dag.py
[2022-11-07T23:27:01.211-0300] {processor.py:758} INFO - Processing file /home/renato/Documentos/datapipeline/.env/lib/python3.10/site-packages/airflow/example_dags/example_trigger_controller_dag.py for tasks to queue
[2022-11-07T23:27:01.212-0300] {logging_mixin.py:117} INFO - [2022-11-07T23:27:01.212-0300] {dagbag.py:525} INFO - Filling up the DagBag from /home/renato/Documentos/datapipeline/.env/lib/python3.10/site-packages/airflow/example_dags/example_trigger_controller_dag.py
[2022-11-07T23:27:01.229-0300] {processor.py:768} INFO - DAG(s) dict_keys(['example_trigger_controller_dag']) retrieved from /home/renato/Documentos/datapipeline/.env/lib/python3.10/site-packages/airflow/example_dags/example_trigger_controller_dag.py
[2022-11-07T23:27:01.251-0300] {logging_mixin.py:117} INFO - [2022-11-07T23:27:01.250-0300] {dag.py:2573} INFO - Sync 1 DAGs
[2022-11-07T23:27:01.269-0300] {logging_mixin.py:117} INFO - [2022-11-07T23:27:01.269-0300] {dag.py:3324} INFO - Setting next_dagrun for example_trigger_controller_dag to 2021-01-01T00:00:00+00:00, run_after=2021-01-01T00:00:00+00:00
[2022-11-07T23:27:01.294-0300] {processor.py:178} INFO - Processing /home/renato/Documentos/datapipeline/.env/lib/python3.10/site-packages/airflow/example_dags/example_trigger_controller_dag.py took 0.088 seconds
[2022-11-07T23:27:39.575-0300] {processor.py:156} INFO - Started process (PID=965407) to work on /home/renato/Documentos/datapipeline/.env/lib/python3.10/site-packages/airflow/example_dags/example_trigger_controller_dag.py
[2022-11-07T23:27:39.578-0300] {processor.py:758} INFO - Processing file /home/renato/Documentos/datapipeline/.env/lib/python3.10/site-packages/airflow/example_dags/example_trigger_controller_dag.py for tasks to queue
[2022-11-07T23:27:39.580-0300] {logging_mixin.py:117} INFO - [2022-11-07T23:27:39.579-0300] {dagbag.py:525} INFO - Filling up the DagBag from /home/renato/Documentos/datapipeline/.env/lib/python3.10/site-packages/airflow/example_dags/example_trigger_controller_dag.py
[2022-11-07T23:27:39.596-0300] {processor.py:768} INFO - DAG(s) dict_keys(['example_trigger_controller_dag']) retrieved from /home/renato/Documentos/datapipeline/.env/lib/python3.10/site-packages/airflow/example_dags/example_trigger_controller_dag.py
[2022-11-07T23:27:39.617-0300] {logging_mixin.py:117} INFO - [2022-11-07T23:27:39.617-0300] {dag.py:2573} INFO - Sync 1 DAGs
[2022-11-07T23:27:39.634-0300] {logging_mixin.py:117} INFO - [2022-11-07T23:27:39.634-0300] {dag.py:3324} INFO - Setting next_dagrun for example_trigger_controller_dag to 2021-01-01T00:00:00+00:00, run_after=2021-01-01T00:00:00+00:00
[2022-11-07T23:27:39.665-0300] {processor.py:178} INFO - Processing /home/renato/Documentos/datapipeline/.env/lib/python3.10/site-packages/airflow/example_dags/example_trigger_controller_dag.py took 0.096 seconds
[2022-11-07T23:28:17.386-0300] {processor.py:156} INFO - Started process (PID=965481) to work on /home/renato/Documentos/datapipeline/.env/lib/python3.10/site-packages/airflow/example_dags/example_trigger_controller_dag.py
[2022-11-07T23:28:17.388-0300] {processor.py:758} INFO - Processing file /home/renato/Documentos/datapipeline/.env/lib/python3.10/site-packages/airflow/example_dags/example_trigger_controller_dag.py for tasks to queue
[2022-11-07T23:28:17.389-0300] {logging_mixin.py:117} INFO - [2022-11-07T23:28:17.389-0300] {dagbag.py:525} INFO - Filling up the DagBag from /home/renato/Documentos/datapipeline/.env/lib/python3.10/site-packages/airflow/example_dags/example_trigger_controller_dag.py
[2022-11-07T23:28:17.404-0300] {processor.py:768} INFO - DAG(s) dict_keys(['example_trigger_controller_dag']) retrieved from /home/renato/Documentos/datapipeline/.env/lib/python3.10/site-packages/airflow/example_dags/example_trigger_controller_dag.py
[2022-11-07T23:28:17.430-0300] {logging_mixin.py:117} INFO - [2022-11-07T23:28:17.430-0300] {dag.py:2573} INFO - Sync 1 DAGs
[2022-11-07T23:28:17.450-0300] {logging_mixin.py:117} INFO - [2022-11-07T23:28:17.450-0300] {dag.py:3324} INFO - Setting next_dagrun for example_trigger_controller_dag to 2021-01-01T00:00:00+00:00, run_after=2021-01-01T00:00:00+00:00
[2022-11-07T23:28:17.481-0300] {processor.py:178} INFO - Processing /home/renato/Documentos/datapipeline/.env/lib/python3.10/site-packages/airflow/example_dags/example_trigger_controller_dag.py took 0.097 seconds
[2022-11-07T23:28:53.914-0300] {processor.py:156} INFO - Started process (PID=965559) to work on /home/renato/Documentos/datapipeline/.env/lib/python3.10/site-packages/airflow/example_dags/example_trigger_controller_dag.py
[2022-11-07T23:28:53.917-0300] {processor.py:758} INFO - Processing file /home/renato/Documentos/datapipeline/.env/lib/python3.10/site-packages/airflow/example_dags/example_trigger_controller_dag.py for tasks to queue
[2022-11-07T23:28:53.917-0300] {logging_mixin.py:117} INFO - [2022-11-07T23:28:53.917-0300] {dagbag.py:525} INFO - Filling up the DagBag from /home/renato/Documentos/datapipeline/.env/lib/python3.10/site-packages/airflow/example_dags/example_trigger_controller_dag.py
[2022-11-07T23:28:53.927-0300] {processor.py:768} INFO - DAG(s) dict_keys(['example_trigger_controller_dag']) retrieved from /home/renato/Documentos/datapipeline/.env/lib/python3.10/site-packages/airflow/example_dags/example_trigger_controller_dag.py
[2022-11-07T23:28:53.948-0300] {logging_mixin.py:117} INFO - [2022-11-07T23:28:53.948-0300] {dag.py:2573} INFO - Sync 1 DAGs
[2022-11-07T23:28:53.969-0300] {logging_mixin.py:117} INFO - [2022-11-07T23:28:53.968-0300] {dag.py:3324} INFO - Setting next_dagrun for example_trigger_controller_dag to 2021-01-01T00:00:00+00:00, run_after=2021-01-01T00:00:00+00:00
[2022-11-07T23:28:54.004-0300] {processor.py:178} INFO - Processing /home/renato/Documentos/datapipeline/.env/lib/python3.10/site-packages/airflow/example_dags/example_trigger_controller_dag.py took 0.093 seconds
[2022-11-07T23:29:28.526-0300] {processor.py:156} INFO - Started process (PID=965628) to work on /home/renato/Documentos/datapipeline/.env/lib/python3.10/site-packages/airflow/example_dags/example_trigger_controller_dag.py
[2022-11-07T23:29:28.528-0300] {processor.py:758} INFO - Processing file /home/renato/Documentos/datapipeline/.env/lib/python3.10/site-packages/airflow/example_dags/example_trigger_controller_dag.py for tasks to queue
[2022-11-07T23:29:28.529-0300] {logging_mixin.py:117} INFO - [2022-11-07T23:29:28.529-0300] {dagbag.py:525} INFO - Filling up the DagBag from /home/renato/Documentos/datapipeline/.env/lib/python3.10/site-packages/airflow/example_dags/example_trigger_controller_dag.py
[2022-11-07T23:29:28.540-0300] {processor.py:768} INFO - DAG(s) dict_keys(['example_trigger_controller_dag']) retrieved from /home/renato/Documentos/datapipeline/.env/lib/python3.10/site-packages/airflow/example_dags/example_trigger_controller_dag.py
[2022-11-07T23:29:28.561-0300] {logging_mixin.py:117} INFO - [2022-11-07T23:29:28.561-0300] {dag.py:2573} INFO - Sync 1 DAGs
[2022-11-07T23:29:28.580-0300] {logging_mixin.py:117} INFO - [2022-11-07T23:29:28.580-0300] {dag.py:3324} INFO - Setting next_dagrun for example_trigger_controller_dag to 2021-01-01T00:00:00+00:00, run_after=2021-01-01T00:00:00+00:00
[2022-11-07T23:29:28.605-0300] {processor.py:178} INFO - Processing /home/renato/Documentos/datapipeline/.env/lib/python3.10/site-packages/airflow/example_dags/example_trigger_controller_dag.py took 0.082 seconds
[2022-11-07T23:30:06.737-0300] {processor.py:156} INFO - Started process (PID=965705) to work on /home/renato/Documentos/datapipeline/.env/lib/python3.10/site-packages/airflow/example_dags/example_trigger_controller_dag.py
[2022-11-07T23:30:06.740-0300] {processor.py:758} INFO - Processing file /home/renato/Documentos/datapipeline/.env/lib/python3.10/site-packages/airflow/example_dags/example_trigger_controller_dag.py for tasks to queue
[2022-11-07T23:30:06.740-0300] {logging_mixin.py:117} INFO - [2022-11-07T23:30:06.740-0300] {dagbag.py:525} INFO - Filling up the DagBag from /home/renato/Documentos/datapipeline/.env/lib/python3.10/site-packages/airflow/example_dags/example_trigger_controller_dag.py
[2022-11-07T23:30:06.768-0300] {processor.py:768} INFO - DAG(s) dict_keys(['example_trigger_controller_dag']) retrieved from /home/renato/Documentos/datapipeline/.env/lib/python3.10/site-packages/airflow/example_dags/example_trigger_controller_dag.py
[2022-11-07T23:30:06.799-0300] {logging_mixin.py:117} INFO - [2022-11-07T23:30:06.799-0300] {dag.py:2573} INFO - Sync 1 DAGs
[2022-11-07T23:30:06.822-0300] {logging_mixin.py:117} INFO - [2022-11-07T23:30:06.821-0300] {dag.py:3324} INFO - Setting next_dagrun for example_trigger_controller_dag to 2021-01-01T00:00:00+00:00, run_after=2021-01-01T00:00:00+00:00
[2022-11-07T23:30:06.875-0300] {processor.py:178} INFO - Processing /home/renato/Documentos/datapipeline/.env/lib/python3.10/site-packages/airflow/example_dags/example_trigger_controller_dag.py took 0.141 seconds
[2022-11-07T23:30:44.110-0300] {processor.py:156} INFO - Started process (PID=965779) to work on /home/renato/Documentos/datapipeline/.env/lib/python3.10/site-packages/airflow/example_dags/example_trigger_controller_dag.py
[2022-11-07T23:30:44.113-0300] {processor.py:758} INFO - Processing file /home/renato/Documentos/datapipeline/.env/lib/python3.10/site-packages/airflow/example_dags/example_trigger_controller_dag.py for tasks to queue
[2022-11-07T23:30:44.114-0300] {logging_mixin.py:117} INFO - [2022-11-07T23:30:44.114-0300] {dagbag.py:525} INFO - Filling up the DagBag from /home/renato/Documentos/datapipeline/.env/lib/python3.10/site-packages/airflow/example_dags/example_trigger_controller_dag.py
[2022-11-07T23:30:44.128-0300] {processor.py:768} INFO - DAG(s) dict_keys(['example_trigger_controller_dag']) retrieved from /home/renato/Documentos/datapipeline/.env/lib/python3.10/site-packages/airflow/example_dags/example_trigger_controller_dag.py
[2022-11-07T23:30:44.151-0300] {logging_mixin.py:117} INFO - [2022-11-07T23:30:44.151-0300] {dag.py:2573} INFO - Sync 1 DAGs
[2022-11-07T23:30:44.168-0300] {logging_mixin.py:117} INFO - [2022-11-07T23:30:44.167-0300] {dag.py:3324} INFO - Setting next_dagrun for example_trigger_controller_dag to 2021-01-01T00:00:00+00:00, run_after=2021-01-01T00:00:00+00:00
[2022-11-07T23:30:44.194-0300] {processor.py:178} INFO - Processing /home/renato/Documentos/datapipeline/.env/lib/python3.10/site-packages/airflow/example_dags/example_trigger_controller_dag.py took 0.087 seconds
[2022-11-07T23:31:22.793-0300] {processor.py:156} INFO - Started process (PID=965855) to work on /home/renato/Documentos/datapipeline/.env/lib/python3.10/site-packages/airflow/example_dags/example_trigger_controller_dag.py
[2022-11-07T23:31:22.796-0300] {processor.py:758} INFO - Processing file /home/renato/Documentos/datapipeline/.env/lib/python3.10/site-packages/airflow/example_dags/example_trigger_controller_dag.py for tasks to queue
[2022-11-07T23:31:22.797-0300] {logging_mixin.py:117} INFO - [2022-11-07T23:31:22.797-0300] {dagbag.py:525} INFO - Filling up the DagBag from /home/renato/Documentos/datapipeline/.env/lib/python3.10/site-packages/airflow/example_dags/example_trigger_controller_dag.py
[2022-11-07T23:31:22.816-0300] {processor.py:768} INFO - DAG(s) dict_keys(['example_trigger_controller_dag']) retrieved from /home/renato/Documentos/datapipeline/.env/lib/python3.10/site-packages/airflow/example_dags/example_trigger_controller_dag.py
[2022-11-07T23:31:22.837-0300] {logging_mixin.py:117} INFO - [2022-11-07T23:31:22.837-0300] {dag.py:2573} INFO - Sync 1 DAGs
[2022-11-07T23:31:22.854-0300] {logging_mixin.py:117} INFO - [2022-11-07T23:31:22.854-0300] {dag.py:3324} INFO - Setting next_dagrun for example_trigger_controller_dag to 2021-01-01T00:00:00+00:00, run_after=2021-01-01T00:00:00+00:00
[2022-11-07T23:31:22.877-0300] {processor.py:178} INFO - Processing /home/renato/Documentos/datapipeline/.env/lib/python3.10/site-packages/airflow/example_dags/example_trigger_controller_dag.py took 0.089 seconds
[2022-11-07T23:31:56.322-0300] {processor.py:156} INFO - Started process (PID=965919) to work on /home/renato/Documentos/datapipeline/.env/lib/python3.10/site-packages/airflow/example_dags/example_trigger_controller_dag.py
[2022-11-07T23:31:56.327-0300] {processor.py:758} INFO - Processing file /home/renato/Documentos/datapipeline/.env/lib/python3.10/site-packages/airflow/example_dags/example_trigger_controller_dag.py for tasks to queue
[2022-11-07T23:31:56.328-0300] {logging_mixin.py:117} INFO - [2022-11-07T23:31:56.327-0300] {dagbag.py:525} INFO - Filling up the DagBag from /home/renato/Documentos/datapipeline/.env/lib/python3.10/site-packages/airflow/example_dags/example_trigger_controller_dag.py
[2022-11-07T23:31:56.346-0300] {processor.py:768} INFO - DAG(s) dict_keys(['example_trigger_controller_dag']) retrieved from /home/renato/Documentos/datapipeline/.env/lib/python3.10/site-packages/airflow/example_dags/example_trigger_controller_dag.py
[2022-11-07T23:31:56.375-0300] {logging_mixin.py:117} INFO - [2022-11-07T23:31:56.374-0300] {dag.py:2573} INFO - Sync 1 DAGs
[2022-11-07T23:31:56.395-0300] {logging_mixin.py:117} INFO - [2022-11-07T23:31:56.395-0300] {dag.py:3324} INFO - Setting next_dagrun for example_trigger_controller_dag to 2021-01-01T00:00:00+00:00, run_after=2021-01-01T00:00:00+00:00
[2022-11-07T23:31:56.421-0300] {processor.py:178} INFO - Processing /home/renato/Documentos/datapipeline/.env/lib/python3.10/site-packages/airflow/example_dags/example_trigger_controller_dag.py took 0.109 seconds
[2022-11-07T23:32:34.493-0300] {processor.py:156} INFO - Started process (PID=966128) to work on /home/renato/Documentos/datapipeline/.env/lib/python3.10/site-packages/airflow/example_dags/example_trigger_controller_dag.py
[2022-11-07T23:32:34.497-0300] {processor.py:758} INFO - Processing file /home/renato/Documentos/datapipeline/.env/lib/python3.10/site-packages/airflow/example_dags/example_trigger_controller_dag.py for tasks to queue
[2022-11-07T23:32:34.498-0300] {logging_mixin.py:117} INFO - [2022-11-07T23:32:34.497-0300] {dagbag.py:525} INFO - Filling up the DagBag from /home/renato/Documentos/datapipeline/.env/lib/python3.10/site-packages/airflow/example_dags/example_trigger_controller_dag.py
[2022-11-07T23:32:34.517-0300] {processor.py:768} INFO - DAG(s) dict_keys(['example_trigger_controller_dag']) retrieved from /home/renato/Documentos/datapipeline/.env/lib/python3.10/site-packages/airflow/example_dags/example_trigger_controller_dag.py
[2022-11-07T23:32:34.537-0300] {logging_mixin.py:117} INFO - [2022-11-07T23:32:34.537-0300] {dag.py:2573} INFO - Sync 1 DAGs
[2022-11-07T23:32:34.553-0300] {logging_mixin.py:117} INFO - [2022-11-07T23:32:34.553-0300] {dag.py:3324} INFO - Setting next_dagrun for example_trigger_controller_dag to 2021-01-01T00:00:00+00:00, run_after=2021-01-01T00:00:00+00:00
[2022-11-07T23:32:34.577-0300] {processor.py:178} INFO - Processing /home/renato/Documentos/datapipeline/.env/lib/python3.10/site-packages/airflow/example_dags/example_trigger_controller_dag.py took 0.088 seconds
[2022-11-07T23:33:12.717-0300] {processor.py:156} INFO - Started process (PID=966202) to work on /home/renato/Documentos/datapipeline/.env/lib/python3.10/site-packages/airflow/example_dags/example_trigger_controller_dag.py
[2022-11-07T23:33:12.720-0300] {processor.py:758} INFO - Processing file /home/renato/Documentos/datapipeline/.env/lib/python3.10/site-packages/airflow/example_dags/example_trigger_controller_dag.py for tasks to queue
[2022-11-07T23:33:12.721-0300] {logging_mixin.py:117} INFO - [2022-11-07T23:33:12.720-0300] {dagbag.py:525} INFO - Filling up the DagBag from /home/renato/Documentos/datapipeline/.env/lib/python3.10/site-packages/airflow/example_dags/example_trigger_controller_dag.py
[2022-11-07T23:33:12.739-0300] {processor.py:768} INFO - DAG(s) dict_keys(['example_trigger_controller_dag']) retrieved from /home/renato/Documentos/datapipeline/.env/lib/python3.10/site-packages/airflow/example_dags/example_trigger_controller_dag.py
[2022-11-07T23:33:12.760-0300] {logging_mixin.py:117} INFO - [2022-11-07T23:33:12.760-0300] {dag.py:2573} INFO - Sync 1 DAGs
[2022-11-07T23:33:12.778-0300] {logging_mixin.py:117} INFO - [2022-11-07T23:33:12.777-0300] {dag.py:3324} INFO - Setting next_dagrun for example_trigger_controller_dag to 2021-01-01T00:00:00+00:00, run_after=2021-01-01T00:00:00+00:00
[2022-11-07T23:33:12.801-0300] {processor.py:178} INFO - Processing /home/renato/Documentos/datapipeline/.env/lib/python3.10/site-packages/airflow/example_dags/example_trigger_controller_dag.py took 0.090 seconds
[2022-11-07T23:33:52.792-0300] {processor.py:156} INFO - Started process (PID=966281) to work on /home/renato/Documentos/datapipeline/.env/lib/python3.10/site-packages/airflow/example_dags/example_trigger_controller_dag.py
[2022-11-07T23:33:52.794-0300] {processor.py:758} INFO - Processing file /home/renato/Documentos/datapipeline/.env/lib/python3.10/site-packages/airflow/example_dags/example_trigger_controller_dag.py for tasks to queue
[2022-11-07T23:33:52.794-0300] {logging_mixin.py:117} INFO - [2022-11-07T23:33:52.794-0300] {dagbag.py:525} INFO - Filling up the DagBag from /home/renato/Documentos/datapipeline/.env/lib/python3.10/site-packages/airflow/example_dags/example_trigger_controller_dag.py
[2022-11-07T23:33:52.808-0300] {processor.py:768} INFO - DAG(s) dict_keys(['example_trigger_controller_dag']) retrieved from /home/renato/Documentos/datapipeline/.env/lib/python3.10/site-packages/airflow/example_dags/example_trigger_controller_dag.py
[2022-11-07T23:33:52.832-0300] {logging_mixin.py:117} INFO - [2022-11-07T23:33:52.832-0300] {dag.py:2573} INFO - Sync 1 DAGs
[2022-11-07T23:33:52.859-0300] {logging_mixin.py:117} INFO - [2022-11-07T23:33:52.859-0300] {dag.py:3324} INFO - Setting next_dagrun for example_trigger_controller_dag to 2021-01-01T00:00:00+00:00, run_after=2021-01-01T00:00:00+00:00
[2022-11-07T23:33:52.884-0300] {processor.py:178} INFO - Processing /home/renato/Documentos/datapipeline/.env/lib/python3.10/site-packages/airflow/example_dags/example_trigger_controller_dag.py took 0.095 seconds
[2022-11-07T23:34:29.708-0300] {processor.py:156} INFO - Started process (PID=966357) to work on /home/renato/Documentos/datapipeline/.env/lib/python3.10/site-packages/airflow/example_dags/example_trigger_controller_dag.py
[2022-11-07T23:34:29.710-0300] {processor.py:758} INFO - Processing file /home/renato/Documentos/datapipeline/.env/lib/python3.10/site-packages/airflow/example_dags/example_trigger_controller_dag.py for tasks to queue
[2022-11-07T23:34:29.710-0300] {logging_mixin.py:117} INFO - [2022-11-07T23:34:29.710-0300] {dagbag.py:525} INFO - Filling up the DagBag from /home/renato/Documentos/datapipeline/.env/lib/python3.10/site-packages/airflow/example_dags/example_trigger_controller_dag.py
[2022-11-07T23:34:29.722-0300] {processor.py:768} INFO - DAG(s) dict_keys(['example_trigger_controller_dag']) retrieved from /home/renato/Documentos/datapipeline/.env/lib/python3.10/site-packages/airflow/example_dags/example_trigger_controller_dag.py
[2022-11-07T23:34:29.744-0300] {logging_mixin.py:117} INFO - [2022-11-07T23:34:29.743-0300] {dag.py:2573} INFO - Sync 1 DAGs
[2022-11-07T23:34:29.759-0300] {logging_mixin.py:117} INFO - [2022-11-07T23:34:29.759-0300] {dag.py:3324} INFO - Setting next_dagrun for example_trigger_controller_dag to 2021-01-01T00:00:00+00:00, run_after=2021-01-01T00:00:00+00:00
[2022-11-07T23:34:29.783-0300] {processor.py:178} INFO - Processing /home/renato/Documentos/datapipeline/.env/lib/python3.10/site-packages/airflow/example_dags/example_trigger_controller_dag.py took 0.078 seconds
[2022-11-07T23:35:02.292-0300] {processor.py:156} INFO - Started process (PID=966421) to work on /home/renato/Documentos/datapipeline/.env/lib/python3.10/site-packages/airflow/example_dags/example_trigger_controller_dag.py
[2022-11-07T23:35:02.294-0300] {processor.py:758} INFO - Processing file /home/renato/Documentos/datapipeline/.env/lib/python3.10/site-packages/airflow/example_dags/example_trigger_controller_dag.py for tasks to queue
[2022-11-07T23:35:02.295-0300] {logging_mixin.py:117} INFO - [2022-11-07T23:35:02.295-0300] {dagbag.py:525} INFO - Filling up the DagBag from /home/renato/Documentos/datapipeline/.env/lib/python3.10/site-packages/airflow/example_dags/example_trigger_controller_dag.py
[2022-11-07T23:35:02.316-0300] {processor.py:768} INFO - DAG(s) dict_keys(['example_trigger_controller_dag']) retrieved from /home/renato/Documentos/datapipeline/.env/lib/python3.10/site-packages/airflow/example_dags/example_trigger_controller_dag.py
[2022-11-07T23:35:02.341-0300] {logging_mixin.py:117} INFO - [2022-11-07T23:35:02.340-0300] {dag.py:2573} INFO - Sync 1 DAGs
[2022-11-07T23:35:02.359-0300] {logging_mixin.py:117} INFO - [2022-11-07T23:35:02.358-0300] {dag.py:3324} INFO - Setting next_dagrun for example_trigger_controller_dag to 2021-01-01T00:00:00+00:00, run_after=2021-01-01T00:00:00+00:00
[2022-11-07T23:35:02.381-0300] {processor.py:178} INFO - Processing /home/renato/Documentos/datapipeline/.env/lib/python3.10/site-packages/airflow/example_dags/example_trigger_controller_dag.py took 0.096 seconds
[2022-11-07T23:35:40.329-0300] {processor.py:156} INFO - Started process (PID=966498) to work on /home/renato/Documentos/datapipeline/.env/lib/python3.10/site-packages/airflow/example_dags/example_trigger_controller_dag.py
[2022-11-07T23:35:40.336-0300] {processor.py:758} INFO - Processing file /home/renato/Documentos/datapipeline/.env/lib/python3.10/site-packages/airflow/example_dags/example_trigger_controller_dag.py for tasks to queue
[2022-11-07T23:35:40.337-0300] {logging_mixin.py:117} INFO - [2022-11-07T23:35:40.337-0300] {dagbag.py:525} INFO - Filling up the DagBag from /home/renato/Documentos/datapipeline/.env/lib/python3.10/site-packages/airflow/example_dags/example_trigger_controller_dag.py
[2022-11-07T23:35:40.350-0300] {processor.py:768} INFO - DAG(s) dict_keys(['example_trigger_controller_dag']) retrieved from /home/renato/Documentos/datapipeline/.env/lib/python3.10/site-packages/airflow/example_dags/example_trigger_controller_dag.py
[2022-11-07T23:35:40.374-0300] {logging_mixin.py:117} INFO - [2022-11-07T23:35:40.374-0300] {dag.py:2573} INFO - Sync 1 DAGs
[2022-11-07T23:35:40.391-0300] {logging_mixin.py:117} INFO - [2022-11-07T23:35:40.391-0300] {dag.py:3324} INFO - Setting next_dagrun for example_trigger_controller_dag to 2021-01-01T00:00:00+00:00, run_after=2021-01-01T00:00:00+00:00
[2022-11-07T23:35:40.413-0300] {processor.py:178} INFO - Processing /home/renato/Documentos/datapipeline/.env/lib/python3.10/site-packages/airflow/example_dags/example_trigger_controller_dag.py took 0.088 seconds
[2022-11-07T23:36:18.796-0300] {processor.py:156} INFO - Started process (PID=966574) to work on /home/renato/Documentos/datapipeline/.env/lib/python3.10/site-packages/airflow/example_dags/example_trigger_controller_dag.py
[2022-11-07T23:36:18.800-0300] {processor.py:758} INFO - Processing file /home/renato/Documentos/datapipeline/.env/lib/python3.10/site-packages/airflow/example_dags/example_trigger_controller_dag.py for tasks to queue
[2022-11-07T23:36:18.801-0300] {logging_mixin.py:117} INFO - [2022-11-07T23:36:18.801-0300] {dagbag.py:525} INFO - Filling up the DagBag from /home/renato/Documentos/datapipeline/.env/lib/python3.10/site-packages/airflow/example_dags/example_trigger_controller_dag.py
[2022-11-07T23:36:18.825-0300] {processor.py:768} INFO - DAG(s) dict_keys(['example_trigger_controller_dag']) retrieved from /home/renato/Documentos/datapipeline/.env/lib/python3.10/site-packages/airflow/example_dags/example_trigger_controller_dag.py
[2022-11-07T23:36:18.849-0300] {logging_mixin.py:117} INFO - [2022-11-07T23:36:18.848-0300] {dag.py:2573} INFO - Sync 1 DAGs
[2022-11-07T23:36:18.868-0300] {logging_mixin.py:117} INFO - [2022-11-07T23:36:18.868-0300] {dag.py:3324} INFO - Setting next_dagrun for example_trigger_controller_dag to 2021-01-01T00:00:00+00:00, run_after=2021-01-01T00:00:00+00:00
[2022-11-07T23:36:18.891-0300] {processor.py:178} INFO - Processing /home/renato/Documentos/datapipeline/.env/lib/python3.10/site-packages/airflow/example_dags/example_trigger_controller_dag.py took 0.106 seconds
[2022-11-07T23:36:57.290-0300] {processor.py:156} INFO - Started process (PID=966650) to work on /home/renato/Documentos/datapipeline/.env/lib/python3.10/site-packages/airflow/example_dags/example_trigger_controller_dag.py
[2022-11-07T23:36:57.292-0300] {processor.py:758} INFO - Processing file /home/renato/Documentos/datapipeline/.env/lib/python3.10/site-packages/airflow/example_dags/example_trigger_controller_dag.py for tasks to queue
[2022-11-07T23:36:57.292-0300] {logging_mixin.py:117} INFO - [2022-11-07T23:36:57.292-0300] {dagbag.py:525} INFO - Filling up the DagBag from /home/renato/Documentos/datapipeline/.env/lib/python3.10/site-packages/airflow/example_dags/example_trigger_controller_dag.py
[2022-11-07T23:36:57.305-0300] {processor.py:768} INFO - DAG(s) dict_keys(['example_trigger_controller_dag']) retrieved from /home/renato/Documentos/datapipeline/.env/lib/python3.10/site-packages/airflow/example_dags/example_trigger_controller_dag.py
[2022-11-07T23:36:57.327-0300] {logging_mixin.py:117} INFO - [2022-11-07T23:36:57.327-0300] {dag.py:2573} INFO - Sync 1 DAGs
[2022-11-07T23:36:57.344-0300] {logging_mixin.py:117} INFO - [2022-11-07T23:36:57.344-0300] {dag.py:3324} INFO - Setting next_dagrun for example_trigger_controller_dag to 2021-01-01T00:00:00+00:00, run_after=2021-01-01T00:00:00+00:00
[2022-11-07T23:36:57.369-0300] {processor.py:178} INFO - Processing /home/renato/Documentos/datapipeline/.env/lib/python3.10/site-packages/airflow/example_dags/example_trigger_controller_dag.py took 0.083 seconds
[2022-11-07T23:37:33.411-0300] {processor.py:156} INFO - Started process (PID=966852) to work on /home/renato/Documentos/datapipeline/.env/lib/python3.10/site-packages/airflow/example_dags/example_trigger_controller_dag.py
[2022-11-07T23:37:33.413-0300] {processor.py:758} INFO - Processing file /home/renato/Documentos/datapipeline/.env/lib/python3.10/site-packages/airflow/example_dags/example_trigger_controller_dag.py for tasks to queue
[2022-11-07T23:37:33.415-0300] {logging_mixin.py:117} INFO - [2022-11-07T23:37:33.415-0300] {dagbag.py:525} INFO - Filling up the DagBag from /home/renato/Documentos/datapipeline/.env/lib/python3.10/site-packages/airflow/example_dags/example_trigger_controller_dag.py
[2022-11-07T23:37:33.439-0300] {processor.py:768} INFO - DAG(s) dict_keys(['example_trigger_controller_dag']) retrieved from /home/renato/Documentos/datapipeline/.env/lib/python3.10/site-packages/airflow/example_dags/example_trigger_controller_dag.py
[2022-11-07T23:37:33.473-0300] {logging_mixin.py:117} INFO - [2022-11-07T23:37:33.473-0300] {dag.py:2573} INFO - Sync 1 DAGs
[2022-11-07T23:37:33.491-0300] {logging_mixin.py:117} INFO - [2022-11-07T23:37:33.491-0300] {dag.py:3324} INFO - Setting next_dagrun for example_trigger_controller_dag to 2021-01-01T00:00:00+00:00, run_after=2021-01-01T00:00:00+00:00
[2022-11-07T23:37:33.515-0300] {processor.py:178} INFO - Processing /home/renato/Documentos/datapipeline/.env/lib/python3.10/site-packages/airflow/example_dags/example_trigger_controller_dag.py took 0.109 seconds
[2022-11-07T23:38:08.660-0300] {processor.py:156} INFO - Started process (PID=966922) to work on /home/renato/Documentos/datapipeline/.env/lib/python3.10/site-packages/airflow/example_dags/example_trigger_controller_dag.py
[2022-11-07T23:38:08.662-0300] {processor.py:758} INFO - Processing file /home/renato/Documentos/datapipeline/.env/lib/python3.10/site-packages/airflow/example_dags/example_trigger_controller_dag.py for tasks to queue
[2022-11-07T23:38:08.663-0300] {logging_mixin.py:117} INFO - [2022-11-07T23:38:08.663-0300] {dagbag.py:525} INFO - Filling up the DagBag from /home/renato/Documentos/datapipeline/.env/lib/python3.10/site-packages/airflow/example_dags/example_trigger_controller_dag.py
[2022-11-07T23:38:08.683-0300] {processor.py:768} INFO - DAG(s) dict_keys(['example_trigger_controller_dag']) retrieved from /home/renato/Documentos/datapipeline/.env/lib/python3.10/site-packages/airflow/example_dags/example_trigger_controller_dag.py
[2022-11-07T23:38:08.703-0300] {logging_mixin.py:117} INFO - [2022-11-07T23:38:08.703-0300] {dag.py:2573} INFO - Sync 1 DAGs
[2022-11-07T23:38:08.722-0300] {logging_mixin.py:117} INFO - [2022-11-07T23:38:08.722-0300] {dag.py:3324} INFO - Setting next_dagrun for example_trigger_controller_dag to 2021-01-01T00:00:00+00:00, run_after=2021-01-01T00:00:00+00:00
[2022-11-07T23:38:08.745-0300] {processor.py:178} INFO - Processing /home/renato/Documentos/datapipeline/.env/lib/python3.10/site-packages/airflow/example_dags/example_trigger_controller_dag.py took 0.090 seconds
[2022-11-07T23:38:50.085-0300] {processor.py:156} INFO - Started process (PID=967001) to work on /home/renato/Documentos/datapipeline/.env/lib/python3.10/site-packages/airflow/example_dags/example_trigger_controller_dag.py
[2022-11-07T23:38:50.087-0300] {processor.py:758} INFO - Processing file /home/renato/Documentos/datapipeline/.env/lib/python3.10/site-packages/airflow/example_dags/example_trigger_controller_dag.py for tasks to queue
[2022-11-07T23:38:50.088-0300] {logging_mixin.py:117} INFO - [2022-11-07T23:38:50.088-0300] {dagbag.py:525} INFO - Filling up the DagBag from /home/renato/Documentos/datapipeline/.env/lib/python3.10/site-packages/airflow/example_dags/example_trigger_controller_dag.py
[2022-11-07T23:38:50.106-0300] {processor.py:768} INFO - DAG(s) dict_keys(['example_trigger_controller_dag']) retrieved from /home/renato/Documentos/datapipeline/.env/lib/python3.10/site-packages/airflow/example_dags/example_trigger_controller_dag.py
[2022-11-07T23:38:50.129-0300] {logging_mixin.py:117} INFO - [2022-11-07T23:38:50.129-0300] {dag.py:2573} INFO - Sync 1 DAGs
[2022-11-07T23:38:50.146-0300] {logging_mixin.py:117} INFO - [2022-11-07T23:38:50.146-0300] {dag.py:3324} INFO - Setting next_dagrun for example_trigger_controller_dag to 2021-01-01T00:00:00+00:00, run_after=2021-01-01T00:00:00+00:00
[2022-11-07T23:38:50.168-0300] {processor.py:178} INFO - Processing /home/renato/Documentos/datapipeline/.env/lib/python3.10/site-packages/airflow/example_dags/example_trigger_controller_dag.py took 0.086 seconds
[2022-11-07T23:39:33.411-0300] {processor.py:156} INFO - Started process (PID=967103) to work on /home/renato/Documentos/datapipeline/.env/lib/python3.10/site-packages/airflow/example_dags/example_trigger_controller_dag.py
[2022-11-07T23:39:33.414-0300] {processor.py:758} INFO - Processing file /home/renato/Documentos/datapipeline/.env/lib/python3.10/site-packages/airflow/example_dags/example_trigger_controller_dag.py for tasks to queue
[2022-11-07T23:39:33.415-0300] {logging_mixin.py:117} INFO - [2022-11-07T23:39:33.415-0300] {dagbag.py:525} INFO - Filling up the DagBag from /home/renato/Documentos/datapipeline/.env/lib/python3.10/site-packages/airflow/example_dags/example_trigger_controller_dag.py
[2022-11-07T23:39:33.437-0300] {processor.py:768} INFO - DAG(s) dict_keys(['example_trigger_controller_dag']) retrieved from /home/renato/Documentos/datapipeline/.env/lib/python3.10/site-packages/airflow/example_dags/example_trigger_controller_dag.py
[2022-11-07T23:39:33.457-0300] {logging_mixin.py:117} INFO - [2022-11-07T23:39:33.457-0300] {dag.py:2573} INFO - Sync 1 DAGs
[2022-11-07T23:39:33.473-0300] {logging_mixin.py:117} INFO - [2022-11-07T23:39:33.472-0300] {dag.py:3324} INFO - Setting next_dagrun for example_trigger_controller_dag to 2021-01-01T00:00:00+00:00, run_after=2021-01-01T00:00:00+00:00
[2022-11-07T23:39:33.495-0300] {processor.py:178} INFO - Processing /home/renato/Documentos/datapipeline/.env/lib/python3.10/site-packages/airflow/example_dags/example_trigger_controller_dag.py took 0.089 seconds
[2022-11-07T23:40:14.885-0300] {processor.py:156} INFO - Started process (PID=967188) to work on /home/renato/Documentos/datapipeline/.env/lib/python3.10/site-packages/airflow/example_dags/example_trigger_controller_dag.py
[2022-11-07T23:40:14.889-0300] {processor.py:758} INFO - Processing file /home/renato/Documentos/datapipeline/.env/lib/python3.10/site-packages/airflow/example_dags/example_trigger_controller_dag.py for tasks to queue
[2022-11-07T23:40:14.890-0300] {logging_mixin.py:117} INFO - [2022-11-07T23:40:14.890-0300] {dagbag.py:525} INFO - Filling up the DagBag from /home/renato/Documentos/datapipeline/.env/lib/python3.10/site-packages/airflow/example_dags/example_trigger_controller_dag.py
[2022-11-07T23:40:14.917-0300] {processor.py:768} INFO - DAG(s) dict_keys(['example_trigger_controller_dag']) retrieved from /home/renato/Documentos/datapipeline/.env/lib/python3.10/site-packages/airflow/example_dags/example_trigger_controller_dag.py
[2022-11-07T23:40:14.945-0300] {logging_mixin.py:117} INFO - [2022-11-07T23:40:14.944-0300] {dag.py:2573} INFO - Sync 1 DAGs
[2022-11-07T23:40:14.962-0300] {logging_mixin.py:117} INFO - [2022-11-07T23:40:14.962-0300] {dag.py:3324} INFO - Setting next_dagrun for example_trigger_controller_dag to 2021-01-01T00:00:00+00:00, run_after=2021-01-01T00:00:00+00:00
[2022-11-07T23:40:14.989-0300] {processor.py:178} INFO - Processing /home/renato/Documentos/datapipeline/.env/lib/python3.10/site-packages/airflow/example_dags/example_trigger_controller_dag.py took 0.116 seconds
[2022-11-07T23:40:53.663-0300] {processor.py:156} INFO - Started process (PID=967262) to work on /home/renato/Documentos/datapipeline/.env/lib/python3.10/site-packages/airflow/example_dags/example_trigger_controller_dag.py
[2022-11-07T23:40:53.666-0300] {processor.py:758} INFO - Processing file /home/renato/Documentos/datapipeline/.env/lib/python3.10/site-packages/airflow/example_dags/example_trigger_controller_dag.py for tasks to queue
[2022-11-07T23:40:53.668-0300] {logging_mixin.py:117} INFO - [2022-11-07T23:40:53.667-0300] {dagbag.py:525} INFO - Filling up the DagBag from /home/renato/Documentos/datapipeline/.env/lib/python3.10/site-packages/airflow/example_dags/example_trigger_controller_dag.py
[2022-11-07T23:40:53.685-0300] {processor.py:768} INFO - DAG(s) dict_keys(['example_trigger_controller_dag']) retrieved from /home/renato/Documentos/datapipeline/.env/lib/python3.10/site-packages/airflow/example_dags/example_trigger_controller_dag.py
[2022-11-07T23:40:53.706-0300] {logging_mixin.py:117} INFO - [2022-11-07T23:40:53.706-0300] {dag.py:2573} INFO - Sync 1 DAGs
[2022-11-07T23:40:53.723-0300] {logging_mixin.py:117} INFO - [2022-11-07T23:40:53.723-0300] {dag.py:3324} INFO - Setting next_dagrun for example_trigger_controller_dag to 2021-01-01T00:00:00+00:00, run_after=2021-01-01T00:00:00+00:00
[2022-11-07T23:40:53.745-0300] {processor.py:178} INFO - Processing /home/renato/Documentos/datapipeline/.env/lib/python3.10/site-packages/airflow/example_dags/example_trigger_controller_dag.py took 0.087 seconds
[2022-11-07T23:41:26.908-0300] {processor.py:156} INFO - Started process (PID=967326) to work on /home/renato/Documentos/datapipeline/.env/lib/python3.10/site-packages/airflow/example_dags/example_trigger_controller_dag.py
[2022-11-07T23:41:26.910-0300] {processor.py:758} INFO - Processing file /home/renato/Documentos/datapipeline/.env/lib/python3.10/site-packages/airflow/example_dags/example_trigger_controller_dag.py for tasks to queue
[2022-11-07T23:41:26.911-0300] {logging_mixin.py:117} INFO - [2022-11-07T23:41:26.911-0300] {dagbag.py:525} INFO - Filling up the DagBag from /home/renato/Documentos/datapipeline/.env/lib/python3.10/site-packages/airflow/example_dags/example_trigger_controller_dag.py
[2022-11-07T23:41:26.926-0300] {processor.py:768} INFO - DAG(s) dict_keys(['example_trigger_controller_dag']) retrieved from /home/renato/Documentos/datapipeline/.env/lib/python3.10/site-packages/airflow/example_dags/example_trigger_controller_dag.py
[2022-11-07T23:41:26.946-0300] {logging_mixin.py:117} INFO - [2022-11-07T23:41:26.946-0300] {dag.py:2573} INFO - Sync 1 DAGs
[2022-11-07T23:41:26.963-0300] {logging_mixin.py:117} INFO - [2022-11-07T23:41:26.962-0300] {dag.py:3324} INFO - Setting next_dagrun for example_trigger_controller_dag to 2021-01-01T00:00:00+00:00, run_after=2021-01-01T00:00:00+00:00
[2022-11-07T23:41:26.983-0300] {processor.py:178} INFO - Processing /home/renato/Documentos/datapipeline/.env/lib/python3.10/site-packages/airflow/example_dags/example_trigger_controller_dag.py took 0.081 seconds
[2022-11-07T23:42:07.511-0300] {processor.py:156} INFO - Started process (PID=967411) to work on /home/renato/Documentos/datapipeline/.env/lib/python3.10/site-packages/airflow/example_dags/example_trigger_controller_dag.py
[2022-11-07T23:42:07.513-0300] {processor.py:758} INFO - Processing file /home/renato/Documentos/datapipeline/.env/lib/python3.10/site-packages/airflow/example_dags/example_trigger_controller_dag.py for tasks to queue
[2022-11-07T23:42:07.514-0300] {logging_mixin.py:117} INFO - [2022-11-07T23:42:07.514-0300] {dagbag.py:525} INFO - Filling up the DagBag from /home/renato/Documentos/datapipeline/.env/lib/python3.10/site-packages/airflow/example_dags/example_trigger_controller_dag.py
[2022-11-07T23:42:07.535-0300] {processor.py:768} INFO - DAG(s) dict_keys(['example_trigger_controller_dag']) retrieved from /home/renato/Documentos/datapipeline/.env/lib/python3.10/site-packages/airflow/example_dags/example_trigger_controller_dag.py
[2022-11-07T23:42:07.558-0300] {logging_mixin.py:117} INFO - [2022-11-07T23:42:07.558-0300] {dag.py:2573} INFO - Sync 1 DAGs
[2022-11-07T23:42:07.577-0300] {logging_mixin.py:117} INFO - [2022-11-07T23:42:07.577-0300] {dag.py:3324} INFO - Setting next_dagrun for example_trigger_controller_dag to 2021-01-01T00:00:00+00:00, run_after=2021-01-01T00:00:00+00:00
[2022-11-07T23:42:07.599-0300] {processor.py:178} INFO - Processing /home/renato/Documentos/datapipeline/.env/lib/python3.10/site-packages/airflow/example_dags/example_trigger_controller_dag.py took 0.100 seconds
[2022-11-07T23:42:41.179-0300] {processor.py:156} INFO - Started process (PID=967606) to work on /home/renato/Documentos/datapipeline/.env/lib/python3.10/site-packages/airflow/example_dags/example_trigger_controller_dag.py
[2022-11-07T23:42:41.181-0300] {processor.py:758} INFO - Processing file /home/renato/Documentos/datapipeline/.env/lib/python3.10/site-packages/airflow/example_dags/example_trigger_controller_dag.py for tasks to queue
[2022-11-07T23:42:41.182-0300] {logging_mixin.py:117} INFO - [2022-11-07T23:42:41.182-0300] {dagbag.py:525} INFO - Filling up the DagBag from /home/renato/Documentos/datapipeline/.env/lib/python3.10/site-packages/airflow/example_dags/example_trigger_controller_dag.py
[2022-11-07T23:42:41.193-0300] {processor.py:768} INFO - DAG(s) dict_keys(['example_trigger_controller_dag']) retrieved from /home/renato/Documentos/datapipeline/.env/lib/python3.10/site-packages/airflow/example_dags/example_trigger_controller_dag.py
[2022-11-07T23:42:41.215-0300] {logging_mixin.py:117} INFO - [2022-11-07T23:42:41.215-0300] {dag.py:2573} INFO - Sync 1 DAGs
[2022-11-07T23:42:41.232-0300] {logging_mixin.py:117} INFO - [2022-11-07T23:42:41.232-0300] {dag.py:3324} INFO - Setting next_dagrun for example_trigger_controller_dag to 2021-01-01T00:00:00+00:00, run_after=2021-01-01T00:00:00+00:00
[2022-11-07T23:42:41.255-0300] {processor.py:178} INFO - Processing /home/renato/Documentos/datapipeline/.env/lib/python3.10/site-packages/airflow/example_dags/example_trigger_controller_dag.py took 0.078 seconds
[2022-11-07T23:43:17.411-0300] {processor.py:156} INFO - Started process (PID=967677) to work on /home/renato/Documentos/datapipeline/.env/lib/python3.10/site-packages/airflow/example_dags/example_trigger_controller_dag.py
[2022-11-07T23:43:17.416-0300] {processor.py:758} INFO - Processing file /home/renato/Documentos/datapipeline/.env/lib/python3.10/site-packages/airflow/example_dags/example_trigger_controller_dag.py for tasks to queue
[2022-11-07T23:43:17.417-0300] {logging_mixin.py:117} INFO - [2022-11-07T23:43:17.417-0300] {dagbag.py:525} INFO - Filling up the DagBag from /home/renato/Documentos/datapipeline/.env/lib/python3.10/site-packages/airflow/example_dags/example_trigger_controller_dag.py
[2022-11-07T23:43:17.439-0300] {processor.py:768} INFO - DAG(s) dict_keys(['example_trigger_controller_dag']) retrieved from /home/renato/Documentos/datapipeline/.env/lib/python3.10/site-packages/airflow/example_dags/example_trigger_controller_dag.py
[2022-11-07T23:43:17.462-0300] {logging_mixin.py:117} INFO - [2022-11-07T23:43:17.462-0300] {dag.py:2573} INFO - Sync 1 DAGs
[2022-11-07T23:43:17.480-0300] {logging_mixin.py:117} INFO - [2022-11-07T23:43:17.480-0300] {dag.py:3324} INFO - Setting next_dagrun for example_trigger_controller_dag to 2021-01-01T00:00:00+00:00, run_after=2021-01-01T00:00:00+00:00
[2022-11-07T23:43:17.505-0300] {processor.py:178} INFO - Processing /home/renato/Documentos/datapipeline/.env/lib/python3.10/site-packages/airflow/example_dags/example_trigger_controller_dag.py took 0.098 seconds
