[2022-11-07T23:27:20.970-0300] {processor.py:156} INFO - Started process (PID=965361) to work on /home/renato/Documentos/datapipeline/.env/lib/python3.10/site-packages/airflow/example_dags/example_branch_operator_decorator.py
[2022-11-07T23:27:20.972-0300] {processor.py:758} INFO - Processing file /home/renato/Documentos/datapipeline/.env/lib/python3.10/site-packages/airflow/example_dags/example_branch_operator_decorator.py for tasks to queue
[2022-11-07T23:27:20.973-0300] {logging_mixin.py:117} INFO - [2022-11-07T23:27:20.973-0300] {dagbag.py:525} INFO - Filling up the DagBag from /home/renato/Documentos/datapipeline/.env/lib/python3.10/site-packages/airflow/example_dags/example_branch_operator_decorator.py
[2022-11-07T23:27:21.007-0300] {processor.py:768} INFO - DAG(s) dict_keys(['example_branch_python_operator_decorator']) retrieved from /home/renato/Documentos/datapipeline/.env/lib/python3.10/site-packages/airflow/example_dags/example_branch_operator_decorator.py
[2022-11-07T23:27:21.030-0300] {logging_mixin.py:117} INFO - [2022-11-07T23:27:21.030-0300] {dag.py:2573} INFO - Sync 1 DAGs
[2022-11-07T23:27:21.053-0300] {logging_mixin.py:117} INFO - [2022-11-07T23:27:21.052-0300] {dag.py:3324} INFO - Setting next_dagrun for example_branch_python_operator_decorator to 2022-11-07T00:00:00+00:00, run_after=2022-11-08T00:00:00+00:00
[2022-11-07T23:27:21.080-0300] {processor.py:178} INFO - Processing /home/renato/Documentos/datapipeline/.env/lib/python3.10/site-packages/airflow/example_dags/example_branch_operator_decorator.py took 0.116 seconds
[2022-11-07T23:27:59.136-0300] {processor.py:156} INFO - Started process (PID=965446) to work on /home/renato/Documentos/datapipeline/.env/lib/python3.10/site-packages/airflow/example_dags/example_branch_operator_decorator.py
[2022-11-07T23:27:59.143-0300] {processor.py:758} INFO - Processing file /home/renato/Documentos/datapipeline/.env/lib/python3.10/site-packages/airflow/example_dags/example_branch_operator_decorator.py for tasks to queue
[2022-11-07T23:27:59.144-0300] {logging_mixin.py:117} INFO - [2022-11-07T23:27:59.144-0300] {dagbag.py:525} INFO - Filling up the DagBag from /home/renato/Documentos/datapipeline/.env/lib/python3.10/site-packages/airflow/example_dags/example_branch_operator_decorator.py
[2022-11-07T23:27:59.179-0300] {processor.py:768} INFO - DAG(s) dict_keys(['example_branch_python_operator_decorator']) retrieved from /home/renato/Documentos/datapipeline/.env/lib/python3.10/site-packages/airflow/example_dags/example_branch_operator_decorator.py
[2022-11-07T23:27:59.200-0300] {logging_mixin.py:117} INFO - [2022-11-07T23:27:59.200-0300] {dag.py:2573} INFO - Sync 1 DAGs
[2022-11-07T23:27:59.219-0300] {logging_mixin.py:117} INFO - [2022-11-07T23:27:59.219-0300] {dag.py:3324} INFO - Setting next_dagrun for example_branch_python_operator_decorator to 2022-11-07T00:00:00+00:00, run_after=2022-11-08T00:00:00+00:00
[2022-11-07T23:27:59.244-0300] {processor.py:178} INFO - Processing /home/renato/Documentos/datapipeline/.env/lib/python3.10/site-packages/airflow/example_dags/example_branch_operator_decorator.py took 0.115 seconds
[2022-11-07T23:28:39.162-0300] {processor.py:156} INFO - Started process (PID=965526) to work on /home/renato/Documentos/datapipeline/.env/lib/python3.10/site-packages/airflow/example_dags/example_branch_operator_decorator.py
[2022-11-07T23:28:39.165-0300] {processor.py:758} INFO - Processing file /home/renato/Documentos/datapipeline/.env/lib/python3.10/site-packages/airflow/example_dags/example_branch_operator_decorator.py for tasks to queue
[2022-11-07T23:28:39.165-0300] {logging_mixin.py:117} INFO - [2022-11-07T23:28:39.165-0300] {dagbag.py:525} INFO - Filling up the DagBag from /home/renato/Documentos/datapipeline/.env/lib/python3.10/site-packages/airflow/example_dags/example_branch_operator_decorator.py
[2022-11-07T23:28:39.190-0300] {processor.py:768} INFO - DAG(s) dict_keys(['example_branch_python_operator_decorator']) retrieved from /home/renato/Documentos/datapipeline/.env/lib/python3.10/site-packages/airflow/example_dags/example_branch_operator_decorator.py
[2022-11-07T23:28:39.216-0300] {logging_mixin.py:117} INFO - [2022-11-07T23:28:39.215-0300] {dag.py:2573} INFO - Sync 1 DAGs
[2022-11-07T23:28:39.235-0300] {logging_mixin.py:117} INFO - [2022-11-07T23:28:39.235-0300] {dag.py:3324} INFO - Setting next_dagrun for example_branch_python_operator_decorator to 2022-11-07T00:00:00+00:00, run_after=2022-11-08T00:00:00+00:00
[2022-11-07T23:28:39.260-0300] {processor.py:178} INFO - Processing /home/renato/Documentos/datapipeline/.env/lib/python3.10/site-packages/airflow/example_dags/example_branch_operator_decorator.py took 0.100 seconds
[2022-11-07T23:29:17.605-0300] {processor.py:156} INFO - Started process (PID=965606) to work on /home/renato/Documentos/datapipeline/.env/lib/python3.10/site-packages/airflow/example_dags/example_branch_operator_decorator.py
[2022-11-07T23:29:17.608-0300] {processor.py:758} INFO - Processing file /home/renato/Documentos/datapipeline/.env/lib/python3.10/site-packages/airflow/example_dags/example_branch_operator_decorator.py for tasks to queue
[2022-11-07T23:29:17.609-0300] {logging_mixin.py:117} INFO - [2022-11-07T23:29:17.609-0300] {dagbag.py:525} INFO - Filling up the DagBag from /home/renato/Documentos/datapipeline/.env/lib/python3.10/site-packages/airflow/example_dags/example_branch_operator_decorator.py
[2022-11-07T23:29:17.639-0300] {processor.py:768} INFO - DAG(s) dict_keys(['example_branch_python_operator_decorator']) retrieved from /home/renato/Documentos/datapipeline/.env/lib/python3.10/site-packages/airflow/example_dags/example_branch_operator_decorator.py
[2022-11-07T23:29:17.668-0300] {logging_mixin.py:117} INFO - [2022-11-07T23:29:17.668-0300] {dag.py:2573} INFO - Sync 1 DAGs
[2022-11-07T23:29:17.689-0300] {logging_mixin.py:117} INFO - [2022-11-07T23:29:17.689-0300] {dag.py:3324} INFO - Setting next_dagrun for example_branch_python_operator_decorator to 2022-11-07T00:00:00+00:00, run_after=2022-11-08T00:00:00+00:00
[2022-11-07T23:29:17.719-0300] {processor.py:178} INFO - Processing /home/renato/Documentos/datapipeline/.env/lib/python3.10/site-packages/airflow/example_dags/example_branch_operator_decorator.py took 0.119 seconds
[2022-11-07T23:29:55.193-0300] {processor.py:156} INFO - Started process (PID=965680) to work on /home/renato/Documentos/datapipeline/.env/lib/python3.10/site-packages/airflow/example_dags/example_branch_operator_decorator.py
[2022-11-07T23:29:55.196-0300] {processor.py:758} INFO - Processing file /home/renato/Documentos/datapipeline/.env/lib/python3.10/site-packages/airflow/example_dags/example_branch_operator_decorator.py for tasks to queue
[2022-11-07T23:29:55.197-0300] {logging_mixin.py:117} INFO - [2022-11-07T23:29:55.197-0300] {dagbag.py:525} INFO - Filling up the DagBag from /home/renato/Documentos/datapipeline/.env/lib/python3.10/site-packages/airflow/example_dags/example_branch_operator_decorator.py
[2022-11-07T23:29:55.229-0300] {processor.py:768} INFO - DAG(s) dict_keys(['example_branch_python_operator_decorator']) retrieved from /home/renato/Documentos/datapipeline/.env/lib/python3.10/site-packages/airflow/example_dags/example_branch_operator_decorator.py
[2022-11-07T23:29:55.254-0300] {logging_mixin.py:117} INFO - [2022-11-07T23:29:55.254-0300] {dag.py:2573} INFO - Sync 1 DAGs
[2022-11-07T23:29:55.272-0300] {logging_mixin.py:117} INFO - [2022-11-07T23:29:55.272-0300] {dag.py:3324} INFO - Setting next_dagrun for example_branch_python_operator_decorator to 2022-11-07T00:00:00+00:00, run_after=2022-11-08T00:00:00+00:00
[2022-11-07T23:29:55.296-0300] {processor.py:178} INFO - Processing /home/renato/Documentos/datapipeline/.env/lib/python3.10/site-packages/airflow/example_dags/example_branch_operator_decorator.py took 0.106 seconds
[2022-11-07T23:30:34.919-0300] {processor.py:156} INFO - Started process (PID=965760) to work on /home/renato/Documentos/datapipeline/.env/lib/python3.10/site-packages/airflow/example_dags/example_branch_operator_decorator.py
[2022-11-07T23:30:34.922-0300] {processor.py:758} INFO - Processing file /home/renato/Documentos/datapipeline/.env/lib/python3.10/site-packages/airflow/example_dags/example_branch_operator_decorator.py for tasks to queue
[2022-11-07T23:30:34.922-0300] {logging_mixin.py:117} INFO - [2022-11-07T23:30:34.922-0300] {dagbag.py:525} INFO - Filling up the DagBag from /home/renato/Documentos/datapipeline/.env/lib/python3.10/site-packages/airflow/example_dags/example_branch_operator_decorator.py
[2022-11-07T23:30:34.946-0300] {processor.py:768} INFO - DAG(s) dict_keys(['example_branch_python_operator_decorator']) retrieved from /home/renato/Documentos/datapipeline/.env/lib/python3.10/site-packages/airflow/example_dags/example_branch_operator_decorator.py
[2022-11-07T23:30:34.968-0300] {logging_mixin.py:117} INFO - [2022-11-07T23:30:34.968-0300] {dag.py:2573} INFO - Sync 1 DAGs
[2022-11-07T23:30:34.985-0300] {logging_mixin.py:117} INFO - [2022-11-07T23:30:34.985-0300] {dag.py:3324} INFO - Setting next_dagrun for example_branch_python_operator_decorator to 2022-11-07T00:00:00+00:00, run_after=2022-11-08T00:00:00+00:00
[2022-11-07T23:30:35.009-0300] {processor.py:178} INFO - Processing /home/renato/Documentos/datapipeline/.env/lib/python3.10/site-packages/airflow/example_dags/example_branch_operator_decorator.py took 0.092 seconds
[2022-11-07T23:31:12.267-0300] {processor.py:156} INFO - Started process (PID=965833) to work on /home/renato/Documentos/datapipeline/.env/lib/python3.10/site-packages/airflow/example_dags/example_branch_operator_decorator.py
[2022-11-07T23:31:12.272-0300] {processor.py:758} INFO - Processing file /home/renato/Documentos/datapipeline/.env/lib/python3.10/site-packages/airflow/example_dags/example_branch_operator_decorator.py for tasks to queue
[2022-11-07T23:31:12.273-0300] {logging_mixin.py:117} INFO - [2022-11-07T23:31:12.273-0300] {dagbag.py:525} INFO - Filling up the DagBag from /home/renato/Documentos/datapipeline/.env/lib/python3.10/site-packages/airflow/example_dags/example_branch_operator_decorator.py
[2022-11-07T23:31:12.307-0300] {processor.py:768} INFO - DAG(s) dict_keys(['example_branch_python_operator_decorator']) retrieved from /home/renato/Documentos/datapipeline/.env/lib/python3.10/site-packages/airflow/example_dags/example_branch_operator_decorator.py
[2022-11-07T23:31:12.331-0300] {logging_mixin.py:117} INFO - [2022-11-07T23:31:12.330-0300] {dag.py:2573} INFO - Sync 1 DAGs
[2022-11-07T23:31:12.349-0300] {logging_mixin.py:117} INFO - [2022-11-07T23:31:12.349-0300] {dag.py:3324} INFO - Setting next_dagrun for example_branch_python_operator_decorator to 2022-11-07T00:00:00+00:00, run_after=2022-11-08T00:00:00+00:00
[2022-11-07T23:31:12.375-0300] {processor.py:178} INFO - Processing /home/renato/Documentos/datapipeline/.env/lib/python3.10/site-packages/airflow/example_dags/example_branch_operator_decorator.py took 0.111 seconds
[2022-11-07T23:31:51.144-0300] {processor.py:156} INFO - Started process (PID=965909) to work on /home/renato/Documentos/datapipeline/.env/lib/python3.10/site-packages/airflow/example_dags/example_branch_operator_decorator.py
[2022-11-07T23:31:51.146-0300] {processor.py:758} INFO - Processing file /home/renato/Documentos/datapipeline/.env/lib/python3.10/site-packages/airflow/example_dags/example_branch_operator_decorator.py for tasks to queue
[2022-11-07T23:31:51.147-0300] {logging_mixin.py:117} INFO - [2022-11-07T23:31:51.147-0300] {dagbag.py:525} INFO - Filling up the DagBag from /home/renato/Documentos/datapipeline/.env/lib/python3.10/site-packages/airflow/example_dags/example_branch_operator_decorator.py
[2022-11-07T23:31:51.175-0300] {processor.py:768} INFO - DAG(s) dict_keys(['example_branch_python_operator_decorator']) retrieved from /home/renato/Documentos/datapipeline/.env/lib/python3.10/site-packages/airflow/example_dags/example_branch_operator_decorator.py
[2022-11-07T23:31:51.200-0300] {logging_mixin.py:117} INFO - [2022-11-07T23:31:51.200-0300] {dag.py:2573} INFO - Sync 1 DAGs
[2022-11-07T23:31:51.238-0300] {logging_mixin.py:117} INFO - [2022-11-07T23:31:51.237-0300] {dag.py:3324} INFO - Setting next_dagrun for example_branch_python_operator_decorator to 2022-11-07T00:00:00+00:00, run_after=2022-11-08T00:00:00+00:00
[2022-11-07T23:31:51.282-0300] {processor.py:178} INFO - Processing /home/renato/Documentos/datapipeline/.env/lib/python3.10/site-packages/airflow/example_dags/example_branch_operator_decorator.py took 0.141 seconds
[2022-11-07T23:32:29.717-0300] {processor.py:156} INFO - Started process (PID=966118) to work on /home/renato/Documentos/datapipeline/.env/lib/python3.10/site-packages/airflow/example_dags/example_branch_operator_decorator.py
[2022-11-07T23:32:29.720-0300] {processor.py:758} INFO - Processing file /home/renato/Documentos/datapipeline/.env/lib/python3.10/site-packages/airflow/example_dags/example_branch_operator_decorator.py for tasks to queue
[2022-11-07T23:32:29.721-0300] {logging_mixin.py:117} INFO - [2022-11-07T23:32:29.721-0300] {dagbag.py:525} INFO - Filling up the DagBag from /home/renato/Documentos/datapipeline/.env/lib/python3.10/site-packages/airflow/example_dags/example_branch_operator_decorator.py
[2022-11-07T23:32:29.756-0300] {processor.py:768} INFO - DAG(s) dict_keys(['example_branch_python_operator_decorator']) retrieved from /home/renato/Documentos/datapipeline/.env/lib/python3.10/site-packages/airflow/example_dags/example_branch_operator_decorator.py
[2022-11-07T23:32:29.780-0300] {logging_mixin.py:117} INFO - [2022-11-07T23:32:29.780-0300] {dag.py:2573} INFO - Sync 1 DAGs
[2022-11-07T23:32:29.800-0300] {logging_mixin.py:117} INFO - [2022-11-07T23:32:29.800-0300] {dag.py:3324} INFO - Setting next_dagrun for example_branch_python_operator_decorator to 2022-11-07T00:00:00+00:00, run_after=2022-11-08T00:00:00+00:00
[2022-11-07T23:32:29.823-0300] {processor.py:178} INFO - Processing /home/renato/Documentos/datapipeline/.env/lib/python3.10/site-packages/airflow/example_dags/example_branch_operator_decorator.py took 0.115 seconds
[2022-11-07T23:33:07.736-0300] {processor.py:156} INFO - Started process (PID=966192) to work on /home/renato/Documentos/datapipeline/.env/lib/python3.10/site-packages/airflow/example_dags/example_branch_operator_decorator.py
[2022-11-07T23:33:07.739-0300] {processor.py:758} INFO - Processing file /home/renato/Documentos/datapipeline/.env/lib/python3.10/site-packages/airflow/example_dags/example_branch_operator_decorator.py for tasks to queue
[2022-11-07T23:33:07.740-0300] {logging_mixin.py:117} INFO - [2022-11-07T23:33:07.740-0300] {dagbag.py:525} INFO - Filling up the DagBag from /home/renato/Documentos/datapipeline/.env/lib/python3.10/site-packages/airflow/example_dags/example_branch_operator_decorator.py
[2022-11-07T23:33:07.772-0300] {processor.py:768} INFO - DAG(s) dict_keys(['example_branch_python_operator_decorator']) retrieved from /home/renato/Documentos/datapipeline/.env/lib/python3.10/site-packages/airflow/example_dags/example_branch_operator_decorator.py
[2022-11-07T23:33:07.793-0300] {logging_mixin.py:117} INFO - [2022-11-07T23:33:07.793-0300] {dag.py:2573} INFO - Sync 1 DAGs
[2022-11-07T23:33:07.812-0300] {logging_mixin.py:117} INFO - [2022-11-07T23:33:07.812-0300] {dag.py:3324} INFO - Setting next_dagrun for example_branch_python_operator_decorator to 2022-11-07T00:00:00+00:00, run_after=2022-11-08T00:00:00+00:00
[2022-11-07T23:33:07.834-0300] {processor.py:178} INFO - Processing /home/renato/Documentos/datapipeline/.env/lib/python3.10/site-packages/airflow/example_dags/example_branch_operator_decorator.py took 0.104 seconds
[2022-11-07T23:33:47.990-0300] {processor.py:156} INFO - Started process (PID=966272) to work on /home/renato/Documentos/datapipeline/.env/lib/python3.10/site-packages/airflow/example_dags/example_branch_operator_decorator.py
[2022-11-07T23:33:47.993-0300] {processor.py:758} INFO - Processing file /home/renato/Documentos/datapipeline/.env/lib/python3.10/site-packages/airflow/example_dags/example_branch_operator_decorator.py for tasks to queue
[2022-11-07T23:33:47.993-0300] {logging_mixin.py:117} INFO - [2022-11-07T23:33:47.993-0300] {dagbag.py:525} INFO - Filling up the DagBag from /home/renato/Documentos/datapipeline/.env/lib/python3.10/site-packages/airflow/example_dags/example_branch_operator_decorator.py
[2022-11-07T23:33:48.015-0300] {processor.py:768} INFO - DAG(s) dict_keys(['example_branch_python_operator_decorator']) retrieved from /home/renato/Documentos/datapipeline/.env/lib/python3.10/site-packages/airflow/example_dags/example_branch_operator_decorator.py
[2022-11-07T23:33:48.037-0300] {logging_mixin.py:117} INFO - [2022-11-07T23:33:48.037-0300] {dag.py:2573} INFO - Sync 1 DAGs
[2022-11-07T23:33:48.055-0300] {logging_mixin.py:117} INFO - [2022-11-07T23:33:48.055-0300] {dag.py:3324} INFO - Setting next_dagrun for example_branch_python_operator_decorator to 2022-11-07T00:00:00+00:00, run_after=2022-11-08T00:00:00+00:00
[2022-11-07T23:33:48.078-0300] {processor.py:178} INFO - Processing /home/renato/Documentos/datapipeline/.env/lib/python3.10/site-packages/airflow/example_dags/example_branch_operator_decorator.py took 0.090 seconds
[2022-11-07T23:34:26.974-0300] {processor.py:156} INFO - Started process (PID=966351) to work on /home/renato/Documentos/datapipeline/.env/lib/python3.10/site-packages/airflow/example_dags/example_branch_operator_decorator.py
[2022-11-07T23:34:26.979-0300] {processor.py:758} INFO - Processing file /home/renato/Documentos/datapipeline/.env/lib/python3.10/site-packages/airflow/example_dags/example_branch_operator_decorator.py for tasks to queue
[2022-11-07T23:34:26.981-0300] {logging_mixin.py:117} INFO - [2022-11-07T23:34:26.981-0300] {dagbag.py:525} INFO - Filling up the DagBag from /home/renato/Documentos/datapipeline/.env/lib/python3.10/site-packages/airflow/example_dags/example_branch_operator_decorator.py
[2022-11-07T23:34:27.013-0300] {processor.py:768} INFO - DAG(s) dict_keys(['example_branch_python_operator_decorator']) retrieved from /home/renato/Documentos/datapipeline/.env/lib/python3.10/site-packages/airflow/example_dags/example_branch_operator_decorator.py
[2022-11-07T23:34:27.036-0300] {logging_mixin.py:117} INFO - [2022-11-07T23:34:27.036-0300] {dag.py:2573} INFO - Sync 1 DAGs
[2022-11-07T23:34:27.055-0300] {logging_mixin.py:117} INFO - [2022-11-07T23:34:27.055-0300] {dag.py:3324} INFO - Setting next_dagrun for example_branch_python_operator_decorator to 2022-11-07T00:00:00+00:00, run_after=2022-11-08T00:00:00+00:00
[2022-11-07T23:34:27.078-0300] {processor.py:178} INFO - Processing /home/renato/Documentos/datapipeline/.env/lib/python3.10/site-packages/airflow/example_dags/example_branch_operator_decorator.py took 0.114 seconds
[2022-11-07T23:35:04.827-0300] {processor.py:156} INFO - Started process (PID=966427) to work on /home/renato/Documentos/datapipeline/.env/lib/python3.10/site-packages/airflow/example_dags/example_branch_operator_decorator.py
[2022-11-07T23:35:04.832-0300] {processor.py:758} INFO - Processing file /home/renato/Documentos/datapipeline/.env/lib/python3.10/site-packages/airflow/example_dags/example_branch_operator_decorator.py for tasks to queue
[2022-11-07T23:35:04.833-0300] {logging_mixin.py:117} INFO - [2022-11-07T23:35:04.833-0300] {dagbag.py:525} INFO - Filling up the DagBag from /home/renato/Documentos/datapipeline/.env/lib/python3.10/site-packages/airflow/example_dags/example_branch_operator_decorator.py
[2022-11-07T23:35:04.867-0300] {processor.py:768} INFO - DAG(s) dict_keys(['example_branch_python_operator_decorator']) retrieved from /home/renato/Documentos/datapipeline/.env/lib/python3.10/site-packages/airflow/example_dags/example_branch_operator_decorator.py
[2022-11-07T23:35:04.891-0300] {logging_mixin.py:117} INFO - [2022-11-07T23:35:04.891-0300] {dag.py:2573} INFO - Sync 1 DAGs
[2022-11-07T23:35:04.908-0300] {logging_mixin.py:117} INFO - [2022-11-07T23:35:04.908-0300] {dag.py:3324} INFO - Setting next_dagrun for example_branch_python_operator_decorator to 2022-11-07T00:00:00+00:00, run_after=2022-11-08T00:00:00+00:00
[2022-11-07T23:35:04.930-0300] {processor.py:178} INFO - Processing /home/renato/Documentos/datapipeline/.env/lib/python3.10/site-packages/airflow/example_dags/example_branch_operator_decorator.py took 0.110 seconds
[2022-11-07T23:35:44.281-0300] {processor.py:156} INFO - Started process (PID=966507) to work on /home/renato/Documentos/datapipeline/.env/lib/python3.10/site-packages/airflow/example_dags/example_branch_operator_decorator.py
[2022-11-07T23:35:44.284-0300] {processor.py:758} INFO - Processing file /home/renato/Documentos/datapipeline/.env/lib/python3.10/site-packages/airflow/example_dags/example_branch_operator_decorator.py for tasks to queue
[2022-11-07T23:35:44.286-0300] {logging_mixin.py:117} INFO - [2022-11-07T23:35:44.285-0300] {dagbag.py:525} INFO - Filling up the DagBag from /home/renato/Documentos/datapipeline/.env/lib/python3.10/site-packages/airflow/example_dags/example_branch_operator_decorator.py
[2022-11-07T23:35:44.318-0300] {processor.py:768} INFO - DAG(s) dict_keys(['example_branch_python_operator_decorator']) retrieved from /home/renato/Documentos/datapipeline/.env/lib/python3.10/site-packages/airflow/example_dags/example_branch_operator_decorator.py
[2022-11-07T23:35:44.340-0300] {logging_mixin.py:117} INFO - [2022-11-07T23:35:44.340-0300] {dag.py:2573} INFO - Sync 1 DAGs
[2022-11-07T23:35:44.361-0300] {logging_mixin.py:117} INFO - [2022-11-07T23:35:44.361-0300] {dag.py:3324} INFO - Setting next_dagrun for example_branch_python_operator_decorator to 2022-11-07T00:00:00+00:00, run_after=2022-11-08T00:00:00+00:00
[2022-11-07T23:35:44.385-0300] {processor.py:178} INFO - Processing /home/renato/Documentos/datapipeline/.env/lib/python3.10/site-packages/airflow/example_dags/example_branch_operator_decorator.py took 0.109 seconds
[2022-11-07T23:36:23.126-0300] {processor.py:156} INFO - Started process (PID=966582) to work on /home/renato/Documentos/datapipeline/.env/lib/python3.10/site-packages/airflow/example_dags/example_branch_operator_decorator.py
[2022-11-07T23:36:23.129-0300] {processor.py:758} INFO - Processing file /home/renato/Documentos/datapipeline/.env/lib/python3.10/site-packages/airflow/example_dags/example_branch_operator_decorator.py for tasks to queue
[2022-11-07T23:36:23.130-0300] {logging_mixin.py:117} INFO - [2022-11-07T23:36:23.130-0300] {dagbag.py:525} INFO - Filling up the DagBag from /home/renato/Documentos/datapipeline/.env/lib/python3.10/site-packages/airflow/example_dags/example_branch_operator_decorator.py
[2022-11-07T23:36:23.160-0300] {processor.py:768} INFO - DAG(s) dict_keys(['example_branch_python_operator_decorator']) retrieved from /home/renato/Documentos/datapipeline/.env/lib/python3.10/site-packages/airflow/example_dags/example_branch_operator_decorator.py
[2022-11-07T23:36:23.181-0300] {logging_mixin.py:117} INFO - [2022-11-07T23:36:23.181-0300] {dag.py:2573} INFO - Sync 1 DAGs
[2022-11-07T23:36:23.198-0300] {logging_mixin.py:117} INFO - [2022-11-07T23:36:23.198-0300] {dag.py:3324} INFO - Setting next_dagrun for example_branch_python_operator_decorator to 2022-11-07T00:00:00+00:00, run_after=2022-11-08T00:00:00+00:00
[2022-11-07T23:36:23.221-0300] {processor.py:178} INFO - Processing /home/renato/Documentos/datapipeline/.env/lib/python3.10/site-packages/airflow/example_dags/example_branch_operator_decorator.py took 0.099 seconds
[2022-11-07T23:37:02.172-0300] {processor.py:156} INFO - Started process (PID=966661) to work on /home/renato/Documentos/datapipeline/.env/lib/python3.10/site-packages/airflow/example_dags/example_branch_operator_decorator.py
[2022-11-07T23:37:02.175-0300] {processor.py:758} INFO - Processing file /home/renato/Documentos/datapipeline/.env/lib/python3.10/site-packages/airflow/example_dags/example_branch_operator_decorator.py for tasks to queue
[2022-11-07T23:37:02.176-0300] {logging_mixin.py:117} INFO - [2022-11-07T23:37:02.176-0300] {dagbag.py:525} INFO - Filling up the DagBag from /home/renato/Documentos/datapipeline/.env/lib/python3.10/site-packages/airflow/example_dags/example_branch_operator_decorator.py
[2022-11-07T23:37:02.202-0300] {processor.py:768} INFO - DAG(s) dict_keys(['example_branch_python_operator_decorator']) retrieved from /home/renato/Documentos/datapipeline/.env/lib/python3.10/site-packages/airflow/example_dags/example_branch_operator_decorator.py
[2022-11-07T23:37:02.223-0300] {logging_mixin.py:117} INFO - [2022-11-07T23:37:02.223-0300] {dag.py:2573} INFO - Sync 1 DAGs
[2022-11-07T23:37:02.242-0300] {logging_mixin.py:117} INFO - [2022-11-07T23:37:02.242-0300] {dag.py:3324} INFO - Setting next_dagrun for example_branch_python_operator_decorator to 2022-11-07T00:00:00+00:00, run_after=2022-11-08T00:00:00+00:00
[2022-11-07T23:37:02.264-0300] {processor.py:178} INFO - Processing /home/renato/Documentos/datapipeline/.env/lib/python3.10/site-packages/airflow/example_dags/example_branch_operator_decorator.py took 0.098 seconds
[2022-11-07T23:37:47.426-0300] {processor.py:156} INFO - Started process (PID=966879) to work on /home/renato/Documentos/datapipeline/.env/lib/python3.10/site-packages/airflow/example_dags/example_branch_operator_decorator.py
[2022-11-07T23:37:47.431-0300] {processor.py:758} INFO - Processing file /home/renato/Documentos/datapipeline/.env/lib/python3.10/site-packages/airflow/example_dags/example_branch_operator_decorator.py for tasks to queue
[2022-11-07T23:37:47.431-0300] {logging_mixin.py:117} INFO - [2022-11-07T23:37:47.431-0300] {dagbag.py:525} INFO - Filling up the DagBag from /home/renato/Documentos/datapipeline/.env/lib/python3.10/site-packages/airflow/example_dags/example_branch_operator_decorator.py
[2022-11-07T23:37:47.455-0300] {processor.py:768} INFO - DAG(s) dict_keys(['example_branch_python_operator_decorator']) retrieved from /home/renato/Documentos/datapipeline/.env/lib/python3.10/site-packages/airflow/example_dags/example_branch_operator_decorator.py
[2022-11-07T23:37:47.475-0300] {logging_mixin.py:117} INFO - [2022-11-07T23:37:47.475-0300] {dag.py:2573} INFO - Sync 1 DAGs
[2022-11-07T23:37:47.494-0300] {logging_mixin.py:117} INFO - [2022-11-07T23:37:47.493-0300] {dag.py:3324} INFO - Setting next_dagrun for example_branch_python_operator_decorator to 2022-11-07T00:00:00+00:00, run_after=2022-11-08T00:00:00+00:00
[2022-11-07T23:37:47.516-0300] {processor.py:178} INFO - Processing /home/renato/Documentos/datapipeline/.env/lib/python3.10/site-packages/airflow/example_dags/example_branch_operator_decorator.py took 0.093 seconds
[2022-11-07T23:38:24.077-0300] {processor.py:156} INFO - Started process (PID=966951) to work on /home/renato/Documentos/datapipeline/.env/lib/python3.10/site-packages/airflow/example_dags/example_branch_operator_decorator.py
[2022-11-07T23:38:24.080-0300] {processor.py:758} INFO - Processing file /home/renato/Documentos/datapipeline/.env/lib/python3.10/site-packages/airflow/example_dags/example_branch_operator_decorator.py for tasks to queue
[2022-11-07T23:38:24.081-0300] {logging_mixin.py:117} INFO - [2022-11-07T23:38:24.081-0300] {dagbag.py:525} INFO - Filling up the DagBag from /home/renato/Documentos/datapipeline/.env/lib/python3.10/site-packages/airflow/example_dags/example_branch_operator_decorator.py
[2022-11-07T23:38:24.125-0300] {processor.py:768} INFO - DAG(s) dict_keys(['example_branch_python_operator_decorator']) retrieved from /home/renato/Documentos/datapipeline/.env/lib/python3.10/site-packages/airflow/example_dags/example_branch_operator_decorator.py
[2022-11-07T23:38:24.148-0300] {logging_mixin.py:117} INFO - [2022-11-07T23:38:24.148-0300] {dag.py:2573} INFO - Sync 1 DAGs
[2022-11-07T23:38:24.165-0300] {logging_mixin.py:117} INFO - [2022-11-07T23:38:24.165-0300] {dag.py:3324} INFO - Setting next_dagrun for example_branch_python_operator_decorator to 2022-11-07T00:00:00+00:00, run_after=2022-11-08T00:00:00+00:00
[2022-11-07T23:38:24.186-0300] {processor.py:178} INFO - Processing /home/renato/Documentos/datapipeline/.env/lib/python3.10/site-packages/airflow/example_dags/example_branch_operator_decorator.py took 0.113 seconds
[2022-11-07T23:39:04.643-0300] {processor.py:156} INFO - Started process (PID=967050) to work on /home/renato/Documentos/datapipeline/.env/lib/python3.10/site-packages/airflow/example_dags/example_branch_operator_decorator.py
[2022-11-07T23:39:04.651-0300] {processor.py:758} INFO - Processing file /home/renato/Documentos/datapipeline/.env/lib/python3.10/site-packages/airflow/example_dags/example_branch_operator_decorator.py for tasks to queue
[2022-11-07T23:39:04.653-0300] {logging_mixin.py:117} INFO - [2022-11-07T23:39:04.653-0300] {dagbag.py:525} INFO - Filling up the DagBag from /home/renato/Documentos/datapipeline/.env/lib/python3.10/site-packages/airflow/example_dags/example_branch_operator_decorator.py
[2022-11-07T23:39:04.682-0300] {processor.py:768} INFO - DAG(s) dict_keys(['example_branch_python_operator_decorator']) retrieved from /home/renato/Documentos/datapipeline/.env/lib/python3.10/site-packages/airflow/example_dags/example_branch_operator_decorator.py
[2022-11-07T23:39:04.703-0300] {logging_mixin.py:117} INFO - [2022-11-07T23:39:04.703-0300] {dag.py:2573} INFO - Sync 1 DAGs
[2022-11-07T23:39:04.722-0300] {logging_mixin.py:117} INFO - [2022-11-07T23:39:04.722-0300] {dag.py:3324} INFO - Setting next_dagrun for example_branch_python_operator_decorator to 2022-11-07T00:00:00+00:00, run_after=2022-11-08T00:00:00+00:00
[2022-11-07T23:39:04.744-0300] {processor.py:178} INFO - Processing /home/renato/Documentos/datapipeline/.env/lib/python3.10/site-packages/airflow/example_dags/example_branch_operator_decorator.py took 0.105 seconds
[2022-11-07T23:39:55.250-0300] {processor.py:156} INFO - Started process (PID=967144) to work on /home/renato/Documentos/datapipeline/.env/lib/python3.10/site-packages/airflow/example_dags/example_branch_operator_decorator.py
[2022-11-07T23:39:55.255-0300] {processor.py:758} INFO - Processing file /home/renato/Documentos/datapipeline/.env/lib/python3.10/site-packages/airflow/example_dags/example_branch_operator_decorator.py for tasks to queue
[2022-11-07T23:39:55.256-0300] {logging_mixin.py:117} INFO - [2022-11-07T23:39:55.256-0300] {dagbag.py:525} INFO - Filling up the DagBag from /home/renato/Documentos/datapipeline/.env/lib/python3.10/site-packages/airflow/example_dags/example_branch_operator_decorator.py
[2022-11-07T23:39:55.283-0300] {processor.py:768} INFO - DAG(s) dict_keys(['example_branch_python_operator_decorator']) retrieved from /home/renato/Documentos/datapipeline/.env/lib/python3.10/site-packages/airflow/example_dags/example_branch_operator_decorator.py
[2022-11-07T23:39:55.307-0300] {logging_mixin.py:117} INFO - [2022-11-07T23:39:55.307-0300] {dag.py:2573} INFO - Sync 1 DAGs
[2022-11-07T23:39:55.328-0300] {logging_mixin.py:117} INFO - [2022-11-07T23:39:55.327-0300] {dag.py:3324} INFO - Setting next_dagrun for example_branch_python_operator_decorator to 2022-11-07T00:00:00+00:00, run_after=2022-11-08T00:00:00+00:00
[2022-11-07T23:39:55.353-0300] {processor.py:178} INFO - Processing /home/renato/Documentos/datapipeline/.env/lib/python3.10/site-packages/airflow/example_dags/example_branch_operator_decorator.py took 0.110 seconds
[2022-11-07T23:40:33.381-0300] {processor.py:156} INFO - Started process (PID=967224) to work on /home/renato/Documentos/datapipeline/.env/lib/python3.10/site-packages/airflow/example_dags/example_branch_operator_decorator.py
[2022-11-07T23:40:33.383-0300] {processor.py:758} INFO - Processing file /home/renato/Documentos/datapipeline/.env/lib/python3.10/site-packages/airflow/example_dags/example_branch_operator_decorator.py for tasks to queue
[2022-11-07T23:40:33.385-0300] {logging_mixin.py:117} INFO - [2022-11-07T23:40:33.384-0300] {dagbag.py:525} INFO - Filling up the DagBag from /home/renato/Documentos/datapipeline/.env/lib/python3.10/site-packages/airflow/example_dags/example_branch_operator_decorator.py
[2022-11-07T23:40:33.433-0300] {processor.py:768} INFO - DAG(s) dict_keys(['example_branch_python_operator_decorator']) retrieved from /home/renato/Documentos/datapipeline/.env/lib/python3.10/site-packages/airflow/example_dags/example_branch_operator_decorator.py
[2022-11-07T23:40:33.454-0300] {logging_mixin.py:117} INFO - [2022-11-07T23:40:33.454-0300] {dag.py:2573} INFO - Sync 1 DAGs
[2022-11-07T23:40:33.473-0300] {logging_mixin.py:117} INFO - [2022-11-07T23:40:33.473-0300] {dag.py:3324} INFO - Setting next_dagrun for example_branch_python_operator_decorator to 2022-11-07T00:00:00+00:00, run_after=2022-11-08T00:00:00+00:00
[2022-11-07T23:40:33.499-0300] {processor.py:178} INFO - Processing /home/renato/Documentos/datapipeline/.env/lib/python3.10/site-packages/airflow/example_dags/example_branch_operator_decorator.py took 0.123 seconds
[2022-11-07T23:41:15.147-0300] {processor.py:156} INFO - Started process (PID=967303) to work on /home/renato/Documentos/datapipeline/.env/lib/python3.10/site-packages/airflow/example_dags/example_branch_operator_decorator.py
[2022-11-07T23:41:15.151-0300] {processor.py:758} INFO - Processing file /home/renato/Documentos/datapipeline/.env/lib/python3.10/site-packages/airflow/example_dags/example_branch_operator_decorator.py for tasks to queue
[2022-11-07T23:41:15.152-0300] {logging_mixin.py:117} INFO - [2022-11-07T23:41:15.152-0300] {dagbag.py:525} INFO - Filling up the DagBag from /home/renato/Documentos/datapipeline/.env/lib/python3.10/site-packages/airflow/example_dags/example_branch_operator_decorator.py
[2022-11-07T23:41:15.197-0300] {processor.py:768} INFO - DAG(s) dict_keys(['example_branch_python_operator_decorator']) retrieved from /home/renato/Documentos/datapipeline/.env/lib/python3.10/site-packages/airflow/example_dags/example_branch_operator_decorator.py
[2022-11-07T23:41:15.219-0300] {logging_mixin.py:117} INFO - [2022-11-07T23:41:15.218-0300] {dag.py:2573} INFO - Sync 1 DAGs
[2022-11-07T23:41:15.236-0300] {logging_mixin.py:117} INFO - [2022-11-07T23:41:15.236-0300] {dag.py:3324} INFO - Setting next_dagrun for example_branch_python_operator_decorator to 2022-11-07T00:00:00+00:00, run_after=2022-11-08T00:00:00+00:00
[2022-11-07T23:41:15.266-0300] {processor.py:178} INFO - Processing /home/renato/Documentos/datapipeline/.env/lib/python3.10/site-packages/airflow/example_dags/example_branch_operator_decorator.py took 0.126 seconds
[2022-11-07T23:41:55.967-0300] {processor.py:156} INFO - Started process (PID=967390) to work on /home/renato/Documentos/datapipeline/.env/lib/python3.10/site-packages/airflow/example_dags/example_branch_operator_decorator.py
[2022-11-07T23:41:55.975-0300] {processor.py:758} INFO - Processing file /home/renato/Documentos/datapipeline/.env/lib/python3.10/site-packages/airflow/example_dags/example_branch_operator_decorator.py for tasks to queue
[2022-11-07T23:41:55.976-0300] {logging_mixin.py:117} INFO - [2022-11-07T23:41:55.976-0300] {dagbag.py:525} INFO - Filling up the DagBag from /home/renato/Documentos/datapipeline/.env/lib/python3.10/site-packages/airflow/example_dags/example_branch_operator_decorator.py
[2022-11-07T23:41:56.007-0300] {processor.py:768} INFO - DAG(s) dict_keys(['example_branch_python_operator_decorator']) retrieved from /home/renato/Documentos/datapipeline/.env/lib/python3.10/site-packages/airflow/example_dags/example_branch_operator_decorator.py
[2022-11-07T23:41:56.028-0300] {logging_mixin.py:117} INFO - [2022-11-07T23:41:56.028-0300] {dag.py:2573} INFO - Sync 1 DAGs
[2022-11-07T23:41:56.045-0300] {logging_mixin.py:117} INFO - [2022-11-07T23:41:56.045-0300] {dag.py:3324} INFO - Setting next_dagrun for example_branch_python_operator_decorator to 2022-11-07T00:00:00+00:00, run_after=2022-11-08T00:00:00+00:00
[2022-11-07T23:41:56.069-0300] {processor.py:178} INFO - Processing /home/renato/Documentos/datapipeline/.env/lib/python3.10/site-packages/airflow/example_dags/example_branch_operator_decorator.py took 0.108 seconds
[2022-11-07T23:42:37.124-0300] {processor.py:156} INFO - Started process (PID=967598) to work on /home/renato/Documentos/datapipeline/.env/lib/python3.10/site-packages/airflow/example_dags/example_branch_operator_decorator.py
[2022-11-07T23:42:37.127-0300] {processor.py:758} INFO - Processing file /home/renato/Documentos/datapipeline/.env/lib/python3.10/site-packages/airflow/example_dags/example_branch_operator_decorator.py for tasks to queue
[2022-11-07T23:42:37.128-0300] {logging_mixin.py:117} INFO - [2022-11-07T23:42:37.128-0300] {dagbag.py:525} INFO - Filling up the DagBag from /home/renato/Documentos/datapipeline/.env/lib/python3.10/site-packages/airflow/example_dags/example_branch_operator_decorator.py
[2022-11-07T23:42:37.163-0300] {processor.py:768} INFO - DAG(s) dict_keys(['example_branch_python_operator_decorator']) retrieved from /home/renato/Documentos/datapipeline/.env/lib/python3.10/site-packages/airflow/example_dags/example_branch_operator_decorator.py
[2022-11-07T23:42:37.193-0300] {logging_mixin.py:117} INFO - [2022-11-07T23:42:37.193-0300] {dag.py:2573} INFO - Sync 1 DAGs
[2022-11-07T23:42:37.216-0300] {logging_mixin.py:117} INFO - [2022-11-07T23:42:37.216-0300] {dag.py:3324} INFO - Setting next_dagrun for example_branch_python_operator_decorator to 2022-11-07T00:00:00+00:00, run_after=2022-11-08T00:00:00+00:00
[2022-11-07T23:42:37.242-0300] {processor.py:178} INFO - Processing /home/renato/Documentos/datapipeline/.env/lib/python3.10/site-packages/airflow/example_dags/example_branch_operator_decorator.py took 0.122 seconds
[2022-11-07T23:43:18.674-0300] {processor.py:156} INFO - Started process (PID=967679) to work on /home/renato/Documentos/datapipeline/.env/lib/python3.10/site-packages/airflow/example_dags/example_branch_operator_decorator.py
[2022-11-07T23:43:18.677-0300] {processor.py:758} INFO - Processing file /home/renato/Documentos/datapipeline/.env/lib/python3.10/site-packages/airflow/example_dags/example_branch_operator_decorator.py for tasks to queue
[2022-11-07T23:43:18.678-0300] {logging_mixin.py:117} INFO - [2022-11-07T23:43:18.678-0300] {dagbag.py:525} INFO - Filling up the DagBag from /home/renato/Documentos/datapipeline/.env/lib/python3.10/site-packages/airflow/example_dags/example_branch_operator_decorator.py
[2022-11-07T23:43:18.713-0300] {processor.py:768} INFO - DAG(s) dict_keys(['example_branch_python_operator_decorator']) retrieved from /home/renato/Documentos/datapipeline/.env/lib/python3.10/site-packages/airflow/example_dags/example_branch_operator_decorator.py
[2022-11-07T23:43:18.737-0300] {logging_mixin.py:117} INFO - [2022-11-07T23:43:18.737-0300] {dag.py:2573} INFO - Sync 1 DAGs
[2022-11-07T23:43:18.757-0300] {logging_mixin.py:117} INFO - [2022-11-07T23:43:18.756-0300] {dag.py:3324} INFO - Setting next_dagrun for example_branch_python_operator_decorator to 2022-11-07T00:00:00+00:00, run_after=2022-11-08T00:00:00+00:00
[2022-11-07T23:43:18.780-0300] {processor.py:178} INFO - Processing /home/renato/Documentos/datapipeline/.env/lib/python3.10/site-packages/airflow/example_dags/example_branch_operator_decorator.py took 0.112 seconds
