[2022-11-07T23:27:09.289-0300] {processor.py:156} INFO - Started process (PID=965207) to work on /home/renato/Documentos/datapipeline/.env/lib/python3.10/site-packages/airflow/example_dags/example_sla_dag.py
[2022-11-07T23:27:09.290-0300] {processor.py:758} INFO - Processing file /home/renato/Documentos/datapipeline/.env/lib/python3.10/site-packages/airflow/example_dags/example_sla_dag.py for tasks to queue
[2022-11-07T23:27:09.291-0300] {logging_mixin.py:117} INFO - [2022-11-07T23:27:09.290-0300] {dagbag.py:525} INFO - Filling up the DagBag from /home/renato/Documentos/datapipeline/.env/lib/python3.10/site-packages/airflow/example_dags/example_sla_dag.py
[2022-11-07T23:27:09.326-0300] {processor.py:768} INFO - DAG(s) dict_keys(['example_sla_dag']) retrieved from /home/renato/Documentos/datapipeline/.env/lib/python3.10/site-packages/airflow/example_dags/example_sla_dag.py
[2022-11-07T23:27:09.349-0300] {logging_mixin.py:117} INFO - [2022-11-07T23:27:09.349-0300] {dag.py:2573} INFO - Sync 1 DAGs
[2022-11-07T23:27:09.379-0300] {logging_mixin.py:117} INFO - [2022-11-07T23:27:09.378-0300] {dag.py:3324} INFO - Setting next_dagrun for example_sla_dag to 2022-11-08T02:24:00+00:00, run_after=2022-11-08T02:26:00+00:00
[2022-11-07T23:27:09.427-0300] {processor.py:178} INFO - Processing /home/renato/Documentos/datapipeline/.env/lib/python3.10/site-packages/airflow/example_dags/example_sla_dag.py took 0.141 seconds
[2022-11-07T23:27:48.446-0300] {processor.py:156} INFO - Started process (PID=965425) to work on /home/renato/Documentos/datapipeline/.env/lib/python3.10/site-packages/airflow/example_dags/example_sla_dag.py
[2022-11-07T23:27:48.449-0300] {processor.py:758} INFO - Processing file /home/renato/Documentos/datapipeline/.env/lib/python3.10/site-packages/airflow/example_dags/example_sla_dag.py for tasks to queue
[2022-11-07T23:27:48.451-0300] {logging_mixin.py:117} INFO - [2022-11-07T23:27:48.450-0300] {dagbag.py:525} INFO - Filling up the DagBag from /home/renato/Documentos/datapipeline/.env/lib/python3.10/site-packages/airflow/example_dags/example_sla_dag.py
[2022-11-07T23:27:48.485-0300] {processor.py:768} INFO - DAG(s) dict_keys(['example_sla_dag']) retrieved from /home/renato/Documentos/datapipeline/.env/lib/python3.10/site-packages/airflow/example_dags/example_sla_dag.py
[2022-11-07T23:27:48.508-0300] {logging_mixin.py:117} INFO - [2022-11-07T23:27:48.508-0300] {dag.py:2573} INFO - Sync 1 DAGs
[2022-11-07T23:27:48.529-0300] {logging_mixin.py:117} INFO - [2022-11-07T23:27:48.529-0300] {dag.py:3324} INFO - Setting next_dagrun for example_sla_dag to 2022-11-08T02:24:00+00:00, run_after=2022-11-08T02:26:00+00:00
[2022-11-07T23:27:48.552-0300] {processor.py:178} INFO - Processing /home/renato/Documentos/datapipeline/.env/lib/python3.10/site-packages/airflow/example_dags/example_sla_dag.py took 0.113 seconds
[2022-11-07T23:28:27.646-0300] {processor.py:156} INFO - Started process (PID=965504) to work on /home/renato/Documentos/datapipeline/.env/lib/python3.10/site-packages/airflow/example_dags/example_sla_dag.py
[2022-11-07T23:28:27.650-0300] {processor.py:758} INFO - Processing file /home/renato/Documentos/datapipeline/.env/lib/python3.10/site-packages/airflow/example_dags/example_sla_dag.py for tasks to queue
[2022-11-07T23:28:27.651-0300] {logging_mixin.py:117} INFO - [2022-11-07T23:28:27.651-0300] {dagbag.py:525} INFO - Filling up the DagBag from /home/renato/Documentos/datapipeline/.env/lib/python3.10/site-packages/airflow/example_dags/example_sla_dag.py
[2022-11-07T23:28:27.678-0300] {processor.py:768} INFO - DAG(s) dict_keys(['example_sla_dag']) retrieved from /home/renato/Documentos/datapipeline/.env/lib/python3.10/site-packages/airflow/example_dags/example_sla_dag.py
[2022-11-07T23:28:27.698-0300] {logging_mixin.py:117} INFO - [2022-11-07T23:28:27.697-0300] {dag.py:2573} INFO - Sync 1 DAGs
[2022-11-07T23:28:27.717-0300] {logging_mixin.py:117} INFO - [2022-11-07T23:28:27.717-0300] {dag.py:3324} INFO - Setting next_dagrun for example_sla_dag to 2022-11-08T02:26:00+00:00, run_after=2022-11-08T02:28:00+00:00
[2022-11-07T23:28:27.739-0300] {processor.py:178} INFO - Processing /home/renato/Documentos/datapipeline/.env/lib/python3.10/site-packages/airflow/example_dags/example_sla_dag.py took 0.101 seconds
[2022-11-07T23:29:04.452-0300] {processor.py:156} INFO - Started process (PID=965579) to work on /home/renato/Documentos/datapipeline/.env/lib/python3.10/site-packages/airflow/example_dags/example_sla_dag.py
[2022-11-07T23:29:04.455-0300] {processor.py:758} INFO - Processing file /home/renato/Documentos/datapipeline/.env/lib/python3.10/site-packages/airflow/example_dags/example_sla_dag.py for tasks to queue
[2022-11-07T23:29:04.457-0300] {logging_mixin.py:117} INFO - [2022-11-07T23:29:04.456-0300] {dagbag.py:525} INFO - Filling up the DagBag from /home/renato/Documentos/datapipeline/.env/lib/python3.10/site-packages/airflow/example_dags/example_sla_dag.py
[2022-11-07T23:29:04.488-0300] {processor.py:768} INFO - DAG(s) dict_keys(['example_sla_dag']) retrieved from /home/renato/Documentos/datapipeline/.env/lib/python3.10/site-packages/airflow/example_dags/example_sla_dag.py
[2022-11-07T23:29:04.508-0300] {logging_mixin.py:117} INFO - [2022-11-07T23:29:04.508-0300] {dag.py:2573} INFO - Sync 1 DAGs
[2022-11-07T23:29:04.527-0300] {logging_mixin.py:117} INFO - [2022-11-07T23:29:04.527-0300] {dag.py:3324} INFO - Setting next_dagrun for example_sla_dag to 2022-11-08T02:26:00+00:00, run_after=2022-11-08T02:28:00+00:00
[2022-11-07T23:29:04.550-0300] {processor.py:178} INFO - Processing /home/renato/Documentos/datapipeline/.env/lib/python3.10/site-packages/airflow/example_dags/example_sla_dag.py took 0.104 seconds
[2022-11-07T23:29:41.422-0300] {processor.py:156} INFO - Started process (PID=965654) to work on /home/renato/Documentos/datapipeline/.env/lib/python3.10/site-packages/airflow/example_dags/example_sla_dag.py
[2022-11-07T23:29:41.423-0300] {processor.py:758} INFO - Processing file /home/renato/Documentos/datapipeline/.env/lib/python3.10/site-packages/airflow/example_dags/example_sla_dag.py for tasks to queue
[2022-11-07T23:29:41.424-0300] {logging_mixin.py:117} INFO - [2022-11-07T23:29:41.424-0300] {dagbag.py:525} INFO - Filling up the DagBag from /home/renato/Documentos/datapipeline/.env/lib/python3.10/site-packages/airflow/example_dags/example_sla_dag.py
[2022-11-07T23:29:41.450-0300] {processor.py:768} INFO - DAG(s) dict_keys(['example_sla_dag']) retrieved from /home/renato/Documentos/datapipeline/.env/lib/python3.10/site-packages/airflow/example_dags/example_sla_dag.py
[2022-11-07T23:29:41.472-0300] {logging_mixin.py:117} INFO - [2022-11-07T23:29:41.472-0300] {dag.py:2573} INFO - Sync 1 DAGs
[2022-11-07T23:29:41.491-0300] {logging_mixin.py:117} INFO - [2022-11-07T23:29:41.491-0300] {dag.py:3324} INFO - Setting next_dagrun for example_sla_dag to 2022-11-08T02:26:00+00:00, run_after=2022-11-08T02:28:00+00:00
[2022-11-07T23:29:41.515-0300] {processor.py:178} INFO - Processing /home/renato/Documentos/datapipeline/.env/lib/python3.10/site-packages/airflow/example_dags/example_sla_dag.py took 0.097 seconds
[2022-11-07T23:30:18.445-0300] {processor.py:156} INFO - Started process (PID=965728) to work on /home/renato/Documentos/datapipeline/.env/lib/python3.10/site-packages/airflow/example_dags/example_sla_dag.py
[2022-11-07T23:30:18.447-0300] {processor.py:758} INFO - Processing file /home/renato/Documentos/datapipeline/.env/lib/python3.10/site-packages/airflow/example_dags/example_sla_dag.py for tasks to queue
[2022-11-07T23:30:18.448-0300] {logging_mixin.py:117} INFO - [2022-11-07T23:30:18.448-0300] {dagbag.py:525} INFO - Filling up the DagBag from /home/renato/Documentos/datapipeline/.env/lib/python3.10/site-packages/airflow/example_dags/example_sla_dag.py
[2022-11-07T23:30:18.481-0300] {processor.py:768} INFO - DAG(s) dict_keys(['example_sla_dag']) retrieved from /home/renato/Documentos/datapipeline/.env/lib/python3.10/site-packages/airflow/example_dags/example_sla_dag.py
[2022-11-07T23:30:18.506-0300] {logging_mixin.py:117} INFO - [2022-11-07T23:30:18.506-0300] {dag.py:2573} INFO - Sync 1 DAGs
[2022-11-07T23:30:18.528-0300] {logging_mixin.py:117} INFO - [2022-11-07T23:30:18.528-0300] {dag.py:3324} INFO - Setting next_dagrun for example_sla_dag to 2022-11-08T02:28:00+00:00, run_after=2022-11-08T02:30:00+00:00
[2022-11-07T23:30:18.552-0300] {processor.py:178} INFO - Processing /home/renato/Documentos/datapipeline/.env/lib/python3.10/site-packages/airflow/example_dags/example_sla_dag.py took 0.112 seconds
[2022-11-07T23:30:55.957-0300] {processor.py:156} INFO - Started process (PID=965802) to work on /home/renato/Documentos/datapipeline/.env/lib/python3.10/site-packages/airflow/example_dags/example_sla_dag.py
[2022-11-07T23:30:55.960-0300] {processor.py:758} INFO - Processing file /home/renato/Documentos/datapipeline/.env/lib/python3.10/site-packages/airflow/example_dags/example_sla_dag.py for tasks to queue
[2022-11-07T23:30:55.962-0300] {logging_mixin.py:117} INFO - [2022-11-07T23:30:55.961-0300] {dagbag.py:525} INFO - Filling up the DagBag from /home/renato/Documentos/datapipeline/.env/lib/python3.10/site-packages/airflow/example_dags/example_sla_dag.py
[2022-11-07T23:30:55.989-0300] {processor.py:768} INFO - DAG(s) dict_keys(['example_sla_dag']) retrieved from /home/renato/Documentos/datapipeline/.env/lib/python3.10/site-packages/airflow/example_dags/example_sla_dag.py
[2022-11-07T23:30:56.010-0300] {logging_mixin.py:117} INFO - [2022-11-07T23:30:56.010-0300] {dag.py:2573} INFO - Sync 1 DAGs
[2022-11-07T23:30:56.029-0300] {logging_mixin.py:117} INFO - [2022-11-07T23:30:56.029-0300] {dag.py:3324} INFO - Setting next_dagrun for example_sla_dag to 2022-11-08T02:28:00+00:00, run_after=2022-11-08T02:30:00+00:00
[2022-11-07T23:30:56.052-0300] {processor.py:178} INFO - Processing /home/renato/Documentos/datapipeline/.env/lib/python3.10/site-packages/airflow/example_dags/example_sla_dag.py took 0.101 seconds
[2022-11-07T23:31:37.010-0300] {processor.py:156} INFO - Started process (PID=965882) to work on /home/renato/Documentos/datapipeline/.env/lib/python3.10/site-packages/airflow/example_dags/example_sla_dag.py
[2022-11-07T23:31:37.013-0300] {processor.py:758} INFO - Processing file /home/renato/Documentos/datapipeline/.env/lib/python3.10/site-packages/airflow/example_dags/example_sla_dag.py for tasks to queue
[2022-11-07T23:31:37.015-0300] {logging_mixin.py:117} INFO - [2022-11-07T23:31:37.014-0300] {dagbag.py:525} INFO - Filling up the DagBag from /home/renato/Documentos/datapipeline/.env/lib/python3.10/site-packages/airflow/example_dags/example_sla_dag.py
[2022-11-07T23:31:37.051-0300] {processor.py:768} INFO - DAG(s) dict_keys(['example_sla_dag']) retrieved from /home/renato/Documentos/datapipeline/.env/lib/python3.10/site-packages/airflow/example_dags/example_sla_dag.py
[2022-11-07T23:31:37.073-0300] {logging_mixin.py:117} INFO - [2022-11-07T23:31:37.073-0300] {dag.py:2573} INFO - Sync 1 DAGs
[2022-11-07T23:31:37.092-0300] {logging_mixin.py:117} INFO - [2022-11-07T23:31:37.092-0300] {dag.py:3324} INFO - Setting next_dagrun for example_sla_dag to 2022-11-08T02:28:00+00:00, run_after=2022-11-08T02:30:00+00:00
[2022-11-07T23:31:37.118-0300] {processor.py:178} INFO - Processing /home/renato/Documentos/datapipeline/.env/lib/python3.10/site-packages/airflow/example_dags/example_sla_dag.py took 0.114 seconds
[2022-11-07T23:32:16.816-0300] {processor.py:156} INFO - Started process (PID=966061) to work on /home/renato/Documentos/datapipeline/.env/lib/python3.10/site-packages/airflow/example_dags/example_sla_dag.py
[2022-11-07T23:32:16.818-0300] {processor.py:758} INFO - Processing file /home/renato/Documentos/datapipeline/.env/lib/python3.10/site-packages/airflow/example_dags/example_sla_dag.py for tasks to queue
[2022-11-07T23:32:16.818-0300] {logging_mixin.py:117} INFO - [2022-11-07T23:32:16.818-0300] {dagbag.py:525} INFO - Filling up the DagBag from /home/renato/Documentos/datapipeline/.env/lib/python3.10/site-packages/airflow/example_dags/example_sla_dag.py
[2022-11-07T23:32:16.840-0300] {processor.py:768} INFO - DAG(s) dict_keys(['example_sla_dag']) retrieved from /home/renato/Documentos/datapipeline/.env/lib/python3.10/site-packages/airflow/example_dags/example_sla_dag.py
[2022-11-07T23:32:16.860-0300] {logging_mixin.py:117} INFO - [2022-11-07T23:32:16.860-0300] {dag.py:2573} INFO - Sync 1 DAGs
[2022-11-07T23:32:16.886-0300] {logging_mixin.py:117} INFO - [2022-11-07T23:32:16.886-0300] {dag.py:3324} INFO - Setting next_dagrun for example_sla_dag to 2022-11-08T02:30:00+00:00, run_after=2022-11-08T02:32:00+00:00
[2022-11-07T23:32:16.912-0300] {processor.py:178} INFO - Processing /home/renato/Documentos/datapipeline/.env/lib/python3.10/site-packages/airflow/example_dags/example_sla_dag.py took 0.099 seconds
[2022-11-07T23:32:56.022-0300] {processor.py:156} INFO - Started process (PID=966170) to work on /home/renato/Documentos/datapipeline/.env/lib/python3.10/site-packages/airflow/example_dags/example_sla_dag.py
[2022-11-07T23:32:56.026-0300] {processor.py:758} INFO - Processing file /home/renato/Documentos/datapipeline/.env/lib/python3.10/site-packages/airflow/example_dags/example_sla_dag.py for tasks to queue
[2022-11-07T23:32:56.026-0300] {logging_mixin.py:117} INFO - [2022-11-07T23:32:56.026-0300] {dagbag.py:525} INFO - Filling up the DagBag from /home/renato/Documentos/datapipeline/.env/lib/python3.10/site-packages/airflow/example_dags/example_sla_dag.py
[2022-11-07T23:32:56.054-0300] {processor.py:768} INFO - DAG(s) dict_keys(['example_sla_dag']) retrieved from /home/renato/Documentos/datapipeline/.env/lib/python3.10/site-packages/airflow/example_dags/example_sla_dag.py
[2022-11-07T23:32:56.074-0300] {logging_mixin.py:117} INFO - [2022-11-07T23:32:56.074-0300] {dag.py:2573} INFO - Sync 1 DAGs
[2022-11-07T23:32:56.093-0300] {logging_mixin.py:117} INFO - [2022-11-07T23:32:56.093-0300] {dag.py:3324} INFO - Setting next_dagrun for example_sla_dag to 2022-11-08T02:30:00+00:00, run_after=2022-11-08T02:32:00+00:00
[2022-11-07T23:32:56.115-0300] {processor.py:178} INFO - Processing /home/renato/Documentos/datapipeline/.env/lib/python3.10/site-packages/airflow/example_dags/example_sla_dag.py took 0.099 seconds
[2022-11-07T23:33:32.589-0300] {processor.py:156} INFO - Started process (PID=966243) to work on /home/renato/Documentos/datapipeline/.env/lib/python3.10/site-packages/airflow/example_dags/example_sla_dag.py
[2022-11-07T23:33:32.592-0300] {processor.py:758} INFO - Processing file /home/renato/Documentos/datapipeline/.env/lib/python3.10/site-packages/airflow/example_dags/example_sla_dag.py for tasks to queue
[2022-11-07T23:33:32.593-0300] {logging_mixin.py:117} INFO - [2022-11-07T23:33:32.593-0300] {dagbag.py:525} INFO - Filling up the DagBag from /home/renato/Documentos/datapipeline/.env/lib/python3.10/site-packages/airflow/example_dags/example_sla_dag.py
[2022-11-07T23:33:32.620-0300] {processor.py:768} INFO - DAG(s) dict_keys(['example_sla_dag']) retrieved from /home/renato/Documentos/datapipeline/.env/lib/python3.10/site-packages/airflow/example_dags/example_sla_dag.py
[2022-11-07T23:33:32.642-0300] {logging_mixin.py:117} INFO - [2022-11-07T23:33:32.642-0300] {dag.py:2573} INFO - Sync 1 DAGs
[2022-11-07T23:33:32.661-0300] {logging_mixin.py:117} INFO - [2022-11-07T23:33:32.661-0300] {dag.py:3324} INFO - Setting next_dagrun for example_sla_dag to 2022-11-08T02:30:00+00:00, run_after=2022-11-08T02:32:00+00:00
[2022-11-07T23:33:32.683-0300] {processor.py:178} INFO - Processing /home/renato/Documentos/datapipeline/.env/lib/python3.10/site-packages/airflow/example_dags/example_sla_dag.py took 0.101 seconds
[2022-11-07T23:34:10.138-0300] {processor.py:156} INFO - Started process (PID=966317) to work on /home/renato/Documentos/datapipeline/.env/lib/python3.10/site-packages/airflow/example_dags/example_sla_dag.py
[2022-11-07T23:34:10.144-0300] {processor.py:758} INFO - Processing file /home/renato/Documentos/datapipeline/.env/lib/python3.10/site-packages/airflow/example_dags/example_sla_dag.py for tasks to queue
[2022-11-07T23:34:10.145-0300] {logging_mixin.py:117} INFO - [2022-11-07T23:34:10.145-0300] {dagbag.py:525} INFO - Filling up the DagBag from /home/renato/Documentos/datapipeline/.env/lib/python3.10/site-packages/airflow/example_dags/example_sla_dag.py
[2022-11-07T23:34:10.175-0300] {processor.py:768} INFO - DAG(s) dict_keys(['example_sla_dag']) retrieved from /home/renato/Documentos/datapipeline/.env/lib/python3.10/site-packages/airflow/example_dags/example_sla_dag.py
[2022-11-07T23:34:10.197-0300] {logging_mixin.py:117} INFO - [2022-11-07T23:34:10.197-0300] {dag.py:2573} INFO - Sync 1 DAGs
[2022-11-07T23:34:10.218-0300] {logging_mixin.py:117} INFO - [2022-11-07T23:34:10.218-0300] {dag.py:3324} INFO - Setting next_dagrun for example_sla_dag to 2022-11-08T02:32:00+00:00, run_after=2022-11-08T02:34:00+00:00
[2022-11-07T23:34:10.243-0300] {processor.py:178} INFO - Processing /home/renato/Documentos/datapipeline/.env/lib/python3.10/site-packages/airflow/example_dags/example_sla_dag.py took 0.109 seconds
[2022-11-07T23:34:47.785-0300] {processor.py:156} INFO - Started process (PID=966393) to work on /home/renato/Documentos/datapipeline/.env/lib/python3.10/site-packages/airflow/example_dags/example_sla_dag.py
[2022-11-07T23:34:47.791-0300] {processor.py:758} INFO - Processing file /home/renato/Documentos/datapipeline/.env/lib/python3.10/site-packages/airflow/example_dags/example_sla_dag.py for tasks to queue
[2022-11-07T23:34:47.793-0300] {logging_mixin.py:117} INFO - [2022-11-07T23:34:47.792-0300] {dagbag.py:525} INFO - Filling up the DagBag from /home/renato/Documentos/datapipeline/.env/lib/python3.10/site-packages/airflow/example_dags/example_sla_dag.py
[2022-11-07T23:34:47.824-0300] {processor.py:768} INFO - DAG(s) dict_keys(['example_sla_dag']) retrieved from /home/renato/Documentos/datapipeline/.env/lib/python3.10/site-packages/airflow/example_dags/example_sla_dag.py
[2022-11-07T23:34:47.848-0300] {logging_mixin.py:117} INFO - [2022-11-07T23:34:47.848-0300] {dag.py:2573} INFO - Sync 1 DAGs
[2022-11-07T23:34:47.869-0300] {logging_mixin.py:117} INFO - [2022-11-07T23:34:47.869-0300] {dag.py:3324} INFO - Setting next_dagrun for example_sla_dag to 2022-11-08T02:32:00+00:00, run_after=2022-11-08T02:34:00+00:00
[2022-11-07T23:34:47.894-0300] {processor.py:178} INFO - Processing /home/renato/Documentos/datapipeline/.env/lib/python3.10/site-packages/airflow/example_dags/example_sla_dag.py took 0.117 seconds
[2022-11-07T23:35:25.265-0300] {processor.py:156} INFO - Started process (PID=966468) to work on /home/renato/Documentos/datapipeline/.env/lib/python3.10/site-packages/airflow/example_dags/example_sla_dag.py
[2022-11-07T23:35:25.271-0300] {processor.py:758} INFO - Processing file /home/renato/Documentos/datapipeline/.env/lib/python3.10/site-packages/airflow/example_dags/example_sla_dag.py for tasks to queue
[2022-11-07T23:35:25.272-0300] {logging_mixin.py:117} INFO - [2022-11-07T23:35:25.272-0300] {dagbag.py:525} INFO - Filling up the DagBag from /home/renato/Documentos/datapipeline/.env/lib/python3.10/site-packages/airflow/example_dags/example_sla_dag.py
[2022-11-07T23:35:25.305-0300] {processor.py:768} INFO - DAG(s) dict_keys(['example_sla_dag']) retrieved from /home/renato/Documentos/datapipeline/.env/lib/python3.10/site-packages/airflow/example_dags/example_sla_dag.py
[2022-11-07T23:35:25.327-0300] {logging_mixin.py:117} INFO - [2022-11-07T23:35:25.326-0300] {dag.py:2573} INFO - Sync 1 DAGs
[2022-11-07T23:35:25.349-0300] {logging_mixin.py:117} INFO - [2022-11-07T23:35:25.349-0300] {dag.py:3324} INFO - Setting next_dagrun for example_sla_dag to 2022-11-08T02:32:00+00:00, run_after=2022-11-08T02:34:00+00:00
[2022-11-07T23:35:25.373-0300] {processor.py:178} INFO - Processing /home/renato/Documentos/datapipeline/.env/lib/python3.10/site-packages/airflow/example_dags/example_sla_dag.py took 0.113 seconds
[2022-11-07T23:35:59.925-0300] {processor.py:156} INFO - Started process (PID=966537) to work on /home/renato/Documentos/datapipeline/.env/lib/python3.10/site-packages/airflow/example_dags/example_sla_dag.py
[2022-11-07T23:35:59.927-0300] {processor.py:758} INFO - Processing file /home/renato/Documentos/datapipeline/.env/lib/python3.10/site-packages/airflow/example_dags/example_sla_dag.py for tasks to queue
[2022-11-07T23:35:59.928-0300] {logging_mixin.py:117} INFO - [2022-11-07T23:35:59.928-0300] {dagbag.py:525} INFO - Filling up the DagBag from /home/renato/Documentos/datapipeline/.env/lib/python3.10/site-packages/airflow/example_dags/example_sla_dag.py
[2022-11-07T23:35:59.955-0300] {processor.py:768} INFO - DAG(s) dict_keys(['example_sla_dag']) retrieved from /home/renato/Documentos/datapipeline/.env/lib/python3.10/site-packages/airflow/example_dags/example_sla_dag.py
[2022-11-07T23:35:59.975-0300] {logging_mixin.py:117} INFO - [2022-11-07T23:35:59.974-0300] {dag.py:2573} INFO - Sync 1 DAGs
[2022-11-07T23:35:59.994-0300] {logging_mixin.py:117} INFO - [2022-11-07T23:35:59.994-0300] {dag.py:3324} INFO - Setting next_dagrun for example_sla_dag to 2022-11-08T02:32:00+00:00, run_after=2022-11-08T02:34:00+00:00
[2022-11-07T23:36:00.023-0300] {processor.py:178} INFO - Processing /home/renato/Documentos/datapipeline/.env/lib/python3.10/site-packages/airflow/example_dags/example_sla_dag.py took 0.104 seconds
[2022-11-07T23:36:40.098-0300] {processor.py:156} INFO - Started process (PID=966615) to work on /home/renato/Documentos/datapipeline/.env/lib/python3.10/site-packages/airflow/example_dags/example_sla_dag.py
[2022-11-07T23:36:40.100-0300] {processor.py:758} INFO - Processing file /home/renato/Documentos/datapipeline/.env/lib/python3.10/site-packages/airflow/example_dags/example_sla_dag.py for tasks to queue
[2022-11-07T23:36:40.101-0300] {logging_mixin.py:117} INFO - [2022-11-07T23:36:40.101-0300] {dagbag.py:525} INFO - Filling up the DagBag from /home/renato/Documentos/datapipeline/.env/lib/python3.10/site-packages/airflow/example_dags/example_sla_dag.py
[2022-11-07T23:36:40.132-0300] {processor.py:768} INFO - DAG(s) dict_keys(['example_sla_dag']) retrieved from /home/renato/Documentos/datapipeline/.env/lib/python3.10/site-packages/airflow/example_dags/example_sla_dag.py
[2022-11-07T23:36:40.159-0300] {logging_mixin.py:117} INFO - [2022-11-07T23:36:40.158-0300] {dag.py:2573} INFO - Sync 1 DAGs
[2022-11-07T23:36:40.180-0300] {logging_mixin.py:117} INFO - [2022-11-07T23:36:40.180-0300] {dag.py:3324} INFO - Setting next_dagrun for example_sla_dag to 2022-11-08T02:34:00+00:00, run_after=2022-11-08T02:36:00+00:00
[2022-11-07T23:36:40.204-0300] {processor.py:178} INFO - Processing /home/renato/Documentos/datapipeline/.env/lib/python3.10/site-packages/airflow/example_dags/example_sla_dag.py took 0.111 seconds
[2022-11-07T23:37:16.620-0300] {processor.py:156} INFO - Started process (PID=966786) to work on /home/renato/Documentos/datapipeline/.env/lib/python3.10/site-packages/airflow/example_dags/example_sla_dag.py
[2022-11-07T23:37:16.621-0300] {processor.py:758} INFO - Processing file /home/renato/Documentos/datapipeline/.env/lib/python3.10/site-packages/airflow/example_dags/example_sla_dag.py for tasks to queue
[2022-11-07T23:37:16.622-0300] {logging_mixin.py:117} INFO - [2022-11-07T23:37:16.622-0300] {dagbag.py:525} INFO - Filling up the DagBag from /home/renato/Documentos/datapipeline/.env/lib/python3.10/site-packages/airflow/example_dags/example_sla_dag.py
[2022-11-07T23:37:16.648-0300] {processor.py:768} INFO - DAG(s) dict_keys(['example_sla_dag']) retrieved from /home/renato/Documentos/datapipeline/.env/lib/python3.10/site-packages/airflow/example_dags/example_sla_dag.py
[2022-11-07T23:37:16.669-0300] {logging_mixin.py:117} INFO - [2022-11-07T23:37:16.669-0300] {dag.py:2573} INFO - Sync 1 DAGs
[2022-11-07T23:37:16.691-0300] {logging_mixin.py:117} INFO - [2022-11-07T23:37:16.691-0300] {dag.py:3324} INFO - Setting next_dagrun for example_sla_dag to 2022-11-08T02:34:00+00:00, run_after=2022-11-08T02:36:00+00:00
[2022-11-07T23:37:16.712-0300] {processor.py:178} INFO - Processing /home/renato/Documentos/datapipeline/.env/lib/python3.10/site-packages/airflow/example_dags/example_sla_dag.py took 0.095 seconds
[2022-11-07T23:37:52.982-0300] {processor.py:156} INFO - Started process (PID=966892) to work on /home/renato/Documentos/datapipeline/.env/lib/python3.10/site-packages/airflow/example_dags/example_sla_dag.py
[2022-11-07T23:37:52.985-0300] {processor.py:758} INFO - Processing file /home/renato/Documentos/datapipeline/.env/lib/python3.10/site-packages/airflow/example_dags/example_sla_dag.py for tasks to queue
[2022-11-07T23:37:52.986-0300] {logging_mixin.py:117} INFO - [2022-11-07T23:37:52.986-0300] {dagbag.py:525} INFO - Filling up the DagBag from /home/renato/Documentos/datapipeline/.env/lib/python3.10/site-packages/airflow/example_dags/example_sla_dag.py
[2022-11-07T23:37:53.019-0300] {processor.py:768} INFO - DAG(s) dict_keys(['example_sla_dag']) retrieved from /home/renato/Documentos/datapipeline/.env/lib/python3.10/site-packages/airflow/example_dags/example_sla_dag.py
[2022-11-07T23:37:53.040-0300] {logging_mixin.py:117} INFO - [2022-11-07T23:37:53.040-0300] {dag.py:2573} INFO - Sync 1 DAGs
[2022-11-07T23:37:53.059-0300] {logging_mixin.py:117} INFO - [2022-11-07T23:37:53.059-0300] {dag.py:3324} INFO - Setting next_dagrun for example_sla_dag to 2022-11-08T02:34:00+00:00, run_after=2022-11-08T02:36:00+00:00
[2022-11-07T23:37:53.080-0300] {processor.py:178} INFO - Processing /home/renato/Documentos/datapipeline/.env/lib/python3.10/site-packages/airflow/example_dags/example_sla_dag.py took 0.106 seconds
[2022-11-07T23:38:29.442-0300] {processor.py:156} INFO - Started process (PID=966962) to work on /home/renato/Documentos/datapipeline/.env/lib/python3.10/site-packages/airflow/example_dags/example_sla_dag.py
[2022-11-07T23:38:29.445-0300] {processor.py:758} INFO - Processing file /home/renato/Documentos/datapipeline/.env/lib/python3.10/site-packages/airflow/example_dags/example_sla_dag.py for tasks to queue
[2022-11-07T23:38:29.447-0300] {logging_mixin.py:117} INFO - [2022-11-07T23:38:29.446-0300] {dagbag.py:525} INFO - Filling up the DagBag from /home/renato/Documentos/datapipeline/.env/lib/python3.10/site-packages/airflow/example_dags/example_sla_dag.py
[2022-11-07T23:38:29.484-0300] {processor.py:768} INFO - DAG(s) dict_keys(['example_sla_dag']) retrieved from /home/renato/Documentos/datapipeline/.env/lib/python3.10/site-packages/airflow/example_dags/example_sla_dag.py
[2022-11-07T23:38:29.508-0300] {logging_mixin.py:117} INFO - [2022-11-07T23:38:29.508-0300] {dag.py:2573} INFO - Sync 1 DAGs
[2022-11-07T23:38:29.527-0300] {logging_mixin.py:117} INFO - [2022-11-07T23:38:29.527-0300] {dag.py:3324} INFO - Setting next_dagrun for example_sla_dag to 2022-11-08T02:36:00+00:00, run_after=2022-11-08T02:38:00+00:00
[2022-11-07T23:38:29.550-0300] {processor.py:178} INFO - Processing /home/renato/Documentos/datapipeline/.env/lib/python3.10/site-packages/airflow/example_dags/example_sla_dag.py took 0.119 seconds
[2022-11-07T23:39:10.971-0300] {processor.py:156} INFO - Started process (PID=967061) to work on /home/renato/Documentos/datapipeline/.env/lib/python3.10/site-packages/airflow/example_dags/example_sla_dag.py
[2022-11-07T23:39:10.976-0300] {processor.py:758} INFO - Processing file /home/renato/Documentos/datapipeline/.env/lib/python3.10/site-packages/airflow/example_dags/example_sla_dag.py for tasks to queue
[2022-11-07T23:39:10.977-0300] {logging_mixin.py:117} INFO - [2022-11-07T23:39:10.977-0300] {dagbag.py:525} INFO - Filling up the DagBag from /home/renato/Documentos/datapipeline/.env/lib/python3.10/site-packages/airflow/example_dags/example_sla_dag.py
[2022-11-07T23:39:11.016-0300] {processor.py:768} INFO - DAG(s) dict_keys(['example_sla_dag']) retrieved from /home/renato/Documentos/datapipeline/.env/lib/python3.10/site-packages/airflow/example_dags/example_sla_dag.py
[2022-11-07T23:39:11.039-0300] {logging_mixin.py:117} INFO - [2022-11-07T23:39:11.039-0300] {dag.py:2573} INFO - Sync 1 DAGs
[2022-11-07T23:39:11.059-0300] {logging_mixin.py:117} INFO - [2022-11-07T23:39:11.058-0300] {dag.py:3324} INFO - Setting next_dagrun for example_sla_dag to 2022-11-08T02:36:00+00:00, run_after=2022-11-08T02:38:00+00:00
[2022-11-07T23:39:11.080-0300] {processor.py:178} INFO - Processing /home/renato/Documentos/datapipeline/.env/lib/python3.10/site-packages/airflow/example_dags/example_sla_dag.py took 0.113 seconds
[2022-11-07T23:39:43.358-0300] {processor.py:156} INFO - Started process (PID=967121) to work on /home/renato/Documentos/datapipeline/.env/lib/python3.10/site-packages/airflow/example_dags/example_sla_dag.py
[2022-11-07T23:39:43.360-0300] {processor.py:758} INFO - Processing file /home/renato/Documentos/datapipeline/.env/lib/python3.10/site-packages/airflow/example_dags/example_sla_dag.py for tasks to queue
[2022-11-07T23:39:43.361-0300] {logging_mixin.py:117} INFO - [2022-11-07T23:39:43.361-0300] {dagbag.py:525} INFO - Filling up the DagBag from /home/renato/Documentos/datapipeline/.env/lib/python3.10/site-packages/airflow/example_dags/example_sla_dag.py
[2022-11-07T23:39:43.405-0300] {processor.py:768} INFO - DAG(s) dict_keys(['example_sla_dag']) retrieved from /home/renato/Documentos/datapipeline/.env/lib/python3.10/site-packages/airflow/example_dags/example_sla_dag.py
[2022-11-07T23:39:43.458-0300] {logging_mixin.py:117} INFO - [2022-11-07T23:39:43.458-0300] {dag.py:2573} INFO - Sync 1 DAGs
[2022-11-07T23:39:43.508-0300] {logging_mixin.py:117} INFO - [2022-11-07T23:39:43.508-0300] {dag.py:3324} INFO - Setting next_dagrun for example_sla_dag to 2022-11-08T02:36:00+00:00, run_after=2022-11-08T02:38:00+00:00
[2022-11-07T23:39:43.545-0300] {processor.py:178} INFO - Processing /home/renato/Documentos/datapipeline/.env/lib/python3.10/site-packages/airflow/example_dags/example_sla_dag.py took 0.190 seconds
[2022-11-07T23:40:23.997-0300] {processor.py:156} INFO - Started process (PID=967204) to work on /home/renato/Documentos/datapipeline/.env/lib/python3.10/site-packages/airflow/example_dags/example_sla_dag.py
[2022-11-07T23:40:24.001-0300] {processor.py:758} INFO - Processing file /home/renato/Documentos/datapipeline/.env/lib/python3.10/site-packages/airflow/example_dags/example_sla_dag.py for tasks to queue
[2022-11-07T23:40:24.001-0300] {logging_mixin.py:117} INFO - [2022-11-07T23:40:24.001-0300] {dagbag.py:525} INFO - Filling up the DagBag from /home/renato/Documentos/datapipeline/.env/lib/python3.10/site-packages/airflow/example_dags/example_sla_dag.py
[2022-11-07T23:40:24.034-0300] {processor.py:768} INFO - DAG(s) dict_keys(['example_sla_dag']) retrieved from /home/renato/Documentos/datapipeline/.env/lib/python3.10/site-packages/airflow/example_dags/example_sla_dag.py
[2022-11-07T23:40:24.058-0300] {logging_mixin.py:117} INFO - [2022-11-07T23:40:24.056-0300] {dag.py:2573} INFO - Sync 1 DAGs
[2022-11-07T23:40:24.090-0300] {logging_mixin.py:117} INFO - [2022-11-07T23:40:24.090-0300] {dag.py:3324} INFO - Setting next_dagrun for example_sla_dag to 2022-11-08T02:38:00+00:00, run_after=2022-11-08T02:40:00+00:00
[2022-11-07T23:40:24.126-0300] {processor.py:178} INFO - Processing /home/renato/Documentos/datapipeline/.env/lib/python3.10/site-packages/airflow/example_dags/example_sla_dag.py took 0.132 seconds
[2022-11-07T23:41:03.987-0300] {processor.py:156} INFO - Started process (PID=967281) to work on /home/renato/Documentos/datapipeline/.env/lib/python3.10/site-packages/airflow/example_dags/example_sla_dag.py
[2022-11-07T23:41:03.989-0300] {processor.py:758} INFO - Processing file /home/renato/Documentos/datapipeline/.env/lib/python3.10/site-packages/airflow/example_dags/example_sla_dag.py for tasks to queue
[2022-11-07T23:41:03.990-0300] {logging_mixin.py:117} INFO - [2022-11-07T23:41:03.990-0300] {dagbag.py:525} INFO - Filling up the DagBag from /home/renato/Documentos/datapipeline/.env/lib/python3.10/site-packages/airflow/example_dags/example_sla_dag.py
[2022-11-07T23:41:04.013-0300] {processor.py:768} INFO - DAG(s) dict_keys(['example_sla_dag']) retrieved from /home/renato/Documentos/datapipeline/.env/lib/python3.10/site-packages/airflow/example_dags/example_sla_dag.py
[2022-11-07T23:41:04.035-0300] {logging_mixin.py:117} INFO - [2022-11-07T23:41:04.035-0300] {dag.py:2573} INFO - Sync 1 DAGs
[2022-11-07T23:41:04.056-0300] {logging_mixin.py:117} INFO - [2022-11-07T23:41:04.056-0300] {dag.py:3324} INFO - Setting next_dagrun for example_sla_dag to 2022-11-08T02:38:00+00:00, run_after=2022-11-08T02:40:00+00:00
[2022-11-07T23:41:04.081-0300] {processor.py:178} INFO - Processing /home/renato/Documentos/datapipeline/.env/lib/python3.10/site-packages/airflow/example_dags/example_sla_dag.py took 0.097 seconds
[2022-11-07T23:41:42.169-0300] {processor.py:156} INFO - Started process (PID=967362) to work on /home/renato/Documentos/datapipeline/.env/lib/python3.10/site-packages/airflow/example_dags/example_sla_dag.py
[2022-11-07T23:41:42.171-0300] {processor.py:758} INFO - Processing file /home/renato/Documentos/datapipeline/.env/lib/python3.10/site-packages/airflow/example_dags/example_sla_dag.py for tasks to queue
[2022-11-07T23:41:42.171-0300] {logging_mixin.py:117} INFO - [2022-11-07T23:41:42.171-0300] {dagbag.py:525} INFO - Filling up the DagBag from /home/renato/Documentos/datapipeline/.env/lib/python3.10/site-packages/airflow/example_dags/example_sla_dag.py
[2022-11-07T23:41:42.193-0300] {processor.py:768} INFO - DAG(s) dict_keys(['example_sla_dag']) retrieved from /home/renato/Documentos/datapipeline/.env/lib/python3.10/site-packages/airflow/example_dags/example_sla_dag.py
[2022-11-07T23:41:42.214-0300] {logging_mixin.py:117} INFO - [2022-11-07T23:41:42.214-0300] {dag.py:2573} INFO - Sync 1 DAGs
[2022-11-07T23:41:42.235-0300] {logging_mixin.py:117} INFO - [2022-11-07T23:41:42.235-0300] {dag.py:3324} INFO - Setting next_dagrun for example_sla_dag to 2022-11-08T02:38:00+00:00, run_after=2022-11-08T02:40:00+00:00
[2022-11-07T23:41:42.258-0300] {processor.py:178} INFO - Processing /home/renato/Documentos/datapipeline/.env/lib/python3.10/site-packages/airflow/example_dags/example_sla_dag.py took 0.091 seconds
[2022-11-07T23:42:23.016-0300] {processor.py:156} INFO - Started process (PID=967571) to work on /home/renato/Documentos/datapipeline/.env/lib/python3.10/site-packages/airflow/example_dags/example_sla_dag.py
[2022-11-07T23:42:23.018-0300] {processor.py:758} INFO - Processing file /home/renato/Documentos/datapipeline/.env/lib/python3.10/site-packages/airflow/example_dags/example_sla_dag.py for tasks to queue
[2022-11-07T23:42:23.019-0300] {logging_mixin.py:117} INFO - [2022-11-07T23:42:23.019-0300] {dagbag.py:525} INFO - Filling up the DagBag from /home/renato/Documentos/datapipeline/.env/lib/python3.10/site-packages/airflow/example_dags/example_sla_dag.py
[2022-11-07T23:42:23.041-0300] {processor.py:768} INFO - DAG(s) dict_keys(['example_sla_dag']) retrieved from /home/renato/Documentos/datapipeline/.env/lib/python3.10/site-packages/airflow/example_dags/example_sla_dag.py
[2022-11-07T23:42:23.063-0300] {logging_mixin.py:117} INFO - [2022-11-07T23:42:23.063-0300] {dag.py:2573} INFO - Sync 1 DAGs
[2022-11-07T23:42:23.084-0300] {logging_mixin.py:117} INFO - [2022-11-07T23:42:23.083-0300] {dag.py:3324} INFO - Setting next_dagrun for example_sla_dag to 2022-11-08T02:40:00+00:00, run_after=2022-11-08T02:42:00+00:00
[2022-11-07T23:42:23.107-0300] {processor.py:178} INFO - Processing /home/renato/Documentos/datapipeline/.env/lib/python3.10/site-packages/airflow/example_dags/example_sla_dag.py took 0.094 seconds
[2022-11-07T23:43:02.147-0300] {processor.py:156} INFO - Started process (PID=967646) to work on /home/renato/Documentos/datapipeline/.env/lib/python3.10/site-packages/airflow/example_dags/example_sla_dag.py
[2022-11-07T23:43:02.150-0300] {processor.py:758} INFO - Processing file /home/renato/Documentos/datapipeline/.env/lib/python3.10/site-packages/airflow/example_dags/example_sla_dag.py for tasks to queue
[2022-11-07T23:43:02.151-0300] {logging_mixin.py:117} INFO - [2022-11-07T23:43:02.150-0300] {dagbag.py:525} INFO - Filling up the DagBag from /home/renato/Documentos/datapipeline/.env/lib/python3.10/site-packages/airflow/example_dags/example_sla_dag.py
[2022-11-07T23:43:02.179-0300] {processor.py:768} INFO - DAG(s) dict_keys(['example_sla_dag']) retrieved from /home/renato/Documentos/datapipeline/.env/lib/python3.10/site-packages/airflow/example_dags/example_sla_dag.py
[2022-11-07T23:43:02.201-0300] {logging_mixin.py:117} INFO - [2022-11-07T23:43:02.201-0300] {dag.py:2573} INFO - Sync 1 DAGs
[2022-11-07T23:43:02.222-0300] {logging_mixin.py:117} INFO - [2022-11-07T23:43:02.221-0300] {dag.py:3324} INFO - Setting next_dagrun for example_sla_dag to 2022-11-08T02:40:00+00:00, run_after=2022-11-08T02:42:00+00:00
[2022-11-07T23:43:02.243-0300] {processor.py:178} INFO - Processing /home/renato/Documentos/datapipeline/.env/lib/python3.10/site-packages/airflow/example_dags/example_sla_dag.py took 0.100 seconds
