[2022-11-07T23:26:57.815-0300] {processor.py:156} INFO - Started process (PID=965183) to work on /home/renato/Documentos/datapipeline/.env/lib/python3.10/site-packages/airflow/example_dags/example_short_circuit_decorator.py
[2022-11-07T23:26:57.816-0300] {processor.py:758} INFO - Processing file /home/renato/Documentos/datapipeline/.env/lib/python3.10/site-packages/airflow/example_dags/example_short_circuit_decorator.py for tasks to queue
[2022-11-07T23:26:57.816-0300] {logging_mixin.py:117} INFO - [2022-11-07T23:26:57.816-0300] {dagbag.py:525} INFO - Filling up the DagBag from /home/renato/Documentos/datapipeline/.env/lib/python3.10/site-packages/airflow/example_dags/example_short_circuit_decorator.py
[2022-11-07T23:26:57.846-0300] {processor.py:768} INFO - DAG(s) dict_keys(['example_short_circuit_decorator']) retrieved from /home/renato/Documentos/datapipeline/.env/lib/python3.10/site-packages/airflow/example_dags/example_short_circuit_decorator.py
[2022-11-07T23:26:57.868-0300] {logging_mixin.py:117} INFO - [2022-11-07T23:26:57.867-0300] {dag.py:2573} INFO - Sync 1 DAGs
[2022-11-07T23:26:57.887-0300] {logging_mixin.py:117} INFO - [2022-11-07T23:26:57.887-0300] {dag.py:3324} INFO - Setting next_dagrun for example_short_circuit_decorator to 2022-11-07T02:26:57.887438+00:00, run_after=2022-11-08T02:26:57.887438+00:00
[2022-11-07T23:26:58.853-0300] {processor.py:178} INFO - Processing /home/renato/Documentos/datapipeline/.env/lib/python3.10/site-packages/airflow/example_dags/example_short_circuit_decorator.py took 1.040 seconds
[2022-11-07T23:27:37.045-0300] {processor.py:156} INFO - Started process (PID=965401) to work on /home/renato/Documentos/datapipeline/.env/lib/python3.10/site-packages/airflow/example_dags/example_short_circuit_decorator.py
[2022-11-07T23:27:37.047-0300] {processor.py:758} INFO - Processing file /home/renato/Documentos/datapipeline/.env/lib/python3.10/site-packages/airflow/example_dags/example_short_circuit_decorator.py for tasks to queue
[2022-11-07T23:27:37.048-0300] {logging_mixin.py:117} INFO - [2022-11-07T23:27:37.048-0300] {dagbag.py:525} INFO - Filling up the DagBag from /home/renato/Documentos/datapipeline/.env/lib/python3.10/site-packages/airflow/example_dags/example_short_circuit_decorator.py
[2022-11-07T23:27:37.078-0300] {processor.py:768} INFO - DAG(s) dict_keys(['example_short_circuit_decorator']) retrieved from /home/renato/Documentos/datapipeline/.env/lib/python3.10/site-packages/airflow/example_dags/example_short_circuit_decorator.py
[2022-11-07T23:27:37.098-0300] {logging_mixin.py:117} INFO - [2022-11-07T23:27:37.098-0300] {dag.py:2573} INFO - Sync 1 DAGs
[2022-11-07T23:27:37.116-0300] {logging_mixin.py:117} INFO - [2022-11-07T23:27:37.116-0300] {dag.py:3324} INFO - Setting next_dagrun for example_short_circuit_decorator to 2022-11-07T02:27:37.116470+00:00, run_after=2022-11-08T02:27:37.116470+00:00
[2022-11-07T23:27:37.140-0300] {processor.py:178} INFO - Processing /home/renato/Documentos/datapipeline/.env/lib/python3.10/site-packages/airflow/example_dags/example_short_circuit_decorator.py took 0.099 seconds
[2022-11-07T23:28:14.866-0300] {processor.py:156} INFO - Started process (PID=965477) to work on /home/renato/Documentos/datapipeline/.env/lib/python3.10/site-packages/airflow/example_dags/example_short_circuit_decorator.py
[2022-11-07T23:28:14.872-0300] {processor.py:758} INFO - Processing file /home/renato/Documentos/datapipeline/.env/lib/python3.10/site-packages/airflow/example_dags/example_short_circuit_decorator.py for tasks to queue
[2022-11-07T23:28:14.873-0300] {logging_mixin.py:117} INFO - [2022-11-07T23:28:14.873-0300] {dagbag.py:525} INFO - Filling up the DagBag from /home/renato/Documentos/datapipeline/.env/lib/python3.10/site-packages/airflow/example_dags/example_short_circuit_decorator.py
[2022-11-07T23:28:14.913-0300] {processor.py:768} INFO - DAG(s) dict_keys(['example_short_circuit_decorator']) retrieved from /home/renato/Documentos/datapipeline/.env/lib/python3.10/site-packages/airflow/example_dags/example_short_circuit_decorator.py
[2022-11-07T23:28:14.940-0300] {logging_mixin.py:117} INFO - [2022-11-07T23:28:14.940-0300] {dag.py:2573} INFO - Sync 1 DAGs
[2022-11-07T23:28:14.957-0300] {logging_mixin.py:117} INFO - [2022-11-07T23:28:14.957-0300] {dag.py:3324} INFO - Setting next_dagrun for example_short_circuit_decorator to 2022-11-07T02:28:14.957301+00:00, run_after=2022-11-08T02:28:14.957301+00:00
[2022-11-07T23:28:14.980-0300] {processor.py:178} INFO - Processing /home/renato/Documentos/datapipeline/.env/lib/python3.10/site-packages/airflow/example_dags/example_short_circuit_decorator.py took 0.123 seconds
[2022-11-07T23:28:51.501-0300] {processor.py:156} INFO - Started process (PID=965554) to work on /home/renato/Documentos/datapipeline/.env/lib/python3.10/site-packages/airflow/example_dags/example_short_circuit_decorator.py
[2022-11-07T23:28:51.508-0300] {processor.py:758} INFO - Processing file /home/renato/Documentos/datapipeline/.env/lib/python3.10/site-packages/airflow/example_dags/example_short_circuit_decorator.py for tasks to queue
[2022-11-07T23:28:51.509-0300] {logging_mixin.py:117} INFO - [2022-11-07T23:28:51.508-0300] {dagbag.py:525} INFO - Filling up the DagBag from /home/renato/Documentos/datapipeline/.env/lib/python3.10/site-packages/airflow/example_dags/example_short_circuit_decorator.py
[2022-11-07T23:28:51.551-0300] {processor.py:768} INFO - DAG(s) dict_keys(['example_short_circuit_decorator']) retrieved from /home/renato/Documentos/datapipeline/.env/lib/python3.10/site-packages/airflow/example_dags/example_short_circuit_decorator.py
[2022-11-07T23:28:51.585-0300] {logging_mixin.py:117} INFO - [2022-11-07T23:28:51.585-0300] {dag.py:2573} INFO - Sync 1 DAGs
[2022-11-07T23:28:51.607-0300] {logging_mixin.py:117} INFO - [2022-11-07T23:28:51.607-0300] {dag.py:3324} INFO - Setting next_dagrun for example_short_circuit_decorator to 2022-11-07T02:28:51.607413+00:00, run_after=2022-11-08T02:28:51.607413+00:00
[2022-11-07T23:28:51.649-0300] {processor.py:178} INFO - Processing /home/renato/Documentos/datapipeline/.env/lib/python3.10/site-packages/airflow/example_dags/example_short_circuit_decorator.py took 0.152 seconds
[2022-11-07T23:29:27.760-0300] {processor.py:156} INFO - Started process (PID=965625) to work on /home/renato/Documentos/datapipeline/.env/lib/python3.10/site-packages/airflow/example_dags/example_short_circuit_decorator.py
[2022-11-07T23:29:27.763-0300] {processor.py:758} INFO - Processing file /home/renato/Documentos/datapipeline/.env/lib/python3.10/site-packages/airflow/example_dags/example_short_circuit_decorator.py for tasks to queue
[2022-11-07T23:29:27.764-0300] {logging_mixin.py:117} INFO - [2022-11-07T23:29:27.764-0300] {dagbag.py:525} INFO - Filling up the DagBag from /home/renato/Documentos/datapipeline/.env/lib/python3.10/site-packages/airflow/example_dags/example_short_circuit_decorator.py
[2022-11-07T23:29:27.795-0300] {processor.py:768} INFO - DAG(s) dict_keys(['example_short_circuit_decorator']) retrieved from /home/renato/Documentos/datapipeline/.env/lib/python3.10/site-packages/airflow/example_dags/example_short_circuit_decorator.py
[2022-11-07T23:29:27.821-0300] {logging_mixin.py:117} INFO - [2022-11-07T23:29:27.821-0300] {dag.py:2573} INFO - Sync 1 DAGs
[2022-11-07T23:29:27.841-0300] {logging_mixin.py:117} INFO - [2022-11-07T23:29:27.841-0300] {dag.py:3324} INFO - Setting next_dagrun for example_short_circuit_decorator to 2022-11-07T02:29:27.840983+00:00, run_after=2022-11-08T02:29:27.840983+00:00
[2022-11-07T23:29:27.870-0300] {processor.py:178} INFO - Processing /home/renato/Documentos/datapipeline/.env/lib/python3.10/site-packages/airflow/example_dags/example_short_circuit_decorator.py took 0.112 seconds
[2022-11-07T23:30:04.236-0300] {processor.py:156} INFO - Started process (PID=965701) to work on /home/renato/Documentos/datapipeline/.env/lib/python3.10/site-packages/airflow/example_dags/example_short_circuit_decorator.py
[2022-11-07T23:30:04.240-0300] {processor.py:758} INFO - Processing file /home/renato/Documentos/datapipeline/.env/lib/python3.10/site-packages/airflow/example_dags/example_short_circuit_decorator.py for tasks to queue
[2022-11-07T23:30:04.241-0300] {logging_mixin.py:117} INFO - [2022-11-07T23:30:04.241-0300] {dagbag.py:525} INFO - Filling up the DagBag from /home/renato/Documentos/datapipeline/.env/lib/python3.10/site-packages/airflow/example_dags/example_short_circuit_decorator.py
[2022-11-07T23:30:04.271-0300] {processor.py:768} INFO - DAG(s) dict_keys(['example_short_circuit_decorator']) retrieved from /home/renato/Documentos/datapipeline/.env/lib/python3.10/site-packages/airflow/example_dags/example_short_circuit_decorator.py
[2022-11-07T23:30:04.295-0300] {logging_mixin.py:117} INFO - [2022-11-07T23:30:04.294-0300] {dag.py:2573} INFO - Sync 1 DAGs
[2022-11-07T23:30:04.311-0300] {logging_mixin.py:117} INFO - [2022-11-07T23:30:04.311-0300] {dag.py:3324} INFO - Setting next_dagrun for example_short_circuit_decorator to 2022-11-07T02:30:04.311072+00:00, run_after=2022-11-08T02:30:04.311072+00:00
[2022-11-07T23:30:04.364-0300] {processor.py:178} INFO - Processing /home/renato/Documentos/datapipeline/.env/lib/python3.10/site-packages/airflow/example_dags/example_short_circuit_decorator.py took 0.137 seconds
[2022-11-07T23:30:41.826-0300] {processor.py:156} INFO - Started process (PID=965774) to work on /home/renato/Documentos/datapipeline/.env/lib/python3.10/site-packages/airflow/example_dags/example_short_circuit_decorator.py
[2022-11-07T23:30:41.828-0300] {processor.py:758} INFO - Processing file /home/renato/Documentos/datapipeline/.env/lib/python3.10/site-packages/airflow/example_dags/example_short_circuit_decorator.py for tasks to queue
[2022-11-07T23:30:41.829-0300] {logging_mixin.py:117} INFO - [2022-11-07T23:30:41.829-0300] {dagbag.py:525} INFO - Filling up the DagBag from /home/renato/Documentos/datapipeline/.env/lib/python3.10/site-packages/airflow/example_dags/example_short_circuit_decorator.py
[2022-11-07T23:30:41.851-0300] {processor.py:768} INFO - DAG(s) dict_keys(['example_short_circuit_decorator']) retrieved from /home/renato/Documentos/datapipeline/.env/lib/python3.10/site-packages/airflow/example_dags/example_short_circuit_decorator.py
[2022-11-07T23:30:41.873-0300] {logging_mixin.py:117} INFO - [2022-11-07T23:30:41.873-0300] {dag.py:2573} INFO - Sync 1 DAGs
[2022-11-07T23:30:41.891-0300] {logging_mixin.py:117} INFO - [2022-11-07T23:30:41.891-0300] {dag.py:3324} INFO - Setting next_dagrun for example_short_circuit_decorator to 2022-11-07T02:30:41.890883+00:00, run_after=2022-11-08T02:30:41.890883+00:00
[2022-11-07T23:30:41.918-0300] {processor.py:178} INFO - Processing /home/renato/Documentos/datapipeline/.env/lib/python3.10/site-packages/airflow/example_dags/example_short_circuit_decorator.py took 0.094 seconds
[2022-11-07T23:31:20.934-0300] {processor.py:156} INFO - Started process (PID=965851) to work on /home/renato/Documentos/datapipeline/.env/lib/python3.10/site-packages/airflow/example_dags/example_short_circuit_decorator.py
[2022-11-07T23:31:20.935-0300] {processor.py:758} INFO - Processing file /home/renato/Documentos/datapipeline/.env/lib/python3.10/site-packages/airflow/example_dags/example_short_circuit_decorator.py for tasks to queue
[2022-11-07T23:31:20.936-0300] {logging_mixin.py:117} INFO - [2022-11-07T23:31:20.936-0300] {dagbag.py:525} INFO - Filling up the DagBag from /home/renato/Documentos/datapipeline/.env/lib/python3.10/site-packages/airflow/example_dags/example_short_circuit_decorator.py
[2022-11-07T23:31:20.962-0300] {processor.py:768} INFO - DAG(s) dict_keys(['example_short_circuit_decorator']) retrieved from /home/renato/Documentos/datapipeline/.env/lib/python3.10/site-packages/airflow/example_dags/example_short_circuit_decorator.py
[2022-11-07T23:31:20.986-0300] {logging_mixin.py:117} INFO - [2022-11-07T23:31:20.986-0300] {dag.py:2573} INFO - Sync 1 DAGs
[2022-11-07T23:31:21.002-0300] {logging_mixin.py:117} INFO - [2022-11-07T23:31:21.002-0300] {dag.py:3324} INFO - Setting next_dagrun for example_short_circuit_decorator to 2022-11-07T02:31:21.002486+00:00, run_after=2022-11-08T02:31:21.002486+00:00
[2022-11-07T23:31:21.027-0300] {processor.py:178} INFO - Processing /home/renato/Documentos/datapipeline/.env/lib/python3.10/site-packages/airflow/example_dags/example_short_circuit_decorator.py took 0.097 seconds
[2022-11-07T23:31:54.008-0300] {processor.py:156} INFO - Started process (PID=965915) to work on /home/renato/Documentos/datapipeline/.env/lib/python3.10/site-packages/airflow/example_dags/example_short_circuit_decorator.py
[2022-11-07T23:31:54.009-0300] {processor.py:758} INFO - Processing file /home/renato/Documentos/datapipeline/.env/lib/python3.10/site-packages/airflow/example_dags/example_short_circuit_decorator.py for tasks to queue
[2022-11-07T23:31:54.010-0300] {logging_mixin.py:117} INFO - [2022-11-07T23:31:54.009-0300] {dagbag.py:525} INFO - Filling up the DagBag from /home/renato/Documentos/datapipeline/.env/lib/python3.10/site-packages/airflow/example_dags/example_short_circuit_decorator.py
[2022-11-07T23:31:54.032-0300] {processor.py:768} INFO - DAG(s) dict_keys(['example_short_circuit_decorator']) retrieved from /home/renato/Documentos/datapipeline/.env/lib/python3.10/site-packages/airflow/example_dags/example_short_circuit_decorator.py
[2022-11-07T23:31:54.054-0300] {logging_mixin.py:117} INFO - [2022-11-07T23:31:54.054-0300] {dag.py:2573} INFO - Sync 1 DAGs
[2022-11-07T23:31:54.072-0300] {logging_mixin.py:117} INFO - [2022-11-07T23:31:54.071-0300] {dag.py:3324} INFO - Setting next_dagrun for example_short_circuit_decorator to 2022-11-07T02:31:54.071721+00:00, run_after=2022-11-08T02:31:54.071721+00:00
[2022-11-07T23:31:54.099-0300] {processor.py:178} INFO - Processing /home/renato/Documentos/datapipeline/.env/lib/python3.10/site-packages/airflow/example_dags/example_short_circuit_decorator.py took 0.093 seconds
[2022-11-07T23:32:32.003-0300] {processor.py:156} INFO - Started process (PID=966123) to work on /home/renato/Documentos/datapipeline/.env/lib/python3.10/site-packages/airflow/example_dags/example_short_circuit_decorator.py
[2022-11-07T23:32:32.006-0300] {processor.py:758} INFO - Processing file /home/renato/Documentos/datapipeline/.env/lib/python3.10/site-packages/airflow/example_dags/example_short_circuit_decorator.py for tasks to queue
[2022-11-07T23:32:32.007-0300] {logging_mixin.py:117} INFO - [2022-11-07T23:32:32.007-0300] {dagbag.py:525} INFO - Filling up the DagBag from /home/renato/Documentos/datapipeline/.env/lib/python3.10/site-packages/airflow/example_dags/example_short_circuit_decorator.py
[2022-11-07T23:32:32.037-0300] {processor.py:768} INFO - DAG(s) dict_keys(['example_short_circuit_decorator']) retrieved from /home/renato/Documentos/datapipeline/.env/lib/python3.10/site-packages/airflow/example_dags/example_short_circuit_decorator.py
[2022-11-07T23:32:32.060-0300] {logging_mixin.py:117} INFO - [2022-11-07T23:32:32.060-0300] {dag.py:2573} INFO - Sync 1 DAGs
[2022-11-07T23:32:32.078-0300] {logging_mixin.py:117} INFO - [2022-11-07T23:32:32.078-0300] {dag.py:3324} INFO - Setting next_dagrun for example_short_circuit_decorator to 2022-11-07T02:32:32.078463+00:00, run_after=2022-11-08T02:32:32.078463+00:00
[2022-11-07T23:32:32.101-0300] {processor.py:178} INFO - Processing /home/renato/Documentos/datapipeline/.env/lib/python3.10/site-packages/airflow/example_dags/example_short_circuit_decorator.py took 0.104 seconds
[2022-11-07T23:33:11.331-0300] {processor.py:156} INFO - Started process (PID=966199) to work on /home/renato/Documentos/datapipeline/.env/lib/python3.10/site-packages/airflow/example_dags/example_short_circuit_decorator.py
[2022-11-07T23:33:11.334-0300] {processor.py:758} INFO - Processing file /home/renato/Documentos/datapipeline/.env/lib/python3.10/site-packages/airflow/example_dags/example_short_circuit_decorator.py for tasks to queue
[2022-11-07T23:33:11.335-0300] {logging_mixin.py:117} INFO - [2022-11-07T23:33:11.335-0300] {dagbag.py:525} INFO - Filling up the DagBag from /home/renato/Documentos/datapipeline/.env/lib/python3.10/site-packages/airflow/example_dags/example_short_circuit_decorator.py
[2022-11-07T23:33:11.369-0300] {processor.py:768} INFO - DAG(s) dict_keys(['example_short_circuit_decorator']) retrieved from /home/renato/Documentos/datapipeline/.env/lib/python3.10/site-packages/airflow/example_dags/example_short_circuit_decorator.py
[2022-11-07T23:33:11.394-0300] {logging_mixin.py:117} INFO - [2022-11-07T23:33:11.394-0300] {dag.py:2573} INFO - Sync 1 DAGs
[2022-11-07T23:33:11.411-0300] {logging_mixin.py:117} INFO - [2022-11-07T23:33:11.411-0300] {dag.py:3324} INFO - Setting next_dagrun for example_short_circuit_decorator to 2022-11-07T02:33:11.411308+00:00, run_after=2022-11-08T02:33:11.411308+00:00
[2022-11-07T23:33:11.435-0300] {processor.py:178} INFO - Processing /home/renato/Documentos/datapipeline/.env/lib/python3.10/site-packages/airflow/example_dags/example_short_circuit_decorator.py took 0.110 seconds
[2022-11-07T23:33:50.518-0300] {processor.py:156} INFO - Started process (PID=966277) to work on /home/renato/Documentos/datapipeline/.env/lib/python3.10/site-packages/airflow/example_dags/example_short_circuit_decorator.py
[2022-11-07T23:33:50.523-0300] {processor.py:758} INFO - Processing file /home/renato/Documentos/datapipeline/.env/lib/python3.10/site-packages/airflow/example_dags/example_short_circuit_decorator.py for tasks to queue
[2022-11-07T23:33:50.523-0300] {logging_mixin.py:117} INFO - [2022-11-07T23:33:50.523-0300] {dagbag.py:525} INFO - Filling up the DagBag from /home/renato/Documentos/datapipeline/.env/lib/python3.10/site-packages/airflow/example_dags/example_short_circuit_decorator.py
[2022-11-07T23:33:50.545-0300] {processor.py:768} INFO - DAG(s) dict_keys(['example_short_circuit_decorator']) retrieved from /home/renato/Documentos/datapipeline/.env/lib/python3.10/site-packages/airflow/example_dags/example_short_circuit_decorator.py
[2022-11-07T23:33:50.568-0300] {logging_mixin.py:117} INFO - [2022-11-07T23:33:50.567-0300] {dag.py:2573} INFO - Sync 1 DAGs
[2022-11-07T23:33:50.584-0300] {logging_mixin.py:117} INFO - [2022-11-07T23:33:50.584-0300] {dag.py:3324} INFO - Setting next_dagrun for example_short_circuit_decorator to 2022-11-07T02:33:50.584134+00:00, run_after=2022-11-08T02:33:50.584134+00:00
[2022-11-07T23:33:50.608-0300] {processor.py:178} INFO - Processing /home/renato/Documentos/datapipeline/.env/lib/python3.10/site-packages/airflow/example_dags/example_short_circuit_decorator.py took 0.093 seconds
[2022-11-07T23:34:22.852-0300] {processor.py:156} INFO - Started process (PID=966343) to work on /home/renato/Documentos/datapipeline/.env/lib/python3.10/site-packages/airflow/example_dags/example_short_circuit_decorator.py
[2022-11-07T23:34:22.854-0300] {processor.py:758} INFO - Processing file /home/renato/Documentos/datapipeline/.env/lib/python3.10/site-packages/airflow/example_dags/example_short_circuit_decorator.py for tasks to queue
[2022-11-07T23:34:22.855-0300] {logging_mixin.py:117} INFO - [2022-11-07T23:34:22.855-0300] {dagbag.py:525} INFO - Filling up the DagBag from /home/renato/Documentos/datapipeline/.env/lib/python3.10/site-packages/airflow/example_dags/example_short_circuit_decorator.py
[2022-11-07T23:34:22.888-0300] {processor.py:768} INFO - DAG(s) dict_keys(['example_short_circuit_decorator']) retrieved from /home/renato/Documentos/datapipeline/.env/lib/python3.10/site-packages/airflow/example_dags/example_short_circuit_decorator.py
[2022-11-07T23:34:22.910-0300] {logging_mixin.py:117} INFO - [2022-11-07T23:34:22.910-0300] {dag.py:2573} INFO - Sync 1 DAGs
[2022-11-07T23:34:22.926-0300] {logging_mixin.py:117} INFO - [2022-11-07T23:34:22.926-0300] {dag.py:3324} INFO - Setting next_dagrun for example_short_circuit_decorator to 2022-11-07T02:34:22.926333+00:00, run_after=2022-11-08T02:34:22.926333+00:00
[2022-11-07T23:34:22.948-0300] {processor.py:178} INFO - Processing /home/renato/Documentos/datapipeline/.env/lib/python3.10/site-packages/airflow/example_dags/example_short_circuit_decorator.py took 0.101 seconds
[2022-11-07T23:35:00.657-0300] {processor.py:156} INFO - Started process (PID=966418) to work on /home/renato/Documentos/datapipeline/.env/lib/python3.10/site-packages/airflow/example_dags/example_short_circuit_decorator.py
[2022-11-07T23:35:00.661-0300] {processor.py:758} INFO - Processing file /home/renato/Documentos/datapipeline/.env/lib/python3.10/site-packages/airflow/example_dags/example_short_circuit_decorator.py for tasks to queue
[2022-11-07T23:35:00.662-0300] {logging_mixin.py:117} INFO - [2022-11-07T23:35:00.661-0300] {dagbag.py:525} INFO - Filling up the DagBag from /home/renato/Documentos/datapipeline/.env/lib/python3.10/site-packages/airflow/example_dags/example_short_circuit_decorator.py
[2022-11-07T23:35:00.696-0300] {processor.py:768} INFO - DAG(s) dict_keys(['example_short_circuit_decorator']) retrieved from /home/renato/Documentos/datapipeline/.env/lib/python3.10/site-packages/airflow/example_dags/example_short_circuit_decorator.py
[2022-11-07T23:35:00.721-0300] {logging_mixin.py:117} INFO - [2022-11-07T23:35:00.721-0300] {dag.py:2573} INFO - Sync 1 DAGs
[2022-11-07T23:35:00.737-0300] {logging_mixin.py:117} INFO - [2022-11-07T23:35:00.737-0300] {dag.py:3324} INFO - Setting next_dagrun for example_short_circuit_decorator to 2022-11-07T02:35:00.736804+00:00, run_after=2022-11-08T02:35:00.736804+00:00
[2022-11-07T23:35:00.759-0300] {processor.py:178} INFO - Processing /home/renato/Documentos/datapipeline/.env/lib/python3.10/site-packages/airflow/example_dags/example_short_circuit_decorator.py took 0.107 seconds
[2022-11-07T23:35:37.717-0300] {processor.py:156} INFO - Started process (PID=966493) to work on /home/renato/Documentos/datapipeline/.env/lib/python3.10/site-packages/airflow/example_dags/example_short_circuit_decorator.py
[2022-11-07T23:35:37.720-0300] {processor.py:758} INFO - Processing file /home/renato/Documentos/datapipeline/.env/lib/python3.10/site-packages/airflow/example_dags/example_short_circuit_decorator.py for tasks to queue
[2022-11-07T23:35:37.721-0300] {logging_mixin.py:117} INFO - [2022-11-07T23:35:37.721-0300] {dagbag.py:525} INFO - Filling up the DagBag from /home/renato/Documentos/datapipeline/.env/lib/python3.10/site-packages/airflow/example_dags/example_short_circuit_decorator.py
[2022-11-07T23:35:37.752-0300] {processor.py:768} INFO - DAG(s) dict_keys(['example_short_circuit_decorator']) retrieved from /home/renato/Documentos/datapipeline/.env/lib/python3.10/site-packages/airflow/example_dags/example_short_circuit_decorator.py
[2022-11-07T23:35:37.776-0300] {logging_mixin.py:117} INFO - [2022-11-07T23:35:37.775-0300] {dag.py:2573} INFO - Sync 1 DAGs
[2022-11-07T23:35:37.795-0300] {logging_mixin.py:117} INFO - [2022-11-07T23:35:37.794-0300] {dag.py:3324} INFO - Setting next_dagrun for example_short_circuit_decorator to 2022-11-07T02:35:37.794581+00:00, run_after=2022-11-08T02:35:37.794581+00:00
[2022-11-07T23:35:37.818-0300] {processor.py:178} INFO - Processing /home/renato/Documentos/datapipeline/.env/lib/python3.10/site-packages/airflow/example_dags/example_short_circuit_decorator.py took 0.107 seconds
[2022-11-07T23:36:16.383-0300] {processor.py:156} INFO - Started process (PID=966569) to work on /home/renato/Documentos/datapipeline/.env/lib/python3.10/site-packages/airflow/example_dags/example_short_circuit_decorator.py
[2022-11-07T23:36:16.386-0300] {processor.py:758} INFO - Processing file /home/renato/Documentos/datapipeline/.env/lib/python3.10/site-packages/airflow/example_dags/example_short_circuit_decorator.py for tasks to queue
[2022-11-07T23:36:16.388-0300] {logging_mixin.py:117} INFO - [2022-11-07T23:36:16.387-0300] {dagbag.py:525} INFO - Filling up the DagBag from /home/renato/Documentos/datapipeline/.env/lib/python3.10/site-packages/airflow/example_dags/example_short_circuit_decorator.py
[2022-11-07T23:36:16.419-0300] {processor.py:768} INFO - DAG(s) dict_keys(['example_short_circuit_decorator']) retrieved from /home/renato/Documentos/datapipeline/.env/lib/python3.10/site-packages/airflow/example_dags/example_short_circuit_decorator.py
[2022-11-07T23:36:16.441-0300] {logging_mixin.py:117} INFO - [2022-11-07T23:36:16.440-0300] {dag.py:2573} INFO - Sync 1 DAGs
[2022-11-07T23:36:16.457-0300] {logging_mixin.py:117} INFO - [2022-11-07T23:36:16.457-0300] {dag.py:3324} INFO - Setting next_dagrun for example_short_circuit_decorator to 2022-11-07T02:36:16.457107+00:00, run_after=2022-11-08T02:36:16.457107+00:00
[2022-11-07T23:36:16.481-0300] {processor.py:178} INFO - Processing /home/renato/Documentos/datapipeline/.env/lib/python3.10/site-packages/airflow/example_dags/example_short_circuit_decorator.py took 0.111 seconds
[2022-11-07T23:36:47.025-0300] {processor.py:156} INFO - Started process (PID=966629) to work on /home/renato/Documentos/datapipeline/.env/lib/python3.10/site-packages/airflow/example_dags/example_short_circuit_decorator.py
[2022-11-07T23:36:47.026-0300] {processor.py:758} INFO - Processing file /home/renato/Documentos/datapipeline/.env/lib/python3.10/site-packages/airflow/example_dags/example_short_circuit_decorator.py for tasks to queue
[2022-11-07T23:36:47.027-0300] {logging_mixin.py:117} INFO - [2022-11-07T23:36:47.027-0300] {dagbag.py:525} INFO - Filling up the DagBag from /home/renato/Documentos/datapipeline/.env/lib/python3.10/site-packages/airflow/example_dags/example_short_circuit_decorator.py
[2022-11-07T23:36:47.060-0300] {processor.py:768} INFO - DAG(s) dict_keys(['example_short_circuit_decorator']) retrieved from /home/renato/Documentos/datapipeline/.env/lib/python3.10/site-packages/airflow/example_dags/example_short_circuit_decorator.py
[2022-11-07T23:36:47.081-0300] {logging_mixin.py:117} INFO - [2022-11-07T23:36:47.081-0300] {dag.py:2573} INFO - Sync 1 DAGs
[2022-11-07T23:36:47.098-0300] {logging_mixin.py:117} INFO - [2022-11-07T23:36:47.098-0300] {dag.py:3324} INFO - Setting next_dagrun for example_short_circuit_decorator to 2022-11-07T02:36:47.098140+00:00, run_after=2022-11-08T02:36:47.098140+00:00
[2022-11-07T23:36:47.121-0300] {processor.py:178} INFO - Processing /home/renato/Documentos/datapipeline/.env/lib/python3.10/site-packages/airflow/example_dags/example_short_circuit_decorator.py took 0.104 seconds
[2022-11-07T23:37:23.033-0300] {processor.py:156} INFO - Started process (PID=966833) to work on /home/renato/Documentos/datapipeline/.env/lib/python3.10/site-packages/airflow/example_dags/example_short_circuit_decorator.py
[2022-11-07T23:37:23.040-0300] {processor.py:758} INFO - Processing file /home/renato/Documentos/datapipeline/.env/lib/python3.10/site-packages/airflow/example_dags/example_short_circuit_decorator.py for tasks to queue
[2022-11-07T23:37:23.041-0300] {logging_mixin.py:117} INFO - [2022-11-07T23:37:23.041-0300] {dagbag.py:525} INFO - Filling up the DagBag from /home/renato/Documentos/datapipeline/.env/lib/python3.10/site-packages/airflow/example_dags/example_short_circuit_decorator.py
[2022-11-07T23:37:23.066-0300] {processor.py:768} INFO - DAG(s) dict_keys(['example_short_circuit_decorator']) retrieved from /home/renato/Documentos/datapipeline/.env/lib/python3.10/site-packages/airflow/example_dags/example_short_circuit_decorator.py
[2022-11-07T23:37:23.088-0300] {logging_mixin.py:117} INFO - [2022-11-07T23:37:23.088-0300] {dag.py:2573} INFO - Sync 1 DAGs
[2022-11-07T23:37:23.107-0300] {logging_mixin.py:117} INFO - [2022-11-07T23:37:23.107-0300] {dag.py:3324} INFO - Setting next_dagrun for example_short_circuit_decorator to 2022-11-07T02:37:23.107091+00:00, run_after=2022-11-08T02:37:23.107091+00:00
[2022-11-07T23:37:23.130-0300] {processor.py:178} INFO - Processing /home/renato/Documentos/datapipeline/.env/lib/python3.10/site-packages/airflow/example_dags/example_short_circuit_decorator.py took 0.101 seconds
[2022-11-07T23:37:59.820-0300] {processor.py:156} INFO - Started process (PID=966905) to work on /home/renato/Documentos/datapipeline/.env/lib/python3.10/site-packages/airflow/example_dags/example_short_circuit_decorator.py
[2022-11-07T23:37:59.822-0300] {processor.py:758} INFO - Processing file /home/renato/Documentos/datapipeline/.env/lib/python3.10/site-packages/airflow/example_dags/example_short_circuit_decorator.py for tasks to queue
[2022-11-07T23:37:59.822-0300] {logging_mixin.py:117} INFO - [2022-11-07T23:37:59.822-0300] {dagbag.py:525} INFO - Filling up the DagBag from /home/renato/Documentos/datapipeline/.env/lib/python3.10/site-packages/airflow/example_dags/example_short_circuit_decorator.py
[2022-11-07T23:37:59.845-0300] {processor.py:768} INFO - DAG(s) dict_keys(['example_short_circuit_decorator']) retrieved from /home/renato/Documentos/datapipeline/.env/lib/python3.10/site-packages/airflow/example_dags/example_short_circuit_decorator.py
[2022-11-07T23:37:59.871-0300] {logging_mixin.py:117} INFO - [2022-11-07T23:37:59.871-0300] {dag.py:2573} INFO - Sync 1 DAGs
[2022-11-07T23:37:59.895-0300] {logging_mixin.py:117} INFO - [2022-11-07T23:37:59.895-0300] {dag.py:3324} INFO - Setting next_dagrun for example_short_circuit_decorator to 2022-11-07T02:37:59.894775+00:00, run_after=2022-11-08T02:37:59.894775+00:00
[2022-11-07T23:37:59.922-0300] {processor.py:178} INFO - Processing /home/renato/Documentos/datapipeline/.env/lib/python3.10/site-packages/airflow/example_dags/example_short_circuit_decorator.py took 0.105 seconds
[2022-11-07T23:38:36.223-0300] {processor.py:156} INFO - Started process (PID=966975) to work on /home/renato/Documentos/datapipeline/.env/lib/python3.10/site-packages/airflow/example_dags/example_short_circuit_decorator.py
[2022-11-07T23:38:36.226-0300] {processor.py:758} INFO - Processing file /home/renato/Documentos/datapipeline/.env/lib/python3.10/site-packages/airflow/example_dags/example_short_circuit_decorator.py for tasks to queue
[2022-11-07T23:38:36.227-0300] {logging_mixin.py:117} INFO - [2022-11-07T23:38:36.227-0300] {dagbag.py:525} INFO - Filling up the DagBag from /home/renato/Documentos/datapipeline/.env/lib/python3.10/site-packages/airflow/example_dags/example_short_circuit_decorator.py
[2022-11-07T23:38:36.260-0300] {processor.py:768} INFO - DAG(s) dict_keys(['example_short_circuit_decorator']) retrieved from /home/renato/Documentos/datapipeline/.env/lib/python3.10/site-packages/airflow/example_dags/example_short_circuit_decorator.py
[2022-11-07T23:38:36.282-0300] {logging_mixin.py:117} INFO - [2022-11-07T23:38:36.282-0300] {dag.py:2573} INFO - Sync 1 DAGs
[2022-11-07T23:38:36.299-0300] {logging_mixin.py:117} INFO - [2022-11-07T23:38:36.299-0300] {dag.py:3324} INFO - Setting next_dagrun for example_short_circuit_decorator to 2022-11-07T02:38:36.298912+00:00, run_after=2022-11-08T02:38:36.298912+00:00
[2022-11-07T23:38:36.323-0300] {processor.py:178} INFO - Processing /home/renato/Documentos/datapipeline/.env/lib/python3.10/site-packages/airflow/example_dags/example_short_circuit_decorator.py took 0.109 seconds
[2022-11-07T23:39:08.446-0300] {processor.py:156} INFO - Started process (PID=967057) to work on /home/renato/Documentos/datapipeline/.env/lib/python3.10/site-packages/airflow/example_dags/example_short_circuit_decorator.py
[2022-11-07T23:39:08.447-0300] {processor.py:758} INFO - Processing file /home/renato/Documentos/datapipeline/.env/lib/python3.10/site-packages/airflow/example_dags/example_short_circuit_decorator.py for tasks to queue
[2022-11-07T23:39:08.448-0300] {logging_mixin.py:117} INFO - [2022-11-07T23:39:08.448-0300] {dagbag.py:525} INFO - Filling up the DagBag from /home/renato/Documentos/datapipeline/.env/lib/python3.10/site-packages/airflow/example_dags/example_short_circuit_decorator.py
[2022-11-07T23:39:08.472-0300] {processor.py:768} INFO - DAG(s) dict_keys(['example_short_circuit_decorator']) retrieved from /home/renato/Documentos/datapipeline/.env/lib/python3.10/site-packages/airflow/example_dags/example_short_circuit_decorator.py
[2022-11-07T23:39:08.497-0300] {logging_mixin.py:117} INFO - [2022-11-07T23:39:08.497-0300] {dag.py:2573} INFO - Sync 1 DAGs
[2022-11-07T23:39:08.515-0300] {logging_mixin.py:117} INFO - [2022-11-07T23:39:08.515-0300] {dag.py:3324} INFO - Setting next_dagrun for example_short_circuit_decorator to 2022-11-07T02:39:08.514910+00:00, run_after=2022-11-08T02:39:08.514910+00:00
[2022-11-07T23:39:08.544-0300] {processor.py:178} INFO - Processing /home/renato/Documentos/datapipeline/.env/lib/python3.10/site-packages/airflow/example_dags/example_short_circuit_decorator.py took 0.101 seconds
[2022-11-07T23:39:30.907-0300] {processor.py:156} INFO - Started process (PID=967098) to work on /home/renato/Documentos/datapipeline/.env/lib/python3.10/site-packages/airflow/example_dags/example_short_circuit_decorator.py
[2022-11-07T23:39:30.910-0300] {processor.py:758} INFO - Processing file /home/renato/Documentos/datapipeline/.env/lib/python3.10/site-packages/airflow/example_dags/example_short_circuit_decorator.py for tasks to queue
[2022-11-07T23:39:30.912-0300] {logging_mixin.py:117} INFO - [2022-11-07T23:39:30.911-0300] {dagbag.py:525} INFO - Filling up the DagBag from /home/renato/Documentos/datapipeline/.env/lib/python3.10/site-packages/airflow/example_dags/example_short_circuit_decorator.py
[2022-11-07T23:39:30.945-0300] {processor.py:768} INFO - DAG(s) dict_keys(['example_short_circuit_decorator']) retrieved from /home/renato/Documentos/datapipeline/.env/lib/python3.10/site-packages/airflow/example_dags/example_short_circuit_decorator.py
[2022-11-07T23:39:30.966-0300] {logging_mixin.py:117} INFO - [2022-11-07T23:39:30.966-0300] {dag.py:2573} INFO - Sync 1 DAGs
[2022-11-07T23:39:30.983-0300] {logging_mixin.py:117} INFO - [2022-11-07T23:39:30.983-0300] {dag.py:3324} INFO - Setting next_dagrun for example_short_circuit_decorator to 2022-11-07T02:39:30.983057+00:00, run_after=2022-11-08T02:39:30.983057+00:00
[2022-11-07T23:39:31.007-0300] {processor.py:178} INFO - Processing /home/renato/Documentos/datapipeline/.env/lib/python3.10/site-packages/airflow/example_dags/example_short_circuit_decorator.py took 0.106 seconds
[2022-11-07T23:40:12.356-0300] {processor.py:156} INFO - Started process (PID=967183) to work on /home/renato/Documentos/datapipeline/.env/lib/python3.10/site-packages/airflow/example_dags/example_short_circuit_decorator.py
[2022-11-07T23:40:12.362-0300] {processor.py:758} INFO - Processing file /home/renato/Documentos/datapipeline/.env/lib/python3.10/site-packages/airflow/example_dags/example_short_circuit_decorator.py for tasks to queue
[2022-11-07T23:40:12.363-0300] {logging_mixin.py:117} INFO - [2022-11-07T23:40:12.363-0300] {dagbag.py:525} INFO - Filling up the DagBag from /home/renato/Documentos/datapipeline/.env/lib/python3.10/site-packages/airflow/example_dags/example_short_circuit_decorator.py
[2022-11-07T23:40:12.405-0300] {processor.py:768} INFO - DAG(s) dict_keys(['example_short_circuit_decorator']) retrieved from /home/renato/Documentos/datapipeline/.env/lib/python3.10/site-packages/airflow/example_dags/example_short_circuit_decorator.py
[2022-11-07T23:40:12.426-0300] {logging_mixin.py:117} INFO - [2022-11-07T23:40:12.425-0300] {dag.py:2573} INFO - Sync 1 DAGs
[2022-11-07T23:40:12.443-0300] {logging_mixin.py:117} INFO - [2022-11-07T23:40:12.443-0300] {dag.py:3324} INFO - Setting next_dagrun for example_short_circuit_decorator to 2022-11-07T02:40:12.443086+00:00, run_after=2022-11-08T02:40:12.443086+00:00
[2022-11-07T23:40:12.468-0300] {processor.py:178} INFO - Processing /home/renato/Documentos/datapipeline/.env/lib/python3.10/site-packages/airflow/example_dags/example_short_circuit_decorator.py took 0.118 seconds
[2022-11-07T23:40:51.122-0300] {processor.py:156} INFO - Started process (PID=967257) to work on /home/renato/Documentos/datapipeline/.env/lib/python3.10/site-packages/airflow/example_dags/example_short_circuit_decorator.py
[2022-11-07T23:40:51.125-0300] {processor.py:758} INFO - Processing file /home/renato/Documentos/datapipeline/.env/lib/python3.10/site-packages/airflow/example_dags/example_short_circuit_decorator.py for tasks to queue
[2022-11-07T23:40:51.126-0300] {logging_mixin.py:117} INFO - [2022-11-07T23:40:51.126-0300] {dagbag.py:525} INFO - Filling up the DagBag from /home/renato/Documentos/datapipeline/.env/lib/python3.10/site-packages/airflow/example_dags/example_short_circuit_decorator.py
[2022-11-07T23:40:51.151-0300] {processor.py:768} INFO - DAG(s) dict_keys(['example_short_circuit_decorator']) retrieved from /home/renato/Documentos/datapipeline/.env/lib/python3.10/site-packages/airflow/example_dags/example_short_circuit_decorator.py
[2022-11-07T23:40:51.172-0300] {logging_mixin.py:117} INFO - [2022-11-07T23:40:51.172-0300] {dag.py:2573} INFO - Sync 1 DAGs
[2022-11-07T23:40:51.189-0300] {logging_mixin.py:117} INFO - [2022-11-07T23:40:51.189-0300] {dag.py:3324} INFO - Setting next_dagrun for example_short_circuit_decorator to 2022-11-07T02:40:51.189255+00:00, run_after=2022-11-08T02:40:51.189255+00:00
[2022-11-07T23:40:51.212-0300] {processor.py:178} INFO - Processing /home/renato/Documentos/datapipeline/.env/lib/python3.10/site-packages/airflow/example_dags/example_short_circuit_decorator.py took 0.094 seconds
[2022-11-07T23:41:25.422-0300] {processor.py:156} INFO - Started process (PID=967322) to work on /home/renato/Documentos/datapipeline/.env/lib/python3.10/site-packages/airflow/example_dags/example_short_circuit_decorator.py
[2022-11-07T23:41:25.424-0300] {processor.py:758} INFO - Processing file /home/renato/Documentos/datapipeline/.env/lib/python3.10/site-packages/airflow/example_dags/example_short_circuit_decorator.py for tasks to queue
[2022-11-07T23:41:25.425-0300] {logging_mixin.py:117} INFO - [2022-11-07T23:41:25.425-0300] {dagbag.py:525} INFO - Filling up the DagBag from /home/renato/Documentos/datapipeline/.env/lib/python3.10/site-packages/airflow/example_dags/example_short_circuit_decorator.py
[2022-11-07T23:41:25.459-0300] {processor.py:768} INFO - DAG(s) dict_keys(['example_short_circuit_decorator']) retrieved from /home/renato/Documentos/datapipeline/.env/lib/python3.10/site-packages/airflow/example_dags/example_short_circuit_decorator.py
[2022-11-07T23:41:25.495-0300] {logging_mixin.py:117} INFO - [2022-11-07T23:41:25.494-0300] {dag.py:2573} INFO - Sync 1 DAGs
[2022-11-07T23:41:25.515-0300] {logging_mixin.py:117} INFO - [2022-11-07T23:41:25.514-0300] {dag.py:3324} INFO - Setting next_dagrun for example_short_circuit_decorator to 2022-11-07T02:41:25.514615+00:00, run_after=2022-11-08T02:41:25.514615+00:00
[2022-11-07T23:41:25.554-0300] {processor.py:178} INFO - Processing /home/renato/Documentos/datapipeline/.env/lib/python3.10/site-packages/airflow/example_dags/example_short_circuit_decorator.py took 0.140 seconds
[2022-11-07T23:42:04.968-0300] {processor.py:156} INFO - Started process (PID=967407) to work on /home/renato/Documentos/datapipeline/.env/lib/python3.10/site-packages/airflow/example_dags/example_short_circuit_decorator.py
[2022-11-07T23:42:04.972-0300] {processor.py:758} INFO - Processing file /home/renato/Documentos/datapipeline/.env/lib/python3.10/site-packages/airflow/example_dags/example_short_circuit_decorator.py for tasks to queue
[2022-11-07T23:42:04.973-0300] {logging_mixin.py:117} INFO - [2022-11-07T23:42:04.973-0300] {dagbag.py:525} INFO - Filling up the DagBag from /home/renato/Documentos/datapipeline/.env/lib/python3.10/site-packages/airflow/example_dags/example_short_circuit_decorator.py
[2022-11-07T23:42:05.023-0300] {processor.py:768} INFO - DAG(s) dict_keys(['example_short_circuit_decorator']) retrieved from /home/renato/Documentos/datapipeline/.env/lib/python3.10/site-packages/airflow/example_dags/example_short_circuit_decorator.py
[2022-11-07T23:42:05.045-0300] {logging_mixin.py:117} INFO - [2022-11-07T23:42:05.044-0300] {dag.py:2573} INFO - Sync 1 DAGs
[2022-11-07T23:42:05.061-0300] {logging_mixin.py:117} INFO - [2022-11-07T23:42:05.060-0300] {dag.py:3324} INFO - Setting next_dagrun for example_short_circuit_decorator to 2022-11-07T02:42:05.060689+00:00, run_after=2022-11-08T02:42:05.060689+00:00
[2022-11-07T23:42:05.083-0300] {processor.py:178} INFO - Processing /home/renato/Documentos/datapipeline/.env/lib/python3.10/site-packages/airflow/example_dags/example_short_circuit_decorator.py took 0.121 seconds
[2022-11-07T23:42:38.626-0300] {processor.py:156} INFO - Started process (PID=967601) to work on /home/renato/Documentos/datapipeline/.env/lib/python3.10/site-packages/airflow/example_dags/example_short_circuit_decorator.py
[2022-11-07T23:42:38.631-0300] {processor.py:758} INFO - Processing file /home/renato/Documentos/datapipeline/.env/lib/python3.10/site-packages/airflow/example_dags/example_short_circuit_decorator.py for tasks to queue
[2022-11-07T23:42:38.633-0300] {logging_mixin.py:117} INFO - [2022-11-07T23:42:38.632-0300] {dagbag.py:525} INFO - Filling up the DagBag from /home/renato/Documentos/datapipeline/.env/lib/python3.10/site-packages/airflow/example_dags/example_short_circuit_decorator.py
[2022-11-07T23:42:38.670-0300] {processor.py:768} INFO - DAG(s) dict_keys(['example_short_circuit_decorator']) retrieved from /home/renato/Documentos/datapipeline/.env/lib/python3.10/site-packages/airflow/example_dags/example_short_circuit_decorator.py
[2022-11-07T23:42:38.695-0300] {logging_mixin.py:117} INFO - [2022-11-07T23:42:38.695-0300] {dag.py:2573} INFO - Sync 1 DAGs
[2022-11-07T23:42:38.712-0300] {logging_mixin.py:117} INFO - [2022-11-07T23:42:38.711-0300] {dag.py:3324} INFO - Setting next_dagrun for example_short_circuit_decorator to 2022-11-07T02:42:38.711692+00:00, run_after=2022-11-08T02:42:38.711692+00:00
[2022-11-07T23:42:38.737-0300] {processor.py:178} INFO - Processing /home/renato/Documentos/datapipeline/.env/lib/python3.10/site-packages/airflow/example_dags/example_short_circuit_decorator.py took 0.118 seconds
[2022-11-07T23:43:15.382-0300] {processor.py:156} INFO - Started process (PID=967673) to work on /home/renato/Documentos/datapipeline/.env/lib/python3.10/site-packages/airflow/example_dags/example_short_circuit_decorator.py
[2022-11-07T23:43:15.385-0300] {processor.py:758} INFO - Processing file /home/renato/Documentos/datapipeline/.env/lib/python3.10/site-packages/airflow/example_dags/example_short_circuit_decorator.py for tasks to queue
[2022-11-07T23:43:15.386-0300] {logging_mixin.py:117} INFO - [2022-11-07T23:43:15.386-0300] {dagbag.py:525} INFO - Filling up the DagBag from /home/renato/Documentos/datapipeline/.env/lib/python3.10/site-packages/airflow/example_dags/example_short_circuit_decorator.py
[2022-11-07T23:43:15.417-0300] {processor.py:768} INFO - DAG(s) dict_keys(['example_short_circuit_decorator']) retrieved from /home/renato/Documentos/datapipeline/.env/lib/python3.10/site-packages/airflow/example_dags/example_short_circuit_decorator.py
[2022-11-07T23:43:15.440-0300] {logging_mixin.py:117} INFO - [2022-11-07T23:43:15.440-0300] {dag.py:2573} INFO - Sync 1 DAGs
[2022-11-07T23:43:15.456-0300] {logging_mixin.py:117} INFO - [2022-11-07T23:43:15.456-0300] {dag.py:3324} INFO - Setting next_dagrun for example_short_circuit_decorator to 2022-11-07T02:43:15.456351+00:00, run_after=2022-11-08T02:43:15.456351+00:00
[2022-11-07T23:43:15.479-0300] {processor.py:178} INFO - Processing /home/renato/Documentos/datapipeline/.env/lib/python3.10/site-packages/airflow/example_dags/example_short_circuit_decorator.py took 0.102 seconds
