[2022-11-07T23:27:22.213-0300] {processor.py:156} INFO - Started process (PID=965364) to work on /home/renato/Documentos/datapipeline/.env/lib/python3.10/site-packages/airflow/example_dags/example_branch_labels.py
[2022-11-07T23:27:22.214-0300] {processor.py:758} INFO - Processing file /home/renato/Documentos/datapipeline/.env/lib/python3.10/site-packages/airflow/example_dags/example_branch_labels.py for tasks to queue
[2022-11-07T23:27:22.215-0300] {logging_mixin.py:117} INFO - [2022-11-07T23:27:22.215-0300] {dagbag.py:525} INFO - Filling up the DagBag from /home/renato/Documentos/datapipeline/.env/lib/python3.10/site-packages/airflow/example_dags/example_branch_labels.py
[2022-11-07T23:27:22.233-0300] {processor.py:768} INFO - DAG(s) dict_keys(['example_branch_labels']) retrieved from /home/renato/Documentos/datapipeline/.env/lib/python3.10/site-packages/airflow/example_dags/example_branch_labels.py
[2022-11-07T23:27:22.263-0300] {logging_mixin.py:117} INFO - [2022-11-07T23:27:22.263-0300] {dag.py:2573} INFO - Sync 1 DAGs
[2022-11-07T23:27:22.288-0300] {logging_mixin.py:117} INFO - [2022-11-07T23:27:22.287-0300] {dag.py:3324} INFO - Setting next_dagrun for example_branch_labels to 2022-11-07T00:00:00+00:00, run_after=2022-11-08T00:00:00+00:00
[2022-11-07T23:27:22.322-0300] {processor.py:178} INFO - Processing /home/renato/Documentos/datapipeline/.env/lib/python3.10/site-packages/airflow/example_dags/example_branch_labels.py took 0.116 seconds
[2022-11-07T23:28:00.420-0300] {processor.py:156} INFO - Started process (PID=965448) to work on /home/renato/Documentos/datapipeline/.env/lib/python3.10/site-packages/airflow/example_dags/example_branch_labels.py
[2022-11-07T23:28:00.428-0300] {processor.py:758} INFO - Processing file /home/renato/Documentos/datapipeline/.env/lib/python3.10/site-packages/airflow/example_dags/example_branch_labels.py for tasks to queue
[2022-11-07T23:28:00.430-0300] {logging_mixin.py:117} INFO - [2022-11-07T23:28:00.429-0300] {dagbag.py:525} INFO - Filling up the DagBag from /home/renato/Documentos/datapipeline/.env/lib/python3.10/site-packages/airflow/example_dags/example_branch_labels.py
[2022-11-07T23:28:00.453-0300] {processor.py:768} INFO - DAG(s) dict_keys(['example_branch_labels']) retrieved from /home/renato/Documentos/datapipeline/.env/lib/python3.10/site-packages/airflow/example_dags/example_branch_labels.py
[2022-11-07T23:28:00.478-0300] {logging_mixin.py:117} INFO - [2022-11-07T23:28:00.478-0300] {dag.py:2573} INFO - Sync 1 DAGs
[2022-11-07T23:28:00.497-0300] {logging_mixin.py:117} INFO - [2022-11-07T23:28:00.497-0300] {dag.py:3324} INFO - Setting next_dagrun for example_branch_labels to 2022-11-07T00:00:00+00:00, run_after=2022-11-08T00:00:00+00:00
[2022-11-07T23:28:00.529-0300] {processor.py:178} INFO - Processing /home/renato/Documentos/datapipeline/.env/lib/python3.10/site-packages/airflow/example_dags/example_branch_labels.py took 0.116 seconds
[2022-11-07T23:28:40.396-0300] {processor.py:156} INFO - Started process (PID=965528) to work on /home/renato/Documentos/datapipeline/.env/lib/python3.10/site-packages/airflow/example_dags/example_branch_labels.py
[2022-11-07T23:28:40.398-0300] {processor.py:758} INFO - Processing file /home/renato/Documentos/datapipeline/.env/lib/python3.10/site-packages/airflow/example_dags/example_branch_labels.py for tasks to queue
[2022-11-07T23:28:40.399-0300] {logging_mixin.py:117} INFO - [2022-11-07T23:28:40.399-0300] {dagbag.py:525} INFO - Filling up the DagBag from /home/renato/Documentos/datapipeline/.env/lib/python3.10/site-packages/airflow/example_dags/example_branch_labels.py
[2022-11-07T23:28:40.417-0300] {processor.py:768} INFO - DAG(s) dict_keys(['example_branch_labels']) retrieved from /home/renato/Documentos/datapipeline/.env/lib/python3.10/site-packages/airflow/example_dags/example_branch_labels.py
[2022-11-07T23:28:40.444-0300] {logging_mixin.py:117} INFO - [2022-11-07T23:28:40.444-0300] {dag.py:2573} INFO - Sync 1 DAGs
[2022-11-07T23:28:40.465-0300] {logging_mixin.py:117} INFO - [2022-11-07T23:28:40.465-0300] {dag.py:3324} INFO - Setting next_dagrun for example_branch_labels to 2022-11-07T00:00:00+00:00, run_after=2022-11-08T00:00:00+00:00
[2022-11-07T23:28:40.490-0300] {processor.py:178} INFO - Processing /home/renato/Documentos/datapipeline/.env/lib/python3.10/site-packages/airflow/example_dags/example_branch_labels.py took 0.096 seconds
[2022-11-07T23:29:18.621-0300] {processor.py:156} INFO - Started process (PID=965608) to work on /home/renato/Documentos/datapipeline/.env/lib/python3.10/site-packages/airflow/example_dags/example_branch_labels.py
[2022-11-07T23:29:18.625-0300] {processor.py:758} INFO - Processing file /home/renato/Documentos/datapipeline/.env/lib/python3.10/site-packages/airflow/example_dags/example_branch_labels.py for tasks to queue
[2022-11-07T23:29:18.626-0300] {logging_mixin.py:117} INFO - [2022-11-07T23:29:18.626-0300] {dagbag.py:525} INFO - Filling up the DagBag from /home/renato/Documentos/datapipeline/.env/lib/python3.10/site-packages/airflow/example_dags/example_branch_labels.py
[2022-11-07T23:29:18.648-0300] {processor.py:768} INFO - DAG(s) dict_keys(['example_branch_labels']) retrieved from /home/renato/Documentos/datapipeline/.env/lib/python3.10/site-packages/airflow/example_dags/example_branch_labels.py
[2022-11-07T23:29:18.675-0300] {logging_mixin.py:117} INFO - [2022-11-07T23:29:18.675-0300] {dag.py:2573} INFO - Sync 1 DAGs
[2022-11-07T23:29:18.698-0300] {logging_mixin.py:117} INFO - [2022-11-07T23:29:18.698-0300] {dag.py:3324} INFO - Setting next_dagrun for example_branch_labels to 2022-11-07T00:00:00+00:00, run_after=2022-11-08T00:00:00+00:00
[2022-11-07T23:29:18.733-0300] {processor.py:178} INFO - Processing /home/renato/Documentos/datapipeline/.env/lib/python3.10/site-packages/airflow/example_dags/example_branch_labels.py took 0.119 seconds
[2022-11-07T23:29:56.463-0300] {processor.py:156} INFO - Started process (PID=965682) to work on /home/renato/Documentos/datapipeline/.env/lib/python3.10/site-packages/airflow/example_dags/example_branch_labels.py
[2022-11-07T23:29:56.468-0300] {processor.py:758} INFO - Processing file /home/renato/Documentos/datapipeline/.env/lib/python3.10/site-packages/airflow/example_dags/example_branch_labels.py for tasks to queue
[2022-11-07T23:29:56.469-0300] {logging_mixin.py:117} INFO - [2022-11-07T23:29:56.468-0300] {dagbag.py:525} INFO - Filling up the DagBag from /home/renato/Documentos/datapipeline/.env/lib/python3.10/site-packages/airflow/example_dags/example_branch_labels.py
[2022-11-07T23:29:56.486-0300] {processor.py:768} INFO - DAG(s) dict_keys(['example_branch_labels']) retrieved from /home/renato/Documentos/datapipeline/.env/lib/python3.10/site-packages/airflow/example_dags/example_branch_labels.py
[2022-11-07T23:29:56.509-0300] {logging_mixin.py:117} INFO - [2022-11-07T23:29:56.509-0300] {dag.py:2573} INFO - Sync 1 DAGs
[2022-11-07T23:29:56.537-0300] {logging_mixin.py:117} INFO - [2022-11-07T23:29:56.537-0300] {dag.py:3324} INFO - Setting next_dagrun for example_branch_labels to 2022-11-07T00:00:00+00:00, run_after=2022-11-08T00:00:00+00:00
[2022-11-07T23:29:56.566-0300] {processor.py:178} INFO - Processing /home/renato/Documentos/datapipeline/.env/lib/python3.10/site-packages/airflow/example_dags/example_branch_labels.py took 0.106 seconds
[2022-11-07T23:30:35.519-0300] {processor.py:156} INFO - Started process (PID=965762) to work on /home/renato/Documentos/datapipeline/.env/lib/python3.10/site-packages/airflow/example_dags/example_branch_labels.py
[2022-11-07T23:30:35.522-0300] {processor.py:758} INFO - Processing file /home/renato/Documentos/datapipeline/.env/lib/python3.10/site-packages/airflow/example_dags/example_branch_labels.py for tasks to queue
[2022-11-07T23:30:35.523-0300] {logging_mixin.py:117} INFO - [2022-11-07T23:30:35.523-0300] {dagbag.py:525} INFO - Filling up the DagBag from /home/renato/Documentos/datapipeline/.env/lib/python3.10/site-packages/airflow/example_dags/example_branch_labels.py
[2022-11-07T23:30:35.540-0300] {processor.py:768} INFO - DAG(s) dict_keys(['example_branch_labels']) retrieved from /home/renato/Documentos/datapipeline/.env/lib/python3.10/site-packages/airflow/example_dags/example_branch_labels.py
[2022-11-07T23:30:35.562-0300] {logging_mixin.py:117} INFO - [2022-11-07T23:30:35.562-0300] {dag.py:2573} INFO - Sync 1 DAGs
[2022-11-07T23:30:35.581-0300] {logging_mixin.py:117} INFO - [2022-11-07T23:30:35.580-0300] {dag.py:3324} INFO - Setting next_dagrun for example_branch_labels to 2022-11-07T00:00:00+00:00, run_after=2022-11-08T00:00:00+00:00
[2022-11-07T23:30:35.607-0300] {processor.py:178} INFO - Processing /home/renato/Documentos/datapipeline/.env/lib/python3.10/site-packages/airflow/example_dags/example_branch_labels.py took 0.091 seconds
[2022-11-07T23:31:13.530-0300] {processor.py:156} INFO - Started process (PID=965836) to work on /home/renato/Documentos/datapipeline/.env/lib/python3.10/site-packages/airflow/example_dags/example_branch_labels.py
[2022-11-07T23:31:13.533-0300] {processor.py:758} INFO - Processing file /home/renato/Documentos/datapipeline/.env/lib/python3.10/site-packages/airflow/example_dags/example_branch_labels.py for tasks to queue
[2022-11-07T23:31:13.534-0300] {logging_mixin.py:117} INFO - [2022-11-07T23:31:13.533-0300] {dagbag.py:525} INFO - Filling up the DagBag from /home/renato/Documentos/datapipeline/.env/lib/python3.10/site-packages/airflow/example_dags/example_branch_labels.py
[2022-11-07T23:31:13.559-0300] {processor.py:768} INFO - DAG(s) dict_keys(['example_branch_labels']) retrieved from /home/renato/Documentos/datapipeline/.env/lib/python3.10/site-packages/airflow/example_dags/example_branch_labels.py
[2022-11-07T23:31:13.585-0300] {logging_mixin.py:117} INFO - [2022-11-07T23:31:13.585-0300] {dag.py:2573} INFO - Sync 1 DAGs
[2022-11-07T23:31:13.604-0300] {logging_mixin.py:117} INFO - [2022-11-07T23:31:13.604-0300] {dag.py:3324} INFO - Setting next_dagrun for example_branch_labels to 2022-11-07T00:00:00+00:00, run_after=2022-11-08T00:00:00+00:00
[2022-11-07T23:31:13.629-0300] {processor.py:178} INFO - Processing /home/renato/Documentos/datapipeline/.env/lib/python3.10/site-packages/airflow/example_dags/example_branch_labels.py took 0.105 seconds
[2022-11-07T23:31:56.655-0300] {processor.py:156} INFO - Started process (PID=965920) to work on /home/renato/Documentos/datapipeline/.env/lib/python3.10/site-packages/airflow/example_dags/example_branch_labels.py
[2022-11-07T23:31:56.657-0300] {processor.py:758} INFO - Processing file /home/renato/Documentos/datapipeline/.env/lib/python3.10/site-packages/airflow/example_dags/example_branch_labels.py for tasks to queue
[2022-11-07T23:31:56.657-0300] {logging_mixin.py:117} INFO - [2022-11-07T23:31:56.657-0300] {dagbag.py:525} INFO - Filling up the DagBag from /home/renato/Documentos/datapipeline/.env/lib/python3.10/site-packages/airflow/example_dags/example_branch_labels.py
[2022-11-07T23:31:56.674-0300] {processor.py:768} INFO - DAG(s) dict_keys(['example_branch_labels']) retrieved from /home/renato/Documentos/datapipeline/.env/lib/python3.10/site-packages/airflow/example_dags/example_branch_labels.py
[2022-11-07T23:31:56.697-0300] {logging_mixin.py:117} INFO - [2022-11-07T23:31:56.697-0300] {dag.py:2573} INFO - Sync 1 DAGs
[2022-11-07T23:31:56.716-0300] {logging_mixin.py:117} INFO - [2022-11-07T23:31:56.716-0300] {dag.py:3324} INFO - Setting next_dagrun for example_branch_labels to 2022-11-07T00:00:00+00:00, run_after=2022-11-08T00:00:00+00:00
[2022-11-07T23:31:56.749-0300] {processor.py:178} INFO - Processing /home/renato/Documentos/datapipeline/.env/lib/python3.10/site-packages/airflow/example_dags/example_branch_labels.py took 0.097 seconds
[2022-11-07T23:32:36.373-0300] {processor.py:156} INFO - Started process (PID=966131) to work on /home/renato/Documentos/datapipeline/.env/lib/python3.10/site-packages/airflow/example_dags/example_branch_labels.py
[2022-11-07T23:32:36.378-0300] {processor.py:758} INFO - Processing file /home/renato/Documentos/datapipeline/.env/lib/python3.10/site-packages/airflow/example_dags/example_branch_labels.py for tasks to queue
[2022-11-07T23:32:36.379-0300] {logging_mixin.py:117} INFO - [2022-11-07T23:32:36.378-0300] {dagbag.py:525} INFO - Filling up the DagBag from /home/renato/Documentos/datapipeline/.env/lib/python3.10/site-packages/airflow/example_dags/example_branch_labels.py
[2022-11-07T23:32:36.402-0300] {processor.py:768} INFO - DAG(s) dict_keys(['example_branch_labels']) retrieved from /home/renato/Documentos/datapipeline/.env/lib/python3.10/site-packages/airflow/example_dags/example_branch_labels.py
[2022-11-07T23:32:36.423-0300] {logging_mixin.py:117} INFO - [2022-11-07T23:32:36.423-0300] {dag.py:2573} INFO - Sync 1 DAGs
[2022-11-07T23:32:36.441-0300] {logging_mixin.py:117} INFO - [2022-11-07T23:32:36.441-0300] {dag.py:3324} INFO - Setting next_dagrun for example_branch_labels to 2022-11-07T00:00:00+00:00, run_after=2022-11-08T00:00:00+00:00
[2022-11-07T23:32:36.463-0300] {processor.py:178} INFO - Processing /home/renato/Documentos/datapipeline/.env/lib/python3.10/site-packages/airflow/example_dags/example_branch_labels.py took 0.101 seconds
[2022-11-07T23:33:15.044-0300] {processor.py:156} INFO - Started process (PID=966208) to work on /home/renato/Documentos/datapipeline/.env/lib/python3.10/site-packages/airflow/example_dags/example_branch_labels.py
[2022-11-07T23:33:15.051-0300] {processor.py:758} INFO - Processing file /home/renato/Documentos/datapipeline/.env/lib/python3.10/site-packages/airflow/example_dags/example_branch_labels.py for tasks to queue
[2022-11-07T23:33:15.053-0300] {logging_mixin.py:117} INFO - [2022-11-07T23:33:15.052-0300] {dagbag.py:525} INFO - Filling up the DagBag from /home/renato/Documentos/datapipeline/.env/lib/python3.10/site-packages/airflow/example_dags/example_branch_labels.py
[2022-11-07T23:33:15.086-0300] {processor.py:768} INFO - DAG(s) dict_keys(['example_branch_labels']) retrieved from /home/renato/Documentos/datapipeline/.env/lib/python3.10/site-packages/airflow/example_dags/example_branch_labels.py
[2022-11-07T23:33:15.116-0300] {logging_mixin.py:117} INFO - [2022-11-07T23:33:15.115-0300] {dag.py:2573} INFO - Sync 1 DAGs
[2022-11-07T23:33:15.135-0300] {logging_mixin.py:117} INFO - [2022-11-07T23:33:15.134-0300] {dag.py:3324} INFO - Setting next_dagrun for example_branch_labels to 2022-11-07T00:00:00+00:00, run_after=2022-11-08T00:00:00+00:00
[2022-11-07T23:33:15.157-0300] {processor.py:178} INFO - Processing /home/renato/Documentos/datapipeline/.env/lib/python3.10/site-packages/airflow/example_dags/example_branch_labels.py took 0.124 seconds
[2022-11-07T23:33:54.732-0300] {processor.py:156} INFO - Started process (PID=966286) to work on /home/renato/Documentos/datapipeline/.env/lib/python3.10/site-packages/airflow/example_dags/example_branch_labels.py
[2022-11-07T23:33:54.736-0300] {processor.py:758} INFO - Processing file /home/renato/Documentos/datapipeline/.env/lib/python3.10/site-packages/airflow/example_dags/example_branch_labels.py for tasks to queue
[2022-11-07T23:33:54.736-0300] {logging_mixin.py:117} INFO - [2022-11-07T23:33:54.736-0300] {dagbag.py:525} INFO - Filling up the DagBag from /home/renato/Documentos/datapipeline/.env/lib/python3.10/site-packages/airflow/example_dags/example_branch_labels.py
[2022-11-07T23:33:54.753-0300] {processor.py:768} INFO - DAG(s) dict_keys(['example_branch_labels']) retrieved from /home/renato/Documentos/datapipeline/.env/lib/python3.10/site-packages/airflow/example_dags/example_branch_labels.py
[2022-11-07T23:33:54.777-0300] {logging_mixin.py:117} INFO - [2022-11-07T23:33:54.776-0300] {dag.py:2573} INFO - Sync 1 DAGs
[2022-11-07T23:33:54.794-0300] {logging_mixin.py:117} INFO - [2022-11-07T23:33:54.794-0300] {dag.py:3324} INFO - Setting next_dagrun for example_branch_labels to 2022-11-07T00:00:00+00:00, run_after=2022-11-08T00:00:00+00:00
[2022-11-07T23:33:54.816-0300] {processor.py:178} INFO - Processing /home/renato/Documentos/datapipeline/.env/lib/python3.10/site-packages/airflow/example_dags/example_branch_labels.py took 0.093 seconds
[2022-11-07T23:34:32.525-0300] {processor.py:156} INFO - Started process (PID=966363) to work on /home/renato/Documentos/datapipeline/.env/lib/python3.10/site-packages/airflow/example_dags/example_branch_labels.py
[2022-11-07T23:34:32.529-0300] {processor.py:758} INFO - Processing file /home/renato/Documentos/datapipeline/.env/lib/python3.10/site-packages/airflow/example_dags/example_branch_labels.py for tasks to queue
[2022-11-07T23:34:32.530-0300] {logging_mixin.py:117} INFO - [2022-11-07T23:34:32.530-0300] {dagbag.py:525} INFO - Filling up the DagBag from /home/renato/Documentos/datapipeline/.env/lib/python3.10/site-packages/airflow/example_dags/example_branch_labels.py
[2022-11-07T23:34:32.549-0300] {processor.py:768} INFO - DAG(s) dict_keys(['example_branch_labels']) retrieved from /home/renato/Documentos/datapipeline/.env/lib/python3.10/site-packages/airflow/example_dags/example_branch_labels.py
[2022-11-07T23:34:32.573-0300] {logging_mixin.py:117} INFO - [2022-11-07T23:34:32.573-0300] {dag.py:2573} INFO - Sync 1 DAGs
[2022-11-07T23:34:32.591-0300] {logging_mixin.py:117} INFO - [2022-11-07T23:34:32.591-0300] {dag.py:3324} INFO - Setting next_dagrun for example_branch_labels to 2022-11-07T00:00:00+00:00, run_after=2022-11-08T00:00:00+00:00
[2022-11-07T23:34:32.614-0300] {processor.py:178} INFO - Processing /home/renato/Documentos/datapipeline/.env/lib/python3.10/site-packages/airflow/example_dags/example_branch_labels.py took 0.095 seconds
[2022-11-07T23:35:09.747-0300] {processor.py:156} INFO - Started process (PID=966437) to work on /home/renato/Documentos/datapipeline/.env/lib/python3.10/site-packages/airflow/example_dags/example_branch_labels.py
[2022-11-07T23:35:09.749-0300] {processor.py:758} INFO - Processing file /home/renato/Documentos/datapipeline/.env/lib/python3.10/site-packages/airflow/example_dags/example_branch_labels.py for tasks to queue
[2022-11-07T23:35:09.750-0300] {logging_mixin.py:117} INFO - [2022-11-07T23:35:09.750-0300] {dagbag.py:525} INFO - Filling up the DagBag from /home/renato/Documentos/datapipeline/.env/lib/python3.10/site-packages/airflow/example_dags/example_branch_labels.py
[2022-11-07T23:35:09.763-0300] {processor.py:768} INFO - DAG(s) dict_keys(['example_branch_labels']) retrieved from /home/renato/Documentos/datapipeline/.env/lib/python3.10/site-packages/airflow/example_dags/example_branch_labels.py
[2022-11-07T23:35:09.785-0300] {logging_mixin.py:117} INFO - [2022-11-07T23:35:09.785-0300] {dag.py:2573} INFO - Sync 1 DAGs
[2022-11-07T23:35:09.804-0300] {logging_mixin.py:117} INFO - [2022-11-07T23:35:09.803-0300] {dag.py:3324} INFO - Setting next_dagrun for example_branch_labels to 2022-11-07T00:00:00+00:00, run_after=2022-11-08T00:00:00+00:00
[2022-11-07T23:35:09.826-0300] {processor.py:178} INFO - Processing /home/renato/Documentos/datapipeline/.env/lib/python3.10/site-packages/airflow/example_dags/example_branch_labels.py took 0.081 seconds
[2022-11-07T23:35:49.904-0300] {processor.py:156} INFO - Started process (PID=966518) to work on /home/renato/Documentos/datapipeline/.env/lib/python3.10/site-packages/airflow/example_dags/example_branch_labels.py
[2022-11-07T23:35:49.906-0300] {processor.py:758} INFO - Processing file /home/renato/Documentos/datapipeline/.env/lib/python3.10/site-packages/airflow/example_dags/example_branch_labels.py for tasks to queue
[2022-11-07T23:35:49.907-0300] {logging_mixin.py:117} INFO - [2022-11-07T23:35:49.907-0300] {dagbag.py:525} INFO - Filling up the DagBag from /home/renato/Documentos/datapipeline/.env/lib/python3.10/site-packages/airflow/example_dags/example_branch_labels.py
[2022-11-07T23:35:49.926-0300] {processor.py:768} INFO - DAG(s) dict_keys(['example_branch_labels']) retrieved from /home/renato/Documentos/datapipeline/.env/lib/python3.10/site-packages/airflow/example_dags/example_branch_labels.py
[2022-11-07T23:35:49.949-0300] {logging_mixin.py:117} INFO - [2022-11-07T23:35:49.949-0300] {dag.py:2573} INFO - Sync 1 DAGs
[2022-11-07T23:35:49.966-0300] {logging_mixin.py:117} INFO - [2022-11-07T23:35:49.966-0300] {dag.py:3324} INFO - Setting next_dagrun for example_branch_labels to 2022-11-07T00:00:00+00:00, run_after=2022-11-08T00:00:00+00:00
[2022-11-07T23:35:49.987-0300] {processor.py:178} INFO - Processing /home/renato/Documentos/datapipeline/.env/lib/python3.10/site-packages/airflow/example_dags/example_branch_labels.py took 0.089 seconds
[2022-11-07T23:36:33.201-0300] {processor.py:156} INFO - Started process (PID=966601) to work on /home/renato/Documentos/datapipeline/.env/lib/python3.10/site-packages/airflow/example_dags/example_branch_labels.py
[2022-11-07T23:36:33.204-0300] {processor.py:758} INFO - Processing file /home/renato/Documentos/datapipeline/.env/lib/python3.10/site-packages/airflow/example_dags/example_branch_labels.py for tasks to queue
[2022-11-07T23:36:33.205-0300] {logging_mixin.py:117} INFO - [2022-11-07T23:36:33.204-0300] {dagbag.py:525} INFO - Filling up the DagBag from /home/renato/Documentos/datapipeline/.env/lib/python3.10/site-packages/airflow/example_dags/example_branch_labels.py
[2022-11-07T23:36:33.226-0300] {processor.py:768} INFO - DAG(s) dict_keys(['example_branch_labels']) retrieved from /home/renato/Documentos/datapipeline/.env/lib/python3.10/site-packages/airflow/example_dags/example_branch_labels.py
[2022-11-07T23:36:33.247-0300] {logging_mixin.py:117} INFO - [2022-11-07T23:36:33.247-0300] {dag.py:2573} INFO - Sync 1 DAGs
[2022-11-07T23:36:33.266-0300] {logging_mixin.py:117} INFO - [2022-11-07T23:36:33.265-0300] {dag.py:3324} INFO - Setting next_dagrun for example_branch_labels to 2022-11-07T00:00:00+00:00, run_after=2022-11-08T00:00:00+00:00
[2022-11-07T23:36:33.288-0300] {processor.py:178} INFO - Processing /home/renato/Documentos/datapipeline/.env/lib/python3.10/site-packages/airflow/example_dags/example_branch_labels.py took 0.092 seconds
[2022-11-07T23:37:11.354-0300] {processor.py:156} INFO - Started process (PID=966679) to work on /home/renato/Documentos/datapipeline/.env/lib/python3.10/site-packages/airflow/example_dags/example_branch_labels.py
[2022-11-07T23:37:11.357-0300] {processor.py:758} INFO - Processing file /home/renato/Documentos/datapipeline/.env/lib/python3.10/site-packages/airflow/example_dags/example_branch_labels.py for tasks to queue
[2022-11-07T23:37:11.358-0300] {logging_mixin.py:117} INFO - [2022-11-07T23:37:11.358-0300] {dagbag.py:525} INFO - Filling up the DagBag from /home/renato/Documentos/datapipeline/.env/lib/python3.10/site-packages/airflow/example_dags/example_branch_labels.py
[2022-11-07T23:37:11.380-0300] {processor.py:768} INFO - DAG(s) dict_keys(['example_branch_labels']) retrieved from /home/renato/Documentos/datapipeline/.env/lib/python3.10/site-packages/airflow/example_dags/example_branch_labels.py
[2022-11-07T23:37:11.414-0300] {logging_mixin.py:117} INFO - [2022-11-07T23:37:11.414-0300] {dag.py:2573} INFO - Sync 1 DAGs
[2022-11-07T23:37:11.431-0300] {logging_mixin.py:117} INFO - [2022-11-07T23:37:11.431-0300] {dag.py:3324} INFO - Setting next_dagrun for example_branch_labels to 2022-11-07T00:00:00+00:00, run_after=2022-11-08T00:00:00+00:00
[2022-11-07T23:37:11.454-0300] {processor.py:178} INFO - Processing /home/renato/Documentos/datapipeline/.env/lib/python3.10/site-packages/airflow/example_dags/example_branch_labels.py took 0.109 seconds
[2022-11-07T23:37:47.815-0300] {processor.py:156} INFO - Started process (PID=966881) to work on /home/renato/Documentos/datapipeline/.env/lib/python3.10/site-packages/airflow/example_dags/example_branch_labels.py
[2022-11-07T23:37:47.817-0300] {processor.py:758} INFO - Processing file /home/renato/Documentos/datapipeline/.env/lib/python3.10/site-packages/airflow/example_dags/example_branch_labels.py for tasks to queue
[2022-11-07T23:37:47.818-0300] {logging_mixin.py:117} INFO - [2022-11-07T23:37:47.818-0300] {dagbag.py:525} INFO - Filling up the DagBag from /home/renato/Documentos/datapipeline/.env/lib/python3.10/site-packages/airflow/example_dags/example_branch_labels.py
[2022-11-07T23:37:47.839-0300] {processor.py:768} INFO - DAG(s) dict_keys(['example_branch_labels']) retrieved from /home/renato/Documentos/datapipeline/.env/lib/python3.10/site-packages/airflow/example_dags/example_branch_labels.py
[2022-11-07T23:37:47.859-0300] {logging_mixin.py:117} INFO - [2022-11-07T23:37:47.859-0300] {dag.py:2573} INFO - Sync 1 DAGs
[2022-11-07T23:37:47.878-0300] {logging_mixin.py:117} INFO - [2022-11-07T23:37:47.878-0300] {dag.py:3324} INFO - Setting next_dagrun for example_branch_labels to 2022-11-07T00:00:00+00:00, run_after=2022-11-08T00:00:00+00:00
[2022-11-07T23:37:47.899-0300] {processor.py:178} INFO - Processing /home/renato/Documentos/datapipeline/.env/lib/python3.10/site-packages/airflow/example_dags/example_branch_labels.py took 0.090 seconds
[2022-11-07T23:38:32.192-0300] {processor.py:156} INFO - Started process (PID=966967) to work on /home/renato/Documentos/datapipeline/.env/lib/python3.10/site-packages/airflow/example_dags/example_branch_labels.py
[2022-11-07T23:38:32.197-0300] {processor.py:758} INFO - Processing file /home/renato/Documentos/datapipeline/.env/lib/python3.10/site-packages/airflow/example_dags/example_branch_labels.py for tasks to queue
[2022-11-07T23:38:32.198-0300] {logging_mixin.py:117} INFO - [2022-11-07T23:38:32.197-0300] {dagbag.py:525} INFO - Filling up the DagBag from /home/renato/Documentos/datapipeline/.env/lib/python3.10/site-packages/airflow/example_dags/example_branch_labels.py
[2022-11-07T23:38:32.211-0300] {processor.py:768} INFO - DAG(s) dict_keys(['example_branch_labels']) retrieved from /home/renato/Documentos/datapipeline/.env/lib/python3.10/site-packages/airflow/example_dags/example_branch_labels.py
[2022-11-07T23:38:32.232-0300] {logging_mixin.py:117} INFO - [2022-11-07T23:38:32.232-0300] {dag.py:2573} INFO - Sync 1 DAGs
[2022-11-07T23:38:32.252-0300] {logging_mixin.py:117} INFO - [2022-11-07T23:38:32.252-0300] {dag.py:3324} INFO - Setting next_dagrun for example_branch_labels to 2022-11-07T00:00:00+00:00, run_after=2022-11-08T00:00:00+00:00
[2022-11-07T23:38:32.274-0300] {processor.py:178} INFO - Processing /home/renato/Documentos/datapipeline/.env/lib/python3.10/site-packages/airflow/example_dags/example_branch_labels.py took 0.086 seconds
[2022-11-07T23:39:14.725-0300] {processor.py:156} INFO - Started process (PID=967069) to work on /home/renato/Documentos/datapipeline/.env/lib/python3.10/site-packages/airflow/example_dags/example_branch_labels.py
[2022-11-07T23:39:14.727-0300] {processor.py:758} INFO - Processing file /home/renato/Documentos/datapipeline/.env/lib/python3.10/site-packages/airflow/example_dags/example_branch_labels.py for tasks to queue
[2022-11-07T23:39:14.727-0300] {logging_mixin.py:117} INFO - [2022-11-07T23:39:14.727-0300] {dagbag.py:525} INFO - Filling up the DagBag from /home/renato/Documentos/datapipeline/.env/lib/python3.10/site-packages/airflow/example_dags/example_branch_labels.py
[2022-11-07T23:39:14.741-0300] {processor.py:768} INFO - DAG(s) dict_keys(['example_branch_labels']) retrieved from /home/renato/Documentos/datapipeline/.env/lib/python3.10/site-packages/airflow/example_dags/example_branch_labels.py
[2022-11-07T23:39:14.762-0300] {logging_mixin.py:117} INFO - [2022-11-07T23:39:14.761-0300] {dag.py:2573} INFO - Sync 1 DAGs
[2022-11-07T23:39:14.779-0300] {logging_mixin.py:117} INFO - [2022-11-07T23:39:14.779-0300] {dag.py:3324} INFO - Setting next_dagrun for example_branch_labels to 2022-11-07T00:00:00+00:00, run_after=2022-11-08T00:00:00+00:00
[2022-11-07T23:39:14.801-0300] {processor.py:178} INFO - Processing /home/renato/Documentos/datapipeline/.env/lib/python3.10/site-packages/airflow/example_dags/example_branch_labels.py took 0.079 seconds
[2022-11-07T23:39:56.504-0300] {processor.py:156} INFO - Started process (PID=967146) to work on /home/renato/Documentos/datapipeline/.env/lib/python3.10/site-packages/airflow/example_dags/example_branch_labels.py
[2022-11-07T23:39:56.506-0300] {processor.py:758} INFO - Processing file /home/renato/Documentos/datapipeline/.env/lib/python3.10/site-packages/airflow/example_dags/example_branch_labels.py for tasks to queue
[2022-11-07T23:39:56.506-0300] {logging_mixin.py:117} INFO - [2022-11-07T23:39:56.506-0300] {dagbag.py:525} INFO - Filling up the DagBag from /home/renato/Documentos/datapipeline/.env/lib/python3.10/site-packages/airflow/example_dags/example_branch_labels.py
[2022-11-07T23:39:56.520-0300] {processor.py:768} INFO - DAG(s) dict_keys(['example_branch_labels']) retrieved from /home/renato/Documentos/datapipeline/.env/lib/python3.10/site-packages/airflow/example_dags/example_branch_labels.py
[2022-11-07T23:39:56.542-0300] {logging_mixin.py:117} INFO - [2022-11-07T23:39:56.542-0300] {dag.py:2573} INFO - Sync 1 DAGs
[2022-11-07T23:39:56.563-0300] {logging_mixin.py:117} INFO - [2022-11-07T23:39:56.562-0300] {dag.py:3324} INFO - Setting next_dagrun for example_branch_labels to 2022-11-07T00:00:00+00:00, run_after=2022-11-08T00:00:00+00:00
[2022-11-07T23:39:56.587-0300] {processor.py:178} INFO - Processing /home/renato/Documentos/datapipeline/.env/lib/python3.10/site-packages/airflow/example_dags/example_branch_labels.py took 0.089 seconds
[2022-11-07T23:40:34.627-0300] {processor.py:156} INFO - Started process (PID=967226) to work on /home/renato/Documentos/datapipeline/.env/lib/python3.10/site-packages/airflow/example_dags/example_branch_labels.py
[2022-11-07T23:40:34.630-0300] {processor.py:758} INFO - Processing file /home/renato/Documentos/datapipeline/.env/lib/python3.10/site-packages/airflow/example_dags/example_branch_labels.py for tasks to queue
[2022-11-07T23:40:34.630-0300] {logging_mixin.py:117} INFO - [2022-11-07T23:40:34.630-0300] {dagbag.py:525} INFO - Filling up the DagBag from /home/renato/Documentos/datapipeline/.env/lib/python3.10/site-packages/airflow/example_dags/example_branch_labels.py
[2022-11-07T23:40:34.645-0300] {processor.py:768} INFO - DAG(s) dict_keys(['example_branch_labels']) retrieved from /home/renato/Documentos/datapipeline/.env/lib/python3.10/site-packages/airflow/example_dags/example_branch_labels.py
[2022-11-07T23:40:34.668-0300] {logging_mixin.py:117} INFO - [2022-11-07T23:40:34.668-0300] {dag.py:2573} INFO - Sync 1 DAGs
[2022-11-07T23:40:34.689-0300] {logging_mixin.py:117} INFO - [2022-11-07T23:40:34.688-0300] {dag.py:3324} INFO - Setting next_dagrun for example_branch_labels to 2022-11-07T00:00:00+00:00, run_after=2022-11-08T00:00:00+00:00
[2022-11-07T23:40:34.713-0300] {processor.py:178} INFO - Processing /home/renato/Documentos/datapipeline/.env/lib/python3.10/site-packages/airflow/example_dags/example_branch_labels.py took 0.088 seconds
[2022-11-07T23:41:15.766-0300] {processor.py:156} INFO - Started process (PID=967305) to work on /home/renato/Documentos/datapipeline/.env/lib/python3.10/site-packages/airflow/example_dags/example_branch_labels.py
[2022-11-07T23:41:15.771-0300] {processor.py:758} INFO - Processing file /home/renato/Documentos/datapipeline/.env/lib/python3.10/site-packages/airflow/example_dags/example_branch_labels.py for tasks to queue
[2022-11-07T23:41:15.773-0300] {logging_mixin.py:117} INFO - [2022-11-07T23:41:15.772-0300] {dagbag.py:525} INFO - Filling up the DagBag from /home/renato/Documentos/datapipeline/.env/lib/python3.10/site-packages/airflow/example_dags/example_branch_labels.py
[2022-11-07T23:41:15.800-0300] {processor.py:768} INFO - DAG(s) dict_keys(['example_branch_labels']) retrieved from /home/renato/Documentos/datapipeline/.env/lib/python3.10/site-packages/airflow/example_dags/example_branch_labels.py
[2022-11-07T23:41:15.827-0300] {logging_mixin.py:117} INFO - [2022-11-07T23:41:15.826-0300] {dag.py:2573} INFO - Sync 1 DAGs
[2022-11-07T23:41:15.845-0300] {logging_mixin.py:117} INFO - [2022-11-07T23:41:15.845-0300] {dag.py:3324} INFO - Setting next_dagrun for example_branch_labels to 2022-11-07T00:00:00+00:00, run_after=2022-11-08T00:00:00+00:00
[2022-11-07T23:41:15.867-0300] {processor.py:178} INFO - Processing /home/renato/Documentos/datapipeline/.env/lib/python3.10/site-packages/airflow/example_dags/example_branch_labels.py took 0.108 seconds
[2022-11-07T23:41:57.232-0300] {processor.py:156} INFO - Started process (PID=967392) to work on /home/renato/Documentos/datapipeline/.env/lib/python3.10/site-packages/airflow/example_dags/example_branch_labels.py
[2022-11-07T23:41:57.287-0300] {processor.py:758} INFO - Processing file /home/renato/Documentos/datapipeline/.env/lib/python3.10/site-packages/airflow/example_dags/example_branch_labels.py for tasks to queue
[2022-11-07T23:41:57.289-0300] {logging_mixin.py:117} INFO - [2022-11-07T23:41:57.289-0300] {dagbag.py:525} INFO - Filling up the DagBag from /home/renato/Documentos/datapipeline/.env/lib/python3.10/site-packages/airflow/example_dags/example_branch_labels.py
[2022-11-07T23:41:57.331-0300] {processor.py:768} INFO - DAG(s) dict_keys(['example_branch_labels']) retrieved from /home/renato/Documentos/datapipeline/.env/lib/python3.10/site-packages/airflow/example_dags/example_branch_labels.py
[2022-11-07T23:41:57.357-0300] {logging_mixin.py:117} INFO - [2022-11-07T23:41:57.357-0300] {dag.py:2573} INFO - Sync 1 DAGs
[2022-11-07T23:41:57.378-0300] {logging_mixin.py:117} INFO - [2022-11-07T23:41:57.377-0300] {dag.py:3324} INFO - Setting next_dagrun for example_branch_labels to 2022-11-07T00:00:00+00:00, run_after=2022-11-08T00:00:00+00:00
[2022-11-07T23:41:57.404-0300] {processor.py:178} INFO - Processing /home/renato/Documentos/datapipeline/.env/lib/python3.10/site-packages/airflow/example_dags/example_branch_labels.py took 0.177 seconds
[2022-11-07T23:42:38.361-0300] {processor.py:156} INFO - Started process (PID=967600) to work on /home/renato/Documentos/datapipeline/.env/lib/python3.10/site-packages/airflow/example_dags/example_branch_labels.py
[2022-11-07T23:42:38.363-0300] {processor.py:758} INFO - Processing file /home/renato/Documentos/datapipeline/.env/lib/python3.10/site-packages/airflow/example_dags/example_branch_labels.py for tasks to queue
[2022-11-07T23:42:38.364-0300] {logging_mixin.py:117} INFO - [2022-11-07T23:42:38.364-0300] {dagbag.py:525} INFO - Filling up the DagBag from /home/renato/Documentos/datapipeline/.env/lib/python3.10/site-packages/airflow/example_dags/example_branch_labels.py
[2022-11-07T23:42:38.378-0300] {processor.py:768} INFO - DAG(s) dict_keys(['example_branch_labels']) retrieved from /home/renato/Documentos/datapipeline/.env/lib/python3.10/site-packages/airflow/example_dags/example_branch_labels.py
[2022-11-07T23:42:38.402-0300] {logging_mixin.py:117} INFO - [2022-11-07T23:42:38.402-0300] {dag.py:2573} INFO - Sync 1 DAGs
[2022-11-07T23:42:38.422-0300] {logging_mixin.py:117} INFO - [2022-11-07T23:42:38.422-0300] {dag.py:3324} INFO - Setting next_dagrun for example_branch_labels to 2022-11-07T00:00:00+00:00, run_after=2022-11-08T00:00:00+00:00
[2022-11-07T23:42:38.445-0300] {processor.py:178} INFO - Processing /home/renato/Documentos/datapipeline/.env/lib/python3.10/site-packages/airflow/example_dags/example_branch_labels.py took 0.087 seconds
[2022-11-07T23:43:19.934-0300] {processor.py:156} INFO - Started process (PID=967681) to work on /home/renato/Documentos/datapipeline/.env/lib/python3.10/site-packages/airflow/example_dags/example_branch_labels.py
[2022-11-07T23:43:19.941-0300] {processor.py:758} INFO - Processing file /home/renato/Documentos/datapipeline/.env/lib/python3.10/site-packages/airflow/example_dags/example_branch_labels.py for tasks to queue
[2022-11-07T23:43:19.942-0300] {logging_mixin.py:117} INFO - [2022-11-07T23:43:19.942-0300] {dagbag.py:525} INFO - Filling up the DagBag from /home/renato/Documentos/datapipeline/.env/lib/python3.10/site-packages/airflow/example_dags/example_branch_labels.py
[2022-11-07T23:43:19.970-0300] {processor.py:768} INFO - DAG(s) dict_keys(['example_branch_labels']) retrieved from /home/renato/Documentos/datapipeline/.env/lib/python3.10/site-packages/airflow/example_dags/example_branch_labels.py
[2022-11-07T23:43:19.997-0300] {logging_mixin.py:117} INFO - [2022-11-07T23:43:19.997-0300] {dag.py:2573} INFO - Sync 1 DAGs
[2022-11-07T23:43:20.016-0300] {logging_mixin.py:117} INFO - [2022-11-07T23:43:20.015-0300] {dag.py:3324} INFO - Setting next_dagrun for example_branch_labels to 2022-11-07T00:00:00+00:00, run_after=2022-11-08T00:00:00+00:00
[2022-11-07T23:43:20.040-0300] {processor.py:178} INFO - Processing /home/renato/Documentos/datapipeline/.env/lib/python3.10/site-packages/airflow/example_dags/example_branch_labels.py took 0.113 seconds
