[2022-11-07T23:27:30.289-0300] {processor.py:156} INFO - Started process (PID=965380) to work on /home/renato/Documentos/datapipeline/.env/lib/python3.10/site-packages/airflow/example_dags/example_branch_operator.py
[2022-11-07T23:27:30.290-0300] {processor.py:758} INFO - Processing file /home/renato/Documentos/datapipeline/.env/lib/python3.10/site-packages/airflow/example_dags/example_branch_operator.py for tasks to queue
[2022-11-07T23:27:30.291-0300] {logging_mixin.py:117} INFO - [2022-11-07T23:27:30.291-0300] {dagbag.py:525} INFO - Filling up the DagBag from /home/renato/Documentos/datapipeline/.env/lib/python3.10/site-packages/airflow/example_dags/example_branch_operator.py
[2022-11-07T23:27:30.314-0300] {processor.py:768} INFO - DAG(s) dict_keys(['example_branch_operator']) retrieved from /home/renato/Documentos/datapipeline/.env/lib/python3.10/site-packages/airflow/example_dags/example_branch_operator.py
[2022-11-07T23:27:30.344-0300] {logging_mixin.py:117} INFO - [2022-11-07T23:27:30.344-0300] {dag.py:2573} INFO - Sync 1 DAGs
[2022-11-07T23:27:30.373-0300] {logging_mixin.py:117} INFO - [2022-11-07T23:27:30.373-0300] {dag.py:3324} INFO - Setting next_dagrun for example_branch_operator to 2022-11-07T00:00:00+00:00, run_after=2022-11-08T00:00:00+00:00
[2022-11-07T23:27:30.406-0300] {processor.py:178} INFO - Processing /home/renato/Documentos/datapipeline/.env/lib/python3.10/site-packages/airflow/example_dags/example_branch_operator.py took 0.123 seconds
[2022-11-07T23:28:09.691-0300] {processor.py:156} INFO - Started process (PID=965466) to work on /home/renato/Documentos/datapipeline/.env/lib/python3.10/site-packages/airflow/example_dags/example_branch_operator.py
[2022-11-07T23:28:09.695-0300] {processor.py:758} INFO - Processing file /home/renato/Documentos/datapipeline/.env/lib/python3.10/site-packages/airflow/example_dags/example_branch_operator.py for tasks to queue
[2022-11-07T23:28:09.696-0300] {logging_mixin.py:117} INFO - [2022-11-07T23:28:09.696-0300] {dagbag.py:525} INFO - Filling up the DagBag from /home/renato/Documentos/datapipeline/.env/lib/python3.10/site-packages/airflow/example_dags/example_branch_operator.py
[2022-11-07T23:28:09.714-0300] {processor.py:768} INFO - DAG(s) dict_keys(['example_branch_operator']) retrieved from /home/renato/Documentos/datapipeline/.env/lib/python3.10/site-packages/airflow/example_dags/example_branch_operator.py
[2022-11-07T23:28:09.741-0300] {logging_mixin.py:117} INFO - [2022-11-07T23:28:09.741-0300] {dag.py:2573} INFO - Sync 1 DAGs
[2022-11-07T23:28:09.763-0300] {logging_mixin.py:117} INFO - [2022-11-07T23:28:09.763-0300] {dag.py:3324} INFO - Setting next_dagrun for example_branch_operator to 2022-11-07T00:00:00+00:00, run_after=2022-11-08T00:00:00+00:00
[2022-11-07T23:28:09.787-0300] {processor.py:178} INFO - Processing /home/renato/Documentos/datapipeline/.env/lib/python3.10/site-packages/airflow/example_dags/example_branch_operator.py took 0.099 seconds
[2022-11-07T23:28:48.162-0300] {processor.py:156} INFO - Started process (PID=965544) to work on /home/renato/Documentos/datapipeline/.env/lib/python3.10/site-packages/airflow/example_dags/example_branch_operator.py
[2022-11-07T23:28:48.165-0300] {processor.py:758} INFO - Processing file /home/renato/Documentos/datapipeline/.env/lib/python3.10/site-packages/airflow/example_dags/example_branch_operator.py for tasks to queue
[2022-11-07T23:28:48.166-0300] {logging_mixin.py:117} INFO - [2022-11-07T23:28:48.165-0300] {dagbag.py:525} INFO - Filling up the DagBag from /home/renato/Documentos/datapipeline/.env/lib/python3.10/site-packages/airflow/example_dags/example_branch_operator.py
[2022-11-07T23:28:48.182-0300] {processor.py:768} INFO - DAG(s) dict_keys(['example_branch_operator']) retrieved from /home/renato/Documentos/datapipeline/.env/lib/python3.10/site-packages/airflow/example_dags/example_branch_operator.py
[2022-11-07T23:28:48.204-0300] {logging_mixin.py:117} INFO - [2022-11-07T23:28:48.204-0300] {dag.py:2573} INFO - Sync 1 DAGs
[2022-11-07T23:28:48.222-0300] {logging_mixin.py:117} INFO - [2022-11-07T23:28:48.222-0300] {dag.py:3324} INFO - Setting next_dagrun for example_branch_operator to 2022-11-07T00:00:00+00:00, run_after=2022-11-08T00:00:00+00:00
[2022-11-07T23:28:48.246-0300] {processor.py:178} INFO - Processing /home/renato/Documentos/datapipeline/.env/lib/python3.10/site-packages/airflow/example_dags/example_branch_operator.py took 0.086 seconds
[2022-11-07T23:29:32.477-0300] {processor.py:156} INFO - Started process (PID=965636) to work on /home/renato/Documentos/datapipeline/.env/lib/python3.10/site-packages/airflow/example_dags/example_branch_operator.py
[2022-11-07T23:29:32.480-0300] {processor.py:758} INFO - Processing file /home/renato/Documentos/datapipeline/.env/lib/python3.10/site-packages/airflow/example_dags/example_branch_operator.py for tasks to queue
[2022-11-07T23:29:32.481-0300] {logging_mixin.py:117} INFO - [2022-11-07T23:29:32.481-0300] {dagbag.py:525} INFO - Filling up the DagBag from /home/renato/Documentos/datapipeline/.env/lib/python3.10/site-packages/airflow/example_dags/example_branch_operator.py
[2022-11-07T23:29:32.505-0300] {processor.py:768} INFO - DAG(s) dict_keys(['example_branch_operator']) retrieved from /home/renato/Documentos/datapipeline/.env/lib/python3.10/site-packages/airflow/example_dags/example_branch_operator.py
[2022-11-07T23:29:32.530-0300] {logging_mixin.py:117} INFO - [2022-11-07T23:29:32.530-0300] {dag.py:2573} INFO - Sync 1 DAGs
[2022-11-07T23:29:32.549-0300] {logging_mixin.py:117} INFO - [2022-11-07T23:29:32.548-0300] {dag.py:3324} INFO - Setting next_dagrun for example_branch_operator to 2022-11-07T00:00:00+00:00, run_after=2022-11-08T00:00:00+00:00
[2022-11-07T23:29:32.575-0300] {processor.py:178} INFO - Processing /home/renato/Documentos/datapipeline/.env/lib/python3.10/site-packages/airflow/example_dags/example_branch_operator.py took 0.101 seconds
[2022-11-07T23:30:10.762-0300] {processor.py:156} INFO - Started process (PID=965713) to work on /home/renato/Documentos/datapipeline/.env/lib/python3.10/site-packages/airflow/example_dags/example_branch_operator.py
[2022-11-07T23:30:10.768-0300] {processor.py:758} INFO - Processing file /home/renato/Documentos/datapipeline/.env/lib/python3.10/site-packages/airflow/example_dags/example_branch_operator.py for tasks to queue
[2022-11-07T23:30:10.768-0300] {logging_mixin.py:117} INFO - [2022-11-07T23:30:10.768-0300] {dagbag.py:525} INFO - Filling up the DagBag from /home/renato/Documentos/datapipeline/.env/lib/python3.10/site-packages/airflow/example_dags/example_branch_operator.py
[2022-11-07T23:30:10.789-0300] {processor.py:768} INFO - DAG(s) dict_keys(['example_branch_operator']) retrieved from /home/renato/Documentos/datapipeline/.env/lib/python3.10/site-packages/airflow/example_dags/example_branch_operator.py
[2022-11-07T23:30:10.810-0300] {logging_mixin.py:117} INFO - [2022-11-07T23:30:10.810-0300] {dag.py:2573} INFO - Sync 1 DAGs
[2022-11-07T23:30:10.829-0300] {logging_mixin.py:117} INFO - [2022-11-07T23:30:10.828-0300] {dag.py:3324} INFO - Setting next_dagrun for example_branch_operator to 2022-11-07T00:00:00+00:00, run_after=2022-11-08T00:00:00+00:00
[2022-11-07T23:30:10.852-0300] {processor.py:178} INFO - Processing /home/renato/Documentos/datapipeline/.env/lib/python3.10/site-packages/airflow/example_dags/example_branch_operator.py took 0.093 seconds
[2022-11-07T23:30:49.461-0300] {processor.py:156} INFO - Started process (PID=965790) to work on /home/renato/Documentos/datapipeline/.env/lib/python3.10/site-packages/airflow/example_dags/example_branch_operator.py
[2022-11-07T23:30:49.464-0300] {processor.py:758} INFO - Processing file /home/renato/Documentos/datapipeline/.env/lib/python3.10/site-packages/airflow/example_dags/example_branch_operator.py for tasks to queue
[2022-11-07T23:30:49.465-0300] {logging_mixin.py:117} INFO - [2022-11-07T23:30:49.465-0300] {dagbag.py:525} INFO - Filling up the DagBag from /home/renato/Documentos/datapipeline/.env/lib/python3.10/site-packages/airflow/example_dags/example_branch_operator.py
[2022-11-07T23:30:49.493-0300] {processor.py:768} INFO - DAG(s) dict_keys(['example_branch_operator']) retrieved from /home/renato/Documentos/datapipeline/.env/lib/python3.10/site-packages/airflow/example_dags/example_branch_operator.py
[2022-11-07T23:30:49.517-0300] {logging_mixin.py:117} INFO - [2022-11-07T23:30:49.517-0300] {dag.py:2573} INFO - Sync 1 DAGs
[2022-11-07T23:30:49.535-0300] {logging_mixin.py:117} INFO - [2022-11-07T23:30:49.535-0300] {dag.py:3324} INFO - Setting next_dagrun for example_branch_operator to 2022-11-07T00:00:00+00:00, run_after=2022-11-08T00:00:00+00:00
[2022-11-07T23:30:49.558-0300] {processor.py:178} INFO - Processing /home/renato/Documentos/datapipeline/.env/lib/python3.10/site-packages/airflow/example_dags/example_branch_operator.py took 0.103 seconds
[2022-11-07T23:31:31.169-0300] {processor.py:156} INFO - Started process (PID=965871) to work on /home/renato/Documentos/datapipeline/.env/lib/python3.10/site-packages/airflow/example_dags/example_branch_operator.py
[2022-11-07T23:31:31.171-0300] {processor.py:758} INFO - Processing file /home/renato/Documentos/datapipeline/.env/lib/python3.10/site-packages/airflow/example_dags/example_branch_operator.py for tasks to queue
[2022-11-07T23:31:31.172-0300] {logging_mixin.py:117} INFO - [2022-11-07T23:31:31.172-0300] {dagbag.py:525} INFO - Filling up the DagBag from /home/renato/Documentos/datapipeline/.env/lib/python3.10/site-packages/airflow/example_dags/example_branch_operator.py
[2022-11-07T23:31:31.189-0300] {processor.py:768} INFO - DAG(s) dict_keys(['example_branch_operator']) retrieved from /home/renato/Documentos/datapipeline/.env/lib/python3.10/site-packages/airflow/example_dags/example_branch_operator.py
[2022-11-07T23:31:31.221-0300] {logging_mixin.py:117} INFO - [2022-11-07T23:31:31.220-0300] {dag.py:2573} INFO - Sync 1 DAGs
[2022-11-07T23:31:31.242-0300] {logging_mixin.py:117} INFO - [2022-11-07T23:31:31.242-0300] {dag.py:3324} INFO - Setting next_dagrun for example_branch_operator to 2022-11-07T00:00:00+00:00, run_after=2022-11-08T00:00:00+00:00
[2022-11-07T23:31:31.284-0300] {processor.py:178} INFO - Processing /home/renato/Documentos/datapipeline/.env/lib/python3.10/site-packages/airflow/example_dags/example_branch_operator.py took 0.118 seconds
[2022-11-07T23:32:10.533-0300] {processor.py:156} INFO - Started process (PID=965952) to work on /home/renato/Documentos/datapipeline/.env/lib/python3.10/site-packages/airflow/example_dags/example_branch_operator.py
[2022-11-07T23:32:10.537-0300] {processor.py:758} INFO - Processing file /home/renato/Documentos/datapipeline/.env/lib/python3.10/site-packages/airflow/example_dags/example_branch_operator.py for tasks to queue
[2022-11-07T23:32:10.538-0300] {logging_mixin.py:117} INFO - [2022-11-07T23:32:10.538-0300] {dagbag.py:525} INFO - Filling up the DagBag from /home/renato/Documentos/datapipeline/.env/lib/python3.10/site-packages/airflow/example_dags/example_branch_operator.py
[2022-11-07T23:32:10.561-0300] {processor.py:768} INFO - DAG(s) dict_keys(['example_branch_operator']) retrieved from /home/renato/Documentos/datapipeline/.env/lib/python3.10/site-packages/airflow/example_dags/example_branch_operator.py
[2022-11-07T23:32:10.584-0300] {logging_mixin.py:117} INFO - [2022-11-07T23:32:10.583-0300] {dag.py:2573} INFO - Sync 1 DAGs
[2022-11-07T23:32:10.604-0300] {logging_mixin.py:117} INFO - [2022-11-07T23:32:10.603-0300] {dag.py:3324} INFO - Setting next_dagrun for example_branch_operator to 2022-11-07T00:00:00+00:00, run_after=2022-11-08T00:00:00+00:00
[2022-11-07T23:32:10.625-0300] {processor.py:178} INFO - Processing /home/renato/Documentos/datapipeline/.env/lib/python3.10/site-packages/airflow/example_dags/example_branch_operator.py took 0.099 seconds
[2022-11-07T23:32:52.041-0300] {processor.py:156} INFO - Started process (PID=966162) to work on /home/renato/Documentos/datapipeline/.env/lib/python3.10/site-packages/airflow/example_dags/example_branch_operator.py
[2022-11-07T23:32:52.047-0300] {processor.py:758} INFO - Processing file /home/renato/Documentos/datapipeline/.env/lib/python3.10/site-packages/airflow/example_dags/example_branch_operator.py for tasks to queue
[2022-11-07T23:32:52.048-0300] {logging_mixin.py:117} INFO - [2022-11-07T23:32:52.048-0300] {dagbag.py:525} INFO - Filling up the DagBag from /home/renato/Documentos/datapipeline/.env/lib/python3.10/site-packages/airflow/example_dags/example_branch_operator.py
[2022-11-07T23:32:52.076-0300] {processor.py:768} INFO - DAG(s) dict_keys(['example_branch_operator']) retrieved from /home/renato/Documentos/datapipeline/.env/lib/python3.10/site-packages/airflow/example_dags/example_branch_operator.py
[2022-11-07T23:32:52.103-0300] {logging_mixin.py:117} INFO - [2022-11-07T23:32:52.102-0300] {dag.py:2573} INFO - Sync 1 DAGs
[2022-11-07T23:32:52.124-0300] {logging_mixin.py:117} INFO - [2022-11-07T23:32:52.124-0300] {dag.py:3324} INFO - Setting next_dagrun for example_branch_operator to 2022-11-07T00:00:00+00:00, run_after=2022-11-08T00:00:00+00:00
[2022-11-07T23:32:52.147-0300] {processor.py:178} INFO - Processing /home/renato/Documentos/datapipeline/.env/lib/python3.10/site-packages/airflow/example_dags/example_branch_operator.py took 0.112 seconds
[2022-11-07T23:33:39.180-0300] {processor.py:156} INFO - Started process (PID=966255) to work on /home/renato/Documentos/datapipeline/.env/lib/python3.10/site-packages/airflow/example_dags/example_branch_operator.py
[2022-11-07T23:33:39.186-0300] {processor.py:758} INFO - Processing file /home/renato/Documentos/datapipeline/.env/lib/python3.10/site-packages/airflow/example_dags/example_branch_operator.py for tasks to queue
[2022-11-07T23:33:39.187-0300] {logging_mixin.py:117} INFO - [2022-11-07T23:33:39.187-0300] {dagbag.py:525} INFO - Filling up the DagBag from /home/renato/Documentos/datapipeline/.env/lib/python3.10/site-packages/airflow/example_dags/example_branch_operator.py
[2022-11-07T23:33:39.214-0300] {processor.py:768} INFO - DAG(s) dict_keys(['example_branch_operator']) retrieved from /home/renato/Documentos/datapipeline/.env/lib/python3.10/site-packages/airflow/example_dags/example_branch_operator.py
[2022-11-07T23:33:39.241-0300] {logging_mixin.py:117} INFO - [2022-11-07T23:33:39.240-0300] {dag.py:2573} INFO - Sync 1 DAGs
[2022-11-07T23:33:39.259-0300] {logging_mixin.py:117} INFO - [2022-11-07T23:33:39.259-0300] {dag.py:3324} INFO - Setting next_dagrun for example_branch_operator to 2022-11-07T00:00:00+00:00, run_after=2022-11-08T00:00:00+00:00
[2022-11-07T23:33:39.283-0300] {processor.py:178} INFO - Processing /home/renato/Documentos/datapipeline/.env/lib/python3.10/site-packages/airflow/example_dags/example_branch_operator.py took 0.107 seconds
[2022-11-07T23:34:21.605-0300] {processor.py:156} INFO - Started process (PID=966341) to work on /home/renato/Documentos/datapipeline/.env/lib/python3.10/site-packages/airflow/example_dags/example_branch_operator.py
[2022-11-07T23:34:21.610-0300] {processor.py:758} INFO - Processing file /home/renato/Documentos/datapipeline/.env/lib/python3.10/site-packages/airflow/example_dags/example_branch_operator.py for tasks to queue
[2022-11-07T23:34:21.611-0300] {logging_mixin.py:117} INFO - [2022-11-07T23:34:21.611-0300] {dagbag.py:525} INFO - Filling up the DagBag from /home/renato/Documentos/datapipeline/.env/lib/python3.10/site-packages/airflow/example_dags/example_branch_operator.py
[2022-11-07T23:34:21.634-0300] {processor.py:768} INFO - DAG(s) dict_keys(['example_branch_operator']) retrieved from /home/renato/Documentos/datapipeline/.env/lib/python3.10/site-packages/airflow/example_dags/example_branch_operator.py
[2022-11-07T23:34:21.660-0300] {logging_mixin.py:117} INFO - [2022-11-07T23:34:21.660-0300] {dag.py:2573} INFO - Sync 1 DAGs
[2022-11-07T23:34:21.679-0300] {logging_mixin.py:117} INFO - [2022-11-07T23:34:21.679-0300] {dag.py:3324} INFO - Setting next_dagrun for example_branch_operator to 2022-11-07T00:00:00+00:00, run_after=2022-11-08T00:00:00+00:00
[2022-11-07T23:34:21.706-0300] {processor.py:178} INFO - Processing /home/renato/Documentos/datapipeline/.env/lib/python3.10/site-packages/airflow/example_dags/example_branch_operator.py took 0.108 seconds
[2022-11-07T23:34:59.366-0300] {processor.py:156} INFO - Started process (PID=966415) to work on /home/renato/Documentos/datapipeline/.env/lib/python3.10/site-packages/airflow/example_dags/example_branch_operator.py
[2022-11-07T23:34:59.370-0300] {processor.py:758} INFO - Processing file /home/renato/Documentos/datapipeline/.env/lib/python3.10/site-packages/airflow/example_dags/example_branch_operator.py for tasks to queue
[2022-11-07T23:34:59.371-0300] {logging_mixin.py:117} INFO - [2022-11-07T23:34:59.370-0300] {dagbag.py:525} INFO - Filling up the DagBag from /home/renato/Documentos/datapipeline/.env/lib/python3.10/site-packages/airflow/example_dags/example_branch_operator.py
[2022-11-07T23:34:59.395-0300] {processor.py:768} INFO - DAG(s) dict_keys(['example_branch_operator']) retrieved from /home/renato/Documentos/datapipeline/.env/lib/python3.10/site-packages/airflow/example_dags/example_branch_operator.py
[2022-11-07T23:34:59.422-0300] {logging_mixin.py:117} INFO - [2022-11-07T23:34:59.422-0300] {dag.py:2573} INFO - Sync 1 DAGs
[2022-11-07T23:34:59.439-0300] {logging_mixin.py:117} INFO - [2022-11-07T23:34:59.439-0300] {dag.py:3324} INFO - Setting next_dagrun for example_branch_operator to 2022-11-07T00:00:00+00:00, run_after=2022-11-08T00:00:00+00:00
[2022-11-07T23:34:59.462-0300] {processor.py:178} INFO - Processing /home/renato/Documentos/datapipeline/.env/lib/python3.10/site-packages/airflow/example_dags/example_branch_operator.py took 0.101 seconds
[2022-11-07T23:35:36.812-0300] {processor.py:156} INFO - Started process (PID=966492) to work on /home/renato/Documentos/datapipeline/.env/lib/python3.10/site-packages/airflow/example_dags/example_branch_operator.py
[2022-11-07T23:35:36.816-0300] {processor.py:758} INFO - Processing file /home/renato/Documentos/datapipeline/.env/lib/python3.10/site-packages/airflow/example_dags/example_branch_operator.py for tasks to queue
[2022-11-07T23:35:36.817-0300] {logging_mixin.py:117} INFO - [2022-11-07T23:35:36.817-0300] {dagbag.py:525} INFO - Filling up the DagBag from /home/renato/Documentos/datapipeline/.env/lib/python3.10/site-packages/airflow/example_dags/example_branch_operator.py
[2022-11-07T23:35:36.844-0300] {processor.py:768} INFO - DAG(s) dict_keys(['example_branch_operator']) retrieved from /home/renato/Documentos/datapipeline/.env/lib/python3.10/site-packages/airflow/example_dags/example_branch_operator.py
[2022-11-07T23:35:36.868-0300] {logging_mixin.py:117} INFO - [2022-11-07T23:35:36.868-0300] {dag.py:2573} INFO - Sync 1 DAGs
[2022-11-07T23:35:36.887-0300] {logging_mixin.py:117} INFO - [2022-11-07T23:35:36.887-0300] {dag.py:3324} INFO - Setting next_dagrun for example_branch_operator to 2022-11-07T00:00:00+00:00, run_after=2022-11-08T00:00:00+00:00
[2022-11-07T23:35:36.910-0300] {processor.py:178} INFO - Processing /home/renato/Documentos/datapipeline/.env/lib/python3.10/site-packages/airflow/example_dags/example_branch_operator.py took 0.105 seconds
[2022-11-07T23:36:24.408-0300] {processor.py:156} INFO - Started process (PID=966584) to work on /home/renato/Documentos/datapipeline/.env/lib/python3.10/site-packages/airflow/example_dags/example_branch_operator.py
[2022-11-07T23:36:24.414-0300] {processor.py:758} INFO - Processing file /home/renato/Documentos/datapipeline/.env/lib/python3.10/site-packages/airflow/example_dags/example_branch_operator.py for tasks to queue
[2022-11-07T23:36:24.415-0300] {logging_mixin.py:117} INFO - [2022-11-07T23:36:24.415-0300] {dagbag.py:525} INFO - Filling up the DagBag from /home/renato/Documentos/datapipeline/.env/lib/python3.10/site-packages/airflow/example_dags/example_branch_operator.py
[2022-11-07T23:36:24.449-0300] {processor.py:768} INFO - DAG(s) dict_keys(['example_branch_operator']) retrieved from /home/renato/Documentos/datapipeline/.env/lib/python3.10/site-packages/airflow/example_dags/example_branch_operator.py
[2022-11-07T23:36:24.478-0300] {logging_mixin.py:117} INFO - [2022-11-07T23:36:24.478-0300] {dag.py:2573} INFO - Sync 1 DAGs
[2022-11-07T23:36:24.495-0300] {logging_mixin.py:117} INFO - [2022-11-07T23:36:24.495-0300] {dag.py:3324} INFO - Setting next_dagrun for example_branch_operator to 2022-11-07T00:00:00+00:00, run_after=2022-11-08T00:00:00+00:00
[2022-11-07T23:36:24.518-0300] {processor.py:178} INFO - Processing /home/renato/Documentos/datapipeline/.env/lib/python3.10/site-packages/airflow/example_dags/example_branch_operator.py took 0.116 seconds
[2022-11-07T23:37:03.447-0300] {processor.py:156} INFO - Started process (PID=966663) to work on /home/renato/Documentos/datapipeline/.env/lib/python3.10/site-packages/airflow/example_dags/example_branch_operator.py
[2022-11-07T23:37:03.450-0300] {processor.py:758} INFO - Processing file /home/renato/Documentos/datapipeline/.env/lib/python3.10/site-packages/airflow/example_dags/example_branch_operator.py for tasks to queue
[2022-11-07T23:37:03.452-0300] {logging_mixin.py:117} INFO - [2022-11-07T23:37:03.451-0300] {dagbag.py:525} INFO - Filling up the DagBag from /home/renato/Documentos/datapipeline/.env/lib/python3.10/site-packages/airflow/example_dags/example_branch_operator.py
[2022-11-07T23:37:03.474-0300] {processor.py:768} INFO - DAG(s) dict_keys(['example_branch_operator']) retrieved from /home/renato/Documentos/datapipeline/.env/lib/python3.10/site-packages/airflow/example_dags/example_branch_operator.py
[2022-11-07T23:37:03.497-0300] {logging_mixin.py:117} INFO - [2022-11-07T23:37:03.497-0300] {dag.py:2573} INFO - Sync 1 DAGs
[2022-11-07T23:37:03.516-0300] {logging_mixin.py:117} INFO - [2022-11-07T23:37:03.516-0300] {dag.py:3324} INFO - Setting next_dagrun for example_branch_operator to 2022-11-07T00:00:00+00:00, run_after=2022-11-08T00:00:00+00:00
[2022-11-07T23:37:03.538-0300] {processor.py:178} INFO - Processing /home/renato/Documentos/datapipeline/.env/lib/python3.10/site-packages/airflow/example_dags/example_branch_operator.py took 0.097 seconds
[2022-11-07T23:37:48.402-0300] {processor.py:156} INFO - Started process (PID=966882) to work on /home/renato/Documentos/datapipeline/.env/lib/python3.10/site-packages/airflow/example_dags/example_branch_operator.py
[2022-11-07T23:37:48.404-0300] {processor.py:758} INFO - Processing file /home/renato/Documentos/datapipeline/.env/lib/python3.10/site-packages/airflow/example_dags/example_branch_operator.py for tasks to queue
[2022-11-07T23:37:48.405-0300] {logging_mixin.py:117} INFO - [2022-11-07T23:37:48.405-0300] {dagbag.py:525} INFO - Filling up the DagBag from /home/renato/Documentos/datapipeline/.env/lib/python3.10/site-packages/airflow/example_dags/example_branch_operator.py
[2022-11-07T23:37:48.432-0300] {processor.py:768} INFO - DAG(s) dict_keys(['example_branch_operator']) retrieved from /home/renato/Documentos/datapipeline/.env/lib/python3.10/site-packages/airflow/example_dags/example_branch_operator.py
[2022-11-07T23:37:48.454-0300] {logging_mixin.py:117} INFO - [2022-11-07T23:37:48.454-0300] {dag.py:2573} INFO - Sync 1 DAGs
[2022-11-07T23:37:48.472-0300] {logging_mixin.py:117} INFO - [2022-11-07T23:37:48.472-0300] {dag.py:3324} INFO - Setting next_dagrun for example_branch_operator to 2022-11-07T00:00:00+00:00, run_after=2022-11-08T00:00:00+00:00
[2022-11-07T23:37:48.495-0300] {processor.py:178} INFO - Processing /home/renato/Documentos/datapipeline/.env/lib/python3.10/site-packages/airflow/example_dags/example_branch_operator.py took 0.104 seconds
[2022-11-07T23:38:33.340-0300] {processor.py:156} INFO - Started process (PID=966970) to work on /home/renato/Documentos/datapipeline/.env/lib/python3.10/site-packages/airflow/example_dags/example_branch_operator.py
[2022-11-07T23:38:33.343-0300] {processor.py:758} INFO - Processing file /home/renato/Documentos/datapipeline/.env/lib/python3.10/site-packages/airflow/example_dags/example_branch_operator.py for tasks to queue
[2022-11-07T23:38:33.344-0300] {logging_mixin.py:117} INFO - [2022-11-07T23:38:33.344-0300] {dagbag.py:525} INFO - Filling up the DagBag from /home/renato/Documentos/datapipeline/.env/lib/python3.10/site-packages/airflow/example_dags/example_branch_operator.py
[2022-11-07T23:38:33.360-0300] {processor.py:768} INFO - DAG(s) dict_keys(['example_branch_operator']) retrieved from /home/renato/Documentos/datapipeline/.env/lib/python3.10/site-packages/airflow/example_dags/example_branch_operator.py
[2022-11-07T23:38:33.383-0300] {logging_mixin.py:117} INFO - [2022-11-07T23:38:33.383-0300] {dag.py:2573} INFO - Sync 1 DAGs
[2022-11-07T23:38:33.401-0300] {logging_mixin.py:117} INFO - [2022-11-07T23:38:33.401-0300] {dag.py:3324} INFO - Setting next_dagrun for example_branch_operator to 2022-11-07T00:00:00+00:00, run_after=2022-11-08T00:00:00+00:00
[2022-11-07T23:38:33.425-0300] {processor.py:178} INFO - Processing /home/renato/Documentos/datapipeline/.env/lib/python3.10/site-packages/airflow/example_dags/example_branch_operator.py took 0.091 seconds
[2022-11-07T23:39:15.862-0300] {processor.py:156} INFO - Started process (PID=967071) to work on /home/renato/Documentos/datapipeline/.env/lib/python3.10/site-packages/airflow/example_dags/example_branch_operator.py
[2022-11-07T23:39:15.866-0300] {processor.py:758} INFO - Processing file /home/renato/Documentos/datapipeline/.env/lib/python3.10/site-packages/airflow/example_dags/example_branch_operator.py for tasks to queue
[2022-11-07T23:39:15.866-0300] {logging_mixin.py:117} INFO - [2022-11-07T23:39:15.866-0300] {dagbag.py:525} INFO - Filling up the DagBag from /home/renato/Documentos/datapipeline/.env/lib/python3.10/site-packages/airflow/example_dags/example_branch_operator.py
[2022-11-07T23:39:15.890-0300] {processor.py:768} INFO - DAG(s) dict_keys(['example_branch_operator']) retrieved from /home/renato/Documentos/datapipeline/.env/lib/python3.10/site-packages/airflow/example_dags/example_branch_operator.py
[2022-11-07T23:39:15.913-0300] {logging_mixin.py:117} INFO - [2022-11-07T23:39:15.913-0300] {dag.py:2573} INFO - Sync 1 DAGs
[2022-11-07T23:39:15.937-0300] {logging_mixin.py:117} INFO - [2022-11-07T23:39:15.937-0300] {dag.py:3324} INFO - Setting next_dagrun for example_branch_operator to 2022-11-07T00:00:00+00:00, run_after=2022-11-08T00:00:00+00:00
[2022-11-07T23:39:15.979-0300] {processor.py:178} INFO - Processing /home/renato/Documentos/datapipeline/.env/lib/python3.10/site-packages/airflow/example_dags/example_branch_operator.py took 0.119 seconds
[2022-11-07T23:40:05.637-0300] {processor.py:156} INFO - Started process (PID=967168) to work on /home/renato/Documentos/datapipeline/.env/lib/python3.10/site-packages/airflow/example_dags/example_branch_operator.py
[2022-11-07T23:40:05.639-0300] {processor.py:758} INFO - Processing file /home/renato/Documentos/datapipeline/.env/lib/python3.10/site-packages/airflow/example_dags/example_branch_operator.py for tasks to queue
[2022-11-07T23:40:05.639-0300] {logging_mixin.py:117} INFO - [2022-11-07T23:40:05.639-0300] {dagbag.py:525} INFO - Filling up the DagBag from /home/renato/Documentos/datapipeline/.env/lib/python3.10/site-packages/airflow/example_dags/example_branch_operator.py
[2022-11-07T23:40:05.656-0300] {processor.py:768} INFO - DAG(s) dict_keys(['example_branch_operator']) retrieved from /home/renato/Documentos/datapipeline/.env/lib/python3.10/site-packages/airflow/example_dags/example_branch_operator.py
[2022-11-07T23:40:05.681-0300] {logging_mixin.py:117} INFO - [2022-11-07T23:40:05.680-0300] {dag.py:2573} INFO - Sync 1 DAGs
[2022-11-07T23:40:05.710-0300] {logging_mixin.py:117} INFO - [2022-11-07T23:40:05.710-0300] {dag.py:3324} INFO - Setting next_dagrun for example_branch_operator to 2022-11-07T00:00:00+00:00, run_after=2022-11-08T00:00:00+00:00
[2022-11-07T23:40:05.735-0300] {processor.py:178} INFO - Processing /home/renato/Documentos/datapipeline/.env/lib/python3.10/site-packages/airflow/example_dags/example_branch_operator.py took 0.101 seconds
[2022-11-07T23:40:45.174-0300] {processor.py:156} INFO - Started process (PID=967245) to work on /home/renato/Documentos/datapipeline/.env/lib/python3.10/site-packages/airflow/example_dags/example_branch_operator.py
[2022-11-07T23:40:45.181-0300] {processor.py:758} INFO - Processing file /home/renato/Documentos/datapipeline/.env/lib/python3.10/site-packages/airflow/example_dags/example_branch_operator.py for tasks to queue
[2022-11-07T23:40:45.182-0300] {logging_mixin.py:117} INFO - [2022-11-07T23:40:45.182-0300] {dagbag.py:525} INFO - Filling up the DagBag from /home/renato/Documentos/datapipeline/.env/lib/python3.10/site-packages/airflow/example_dags/example_branch_operator.py
[2022-11-07T23:40:45.201-0300] {processor.py:768} INFO - DAG(s) dict_keys(['example_branch_operator']) retrieved from /home/renato/Documentos/datapipeline/.env/lib/python3.10/site-packages/airflow/example_dags/example_branch_operator.py
[2022-11-07T23:40:45.224-0300] {logging_mixin.py:117} INFO - [2022-11-07T23:40:45.224-0300] {dag.py:2573} INFO - Sync 1 DAGs
[2022-11-07T23:40:45.245-0300] {logging_mixin.py:117} INFO - [2022-11-07T23:40:45.244-0300] {dag.py:3324} INFO - Setting next_dagrun for example_branch_operator to 2022-11-07T00:00:00+00:00, run_after=2022-11-08T00:00:00+00:00
[2022-11-07T23:40:45.269-0300] {processor.py:178} INFO - Processing /home/renato/Documentos/datapipeline/.env/lib/python3.10/site-packages/airflow/example_dags/example_branch_operator.py took 0.100 seconds
[2022-11-07T23:41:29.276-0300] {processor.py:156} INFO - Started process (PID=967330) to work on /home/renato/Documentos/datapipeline/.env/lib/python3.10/site-packages/airflow/example_dags/example_branch_operator.py
[2022-11-07T23:41:29.281-0300] {processor.py:758} INFO - Processing file /home/renato/Documentos/datapipeline/.env/lib/python3.10/site-packages/airflow/example_dags/example_branch_operator.py for tasks to queue
[2022-11-07T23:41:29.283-0300] {logging_mixin.py:117} INFO - [2022-11-07T23:41:29.283-0300] {dagbag.py:525} INFO - Filling up the DagBag from /home/renato/Documentos/datapipeline/.env/lib/python3.10/site-packages/airflow/example_dags/example_branch_operator.py
[2022-11-07T23:41:29.304-0300] {processor.py:768} INFO - DAG(s) dict_keys(['example_branch_operator']) retrieved from /home/renato/Documentos/datapipeline/.env/lib/python3.10/site-packages/airflow/example_dags/example_branch_operator.py
[2022-11-07T23:41:29.332-0300] {logging_mixin.py:117} INFO - [2022-11-07T23:41:29.332-0300] {dag.py:2573} INFO - Sync 1 DAGs
[2022-11-07T23:41:29.355-0300] {logging_mixin.py:117} INFO - [2022-11-07T23:41:29.354-0300] {dag.py:3324} INFO - Setting next_dagrun for example_branch_operator to 2022-11-07T00:00:00+00:00, run_after=2022-11-08T00:00:00+00:00
[2022-11-07T23:41:29.387-0300] {processor.py:178} INFO - Processing /home/renato/Documentos/datapipeline/.env/lib/python3.10/site-packages/airflow/example_dags/example_branch_operator.py took 0.115 seconds
[2022-11-07T23:42:11.054-0300] {processor.py:156} INFO - Started process (PID=967418) to work on /home/renato/Documentos/datapipeline/.env/lib/python3.10/site-packages/airflow/example_dags/example_branch_operator.py
[2022-11-07T23:42:11.057-0300] {processor.py:758} INFO - Processing file /home/renato/Documentos/datapipeline/.env/lib/python3.10/site-packages/airflow/example_dags/example_branch_operator.py for tasks to queue
[2022-11-07T23:42:11.059-0300] {logging_mixin.py:117} INFO - [2022-11-07T23:42:11.058-0300] {dagbag.py:525} INFO - Filling up the DagBag from /home/renato/Documentos/datapipeline/.env/lib/python3.10/site-packages/airflow/example_dags/example_branch_operator.py
[2022-11-07T23:42:11.090-0300] {processor.py:768} INFO - DAG(s) dict_keys(['example_branch_operator']) retrieved from /home/renato/Documentos/datapipeline/.env/lib/python3.10/site-packages/airflow/example_dags/example_branch_operator.py
[2022-11-07T23:42:11.122-0300] {logging_mixin.py:117} INFO - [2022-11-07T23:42:11.122-0300] {dag.py:2573} INFO - Sync 1 DAGs
[2022-11-07T23:42:11.140-0300] {logging_mixin.py:117} INFO - [2022-11-07T23:42:11.140-0300] {dag.py:3324} INFO - Setting next_dagrun for example_branch_operator to 2022-11-07T00:00:00+00:00, run_after=2022-11-08T00:00:00+00:00
[2022-11-07T23:42:11.163-0300] {processor.py:178} INFO - Processing /home/renato/Documentos/datapipeline/.env/lib/python3.10/site-packages/airflow/example_dags/example_branch_operator.py took 0.117 seconds
[2022-11-07T23:42:53.008-0300] {processor.py:156} INFO - Started process (PID=967628) to work on /home/renato/Documentos/datapipeline/.env/lib/python3.10/site-packages/airflow/example_dags/example_branch_operator.py
[2022-11-07T23:42:53.011-0300] {processor.py:758} INFO - Processing file /home/renato/Documentos/datapipeline/.env/lib/python3.10/site-packages/airflow/example_dags/example_branch_operator.py for tasks to queue
[2022-11-07T23:42:53.011-0300] {logging_mixin.py:117} INFO - [2022-11-07T23:42:53.011-0300] {dagbag.py:525} INFO - Filling up the DagBag from /home/renato/Documentos/datapipeline/.env/lib/python3.10/site-packages/airflow/example_dags/example_branch_operator.py
[2022-11-07T23:42:53.028-0300] {processor.py:768} INFO - DAG(s) dict_keys(['example_branch_operator']) retrieved from /home/renato/Documentos/datapipeline/.env/lib/python3.10/site-packages/airflow/example_dags/example_branch_operator.py
[2022-11-07T23:42:53.052-0300] {logging_mixin.py:117} INFO - [2022-11-07T23:42:53.052-0300] {dag.py:2573} INFO - Sync 1 DAGs
[2022-11-07T23:42:53.071-0300] {logging_mixin.py:117} INFO - [2022-11-07T23:42:53.071-0300] {dag.py:3324} INFO - Setting next_dagrun for example_branch_operator to 2022-11-07T00:00:00+00:00, run_after=2022-11-08T00:00:00+00:00
[2022-11-07T23:42:53.094-0300] {processor.py:178} INFO - Processing /home/renato/Documentos/datapipeline/.env/lib/python3.10/site-packages/airflow/example_dags/example_branch_operator.py took 0.089 seconds
[2022-11-08T19:26:44.404-0300] {processor.py:156} INFO - Started process (PID=11827) to work on /home/renato/Documentos/datapipeline/.env/lib/python3.10/site-packages/airflow/example_dags/example_branch_operator.py
[2022-11-08T19:26:44.407-0300] {processor.py:758} INFO - Processing file /home/renato/Documentos/datapipeline/.env/lib/python3.10/site-packages/airflow/example_dags/example_branch_operator.py for tasks to queue
[2022-11-08T19:26:44.408-0300] {logging_mixin.py:117} INFO - [2022-11-08T19:26:44.408-0300] {dagbag.py:525} INFO - Filling up the DagBag from /home/renato/Documentos/datapipeline/.env/lib/python3.10/site-packages/airflow/example_dags/example_branch_operator.py
[2022-11-08T19:26:44.429-0300] {processor.py:768} INFO - DAG(s) dict_keys(['example_branch_operator']) retrieved from /home/renato/Documentos/datapipeline/.env/lib/python3.10/site-packages/airflow/example_dags/example_branch_operator.py
[2022-11-08T19:26:44.452-0300] {logging_mixin.py:117} INFO - [2022-11-08T19:26:44.452-0300] {dag.py:2573} INFO - Sync 1 DAGs
[2022-11-08T19:26:44.473-0300] {logging_mixin.py:117} INFO - [2022-11-08T19:26:44.473-0300] {dag.py:3324} INFO - Setting next_dagrun for example_branch_operator to 2022-11-07T00:00:00+00:00, run_after=2022-11-08T00:00:00+00:00
[2022-11-08T19:26:44.503-0300] {processor.py:178} INFO - Processing /home/renato/Documentos/datapipeline/.env/lib/python3.10/site-packages/airflow/example_dags/example_branch_operator.py took 0.104 seconds
[2022-11-08T19:27:27.020-0300] {processor.py:156} INFO - Started process (PID=11910) to work on /home/renato/Documentos/datapipeline/.env/lib/python3.10/site-packages/airflow/example_dags/example_branch_operator.py
[2022-11-08T19:27:27.023-0300] {processor.py:758} INFO - Processing file /home/renato/Documentos/datapipeline/.env/lib/python3.10/site-packages/airflow/example_dags/example_branch_operator.py for tasks to queue
[2022-11-08T19:27:27.024-0300] {logging_mixin.py:117} INFO - [2022-11-08T19:27:27.024-0300] {dagbag.py:525} INFO - Filling up the DagBag from /home/renato/Documentos/datapipeline/.env/lib/python3.10/site-packages/airflow/example_dags/example_branch_operator.py
[2022-11-08T19:27:27.069-0300] {processor.py:768} INFO - DAG(s) dict_keys(['example_branch_operator']) retrieved from /home/renato/Documentos/datapipeline/.env/lib/python3.10/site-packages/airflow/example_dags/example_branch_operator.py
[2022-11-08T19:27:27.121-0300] {logging_mixin.py:117} INFO - [2022-11-08T19:27:27.121-0300] {dag.py:2573} INFO - Sync 1 DAGs
[2022-11-08T19:27:27.168-0300] {logging_mixin.py:117} INFO - [2022-11-08T19:27:27.168-0300] {dag.py:3324} INFO - Setting next_dagrun for example_branch_operator to 2022-11-07T00:00:00+00:00, run_after=2022-11-08T00:00:00+00:00
[2022-11-08T19:27:27.222-0300] {processor.py:178} INFO - Processing /home/renato/Documentos/datapipeline/.env/lib/python3.10/site-packages/airflow/example_dags/example_branch_operator.py took 0.205 seconds
[2022-11-08T19:28:04.659-0300] {processor.py:156} INFO - Started process (PID=11984) to work on /home/renato/Documentos/datapipeline/.env/lib/python3.10/site-packages/airflow/example_dags/example_branch_operator.py
[2022-11-08T19:28:04.661-0300] {processor.py:758} INFO - Processing file /home/renato/Documentos/datapipeline/.env/lib/python3.10/site-packages/airflow/example_dags/example_branch_operator.py for tasks to queue
[2022-11-08T19:28:04.662-0300] {logging_mixin.py:117} INFO - [2022-11-08T19:28:04.662-0300] {dagbag.py:525} INFO - Filling up the DagBag from /home/renato/Documentos/datapipeline/.env/lib/python3.10/site-packages/airflow/example_dags/example_branch_operator.py
[2022-11-08T19:28:04.686-0300] {processor.py:768} INFO - DAG(s) dict_keys(['example_branch_operator']) retrieved from /home/renato/Documentos/datapipeline/.env/lib/python3.10/site-packages/airflow/example_dags/example_branch_operator.py
[2022-11-08T19:28:04.713-0300] {logging_mixin.py:117} INFO - [2022-11-08T19:28:04.713-0300] {dag.py:2573} INFO - Sync 1 DAGs
[2022-11-08T19:28:04.736-0300] {logging_mixin.py:117} INFO - [2022-11-08T19:28:04.736-0300] {dag.py:3324} INFO - Setting next_dagrun for example_branch_operator to 2022-11-07T00:00:00+00:00, run_after=2022-11-08T00:00:00+00:00
[2022-11-08T19:28:04.764-0300] {processor.py:178} INFO - Processing /home/renato/Documentos/datapipeline/.env/lib/python3.10/site-packages/airflow/example_dags/example_branch_operator.py took 0.108 seconds
[2022-11-08T19:28:48.717-0300] {processor.py:156} INFO - Started process (PID=12198) to work on /home/renato/Documentos/datapipeline/.env/lib/python3.10/site-packages/airflow/example_dags/example_branch_operator.py
[2022-11-08T19:28:48.719-0300] {processor.py:758} INFO - Processing file /home/renato/Documentos/datapipeline/.env/lib/python3.10/site-packages/airflow/example_dags/example_branch_operator.py for tasks to queue
[2022-11-08T19:28:48.720-0300] {logging_mixin.py:117} INFO - [2022-11-08T19:28:48.720-0300] {dagbag.py:525} INFO - Filling up the DagBag from /home/renato/Documentos/datapipeline/.env/lib/python3.10/site-packages/airflow/example_dags/example_branch_operator.py
[2022-11-08T19:28:48.745-0300] {processor.py:768} INFO - DAG(s) dict_keys(['example_branch_operator']) retrieved from /home/renato/Documentos/datapipeline/.env/lib/python3.10/site-packages/airflow/example_dags/example_branch_operator.py
[2022-11-08T19:28:48.776-0300] {logging_mixin.py:117} INFO - [2022-11-08T19:28:48.776-0300] {dag.py:2573} INFO - Sync 1 DAGs
[2022-11-08T19:28:48.793-0300] {logging_mixin.py:117} INFO - [2022-11-08T19:28:48.792-0300] {dag.py:3324} INFO - Setting next_dagrun for example_branch_operator to 2022-11-07T00:00:00+00:00, run_after=2022-11-08T00:00:00+00:00
[2022-11-08T19:28:48.815-0300] {processor.py:178} INFO - Processing /home/renato/Documentos/datapipeline/.env/lib/python3.10/site-packages/airflow/example_dags/example_branch_operator.py took 0.102 seconds
[2022-11-08T19:29:31.016-0300] {processor.py:156} INFO - Started process (PID=12281) to work on /home/renato/Documentos/datapipeline/.env/lib/python3.10/site-packages/airflow/example_dags/example_branch_operator.py
[2022-11-08T19:29:31.024-0300] {processor.py:758} INFO - Processing file /home/renato/Documentos/datapipeline/.env/lib/python3.10/site-packages/airflow/example_dags/example_branch_operator.py for tasks to queue
[2022-11-08T19:29:31.025-0300] {logging_mixin.py:117} INFO - [2022-11-08T19:29:31.025-0300] {dagbag.py:525} INFO - Filling up the DagBag from /home/renato/Documentos/datapipeline/.env/lib/python3.10/site-packages/airflow/example_dags/example_branch_operator.py
[2022-11-08T19:29:31.049-0300] {processor.py:768} INFO - DAG(s) dict_keys(['example_branch_operator']) retrieved from /home/renato/Documentos/datapipeline/.env/lib/python3.10/site-packages/airflow/example_dags/example_branch_operator.py
[2022-11-08T19:29:31.073-0300] {logging_mixin.py:117} INFO - [2022-11-08T19:29:31.073-0300] {dag.py:2573} INFO - Sync 1 DAGs
[2022-11-08T19:29:31.089-0300] {logging_mixin.py:117} INFO - [2022-11-08T19:29:31.089-0300] {dag.py:3324} INFO - Setting next_dagrun for example_branch_operator to 2022-11-07T00:00:00+00:00, run_after=2022-11-08T00:00:00+00:00
[2022-11-08T19:29:31.147-0300] {processor.py:178} INFO - Processing /home/renato/Documentos/datapipeline/.env/lib/python3.10/site-packages/airflow/example_dags/example_branch_operator.py took 0.137 seconds
[2022-11-08T19:31:33.849-0300] {processor.py:156} INFO - Started process (PID=12420) to work on /home/renato/Documentos/datapipeline/.env/lib/python3.10/site-packages/airflow/example_dags/example_branch_operator.py
[2022-11-08T19:31:33.852-0300] {processor.py:758} INFO - Processing file /home/renato/Documentos/datapipeline/.env/lib/python3.10/site-packages/airflow/example_dags/example_branch_operator.py for tasks to queue
[2022-11-08T19:31:33.853-0300] {logging_mixin.py:117} INFO - [2022-11-08T19:31:33.853-0300] {dagbag.py:525} INFO - Filling up the DagBag from /home/renato/Documentos/datapipeline/.env/lib/python3.10/site-packages/airflow/example_dags/example_branch_operator.py
[2022-11-08T19:31:33.871-0300] {processor.py:768} INFO - DAG(s) dict_keys(['example_branch_operator']) retrieved from /home/renato/Documentos/datapipeline/.env/lib/python3.10/site-packages/airflow/example_dags/example_branch_operator.py
[2022-11-08T19:31:33.892-0300] {logging_mixin.py:117} INFO - [2022-11-08T19:31:33.892-0300] {dag.py:2573} INFO - Sync 1 DAGs
[2022-11-08T19:31:33.912-0300] {logging_mixin.py:117} INFO - [2022-11-08T19:31:33.912-0300] {dag.py:3324} INFO - Setting next_dagrun for example_branch_operator to 2022-11-07T00:00:00+00:00, run_after=2022-11-08T00:00:00+00:00
[2022-11-08T19:31:33.935-0300] {processor.py:178} INFO - Processing /home/renato/Documentos/datapipeline/.env/lib/python3.10/site-packages/airflow/example_dags/example_branch_operator.py took 0.091 seconds
[2022-11-08T19:32:12.781-0300] {processor.py:156} INFO - Started process (PID=12505) to work on /home/renato/Documentos/datapipeline/.env/lib/python3.10/site-packages/airflow/example_dags/example_branch_operator.py
[2022-11-08T19:32:12.787-0300] {processor.py:758} INFO - Processing file /home/renato/Documentos/datapipeline/.env/lib/python3.10/site-packages/airflow/example_dags/example_branch_operator.py for tasks to queue
[2022-11-08T19:32:12.788-0300] {logging_mixin.py:117} INFO - [2022-11-08T19:32:12.787-0300] {dagbag.py:525} INFO - Filling up the DagBag from /home/renato/Documentos/datapipeline/.env/lib/python3.10/site-packages/airflow/example_dags/example_branch_operator.py
[2022-11-08T19:32:12.812-0300] {processor.py:768} INFO - DAG(s) dict_keys(['example_branch_operator']) retrieved from /home/renato/Documentos/datapipeline/.env/lib/python3.10/site-packages/airflow/example_dags/example_branch_operator.py
[2022-11-08T19:32:12.837-0300] {logging_mixin.py:117} INFO - [2022-11-08T19:32:12.837-0300] {dag.py:2573} INFO - Sync 1 DAGs
[2022-11-08T19:32:12.859-0300] {logging_mixin.py:117} INFO - [2022-11-08T19:32:12.859-0300] {dag.py:3324} INFO - Setting next_dagrun for example_branch_operator to 2022-11-07T00:00:00+00:00, run_after=2022-11-08T00:00:00+00:00
[2022-11-08T19:32:12.883-0300] {processor.py:178} INFO - Processing /home/renato/Documentos/datapipeline/.env/lib/python3.10/site-packages/airflow/example_dags/example_branch_operator.py took 0.107 seconds
[2022-11-08T19:32:51.416-0300] {processor.py:156} INFO - Started process (PID=12581) to work on /home/renato/Documentos/datapipeline/.env/lib/python3.10/site-packages/airflow/example_dags/example_branch_operator.py
[2022-11-08T19:32:51.418-0300] {processor.py:758} INFO - Processing file /home/renato/Documentos/datapipeline/.env/lib/python3.10/site-packages/airflow/example_dags/example_branch_operator.py for tasks to queue
[2022-11-08T19:32:51.419-0300] {logging_mixin.py:117} INFO - [2022-11-08T19:32:51.419-0300] {dagbag.py:525} INFO - Filling up the DagBag from /home/renato/Documentos/datapipeline/.env/lib/python3.10/site-packages/airflow/example_dags/example_branch_operator.py
[2022-11-08T19:32:51.435-0300] {processor.py:768} INFO - DAG(s) dict_keys(['example_branch_operator']) retrieved from /home/renato/Documentos/datapipeline/.env/lib/python3.10/site-packages/airflow/example_dags/example_branch_operator.py
[2022-11-08T19:32:51.456-0300] {logging_mixin.py:117} INFO - [2022-11-08T19:32:51.456-0300] {dag.py:2573} INFO - Sync 1 DAGs
[2022-11-08T19:32:51.475-0300] {logging_mixin.py:117} INFO - [2022-11-08T19:32:51.475-0300] {dag.py:3324} INFO - Setting next_dagrun for example_branch_operator to 2022-11-07T00:00:00+00:00, run_after=2022-11-08T00:00:00+00:00
[2022-11-08T19:32:51.499-0300] {processor.py:178} INFO - Processing /home/renato/Documentos/datapipeline/.env/lib/python3.10/site-packages/airflow/example_dags/example_branch_operator.py took 0.085 seconds
[2022-11-08T19:33:35.445-0300] {processor.py:156} INFO - Started process (PID=12796) to work on /home/renato/Documentos/datapipeline/.env/lib/python3.10/site-packages/airflow/example_dags/example_branch_operator.py
[2022-11-08T19:33:35.450-0300] {processor.py:758} INFO - Processing file /home/renato/Documentos/datapipeline/.env/lib/python3.10/site-packages/airflow/example_dags/example_branch_operator.py for tasks to queue
[2022-11-08T19:33:35.451-0300] {logging_mixin.py:117} INFO - [2022-11-08T19:33:35.451-0300] {dagbag.py:525} INFO - Filling up the DagBag from /home/renato/Documentos/datapipeline/.env/lib/python3.10/site-packages/airflow/example_dags/example_branch_operator.py
[2022-11-08T19:33:35.468-0300] {processor.py:768} INFO - DAG(s) dict_keys(['example_branch_operator']) retrieved from /home/renato/Documentos/datapipeline/.env/lib/python3.10/site-packages/airflow/example_dags/example_branch_operator.py
[2022-11-08T19:33:35.492-0300] {logging_mixin.py:117} INFO - [2022-11-08T19:33:35.492-0300] {dag.py:2573} INFO - Sync 1 DAGs
[2022-11-08T19:33:35.510-0300] {logging_mixin.py:117} INFO - [2022-11-08T19:33:35.510-0300] {dag.py:3324} INFO - Setting next_dagrun for example_branch_operator to 2022-11-07T00:00:00+00:00, run_after=2022-11-08T00:00:00+00:00
[2022-11-08T19:33:35.536-0300] {processor.py:178} INFO - Processing /home/renato/Documentos/datapipeline/.env/lib/python3.10/site-packages/airflow/example_dags/example_branch_operator.py took 0.094 seconds
[2022-11-08T19:34:16.251-0300] {processor.py:156} INFO - Started process (PID=13031) to work on /home/renato/Documentos/datapipeline/.env/lib/python3.10/site-packages/airflow/example_dags/example_branch_operator.py
[2022-11-08T19:34:16.254-0300] {processor.py:758} INFO - Processing file /home/renato/Documentos/datapipeline/.env/lib/python3.10/site-packages/airflow/example_dags/example_branch_operator.py for tasks to queue
[2022-11-08T19:34:16.255-0300] {logging_mixin.py:117} INFO - [2022-11-08T19:34:16.255-0300] {dagbag.py:525} INFO - Filling up the DagBag from /home/renato/Documentos/datapipeline/.env/lib/python3.10/site-packages/airflow/example_dags/example_branch_operator.py
[2022-11-08T19:34:16.280-0300] {processor.py:768} INFO - DAG(s) dict_keys(['example_branch_operator']) retrieved from /home/renato/Documentos/datapipeline/.env/lib/python3.10/site-packages/airflow/example_dags/example_branch_operator.py
[2022-11-08T19:34:16.305-0300] {logging_mixin.py:117} INFO - [2022-11-08T19:34:16.305-0300] {dag.py:2573} INFO - Sync 1 DAGs
[2022-11-08T19:34:16.331-0300] {logging_mixin.py:117} INFO - [2022-11-08T19:34:16.331-0300] {dag.py:3324} INFO - Setting next_dagrun for example_branch_operator to 2022-11-07T00:00:00+00:00, run_after=2022-11-08T00:00:00+00:00
[2022-11-08T19:34:16.361-0300] {processor.py:178} INFO - Processing /home/renato/Documentos/datapipeline/.env/lib/python3.10/site-packages/airflow/example_dags/example_branch_operator.py took 0.115 seconds
[2022-11-08T19:34:55.292-0300] {processor.py:156} INFO - Started process (PID=13205) to work on /home/renato/Documentos/datapipeline/.env/lib/python3.10/site-packages/airflow/example_dags/example_branch_operator.py
[2022-11-08T19:34:55.294-0300] {processor.py:758} INFO - Processing file /home/renato/Documentos/datapipeline/.env/lib/python3.10/site-packages/airflow/example_dags/example_branch_operator.py for tasks to queue
[2022-11-08T19:34:55.295-0300] {logging_mixin.py:117} INFO - [2022-11-08T19:34:55.295-0300] {dagbag.py:525} INFO - Filling up the DagBag from /home/renato/Documentos/datapipeline/.env/lib/python3.10/site-packages/airflow/example_dags/example_branch_operator.py
[2022-11-08T19:34:55.313-0300] {processor.py:768} INFO - DAG(s) dict_keys(['example_branch_operator']) retrieved from /home/renato/Documentos/datapipeline/.env/lib/python3.10/site-packages/airflow/example_dags/example_branch_operator.py
[2022-11-08T19:34:55.336-0300] {logging_mixin.py:117} INFO - [2022-11-08T19:34:55.336-0300] {dag.py:2573} INFO - Sync 1 DAGs
[2022-11-08T19:34:55.353-0300] {logging_mixin.py:117} INFO - [2022-11-08T19:34:55.353-0300] {dag.py:3324} INFO - Setting next_dagrun for example_branch_operator to 2022-11-07T00:00:00+00:00, run_after=2022-11-08T00:00:00+00:00
[2022-11-08T19:34:55.376-0300] {processor.py:178} INFO - Processing /home/renato/Documentos/datapipeline/.env/lib/python3.10/site-packages/airflow/example_dags/example_branch_operator.py took 0.088 seconds
[2022-11-08T19:35:33.533-0300] {processor.py:156} INFO - Started process (PID=13290) to work on /home/renato/Documentos/datapipeline/.env/lib/python3.10/site-packages/airflow/example_dags/example_branch_operator.py
[2022-11-08T19:35:33.536-0300] {processor.py:758} INFO - Processing file /home/renato/Documentos/datapipeline/.env/lib/python3.10/site-packages/airflow/example_dags/example_branch_operator.py for tasks to queue
[2022-11-08T19:35:33.537-0300] {logging_mixin.py:117} INFO - [2022-11-08T19:35:33.537-0300] {dagbag.py:525} INFO - Filling up the DagBag from /home/renato/Documentos/datapipeline/.env/lib/python3.10/site-packages/airflow/example_dags/example_branch_operator.py
[2022-11-08T19:35:33.559-0300] {processor.py:768} INFO - DAG(s) dict_keys(['example_branch_operator']) retrieved from /home/renato/Documentos/datapipeline/.env/lib/python3.10/site-packages/airflow/example_dags/example_branch_operator.py
[2022-11-08T19:35:33.580-0300] {logging_mixin.py:117} INFO - [2022-11-08T19:35:33.579-0300] {dag.py:2573} INFO - Sync 1 DAGs
[2022-11-08T19:35:33.597-0300] {logging_mixin.py:117} INFO - [2022-11-08T19:35:33.597-0300] {dag.py:3324} INFO - Setting next_dagrun for example_branch_operator to 2022-11-07T00:00:00+00:00, run_after=2022-11-08T00:00:00+00:00
[2022-11-08T19:35:33.623-0300] {processor.py:178} INFO - Processing /home/renato/Documentos/datapipeline/.env/lib/python3.10/site-packages/airflow/example_dags/example_branch_operator.py took 0.096 seconds
[2022-11-08T19:36:20.251-0300] {processor.py:156} INFO - Started process (PID=13385) to work on /home/renato/Documentos/datapipeline/.env/lib/python3.10/site-packages/airflow/example_dags/example_branch_operator.py
[2022-11-08T19:36:20.258-0300] {processor.py:758} INFO - Processing file /home/renato/Documentos/datapipeline/.env/lib/python3.10/site-packages/airflow/example_dags/example_branch_operator.py for tasks to queue
[2022-11-08T19:36:20.259-0300] {logging_mixin.py:117} INFO - [2022-11-08T19:36:20.259-0300] {dagbag.py:525} INFO - Filling up the DagBag from /home/renato/Documentos/datapipeline/.env/lib/python3.10/site-packages/airflow/example_dags/example_branch_operator.py
[2022-11-08T19:36:20.282-0300] {processor.py:768} INFO - DAG(s) dict_keys(['example_branch_operator']) retrieved from /home/renato/Documentos/datapipeline/.env/lib/python3.10/site-packages/airflow/example_dags/example_branch_operator.py
[2022-11-08T19:36:20.305-0300] {logging_mixin.py:117} INFO - [2022-11-08T19:36:20.305-0300] {dag.py:2573} INFO - Sync 1 DAGs
[2022-11-08T19:36:20.324-0300] {logging_mixin.py:117} INFO - [2022-11-08T19:36:20.324-0300] {dag.py:3324} INFO - Setting next_dagrun for example_branch_operator to 2022-11-07T00:00:00+00:00, run_after=2022-11-08T00:00:00+00:00
[2022-11-08T19:36:20.348-0300] {processor.py:178} INFO - Processing /home/renato/Documentos/datapipeline/.env/lib/python3.10/site-packages/airflow/example_dags/example_branch_operator.py took 0.103 seconds
[2022-11-08T19:36:58.222-0300] {processor.py:156} INFO - Started process (PID=13511) to work on /home/renato/Documentos/datapipeline/.env/lib/python3.10/site-packages/airflow/example_dags/example_branch_operator.py
[2022-11-08T19:36:58.224-0300] {processor.py:758} INFO - Processing file /home/renato/Documentos/datapipeline/.env/lib/python3.10/site-packages/airflow/example_dags/example_branch_operator.py for tasks to queue
[2022-11-08T19:36:58.225-0300] {logging_mixin.py:117} INFO - [2022-11-08T19:36:58.224-0300] {dagbag.py:525} INFO - Filling up the DagBag from /home/renato/Documentos/datapipeline/.env/lib/python3.10/site-packages/airflow/example_dags/example_branch_operator.py
[2022-11-08T19:36:58.240-0300] {processor.py:768} INFO - DAG(s) dict_keys(['example_branch_operator']) retrieved from /home/renato/Documentos/datapipeline/.env/lib/python3.10/site-packages/airflow/example_dags/example_branch_operator.py
[2022-11-08T19:36:58.261-0300] {logging_mixin.py:117} INFO - [2022-11-08T19:36:58.261-0300] {dag.py:2573} INFO - Sync 1 DAGs
[2022-11-08T19:36:58.280-0300] {logging_mixin.py:117} INFO - [2022-11-08T19:36:58.280-0300] {dag.py:3324} INFO - Setting next_dagrun for example_branch_operator to 2022-11-07T00:00:00+00:00, run_after=2022-11-08T00:00:00+00:00
[2022-11-08T19:36:58.306-0300] {processor.py:178} INFO - Processing /home/renato/Documentos/datapipeline/.env/lib/python3.10/site-packages/airflow/example_dags/example_branch_operator.py took 0.087 seconds
[2022-11-08T19:37:37.778-0300] {processor.py:156} INFO - Started process (PID=13617) to work on /home/renato/Documentos/datapipeline/.env/lib/python3.10/site-packages/airflow/example_dags/example_branch_operator.py
[2022-11-08T19:37:37.781-0300] {processor.py:758} INFO - Processing file /home/renato/Documentos/datapipeline/.env/lib/python3.10/site-packages/airflow/example_dags/example_branch_operator.py for tasks to queue
[2022-11-08T19:37:37.782-0300] {logging_mixin.py:117} INFO - [2022-11-08T19:37:37.781-0300] {dagbag.py:525} INFO - Filling up the DagBag from /home/renato/Documentos/datapipeline/.env/lib/python3.10/site-packages/airflow/example_dags/example_branch_operator.py
[2022-11-08T19:37:37.803-0300] {processor.py:768} INFO - DAG(s) dict_keys(['example_branch_operator']) retrieved from /home/renato/Documentos/datapipeline/.env/lib/python3.10/site-packages/airflow/example_dags/example_branch_operator.py
[2022-11-08T19:37:37.828-0300] {logging_mixin.py:117} INFO - [2022-11-08T19:37:37.828-0300] {dag.py:2573} INFO - Sync 1 DAGs
[2022-11-08T19:37:37.849-0300] {logging_mixin.py:117} INFO - [2022-11-08T19:37:37.848-0300] {dag.py:3324} INFO - Setting next_dagrun for example_branch_operator to 2022-11-07T00:00:00+00:00, run_after=2022-11-08T00:00:00+00:00
[2022-11-08T19:37:37.876-0300] {processor.py:178} INFO - Processing /home/renato/Documentos/datapipeline/.env/lib/python3.10/site-packages/airflow/example_dags/example_branch_operator.py took 0.103 seconds
[2022-11-08T19:38:17.200-0300] {processor.py:156} INFO - Started process (PID=13936) to work on /home/renato/Documentos/datapipeline/.env/lib/python3.10/site-packages/airflow/example_dags/example_branch_operator.py
[2022-11-08T19:38:17.207-0300] {processor.py:758} INFO - Processing file /home/renato/Documentos/datapipeline/.env/lib/python3.10/site-packages/airflow/example_dags/example_branch_operator.py for tasks to queue
[2022-11-08T19:38:17.208-0300] {logging_mixin.py:117} INFO - [2022-11-08T19:38:17.208-0300] {dagbag.py:525} INFO - Filling up the DagBag from /home/renato/Documentos/datapipeline/.env/lib/python3.10/site-packages/airflow/example_dags/example_branch_operator.py
[2022-11-08T19:38:17.226-0300] {processor.py:768} INFO - DAG(s) dict_keys(['example_branch_operator']) retrieved from /home/renato/Documentos/datapipeline/.env/lib/python3.10/site-packages/airflow/example_dags/example_branch_operator.py
[2022-11-08T19:38:17.249-0300] {logging_mixin.py:117} INFO - [2022-11-08T19:38:17.249-0300] {dag.py:2573} INFO - Sync 1 DAGs
[2022-11-08T19:38:17.267-0300] {logging_mixin.py:117} INFO - [2022-11-08T19:38:17.267-0300] {dag.py:3324} INFO - Setting next_dagrun for example_branch_operator to 2022-11-07T00:00:00+00:00, run_after=2022-11-08T00:00:00+00:00
[2022-11-08T19:38:17.295-0300] {processor.py:178} INFO - Processing /home/renato/Documentos/datapipeline/.env/lib/python3.10/site-packages/airflow/example_dags/example_branch_operator.py took 0.098 seconds
[2022-11-08T19:38:59.426-0300] {processor.py:156} INFO - Started process (PID=14037) to work on /home/renato/Documentos/datapipeline/.env/lib/python3.10/site-packages/airflow/example_dags/example_branch_operator.py
[2022-11-08T19:38:59.429-0300] {processor.py:758} INFO - Processing file /home/renato/Documentos/datapipeline/.env/lib/python3.10/site-packages/airflow/example_dags/example_branch_operator.py for tasks to queue
[2022-11-08T19:38:59.430-0300] {logging_mixin.py:117} INFO - [2022-11-08T19:38:59.430-0300] {dagbag.py:525} INFO - Filling up the DagBag from /home/renato/Documentos/datapipeline/.env/lib/python3.10/site-packages/airflow/example_dags/example_branch_operator.py
[2022-11-08T19:38:59.451-0300] {processor.py:768} INFO - DAG(s) dict_keys(['example_branch_operator']) retrieved from /home/renato/Documentos/datapipeline/.env/lib/python3.10/site-packages/airflow/example_dags/example_branch_operator.py
[2022-11-08T19:38:59.475-0300] {logging_mixin.py:117} INFO - [2022-11-08T19:38:59.475-0300] {dag.py:2573} INFO - Sync 1 DAGs
[2022-11-08T19:38:59.495-0300] {logging_mixin.py:117} INFO - [2022-11-08T19:38:59.495-0300] {dag.py:3324} INFO - Setting next_dagrun for example_branch_operator to 2022-11-07T00:00:00+00:00, run_after=2022-11-08T00:00:00+00:00
[2022-11-08T19:38:59.517-0300] {processor.py:178} INFO - Processing /home/renato/Documentos/datapipeline/.env/lib/python3.10/site-packages/airflow/example_dags/example_branch_operator.py took 0.096 seconds
[2022-11-08T19:39:47.608-0300] {processor.py:156} INFO - Started process (PID=14130) to work on /home/renato/Documentos/datapipeline/.env/lib/python3.10/site-packages/airflow/example_dags/example_branch_operator.py
[2022-11-08T19:39:47.611-0300] {processor.py:758} INFO - Processing file /home/renato/Documentos/datapipeline/.env/lib/python3.10/site-packages/airflow/example_dags/example_branch_operator.py for tasks to queue
[2022-11-08T19:39:47.611-0300] {logging_mixin.py:117} INFO - [2022-11-08T19:39:47.611-0300] {dagbag.py:525} INFO - Filling up the DagBag from /home/renato/Documentos/datapipeline/.env/lib/python3.10/site-packages/airflow/example_dags/example_branch_operator.py
[2022-11-08T19:39:47.628-0300] {processor.py:768} INFO - DAG(s) dict_keys(['example_branch_operator']) retrieved from /home/renato/Documentos/datapipeline/.env/lib/python3.10/site-packages/airflow/example_dags/example_branch_operator.py
[2022-11-08T19:39:47.650-0300] {logging_mixin.py:117} INFO - [2022-11-08T19:39:47.650-0300] {dag.py:2573} INFO - Sync 1 DAGs
[2022-11-08T19:39:47.668-0300] {logging_mixin.py:117} INFO - [2022-11-08T19:39:47.668-0300] {dag.py:3324} INFO - Setting next_dagrun for example_branch_operator to 2022-11-07T00:00:00+00:00, run_after=2022-11-08T00:00:00+00:00
[2022-11-08T19:39:47.695-0300] {processor.py:178} INFO - Processing /home/renato/Documentos/datapipeline/.env/lib/python3.10/site-packages/airflow/example_dags/example_branch_operator.py took 0.092 seconds
[2022-11-08T19:40:26.751-0300] {processor.py:156} INFO - Started process (PID=14213) to work on /home/renato/Documentos/datapipeline/.env/lib/python3.10/site-packages/airflow/example_dags/example_branch_operator.py
[2022-11-08T19:40:26.753-0300] {processor.py:758} INFO - Processing file /home/renato/Documentos/datapipeline/.env/lib/python3.10/site-packages/airflow/example_dags/example_branch_operator.py for tasks to queue
[2022-11-08T19:40:26.754-0300] {logging_mixin.py:117} INFO - [2022-11-08T19:40:26.754-0300] {dagbag.py:525} INFO - Filling up the DagBag from /home/renato/Documentos/datapipeline/.env/lib/python3.10/site-packages/airflow/example_dags/example_branch_operator.py
[2022-11-08T19:40:26.773-0300] {processor.py:768} INFO - DAG(s) dict_keys(['example_branch_operator']) retrieved from /home/renato/Documentos/datapipeline/.env/lib/python3.10/site-packages/airflow/example_dags/example_branch_operator.py
[2022-11-08T19:40:26.796-0300] {logging_mixin.py:117} INFO - [2022-11-08T19:40:26.795-0300] {dag.py:2573} INFO - Sync 1 DAGs
[2022-11-08T19:40:26.814-0300] {logging_mixin.py:117} INFO - [2022-11-08T19:40:26.814-0300] {dag.py:3324} INFO - Setting next_dagrun for example_branch_operator to 2022-11-07T00:00:00+00:00, run_after=2022-11-08T00:00:00+00:00
[2022-11-08T19:40:26.844-0300] {processor.py:178} INFO - Processing /home/renato/Documentos/datapipeline/.env/lib/python3.10/site-packages/airflow/example_dags/example_branch_operator.py took 0.096 seconds
[2022-11-08T19:41:13.717-0300] {processor.py:156} INFO - Started process (PID=14469) to work on /home/renato/Documentos/datapipeline/.env/lib/python3.10/site-packages/airflow/example_dags/example_branch_operator.py
[2022-11-08T19:41:13.720-0300] {processor.py:758} INFO - Processing file /home/renato/Documentos/datapipeline/.env/lib/python3.10/site-packages/airflow/example_dags/example_branch_operator.py for tasks to queue
[2022-11-08T19:41:13.720-0300] {logging_mixin.py:117} INFO - [2022-11-08T19:41:13.720-0300] {dagbag.py:525} INFO - Filling up the DagBag from /home/renato/Documentos/datapipeline/.env/lib/python3.10/site-packages/airflow/example_dags/example_branch_operator.py
[2022-11-08T19:41:13.744-0300] {processor.py:768} INFO - DAG(s) dict_keys(['example_branch_operator']) retrieved from /home/renato/Documentos/datapipeline/.env/lib/python3.10/site-packages/airflow/example_dags/example_branch_operator.py
[2022-11-08T19:41:13.770-0300] {logging_mixin.py:117} INFO - [2022-11-08T19:41:13.769-0300] {dag.py:2573} INFO - Sync 1 DAGs
[2022-11-08T19:41:13.789-0300] {logging_mixin.py:117} INFO - [2022-11-08T19:41:13.789-0300] {dag.py:3324} INFO - Setting next_dagrun for example_branch_operator to 2022-11-07T00:00:00+00:00, run_after=2022-11-08T00:00:00+00:00
[2022-11-08T19:41:13.816-0300] {processor.py:178} INFO - Processing /home/renato/Documentos/datapipeline/.env/lib/python3.10/site-packages/airflow/example_dags/example_branch_operator.py took 0.105 seconds
[2022-11-08T19:41:59.988-0300] {processor.py:156} INFO - Started process (PID=14786) to work on /home/renato/Documentos/datapipeline/.env/lib/python3.10/site-packages/airflow/example_dags/example_branch_operator.py
[2022-11-08T19:41:59.991-0300] {processor.py:758} INFO - Processing file /home/renato/Documentos/datapipeline/.env/lib/python3.10/site-packages/airflow/example_dags/example_branch_operator.py for tasks to queue
[2022-11-08T19:41:59.991-0300] {logging_mixin.py:117} INFO - [2022-11-08T19:41:59.991-0300] {dagbag.py:525} INFO - Filling up the DagBag from /home/renato/Documentos/datapipeline/.env/lib/python3.10/site-packages/airflow/example_dags/example_branch_operator.py
[2022-11-08T19:42:00.009-0300] {processor.py:768} INFO - DAG(s) dict_keys(['example_branch_operator']) retrieved from /home/renato/Documentos/datapipeline/.env/lib/python3.10/site-packages/airflow/example_dags/example_branch_operator.py
[2022-11-08T19:42:00.035-0300] {logging_mixin.py:117} INFO - [2022-11-08T19:42:00.034-0300] {dag.py:2573} INFO - Sync 1 DAGs
[2022-11-08T19:42:00.054-0300] {logging_mixin.py:117} INFO - [2022-11-08T19:42:00.053-0300] {dag.py:3324} INFO - Setting next_dagrun for example_branch_operator to 2022-11-07T00:00:00+00:00, run_after=2022-11-08T00:00:00+00:00
[2022-11-08T19:42:00.082-0300] {processor.py:178} INFO - Processing /home/renato/Documentos/datapipeline/.env/lib/python3.10/site-packages/airflow/example_dags/example_branch_operator.py took 0.096 seconds
[2022-11-08T19:42:37.787-0300] {processor.py:156} INFO - Started process (PID=14872) to work on /home/renato/Documentos/datapipeline/.env/lib/python3.10/site-packages/airflow/example_dags/example_branch_operator.py
[2022-11-08T19:42:37.789-0300] {processor.py:758} INFO - Processing file /home/renato/Documentos/datapipeline/.env/lib/python3.10/site-packages/airflow/example_dags/example_branch_operator.py for tasks to queue
[2022-11-08T19:42:37.790-0300] {logging_mixin.py:117} INFO - [2022-11-08T19:42:37.790-0300] {dagbag.py:525} INFO - Filling up the DagBag from /home/renato/Documentos/datapipeline/.env/lib/python3.10/site-packages/airflow/example_dags/example_branch_operator.py
[2022-11-08T19:42:37.805-0300] {processor.py:768} INFO - DAG(s) dict_keys(['example_branch_operator']) retrieved from /home/renato/Documentos/datapipeline/.env/lib/python3.10/site-packages/airflow/example_dags/example_branch_operator.py
[2022-11-08T19:42:37.827-0300] {logging_mixin.py:117} INFO - [2022-11-08T19:42:37.827-0300] {dag.py:2573} INFO - Sync 1 DAGs
[2022-11-08T19:42:37.846-0300] {logging_mixin.py:117} INFO - [2022-11-08T19:42:37.845-0300] {dag.py:3324} INFO - Setting next_dagrun for example_branch_operator to 2022-11-07T00:00:00+00:00, run_after=2022-11-08T00:00:00+00:00
[2022-11-08T19:42:37.870-0300] {processor.py:178} INFO - Processing /home/renato/Documentos/datapipeline/.env/lib/python3.10/site-packages/airflow/example_dags/example_branch_operator.py took 0.085 seconds
[2022-11-08T19:43:23.047-0300] {processor.py:156} INFO - Started process (PID=15103) to work on /home/renato/Documentos/datapipeline/.env/lib/python3.10/site-packages/airflow/example_dags/example_branch_operator.py
[2022-11-08T19:43:23.050-0300] {processor.py:758} INFO - Processing file /home/renato/Documentos/datapipeline/.env/lib/python3.10/site-packages/airflow/example_dags/example_branch_operator.py for tasks to queue
[2022-11-08T19:43:23.051-0300] {logging_mixin.py:117} INFO - [2022-11-08T19:43:23.051-0300] {dagbag.py:525} INFO - Filling up the DagBag from /home/renato/Documentos/datapipeline/.env/lib/python3.10/site-packages/airflow/example_dags/example_branch_operator.py
[2022-11-08T19:43:23.070-0300] {processor.py:768} INFO - DAG(s) dict_keys(['example_branch_operator']) retrieved from /home/renato/Documentos/datapipeline/.env/lib/python3.10/site-packages/airflow/example_dags/example_branch_operator.py
[2022-11-08T19:43:23.095-0300] {logging_mixin.py:117} INFO - [2022-11-08T19:43:23.095-0300] {dag.py:2573} INFO - Sync 1 DAGs
[2022-11-08T19:43:23.114-0300] {logging_mixin.py:117} INFO - [2022-11-08T19:43:23.113-0300] {dag.py:3324} INFO - Setting next_dagrun for example_branch_operator to 2022-11-07T00:00:00+00:00, run_after=2022-11-08T00:00:00+00:00
[2022-11-08T19:43:23.138-0300] {processor.py:178} INFO - Processing /home/renato/Documentos/datapipeline/.env/lib/python3.10/site-packages/airflow/example_dags/example_branch_operator.py took 0.094 seconds
[2022-11-08T19:44:03.438-0300] {processor.py:156} INFO - Started process (PID=15181) to work on /home/renato/Documentos/datapipeline/.env/lib/python3.10/site-packages/airflow/example_dags/example_branch_operator.py
[2022-11-08T19:44:03.440-0300] {processor.py:758} INFO - Processing file /home/renato/Documentos/datapipeline/.env/lib/python3.10/site-packages/airflow/example_dags/example_branch_operator.py for tasks to queue
[2022-11-08T19:44:03.441-0300] {logging_mixin.py:117} INFO - [2022-11-08T19:44:03.440-0300] {dagbag.py:525} INFO - Filling up the DagBag from /home/renato/Documentos/datapipeline/.env/lib/python3.10/site-packages/airflow/example_dags/example_branch_operator.py
[2022-11-08T19:44:03.456-0300] {processor.py:768} INFO - DAG(s) dict_keys(['example_branch_operator']) retrieved from /home/renato/Documentos/datapipeline/.env/lib/python3.10/site-packages/airflow/example_dags/example_branch_operator.py
[2022-11-08T19:44:03.476-0300] {logging_mixin.py:117} INFO - [2022-11-08T19:44:03.476-0300] {dag.py:2573} INFO - Sync 1 DAGs
[2022-11-08T19:44:03.493-0300] {logging_mixin.py:117} INFO - [2022-11-08T19:44:03.493-0300] {dag.py:3324} INFO - Setting next_dagrun for example_branch_operator to 2022-11-07T00:00:00+00:00, run_after=2022-11-08T00:00:00+00:00
[2022-11-08T19:44:03.516-0300] {processor.py:178} INFO - Processing /home/renato/Documentos/datapipeline/.env/lib/python3.10/site-packages/airflow/example_dags/example_branch_operator.py took 0.080 seconds
[2022-11-08T19:44:41.776-0300] {processor.py:156} INFO - Started process (PID=15268) to work on /home/renato/Documentos/datapipeline/.env/lib/python3.10/site-packages/airflow/example_dags/example_branch_operator.py
[2022-11-08T19:44:41.778-0300] {processor.py:758} INFO - Processing file /home/renato/Documentos/datapipeline/.env/lib/python3.10/site-packages/airflow/example_dags/example_branch_operator.py for tasks to queue
[2022-11-08T19:44:41.779-0300] {logging_mixin.py:117} INFO - [2022-11-08T19:44:41.779-0300] {dagbag.py:525} INFO - Filling up the DagBag from /home/renato/Documentos/datapipeline/.env/lib/python3.10/site-packages/airflow/example_dags/example_branch_operator.py
[2022-11-08T19:44:41.800-0300] {processor.py:768} INFO - DAG(s) dict_keys(['example_branch_operator']) retrieved from /home/renato/Documentos/datapipeline/.env/lib/python3.10/site-packages/airflow/example_dags/example_branch_operator.py
[2022-11-08T19:44:41.821-0300] {logging_mixin.py:117} INFO - [2022-11-08T19:44:41.821-0300] {dag.py:2573} INFO - Sync 1 DAGs
[2022-11-08T19:44:41.838-0300] {logging_mixin.py:117} INFO - [2022-11-08T19:44:41.838-0300] {dag.py:3324} INFO - Setting next_dagrun for example_branch_operator to 2022-11-07T00:00:00+00:00, run_after=2022-11-08T00:00:00+00:00
[2022-11-08T19:44:41.860-0300] {processor.py:178} INFO - Processing /home/renato/Documentos/datapipeline/.env/lib/python3.10/site-packages/airflow/example_dags/example_branch_operator.py took 0.088 seconds
[2022-11-08T19:46:14.268-0300] {processor.py:156} INFO - Started process (PID=15718) to work on /home/renato/Documentos/datapipeline/.env/lib/python3.10/site-packages/airflow/example_dags/example_branch_operator.py
[2022-11-08T19:46:14.271-0300] {processor.py:758} INFO - Processing file /home/renato/Documentos/datapipeline/.env/lib/python3.10/site-packages/airflow/example_dags/example_branch_operator.py for tasks to queue
[2022-11-08T19:46:14.273-0300] {logging_mixin.py:117} INFO - [2022-11-08T19:46:14.272-0300] {dagbag.py:525} INFO - Filling up the DagBag from /home/renato/Documentos/datapipeline/.env/lib/python3.10/site-packages/airflow/example_dags/example_branch_operator.py
[2022-11-08T19:46:14.295-0300] {processor.py:768} INFO - DAG(s) dict_keys(['example_branch_operator']) retrieved from /home/renato/Documentos/datapipeline/.env/lib/python3.10/site-packages/airflow/example_dags/example_branch_operator.py
[2022-11-08T19:46:14.320-0300] {logging_mixin.py:117} INFO - [2022-11-08T19:46:14.320-0300] {dag.py:2573} INFO - Sync 1 DAGs
[2022-11-08T19:46:14.340-0300] {logging_mixin.py:117} INFO - [2022-11-08T19:46:14.340-0300] {dag.py:3324} INFO - Setting next_dagrun for example_branch_operator to 2022-11-07T00:00:00+00:00, run_after=2022-11-08T00:00:00+00:00
[2022-11-08T19:46:14.369-0300] {processor.py:178} INFO - Processing /home/renato/Documentos/datapipeline/.env/lib/python3.10/site-packages/airflow/example_dags/example_branch_operator.py took 0.106 seconds
[2022-11-08T19:46:51.842-0300] {processor.py:156} INFO - Started process (PID=15797) to work on /home/renato/Documentos/datapipeline/.env/lib/python3.10/site-packages/airflow/example_dags/example_branch_operator.py
[2022-11-08T19:46:51.844-0300] {processor.py:758} INFO - Processing file /home/renato/Documentos/datapipeline/.env/lib/python3.10/site-packages/airflow/example_dags/example_branch_operator.py for tasks to queue
[2022-11-08T19:46:51.845-0300] {logging_mixin.py:117} INFO - [2022-11-08T19:46:51.845-0300] {dagbag.py:525} INFO - Filling up the DagBag from /home/renato/Documentos/datapipeline/.env/lib/python3.10/site-packages/airflow/example_dags/example_branch_operator.py
[2022-11-08T19:46:51.863-0300] {processor.py:768} INFO - DAG(s) dict_keys(['example_branch_operator']) retrieved from /home/renato/Documentos/datapipeline/.env/lib/python3.10/site-packages/airflow/example_dags/example_branch_operator.py
[2022-11-08T19:46:51.887-0300] {logging_mixin.py:117} INFO - [2022-11-08T19:46:51.887-0300] {dag.py:2573} INFO - Sync 1 DAGs
[2022-11-08T19:46:51.909-0300] {logging_mixin.py:117} INFO - [2022-11-08T19:46:51.908-0300] {dag.py:3324} INFO - Setting next_dagrun for example_branch_operator to 2022-11-07T00:00:00+00:00, run_after=2022-11-08T00:00:00+00:00
[2022-11-08T19:46:51.933-0300] {processor.py:178} INFO - Processing /home/renato/Documentos/datapipeline/.env/lib/python3.10/site-packages/airflow/example_dags/example_branch_operator.py took 0.095 seconds
[2022-11-08T19:48:28.311-0300] {processor.py:156} INFO - Started process (PID=16382) to work on /home/renato/Documentos/datapipeline/.env/lib/python3.10/site-packages/airflow/example_dags/example_branch_operator.py
[2022-11-08T19:48:28.316-0300] {processor.py:758} INFO - Processing file /home/renato/Documentos/datapipeline/.env/lib/python3.10/site-packages/airflow/example_dags/example_branch_operator.py for tasks to queue
[2022-11-08T19:48:28.317-0300] {logging_mixin.py:117} INFO - [2022-11-08T19:48:28.317-0300] {dagbag.py:525} INFO - Filling up the DagBag from /home/renato/Documentos/datapipeline/.env/lib/python3.10/site-packages/airflow/example_dags/example_branch_operator.py
[2022-11-08T19:48:28.332-0300] {processor.py:768} INFO - DAG(s) dict_keys(['example_branch_operator']) retrieved from /home/renato/Documentos/datapipeline/.env/lib/python3.10/site-packages/airflow/example_dags/example_branch_operator.py
[2022-11-08T19:48:28.352-0300] {logging_mixin.py:117} INFO - [2022-11-08T19:48:28.352-0300] {dag.py:2573} INFO - Sync 1 DAGs
[2022-11-08T19:48:28.371-0300] {logging_mixin.py:117} INFO - [2022-11-08T19:48:28.371-0300] {dag.py:3324} INFO - Setting next_dagrun for example_branch_operator to 2022-11-07T00:00:00+00:00, run_after=2022-11-08T00:00:00+00:00
[2022-11-08T19:48:28.392-0300] {processor.py:178} INFO - Processing /home/renato/Documentos/datapipeline/.env/lib/python3.10/site-packages/airflow/example_dags/example_branch_operator.py took 0.084 seconds
[2022-11-08T19:49:43.219-0300] {processor.py:156} INFO - Started process (PID=16771) to work on /home/renato/Documentos/datapipeline/.env/lib/python3.10/site-packages/airflow/example_dags/example_branch_operator.py
[2022-11-08T19:49:43.221-0300] {processor.py:758} INFO - Processing file /home/renato/Documentos/datapipeline/.env/lib/python3.10/site-packages/airflow/example_dags/example_branch_operator.py for tasks to queue
[2022-11-08T19:49:43.222-0300] {logging_mixin.py:117} INFO - [2022-11-08T19:49:43.222-0300] {dagbag.py:525} INFO - Filling up the DagBag from /home/renato/Documentos/datapipeline/.env/lib/python3.10/site-packages/airflow/example_dags/example_branch_operator.py
[2022-11-08T19:49:43.237-0300] {processor.py:768} INFO - DAG(s) dict_keys(['example_branch_operator']) retrieved from /home/renato/Documentos/datapipeline/.env/lib/python3.10/site-packages/airflow/example_dags/example_branch_operator.py
[2022-11-08T19:49:43.258-0300] {logging_mixin.py:117} INFO - [2022-11-08T19:49:43.258-0300] {dag.py:2573} INFO - Sync 1 DAGs
[2022-11-08T19:49:43.276-0300] {logging_mixin.py:117} INFO - [2022-11-08T19:49:43.276-0300] {dag.py:3324} INFO - Setting next_dagrun for example_branch_operator to 2022-11-07T00:00:00+00:00, run_after=2022-11-08T00:00:00+00:00
[2022-11-08T19:49:43.298-0300] {processor.py:178} INFO - Processing /home/renato/Documentos/datapipeline/.env/lib/python3.10/site-packages/airflow/example_dags/example_branch_operator.py took 0.081 seconds
[2022-11-08T19:51:54.048-0300] {processor.py:156} INFO - Started process (PID=17753) to work on /home/renato/Documentos/datapipeline/.env/lib/python3.10/site-packages/airflow/example_dags/example_branch_operator.py
[2022-11-08T19:51:54.050-0300] {processor.py:758} INFO - Processing file /home/renato/Documentos/datapipeline/.env/lib/python3.10/site-packages/airflow/example_dags/example_branch_operator.py for tasks to queue
[2022-11-08T19:51:54.050-0300] {logging_mixin.py:117} INFO - [2022-11-08T19:51:54.050-0300] {dagbag.py:525} INFO - Filling up the DagBag from /home/renato/Documentos/datapipeline/.env/lib/python3.10/site-packages/airflow/example_dags/example_branch_operator.py
[2022-11-08T19:51:54.073-0300] {processor.py:768} INFO - DAG(s) dict_keys(['example_branch_operator']) retrieved from /home/renato/Documentos/datapipeline/.env/lib/python3.10/site-packages/airflow/example_dags/example_branch_operator.py
[2022-11-08T19:51:54.095-0300] {logging_mixin.py:117} INFO - [2022-11-08T19:51:54.095-0300] {dag.py:2573} INFO - Sync 1 DAGs
[2022-11-08T19:51:54.117-0300] {logging_mixin.py:117} INFO - [2022-11-08T19:51:54.117-0300] {dag.py:3324} INFO - Setting next_dagrun for example_branch_operator to 2022-11-07T00:00:00+00:00, run_after=2022-11-08T00:00:00+00:00
[2022-11-08T19:51:54.145-0300] {processor.py:178} INFO - Processing /home/renato/Documentos/datapipeline/.env/lib/python3.10/site-packages/airflow/example_dags/example_branch_operator.py took 0.099 seconds
[2022-11-08T19:52:37.740-0300] {processor.py:156} INFO - Started process (PID=17840) to work on /home/renato/Documentos/datapipeline/.env/lib/python3.10/site-packages/airflow/example_dags/example_branch_operator.py
[2022-11-08T19:52:37.746-0300] {processor.py:758} INFO - Processing file /home/renato/Documentos/datapipeline/.env/lib/python3.10/site-packages/airflow/example_dags/example_branch_operator.py for tasks to queue
[2022-11-08T19:52:37.747-0300] {logging_mixin.py:117} INFO - [2022-11-08T19:52:37.746-0300] {dagbag.py:525} INFO - Filling up the DagBag from /home/renato/Documentos/datapipeline/.env/lib/python3.10/site-packages/airflow/example_dags/example_branch_operator.py
[2022-11-08T19:52:37.766-0300] {processor.py:768} INFO - DAG(s) dict_keys(['example_branch_operator']) retrieved from /home/renato/Documentos/datapipeline/.env/lib/python3.10/site-packages/airflow/example_dags/example_branch_operator.py
[2022-11-08T19:52:37.791-0300] {logging_mixin.py:117} INFO - [2022-11-08T19:52:37.790-0300] {dag.py:2573} INFO - Sync 1 DAGs
[2022-11-08T19:52:37.815-0300] {logging_mixin.py:117} INFO - [2022-11-08T19:52:37.814-0300] {dag.py:3324} INFO - Setting next_dagrun for example_branch_operator to 2022-11-07T00:00:00+00:00, run_after=2022-11-08T00:00:00+00:00
[2022-11-08T19:52:37.851-0300] {processor.py:178} INFO - Processing /home/renato/Documentos/datapipeline/.env/lib/python3.10/site-packages/airflow/example_dags/example_branch_operator.py took 0.115 seconds
[2022-11-08T19:53:26.120-0300] {processor.py:156} INFO - Started process (PID=18059) to work on /home/renato/Documentos/datapipeline/.env/lib/python3.10/site-packages/airflow/example_dags/example_branch_operator.py
[2022-11-08T19:53:26.123-0300] {processor.py:758} INFO - Processing file /home/renato/Documentos/datapipeline/.env/lib/python3.10/site-packages/airflow/example_dags/example_branch_operator.py for tasks to queue
[2022-11-08T19:53:26.124-0300] {logging_mixin.py:117} INFO - [2022-11-08T19:53:26.124-0300] {dagbag.py:525} INFO - Filling up the DagBag from /home/renato/Documentos/datapipeline/.env/lib/python3.10/site-packages/airflow/example_dags/example_branch_operator.py
[2022-11-08T19:53:26.142-0300] {processor.py:768} INFO - DAG(s) dict_keys(['example_branch_operator']) retrieved from /home/renato/Documentos/datapipeline/.env/lib/python3.10/site-packages/airflow/example_dags/example_branch_operator.py
[2022-11-08T19:53:26.162-0300] {logging_mixin.py:117} INFO - [2022-11-08T19:53:26.162-0300] {dag.py:2573} INFO - Sync 1 DAGs
[2022-11-08T19:53:26.181-0300] {logging_mixin.py:117} INFO - [2022-11-08T19:53:26.181-0300] {dag.py:3324} INFO - Setting next_dagrun for example_branch_operator to 2022-11-07T00:00:00+00:00, run_after=2022-11-08T00:00:00+00:00
[2022-11-08T19:53:26.204-0300] {processor.py:178} INFO - Processing /home/renato/Documentos/datapipeline/.env/lib/python3.10/site-packages/airflow/example_dags/example_branch_operator.py took 0.088 seconds
[2022-11-08T19:54:06.630-0300] {processor.py:156} INFO - Started process (PID=18137) to work on /home/renato/Documentos/datapipeline/.env/lib/python3.10/site-packages/airflow/example_dags/example_branch_operator.py
[2022-11-08T19:54:06.640-0300] {processor.py:758} INFO - Processing file /home/renato/Documentos/datapipeline/.env/lib/python3.10/site-packages/airflow/example_dags/example_branch_operator.py for tasks to queue
[2022-11-08T19:54:06.650-0300] {logging_mixin.py:117} INFO - [2022-11-08T19:54:06.650-0300] {dagbag.py:525} INFO - Filling up the DagBag from /home/renato/Documentos/datapipeline/.env/lib/python3.10/site-packages/airflow/example_dags/example_branch_operator.py
[2022-11-08T19:54:06.674-0300] {processor.py:768} INFO - DAG(s) dict_keys(['example_branch_operator']) retrieved from /home/renato/Documentos/datapipeline/.env/lib/python3.10/site-packages/airflow/example_dags/example_branch_operator.py
[2022-11-08T19:54:06.701-0300] {logging_mixin.py:117} INFO - [2022-11-08T19:54:06.701-0300] {dag.py:2573} INFO - Sync 1 DAGs
[2022-11-08T19:54:06.720-0300] {logging_mixin.py:117} INFO - [2022-11-08T19:54:06.720-0300] {dag.py:3324} INFO - Setting next_dagrun for example_branch_operator to 2022-11-07T00:00:00+00:00, run_after=2022-11-08T00:00:00+00:00
[2022-11-08T19:54:06.789-0300] {processor.py:178} INFO - Processing /home/renato/Documentos/datapipeline/.env/lib/python3.10/site-packages/airflow/example_dags/example_branch_operator.py took 0.164 seconds
[2022-11-08T19:54:44.533-0300] {processor.py:156} INFO - Started process (PID=18212) to work on /home/renato/Documentos/datapipeline/.env/lib/python3.10/site-packages/airflow/example_dags/example_branch_operator.py
[2022-11-08T19:54:44.535-0300] {processor.py:758} INFO - Processing file /home/renato/Documentos/datapipeline/.env/lib/python3.10/site-packages/airflow/example_dags/example_branch_operator.py for tasks to queue
[2022-11-08T19:54:44.536-0300] {logging_mixin.py:117} INFO - [2022-11-08T19:54:44.535-0300] {dagbag.py:525} INFO - Filling up the DagBag from /home/renato/Documentos/datapipeline/.env/lib/python3.10/site-packages/airflow/example_dags/example_branch_operator.py
[2022-11-08T19:54:44.555-0300] {processor.py:768} INFO - DAG(s) dict_keys(['example_branch_operator']) retrieved from /home/renato/Documentos/datapipeline/.env/lib/python3.10/site-packages/airflow/example_dags/example_branch_operator.py
[2022-11-08T19:54:44.591-0300] {logging_mixin.py:117} INFO - [2022-11-08T19:54:44.591-0300] {dag.py:2573} INFO - Sync 1 DAGs
[2022-11-08T19:54:44.615-0300] {logging_mixin.py:117} INFO - [2022-11-08T19:54:44.615-0300] {dag.py:3324} INFO - Setting next_dagrun for example_branch_operator to 2022-11-07T00:00:00+00:00, run_after=2022-11-08T00:00:00+00:00
[2022-11-08T19:54:44.644-0300] {processor.py:178} INFO - Processing /home/renato/Documentos/datapipeline/.env/lib/python3.10/site-packages/airflow/example_dags/example_branch_operator.py took 0.113 seconds
[2022-11-08T19:55:26.537-0300] {processor.py:156} INFO - Started process (PID=18318) to work on /home/renato/Documentos/datapipeline/.env/lib/python3.10/site-packages/airflow/example_dags/example_branch_operator.py
[2022-11-08T19:55:26.543-0300] {processor.py:758} INFO - Processing file /home/renato/Documentos/datapipeline/.env/lib/python3.10/site-packages/airflow/example_dags/example_branch_operator.py for tasks to queue
[2022-11-08T19:55:26.544-0300] {logging_mixin.py:117} INFO - [2022-11-08T19:55:26.544-0300] {dagbag.py:525} INFO - Filling up the DagBag from /home/renato/Documentos/datapipeline/.env/lib/python3.10/site-packages/airflow/example_dags/example_branch_operator.py
[2022-11-08T19:55:26.563-0300] {processor.py:768} INFO - DAG(s) dict_keys(['example_branch_operator']) retrieved from /home/renato/Documentos/datapipeline/.env/lib/python3.10/site-packages/airflow/example_dags/example_branch_operator.py
[2022-11-08T19:55:26.591-0300] {logging_mixin.py:117} INFO - [2022-11-08T19:55:26.590-0300] {dag.py:2573} INFO - Sync 1 DAGs
[2022-11-08T19:55:26.616-0300] {logging_mixin.py:117} INFO - [2022-11-08T19:55:26.616-0300] {dag.py:3324} INFO - Setting next_dagrun for example_branch_operator to 2022-11-07T00:00:00+00:00, run_after=2022-11-08T00:00:00+00:00
[2022-11-08T19:55:26.647-0300] {processor.py:178} INFO - Processing /home/renato/Documentos/datapipeline/.env/lib/python3.10/site-packages/airflow/example_dags/example_branch_operator.py took 0.113 seconds
[2022-11-08T19:56:06.779-0300] {processor.py:156} INFO - Started process (PID=18401) to work on /home/renato/Documentos/datapipeline/.env/lib/python3.10/site-packages/airflow/example_dags/example_branch_operator.py
[2022-11-08T19:56:06.781-0300] {processor.py:758} INFO - Processing file /home/renato/Documentos/datapipeline/.env/lib/python3.10/site-packages/airflow/example_dags/example_branch_operator.py for tasks to queue
[2022-11-08T19:56:06.782-0300] {logging_mixin.py:117} INFO - [2022-11-08T19:56:06.781-0300] {dagbag.py:525} INFO - Filling up the DagBag from /home/renato/Documentos/datapipeline/.env/lib/python3.10/site-packages/airflow/example_dags/example_branch_operator.py
[2022-11-08T19:56:06.801-0300] {processor.py:768} INFO - DAG(s) dict_keys(['example_branch_operator']) retrieved from /home/renato/Documentos/datapipeline/.env/lib/python3.10/site-packages/airflow/example_dags/example_branch_operator.py
[2022-11-08T19:56:06.828-0300] {logging_mixin.py:117} INFO - [2022-11-08T19:56:06.828-0300] {dag.py:2573} INFO - Sync 1 DAGs
[2022-11-08T19:56:06.852-0300] {logging_mixin.py:117} INFO - [2022-11-08T19:56:06.852-0300] {dag.py:3324} INFO - Setting next_dagrun for example_branch_operator to 2022-11-07T00:00:00+00:00, run_after=2022-11-08T00:00:00+00:00
[2022-11-08T19:56:06.880-0300] {processor.py:178} INFO - Processing /home/renato/Documentos/datapipeline/.env/lib/python3.10/site-packages/airflow/example_dags/example_branch_operator.py took 0.106 seconds
