[2022-11-07T23:27:15.912-0300] {processor.py:156} INFO - Started process (PID=965223) to work on /home/renato/Documentos/datapipeline/.env/lib/python3.10/site-packages/airflow/example_dags/example_xcomargs.py
[2022-11-07T23:27:15.913-0300] {processor.py:758} INFO - Processing file /home/renato/Documentos/datapipeline/.env/lib/python3.10/site-packages/airflow/example_dags/example_xcomargs.py for tasks to queue
[2022-11-07T23:27:15.913-0300] {logging_mixin.py:117} INFO - [2022-11-07T23:27:15.913-0300] {dagbag.py:525} INFO - Filling up the DagBag from /home/renato/Documentos/datapipeline/.env/lib/python3.10/site-packages/airflow/example_dags/example_xcomargs.py
[2022-11-07T23:27:15.996-0300] {processor.py:768} INFO - DAG(s) dict_keys(['example_xcom_args', 'example_xcom_args_with_operators']) retrieved from /home/renato/Documentos/datapipeline/.env/lib/python3.10/site-packages/airflow/example_dags/example_xcomargs.py
[2022-11-07T23:27:16.046-0300] {logging_mixin.py:117} INFO - [2022-11-07T23:27:16.045-0300] {dag.py:2573} INFO - Sync 2 DAGs
[2022-11-07T23:27:16.068-0300] {logging_mixin.py:117} INFO - [2022-11-07T23:27:16.068-0300] {dag.py:3324} INFO - Setting next_dagrun for example_xcom_args to None, run_after=None
[2022-11-07T23:27:16.071-0300] {logging_mixin.py:117} INFO - [2022-11-07T23:27:16.071-0300] {dag.py:3324} INFO - Setting next_dagrun for example_xcom_args_with_operators to None, run_after=None
[2022-11-07T23:27:16.104-0300] {processor.py:178} INFO - Processing /home/renato/Documentos/datapipeline/.env/lib/python3.10/site-packages/airflow/example_dags/example_xcomargs.py took 0.203 seconds
[2022-11-07T23:27:55.148-0300] {processor.py:156} INFO - Started process (PID=965437) to work on /home/renato/Documentos/datapipeline/.env/lib/python3.10/site-packages/airflow/example_dags/example_xcomargs.py
[2022-11-07T23:27:55.152-0300] {processor.py:758} INFO - Processing file /home/renato/Documentos/datapipeline/.env/lib/python3.10/site-packages/airflow/example_dags/example_xcomargs.py for tasks to queue
[2022-11-07T23:27:55.155-0300] {logging_mixin.py:117} INFO - [2022-11-07T23:27:55.154-0300] {dagbag.py:525} INFO - Filling up the DagBag from /home/renato/Documentos/datapipeline/.env/lib/python3.10/site-packages/airflow/example_dags/example_xcomargs.py
[2022-11-07T23:27:55.198-0300] {processor.py:768} INFO - DAG(s) dict_keys(['example_xcom_args_with_operators', 'example_xcom_args']) retrieved from /home/renato/Documentos/datapipeline/.env/lib/python3.10/site-packages/airflow/example_dags/example_xcomargs.py
[2022-11-07T23:27:55.225-0300] {logging_mixin.py:117} INFO - [2022-11-07T23:27:55.225-0300] {dag.py:2573} INFO - Sync 2 DAGs
[2022-11-07T23:27:55.243-0300] {logging_mixin.py:117} INFO - [2022-11-07T23:27:55.242-0300] {dag.py:3324} INFO - Setting next_dagrun for example_xcom_args to None, run_after=None
[2022-11-07T23:27:55.246-0300] {logging_mixin.py:117} INFO - [2022-11-07T23:27:55.245-0300] {dag.py:3324} INFO - Setting next_dagrun for example_xcom_args_with_operators to None, run_after=None
[2022-11-07T23:27:55.271-0300] {processor.py:178} INFO - Processing /home/renato/Documentos/datapipeline/.env/lib/python3.10/site-packages/airflow/example_dags/example_xcomargs.py took 0.135 seconds
[2022-11-07T23:28:34.312-0300] {processor.py:156} INFO - Started process (PID=965516) to work on /home/renato/Documentos/datapipeline/.env/lib/python3.10/site-packages/airflow/example_dags/example_xcomargs.py
[2022-11-07T23:28:34.314-0300] {processor.py:758} INFO - Processing file /home/renato/Documentos/datapipeline/.env/lib/python3.10/site-packages/airflow/example_dags/example_xcomargs.py for tasks to queue
[2022-11-07T23:28:34.315-0300] {logging_mixin.py:117} INFO - [2022-11-07T23:28:34.315-0300] {dagbag.py:525} INFO - Filling up the DagBag from /home/renato/Documentos/datapipeline/.env/lib/python3.10/site-packages/airflow/example_dags/example_xcomargs.py
[2022-11-07T23:28:34.349-0300] {processor.py:768} INFO - DAG(s) dict_keys(['example_xcom_args_with_operators', 'example_xcom_args']) retrieved from /home/renato/Documentos/datapipeline/.env/lib/python3.10/site-packages/airflow/example_dags/example_xcomargs.py
[2022-11-07T23:28:34.372-0300] {logging_mixin.py:117} INFO - [2022-11-07T23:28:34.372-0300] {dag.py:2573} INFO - Sync 2 DAGs
[2022-11-07T23:28:34.388-0300] {logging_mixin.py:117} INFO - [2022-11-07T23:28:34.388-0300] {dag.py:3324} INFO - Setting next_dagrun for example_xcom_args to None, run_after=None
[2022-11-07T23:28:34.390-0300] {logging_mixin.py:117} INFO - [2022-11-07T23:28:34.390-0300] {dag.py:3324} INFO - Setting next_dagrun for example_xcom_args_with_operators to None, run_after=None
[2022-11-07T23:28:34.411-0300] {processor.py:178} INFO - Processing /home/renato/Documentos/datapipeline/.env/lib/python3.10/site-packages/airflow/example_dags/example_xcomargs.py took 0.106 seconds
[2022-11-07T23:29:12.350-0300] {processor.py:156} INFO - Started process (PID=965595) to work on /home/renato/Documentos/datapipeline/.env/lib/python3.10/site-packages/airflow/example_dags/example_xcomargs.py
[2022-11-07T23:29:12.353-0300] {processor.py:758} INFO - Processing file /home/renato/Documentos/datapipeline/.env/lib/python3.10/site-packages/airflow/example_dags/example_xcomargs.py for tasks to queue
[2022-11-07T23:29:12.354-0300] {logging_mixin.py:117} INFO - [2022-11-07T23:29:12.353-0300] {dagbag.py:525} INFO - Filling up the DagBag from /home/renato/Documentos/datapipeline/.env/lib/python3.10/site-packages/airflow/example_dags/example_xcomargs.py
[2022-11-07T23:29:12.378-0300] {processor.py:768} INFO - DAG(s) dict_keys(['example_xcom_args', 'example_xcom_args_with_operators']) retrieved from /home/renato/Documentos/datapipeline/.env/lib/python3.10/site-packages/airflow/example_dags/example_xcomargs.py
[2022-11-07T23:29:12.404-0300] {logging_mixin.py:117} INFO - [2022-11-07T23:29:12.404-0300] {dag.py:2573} INFO - Sync 2 DAGs
[2022-11-07T23:29:12.422-0300] {logging_mixin.py:117} INFO - [2022-11-07T23:29:12.422-0300] {dag.py:3324} INFO - Setting next_dagrun for example_xcom_args to None, run_after=None
[2022-11-07T23:29:12.424-0300] {logging_mixin.py:117} INFO - [2022-11-07T23:29:12.424-0300] {dag.py:3324} INFO - Setting next_dagrun for example_xcom_args_with_operators to None, run_after=None
[2022-11-07T23:29:12.447-0300] {processor.py:178} INFO - Processing /home/renato/Documentos/datapipeline/.env/lib/python3.10/site-packages/airflow/example_dags/example_xcomargs.py took 0.099 seconds
[2022-11-07T23:29:49.142-0300] {processor.py:156} INFO - Started process (PID=965669) to work on /home/renato/Documentos/datapipeline/.env/lib/python3.10/site-packages/airflow/example_dags/example_xcomargs.py
[2022-11-07T23:29:49.148-0300] {processor.py:758} INFO - Processing file /home/renato/Documentos/datapipeline/.env/lib/python3.10/site-packages/airflow/example_dags/example_xcomargs.py for tasks to queue
[2022-11-07T23:29:49.149-0300] {logging_mixin.py:117} INFO - [2022-11-07T23:29:49.149-0300] {dagbag.py:525} INFO - Filling up the DagBag from /home/renato/Documentos/datapipeline/.env/lib/python3.10/site-packages/airflow/example_dags/example_xcomargs.py
[2022-11-07T23:29:49.179-0300] {processor.py:768} INFO - DAG(s) dict_keys(['example_xcom_args', 'example_xcom_args_with_operators']) retrieved from /home/renato/Documentos/datapipeline/.env/lib/python3.10/site-packages/airflow/example_dags/example_xcomargs.py
[2022-11-07T23:29:49.205-0300] {logging_mixin.py:117} INFO - [2022-11-07T23:29:49.205-0300] {dag.py:2573} INFO - Sync 2 DAGs
[2022-11-07T23:29:49.224-0300] {logging_mixin.py:117} INFO - [2022-11-07T23:29:49.224-0300] {dag.py:3324} INFO - Setting next_dagrun for example_xcom_args to None, run_after=None
[2022-11-07T23:29:49.226-0300] {logging_mixin.py:117} INFO - [2022-11-07T23:29:49.226-0300] {dag.py:3324} INFO - Setting next_dagrun for example_xcom_args_with_operators to None, run_after=None
[2022-11-07T23:29:49.254-0300] {processor.py:178} INFO - Processing /home/renato/Documentos/datapipeline/.env/lib/python3.10/site-packages/airflow/example_dags/example_xcomargs.py took 0.115 seconds
[2022-11-07T23:30:27.401-0300] {processor.py:156} INFO - Started process (PID=965745) to work on /home/renato/Documentos/datapipeline/.env/lib/python3.10/site-packages/airflow/example_dags/example_xcomargs.py
[2022-11-07T23:30:27.406-0300] {processor.py:758} INFO - Processing file /home/renato/Documentos/datapipeline/.env/lib/python3.10/site-packages/airflow/example_dags/example_xcomargs.py for tasks to queue
[2022-11-07T23:30:27.407-0300] {logging_mixin.py:117} INFO - [2022-11-07T23:30:27.406-0300] {dagbag.py:525} INFO - Filling up the DagBag from /home/renato/Documentos/datapipeline/.env/lib/python3.10/site-packages/airflow/example_dags/example_xcomargs.py
[2022-11-07T23:30:27.439-0300] {processor.py:768} INFO - DAG(s) dict_keys(['example_xcom_args', 'example_xcom_args_with_operators']) retrieved from /home/renato/Documentos/datapipeline/.env/lib/python3.10/site-packages/airflow/example_dags/example_xcomargs.py
[2022-11-07T23:30:27.462-0300] {logging_mixin.py:117} INFO - [2022-11-07T23:30:27.462-0300] {dag.py:2573} INFO - Sync 2 DAGs
[2022-11-07T23:30:27.479-0300] {logging_mixin.py:117} INFO - [2022-11-07T23:30:27.479-0300] {dag.py:3324} INFO - Setting next_dagrun for example_xcom_args to None, run_after=None
[2022-11-07T23:30:27.482-0300] {logging_mixin.py:117} INFO - [2022-11-07T23:30:27.481-0300] {dag.py:3324} INFO - Setting next_dagrun for example_xcom_args_with_operators to None, run_after=None
[2022-11-07T23:30:27.502-0300] {processor.py:178} INFO - Processing /home/renato/Documentos/datapipeline/.env/lib/python3.10/site-packages/airflow/example_dags/example_xcomargs.py took 0.105 seconds
[2022-11-07T23:31:03.720-0300] {processor.py:156} INFO - Started process (PID=965817) to work on /home/renato/Documentos/datapipeline/.env/lib/python3.10/site-packages/airflow/example_dags/example_xcomargs.py
[2022-11-07T23:31:03.723-0300] {processor.py:758} INFO - Processing file /home/renato/Documentos/datapipeline/.env/lib/python3.10/site-packages/airflow/example_dags/example_xcomargs.py for tasks to queue
[2022-11-07T23:31:03.724-0300] {logging_mixin.py:117} INFO - [2022-11-07T23:31:03.724-0300] {dagbag.py:525} INFO - Filling up the DagBag from /home/renato/Documentos/datapipeline/.env/lib/python3.10/site-packages/airflow/example_dags/example_xcomargs.py
[2022-11-07T23:31:03.756-0300] {processor.py:768} INFO - DAG(s) dict_keys(['example_xcom_args', 'example_xcom_args_with_operators']) retrieved from /home/renato/Documentos/datapipeline/.env/lib/python3.10/site-packages/airflow/example_dags/example_xcomargs.py
[2022-11-07T23:31:03.782-0300] {logging_mixin.py:117} INFO - [2022-11-07T23:31:03.782-0300] {dag.py:2573} INFO - Sync 2 DAGs
[2022-11-07T23:31:03.803-0300] {logging_mixin.py:117} INFO - [2022-11-07T23:31:03.803-0300] {dag.py:3324} INFO - Setting next_dagrun for example_xcom_args to None, run_after=None
[2022-11-07T23:31:03.806-0300] {logging_mixin.py:117} INFO - [2022-11-07T23:31:03.806-0300] {dag.py:3324} INFO - Setting next_dagrun for example_xcom_args_with_operators to None, run_after=None
[2022-11-07T23:31:03.831-0300] {processor.py:178} INFO - Processing /home/renato/Documentos/datapipeline/.env/lib/python3.10/site-packages/airflow/example_dags/example_xcomargs.py took 0.114 seconds
[2022-11-07T23:31:45.429-0300] {processor.py:156} INFO - Started process (PID=965898) to work on /home/renato/Documentos/datapipeline/.env/lib/python3.10/site-packages/airflow/example_dags/example_xcomargs.py
[2022-11-07T23:31:45.436-0300] {processor.py:758} INFO - Processing file /home/renato/Documentos/datapipeline/.env/lib/python3.10/site-packages/airflow/example_dags/example_xcomargs.py for tasks to queue
[2022-11-07T23:31:45.436-0300] {logging_mixin.py:117} INFO - [2022-11-07T23:31:45.436-0300] {dagbag.py:525} INFO - Filling up the DagBag from /home/renato/Documentos/datapipeline/.env/lib/python3.10/site-packages/airflow/example_dags/example_xcomargs.py
[2022-11-07T23:31:45.465-0300] {processor.py:768} INFO - DAG(s) dict_keys(['example_xcom_args', 'example_xcom_args_with_operators']) retrieved from /home/renato/Documentos/datapipeline/.env/lib/python3.10/site-packages/airflow/example_dags/example_xcomargs.py
[2022-11-07T23:31:45.488-0300] {logging_mixin.py:117} INFO - [2022-11-07T23:31:45.488-0300] {dag.py:2573} INFO - Sync 2 DAGs
[2022-11-07T23:31:45.506-0300] {logging_mixin.py:117} INFO - [2022-11-07T23:31:45.506-0300] {dag.py:3324} INFO - Setting next_dagrun for example_xcom_args to None, run_after=None
[2022-11-07T23:31:45.509-0300] {logging_mixin.py:117} INFO - [2022-11-07T23:31:45.509-0300] {dag.py:3324} INFO - Setting next_dagrun for example_xcom_args_with_operators to None, run_after=None
[2022-11-07T23:31:45.530-0300] {processor.py:178} INFO - Processing /home/renato/Documentos/datapipeline/.env/lib/python3.10/site-packages/airflow/example_dags/example_xcomargs.py took 0.107 seconds
[2022-11-07T23:32:24.528-0300] {processor.py:156} INFO - Started process (PID=966108) to work on /home/renato/Documentos/datapipeline/.env/lib/python3.10/site-packages/airflow/example_dags/example_xcomargs.py
[2022-11-07T23:32:24.535-0300] {processor.py:758} INFO - Processing file /home/renato/Documentos/datapipeline/.env/lib/python3.10/site-packages/airflow/example_dags/example_xcomargs.py for tasks to queue
[2022-11-07T23:32:24.536-0300] {logging_mixin.py:117} INFO - [2022-11-07T23:32:24.536-0300] {dagbag.py:525} INFO - Filling up the DagBag from /home/renato/Documentos/datapipeline/.env/lib/python3.10/site-packages/airflow/example_dags/example_xcomargs.py
[2022-11-07T23:32:24.573-0300] {processor.py:768} INFO - DAG(s) dict_keys(['example_xcom_args_with_operators', 'example_xcom_args']) retrieved from /home/renato/Documentos/datapipeline/.env/lib/python3.10/site-packages/airflow/example_dags/example_xcomargs.py
[2022-11-07T23:32:24.602-0300] {logging_mixin.py:117} INFO - [2022-11-07T23:32:24.601-0300] {dag.py:2573} INFO - Sync 2 DAGs
[2022-11-07T23:32:24.620-0300] {logging_mixin.py:117} INFO - [2022-11-07T23:32:24.620-0300] {dag.py:3324} INFO - Setting next_dagrun for example_xcom_args to None, run_after=None
[2022-11-07T23:32:24.623-0300] {logging_mixin.py:117} INFO - [2022-11-07T23:32:24.623-0300] {dag.py:3324} INFO - Setting next_dagrun for example_xcom_args_with_operators to None, run_after=None
[2022-11-07T23:32:24.646-0300] {processor.py:178} INFO - Processing /home/renato/Documentos/datapipeline/.env/lib/python3.10/site-packages/airflow/example_dags/example_xcomargs.py took 0.124 seconds
[2022-11-07T23:33:02.443-0300] {processor.py:156} INFO - Started process (PID=966182) to work on /home/renato/Documentos/datapipeline/.env/lib/python3.10/site-packages/airflow/example_dags/example_xcomargs.py
[2022-11-07T23:33:02.446-0300] {processor.py:758} INFO - Processing file /home/renato/Documentos/datapipeline/.env/lib/python3.10/site-packages/airflow/example_dags/example_xcomargs.py for tasks to queue
[2022-11-07T23:33:02.447-0300] {logging_mixin.py:117} INFO - [2022-11-07T23:33:02.446-0300] {dagbag.py:525} INFO - Filling up the DagBag from /home/renato/Documentos/datapipeline/.env/lib/python3.10/site-packages/airflow/example_dags/example_xcomargs.py
[2022-11-07T23:33:02.478-0300] {processor.py:768} INFO - DAG(s) dict_keys(['example_xcom_args_with_operators', 'example_xcom_args']) retrieved from /home/renato/Documentos/datapipeline/.env/lib/python3.10/site-packages/airflow/example_dags/example_xcomargs.py
[2022-11-07T23:33:02.500-0300] {logging_mixin.py:117} INFO - [2022-11-07T23:33:02.500-0300] {dag.py:2573} INFO - Sync 2 DAGs
[2022-11-07T23:33:02.517-0300] {logging_mixin.py:117} INFO - [2022-11-07T23:33:02.517-0300] {dag.py:3324} INFO - Setting next_dagrun for example_xcom_args to None, run_after=None
[2022-11-07T23:33:02.520-0300] {logging_mixin.py:117} INFO - [2022-11-07T23:33:02.520-0300] {dag.py:3324} INFO - Setting next_dagrun for example_xcom_args_with_operators to None, run_after=None
[2022-11-07T23:33:02.542-0300] {processor.py:178} INFO - Processing /home/renato/Documentos/datapipeline/.env/lib/python3.10/site-packages/airflow/example_dags/example_xcomargs.py took 0.105 seconds
[2022-11-07T23:33:42.951-0300] {processor.py:156} INFO - Started process (PID=966262) to work on /home/renato/Documentos/datapipeline/.env/lib/python3.10/site-packages/airflow/example_dags/example_xcomargs.py
[2022-11-07T23:33:42.973-0300] {processor.py:758} INFO - Processing file /home/renato/Documentos/datapipeline/.env/lib/python3.10/site-packages/airflow/example_dags/example_xcomargs.py for tasks to queue
[2022-11-07T23:33:42.974-0300] {logging_mixin.py:117} INFO - [2022-11-07T23:33:42.974-0300] {dagbag.py:525} INFO - Filling up the DagBag from /home/renato/Documentos/datapipeline/.env/lib/python3.10/site-packages/airflow/example_dags/example_xcomargs.py
[2022-11-07T23:33:43.016-0300] {processor.py:768} INFO - DAG(s) dict_keys(['example_xcom_args_with_operators', 'example_xcom_args']) retrieved from /home/renato/Documentos/datapipeline/.env/lib/python3.10/site-packages/airflow/example_dags/example_xcomargs.py
[2022-11-07T23:33:43.042-0300] {logging_mixin.py:117} INFO - [2022-11-07T23:33:43.042-0300] {dag.py:2573} INFO - Sync 2 DAGs
[2022-11-07T23:33:43.060-0300] {logging_mixin.py:117} INFO - [2022-11-07T23:33:43.060-0300] {dag.py:3324} INFO - Setting next_dagrun for example_xcom_args to None, run_after=None
[2022-11-07T23:33:43.063-0300] {logging_mixin.py:117} INFO - [2022-11-07T23:33:43.063-0300] {dag.py:3324} INFO - Setting next_dagrun for example_xcom_args_with_operators to None, run_after=None
[2022-11-07T23:33:43.086-0300] {processor.py:178} INFO - Processing /home/renato/Documentos/datapipeline/.env/lib/python3.10/site-packages/airflow/example_dags/example_xcomargs.py took 0.137 seconds
[2022-11-07T23:34:17.264-0300] {processor.py:156} INFO - Started process (PID=966333) to work on /home/renato/Documentos/datapipeline/.env/lib/python3.10/site-packages/airflow/example_dags/example_xcomargs.py
[2022-11-07T23:34:17.266-0300] {processor.py:758} INFO - Processing file /home/renato/Documentos/datapipeline/.env/lib/python3.10/site-packages/airflow/example_dags/example_xcomargs.py for tasks to queue
[2022-11-07T23:34:17.267-0300] {logging_mixin.py:117} INFO - [2022-11-07T23:34:17.267-0300] {dagbag.py:525} INFO - Filling up the DagBag from /home/renato/Documentos/datapipeline/.env/lib/python3.10/site-packages/airflow/example_dags/example_xcomargs.py
[2022-11-07T23:34:17.290-0300] {processor.py:768} INFO - DAG(s) dict_keys(['example_xcom_args_with_operators', 'example_xcom_args']) retrieved from /home/renato/Documentos/datapipeline/.env/lib/python3.10/site-packages/airflow/example_dags/example_xcomargs.py
[2022-11-07T23:34:17.317-0300] {logging_mixin.py:117} INFO - [2022-11-07T23:34:17.317-0300] {dag.py:2573} INFO - Sync 2 DAGs
[2022-11-07T23:34:17.336-0300] {logging_mixin.py:117} INFO - [2022-11-07T23:34:17.336-0300] {dag.py:3324} INFO - Setting next_dagrun for example_xcom_args to None, run_after=None
[2022-11-07T23:34:17.340-0300] {logging_mixin.py:117} INFO - [2022-11-07T23:34:17.340-0300] {dag.py:3324} INFO - Setting next_dagrun for example_xcom_args_with_operators to None, run_after=None
[2022-11-07T23:34:17.364-0300] {processor.py:178} INFO - Processing /home/renato/Documentos/datapipeline/.env/lib/python3.10/site-packages/airflow/example_dags/example_xcomargs.py took 0.102 seconds
[2022-11-07T23:34:54.551-0300] {processor.py:156} INFO - Started process (PID=966407) to work on /home/renato/Documentos/datapipeline/.env/lib/python3.10/site-packages/airflow/example_dags/example_xcomargs.py
[2022-11-07T23:34:54.555-0300] {processor.py:758} INFO - Processing file /home/renato/Documentos/datapipeline/.env/lib/python3.10/site-packages/airflow/example_dags/example_xcomargs.py for tasks to queue
[2022-11-07T23:34:54.556-0300] {logging_mixin.py:117} INFO - [2022-11-07T23:34:54.556-0300] {dagbag.py:525} INFO - Filling up the DagBag from /home/renato/Documentos/datapipeline/.env/lib/python3.10/site-packages/airflow/example_dags/example_xcomargs.py
[2022-11-07T23:34:54.581-0300] {processor.py:768} INFO - DAG(s) dict_keys(['example_xcom_args', 'example_xcom_args_with_operators']) retrieved from /home/renato/Documentos/datapipeline/.env/lib/python3.10/site-packages/airflow/example_dags/example_xcomargs.py
[2022-11-07T23:34:54.612-0300] {logging_mixin.py:117} INFO - [2022-11-07T23:34:54.612-0300] {dag.py:2573} INFO - Sync 2 DAGs
[2022-11-07T23:34:54.631-0300] {logging_mixin.py:117} INFO - [2022-11-07T23:34:54.631-0300] {dag.py:3324} INFO - Setting next_dagrun for example_xcom_args to None, run_after=None
[2022-11-07T23:34:54.634-0300] {logging_mixin.py:117} INFO - [2022-11-07T23:34:54.633-0300] {dag.py:3324} INFO - Setting next_dagrun for example_xcom_args_with_operators to None, run_after=None
[2022-11-07T23:34:54.654-0300] {processor.py:178} INFO - Processing /home/renato/Documentos/datapipeline/.env/lib/python3.10/site-packages/airflow/example_dags/example_xcomargs.py took 0.107 seconds
[2022-11-07T23:35:32.431-0300] {processor.py:156} INFO - Started process (PID=966482) to work on /home/renato/Documentos/datapipeline/.env/lib/python3.10/site-packages/airflow/example_dags/example_xcomargs.py
[2022-11-07T23:35:32.434-0300] {processor.py:758} INFO - Processing file /home/renato/Documentos/datapipeline/.env/lib/python3.10/site-packages/airflow/example_dags/example_xcomargs.py for tasks to queue
[2022-11-07T23:35:32.434-0300] {logging_mixin.py:117} INFO - [2022-11-07T23:35:32.434-0300] {dagbag.py:525} INFO - Filling up the DagBag from /home/renato/Documentos/datapipeline/.env/lib/python3.10/site-packages/airflow/example_dags/example_xcomargs.py
[2022-11-07T23:35:32.458-0300] {processor.py:768} INFO - DAG(s) dict_keys(['example_xcom_args', 'example_xcom_args_with_operators']) retrieved from /home/renato/Documentos/datapipeline/.env/lib/python3.10/site-packages/airflow/example_dags/example_xcomargs.py
[2022-11-07T23:35:32.484-0300] {logging_mixin.py:117} INFO - [2022-11-07T23:35:32.483-0300] {dag.py:2573} INFO - Sync 2 DAGs
[2022-11-07T23:35:32.504-0300] {logging_mixin.py:117} INFO - [2022-11-07T23:35:32.504-0300] {dag.py:3324} INFO - Setting next_dagrun for example_xcom_args to None, run_after=None
[2022-11-07T23:35:32.507-0300] {logging_mixin.py:117} INFO - [2022-11-07T23:35:32.507-0300] {dag.py:3324} INFO - Setting next_dagrun for example_xcom_args_with_operators to None, run_after=None
[2022-11-07T23:35:32.531-0300] {processor.py:178} INFO - Processing /home/renato/Documentos/datapipeline/.env/lib/python3.10/site-packages/airflow/example_dags/example_xcomargs.py took 0.102 seconds
[2022-11-07T23:36:11.494-0300] {processor.py:156} INFO - Started process (PID=966559) to work on /home/renato/Documentos/datapipeline/.env/lib/python3.10/site-packages/airflow/example_dags/example_xcomargs.py
[2022-11-07T23:36:11.497-0300] {processor.py:758} INFO - Processing file /home/renato/Documentos/datapipeline/.env/lib/python3.10/site-packages/airflow/example_dags/example_xcomargs.py for tasks to queue
[2022-11-07T23:36:11.498-0300] {logging_mixin.py:117} INFO - [2022-11-07T23:36:11.498-0300] {dagbag.py:525} INFO - Filling up the DagBag from /home/renato/Documentos/datapipeline/.env/lib/python3.10/site-packages/airflow/example_dags/example_xcomargs.py
[2022-11-07T23:36:11.534-0300] {processor.py:768} INFO - DAG(s) dict_keys(['example_xcom_args', 'example_xcom_args_with_operators']) retrieved from /home/renato/Documentos/datapipeline/.env/lib/python3.10/site-packages/airflow/example_dags/example_xcomargs.py
[2022-11-07T23:36:11.556-0300] {logging_mixin.py:117} INFO - [2022-11-07T23:36:11.556-0300] {dag.py:2573} INFO - Sync 2 DAGs
[2022-11-07T23:36:11.572-0300] {logging_mixin.py:117} INFO - [2022-11-07T23:36:11.572-0300] {dag.py:3324} INFO - Setting next_dagrun for example_xcom_args to None, run_after=None
[2022-11-07T23:36:11.576-0300] {logging_mixin.py:117} INFO - [2022-11-07T23:36:11.576-0300] {dag.py:3324} INFO - Setting next_dagrun for example_xcom_args_with_operators to None, run_after=None
[2022-11-07T23:36:11.596-0300] {processor.py:178} INFO - Processing /home/renato/Documentos/datapipeline/.env/lib/python3.10/site-packages/airflow/example_dags/example_xcomargs.py took 0.108 seconds
[2022-11-07T23:36:51.725-0300] {processor.py:156} INFO - Started process (PID=966639) to work on /home/renato/Documentos/datapipeline/.env/lib/python3.10/site-packages/airflow/example_dags/example_xcomargs.py
[2022-11-07T23:36:51.729-0300] {processor.py:758} INFO - Processing file /home/renato/Documentos/datapipeline/.env/lib/python3.10/site-packages/airflow/example_dags/example_xcomargs.py for tasks to queue
[2022-11-07T23:36:51.730-0300] {logging_mixin.py:117} INFO - [2022-11-07T23:36:51.730-0300] {dagbag.py:525} INFO - Filling up the DagBag from /home/renato/Documentos/datapipeline/.env/lib/python3.10/site-packages/airflow/example_dags/example_xcomargs.py
[2022-11-07T23:36:51.760-0300] {processor.py:768} INFO - DAG(s) dict_keys(['example_xcom_args', 'example_xcom_args_with_operators']) retrieved from /home/renato/Documentos/datapipeline/.env/lib/python3.10/site-packages/airflow/example_dags/example_xcomargs.py
[2022-11-07T23:36:51.783-0300] {logging_mixin.py:117} INFO - [2022-11-07T23:36:51.783-0300] {dag.py:2573} INFO - Sync 2 DAGs
[2022-11-07T23:36:51.801-0300] {logging_mixin.py:117} INFO - [2022-11-07T23:36:51.801-0300] {dag.py:3324} INFO - Setting next_dagrun for example_xcom_args to None, run_after=None
[2022-11-07T23:36:51.803-0300] {logging_mixin.py:117} INFO - [2022-11-07T23:36:51.803-0300] {dag.py:3324} INFO - Setting next_dagrun for example_xcom_args_with_operators to None, run_after=None
[2022-11-07T23:36:51.825-0300] {processor.py:178} INFO - Processing /home/renato/Documentos/datapipeline/.env/lib/python3.10/site-packages/airflow/example_dags/example_xcomargs.py took 0.107 seconds
[2022-11-07T23:37:27.863-0300] {processor.py:156} INFO - Started process (PID=966841) to work on /home/renato/Documentos/datapipeline/.env/lib/python3.10/site-packages/airflow/example_dags/example_xcomargs.py
[2022-11-07T23:37:27.866-0300] {processor.py:758} INFO - Processing file /home/renato/Documentos/datapipeline/.env/lib/python3.10/site-packages/airflow/example_dags/example_xcomargs.py for tasks to queue
[2022-11-07T23:37:27.867-0300] {logging_mixin.py:117} INFO - [2022-11-07T23:37:27.867-0300] {dagbag.py:525} INFO - Filling up the DagBag from /home/renato/Documentos/datapipeline/.env/lib/python3.10/site-packages/airflow/example_dags/example_xcomargs.py
[2022-11-07T23:37:27.897-0300] {processor.py:768} INFO - DAG(s) dict_keys(['example_xcom_args', 'example_xcom_args_with_operators']) retrieved from /home/renato/Documentos/datapipeline/.env/lib/python3.10/site-packages/airflow/example_dags/example_xcomargs.py
[2022-11-07T23:37:27.920-0300] {logging_mixin.py:117} INFO - [2022-11-07T23:37:27.920-0300] {dag.py:2573} INFO - Sync 2 DAGs
[2022-11-07T23:37:27.940-0300] {logging_mixin.py:117} INFO - [2022-11-07T23:37:27.940-0300] {dag.py:3324} INFO - Setting next_dagrun for example_xcom_args to None, run_after=None
[2022-11-07T23:37:27.943-0300] {logging_mixin.py:117} INFO - [2022-11-07T23:37:27.942-0300] {dag.py:3324} INFO - Setting next_dagrun for example_xcom_args_with_operators to None, run_after=None
[2022-11-07T23:37:27.965-0300] {processor.py:178} INFO - Processing /home/renato/Documentos/datapipeline/.env/lib/python3.10/site-packages/airflow/example_dags/example_xcomargs.py took 0.106 seconds
[2022-11-07T23:38:04.658-0300] {processor.py:156} INFO - Started process (PID=966914) to work on /home/renato/Documentos/datapipeline/.env/lib/python3.10/site-packages/airflow/example_dags/example_xcomargs.py
[2022-11-07T23:38:04.662-0300] {processor.py:758} INFO - Processing file /home/renato/Documentos/datapipeline/.env/lib/python3.10/site-packages/airflow/example_dags/example_xcomargs.py for tasks to queue
[2022-11-07T23:38:04.664-0300] {logging_mixin.py:117} INFO - [2022-11-07T23:38:04.664-0300] {dagbag.py:525} INFO - Filling up the DagBag from /home/renato/Documentos/datapipeline/.env/lib/python3.10/site-packages/airflow/example_dags/example_xcomargs.py
[2022-11-07T23:38:04.694-0300] {processor.py:768} INFO - DAG(s) dict_keys(['example_xcom_args_with_operators', 'example_xcom_args']) retrieved from /home/renato/Documentos/datapipeline/.env/lib/python3.10/site-packages/airflow/example_dags/example_xcomargs.py
[2022-11-07T23:38:04.720-0300] {logging_mixin.py:117} INFO - [2022-11-07T23:38:04.720-0300] {dag.py:2573} INFO - Sync 2 DAGs
[2022-11-07T23:38:04.738-0300] {logging_mixin.py:117} INFO - [2022-11-07T23:38:04.737-0300] {dag.py:3324} INFO - Setting next_dagrun for example_xcom_args to None, run_after=None
[2022-11-07T23:38:04.740-0300] {logging_mixin.py:117} INFO - [2022-11-07T23:38:04.740-0300] {dag.py:3324} INFO - Setting next_dagrun for example_xcom_args_with_operators to None, run_after=None
[2022-11-07T23:38:04.761-0300] {processor.py:178} INFO - Processing /home/renato/Documentos/datapipeline/.env/lib/python3.10/site-packages/airflow/example_dags/example_xcomargs.py took 0.114 seconds
[2022-11-07T23:38:40.539-0300] {processor.py:156} INFO - Started process (PID=966984) to work on /home/renato/Documentos/datapipeline/.env/lib/python3.10/site-packages/airflow/example_dags/example_xcomargs.py
[2022-11-07T23:38:40.544-0300] {processor.py:758} INFO - Processing file /home/renato/Documentos/datapipeline/.env/lib/python3.10/site-packages/airflow/example_dags/example_xcomargs.py for tasks to queue
[2022-11-07T23:38:40.544-0300] {logging_mixin.py:117} INFO - [2022-11-07T23:38:40.544-0300] {dagbag.py:525} INFO - Filling up the DagBag from /home/renato/Documentos/datapipeline/.env/lib/python3.10/site-packages/airflow/example_dags/example_xcomargs.py
[2022-11-07T23:38:40.578-0300] {processor.py:768} INFO - DAG(s) dict_keys(['example_xcom_args_with_operators', 'example_xcom_args']) retrieved from /home/renato/Documentos/datapipeline/.env/lib/python3.10/site-packages/airflow/example_dags/example_xcomargs.py
[2022-11-07T23:38:40.603-0300] {logging_mixin.py:117} INFO - [2022-11-07T23:38:40.603-0300] {dag.py:2573} INFO - Sync 2 DAGs
[2022-11-07T23:38:40.619-0300] {logging_mixin.py:117} INFO - [2022-11-07T23:38:40.619-0300] {dag.py:3324} INFO - Setting next_dagrun for example_xcom_args to None, run_after=None
[2022-11-07T23:38:40.622-0300] {logging_mixin.py:117} INFO - [2022-11-07T23:38:40.622-0300] {dag.py:3324} INFO - Setting next_dagrun for example_xcom_args_with_operators to None, run_after=None
[2022-11-07T23:38:40.642-0300] {processor.py:178} INFO - Processing /home/renato/Documentos/datapipeline/.env/lib/python3.10/site-packages/airflow/example_dags/example_xcomargs.py took 0.110 seconds
[2022-11-07T23:39:22.494-0300] {processor.py:156} INFO - Started process (PID=967085) to work on /home/renato/Documentos/datapipeline/.env/lib/python3.10/site-packages/airflow/example_dags/example_xcomargs.py
[2022-11-07T23:39:22.498-0300] {processor.py:758} INFO - Processing file /home/renato/Documentos/datapipeline/.env/lib/python3.10/site-packages/airflow/example_dags/example_xcomargs.py for tasks to queue
[2022-11-07T23:39:22.499-0300] {logging_mixin.py:117} INFO - [2022-11-07T23:39:22.498-0300] {dagbag.py:525} INFO - Filling up the DagBag from /home/renato/Documentos/datapipeline/.env/lib/python3.10/site-packages/airflow/example_dags/example_xcomargs.py
[2022-11-07T23:39:22.527-0300] {processor.py:768} INFO - DAG(s) dict_keys(['example_xcom_args', 'example_xcom_args_with_operators']) retrieved from /home/renato/Documentos/datapipeline/.env/lib/python3.10/site-packages/airflow/example_dags/example_xcomargs.py
[2022-11-07T23:39:22.549-0300] {logging_mixin.py:117} INFO - [2022-11-07T23:39:22.549-0300] {dag.py:2573} INFO - Sync 2 DAGs
[2022-11-07T23:39:22.565-0300] {logging_mixin.py:117} INFO - [2022-11-07T23:39:22.565-0300] {dag.py:3324} INFO - Setting next_dagrun for example_xcom_args to None, run_after=None
[2022-11-07T23:39:22.567-0300] {logging_mixin.py:117} INFO - [2022-11-07T23:39:22.567-0300] {dag.py:3324} INFO - Setting next_dagrun for example_xcom_args_with_operators to None, run_after=None
[2022-11-07T23:39:22.588-0300] {processor.py:178} INFO - Processing /home/renato/Documentos/datapipeline/.env/lib/python3.10/site-packages/airflow/example_dags/example_xcomargs.py took 0.101 seconds
[2022-11-07T23:39:49.990-0300] {processor.py:156} INFO - Started process (PID=967133) to work on /home/renato/Documentos/datapipeline/.env/lib/python3.10/site-packages/airflow/example_dags/example_xcomargs.py
[2022-11-07T23:39:49.991-0300] {processor.py:758} INFO - Processing file /home/renato/Documentos/datapipeline/.env/lib/python3.10/site-packages/airflow/example_dags/example_xcomargs.py for tasks to queue
[2022-11-07T23:39:49.991-0300] {logging_mixin.py:117} INFO - [2022-11-07T23:39:49.991-0300] {dagbag.py:525} INFO - Filling up the DagBag from /home/renato/Documentos/datapipeline/.env/lib/python3.10/site-packages/airflow/example_dags/example_xcomargs.py
[2022-11-07T23:39:50.017-0300] {processor.py:768} INFO - DAG(s) dict_keys(['example_xcom_args_with_operators', 'example_xcom_args']) retrieved from /home/renato/Documentos/datapipeline/.env/lib/python3.10/site-packages/airflow/example_dags/example_xcomargs.py
[2022-11-07T23:39:50.042-0300] {logging_mixin.py:117} INFO - [2022-11-07T23:39:50.042-0300] {dag.py:2573} INFO - Sync 2 DAGs
[2022-11-07T23:39:50.068-0300] {logging_mixin.py:117} INFO - [2022-11-07T23:39:50.068-0300] {dag.py:3324} INFO - Setting next_dagrun for example_xcom_args to None, run_after=None
[2022-11-07T23:39:50.071-0300] {logging_mixin.py:117} INFO - [2022-11-07T23:39:50.071-0300] {dag.py:3324} INFO - Setting next_dagrun for example_xcom_args_with_operators to None, run_after=None
[2022-11-07T23:39:50.099-0300] {processor.py:178} INFO - Processing /home/renato/Documentos/datapipeline/.env/lib/python3.10/site-packages/airflow/example_dags/example_xcomargs.py took 0.112 seconds
[2022-11-07T23:40:29.716-0300] {processor.py:156} INFO - Started process (PID=967215) to work on /home/renato/Documentos/datapipeline/.env/lib/python3.10/site-packages/airflow/example_dags/example_xcomargs.py
[2022-11-07T23:40:29.718-0300] {processor.py:758} INFO - Processing file /home/renato/Documentos/datapipeline/.env/lib/python3.10/site-packages/airflow/example_dags/example_xcomargs.py for tasks to queue
[2022-11-07T23:40:29.719-0300] {logging_mixin.py:117} INFO - [2022-11-07T23:40:29.719-0300] {dagbag.py:525} INFO - Filling up the DagBag from /home/renato/Documentos/datapipeline/.env/lib/python3.10/site-packages/airflow/example_dags/example_xcomargs.py
[2022-11-07T23:40:29.750-0300] {processor.py:768} INFO - DAG(s) dict_keys(['example_xcom_args', 'example_xcom_args_with_operators']) retrieved from /home/renato/Documentos/datapipeline/.env/lib/python3.10/site-packages/airflow/example_dags/example_xcomargs.py
[2022-11-07T23:40:29.772-0300] {logging_mixin.py:117} INFO - [2022-11-07T23:40:29.772-0300] {dag.py:2573} INFO - Sync 2 DAGs
[2022-11-07T23:40:29.791-0300] {logging_mixin.py:117} INFO - [2022-11-07T23:40:29.790-0300] {dag.py:3324} INFO - Setting next_dagrun for example_xcom_args to None, run_after=None
[2022-11-07T23:40:29.794-0300] {logging_mixin.py:117} INFO - [2022-11-07T23:40:29.793-0300] {dag.py:3324} INFO - Setting next_dagrun for example_xcom_args_with_operators to None, run_after=None
[2022-11-07T23:40:29.818-0300] {processor.py:178} INFO - Processing /home/renato/Documentos/datapipeline/.env/lib/python3.10/site-packages/airflow/example_dags/example_xcomargs.py took 0.106 seconds
[2022-11-07T23:41:09.871-0300] {processor.py:156} INFO - Started process (PID=967293) to work on /home/renato/Documentos/datapipeline/.env/lib/python3.10/site-packages/airflow/example_dags/example_xcomargs.py
[2022-11-07T23:41:09.877-0300] {processor.py:758} INFO - Processing file /home/renato/Documentos/datapipeline/.env/lib/python3.10/site-packages/airflow/example_dags/example_xcomargs.py for tasks to queue
[2022-11-07T23:41:09.878-0300] {logging_mixin.py:117} INFO - [2022-11-07T23:41:09.878-0300] {dagbag.py:525} INFO - Filling up the DagBag from /home/renato/Documentos/datapipeline/.env/lib/python3.10/site-packages/airflow/example_dags/example_xcomargs.py
[2022-11-07T23:41:09.911-0300] {processor.py:768} INFO - DAG(s) dict_keys(['example_xcom_args_with_operators', 'example_xcom_args']) retrieved from /home/renato/Documentos/datapipeline/.env/lib/python3.10/site-packages/airflow/example_dags/example_xcomargs.py
[2022-11-07T23:41:09.935-0300] {logging_mixin.py:117} INFO - [2022-11-07T23:41:09.934-0300] {dag.py:2573} INFO - Sync 2 DAGs
[2022-11-07T23:41:09.951-0300] {logging_mixin.py:117} INFO - [2022-11-07T23:41:09.951-0300] {dag.py:3324} INFO - Setting next_dagrun for example_xcom_args to None, run_after=None
[2022-11-07T23:41:09.954-0300] {logging_mixin.py:117} INFO - [2022-11-07T23:41:09.954-0300] {dag.py:3324} INFO - Setting next_dagrun for example_xcom_args_with_operators to None, run_after=None
[2022-11-07T23:41:09.975-0300] {processor.py:178} INFO - Processing /home/renato/Documentos/datapipeline/.env/lib/python3.10/site-packages/airflow/example_dags/example_xcomargs.py took 0.111 seconds
[2022-11-07T23:41:49.399-0300] {processor.py:156} INFO - Started process (PID=967377) to work on /home/renato/Documentos/datapipeline/.env/lib/python3.10/site-packages/airflow/example_dags/example_xcomargs.py
[2022-11-07T23:41:49.401-0300] {processor.py:758} INFO - Processing file /home/renato/Documentos/datapipeline/.env/lib/python3.10/site-packages/airflow/example_dags/example_xcomargs.py for tasks to queue
[2022-11-07T23:41:49.401-0300] {logging_mixin.py:117} INFO - [2022-11-07T23:41:49.401-0300] {dagbag.py:525} INFO - Filling up the DagBag from /home/renato/Documentos/datapipeline/.env/lib/python3.10/site-packages/airflow/example_dags/example_xcomargs.py
[2022-11-07T23:41:49.425-0300] {processor.py:768} INFO - DAG(s) dict_keys(['example_xcom_args_with_operators', 'example_xcom_args']) retrieved from /home/renato/Documentos/datapipeline/.env/lib/python3.10/site-packages/airflow/example_dags/example_xcomargs.py
[2022-11-07T23:41:49.449-0300] {logging_mixin.py:117} INFO - [2022-11-07T23:41:49.449-0300] {dag.py:2573} INFO - Sync 2 DAGs
[2022-11-07T23:41:49.466-0300] {logging_mixin.py:117} INFO - [2022-11-07T23:41:49.466-0300] {dag.py:3324} INFO - Setting next_dagrun for example_xcom_args to None, run_after=None
[2022-11-07T23:41:49.469-0300] {logging_mixin.py:117} INFO - [2022-11-07T23:41:49.469-0300] {dag.py:3324} INFO - Setting next_dagrun for example_xcom_args_with_operators to None, run_after=None
[2022-11-07T23:41:49.490-0300] {processor.py:178} INFO - Processing /home/renato/Documentos/datapipeline/.env/lib/python3.10/site-packages/airflow/example_dags/example_xcomargs.py took 0.094 seconds
[2022-11-07T23:42:31.635-0300] {processor.py:156} INFO - Started process (PID=967587) to work on /home/renato/Documentos/datapipeline/.env/lib/python3.10/site-packages/airflow/example_dags/example_xcomargs.py
[2022-11-07T23:42:31.638-0300] {processor.py:758} INFO - Processing file /home/renato/Documentos/datapipeline/.env/lib/python3.10/site-packages/airflow/example_dags/example_xcomargs.py for tasks to queue
[2022-11-07T23:42:31.639-0300] {logging_mixin.py:117} INFO - [2022-11-07T23:42:31.639-0300] {dagbag.py:525} INFO - Filling up the DagBag from /home/renato/Documentos/datapipeline/.env/lib/python3.10/site-packages/airflow/example_dags/example_xcomargs.py
[2022-11-07T23:42:31.670-0300] {processor.py:768} INFO - DAG(s) dict_keys(['example_xcom_args_with_operators', 'example_xcom_args']) retrieved from /home/renato/Documentos/datapipeline/.env/lib/python3.10/site-packages/airflow/example_dags/example_xcomargs.py
[2022-11-07T23:42:31.694-0300] {logging_mixin.py:117} INFO - [2022-11-07T23:42:31.694-0300] {dag.py:2573} INFO - Sync 2 DAGs
[2022-11-07T23:42:31.711-0300] {logging_mixin.py:117} INFO - [2022-11-07T23:42:31.710-0300] {dag.py:3324} INFO - Setting next_dagrun for example_xcom_args to None, run_after=None
[2022-11-07T23:42:31.714-0300] {logging_mixin.py:117} INFO - [2022-11-07T23:42:31.713-0300] {dag.py:3324} INFO - Setting next_dagrun for example_xcom_args_with_operators to None, run_after=None
[2022-11-07T23:42:31.736-0300] {processor.py:178} INFO - Processing /home/renato/Documentos/datapipeline/.env/lib/python3.10/site-packages/airflow/example_dags/example_xcomargs.py took 0.105 seconds
[2022-11-07T23:43:10.080-0300] {processor.py:156} INFO - Started process (PID=967662) to work on /home/renato/Documentos/datapipeline/.env/lib/python3.10/site-packages/airflow/example_dags/example_xcomargs.py
[2022-11-07T23:43:10.085-0300] {processor.py:758} INFO - Processing file /home/renato/Documentos/datapipeline/.env/lib/python3.10/site-packages/airflow/example_dags/example_xcomargs.py for tasks to queue
[2022-11-07T23:43:10.086-0300] {logging_mixin.py:117} INFO - [2022-11-07T23:43:10.086-0300] {dagbag.py:525} INFO - Filling up the DagBag from /home/renato/Documentos/datapipeline/.env/lib/python3.10/site-packages/airflow/example_dags/example_xcomargs.py
[2022-11-07T23:43:10.127-0300] {processor.py:768} INFO - DAG(s) dict_keys(['example_xcom_args', 'example_xcom_args_with_operators']) retrieved from /home/renato/Documentos/datapipeline/.env/lib/python3.10/site-packages/airflow/example_dags/example_xcomargs.py
[2022-11-07T23:43:10.159-0300] {logging_mixin.py:117} INFO - [2022-11-07T23:43:10.159-0300] {dag.py:2573} INFO - Sync 2 DAGs
[2022-11-07T23:43:10.175-0300] {logging_mixin.py:117} INFO - [2022-11-07T23:43:10.175-0300] {dag.py:3324} INFO - Setting next_dagrun for example_xcom_args to None, run_after=None
[2022-11-07T23:43:10.178-0300] {logging_mixin.py:117} INFO - [2022-11-07T23:43:10.178-0300] {dag.py:3324} INFO - Setting next_dagrun for example_xcom_args_with_operators to None, run_after=None
[2022-11-07T23:43:10.205-0300] {processor.py:178} INFO - Processing /home/renato/Documentos/datapipeline/.env/lib/python3.10/site-packages/airflow/example_dags/example_xcomargs.py took 0.129 seconds
