[2022-11-07T23:27:23.750-0300] {processor.py:156} INFO - Started process (PID=965367) to work on /home/renato/Documentos/datapipeline/.env/lib/python3.10/site-packages/airflow/example_dags/example_bash_operator.py
[2022-11-07T23:27:23.750-0300] {processor.py:758} INFO - Processing file /home/renato/Documentos/datapipeline/.env/lib/python3.10/site-packages/airflow/example_dags/example_bash_operator.py for tasks to queue
[2022-11-07T23:27:23.754-0300] {logging_mixin.py:117} INFO - [2022-11-07T23:27:23.754-0300] {dagbag.py:525} INFO - Filling up the DagBag from /home/renato/Documentos/datapipeline/.env/lib/python3.10/site-packages/airflow/example_dags/example_bash_operator.py
[2022-11-07T23:27:23.782-0300] {processor.py:768} INFO - DAG(s) dict_keys(['example_bash_operator']) retrieved from /home/renato/Documentos/datapipeline/.env/lib/python3.10/site-packages/airflow/example_dags/example_bash_operator.py
[2022-11-07T23:27:23.818-0300] {logging_mixin.py:117} INFO - [2022-11-07T23:27:23.818-0300] {dag.py:2573} INFO - Sync 1 DAGs
[2022-11-07T23:27:23.844-0300] {logging_mixin.py:117} INFO - [2022-11-07T23:27:23.844-0300] {dag.py:3324} INFO - Setting next_dagrun for example_bash_operator to 2022-11-07T00:00:00+00:00, run_after=2022-11-08T00:00:00+00:00
[2022-11-07T23:27:23.882-0300] {processor.py:178} INFO - Processing /home/renato/Documentos/datapipeline/.env/lib/python3.10/site-packages/airflow/example_dags/example_bash_operator.py took 0.135 seconds
[2022-11-07T23:28:03.404-0300] {processor.py:156} INFO - Started process (PID=965453) to work on /home/renato/Documentos/datapipeline/.env/lib/python3.10/site-packages/airflow/example_dags/example_bash_operator.py
[2022-11-07T23:28:03.412-0300] {processor.py:758} INFO - Processing file /home/renato/Documentos/datapipeline/.env/lib/python3.10/site-packages/airflow/example_dags/example_bash_operator.py for tasks to queue
[2022-11-07T23:28:03.413-0300] {logging_mixin.py:117} INFO - [2022-11-07T23:28:03.413-0300] {dagbag.py:525} INFO - Filling up the DagBag from /home/renato/Documentos/datapipeline/.env/lib/python3.10/site-packages/airflow/example_dags/example_bash_operator.py
[2022-11-07T23:28:03.432-0300] {processor.py:768} INFO - DAG(s) dict_keys(['example_bash_operator']) retrieved from /home/renato/Documentos/datapipeline/.env/lib/python3.10/site-packages/airflow/example_dags/example_bash_operator.py
[2022-11-07T23:28:03.459-0300] {logging_mixin.py:117} INFO - [2022-11-07T23:28:03.459-0300] {dag.py:2573} INFO - Sync 1 DAGs
[2022-11-07T23:28:03.479-0300] {logging_mixin.py:117} INFO - [2022-11-07T23:28:03.478-0300] {dag.py:3324} INFO - Setting next_dagrun for example_bash_operator to 2022-11-07T00:00:00+00:00, run_after=2022-11-08T00:00:00+00:00
[2022-11-07T23:28:03.552-0300] {processor.py:178} INFO - Processing /home/renato/Documentos/datapipeline/.env/lib/python3.10/site-packages/airflow/example_dags/example_bash_operator.py took 0.150 seconds
[2022-11-07T23:28:42.235-0300] {processor.py:156} INFO - Started process (PID=965532) to work on /home/renato/Documentos/datapipeline/.env/lib/python3.10/site-packages/airflow/example_dags/example_bash_operator.py
[2022-11-07T23:28:42.240-0300] {processor.py:758} INFO - Processing file /home/renato/Documentos/datapipeline/.env/lib/python3.10/site-packages/airflow/example_dags/example_bash_operator.py for tasks to queue
[2022-11-07T23:28:42.241-0300] {logging_mixin.py:117} INFO - [2022-11-07T23:28:42.241-0300] {dagbag.py:525} INFO - Filling up the DagBag from /home/renato/Documentos/datapipeline/.env/lib/python3.10/site-packages/airflow/example_dags/example_bash_operator.py
[2022-11-07T23:28:42.272-0300] {processor.py:768} INFO - DAG(s) dict_keys(['example_bash_operator']) retrieved from /home/renato/Documentos/datapipeline/.env/lib/python3.10/site-packages/airflow/example_dags/example_bash_operator.py
[2022-11-07T23:28:42.302-0300] {logging_mixin.py:117} INFO - [2022-11-07T23:28:42.302-0300] {dag.py:2573} INFO - Sync 1 DAGs
[2022-11-07T23:28:42.323-0300] {logging_mixin.py:117} INFO - [2022-11-07T23:28:42.323-0300] {dag.py:3324} INFO - Setting next_dagrun for example_bash_operator to 2022-11-07T00:00:00+00:00, run_after=2022-11-08T00:00:00+00:00
[2022-11-07T23:28:42.348-0300] {processor.py:178} INFO - Processing /home/renato/Documentos/datapipeline/.env/lib/python3.10/site-packages/airflow/example_dags/example_bash_operator.py took 0.118 seconds
[2022-11-07T23:29:21.113-0300] {processor.py:156} INFO - Started process (PID=965613) to work on /home/renato/Documentos/datapipeline/.env/lib/python3.10/site-packages/airflow/example_dags/example_bash_operator.py
[2022-11-07T23:29:21.115-0300] {processor.py:758} INFO - Processing file /home/renato/Documentos/datapipeline/.env/lib/python3.10/site-packages/airflow/example_dags/example_bash_operator.py for tasks to queue
[2022-11-07T23:29:21.116-0300] {logging_mixin.py:117} INFO - [2022-11-07T23:29:21.115-0300] {dagbag.py:525} INFO - Filling up the DagBag from /home/renato/Documentos/datapipeline/.env/lib/python3.10/site-packages/airflow/example_dags/example_bash_operator.py
[2022-11-07T23:29:21.137-0300] {processor.py:768} INFO - DAG(s) dict_keys(['example_bash_operator']) retrieved from /home/renato/Documentos/datapipeline/.env/lib/python3.10/site-packages/airflow/example_dags/example_bash_operator.py
[2022-11-07T23:29:21.164-0300] {logging_mixin.py:117} INFO - [2022-11-07T23:29:21.164-0300] {dag.py:2573} INFO - Sync 1 DAGs
[2022-11-07T23:29:21.183-0300] {logging_mixin.py:117} INFO - [2022-11-07T23:29:21.183-0300] {dag.py:3324} INFO - Setting next_dagrun for example_bash_operator to 2022-11-07T00:00:00+00:00, run_after=2022-11-08T00:00:00+00:00
[2022-11-07T23:29:21.206-0300] {processor.py:178} INFO - Processing /home/renato/Documentos/datapipeline/.env/lib/python3.10/site-packages/airflow/example_dags/example_bash_operator.py took 0.096 seconds
[2022-11-07T23:29:58.952-0300] {processor.py:156} INFO - Started process (PID=965688) to work on /home/renato/Documentos/datapipeline/.env/lib/python3.10/site-packages/airflow/example_dags/example_bash_operator.py
[2022-11-07T23:29:58.956-0300] {processor.py:758} INFO - Processing file /home/renato/Documentos/datapipeline/.env/lib/python3.10/site-packages/airflow/example_dags/example_bash_operator.py for tasks to queue
[2022-11-07T23:29:58.958-0300] {logging_mixin.py:117} INFO - [2022-11-07T23:29:58.957-0300] {dagbag.py:525} INFO - Filling up the DagBag from /home/renato/Documentos/datapipeline/.env/lib/python3.10/site-packages/airflow/example_dags/example_bash_operator.py
[2022-11-07T23:29:58.987-0300] {processor.py:768} INFO - DAG(s) dict_keys(['example_bash_operator']) retrieved from /home/renato/Documentos/datapipeline/.env/lib/python3.10/site-packages/airflow/example_dags/example_bash_operator.py
[2022-11-07T23:29:59.014-0300] {logging_mixin.py:117} INFO - [2022-11-07T23:29:59.014-0300] {dag.py:2573} INFO - Sync 1 DAGs
[2022-11-07T23:29:59.032-0300] {logging_mixin.py:117} INFO - [2022-11-07T23:29:59.032-0300] {dag.py:3324} INFO - Setting next_dagrun for example_bash_operator to 2022-11-07T00:00:00+00:00, run_after=2022-11-08T00:00:00+00:00
[2022-11-07T23:29:59.055-0300] {processor.py:178} INFO - Processing /home/renato/Documentos/datapipeline/.env/lib/python3.10/site-packages/airflow/example_dags/example_bash_operator.py took 0.110 seconds
[2022-11-07T23:30:37.834-0300] {processor.py:156} INFO - Started process (PID=965766) to work on /home/renato/Documentos/datapipeline/.env/lib/python3.10/site-packages/airflow/example_dags/example_bash_operator.py
[2022-11-07T23:30:37.838-0300] {processor.py:758} INFO - Processing file /home/renato/Documentos/datapipeline/.env/lib/python3.10/site-packages/airflow/example_dags/example_bash_operator.py for tasks to queue
[2022-11-07T23:30:37.839-0300] {logging_mixin.py:117} INFO - [2022-11-07T23:30:37.839-0300] {dagbag.py:525} INFO - Filling up the DagBag from /home/renato/Documentos/datapipeline/.env/lib/python3.10/site-packages/airflow/example_dags/example_bash_operator.py
[2022-11-07T23:30:37.865-0300] {processor.py:768} INFO - DAG(s) dict_keys(['example_bash_operator']) retrieved from /home/renato/Documentos/datapipeline/.env/lib/python3.10/site-packages/airflow/example_dags/example_bash_operator.py
[2022-11-07T23:30:37.892-0300] {logging_mixin.py:117} INFO - [2022-11-07T23:30:37.892-0300] {dag.py:2573} INFO - Sync 1 DAGs
[2022-11-07T23:30:37.910-0300] {logging_mixin.py:117} INFO - [2022-11-07T23:30:37.910-0300] {dag.py:3324} INFO - Setting next_dagrun for example_bash_operator to 2022-11-07T00:00:00+00:00, run_after=2022-11-08T00:00:00+00:00
[2022-11-07T23:30:37.934-0300] {processor.py:178} INFO - Processing /home/renato/Documentos/datapipeline/.env/lib/python3.10/site-packages/airflow/example_dags/example_bash_operator.py took 0.106 seconds
[2022-11-07T23:31:16.050-0300] {processor.py:156} INFO - Started process (PID=965841) to work on /home/renato/Documentos/datapipeline/.env/lib/python3.10/site-packages/airflow/example_dags/example_bash_operator.py
[2022-11-07T23:31:16.521-0300] {processor.py:758} INFO - Processing file /home/renato/Documentos/datapipeline/.env/lib/python3.10/site-packages/airflow/example_dags/example_bash_operator.py for tasks to queue
[2022-11-07T23:31:16.524-0300] {logging_mixin.py:117} INFO - [2022-11-07T23:31:16.523-0300] {dagbag.py:525} INFO - Filling up the DagBag from /home/renato/Documentos/datapipeline/.env/lib/python3.10/site-packages/airflow/example_dags/example_bash_operator.py
[2022-11-07T23:31:16.574-0300] {processor.py:768} INFO - DAG(s) dict_keys(['example_bash_operator']) retrieved from /home/renato/Documentos/datapipeline/.env/lib/python3.10/site-packages/airflow/example_dags/example_bash_operator.py
[2022-11-07T23:31:16.612-0300] {logging_mixin.py:117} INFO - [2022-11-07T23:31:16.611-0300] {dag.py:2573} INFO - Sync 1 DAGs
[2022-11-07T23:31:16.631-0300] {logging_mixin.py:117} INFO - [2022-11-07T23:31:16.631-0300] {dag.py:3324} INFO - Setting next_dagrun for example_bash_operator to 2022-11-07T00:00:00+00:00, run_after=2022-11-08T00:00:00+00:00
[2022-11-07T23:31:16.688-0300] {processor.py:178} INFO - Processing /home/renato/Documentos/datapipeline/.env/lib/python3.10/site-packages/airflow/example_dags/example_bash_operator.py took 0.641 seconds
[2022-11-07T23:31:58.725-0300] {processor.py:156} INFO - Started process (PID=965924) to work on /home/renato/Documentos/datapipeline/.env/lib/python3.10/site-packages/airflow/example_dags/example_bash_operator.py
[2022-11-07T23:31:58.727-0300] {processor.py:758} INFO - Processing file /home/renato/Documentos/datapipeline/.env/lib/python3.10/site-packages/airflow/example_dags/example_bash_operator.py for tasks to queue
[2022-11-07T23:31:58.728-0300] {logging_mixin.py:117} INFO - [2022-11-07T23:31:58.728-0300] {dagbag.py:525} INFO - Filling up the DagBag from /home/renato/Documentos/datapipeline/.env/lib/python3.10/site-packages/airflow/example_dags/example_bash_operator.py
[2022-11-07T23:31:58.751-0300] {processor.py:768} INFO - DAG(s) dict_keys(['example_bash_operator']) retrieved from /home/renato/Documentos/datapipeline/.env/lib/python3.10/site-packages/airflow/example_dags/example_bash_operator.py
[2022-11-07T23:31:58.781-0300] {logging_mixin.py:117} INFO - [2022-11-07T23:31:58.781-0300] {dag.py:2573} INFO - Sync 1 DAGs
[2022-11-07T23:31:58.802-0300] {logging_mixin.py:117} INFO - [2022-11-07T23:31:58.801-0300] {dag.py:3324} INFO - Setting next_dagrun for example_bash_operator to 2022-11-07T00:00:00+00:00, run_after=2022-11-08T00:00:00+00:00
[2022-11-07T23:31:58.830-0300] {processor.py:178} INFO - Processing /home/renato/Documentos/datapipeline/.env/lib/python3.10/site-packages/airflow/example_dags/example_bash_operator.py took 0.108 seconds
[2022-11-07T23:32:38.789-0300] {processor.py:156} INFO - Started process (PID=966136) to work on /home/renato/Documentos/datapipeline/.env/lib/python3.10/site-packages/airflow/example_dags/example_bash_operator.py
[2022-11-07T23:32:38.793-0300] {processor.py:758} INFO - Processing file /home/renato/Documentos/datapipeline/.env/lib/python3.10/site-packages/airflow/example_dags/example_bash_operator.py for tasks to queue
[2022-11-07T23:32:38.794-0300] {logging_mixin.py:117} INFO - [2022-11-07T23:32:38.793-0300] {dagbag.py:525} INFO - Filling up the DagBag from /home/renato/Documentos/datapipeline/.env/lib/python3.10/site-packages/airflow/example_dags/example_bash_operator.py
[2022-11-07T23:32:38.824-0300] {processor.py:768} INFO - DAG(s) dict_keys(['example_bash_operator']) retrieved from /home/renato/Documentos/datapipeline/.env/lib/python3.10/site-packages/airflow/example_dags/example_bash_operator.py
[2022-11-07T23:32:38.852-0300] {logging_mixin.py:117} INFO - [2022-11-07T23:32:38.852-0300] {dag.py:2573} INFO - Sync 1 DAGs
[2022-11-07T23:32:38.871-0300] {logging_mixin.py:117} INFO - [2022-11-07T23:32:38.871-0300] {dag.py:3324} INFO - Setting next_dagrun for example_bash_operator to 2022-11-07T00:00:00+00:00, run_after=2022-11-08T00:00:00+00:00
[2022-11-07T23:32:38.896-0300] {processor.py:178} INFO - Processing /home/renato/Documentos/datapipeline/.env/lib/python3.10/site-packages/airflow/example_dags/example_bash_operator.py took 0.113 seconds
[2022-11-07T23:33:16.419-0300] {processor.py:156} INFO - Started process (PID=966211) to work on /home/renato/Documentos/datapipeline/.env/lib/python3.10/site-packages/airflow/example_dags/example_bash_operator.py
[2022-11-07T23:33:16.421-0300] {processor.py:758} INFO - Processing file /home/renato/Documentos/datapipeline/.env/lib/python3.10/site-packages/airflow/example_dags/example_bash_operator.py for tasks to queue
[2022-11-07T23:33:16.421-0300] {logging_mixin.py:117} INFO - [2022-11-07T23:33:16.421-0300] {dagbag.py:525} INFO - Filling up the DagBag from /home/renato/Documentos/datapipeline/.env/lib/python3.10/site-packages/airflow/example_dags/example_bash_operator.py
[2022-11-07T23:33:16.440-0300] {processor.py:768} INFO - DAG(s) dict_keys(['example_bash_operator']) retrieved from /home/renato/Documentos/datapipeline/.env/lib/python3.10/site-packages/airflow/example_dags/example_bash_operator.py
[2022-11-07T23:33:16.465-0300] {logging_mixin.py:117} INFO - [2022-11-07T23:33:16.465-0300] {dag.py:2573} INFO - Sync 1 DAGs
[2022-11-07T23:33:16.485-0300] {logging_mixin.py:117} INFO - [2022-11-07T23:33:16.485-0300] {dag.py:3324} INFO - Setting next_dagrun for example_bash_operator to 2022-11-07T00:00:00+00:00, run_after=2022-11-08T00:00:00+00:00
[2022-11-07T23:33:16.507-0300] {processor.py:178} INFO - Processing /home/renato/Documentos/datapipeline/.env/lib/python3.10/site-packages/airflow/example_dags/example_bash_operator.py took 0.091 seconds
[2022-11-07T23:33:57.115-0300] {processor.py:156} INFO - Started process (PID=966291) to work on /home/renato/Documentos/datapipeline/.env/lib/python3.10/site-packages/airflow/example_dags/example_bash_operator.py
[2022-11-07T23:33:57.118-0300] {processor.py:758} INFO - Processing file /home/renato/Documentos/datapipeline/.env/lib/python3.10/site-packages/airflow/example_dags/example_bash_operator.py for tasks to queue
[2022-11-07T23:33:57.119-0300] {logging_mixin.py:117} INFO - [2022-11-07T23:33:57.118-0300] {dagbag.py:525} INFO - Filling up the DagBag from /home/renato/Documentos/datapipeline/.env/lib/python3.10/site-packages/airflow/example_dags/example_bash_operator.py
[2022-11-07T23:33:57.142-0300] {processor.py:768} INFO - DAG(s) dict_keys(['example_bash_operator']) retrieved from /home/renato/Documentos/datapipeline/.env/lib/python3.10/site-packages/airflow/example_dags/example_bash_operator.py
[2022-11-07T23:33:57.168-0300] {logging_mixin.py:117} INFO - [2022-11-07T23:33:57.168-0300] {dag.py:2573} INFO - Sync 1 DAGs
[2022-11-07T23:33:57.187-0300] {logging_mixin.py:117} INFO - [2022-11-07T23:33:57.187-0300] {dag.py:3324} INFO - Setting next_dagrun for example_bash_operator to 2022-11-07T00:00:00+00:00, run_after=2022-11-08T00:00:00+00:00
[2022-11-07T23:33:57.211-0300] {processor.py:178} INFO - Processing /home/renato/Documentos/datapipeline/.env/lib/python3.10/site-packages/airflow/example_dags/example_bash_operator.py took 0.100 seconds
[2022-11-07T23:34:34.133-0300] {processor.py:156} INFO - Started process (PID=966366) to work on /home/renato/Documentos/datapipeline/.env/lib/python3.10/site-packages/airflow/example_dags/example_bash_operator.py
[2022-11-07T23:34:34.138-0300] {processor.py:758} INFO - Processing file /home/renato/Documentos/datapipeline/.env/lib/python3.10/site-packages/airflow/example_dags/example_bash_operator.py for tasks to queue
[2022-11-07T23:34:34.139-0300] {logging_mixin.py:117} INFO - [2022-11-07T23:34:34.138-0300] {dagbag.py:525} INFO - Filling up the DagBag from /home/renato/Documentos/datapipeline/.env/lib/python3.10/site-packages/airflow/example_dags/example_bash_operator.py
[2022-11-07T23:34:34.161-0300] {processor.py:768} INFO - DAG(s) dict_keys(['example_bash_operator']) retrieved from /home/renato/Documentos/datapipeline/.env/lib/python3.10/site-packages/airflow/example_dags/example_bash_operator.py
[2022-11-07T23:34:34.189-0300] {logging_mixin.py:117} INFO - [2022-11-07T23:34:34.189-0300] {dag.py:2573} INFO - Sync 1 DAGs
[2022-11-07T23:34:34.207-0300] {logging_mixin.py:117} INFO - [2022-11-07T23:34:34.207-0300] {dag.py:3324} INFO - Setting next_dagrun for example_bash_operator to 2022-11-07T00:00:00+00:00, run_after=2022-11-08T00:00:00+00:00
[2022-11-07T23:34:34.229-0300] {processor.py:178} INFO - Processing /home/renato/Documentos/datapipeline/.env/lib/python3.10/site-packages/airflow/example_dags/example_bash_operator.py took 0.100 seconds
[2022-11-07T23:35:11.484-0300] {processor.py:156} INFO - Started process (PID=966440) to work on /home/renato/Documentos/datapipeline/.env/lib/python3.10/site-packages/airflow/example_dags/example_bash_operator.py
[2022-11-07T23:35:11.494-0300] {processor.py:758} INFO - Processing file /home/renato/Documentos/datapipeline/.env/lib/python3.10/site-packages/airflow/example_dags/example_bash_operator.py for tasks to queue
[2022-11-07T23:35:11.495-0300] {logging_mixin.py:117} INFO - [2022-11-07T23:35:11.495-0300] {dagbag.py:525} INFO - Filling up the DagBag from /home/renato/Documentos/datapipeline/.env/lib/python3.10/site-packages/airflow/example_dags/example_bash_operator.py
[2022-11-07T23:35:11.522-0300] {processor.py:768} INFO - DAG(s) dict_keys(['example_bash_operator']) retrieved from /home/renato/Documentos/datapipeline/.env/lib/python3.10/site-packages/airflow/example_dags/example_bash_operator.py
[2022-11-07T23:35:11.550-0300] {logging_mixin.py:117} INFO - [2022-11-07T23:35:11.549-0300] {dag.py:2573} INFO - Sync 1 DAGs
[2022-11-07T23:35:11.567-0300] {logging_mixin.py:117} INFO - [2022-11-07T23:35:11.567-0300] {dag.py:3324} INFO - Setting next_dagrun for example_bash_operator to 2022-11-07T00:00:00+00:00, run_after=2022-11-08T00:00:00+00:00
[2022-11-07T23:35:11.588-0300] {processor.py:178} INFO - Processing /home/renato/Documentos/datapipeline/.env/lib/python3.10/site-packages/airflow/example_dags/example_bash_operator.py took 0.109 seconds
[2022-11-07T23:35:52.217-0300] {processor.py:156} INFO - Started process (PID=966523) to work on /home/renato/Documentos/datapipeline/.env/lib/python3.10/site-packages/airflow/example_dags/example_bash_operator.py
[2022-11-07T23:35:52.225-0300] {processor.py:758} INFO - Processing file /home/renato/Documentos/datapipeline/.env/lib/python3.10/site-packages/airflow/example_dags/example_bash_operator.py for tasks to queue
[2022-11-07T23:35:52.226-0300] {logging_mixin.py:117} INFO - [2022-11-07T23:35:52.226-0300] {dagbag.py:525} INFO - Filling up the DagBag from /home/renato/Documentos/datapipeline/.env/lib/python3.10/site-packages/airflow/example_dags/example_bash_operator.py
[2022-11-07T23:35:52.264-0300] {processor.py:768} INFO - DAG(s) dict_keys(['example_bash_operator']) retrieved from /home/renato/Documentos/datapipeline/.env/lib/python3.10/site-packages/airflow/example_dags/example_bash_operator.py
[2022-11-07T23:35:52.293-0300] {logging_mixin.py:117} INFO - [2022-11-07T23:35:52.293-0300] {dag.py:2573} INFO - Sync 1 DAGs
[2022-11-07T23:35:52.313-0300] {logging_mixin.py:117} INFO - [2022-11-07T23:35:52.313-0300] {dag.py:3324} INFO - Setting next_dagrun for example_bash_operator to 2022-11-07T00:00:00+00:00, run_after=2022-11-08T00:00:00+00:00
[2022-11-07T23:35:52.343-0300] {processor.py:178} INFO - Processing /home/renato/Documentos/datapipeline/.env/lib/python3.10/site-packages/airflow/example_dags/example_bash_operator.py took 0.139 seconds
[2022-11-07T23:36:34.847-0300] {processor.py:156} INFO - Started process (PID=966605) to work on /home/renato/Documentos/datapipeline/.env/lib/python3.10/site-packages/airflow/example_dags/example_bash_operator.py
[2022-11-07T23:36:34.849-0300] {processor.py:758} INFO - Processing file /home/renato/Documentos/datapipeline/.env/lib/python3.10/site-packages/airflow/example_dags/example_bash_operator.py for tasks to queue
[2022-11-07T23:36:34.850-0300] {logging_mixin.py:117} INFO - [2022-11-07T23:36:34.850-0300] {dagbag.py:525} INFO - Filling up the DagBag from /home/renato/Documentos/datapipeline/.env/lib/python3.10/site-packages/airflow/example_dags/example_bash_operator.py
[2022-11-07T23:36:34.881-0300] {processor.py:768} INFO - DAG(s) dict_keys(['example_bash_operator']) retrieved from /home/renato/Documentos/datapipeline/.env/lib/python3.10/site-packages/airflow/example_dags/example_bash_operator.py
[2022-11-07T23:36:34.909-0300] {logging_mixin.py:117} INFO - [2022-11-07T23:36:34.909-0300] {dag.py:2573} INFO - Sync 1 DAGs
[2022-11-07T23:36:34.926-0300] {logging_mixin.py:117} INFO - [2022-11-07T23:36:34.926-0300] {dag.py:3324} INFO - Setting next_dagrun for example_bash_operator to 2022-11-07T00:00:00+00:00, run_after=2022-11-08T00:00:00+00:00
[2022-11-07T23:36:34.950-0300] {processor.py:178} INFO - Processing /home/renato/Documentos/datapipeline/.env/lib/python3.10/site-packages/airflow/example_dags/example_bash_operator.py took 0.110 seconds
[2022-11-07T23:37:13.872-0300] {processor.py:156} INFO - Started process (PID=966684) to work on /home/renato/Documentos/datapipeline/.env/lib/python3.10/site-packages/airflow/example_dags/example_bash_operator.py
[2022-11-07T23:37:13.877-0300] {processor.py:758} INFO - Processing file /home/renato/Documentos/datapipeline/.env/lib/python3.10/site-packages/airflow/example_dags/example_bash_operator.py for tasks to queue
[2022-11-07T23:37:13.878-0300] {logging_mixin.py:117} INFO - [2022-11-07T23:37:13.878-0300] {dagbag.py:525} INFO - Filling up the DagBag from /home/renato/Documentos/datapipeline/.env/lib/python3.10/site-packages/airflow/example_dags/example_bash_operator.py
[2022-11-07T23:37:13.901-0300] {processor.py:768} INFO - DAG(s) dict_keys(['example_bash_operator']) retrieved from /home/renato/Documentos/datapipeline/.env/lib/python3.10/site-packages/airflow/example_dags/example_bash_operator.py
[2022-11-07T23:37:13.929-0300] {logging_mixin.py:117} INFO - [2022-11-07T23:37:13.929-0300] {dag.py:2573} INFO - Sync 1 DAGs
[2022-11-07T23:37:13.948-0300] {logging_mixin.py:117} INFO - [2022-11-07T23:37:13.948-0300] {dag.py:3324} INFO - Setting next_dagrun for example_bash_operator to 2022-11-07T00:00:00+00:00, run_after=2022-11-08T00:00:00+00:00
[2022-11-07T23:37:13.971-0300] {processor.py:178} INFO - Processing /home/renato/Documentos/datapipeline/.env/lib/python3.10/site-packages/airflow/example_dags/example_bash_operator.py took 0.101 seconds
[2022-11-07T23:37:57.982-0300] {processor.py:156} INFO - Started process (PID=966901) to work on /home/renato/Documentos/datapipeline/.env/lib/python3.10/site-packages/airflow/example_dags/example_bash_operator.py
[2022-11-07T23:37:57.985-0300] {processor.py:758} INFO - Processing file /home/renato/Documentos/datapipeline/.env/lib/python3.10/site-packages/airflow/example_dags/example_bash_operator.py for tasks to queue
[2022-11-07T23:37:57.986-0300] {logging_mixin.py:117} INFO - [2022-11-07T23:37:57.986-0300] {dagbag.py:525} INFO - Filling up the DagBag from /home/renato/Documentos/datapipeline/.env/lib/python3.10/site-packages/airflow/example_dags/example_bash_operator.py
[2022-11-07T23:37:58.011-0300] {processor.py:768} INFO - DAG(s) dict_keys(['example_bash_operator']) retrieved from /home/renato/Documentos/datapipeline/.env/lib/python3.10/site-packages/airflow/example_dags/example_bash_operator.py
[2022-11-07T23:37:58.040-0300] {logging_mixin.py:117} INFO - [2022-11-07T23:37:58.040-0300] {dag.py:2573} INFO - Sync 1 DAGs
[2022-11-07T23:37:58.061-0300] {logging_mixin.py:117} INFO - [2022-11-07T23:37:58.061-0300] {dag.py:3324} INFO - Setting next_dagrun for example_bash_operator to 2022-11-07T00:00:00+00:00, run_after=2022-11-08T00:00:00+00:00
[2022-11-07T23:37:58.085-0300] {processor.py:178} INFO - Processing /home/renato/Documentos/datapipeline/.env/lib/python3.10/site-packages/airflow/example_dags/example_bash_operator.py took 0.106 seconds
[2022-11-07T23:38:42.795-0300] {processor.py:156} INFO - Started process (PID=966988) to work on /home/renato/Documentos/datapipeline/.env/lib/python3.10/site-packages/airflow/example_dags/example_bash_operator.py
[2022-11-07T23:38:42.804-0300] {processor.py:758} INFO - Processing file /home/renato/Documentos/datapipeline/.env/lib/python3.10/site-packages/airflow/example_dags/example_bash_operator.py for tasks to queue
[2022-11-07T23:38:42.805-0300] {logging_mixin.py:117} INFO - [2022-11-07T23:38:42.805-0300] {dagbag.py:525} INFO - Filling up the DagBag from /home/renato/Documentos/datapipeline/.env/lib/python3.10/site-packages/airflow/example_dags/example_bash_operator.py
[2022-11-07T23:38:42.843-0300] {processor.py:768} INFO - DAG(s) dict_keys(['example_bash_operator']) retrieved from /home/renato/Documentos/datapipeline/.env/lib/python3.10/site-packages/airflow/example_dags/example_bash_operator.py
[2022-11-07T23:38:42.874-0300] {logging_mixin.py:117} INFO - [2022-11-07T23:38:42.874-0300] {dag.py:2573} INFO - Sync 1 DAGs
[2022-11-07T23:38:42.900-0300] {logging_mixin.py:117} INFO - [2022-11-07T23:38:42.900-0300] {dag.py:3324} INFO - Setting next_dagrun for example_bash_operator to 2022-11-07T00:00:00+00:00, run_after=2022-11-08T00:00:00+00:00
[2022-11-07T23:38:42.925-0300] {processor.py:178} INFO - Processing /home/renato/Documentos/datapipeline/.env/lib/python3.10/site-packages/airflow/example_dags/example_bash_operator.py took 0.140 seconds
[2022-11-07T23:39:23.901-0300] {processor.py:156} INFO - Started process (PID=967088) to work on /home/renato/Documentos/datapipeline/.env/lib/python3.10/site-packages/airflow/example_dags/example_bash_operator.py
[2022-11-07T23:39:23.904-0300] {processor.py:758} INFO - Processing file /home/renato/Documentos/datapipeline/.env/lib/python3.10/site-packages/airflow/example_dags/example_bash_operator.py for tasks to queue
[2022-11-07T23:39:23.905-0300] {logging_mixin.py:117} INFO - [2022-11-07T23:39:23.905-0300] {dagbag.py:525} INFO - Filling up the DagBag from /home/renato/Documentos/datapipeline/.env/lib/python3.10/site-packages/airflow/example_dags/example_bash_operator.py
[2022-11-07T23:39:23.938-0300] {processor.py:768} INFO - DAG(s) dict_keys(['example_bash_operator']) retrieved from /home/renato/Documentos/datapipeline/.env/lib/python3.10/site-packages/airflow/example_dags/example_bash_operator.py
[2022-11-07T23:39:23.970-0300] {logging_mixin.py:117} INFO - [2022-11-07T23:39:23.970-0300] {dag.py:2573} INFO - Sync 1 DAGs
[2022-11-07T23:39:23.988-0300] {logging_mixin.py:117} INFO - [2022-11-07T23:39:23.988-0300] {dag.py:3324} INFO - Setting next_dagrun for example_bash_operator to 2022-11-07T00:00:00+00:00, run_after=2022-11-08T00:00:00+00:00
[2022-11-07T23:39:24.011-0300] {processor.py:178} INFO - Processing /home/renato/Documentos/datapipeline/.env/lib/python3.10/site-packages/airflow/example_dags/example_bash_operator.py took 0.117 seconds
[2022-11-07T23:39:58.820-0300] {processor.py:156} INFO - Started process (PID=967151) to work on /home/renato/Documentos/datapipeline/.env/lib/python3.10/site-packages/airflow/example_dags/example_bash_operator.py
[2022-11-07T23:39:58.826-0300] {processor.py:758} INFO - Processing file /home/renato/Documentos/datapipeline/.env/lib/python3.10/site-packages/airflow/example_dags/example_bash_operator.py for tasks to queue
[2022-11-07T23:39:58.827-0300] {logging_mixin.py:117} INFO - [2022-11-07T23:39:58.827-0300] {dagbag.py:525} INFO - Filling up the DagBag from /home/renato/Documentos/datapipeline/.env/lib/python3.10/site-packages/airflow/example_dags/example_bash_operator.py
[2022-11-07T23:39:58.865-0300] {processor.py:768} INFO - DAG(s) dict_keys(['example_bash_operator']) retrieved from /home/renato/Documentos/datapipeline/.env/lib/python3.10/site-packages/airflow/example_dags/example_bash_operator.py
[2022-11-07T23:39:58.895-0300] {logging_mixin.py:117} INFO - [2022-11-07T23:39:58.895-0300] {dag.py:2573} INFO - Sync 1 DAGs
[2022-11-07T23:39:58.916-0300] {logging_mixin.py:117} INFO - [2022-11-07T23:39:58.916-0300] {dag.py:3324} INFO - Setting next_dagrun for example_bash_operator to 2022-11-07T00:00:00+00:00, run_after=2022-11-08T00:00:00+00:00
[2022-11-07T23:39:58.947-0300] {processor.py:178} INFO - Processing /home/renato/Documentos/datapipeline/.env/lib/python3.10/site-packages/airflow/example_dags/example_bash_operator.py took 0.132 seconds
[2022-11-07T23:40:37.013-0300] {processor.py:156} INFO - Started process (PID=967231) to work on /home/renato/Documentos/datapipeline/.env/lib/python3.10/site-packages/airflow/example_dags/example_bash_operator.py
[2022-11-07T23:40:37.015-0300] {processor.py:758} INFO - Processing file /home/renato/Documentos/datapipeline/.env/lib/python3.10/site-packages/airflow/example_dags/example_bash_operator.py for tasks to queue
[2022-11-07T23:40:37.016-0300] {logging_mixin.py:117} INFO - [2022-11-07T23:40:37.016-0300] {dagbag.py:525} INFO - Filling up the DagBag from /home/renato/Documentos/datapipeline/.env/lib/python3.10/site-packages/airflow/example_dags/example_bash_operator.py
[2022-11-07T23:40:37.038-0300] {processor.py:768} INFO - DAG(s) dict_keys(['example_bash_operator']) retrieved from /home/renato/Documentos/datapipeline/.env/lib/python3.10/site-packages/airflow/example_dags/example_bash_operator.py
[2022-11-07T23:40:37.069-0300] {logging_mixin.py:117} INFO - [2022-11-07T23:40:37.069-0300] {dag.py:2573} INFO - Sync 1 DAGs
[2022-11-07T23:40:37.089-0300] {logging_mixin.py:117} INFO - [2022-11-07T23:40:37.088-0300] {dag.py:3324} INFO - Setting next_dagrun for example_bash_operator to 2022-11-07T00:00:00+00:00, run_after=2022-11-08T00:00:00+00:00
[2022-11-07T23:40:38.415-0300] {processor.py:178} INFO - Processing /home/renato/Documentos/datapipeline/.env/lib/python3.10/site-packages/airflow/example_dags/example_bash_operator.py took 1.405 seconds
[2022-11-07T23:41:18.246-0300] {processor.py:156} INFO - Started process (PID=967309) to work on /home/renato/Documentos/datapipeline/.env/lib/python3.10/site-packages/airflow/example_dags/example_bash_operator.py
[2022-11-07T23:41:18.251-0300] {processor.py:758} INFO - Processing file /home/renato/Documentos/datapipeline/.env/lib/python3.10/site-packages/airflow/example_dags/example_bash_operator.py for tasks to queue
[2022-11-07T23:41:18.251-0300] {logging_mixin.py:117} INFO - [2022-11-07T23:41:18.251-0300] {dagbag.py:525} INFO - Filling up the DagBag from /home/renato/Documentos/datapipeline/.env/lib/python3.10/site-packages/airflow/example_dags/example_bash_operator.py
[2022-11-07T23:41:18.271-0300] {processor.py:768} INFO - DAG(s) dict_keys(['example_bash_operator']) retrieved from /home/renato/Documentos/datapipeline/.env/lib/python3.10/site-packages/airflow/example_dags/example_bash_operator.py
[2022-11-07T23:41:18.297-0300] {logging_mixin.py:117} INFO - [2022-11-07T23:41:18.297-0300] {dag.py:2573} INFO - Sync 1 DAGs
[2022-11-07T23:41:18.316-0300] {logging_mixin.py:117} INFO - [2022-11-07T23:41:18.316-0300] {dag.py:3324} INFO - Setting next_dagrun for example_bash_operator to 2022-11-07T00:00:00+00:00, run_after=2022-11-08T00:00:00+00:00
[2022-11-07T23:41:18.339-0300] {processor.py:178} INFO - Processing /home/renato/Documentos/datapipeline/.env/lib/python3.10/site-packages/airflow/example_dags/example_bash_operator.py took 0.096 seconds
[2022-11-07T23:41:59.760-0300] {processor.py:156} INFO - Started process (PID=967396) to work on /home/renato/Documentos/datapipeline/.env/lib/python3.10/site-packages/airflow/example_dags/example_bash_operator.py
[2022-11-07T23:41:59.765-0300] {processor.py:758} INFO - Processing file /home/renato/Documentos/datapipeline/.env/lib/python3.10/site-packages/airflow/example_dags/example_bash_operator.py for tasks to queue
[2022-11-07T23:41:59.768-0300] {logging_mixin.py:117} INFO - [2022-11-07T23:41:59.767-0300] {dagbag.py:525} INFO - Filling up the DagBag from /home/renato/Documentos/datapipeline/.env/lib/python3.10/site-packages/airflow/example_dags/example_bash_operator.py
[2022-11-07T23:41:59.803-0300] {processor.py:768} INFO - DAG(s) dict_keys(['example_bash_operator']) retrieved from /home/renato/Documentos/datapipeline/.env/lib/python3.10/site-packages/airflow/example_dags/example_bash_operator.py
[2022-11-07T23:41:59.829-0300] {logging_mixin.py:117} INFO - [2022-11-07T23:41:59.829-0300] {dag.py:2573} INFO - Sync 1 DAGs
[2022-11-07T23:41:59.846-0300] {logging_mixin.py:117} INFO - [2022-11-07T23:41:59.846-0300] {dag.py:3324} INFO - Setting next_dagrun for example_bash_operator to 2022-11-07T00:00:00+00:00, run_after=2022-11-08T00:00:00+00:00
[2022-11-07T23:41:59.868-0300] {processor.py:178} INFO - Processing /home/renato/Documentos/datapipeline/.env/lib/python3.10/site-packages/airflow/example_dags/example_bash_operator.py took 0.123 seconds
[2022-11-07T23:42:43.108-0300] {processor.py:156} INFO - Started process (PID=967610) to work on /home/renato/Documentos/datapipeline/.env/lib/python3.10/site-packages/airflow/example_dags/example_bash_operator.py
[2022-11-07T23:42:43.111-0300] {processor.py:758} INFO - Processing file /home/renato/Documentos/datapipeline/.env/lib/python3.10/site-packages/airflow/example_dags/example_bash_operator.py for tasks to queue
[2022-11-07T23:42:43.113-0300] {logging_mixin.py:117} INFO - [2022-11-07T23:42:43.112-0300] {dagbag.py:525} INFO - Filling up the DagBag from /home/renato/Documentos/datapipeline/.env/lib/python3.10/site-packages/airflow/example_dags/example_bash_operator.py
[2022-11-07T23:42:43.135-0300] {processor.py:768} INFO - DAG(s) dict_keys(['example_bash_operator']) retrieved from /home/renato/Documentos/datapipeline/.env/lib/python3.10/site-packages/airflow/example_dags/example_bash_operator.py
[2022-11-07T23:42:43.162-0300] {logging_mixin.py:117} INFO - [2022-11-07T23:42:43.162-0300] {dag.py:2573} INFO - Sync 1 DAGs
[2022-11-07T23:42:43.180-0300] {logging_mixin.py:117} INFO - [2022-11-07T23:42:43.180-0300] {dag.py:3324} INFO - Setting next_dagrun for example_bash_operator to 2022-11-07T00:00:00+00:00, run_after=2022-11-08T00:00:00+00:00
[2022-11-07T23:42:43.205-0300] {processor.py:178} INFO - Processing /home/renato/Documentos/datapipeline/.env/lib/python3.10/site-packages/airflow/example_dags/example_bash_operator.py took 0.105 seconds
[2022-11-07T23:43:21.994-0300] {processor.py:156} INFO - Started process (PID=967685) to work on /home/renato/Documentos/datapipeline/.env/lib/python3.10/site-packages/airflow/example_dags/example_bash_operator.py
[2022-11-07T23:43:22.001-0300] {processor.py:758} INFO - Processing file /home/renato/Documentos/datapipeline/.env/lib/python3.10/site-packages/airflow/example_dags/example_bash_operator.py for tasks to queue
[2022-11-07T23:43:22.002-0300] {logging_mixin.py:117} INFO - [2022-11-07T23:43:22.002-0300] {dagbag.py:525} INFO - Filling up the DagBag from /home/renato/Documentos/datapipeline/.env/lib/python3.10/site-packages/airflow/example_dags/example_bash_operator.py
[2022-11-07T23:43:22.029-0300] {processor.py:768} INFO - DAG(s) dict_keys(['example_bash_operator']) retrieved from /home/renato/Documentos/datapipeline/.env/lib/python3.10/site-packages/airflow/example_dags/example_bash_operator.py
[2022-11-07T23:43:22.056-0300] {logging_mixin.py:117} INFO - [2022-11-07T23:43:22.056-0300] {dag.py:2573} INFO - Sync 1 DAGs
[2022-11-07T23:43:22.075-0300] {logging_mixin.py:117} INFO - [2022-11-07T23:43:22.075-0300] {dag.py:3324} INFO - Setting next_dagrun for example_bash_operator to 2022-11-07T00:00:00+00:00, run_after=2022-11-08T00:00:00+00:00
[2022-11-07T23:43:22.099-0300] {processor.py:178} INFO - Processing /home/renato/Documentos/datapipeline/.env/lib/python3.10/site-packages/airflow/example_dags/example_bash_operator.py took 0.114 seconds
