[2022-11-07T23:26:59.973-0300] {processor.py:156} INFO - Started process (PID=965187) to work on /home/renato/Documentos/datapipeline/.env/lib/python3.10/site-packages/airflow/example_dags/example_task_group.py
[2022-11-07T23:26:59.976-0300] {processor.py:758} INFO - Processing file /home/renato/Documentos/datapipeline/.env/lib/python3.10/site-packages/airflow/example_dags/example_task_group.py for tasks to queue
[2022-11-07T23:26:59.978-0300] {logging_mixin.py:117} INFO - [2022-11-07T23:26:59.977-0300] {dagbag.py:525} INFO - Filling up the DagBag from /home/renato/Documentos/datapipeline/.env/lib/python3.10/site-packages/airflow/example_dags/example_task_group.py
[2022-11-07T23:27:00.004-0300] {processor.py:768} INFO - DAG(s) dict_keys(['example_task_group']) retrieved from /home/renato/Documentos/datapipeline/.env/lib/python3.10/site-packages/airflow/example_dags/example_task_group.py
[2022-11-07T23:27:00.029-0300] {logging_mixin.py:117} INFO - [2022-11-07T23:27:00.029-0300] {dag.py:2573} INFO - Sync 1 DAGs
[2022-11-07T23:27:00.046-0300] {logging_mixin.py:117} INFO - [2022-11-07T23:27:00.046-0300] {dag.py:3324} INFO - Setting next_dagrun for example_task_group to 2022-11-07T02:27:00.046474+00:00, run_after=2022-11-08T02:27:00.046474+00:00
[2022-11-07T23:27:00.071-0300] {processor.py:178} INFO - Processing /home/renato/Documentos/datapipeline/.env/lib/python3.10/site-packages/airflow/example_dags/example_task_group.py took 0.103 seconds
[2022-11-07T23:27:38.305-0300] {processor.py:156} INFO - Started process (PID=965405) to work on /home/renato/Documentos/datapipeline/.env/lib/python3.10/site-packages/airflow/example_dags/example_task_group.py
[2022-11-07T23:27:38.308-0300] {processor.py:758} INFO - Processing file /home/renato/Documentos/datapipeline/.env/lib/python3.10/site-packages/airflow/example_dags/example_task_group.py for tasks to queue
[2022-11-07T23:27:38.309-0300] {logging_mixin.py:117} INFO - [2022-11-07T23:27:38.309-0300] {dagbag.py:525} INFO - Filling up the DagBag from /home/renato/Documentos/datapipeline/.env/lib/python3.10/site-packages/airflow/example_dags/example_task_group.py
[2022-11-07T23:27:38.333-0300] {processor.py:768} INFO - DAG(s) dict_keys(['example_task_group']) retrieved from /home/renato/Documentos/datapipeline/.env/lib/python3.10/site-packages/airflow/example_dags/example_task_group.py
[2022-11-07T23:27:38.357-0300] {logging_mixin.py:117} INFO - [2022-11-07T23:27:38.356-0300] {dag.py:2573} INFO - Sync 1 DAGs
[2022-11-07T23:27:38.375-0300] {logging_mixin.py:117} INFO - [2022-11-07T23:27:38.375-0300] {dag.py:3324} INFO - Setting next_dagrun for example_task_group to 2022-11-07T02:27:38.375060+00:00, run_after=2022-11-08T02:27:38.375060+00:00
[2022-11-07T23:27:38.401-0300] {processor.py:178} INFO - Processing /home/renato/Documentos/datapipeline/.env/lib/python3.10/site-packages/airflow/example_dags/example_task_group.py took 0.100 seconds
[2022-11-07T23:28:16.129-0300] {processor.py:156} INFO - Started process (PID=965479) to work on /home/renato/Documentos/datapipeline/.env/lib/python3.10/site-packages/airflow/example_dags/example_task_group.py
[2022-11-07T23:28:16.137-0300] {processor.py:758} INFO - Processing file /home/renato/Documentos/datapipeline/.env/lib/python3.10/site-packages/airflow/example_dags/example_task_group.py for tasks to queue
[2022-11-07T23:28:16.137-0300] {logging_mixin.py:117} INFO - [2022-11-07T23:28:16.137-0300] {dagbag.py:525} INFO - Filling up the DagBag from /home/renato/Documentos/datapipeline/.env/lib/python3.10/site-packages/airflow/example_dags/example_task_group.py
[2022-11-07T23:28:16.154-0300] {processor.py:768} INFO - DAG(s) dict_keys(['example_task_group']) retrieved from /home/renato/Documentos/datapipeline/.env/lib/python3.10/site-packages/airflow/example_dags/example_task_group.py
[2022-11-07T23:28:16.175-0300] {logging_mixin.py:117} INFO - [2022-11-07T23:28:16.174-0300] {dag.py:2573} INFO - Sync 1 DAGs
[2022-11-07T23:28:16.197-0300] {logging_mixin.py:117} INFO - [2022-11-07T23:28:16.196-0300] {dag.py:3324} INFO - Setting next_dagrun for example_task_group to 2022-11-07T02:28:16.196665+00:00, run_after=2022-11-08T02:28:16.196665+00:00
[2022-11-07T23:28:16.220-0300] {processor.py:178} INFO - Processing /home/renato/Documentos/datapipeline/.env/lib/python3.10/site-packages/airflow/example_dags/example_task_group.py took 0.096 seconds
[2022-11-07T23:28:52.777-0300] {processor.py:156} INFO - Started process (PID=965556) to work on /home/renato/Documentos/datapipeline/.env/lib/python3.10/site-packages/airflow/example_dags/example_task_group.py
[2022-11-07T23:28:52.779-0300] {processor.py:758} INFO - Processing file /home/renato/Documentos/datapipeline/.env/lib/python3.10/site-packages/airflow/example_dags/example_task_group.py for tasks to queue
[2022-11-07T23:28:52.781-0300] {logging_mixin.py:117} INFO - [2022-11-07T23:28:52.781-0300] {dagbag.py:525} INFO - Filling up the DagBag from /home/renato/Documentos/datapipeline/.env/lib/python3.10/site-packages/airflow/example_dags/example_task_group.py
[2022-11-07T23:28:52.796-0300] {processor.py:768} INFO - DAG(s) dict_keys(['example_task_group']) retrieved from /home/renato/Documentos/datapipeline/.env/lib/python3.10/site-packages/airflow/example_dags/example_task_group.py
[2022-11-07T23:28:52.819-0300] {logging_mixin.py:117} INFO - [2022-11-07T23:28:52.819-0300] {dag.py:2573} INFO - Sync 1 DAGs
[2022-11-07T23:28:52.840-0300] {logging_mixin.py:117} INFO - [2022-11-07T23:28:52.840-0300] {dag.py:3324} INFO - Setting next_dagrun for example_task_group to 2022-11-07T02:28:52.840263+00:00, run_after=2022-11-08T02:28:52.840263+00:00
[2022-11-07T23:28:52.868-0300] {processor.py:178} INFO - Processing /home/renato/Documentos/datapipeline/.env/lib/python3.10/site-packages/airflow/example_dags/example_task_group.py took 0.093 seconds
[2022-11-07T23:29:28.124-0300] {processor.py:156} INFO - Started process (PID=965626) to work on /home/renato/Documentos/datapipeline/.env/lib/python3.10/site-packages/airflow/example_dags/example_task_group.py
[2022-11-07T23:29:28.129-0300] {processor.py:758} INFO - Processing file /home/renato/Documentos/datapipeline/.env/lib/python3.10/site-packages/airflow/example_dags/example_task_group.py for tasks to queue
[2022-11-07T23:29:28.130-0300] {logging_mixin.py:117} INFO - [2022-11-07T23:29:28.129-0300] {dagbag.py:525} INFO - Filling up the DagBag from /home/renato/Documentos/datapipeline/.env/lib/python3.10/site-packages/airflow/example_dags/example_task_group.py
[2022-11-07T23:29:28.150-0300] {processor.py:768} INFO - DAG(s) dict_keys(['example_task_group']) retrieved from /home/renato/Documentos/datapipeline/.env/lib/python3.10/site-packages/airflow/example_dags/example_task_group.py
[2022-11-07T23:29:28.175-0300] {logging_mixin.py:117} INFO - [2022-11-07T23:29:28.174-0300] {dag.py:2573} INFO - Sync 1 DAGs
[2022-11-07T23:29:28.192-0300] {logging_mixin.py:117} INFO - [2022-11-07T23:29:28.192-0300] {dag.py:3324} INFO - Setting next_dagrun for example_task_group to 2022-11-07T02:29:28.192016+00:00, run_after=2022-11-08T02:29:28.192016+00:00
[2022-11-07T23:29:28.220-0300] {processor.py:178} INFO - Processing /home/renato/Documentos/datapipeline/.env/lib/python3.10/site-packages/airflow/example_dags/example_task_group.py took 0.102 seconds
[2022-11-07T23:30:05.512-0300] {processor.py:156} INFO - Started process (PID=965703) to work on /home/renato/Documentos/datapipeline/.env/lib/python3.10/site-packages/airflow/example_dags/example_task_group.py
[2022-11-07T23:30:05.517-0300] {processor.py:758} INFO - Processing file /home/renato/Documentos/datapipeline/.env/lib/python3.10/site-packages/airflow/example_dags/example_task_group.py for tasks to queue
[2022-11-07T23:30:05.518-0300] {logging_mixin.py:117} INFO - [2022-11-07T23:30:05.517-0300] {dagbag.py:525} INFO - Filling up the DagBag from /home/renato/Documentos/datapipeline/.env/lib/python3.10/site-packages/airflow/example_dags/example_task_group.py
[2022-11-07T23:30:05.542-0300] {processor.py:768} INFO - DAG(s) dict_keys(['example_task_group']) retrieved from /home/renato/Documentos/datapipeline/.env/lib/python3.10/site-packages/airflow/example_dags/example_task_group.py
[2022-11-07T23:30:05.565-0300] {logging_mixin.py:117} INFO - [2022-11-07T23:30:05.565-0300] {dag.py:2573} INFO - Sync 1 DAGs
[2022-11-07T23:30:05.583-0300] {logging_mixin.py:117} INFO - [2022-11-07T23:30:05.583-0300] {dag.py:3324} INFO - Setting next_dagrun for example_task_group to 2022-11-07T02:30:05.583287+00:00, run_after=2022-11-08T02:30:05.583287+00:00
[2022-11-07T23:30:05.606-0300] {processor.py:178} INFO - Processing /home/renato/Documentos/datapipeline/.env/lib/python3.10/site-packages/airflow/example_dags/example_task_group.py took 0.101 seconds
[2022-11-07T23:30:42.976-0300] {processor.py:156} INFO - Started process (PID=965777) to work on /home/renato/Documentos/datapipeline/.env/lib/python3.10/site-packages/airflow/example_dags/example_task_group.py
[2022-11-07T23:30:42.979-0300] {processor.py:758} INFO - Processing file /home/renato/Documentos/datapipeline/.env/lib/python3.10/site-packages/airflow/example_dags/example_task_group.py for tasks to queue
[2022-11-07T23:30:42.979-0300] {logging_mixin.py:117} INFO - [2022-11-07T23:30:42.979-0300] {dagbag.py:525} INFO - Filling up the DagBag from /home/renato/Documentos/datapipeline/.env/lib/python3.10/site-packages/airflow/example_dags/example_task_group.py
[2022-11-07T23:30:42.997-0300] {processor.py:768} INFO - DAG(s) dict_keys(['example_task_group']) retrieved from /home/renato/Documentos/datapipeline/.env/lib/python3.10/site-packages/airflow/example_dags/example_task_group.py
[2022-11-07T23:30:43.020-0300] {logging_mixin.py:117} INFO - [2022-11-07T23:30:43.020-0300] {dag.py:2573} INFO - Sync 1 DAGs
[2022-11-07T23:30:43.036-0300] {logging_mixin.py:117} INFO - [2022-11-07T23:30:43.036-0300] {dag.py:3324} INFO - Setting next_dagrun for example_task_group to 2022-11-07T02:30:43.036457+00:00, run_after=2022-11-08T02:30:43.036457+00:00
[2022-11-07T23:30:43.060-0300] {processor.py:178} INFO - Processing /home/renato/Documentos/datapipeline/.env/lib/python3.10/site-packages/airflow/example_dags/example_task_group.py took 0.089 seconds
[2022-11-07T23:31:22.189-0300] {processor.py:156} INFO - Started process (PID=965853) to work on /home/renato/Documentos/datapipeline/.env/lib/python3.10/site-packages/airflow/example_dags/example_task_group.py
[2022-11-07T23:31:22.191-0300] {processor.py:758} INFO - Processing file /home/renato/Documentos/datapipeline/.env/lib/python3.10/site-packages/airflow/example_dags/example_task_group.py for tasks to queue
[2022-11-07T23:31:22.192-0300] {logging_mixin.py:117} INFO - [2022-11-07T23:31:22.192-0300] {dagbag.py:525} INFO - Filling up the DagBag from /home/renato/Documentos/datapipeline/.env/lib/python3.10/site-packages/airflow/example_dags/example_task_group.py
[2022-11-07T23:31:22.212-0300] {processor.py:768} INFO - DAG(s) dict_keys(['example_task_group']) retrieved from /home/renato/Documentos/datapipeline/.env/lib/python3.10/site-packages/airflow/example_dags/example_task_group.py
[2022-11-07T23:31:22.236-0300] {logging_mixin.py:117} INFO - [2022-11-07T23:31:22.235-0300] {dag.py:2573} INFO - Sync 1 DAGs
[2022-11-07T23:31:22.253-0300] {logging_mixin.py:117} INFO - [2022-11-07T23:31:22.253-0300] {dag.py:3324} INFO - Setting next_dagrun for example_task_group to 2022-11-07T02:31:22.253364+00:00, run_after=2022-11-08T02:31:22.253364+00:00
[2022-11-07T23:31:22.277-0300] {processor.py:178} INFO - Processing /home/renato/Documentos/datapipeline/.env/lib/python3.10/site-packages/airflow/example_dags/example_task_group.py took 0.093 seconds
[2022-11-07T23:31:55.164-0300] {processor.py:156} INFO - Started process (PID=965917) to work on /home/renato/Documentos/datapipeline/.env/lib/python3.10/site-packages/airflow/example_dags/example_task_group.py
[2022-11-07T23:31:55.165-0300] {processor.py:758} INFO - Processing file /home/renato/Documentos/datapipeline/.env/lib/python3.10/site-packages/airflow/example_dags/example_task_group.py for tasks to queue
[2022-11-07T23:31:55.166-0300] {logging_mixin.py:117} INFO - [2022-11-07T23:31:55.166-0300] {dagbag.py:525} INFO - Filling up the DagBag from /home/renato/Documentos/datapipeline/.env/lib/python3.10/site-packages/airflow/example_dags/example_task_group.py
[2022-11-07T23:31:55.182-0300] {processor.py:768} INFO - DAG(s) dict_keys(['example_task_group']) retrieved from /home/renato/Documentos/datapipeline/.env/lib/python3.10/site-packages/airflow/example_dags/example_task_group.py
[2022-11-07T23:31:55.203-0300] {logging_mixin.py:117} INFO - [2022-11-07T23:31:55.203-0300] {dag.py:2573} INFO - Sync 1 DAGs
[2022-11-07T23:31:55.219-0300] {logging_mixin.py:117} INFO - [2022-11-07T23:31:55.219-0300] {dag.py:3324} INFO - Setting next_dagrun for example_task_group to 2022-11-07T02:31:55.219330+00:00, run_after=2022-11-08T02:31:55.219330+00:00
[2022-11-07T23:31:55.245-0300] {processor.py:178} INFO - Processing /home/renato/Documentos/datapipeline/.env/lib/python3.10/site-packages/airflow/example_dags/example_task_group.py took 0.084 seconds
[2022-11-07T23:32:33.267-0300] {processor.py:156} INFO - Started process (PID=966125) to work on /home/renato/Documentos/datapipeline/.env/lib/python3.10/site-packages/airflow/example_dags/example_task_group.py
[2022-11-07T23:32:33.270-0300] {processor.py:758} INFO - Processing file /home/renato/Documentos/datapipeline/.env/lib/python3.10/site-packages/airflow/example_dags/example_task_group.py for tasks to queue
[2022-11-07T23:32:33.271-0300] {logging_mixin.py:117} INFO - [2022-11-07T23:32:33.271-0300] {dagbag.py:525} INFO - Filling up the DagBag from /home/renato/Documentos/datapipeline/.env/lib/python3.10/site-packages/airflow/example_dags/example_task_group.py
[2022-11-07T23:32:33.295-0300] {processor.py:768} INFO - DAG(s) dict_keys(['example_task_group']) retrieved from /home/renato/Documentos/datapipeline/.env/lib/python3.10/site-packages/airflow/example_dags/example_task_group.py
[2022-11-07T23:32:33.321-0300] {logging_mixin.py:117} INFO - [2022-11-07T23:32:33.321-0300] {dag.py:2573} INFO - Sync 1 DAGs
[2022-11-07T23:32:33.339-0300] {logging_mixin.py:117} INFO - [2022-11-07T23:32:33.339-0300] {dag.py:3324} INFO - Setting next_dagrun for example_task_group to 2022-11-07T02:32:33.339267+00:00, run_after=2022-11-08T02:32:33.339267+00:00
[2022-11-07T23:32:33.361-0300] {processor.py:178} INFO - Processing /home/renato/Documentos/datapipeline/.env/lib/python3.10/site-packages/airflow/example_dags/example_task_group.py took 0.100 seconds
[2022-11-07T23:33:11.747-0300] {processor.py:156} INFO - Started process (PID=966200) to work on /home/renato/Documentos/datapipeline/.env/lib/python3.10/site-packages/airflow/example_dags/example_task_group.py
[2022-11-07T23:33:11.750-0300] {processor.py:758} INFO - Processing file /home/renato/Documentos/datapipeline/.env/lib/python3.10/site-packages/airflow/example_dags/example_task_group.py for tasks to queue
[2022-11-07T23:33:11.752-0300] {logging_mixin.py:117} INFO - [2022-11-07T23:33:11.751-0300] {dagbag.py:525} INFO - Filling up the DagBag from /home/renato/Documentos/datapipeline/.env/lib/python3.10/site-packages/airflow/example_dags/example_task_group.py
[2022-11-07T23:33:11.781-0300] {processor.py:768} INFO - DAG(s) dict_keys(['example_task_group']) retrieved from /home/renato/Documentos/datapipeline/.env/lib/python3.10/site-packages/airflow/example_dags/example_task_group.py
[2022-11-07T23:33:11.805-0300] {logging_mixin.py:117} INFO - [2022-11-07T23:33:11.805-0300] {dag.py:2573} INFO - Sync 1 DAGs
[2022-11-07T23:33:11.825-0300] {logging_mixin.py:117} INFO - [2022-11-07T23:33:11.825-0300] {dag.py:3324} INFO - Setting next_dagrun for example_task_group to 2022-11-07T02:33:11.824851+00:00, run_after=2022-11-08T02:33:11.824851+00:00
[2022-11-07T23:33:11.848-0300] {processor.py:178} INFO - Processing /home/renato/Documentos/datapipeline/.env/lib/python3.10/site-packages/airflow/example_dags/example_task_group.py took 0.110 seconds
[2022-11-07T23:33:51.656-0300] {processor.py:156} INFO - Started process (PID=966279) to work on /home/renato/Documentos/datapipeline/.env/lib/python3.10/site-packages/airflow/example_dags/example_task_group.py
[2022-11-07T23:33:51.658-0300] {processor.py:758} INFO - Processing file /home/renato/Documentos/datapipeline/.env/lib/python3.10/site-packages/airflow/example_dags/example_task_group.py for tasks to queue
[2022-11-07T23:33:51.659-0300] {logging_mixin.py:117} INFO - [2022-11-07T23:33:51.659-0300] {dagbag.py:525} INFO - Filling up the DagBag from /home/renato/Documentos/datapipeline/.env/lib/python3.10/site-packages/airflow/example_dags/example_task_group.py
[2022-11-07T23:33:51.676-0300] {processor.py:768} INFO - DAG(s) dict_keys(['example_task_group']) retrieved from /home/renato/Documentos/datapipeline/.env/lib/python3.10/site-packages/airflow/example_dags/example_task_group.py
[2022-11-07T23:33:51.697-0300] {logging_mixin.py:117} INFO - [2022-11-07T23:33:51.697-0300] {dag.py:2573} INFO - Sync 1 DAGs
[2022-11-07T23:33:51.715-0300] {logging_mixin.py:117} INFO - [2022-11-07T23:33:51.715-0300] {dag.py:3324} INFO - Setting next_dagrun for example_task_group to 2022-11-07T02:33:51.714923+00:00, run_after=2022-11-08T02:33:51.714923+00:00
[2022-11-07T23:33:51.738-0300] {processor.py:178} INFO - Processing /home/renato/Documentos/datapipeline/.env/lib/python3.10/site-packages/airflow/example_dags/example_task_group.py took 0.086 seconds
[2022-11-07T23:34:23.995-0300] {processor.py:156} INFO - Started process (PID=966345) to work on /home/renato/Documentos/datapipeline/.env/lib/python3.10/site-packages/airflow/example_dags/example_task_group.py
[2022-11-07T23:34:23.997-0300] {processor.py:758} INFO - Processing file /home/renato/Documentos/datapipeline/.env/lib/python3.10/site-packages/airflow/example_dags/example_task_group.py for tasks to queue
[2022-11-07T23:34:23.998-0300] {logging_mixin.py:117} INFO - [2022-11-07T23:34:23.997-0300] {dagbag.py:525} INFO - Filling up the DagBag from /home/renato/Documentos/datapipeline/.env/lib/python3.10/site-packages/airflow/example_dags/example_task_group.py
[2022-11-07T23:34:24.020-0300] {processor.py:768} INFO - DAG(s) dict_keys(['example_task_group']) retrieved from /home/renato/Documentos/datapipeline/.env/lib/python3.10/site-packages/airflow/example_dags/example_task_group.py
[2022-11-07T23:34:24.040-0300] {logging_mixin.py:117} INFO - [2022-11-07T23:34:24.040-0300] {dag.py:2573} INFO - Sync 1 DAGs
[2022-11-07T23:34:24.056-0300] {logging_mixin.py:117} INFO - [2022-11-07T23:34:24.056-0300] {dag.py:3324} INFO - Setting next_dagrun for example_task_group to 2022-11-07T02:34:24.056546+00:00, run_after=2022-11-08T02:34:24.056546+00:00
[2022-11-07T23:34:24.080-0300] {processor.py:178} INFO - Processing /home/renato/Documentos/datapipeline/.env/lib/python3.10/site-packages/airflow/example_dags/example_task_group.py took 0.089 seconds
[2022-11-07T23:35:00.992-0300] {processor.py:156} INFO - Started process (PID=966419) to work on /home/renato/Documentos/datapipeline/.env/lib/python3.10/site-packages/airflow/example_dags/example_task_group.py
[2022-11-07T23:35:00.998-0300] {processor.py:758} INFO - Processing file /home/renato/Documentos/datapipeline/.env/lib/python3.10/site-packages/airflow/example_dags/example_task_group.py for tasks to queue
[2022-11-07T23:35:00.999-0300] {logging_mixin.py:117} INFO - [2022-11-07T23:35:00.999-0300] {dagbag.py:525} INFO - Filling up the DagBag from /home/renato/Documentos/datapipeline/.env/lib/python3.10/site-packages/airflow/example_dags/example_task_group.py
[2022-11-07T23:35:01.021-0300] {processor.py:768} INFO - DAG(s) dict_keys(['example_task_group']) retrieved from /home/renato/Documentos/datapipeline/.env/lib/python3.10/site-packages/airflow/example_dags/example_task_group.py
[2022-11-07T23:35:01.045-0300] {logging_mixin.py:117} INFO - [2022-11-07T23:35:01.045-0300] {dag.py:2573} INFO - Sync 1 DAGs
[2022-11-07T23:35:01.061-0300] {logging_mixin.py:117} INFO - [2022-11-07T23:35:01.061-0300] {dag.py:3324} INFO - Setting next_dagrun for example_task_group to 2022-11-07T02:35:01.061212+00:00, run_after=2022-11-08T02:35:01.061212+00:00
[2022-11-07T23:35:01.084-0300] {processor.py:178} INFO - Processing /home/renato/Documentos/datapipeline/.env/lib/python3.10/site-packages/airflow/example_dags/example_task_group.py took 0.098 seconds
[2022-11-07T23:35:39.003-0300] {processor.py:156} INFO - Started process (PID=966496) to work on /home/renato/Documentos/datapipeline/.env/lib/python3.10/site-packages/airflow/example_dags/example_task_group.py
[2022-11-07T23:35:39.006-0300] {processor.py:758} INFO - Processing file /home/renato/Documentos/datapipeline/.env/lib/python3.10/site-packages/airflow/example_dags/example_task_group.py for tasks to queue
[2022-11-07T23:35:39.007-0300] {logging_mixin.py:117} INFO - [2022-11-07T23:35:39.007-0300] {dagbag.py:525} INFO - Filling up the DagBag from /home/renato/Documentos/datapipeline/.env/lib/python3.10/site-packages/airflow/example_dags/example_task_group.py
[2022-11-07T23:35:39.025-0300] {processor.py:768} INFO - DAG(s) dict_keys(['example_task_group']) retrieved from /home/renato/Documentos/datapipeline/.env/lib/python3.10/site-packages/airflow/example_dags/example_task_group.py
[2022-11-07T23:35:39.047-0300] {logging_mixin.py:117} INFO - [2022-11-07T23:35:39.047-0300] {dag.py:2573} INFO - Sync 1 DAGs
[2022-11-07T23:35:39.065-0300] {logging_mixin.py:117} INFO - [2022-11-07T23:35:39.065-0300] {dag.py:3324} INFO - Setting next_dagrun for example_task_group to 2022-11-07T02:35:39.065359+00:00, run_after=2022-11-08T02:35:39.065359+00:00
[2022-11-07T23:35:39.091-0300] {processor.py:178} INFO - Processing /home/renato/Documentos/datapipeline/.env/lib/python3.10/site-packages/airflow/example_dags/example_task_group.py took 0.093 seconds
[2022-11-07T23:36:17.633-0300] {processor.py:156} INFO - Started process (PID=966572) to work on /home/renato/Documentos/datapipeline/.env/lib/python3.10/site-packages/airflow/example_dags/example_task_group.py
[2022-11-07T23:36:17.635-0300] {processor.py:758} INFO - Processing file /home/renato/Documentos/datapipeline/.env/lib/python3.10/site-packages/airflow/example_dags/example_task_group.py for tasks to queue
[2022-11-07T23:36:17.636-0300] {logging_mixin.py:117} INFO - [2022-11-07T23:36:17.636-0300] {dagbag.py:525} INFO - Filling up the DagBag from /home/renato/Documentos/datapipeline/.env/lib/python3.10/site-packages/airflow/example_dags/example_task_group.py
[2022-11-07T23:36:17.656-0300] {processor.py:768} INFO - DAG(s) dict_keys(['example_task_group']) retrieved from /home/renato/Documentos/datapipeline/.env/lib/python3.10/site-packages/airflow/example_dags/example_task_group.py
[2022-11-07T23:36:17.676-0300] {logging_mixin.py:117} INFO - [2022-11-07T23:36:17.676-0300] {dag.py:2573} INFO - Sync 1 DAGs
[2022-11-07T23:36:17.692-0300] {logging_mixin.py:117} INFO - [2022-11-07T23:36:17.692-0300] {dag.py:3324} INFO - Setting next_dagrun for example_task_group to 2022-11-07T02:36:17.692375+00:00, run_after=2022-11-08T02:36:17.692375+00:00
[2022-11-07T23:36:17.715-0300] {processor.py:178} INFO - Processing /home/renato/Documentos/datapipeline/.env/lib/python3.10/site-packages/airflow/example_dags/example_task_group.py took 0.088 seconds
[2022-11-07T23:36:56.888-0300] {processor.py:156} INFO - Started process (PID=966649) to work on /home/renato/Documentos/datapipeline/.env/lib/python3.10/site-packages/airflow/example_dags/example_task_group.py
[2022-11-07T23:36:56.890-0300] {processor.py:758} INFO - Processing file /home/renato/Documentos/datapipeline/.env/lib/python3.10/site-packages/airflow/example_dags/example_task_group.py for tasks to queue
[2022-11-07T23:36:56.891-0300] {logging_mixin.py:117} INFO - [2022-11-07T23:36:56.891-0300] {dagbag.py:525} INFO - Filling up the DagBag from /home/renato/Documentos/datapipeline/.env/lib/python3.10/site-packages/airflow/example_dags/example_task_group.py
[2022-11-07T23:36:56.907-0300] {processor.py:768} INFO - DAG(s) dict_keys(['example_task_group']) retrieved from /home/renato/Documentos/datapipeline/.env/lib/python3.10/site-packages/airflow/example_dags/example_task_group.py
[2022-11-07T23:36:56.929-0300] {logging_mixin.py:117} INFO - [2022-11-07T23:36:56.929-0300] {dag.py:2573} INFO - Sync 1 DAGs
[2022-11-07T23:36:56.947-0300] {logging_mixin.py:117} INFO - [2022-11-07T23:36:56.947-0300] {dag.py:3324} INFO - Setting next_dagrun for example_task_group to 2022-11-07T02:36:56.946980+00:00, run_after=2022-11-08T02:36:56.946980+00:00
[2022-11-07T23:36:56.970-0300] {processor.py:178} INFO - Processing /home/renato/Documentos/datapipeline/.env/lib/python3.10/site-packages/airflow/example_dags/example_task_group.py took 0.086 seconds
[2022-11-07T23:37:32.137-0300] {processor.py:156} INFO - Started process (PID=966849) to work on /home/renato/Documentos/datapipeline/.env/lib/python3.10/site-packages/airflow/example_dags/example_task_group.py
[2022-11-07T23:37:32.142-0300] {processor.py:758} INFO - Processing file /home/renato/Documentos/datapipeline/.env/lib/python3.10/site-packages/airflow/example_dags/example_task_group.py for tasks to queue
[2022-11-07T23:37:32.144-0300] {logging_mixin.py:117} INFO - [2022-11-07T23:37:32.143-0300] {dagbag.py:525} INFO - Filling up the DagBag from /home/renato/Documentos/datapipeline/.env/lib/python3.10/site-packages/airflow/example_dags/example_task_group.py
[2022-11-07T23:37:32.170-0300] {processor.py:768} INFO - DAG(s) dict_keys(['example_task_group']) retrieved from /home/renato/Documentos/datapipeline/.env/lib/python3.10/site-packages/airflow/example_dags/example_task_group.py
[2022-11-07T23:37:32.193-0300] {logging_mixin.py:117} INFO - [2022-11-07T23:37:32.193-0300] {dag.py:2573} INFO - Sync 1 DAGs
[2022-11-07T23:37:32.211-0300] {logging_mixin.py:117} INFO - [2022-11-07T23:37:32.211-0300] {dag.py:3324} INFO - Setting next_dagrun for example_task_group to 2022-11-07T02:37:32.210805+00:00, run_after=2022-11-08T02:37:32.210805+00:00
[2022-11-07T23:37:32.237-0300] {processor.py:178} INFO - Processing /home/renato/Documentos/datapipeline/.env/lib/python3.10/site-packages/airflow/example_dags/example_task_group.py took 0.110 seconds
[2022-11-07T23:38:07.606-0300] {processor.py:156} INFO - Started process (PID=966920) to work on /home/renato/Documentos/datapipeline/.env/lib/python3.10/site-packages/airflow/example_dags/example_task_group.py
[2022-11-07T23:38:07.608-0300] {processor.py:758} INFO - Processing file /home/renato/Documentos/datapipeline/.env/lib/python3.10/site-packages/airflow/example_dags/example_task_group.py for tasks to queue
[2022-11-07T23:38:07.609-0300] {logging_mixin.py:117} INFO - [2022-11-07T23:38:07.609-0300] {dagbag.py:525} INFO - Filling up the DagBag from /home/renato/Documentos/datapipeline/.env/lib/python3.10/site-packages/airflow/example_dags/example_task_group.py
[2022-11-07T23:38:07.629-0300] {processor.py:768} INFO - DAG(s) dict_keys(['example_task_group']) retrieved from /home/renato/Documentos/datapipeline/.env/lib/python3.10/site-packages/airflow/example_dags/example_task_group.py
[2022-11-07T23:38:07.652-0300] {logging_mixin.py:117} INFO - [2022-11-07T23:38:07.652-0300] {dag.py:2573} INFO - Sync 1 DAGs
[2022-11-07T23:38:07.669-0300] {logging_mixin.py:117} INFO - [2022-11-07T23:38:07.669-0300] {dag.py:3324} INFO - Setting next_dagrun for example_task_group to 2022-11-07T02:38:07.669413+00:00, run_after=2022-11-08T02:38:07.669413+00:00
[2022-11-07T23:38:07.693-0300] {processor.py:178} INFO - Processing /home/renato/Documentos/datapipeline/.env/lib/python3.10/site-packages/airflow/example_dags/example_task_group.py took 0.091 seconds
[2022-11-07T23:38:48.943-0300] {processor.py:156} INFO - Started process (PID=966999) to work on /home/renato/Documentos/datapipeline/.env/lib/python3.10/site-packages/airflow/example_dags/example_task_group.py
[2022-11-07T23:38:48.948-0300] {processor.py:758} INFO - Processing file /home/renato/Documentos/datapipeline/.env/lib/python3.10/site-packages/airflow/example_dags/example_task_group.py for tasks to queue
[2022-11-07T23:38:48.948-0300] {logging_mixin.py:117} INFO - [2022-11-07T23:38:48.948-0300] {dagbag.py:525} INFO - Filling up the DagBag from /home/renato/Documentos/datapipeline/.env/lib/python3.10/site-packages/airflow/example_dags/example_task_group.py
[2022-11-07T23:38:48.963-0300] {processor.py:768} INFO - DAG(s) dict_keys(['example_task_group']) retrieved from /home/renato/Documentos/datapipeline/.env/lib/python3.10/site-packages/airflow/example_dags/example_task_group.py
[2022-11-07T23:38:48.987-0300] {logging_mixin.py:117} INFO - [2022-11-07T23:38:48.986-0300] {dag.py:2573} INFO - Sync 1 DAGs
[2022-11-07T23:38:49.011-0300] {logging_mixin.py:117} INFO - [2022-11-07T23:38:49.011-0300] {dag.py:3324} INFO - Setting next_dagrun for example_task_group to 2022-11-07T02:38:49.010859+00:00, run_after=2022-11-08T02:38:49.010859+00:00
[2022-11-07T23:38:49.036-0300] {processor.py:178} INFO - Processing /home/renato/Documentos/datapipeline/.env/lib/python3.10/site-packages/airflow/example_dags/example_task_group.py took 0.095 seconds
[2022-11-07T23:39:32.146-0300] {processor.py:156} INFO - Started process (PID=967101) to work on /home/renato/Documentos/datapipeline/.env/lib/python3.10/site-packages/airflow/example_dags/example_task_group.py
[2022-11-07T23:39:32.148-0300] {processor.py:758} INFO - Processing file /home/renato/Documentos/datapipeline/.env/lib/python3.10/site-packages/airflow/example_dags/example_task_group.py for tasks to queue
[2022-11-07T23:39:32.149-0300] {logging_mixin.py:117} INFO - [2022-11-07T23:39:32.149-0300] {dagbag.py:525} INFO - Filling up the DagBag from /home/renato/Documentos/datapipeline/.env/lib/python3.10/site-packages/airflow/example_dags/example_task_group.py
[2022-11-07T23:39:32.175-0300] {processor.py:768} INFO - DAG(s) dict_keys(['example_task_group']) retrieved from /home/renato/Documentos/datapipeline/.env/lib/python3.10/site-packages/airflow/example_dags/example_task_group.py
[2022-11-07T23:39:32.195-0300] {logging_mixin.py:117} INFO - [2022-11-07T23:39:32.195-0300] {dag.py:2573} INFO - Sync 1 DAGs
[2022-11-07T23:39:32.211-0300] {logging_mixin.py:117} INFO - [2022-11-07T23:39:32.211-0300] {dag.py:3324} INFO - Setting next_dagrun for example_task_group to 2022-11-07T02:39:32.211447+00:00, run_after=2022-11-08T02:39:32.211447+00:00
[2022-11-07T23:39:32.235-0300] {processor.py:178} INFO - Processing /home/renato/Documentos/datapipeline/.env/lib/python3.10/site-packages/airflow/example_dags/example_task_group.py took 0.092 seconds
[2022-11-07T23:40:13.636-0300] {processor.py:156} INFO - Started process (PID=967185) to work on /home/renato/Documentos/datapipeline/.env/lib/python3.10/site-packages/airflow/example_dags/example_task_group.py
[2022-11-07T23:40:13.639-0300] {processor.py:758} INFO - Processing file /home/renato/Documentos/datapipeline/.env/lib/python3.10/site-packages/airflow/example_dags/example_task_group.py for tasks to queue
[2022-11-07T23:40:13.640-0300] {logging_mixin.py:117} INFO - [2022-11-07T23:40:13.640-0300] {dagbag.py:525} INFO - Filling up the DagBag from /home/renato/Documentos/datapipeline/.env/lib/python3.10/site-packages/airflow/example_dags/example_task_group.py
[2022-11-07T23:40:13.674-0300] {processor.py:768} INFO - DAG(s) dict_keys(['example_task_group']) retrieved from /home/renato/Documentos/datapipeline/.env/lib/python3.10/site-packages/airflow/example_dags/example_task_group.py
[2022-11-07T23:40:13.713-0300] {logging_mixin.py:117} INFO - [2022-11-07T23:40:13.713-0300] {dag.py:2573} INFO - Sync 1 DAGs
[2022-11-07T23:40:13.744-0300] {logging_mixin.py:117} INFO - [2022-11-07T23:40:13.744-0300] {dag.py:3324} INFO - Setting next_dagrun for example_task_group to 2022-11-07T02:40:13.743933+00:00, run_after=2022-11-08T02:40:13.743933+00:00
[2022-11-07T23:40:13.767-0300] {processor.py:178} INFO - Processing /home/renato/Documentos/datapipeline/.env/lib/python3.10/site-packages/airflow/example_dags/example_task_group.py took 0.134 seconds
[2022-11-07T23:40:52.393-0300] {processor.py:156} INFO - Started process (PID=967260) to work on /home/renato/Documentos/datapipeline/.env/lib/python3.10/site-packages/airflow/example_dags/example_task_group.py
[2022-11-07T23:40:52.396-0300] {processor.py:758} INFO - Processing file /home/renato/Documentos/datapipeline/.env/lib/python3.10/site-packages/airflow/example_dags/example_task_group.py for tasks to queue
[2022-11-07T23:40:52.397-0300] {logging_mixin.py:117} INFO - [2022-11-07T23:40:52.396-0300] {dagbag.py:525} INFO - Filling up the DagBag from /home/renato/Documentos/datapipeline/.env/lib/python3.10/site-packages/airflow/example_dags/example_task_group.py
[2022-11-07T23:40:52.417-0300] {processor.py:768} INFO - DAG(s) dict_keys(['example_task_group']) retrieved from /home/renato/Documentos/datapipeline/.env/lib/python3.10/site-packages/airflow/example_dags/example_task_group.py
[2022-11-07T23:40:52.439-0300] {logging_mixin.py:117} INFO - [2022-11-07T23:40:52.438-0300] {dag.py:2573} INFO - Sync 1 DAGs
[2022-11-07T23:40:52.456-0300] {logging_mixin.py:117} INFO - [2022-11-07T23:40:52.456-0300] {dag.py:3324} INFO - Setting next_dagrun for example_task_group to 2022-11-07T02:40:52.456104+00:00, run_after=2022-11-08T02:40:52.456104+00:00
[2022-11-07T23:40:52.479-0300] {processor.py:178} INFO - Processing /home/renato/Documentos/datapipeline/.env/lib/python3.10/site-packages/airflow/example_dags/example_task_group.py took 0.091 seconds
[2022-11-07T23:41:25.648-0300] {processor.py:156} INFO - Started process (PID=967324) to work on /home/renato/Documentos/datapipeline/.env/lib/python3.10/site-packages/airflow/example_dags/example_task_group.py
[2022-11-07T23:41:25.650-0300] {processor.py:758} INFO - Processing file /home/renato/Documentos/datapipeline/.env/lib/python3.10/site-packages/airflow/example_dags/example_task_group.py for tasks to queue
[2022-11-07T23:41:25.650-0300] {logging_mixin.py:117} INFO - [2022-11-07T23:41:25.650-0300] {dagbag.py:525} INFO - Filling up the DagBag from /home/renato/Documentos/datapipeline/.env/lib/python3.10/site-packages/airflow/example_dags/example_task_group.py
[2022-11-07T23:41:25.671-0300] {processor.py:768} INFO - DAG(s) dict_keys(['example_task_group']) retrieved from /home/renato/Documentos/datapipeline/.env/lib/python3.10/site-packages/airflow/example_dags/example_task_group.py
[2022-11-07T23:41:25.695-0300] {logging_mixin.py:117} INFO - [2022-11-07T23:41:25.695-0300] {dag.py:2573} INFO - Sync 1 DAGs
[2022-11-07T23:41:25.715-0300] {logging_mixin.py:117} INFO - [2022-11-07T23:41:25.714-0300] {dag.py:3324} INFO - Setting next_dagrun for example_task_group to 2022-11-07T02:41:25.714759+00:00, run_after=2022-11-08T02:41:25.714759+00:00
[2022-11-07T23:41:25.746-0300] {processor.py:178} INFO - Processing /home/renato/Documentos/datapipeline/.env/lib/python3.10/site-packages/airflow/example_dags/example_task_group.py took 0.100 seconds
[2022-11-07T23:42:06.248-0300] {processor.py:156} INFO - Started process (PID=967409) to work on /home/renato/Documentos/datapipeline/.env/lib/python3.10/site-packages/airflow/example_dags/example_task_group.py
[2022-11-07T23:42:06.255-0300] {processor.py:758} INFO - Processing file /home/renato/Documentos/datapipeline/.env/lib/python3.10/site-packages/airflow/example_dags/example_task_group.py for tasks to queue
[2022-11-07T23:42:06.256-0300] {logging_mixin.py:117} INFO - [2022-11-07T23:42:06.255-0300] {dagbag.py:525} INFO - Filling up the DagBag from /home/renato/Documentos/datapipeline/.env/lib/python3.10/site-packages/airflow/example_dags/example_task_group.py
[2022-11-07T23:42:06.280-0300] {processor.py:768} INFO - DAG(s) dict_keys(['example_task_group']) retrieved from /home/renato/Documentos/datapipeline/.env/lib/python3.10/site-packages/airflow/example_dags/example_task_group.py
[2022-11-07T23:42:06.301-0300] {logging_mixin.py:117} INFO - [2022-11-07T23:42:06.301-0300] {dag.py:2573} INFO - Sync 1 DAGs
[2022-11-07T23:42:06.317-0300] {logging_mixin.py:117} INFO - [2022-11-07T23:42:06.317-0300] {dag.py:3324} INFO - Setting next_dagrun for example_task_group to 2022-11-07T02:42:06.317389+00:00, run_after=2022-11-08T02:42:06.317389+00:00
[2022-11-07T23:42:06.340-0300] {processor.py:178} INFO - Processing /home/renato/Documentos/datapipeline/.env/lib/python3.10/site-packages/airflow/example_dags/example_task_group.py took 0.103 seconds
[2022-11-07T23:42:39.956-0300] {processor.py:156} INFO - Started process (PID=967603) to work on /home/renato/Documentos/datapipeline/.env/lib/python3.10/site-packages/airflow/example_dags/example_task_group.py
[2022-11-07T23:42:39.958-0300] {processor.py:758} INFO - Processing file /home/renato/Documentos/datapipeline/.env/lib/python3.10/site-packages/airflow/example_dags/example_task_group.py for tasks to queue
[2022-11-07T23:42:39.960-0300] {logging_mixin.py:117} INFO - [2022-11-07T23:42:39.959-0300] {dagbag.py:525} INFO - Filling up the DagBag from /home/renato/Documentos/datapipeline/.env/lib/python3.10/site-packages/airflow/example_dags/example_task_group.py
[2022-11-07T23:42:39.987-0300] {processor.py:768} INFO - DAG(s) dict_keys(['example_task_group']) retrieved from /home/renato/Documentos/datapipeline/.env/lib/python3.10/site-packages/airflow/example_dags/example_task_group.py
[2022-11-07T23:42:40.023-0300] {logging_mixin.py:117} INFO - [2022-11-07T23:42:40.023-0300] {dag.py:2573} INFO - Sync 1 DAGs
[2022-11-07T23:42:40.045-0300] {logging_mixin.py:117} INFO - [2022-11-07T23:42:40.045-0300] {dag.py:3324} INFO - Setting next_dagrun for example_task_group to 2022-11-07T02:42:40.045284+00:00, run_after=2022-11-08T02:42:40.045284+00:00
[2022-11-07T23:42:40.070-0300] {processor.py:178} INFO - Processing /home/renato/Documentos/datapipeline/.env/lib/python3.10/site-packages/airflow/example_dags/example_task_group.py took 0.119 seconds
[2022-11-07T23:43:16.690-0300] {processor.py:156} INFO - Started process (PID=967675) to work on /home/renato/Documentos/datapipeline/.env/lib/python3.10/site-packages/airflow/example_dags/example_task_group.py
[2022-11-07T23:43:16.693-0300] {processor.py:758} INFO - Processing file /home/renato/Documentos/datapipeline/.env/lib/python3.10/site-packages/airflow/example_dags/example_task_group.py for tasks to queue
[2022-11-07T23:43:16.694-0300] {logging_mixin.py:117} INFO - [2022-11-07T23:43:16.694-0300] {dagbag.py:525} INFO - Filling up the DagBag from /home/renato/Documentos/datapipeline/.env/lib/python3.10/site-packages/airflow/example_dags/example_task_group.py
[2022-11-07T23:43:16.713-0300] {processor.py:768} INFO - DAG(s) dict_keys(['example_task_group']) retrieved from /home/renato/Documentos/datapipeline/.env/lib/python3.10/site-packages/airflow/example_dags/example_task_group.py
[2022-11-07T23:43:16.736-0300] {logging_mixin.py:117} INFO - [2022-11-07T23:43:16.735-0300] {dag.py:2573} INFO - Sync 1 DAGs
[2022-11-07T23:43:16.756-0300] {logging_mixin.py:117} INFO - [2022-11-07T23:43:16.756-0300] {dag.py:3324} INFO - Setting next_dagrun for example_task_group to 2022-11-07T02:43:16.756341+00:00, run_after=2022-11-08T02:43:16.756341+00:00
[2022-11-07T23:43:16.793-0300] {processor.py:178} INFO - Processing /home/renato/Documentos/datapipeline/.env/lib/python3.10/site-packages/airflow/example_dags/example_task_group.py took 0.110 seconds
