[2022-11-07T23:27:19.736-0300] {processor.py:156} INFO - Started process (PID=965359) to work on /home/renato/Documentos/datapipeline/.env/lib/python3.10/site-packages/airflow/example_dags/example_branch_day_of_week_operator.py
[2022-11-07T23:27:19.737-0300] {processor.py:758} INFO - Processing file /home/renato/Documentos/datapipeline/.env/lib/python3.10/site-packages/airflow/example_dags/example_branch_day_of_week_operator.py for tasks to queue
[2022-11-07T23:27:19.737-0300] {logging_mixin.py:117} INFO - [2022-11-07T23:27:19.737-0300] {dagbag.py:525} INFO - Filling up the DagBag from /home/renato/Documentos/datapipeline/.env/lib/python3.10/site-packages/airflow/example_dags/example_branch_day_of_week_operator.py
[2022-11-07T23:27:19.774-0300] {processor.py:768} INFO - DAG(s) dict_keys(['example_weekday_branch_operator']) retrieved from /home/renato/Documentos/datapipeline/.env/lib/python3.10/site-packages/airflow/example_dags/example_branch_day_of_week_operator.py
[2022-11-07T23:27:19.811-0300] {logging_mixin.py:117} INFO - [2022-11-07T23:27:19.810-0300] {dag.py:2573} INFO - Sync 1 DAGs
[2022-11-07T23:27:19.832-0300] {logging_mixin.py:117} INFO - [2022-11-07T23:27:19.832-0300] {dag.py:3324} INFO - Setting next_dagrun for example_weekday_branch_operator to 2022-11-07T00:00:00+00:00, run_after=2022-11-08T00:00:00+00:00
[2022-11-07T23:27:19.873-0300] {processor.py:178} INFO - Processing /home/renato/Documentos/datapipeline/.env/lib/python3.10/site-packages/airflow/example_dags/example_branch_day_of_week_operator.py took 0.140 seconds
[2022-11-07T23:27:58.481-0300] {processor.py:156} INFO - Started process (PID=965444) to work on /home/renato/Documentos/datapipeline/.env/lib/python3.10/site-packages/airflow/example_dags/example_branch_day_of_week_operator.py
[2022-11-07T23:27:58.493-0300] {processor.py:758} INFO - Processing file /home/renato/Documentos/datapipeline/.env/lib/python3.10/site-packages/airflow/example_dags/example_branch_day_of_week_operator.py for tasks to queue
[2022-11-07T23:27:58.495-0300] {logging_mixin.py:117} INFO - [2022-11-07T23:27:58.494-0300] {dagbag.py:525} INFO - Filling up the DagBag from /home/renato/Documentos/datapipeline/.env/lib/python3.10/site-packages/airflow/example_dags/example_branch_day_of_week_operator.py
[2022-11-07T23:27:58.515-0300] {processor.py:768} INFO - DAG(s) dict_keys(['example_weekday_branch_operator']) retrieved from /home/renato/Documentos/datapipeline/.env/lib/python3.10/site-packages/airflow/example_dags/example_branch_day_of_week_operator.py
[2022-11-07T23:27:58.536-0300] {logging_mixin.py:117} INFO - [2022-11-07T23:27:58.536-0300] {dag.py:2573} INFO - Sync 1 DAGs
[2022-11-07T23:27:58.555-0300] {logging_mixin.py:117} INFO - [2022-11-07T23:27:58.555-0300] {dag.py:3324} INFO - Setting next_dagrun for example_weekday_branch_operator to 2022-11-07T00:00:00+00:00, run_after=2022-11-08T00:00:00+00:00
[2022-11-07T23:27:58.588-0300] {processor.py:178} INFO - Processing /home/renato/Documentos/datapipeline/.env/lib/python3.10/site-packages/airflow/example_dags/example_branch_day_of_week_operator.py took 0.113 seconds
[2022-11-07T23:28:37.919-0300] {processor.py:156} INFO - Started process (PID=965524) to work on /home/renato/Documentos/datapipeline/.env/lib/python3.10/site-packages/airflow/example_dags/example_branch_day_of_week_operator.py
[2022-11-07T23:28:37.924-0300] {processor.py:758} INFO - Processing file /home/renato/Documentos/datapipeline/.env/lib/python3.10/site-packages/airflow/example_dags/example_branch_day_of_week_operator.py for tasks to queue
[2022-11-07T23:28:37.926-0300] {logging_mixin.py:117} INFO - [2022-11-07T23:28:37.925-0300] {dagbag.py:525} INFO - Filling up the DagBag from /home/renato/Documentos/datapipeline/.env/lib/python3.10/site-packages/airflow/example_dags/example_branch_day_of_week_operator.py
[2022-11-07T23:28:37.949-0300] {processor.py:768} INFO - DAG(s) dict_keys(['example_weekday_branch_operator']) retrieved from /home/renato/Documentos/datapipeline/.env/lib/python3.10/site-packages/airflow/example_dags/example_branch_day_of_week_operator.py
[2022-11-07T23:28:37.973-0300] {logging_mixin.py:117} INFO - [2022-11-07T23:28:37.973-0300] {dag.py:2573} INFO - Sync 1 DAGs
[2022-11-07T23:28:37.994-0300] {logging_mixin.py:117} INFO - [2022-11-07T23:28:37.994-0300] {dag.py:3324} INFO - Setting next_dagrun for example_weekday_branch_operator to 2022-11-07T00:00:00+00:00, run_after=2022-11-08T00:00:00+00:00
[2022-11-07T23:28:38.017-0300] {processor.py:178} INFO - Processing /home/renato/Documentos/datapipeline/.env/lib/python3.10/site-packages/airflow/example_dags/example_branch_day_of_week_operator.py took 0.103 seconds
[2022-11-07T23:29:16.916-0300] {processor.py:156} INFO - Started process (PID=965604) to work on /home/renato/Documentos/datapipeline/.env/lib/python3.10/site-packages/airflow/example_dags/example_branch_day_of_week_operator.py
[2022-11-07T23:29:16.918-0300] {processor.py:758} INFO - Processing file /home/renato/Documentos/datapipeline/.env/lib/python3.10/site-packages/airflow/example_dags/example_branch_day_of_week_operator.py for tasks to queue
[2022-11-07T23:29:16.919-0300] {logging_mixin.py:117} INFO - [2022-11-07T23:29:16.919-0300] {dagbag.py:525} INFO - Filling up the DagBag from /home/renato/Documentos/datapipeline/.env/lib/python3.10/site-packages/airflow/example_dags/example_branch_day_of_week_operator.py
[2022-11-07T23:29:16.942-0300] {processor.py:768} INFO - DAG(s) dict_keys(['example_weekday_branch_operator']) retrieved from /home/renato/Documentos/datapipeline/.env/lib/python3.10/site-packages/airflow/example_dags/example_branch_day_of_week_operator.py
[2022-11-07T23:29:16.972-0300] {logging_mixin.py:117} INFO - [2022-11-07T23:29:16.972-0300] {dag.py:2573} INFO - Sync 1 DAGs
[2022-11-07T23:29:16.991-0300] {logging_mixin.py:117} INFO - [2022-11-07T23:29:16.991-0300] {dag.py:3324} INFO - Setting next_dagrun for example_weekday_branch_operator to 2022-11-07T00:00:00+00:00, run_after=2022-11-08T00:00:00+00:00
[2022-11-07T23:29:17.014-0300] {processor.py:178} INFO - Processing /home/renato/Documentos/datapipeline/.env/lib/python3.10/site-packages/airflow/example_dags/example_branch_day_of_week_operator.py took 0.103 seconds
[2022-11-07T23:29:53.930-0300] {processor.py:156} INFO - Started process (PID=965678) to work on /home/renato/Documentos/datapipeline/.env/lib/python3.10/site-packages/airflow/example_dags/example_branch_day_of_week_operator.py
[2022-11-07T23:29:53.932-0300] {processor.py:758} INFO - Processing file /home/renato/Documentos/datapipeline/.env/lib/python3.10/site-packages/airflow/example_dags/example_branch_day_of_week_operator.py for tasks to queue
[2022-11-07T23:29:53.933-0300] {logging_mixin.py:117} INFO - [2022-11-07T23:29:53.932-0300] {dagbag.py:525} INFO - Filling up the DagBag from /home/renato/Documentos/datapipeline/.env/lib/python3.10/site-packages/airflow/example_dags/example_branch_day_of_week_operator.py
[2022-11-07T23:29:53.951-0300] {processor.py:768} INFO - DAG(s) dict_keys(['example_weekday_branch_operator']) retrieved from /home/renato/Documentos/datapipeline/.env/lib/python3.10/site-packages/airflow/example_dags/example_branch_day_of_week_operator.py
[2022-11-07T23:29:53.974-0300] {logging_mixin.py:117} INFO - [2022-11-07T23:29:53.974-0300] {dag.py:2573} INFO - Sync 1 DAGs
[2022-11-07T23:29:53.994-0300] {logging_mixin.py:117} INFO - [2022-11-07T23:29:53.994-0300] {dag.py:3324} INFO - Setting next_dagrun for example_weekday_branch_operator to 2022-11-07T00:00:00+00:00, run_after=2022-11-08T00:00:00+00:00
[2022-11-07T23:29:54.024-0300] {processor.py:178} INFO - Processing /home/renato/Documentos/datapipeline/.env/lib/python3.10/site-packages/airflow/example_dags/example_branch_day_of_week_operator.py took 0.099 seconds
[2022-11-07T23:30:33.781-0300] {processor.py:156} INFO - Started process (PID=965758) to work on /home/renato/Documentos/datapipeline/.env/lib/python3.10/site-packages/airflow/example_dags/example_branch_day_of_week_operator.py
[2022-11-07T23:30:33.785-0300] {processor.py:758} INFO - Processing file /home/renato/Documentos/datapipeline/.env/lib/python3.10/site-packages/airflow/example_dags/example_branch_day_of_week_operator.py for tasks to queue
[2022-11-07T23:30:33.786-0300] {logging_mixin.py:117} INFO - [2022-11-07T23:30:33.785-0300] {dagbag.py:525} INFO - Filling up the DagBag from /home/renato/Documentos/datapipeline/.env/lib/python3.10/site-packages/airflow/example_dags/example_branch_day_of_week_operator.py
[2022-11-07T23:30:33.802-0300] {processor.py:768} INFO - DAG(s) dict_keys(['example_weekday_branch_operator']) retrieved from /home/renato/Documentos/datapipeline/.env/lib/python3.10/site-packages/airflow/example_dags/example_branch_day_of_week_operator.py
[2022-11-07T23:30:33.824-0300] {logging_mixin.py:117} INFO - [2022-11-07T23:30:33.824-0300] {dag.py:2573} INFO - Sync 1 DAGs
[2022-11-07T23:30:33.844-0300] {logging_mixin.py:117} INFO - [2022-11-07T23:30:33.844-0300] {dag.py:3324} INFO - Setting next_dagrun for example_weekday_branch_operator to 2022-11-07T00:00:00+00:00, run_after=2022-11-08T00:00:00+00:00
[2022-11-07T23:30:33.870-0300] {processor.py:178} INFO - Processing /home/renato/Documentos/datapipeline/.env/lib/python3.10/site-packages/airflow/example_dags/example_branch_day_of_week_operator.py took 0.092 seconds
[2022-11-07T23:31:11.923-0300] {processor.py:156} INFO - Started process (PID=965832) to work on /home/renato/Documentos/datapipeline/.env/lib/python3.10/site-packages/airflow/example_dags/example_branch_day_of_week_operator.py
[2022-11-07T23:31:11.925-0300] {processor.py:758} INFO - Processing file /home/renato/Documentos/datapipeline/.env/lib/python3.10/site-packages/airflow/example_dags/example_branch_day_of_week_operator.py for tasks to queue
[2022-11-07T23:31:11.926-0300] {logging_mixin.py:117} INFO - [2022-11-07T23:31:11.926-0300] {dagbag.py:525} INFO - Filling up the DagBag from /home/renato/Documentos/datapipeline/.env/lib/python3.10/site-packages/airflow/example_dags/example_branch_day_of_week_operator.py
[2022-11-07T23:31:11.949-0300] {processor.py:768} INFO - DAG(s) dict_keys(['example_weekday_branch_operator']) retrieved from /home/renato/Documentos/datapipeline/.env/lib/python3.10/site-packages/airflow/example_dags/example_branch_day_of_week_operator.py
[2022-11-07T23:31:11.980-0300] {logging_mixin.py:117} INFO - [2022-11-07T23:31:11.979-0300] {dag.py:2573} INFO - Sync 1 DAGs
[2022-11-07T23:31:12.001-0300] {logging_mixin.py:117} INFO - [2022-11-07T23:31:12.000-0300] {dag.py:3324} INFO - Setting next_dagrun for example_weekday_branch_operator to 2022-11-07T00:00:00+00:00, run_after=2022-11-08T00:00:00+00:00
[2022-11-07T23:31:12.023-0300] {processor.py:178} INFO - Processing /home/renato/Documentos/datapipeline/.env/lib/python3.10/site-packages/airflow/example_dags/example_branch_day_of_week_operator.py took 0.103 seconds
[2022-11-07T23:31:50.013-0300] {processor.py:156} INFO - Started process (PID=965907) to work on /home/renato/Documentos/datapipeline/.env/lib/python3.10/site-packages/airflow/example_dags/example_branch_day_of_week_operator.py
[2022-11-07T23:31:50.015-0300] {processor.py:758} INFO - Processing file /home/renato/Documentos/datapipeline/.env/lib/python3.10/site-packages/airflow/example_dags/example_branch_day_of_week_operator.py for tasks to queue
[2022-11-07T23:31:50.016-0300] {logging_mixin.py:117} INFO - [2022-11-07T23:31:50.016-0300] {dagbag.py:525} INFO - Filling up the DagBag from /home/renato/Documentos/datapipeline/.env/lib/python3.10/site-packages/airflow/example_dags/example_branch_day_of_week_operator.py
[2022-11-07T23:31:50.033-0300] {processor.py:768} INFO - DAG(s) dict_keys(['example_weekday_branch_operator']) retrieved from /home/renato/Documentos/datapipeline/.env/lib/python3.10/site-packages/airflow/example_dags/example_branch_day_of_week_operator.py
[2022-11-07T23:31:50.053-0300] {logging_mixin.py:117} INFO - [2022-11-07T23:31:50.053-0300] {dag.py:2573} INFO - Sync 1 DAGs
[2022-11-07T23:31:50.072-0300] {logging_mixin.py:117} INFO - [2022-11-07T23:31:50.071-0300] {dag.py:3324} INFO - Setting next_dagrun for example_weekday_branch_operator to 2022-11-07T00:00:00+00:00, run_after=2022-11-08T00:00:00+00:00
[2022-11-07T23:31:50.098-0300] {processor.py:178} INFO - Processing /home/renato/Documentos/datapipeline/.env/lib/python3.10/site-packages/airflow/example_dags/example_branch_day_of_week_operator.py took 0.088 seconds
[2022-11-07T23:32:28.440-0300] {processor.py:156} INFO - Started process (PID=966116) to work on /home/renato/Documentos/datapipeline/.env/lib/python3.10/site-packages/airflow/example_dags/example_branch_day_of_week_operator.py
[2022-11-07T23:32:28.443-0300] {processor.py:758} INFO - Processing file /home/renato/Documentos/datapipeline/.env/lib/python3.10/site-packages/airflow/example_dags/example_branch_day_of_week_operator.py for tasks to queue
[2022-11-07T23:32:28.444-0300] {logging_mixin.py:117} INFO - [2022-11-07T23:32:28.444-0300] {dagbag.py:525} INFO - Filling up the DagBag from /home/renato/Documentos/datapipeline/.env/lib/python3.10/site-packages/airflow/example_dags/example_branch_day_of_week_operator.py
[2022-11-07T23:32:28.470-0300] {processor.py:768} INFO - DAG(s) dict_keys(['example_weekday_branch_operator']) retrieved from /home/renato/Documentos/datapipeline/.env/lib/python3.10/site-packages/airflow/example_dags/example_branch_day_of_week_operator.py
[2022-11-07T23:32:28.495-0300] {logging_mixin.py:117} INFO - [2022-11-07T23:32:28.495-0300] {dag.py:2573} INFO - Sync 1 DAGs
[2022-11-07T23:32:28.514-0300] {logging_mixin.py:117} INFO - [2022-11-07T23:32:28.514-0300] {dag.py:3324} INFO - Setting next_dagrun for example_weekday_branch_operator to 2022-11-07T00:00:00+00:00, run_after=2022-11-08T00:00:00+00:00
[2022-11-07T23:32:28.538-0300] {processor.py:178} INFO - Processing /home/renato/Documentos/datapipeline/.env/lib/python3.10/site-packages/airflow/example_dags/example_branch_day_of_week_operator.py took 0.105 seconds
[2022-11-07T23:33:06.437-0300] {processor.py:156} INFO - Started process (PID=966190) to work on /home/renato/Documentos/datapipeline/.env/lib/python3.10/site-packages/airflow/example_dags/example_branch_day_of_week_operator.py
[2022-11-07T23:33:06.439-0300] {processor.py:758} INFO - Processing file /home/renato/Documentos/datapipeline/.env/lib/python3.10/site-packages/airflow/example_dags/example_branch_day_of_week_operator.py for tasks to queue
[2022-11-07T23:33:06.440-0300] {logging_mixin.py:117} INFO - [2022-11-07T23:33:06.440-0300] {dagbag.py:525} INFO - Filling up the DagBag from /home/renato/Documentos/datapipeline/.env/lib/python3.10/site-packages/airflow/example_dags/example_branch_day_of_week_operator.py
[2022-11-07T23:33:06.460-0300] {processor.py:768} INFO - DAG(s) dict_keys(['example_weekday_branch_operator']) retrieved from /home/renato/Documentos/datapipeline/.env/lib/python3.10/site-packages/airflow/example_dags/example_branch_day_of_week_operator.py
[2022-11-07T23:33:06.482-0300] {logging_mixin.py:117} INFO - [2022-11-07T23:33:06.482-0300] {dag.py:2573} INFO - Sync 1 DAGs
[2022-11-07T23:33:06.500-0300] {logging_mixin.py:117} INFO - [2022-11-07T23:33:06.500-0300] {dag.py:3324} INFO - Setting next_dagrun for example_weekday_branch_operator to 2022-11-07T00:00:00+00:00, run_after=2022-11-08T00:00:00+00:00
[2022-11-07T23:33:06.521-0300] {processor.py:178} INFO - Processing /home/renato/Documentos/datapipeline/.env/lib/python3.10/site-packages/airflow/example_dags/example_branch_day_of_week_operator.py took 0.092 seconds
[2022-11-07T23:33:46.859-0300] {processor.py:156} INFO - Started process (PID=966270) to work on /home/renato/Documentos/datapipeline/.env/lib/python3.10/site-packages/airflow/example_dags/example_branch_day_of_week_operator.py
[2022-11-07T23:33:46.861-0300] {processor.py:758} INFO - Processing file /home/renato/Documentos/datapipeline/.env/lib/python3.10/site-packages/airflow/example_dags/example_branch_day_of_week_operator.py for tasks to queue
[2022-11-07T23:33:46.862-0300] {logging_mixin.py:117} INFO - [2022-11-07T23:33:46.862-0300] {dagbag.py:525} INFO - Filling up the DagBag from /home/renato/Documentos/datapipeline/.env/lib/python3.10/site-packages/airflow/example_dags/example_branch_day_of_week_operator.py
[2022-11-07T23:33:46.881-0300] {processor.py:768} INFO - DAG(s) dict_keys(['example_weekday_branch_operator']) retrieved from /home/renato/Documentos/datapipeline/.env/lib/python3.10/site-packages/airflow/example_dags/example_branch_day_of_week_operator.py
[2022-11-07T23:33:46.902-0300] {logging_mixin.py:117} INFO - [2022-11-07T23:33:46.902-0300] {dag.py:2573} INFO - Sync 1 DAGs
[2022-11-07T23:33:46.921-0300] {logging_mixin.py:117} INFO - [2022-11-07T23:33:46.921-0300] {dag.py:3324} INFO - Setting next_dagrun for example_weekday_branch_operator to 2022-11-07T00:00:00+00:00, run_after=2022-11-08T00:00:00+00:00
[2022-11-07T23:33:46.944-0300] {processor.py:178} INFO - Processing /home/renato/Documentos/datapipeline/.env/lib/python3.10/site-packages/airflow/example_dags/example_branch_day_of_week_operator.py took 0.089 seconds
[2022-11-07T23:34:25.710-0300] {processor.py:156} INFO - Started process (PID=966349) to work on /home/renato/Documentos/datapipeline/.env/lib/python3.10/site-packages/airflow/example_dags/example_branch_day_of_week_operator.py
[2022-11-07T23:34:25.713-0300] {processor.py:758} INFO - Processing file /home/renato/Documentos/datapipeline/.env/lib/python3.10/site-packages/airflow/example_dags/example_branch_day_of_week_operator.py for tasks to queue
[2022-11-07T23:34:25.714-0300] {logging_mixin.py:117} INFO - [2022-11-07T23:34:25.713-0300] {dagbag.py:525} INFO - Filling up the DagBag from /home/renato/Documentos/datapipeline/.env/lib/python3.10/site-packages/airflow/example_dags/example_branch_day_of_week_operator.py
[2022-11-07T23:34:25.730-0300] {processor.py:768} INFO - DAG(s) dict_keys(['example_weekday_branch_operator']) retrieved from /home/renato/Documentos/datapipeline/.env/lib/python3.10/site-packages/airflow/example_dags/example_branch_day_of_week_operator.py
[2022-11-07T23:34:25.755-0300] {logging_mixin.py:117} INFO - [2022-11-07T23:34:25.755-0300] {dag.py:2573} INFO - Sync 1 DAGs
[2022-11-07T23:34:25.778-0300] {logging_mixin.py:117} INFO - [2022-11-07T23:34:25.778-0300] {dag.py:3324} INFO - Setting next_dagrun for example_weekday_branch_operator to 2022-11-07T00:00:00+00:00, run_after=2022-11-08T00:00:00+00:00
[2022-11-07T23:34:25.804-0300] {processor.py:178} INFO - Processing /home/renato/Documentos/datapipeline/.env/lib/python3.10/site-packages/airflow/example_dags/example_branch_day_of_week_operator.py took 0.097 seconds
[2022-11-07T23:35:04.286-0300] {processor.py:156} INFO - Started process (PID=966425) to work on /home/renato/Documentos/datapipeline/.env/lib/python3.10/site-packages/airflow/example_dags/example_branch_day_of_week_operator.py
[2022-11-07T23:35:04.288-0300] {processor.py:758} INFO - Processing file /home/renato/Documentos/datapipeline/.env/lib/python3.10/site-packages/airflow/example_dags/example_branch_day_of_week_operator.py for tasks to queue
[2022-11-07T23:35:04.290-0300] {logging_mixin.py:117} INFO - [2022-11-07T23:35:04.289-0300] {dagbag.py:525} INFO - Filling up the DagBag from /home/renato/Documentos/datapipeline/.env/lib/python3.10/site-packages/airflow/example_dags/example_branch_day_of_week_operator.py
[2022-11-07T23:35:04.315-0300] {processor.py:768} INFO - DAG(s) dict_keys(['example_weekday_branch_operator']) retrieved from /home/renato/Documentos/datapipeline/.env/lib/python3.10/site-packages/airflow/example_dags/example_branch_day_of_week_operator.py
[2022-11-07T23:35:04.341-0300] {logging_mixin.py:117} INFO - [2022-11-07T23:35:04.340-0300] {dag.py:2573} INFO - Sync 1 DAGs
[2022-11-07T23:35:04.360-0300] {logging_mixin.py:117} INFO - [2022-11-07T23:35:04.359-0300] {dag.py:3324} INFO - Setting next_dagrun for example_weekday_branch_operator to 2022-11-07T00:00:00+00:00, run_after=2022-11-08T00:00:00+00:00
[2022-11-07T23:35:04.383-0300] {processor.py:178} INFO - Processing /home/renato/Documentos/datapipeline/.env/lib/python3.10/site-packages/airflow/example_dags/example_branch_day_of_week_operator.py took 0.104 seconds
[2022-11-07T23:35:43.017-0300] {processor.py:156} INFO - Started process (PID=966505) to work on /home/renato/Documentos/datapipeline/.env/lib/python3.10/site-packages/airflow/example_dags/example_branch_day_of_week_operator.py
[2022-11-07T23:35:43.020-0300] {processor.py:758} INFO - Processing file /home/renato/Documentos/datapipeline/.env/lib/python3.10/site-packages/airflow/example_dags/example_branch_day_of_week_operator.py for tasks to queue
[2022-11-07T23:35:43.021-0300] {logging_mixin.py:117} INFO - [2022-11-07T23:35:43.021-0300] {dagbag.py:525} INFO - Filling up the DagBag from /home/renato/Documentos/datapipeline/.env/lib/python3.10/site-packages/airflow/example_dags/example_branch_day_of_week_operator.py
[2022-11-07T23:35:43.047-0300] {processor.py:768} INFO - DAG(s) dict_keys(['example_weekday_branch_operator']) retrieved from /home/renato/Documentos/datapipeline/.env/lib/python3.10/site-packages/airflow/example_dags/example_branch_day_of_week_operator.py
[2022-11-07T23:35:43.079-0300] {logging_mixin.py:117} INFO - [2022-11-07T23:35:43.079-0300] {dag.py:2573} INFO - Sync 1 DAGs
[2022-11-07T23:35:43.099-0300] {logging_mixin.py:117} INFO - [2022-11-07T23:35:43.099-0300] {dag.py:3324} INFO - Setting next_dagrun for example_weekday_branch_operator to 2022-11-07T00:00:00+00:00, run_after=2022-11-08T00:00:00+00:00
[2022-11-07T23:35:43.122-0300] {processor.py:178} INFO - Processing /home/renato/Documentos/datapipeline/.env/lib/python3.10/site-packages/airflow/example_dags/example_branch_day_of_week_operator.py took 0.111 seconds
[2022-11-07T23:36:21.858-0300] {processor.py:156} INFO - Started process (PID=966580) to work on /home/renato/Documentos/datapipeline/.env/lib/python3.10/site-packages/airflow/example_dags/example_branch_day_of_week_operator.py
[2022-11-07T23:36:21.861-0300] {processor.py:758} INFO - Processing file /home/renato/Documentos/datapipeline/.env/lib/python3.10/site-packages/airflow/example_dags/example_branch_day_of_week_operator.py for tasks to queue
[2022-11-07T23:36:21.862-0300] {logging_mixin.py:117} INFO - [2022-11-07T23:36:21.862-0300] {dagbag.py:525} INFO - Filling up the DagBag from /home/renato/Documentos/datapipeline/.env/lib/python3.10/site-packages/airflow/example_dags/example_branch_day_of_week_operator.py
[2022-11-07T23:36:21.886-0300] {processor.py:768} INFO - DAG(s) dict_keys(['example_weekday_branch_operator']) retrieved from /home/renato/Documentos/datapipeline/.env/lib/python3.10/site-packages/airflow/example_dags/example_branch_day_of_week_operator.py
[2022-11-07T23:36:21.908-0300] {logging_mixin.py:117} INFO - [2022-11-07T23:36:21.908-0300] {dag.py:2573} INFO - Sync 1 DAGs
[2022-11-07T23:36:21.926-0300] {logging_mixin.py:117} INFO - [2022-11-07T23:36:21.925-0300] {dag.py:3324} INFO - Setting next_dagrun for example_weekday_branch_operator to 2022-11-07T00:00:00+00:00, run_after=2022-11-08T00:00:00+00:00
[2022-11-07T23:36:21.948-0300] {processor.py:178} INFO - Processing /home/renato/Documentos/datapipeline/.env/lib/python3.10/site-packages/airflow/example_dags/example_branch_day_of_week_operator.py took 0.094 seconds
[2022-11-07T23:37:00.890-0300] {processor.py:156} INFO - Started process (PID=966657) to work on /home/renato/Documentos/datapipeline/.env/lib/python3.10/site-packages/airflow/example_dags/example_branch_day_of_week_operator.py
[2022-11-07T23:37:00.893-0300] {processor.py:758} INFO - Processing file /home/renato/Documentos/datapipeline/.env/lib/python3.10/site-packages/airflow/example_dags/example_branch_day_of_week_operator.py for tasks to queue
[2022-11-07T23:37:00.894-0300] {logging_mixin.py:117} INFO - [2022-11-07T23:37:00.894-0300] {dagbag.py:525} INFO - Filling up the DagBag from /home/renato/Documentos/datapipeline/.env/lib/python3.10/site-packages/airflow/example_dags/example_branch_day_of_week_operator.py
[2022-11-07T23:37:00.920-0300] {processor.py:768} INFO - DAG(s) dict_keys(['example_weekday_branch_operator']) retrieved from /home/renato/Documentos/datapipeline/.env/lib/python3.10/site-packages/airflow/example_dags/example_branch_day_of_week_operator.py
[2022-11-07T23:37:00.945-0300] {logging_mixin.py:117} INFO - [2022-11-07T23:37:00.944-0300] {dag.py:2573} INFO - Sync 1 DAGs
[2022-11-07T23:37:00.967-0300] {logging_mixin.py:117} INFO - [2022-11-07T23:37:00.967-0300] {dag.py:3324} INFO - Setting next_dagrun for example_weekday_branch_operator to 2022-11-07T00:00:00+00:00, run_after=2022-11-08T00:00:00+00:00
[2022-11-07T23:37:00.997-0300] {processor.py:178} INFO - Processing /home/renato/Documentos/datapipeline/.env/lib/python3.10/site-packages/airflow/example_dags/example_branch_day_of_week_operator.py took 0.112 seconds
[2022-11-07T23:37:38.119-0300] {processor.py:156} INFO - Started process (PID=966861) to work on /home/renato/Documentos/datapipeline/.env/lib/python3.10/site-packages/airflow/example_dags/example_branch_day_of_week_operator.py
[2022-11-07T23:37:38.125-0300] {processor.py:758} INFO - Processing file /home/renato/Documentos/datapipeline/.env/lib/python3.10/site-packages/airflow/example_dags/example_branch_day_of_week_operator.py for tasks to queue
[2022-11-07T23:37:38.126-0300] {logging_mixin.py:117} INFO - [2022-11-07T23:37:38.126-0300] {dagbag.py:525} INFO - Filling up the DagBag from /home/renato/Documentos/datapipeline/.env/lib/python3.10/site-packages/airflow/example_dags/example_branch_day_of_week_operator.py
[2022-11-07T23:37:38.153-0300] {processor.py:768} INFO - DAG(s) dict_keys(['example_weekday_branch_operator']) retrieved from /home/renato/Documentos/datapipeline/.env/lib/python3.10/site-packages/airflow/example_dags/example_branch_day_of_week_operator.py
[2022-11-07T23:37:38.184-0300] {logging_mixin.py:117} INFO - [2022-11-07T23:37:38.184-0300] {dag.py:2573} INFO - Sync 1 DAGs
[2022-11-07T23:37:38.205-0300] {logging_mixin.py:117} INFO - [2022-11-07T23:37:38.205-0300] {dag.py:3324} INFO - Setting next_dagrun for example_weekday_branch_operator to 2022-11-07T00:00:00+00:00, run_after=2022-11-08T00:00:00+00:00
[2022-11-07T23:37:38.228-0300] {processor.py:178} INFO - Processing /home/renato/Documentos/datapipeline/.env/lib/python3.10/site-packages/airflow/example_dags/example_branch_day_of_week_operator.py took 0.113 seconds
[2022-11-07T23:38:22.918-0300] {processor.py:156} INFO - Started process (PID=966949) to work on /home/renato/Documentos/datapipeline/.env/lib/python3.10/site-packages/airflow/example_dags/example_branch_day_of_week_operator.py
[2022-11-07T23:38:22.921-0300] {processor.py:758} INFO - Processing file /home/renato/Documentos/datapipeline/.env/lib/python3.10/site-packages/airflow/example_dags/example_branch_day_of_week_operator.py for tasks to queue
[2022-11-07T23:38:22.922-0300] {logging_mixin.py:117} INFO - [2022-11-07T23:38:22.922-0300] {dagbag.py:525} INFO - Filling up the DagBag from /home/renato/Documentos/datapipeline/.env/lib/python3.10/site-packages/airflow/example_dags/example_branch_day_of_week_operator.py
[2022-11-07T23:38:22.942-0300] {processor.py:768} INFO - DAG(s) dict_keys(['example_weekday_branch_operator']) retrieved from /home/renato/Documentos/datapipeline/.env/lib/python3.10/site-packages/airflow/example_dags/example_branch_day_of_week_operator.py
[2022-11-07T23:38:22.962-0300] {logging_mixin.py:117} INFO - [2022-11-07T23:38:22.962-0300] {dag.py:2573} INFO - Sync 1 DAGs
[2022-11-07T23:38:22.981-0300] {logging_mixin.py:117} INFO - [2022-11-07T23:38:22.980-0300] {dag.py:3324} INFO - Setting next_dagrun for example_weekday_branch_operator to 2022-11-07T00:00:00+00:00, run_after=2022-11-08T00:00:00+00:00
[2022-11-07T23:38:23.003-0300] {processor.py:178} INFO - Processing /home/renato/Documentos/datapipeline/.env/lib/python3.10/site-packages/airflow/example_dags/example_branch_day_of_week_operator.py took 0.091 seconds
[2022-11-07T23:39:03.373-0300] {processor.py:156} INFO - Started process (PID=967048) to work on /home/renato/Documentos/datapipeline/.env/lib/python3.10/site-packages/airflow/example_dags/example_branch_day_of_week_operator.py
[2022-11-07T23:39:03.376-0300] {processor.py:758} INFO - Processing file /home/renato/Documentos/datapipeline/.env/lib/python3.10/site-packages/airflow/example_dags/example_branch_day_of_week_operator.py for tasks to queue
[2022-11-07T23:39:03.377-0300] {logging_mixin.py:117} INFO - [2022-11-07T23:39:03.376-0300] {dagbag.py:525} INFO - Filling up the DagBag from /home/renato/Documentos/datapipeline/.env/lib/python3.10/site-packages/airflow/example_dags/example_branch_day_of_week_operator.py
[2022-11-07T23:39:03.397-0300] {processor.py:768} INFO - DAG(s) dict_keys(['example_weekday_branch_operator']) retrieved from /home/renato/Documentos/datapipeline/.env/lib/python3.10/site-packages/airflow/example_dags/example_branch_day_of_week_operator.py
[2022-11-07T23:39:03.421-0300] {logging_mixin.py:117} INFO - [2022-11-07T23:39:03.421-0300] {dag.py:2573} INFO - Sync 1 DAGs
[2022-11-07T23:39:03.438-0300] {logging_mixin.py:117} INFO - [2022-11-07T23:39:03.438-0300] {dag.py:3324} INFO - Setting next_dagrun for example_weekday_branch_operator to 2022-11-07T00:00:00+00:00, run_after=2022-11-08T00:00:00+00:00
[2022-11-07T23:39:03.460-0300] {processor.py:178} INFO - Processing /home/renato/Documentos/datapipeline/.env/lib/python3.10/site-packages/airflow/example_dags/example_branch_day_of_week_operator.py took 0.094 seconds
[2022-11-07T23:39:54.771-0300] {processor.py:156} INFO - Started process (PID=967143) to work on /home/renato/Documentos/datapipeline/.env/lib/python3.10/site-packages/airflow/example_dags/example_branch_day_of_week_operator.py
[2022-11-07T23:39:54.777-0300] {processor.py:758} INFO - Processing file /home/renato/Documentos/datapipeline/.env/lib/python3.10/site-packages/airflow/example_dags/example_branch_day_of_week_operator.py for tasks to queue
[2022-11-07T23:39:54.778-0300] {logging_mixin.py:117} INFO - [2022-11-07T23:39:54.778-0300] {dagbag.py:525} INFO - Filling up the DagBag from /home/renato/Documentos/datapipeline/.env/lib/python3.10/site-packages/airflow/example_dags/example_branch_day_of_week_operator.py
[2022-11-07T23:39:54.804-0300] {processor.py:768} INFO - DAG(s) dict_keys(['example_weekday_branch_operator']) retrieved from /home/renato/Documentos/datapipeline/.env/lib/python3.10/site-packages/airflow/example_dags/example_branch_day_of_week_operator.py
[2022-11-07T23:39:54.833-0300] {logging_mixin.py:117} INFO - [2022-11-07T23:39:54.833-0300] {dag.py:2573} INFO - Sync 1 DAGs
[2022-11-07T23:39:54.858-0300] {logging_mixin.py:117} INFO - [2022-11-07T23:39:54.858-0300] {dag.py:3324} INFO - Setting next_dagrun for example_weekday_branch_operator to 2022-11-07T00:00:00+00:00, run_after=2022-11-08T00:00:00+00:00
[2022-11-07T23:39:54.895-0300] {processor.py:178} INFO - Processing /home/renato/Documentos/datapipeline/.env/lib/python3.10/site-packages/airflow/example_dags/example_branch_day_of_week_operator.py took 0.127 seconds
[2022-11-07T23:40:33.096-0300] {processor.py:156} INFO - Started process (PID=967223) to work on /home/renato/Documentos/datapipeline/.env/lib/python3.10/site-packages/airflow/example_dags/example_branch_day_of_week_operator.py
[2022-11-07T23:40:33.102-0300] {processor.py:758} INFO - Processing file /home/renato/Documentos/datapipeline/.env/lib/python3.10/site-packages/airflow/example_dags/example_branch_day_of_week_operator.py for tasks to queue
[2022-11-07T23:40:33.103-0300] {logging_mixin.py:117} INFO - [2022-11-07T23:40:33.103-0300] {dagbag.py:525} INFO - Filling up the DagBag from /home/renato/Documentos/datapipeline/.env/lib/python3.10/site-packages/airflow/example_dags/example_branch_day_of_week_operator.py
[2022-11-07T23:40:33.121-0300] {processor.py:768} INFO - DAG(s) dict_keys(['example_weekday_branch_operator']) retrieved from /home/renato/Documentos/datapipeline/.env/lib/python3.10/site-packages/airflow/example_dags/example_branch_day_of_week_operator.py
[2022-11-07T23:40:33.144-0300] {logging_mixin.py:117} INFO - [2022-11-07T23:40:33.144-0300] {dag.py:2573} INFO - Sync 1 DAGs
[2022-11-07T23:40:33.167-0300] {logging_mixin.py:117} INFO - [2022-11-07T23:40:33.166-0300] {dag.py:3324} INFO - Setting next_dagrun for example_weekday_branch_operator to 2022-11-07T00:00:00+00:00, run_after=2022-11-08T00:00:00+00:00
[2022-11-07T23:40:33.198-0300] {processor.py:178} INFO - Processing /home/renato/Documentos/datapipeline/.env/lib/python3.10/site-packages/airflow/example_dags/example_branch_day_of_week_operator.py took 0.106 seconds
[2022-11-07T23:41:14.155-0300] {processor.py:156} INFO - Started process (PID=967301) to work on /home/renato/Documentos/datapipeline/.env/lib/python3.10/site-packages/airflow/example_dags/example_branch_day_of_week_operator.py
[2022-11-07T23:41:14.161-0300] {processor.py:758} INFO - Processing file /home/renato/Documentos/datapipeline/.env/lib/python3.10/site-packages/airflow/example_dags/example_branch_day_of_week_operator.py for tasks to queue
[2022-11-07T23:41:14.162-0300] {logging_mixin.py:117} INFO - [2022-11-07T23:41:14.162-0300] {dagbag.py:525} INFO - Filling up the DagBag from /home/renato/Documentos/datapipeline/.env/lib/python3.10/site-packages/airflow/example_dags/example_branch_day_of_week_operator.py
[2022-11-07T23:41:14.199-0300] {processor.py:768} INFO - DAG(s) dict_keys(['example_weekday_branch_operator']) retrieved from /home/renato/Documentos/datapipeline/.env/lib/python3.10/site-packages/airflow/example_dags/example_branch_day_of_week_operator.py
[2022-11-07T23:41:14.221-0300] {logging_mixin.py:117} INFO - [2022-11-07T23:41:14.221-0300] {dag.py:2573} INFO - Sync 1 DAGs
[2022-11-07T23:41:14.241-0300] {logging_mixin.py:117} INFO - [2022-11-07T23:41:14.241-0300] {dag.py:3324} INFO - Setting next_dagrun for example_weekday_branch_operator to 2022-11-07T00:00:00+00:00, run_after=2022-11-08T00:00:00+00:00
[2022-11-07T23:41:14.264-0300] {processor.py:178} INFO - Processing /home/renato/Documentos/datapipeline/.env/lib/python3.10/site-packages/airflow/example_dags/example_branch_day_of_week_operator.py took 0.115 seconds
[2022-11-07T23:41:53.423-0300] {processor.py:156} INFO - Started process (PID=967385) to work on /home/renato/Documentos/datapipeline/.env/lib/python3.10/site-packages/airflow/example_dags/example_branch_day_of_week_operator.py
[2022-11-07T23:41:53.427-0300] {processor.py:758} INFO - Processing file /home/renato/Documentos/datapipeline/.env/lib/python3.10/site-packages/airflow/example_dags/example_branch_day_of_week_operator.py for tasks to queue
[2022-11-07T23:41:53.428-0300] {logging_mixin.py:117} INFO - [2022-11-07T23:41:53.428-0300] {dagbag.py:525} INFO - Filling up the DagBag from /home/renato/Documentos/datapipeline/.env/lib/python3.10/site-packages/airflow/example_dags/example_branch_day_of_week_operator.py
[2022-11-07T23:41:53.453-0300] {processor.py:768} INFO - DAG(s) dict_keys(['example_weekday_branch_operator']) retrieved from /home/renato/Documentos/datapipeline/.env/lib/python3.10/site-packages/airflow/example_dags/example_branch_day_of_week_operator.py
[2022-11-07T23:41:53.477-0300] {logging_mixin.py:117} INFO - [2022-11-07T23:41:53.477-0300] {dag.py:2573} INFO - Sync 1 DAGs
[2022-11-07T23:41:53.497-0300] {logging_mixin.py:117} INFO - [2022-11-07T23:41:53.497-0300] {dag.py:3324} INFO - Setting next_dagrun for example_weekday_branch_operator to 2022-11-07T00:00:00+00:00, run_after=2022-11-08T00:00:00+00:00
[2022-11-07T23:41:53.520-0300] {processor.py:178} INFO - Processing /home/renato/Documentos/datapipeline/.env/lib/python3.10/site-packages/airflow/example_dags/example_branch_day_of_week_operator.py took 0.105 seconds
[2022-11-07T23:42:35.875-0300] {processor.py:156} INFO - Started process (PID=967595) to work on /home/renato/Documentos/datapipeline/.env/lib/python3.10/site-packages/airflow/example_dags/example_branch_day_of_week_operator.py
[2022-11-07T23:42:35.877-0300] {processor.py:758} INFO - Processing file /home/renato/Documentos/datapipeline/.env/lib/python3.10/site-packages/airflow/example_dags/example_branch_day_of_week_operator.py for tasks to queue
[2022-11-07T23:42:35.879-0300] {logging_mixin.py:117} INFO - [2022-11-07T23:42:35.879-0300] {dagbag.py:525} INFO - Filling up the DagBag from /home/renato/Documentos/datapipeline/.env/lib/python3.10/site-packages/airflow/example_dags/example_branch_day_of_week_operator.py
[2022-11-07T23:42:35.907-0300] {processor.py:768} INFO - DAG(s) dict_keys(['example_weekday_branch_operator']) retrieved from /home/renato/Documentos/datapipeline/.env/lib/python3.10/site-packages/airflow/example_dags/example_branch_day_of_week_operator.py
[2022-11-07T23:42:35.938-0300] {logging_mixin.py:117} INFO - [2022-11-07T23:42:35.937-0300] {dag.py:2573} INFO - Sync 1 DAGs
[2022-11-07T23:42:35.959-0300] {logging_mixin.py:117} INFO - [2022-11-07T23:42:35.959-0300] {dag.py:3324} INFO - Setting next_dagrun for example_weekday_branch_operator to 2022-11-07T00:00:00+00:00, run_after=2022-11-08T00:00:00+00:00
[2022-11-07T23:42:35.983-0300] {processor.py:178} INFO - Processing /home/renato/Documentos/datapipeline/.env/lib/python3.10/site-packages/airflow/example_dags/example_branch_day_of_week_operator.py took 0.115 seconds
[2022-11-07T23:43:14.917-0300] {processor.py:156} INFO - Started process (PID=967671) to work on /home/renato/Documentos/datapipeline/.env/lib/python3.10/site-packages/airflow/example_dags/example_branch_day_of_week_operator.py
[2022-11-07T23:43:14.920-0300] {processor.py:758} INFO - Processing file /home/renato/Documentos/datapipeline/.env/lib/python3.10/site-packages/airflow/example_dags/example_branch_day_of_week_operator.py for tasks to queue
[2022-11-07T23:43:14.921-0300] {logging_mixin.py:117} INFO - [2022-11-07T23:43:14.921-0300] {dagbag.py:525} INFO - Filling up the DagBag from /home/renato/Documentos/datapipeline/.env/lib/python3.10/site-packages/airflow/example_dags/example_branch_day_of_week_operator.py
[2022-11-07T23:43:14.941-0300] {processor.py:768} INFO - DAG(s) dict_keys(['example_weekday_branch_operator']) retrieved from /home/renato/Documentos/datapipeline/.env/lib/python3.10/site-packages/airflow/example_dags/example_branch_day_of_week_operator.py
[2022-11-07T23:43:14.966-0300] {logging_mixin.py:117} INFO - [2022-11-07T23:43:14.966-0300] {dag.py:2573} INFO - Sync 1 DAGs
[2022-11-07T23:43:14.986-0300] {logging_mixin.py:117} INFO - [2022-11-07T23:43:14.985-0300] {dag.py:3324} INFO - Setting next_dagrun for example_weekday_branch_operator to 2022-11-07T00:00:00+00:00, run_after=2022-11-08T00:00:00+00:00
[2022-11-07T23:43:15.009-0300] {processor.py:178} INFO - Processing /home/renato/Documentos/datapipeline/.env/lib/python3.10/site-packages/airflow/example_dags/example_branch_day_of_week_operator.py took 0.100 seconds
