[2022-11-07T23:27:22.494-0300] {processor.py:156} INFO - Started process (PID=965365) to work on /home/renato/Documentos/datapipeline/.env/lib/python3.10/site-packages/airflow/example_dags/example_latest_only_with_trigger.py
[2022-11-07T23:27:22.496-0300] {processor.py:758} INFO - Processing file /home/renato/Documentos/datapipeline/.env/lib/python3.10/site-packages/airflow/example_dags/example_latest_only_with_trigger.py for tasks to queue
[2022-11-07T23:27:22.497-0300] {logging_mixin.py:117} INFO - [2022-11-07T23:27:22.497-0300] {dagbag.py:525} INFO - Filling up the DagBag from /home/renato/Documentos/datapipeline/.env/lib/python3.10/site-packages/airflow/example_dags/example_latest_only_with_trigger.py
[2022-11-07T23:27:22.511-0300] {processor.py:768} INFO - DAG(s) dict_keys(['latest_only_with_trigger']) retrieved from /home/renato/Documentos/datapipeline/.env/lib/python3.10/site-packages/airflow/example_dags/example_latest_only_with_trigger.py
[2022-11-07T23:27:22.544-0300] {logging_mixin.py:117} INFO - [2022-11-07T23:27:22.544-0300] {dag.py:2573} INFO - Sync 1 DAGs
[2022-11-07T23:27:22.570-0300] {logging_mixin.py:117} INFO - [2022-11-07T23:27:22.569-0300] {dag.py:3324} INFO - Setting next_dagrun for latest_only_with_trigger to 2022-11-07T22:27:22.569726+00:00, run_after=2022-11-08T02:27:22.569726+00:00
[2022-11-07T23:27:22.614-0300] {processor.py:178} INFO - Processing /home/renato/Documentos/datapipeline/.env/lib/python3.10/site-packages/airflow/example_dags/example_latest_only_with_trigger.py took 0.124 seconds
[2022-11-07T23:28:01.677-0300] {processor.py:156} INFO - Started process (PID=965451) to work on /home/renato/Documentos/datapipeline/.env/lib/python3.10/site-packages/airflow/example_dags/example_latest_only_with_trigger.py
[2022-11-07T23:28:01.698-0300] {processor.py:758} INFO - Processing file /home/renato/Documentos/datapipeline/.env/lib/python3.10/site-packages/airflow/example_dags/example_latest_only_with_trigger.py for tasks to queue
[2022-11-07T23:28:01.699-0300] {logging_mixin.py:117} INFO - [2022-11-07T23:28:01.699-0300] {dagbag.py:525} INFO - Filling up the DagBag from /home/renato/Documentos/datapipeline/.env/lib/python3.10/site-packages/airflow/example_dags/example_latest_only_with_trigger.py
[2022-11-07T23:28:01.725-0300] {processor.py:768} INFO - DAG(s) dict_keys(['latest_only_with_trigger']) retrieved from /home/renato/Documentos/datapipeline/.env/lib/python3.10/site-packages/airflow/example_dags/example_latest_only_with_trigger.py
[2022-11-07T23:28:01.751-0300] {logging_mixin.py:117} INFO - [2022-11-07T23:28:01.751-0300] {dag.py:2573} INFO - Sync 1 DAGs
[2022-11-07T23:28:01.772-0300] {logging_mixin.py:117} INFO - [2022-11-07T23:28:01.772-0300] {dag.py:3324} INFO - Setting next_dagrun for latest_only_with_trigger to 2022-11-07T22:28:01.772309+00:00, run_after=2022-11-08T02:28:01.772309+00:00
[2022-11-07T23:28:02.351-0300] {processor.py:178} INFO - Processing /home/renato/Documentos/datapipeline/.env/lib/python3.10/site-packages/airflow/example_dags/example_latest_only_with_trigger.py took 0.680 seconds
[2022-11-07T23:28:40.949-0300] {processor.py:156} INFO - Started process (PID=965530) to work on /home/renato/Documentos/datapipeline/.env/lib/python3.10/site-packages/airflow/example_dags/example_latest_only_with_trigger.py
[2022-11-07T23:28:40.951-0300] {processor.py:758} INFO - Processing file /home/renato/Documentos/datapipeline/.env/lib/python3.10/site-packages/airflow/example_dags/example_latest_only_with_trigger.py for tasks to queue
[2022-11-07T23:28:40.953-0300] {logging_mixin.py:117} INFO - [2022-11-07T23:28:40.952-0300] {dagbag.py:525} INFO - Filling up the DagBag from /home/renato/Documentos/datapipeline/.env/lib/python3.10/site-packages/airflow/example_dags/example_latest_only_with_trigger.py
[2022-11-07T23:28:40.974-0300] {processor.py:768} INFO - DAG(s) dict_keys(['latest_only_with_trigger']) retrieved from /home/renato/Documentos/datapipeline/.env/lib/python3.10/site-packages/airflow/example_dags/example_latest_only_with_trigger.py
[2022-11-07T23:28:41.002-0300] {logging_mixin.py:117} INFO - [2022-11-07T23:28:41.001-0300] {dag.py:2573} INFO - Sync 1 DAGs
[2022-11-07T23:28:41.019-0300] {logging_mixin.py:117} INFO - [2022-11-07T23:28:41.019-0300] {dag.py:3324} INFO - Setting next_dagrun for latest_only_with_trigger to 2022-11-07T22:28:41.019192+00:00, run_after=2022-11-08T02:28:41.019192+00:00
[2022-11-07T23:28:41.043-0300] {processor.py:178} INFO - Processing /home/renato/Documentos/datapipeline/.env/lib/python3.10/site-packages/airflow/example_dags/example_latest_only_with_trigger.py took 0.099 seconds
[2022-11-07T23:29:19.901-0300] {processor.py:156} INFO - Started process (PID=965610) to work on /home/renato/Documentos/datapipeline/.env/lib/python3.10/site-packages/airflow/example_dags/example_latest_only_with_trigger.py
[2022-11-07T23:29:19.909-0300] {processor.py:758} INFO - Processing file /home/renato/Documentos/datapipeline/.env/lib/python3.10/site-packages/airflow/example_dags/example_latest_only_with_trigger.py for tasks to queue
[2022-11-07T23:29:19.910-0300] {logging_mixin.py:117} INFO - [2022-11-07T23:29:19.909-0300] {dagbag.py:525} INFO - Filling up the DagBag from /home/renato/Documentos/datapipeline/.env/lib/python3.10/site-packages/airflow/example_dags/example_latest_only_with_trigger.py
[2022-11-07T23:29:19.924-0300] {processor.py:768} INFO - DAG(s) dict_keys(['latest_only_with_trigger']) retrieved from /home/renato/Documentos/datapipeline/.env/lib/python3.10/site-packages/airflow/example_dags/example_latest_only_with_trigger.py
[2022-11-07T23:29:19.945-0300] {logging_mixin.py:117} INFO - [2022-11-07T23:29:19.945-0300] {dag.py:2573} INFO - Sync 1 DAGs
[2022-11-07T23:29:19.966-0300] {logging_mixin.py:117} INFO - [2022-11-07T23:29:19.966-0300] {dag.py:3324} INFO - Setting next_dagrun for latest_only_with_trigger to 2022-11-07T22:29:19.965783+00:00, run_after=2022-11-08T02:29:19.965783+00:00
[2022-11-07T23:29:20.001-0300] {processor.py:178} INFO - Processing /home/renato/Documentos/datapipeline/.env/lib/python3.10/site-packages/airflow/example_dags/example_latest_only_with_trigger.py took 0.113 seconds
[2022-11-07T23:29:58.360-0300] {processor.py:156} INFO - Started process (PID=965686) to work on /home/renato/Documentos/datapipeline/.env/lib/python3.10/site-packages/airflow/example_dags/example_latest_only_with_trigger.py
[2022-11-07T23:29:58.362-0300] {processor.py:758} INFO - Processing file /home/renato/Documentos/datapipeline/.env/lib/python3.10/site-packages/airflow/example_dags/example_latest_only_with_trigger.py for tasks to queue
[2022-11-07T23:29:58.363-0300] {logging_mixin.py:117} INFO - [2022-11-07T23:29:58.363-0300] {dagbag.py:525} INFO - Filling up the DagBag from /home/renato/Documentos/datapipeline/.env/lib/python3.10/site-packages/airflow/example_dags/example_latest_only_with_trigger.py
[2022-11-07T23:29:58.383-0300] {processor.py:768} INFO - DAG(s) dict_keys(['latest_only_with_trigger']) retrieved from /home/renato/Documentos/datapipeline/.env/lib/python3.10/site-packages/airflow/example_dags/example_latest_only_with_trigger.py
[2022-11-07T23:29:58.410-0300] {logging_mixin.py:117} INFO - [2022-11-07T23:29:58.410-0300] {dag.py:2573} INFO - Sync 1 DAGs
[2022-11-07T23:29:58.427-0300] {logging_mixin.py:117} INFO - [2022-11-07T23:29:58.427-0300] {dag.py:3324} INFO - Setting next_dagrun for latest_only_with_trigger to 2022-11-07T22:29:58.427351+00:00, run_after=2022-11-08T02:29:58.427351+00:00
[2022-11-07T23:29:58.451-0300] {processor.py:178} INFO - Processing /home/renato/Documentos/datapipeline/.env/lib/python3.10/site-packages/airflow/example_dags/example_latest_only_with_trigger.py took 0.095 seconds
[2022-11-07T23:30:36.674-0300] {processor.py:156} INFO - Started process (PID=965764) to work on /home/renato/Documentos/datapipeline/.env/lib/python3.10/site-packages/airflow/example_dags/example_latest_only_with_trigger.py
[2022-11-07T23:30:36.676-0300] {processor.py:758} INFO - Processing file /home/renato/Documentos/datapipeline/.env/lib/python3.10/site-packages/airflow/example_dags/example_latest_only_with_trigger.py for tasks to queue
[2022-11-07T23:30:36.677-0300] {logging_mixin.py:117} INFO - [2022-11-07T23:30:36.677-0300] {dagbag.py:525} INFO - Filling up the DagBag from /home/renato/Documentos/datapipeline/.env/lib/python3.10/site-packages/airflow/example_dags/example_latest_only_with_trigger.py
[2022-11-07T23:30:36.694-0300] {processor.py:768} INFO - DAG(s) dict_keys(['latest_only_with_trigger']) retrieved from /home/renato/Documentos/datapipeline/.env/lib/python3.10/site-packages/airflow/example_dags/example_latest_only_with_trigger.py
[2022-11-07T23:30:36.717-0300] {logging_mixin.py:117} INFO - [2022-11-07T23:30:36.717-0300] {dag.py:2573} INFO - Sync 1 DAGs
[2022-11-07T23:30:36.735-0300] {logging_mixin.py:117} INFO - [2022-11-07T23:30:36.734-0300] {dag.py:3324} INFO - Setting next_dagrun for latest_only_with_trigger to 2022-11-07T22:30:36.734627+00:00, run_after=2022-11-08T02:30:36.734627+00:00
[2022-11-07T23:30:36.758-0300] {processor.py:178} INFO - Processing /home/renato/Documentos/datapipeline/.env/lib/python3.10/site-packages/airflow/example_dags/example_latest_only_with_trigger.py took 0.088 seconds
[2022-11-07T23:31:14.822-0300] {processor.py:156} INFO - Started process (PID=965839) to work on /home/renato/Documentos/datapipeline/.env/lib/python3.10/site-packages/airflow/example_dags/example_latest_only_with_trigger.py
[2022-11-07T23:31:14.825-0300] {processor.py:758} INFO - Processing file /home/renato/Documentos/datapipeline/.env/lib/python3.10/site-packages/airflow/example_dags/example_latest_only_with_trigger.py for tasks to queue
[2022-11-07T23:31:14.827-0300] {logging_mixin.py:117} INFO - [2022-11-07T23:31:14.826-0300] {dagbag.py:525} INFO - Filling up the DagBag from /home/renato/Documentos/datapipeline/.env/lib/python3.10/site-packages/airflow/example_dags/example_latest_only_with_trigger.py
[2022-11-07T23:31:14.859-0300] {processor.py:768} INFO - DAG(s) dict_keys(['latest_only_with_trigger']) retrieved from /home/renato/Documentos/datapipeline/.env/lib/python3.10/site-packages/airflow/example_dags/example_latest_only_with_trigger.py
[2022-11-07T23:31:14.885-0300] {logging_mixin.py:117} INFO - [2022-11-07T23:31:14.885-0300] {dag.py:2573} INFO - Sync 1 DAGs
[2022-11-07T23:31:14.902-0300] {logging_mixin.py:117} INFO - [2022-11-07T23:31:14.902-0300] {dag.py:3324} INFO - Setting next_dagrun for latest_only_with_trigger to 2022-11-07T22:31:14.902408+00:00, run_after=2022-11-08T02:31:14.902408+00:00
[2022-11-07T23:31:14.933-0300] {processor.py:178} INFO - Processing /home/renato/Documentos/datapipeline/.env/lib/python3.10/site-packages/airflow/example_dags/example_latest_only_with_trigger.py took 0.117 seconds
[2022-11-07T23:31:57.588-0300] {processor.py:156} INFO - Started process (PID=965922) to work on /home/renato/Documentos/datapipeline/.env/lib/python3.10/site-packages/airflow/example_dags/example_latest_only_with_trigger.py
[2022-11-07T23:31:57.590-0300] {processor.py:758} INFO - Processing file /home/renato/Documentos/datapipeline/.env/lib/python3.10/site-packages/airflow/example_dags/example_latest_only_with_trigger.py for tasks to queue
[2022-11-07T23:31:57.590-0300] {logging_mixin.py:117} INFO - [2022-11-07T23:31:57.590-0300] {dagbag.py:525} INFO - Filling up the DagBag from /home/renato/Documentos/datapipeline/.env/lib/python3.10/site-packages/airflow/example_dags/example_latest_only_with_trigger.py
[2022-11-07T23:31:57.603-0300] {processor.py:768} INFO - DAG(s) dict_keys(['latest_only_with_trigger']) retrieved from /home/renato/Documentos/datapipeline/.env/lib/python3.10/site-packages/airflow/example_dags/example_latest_only_with_trigger.py
[2022-11-07T23:31:57.624-0300] {logging_mixin.py:117} INFO - [2022-11-07T23:31:57.624-0300] {dag.py:2573} INFO - Sync 1 DAGs
[2022-11-07T23:31:57.641-0300] {logging_mixin.py:117} INFO - [2022-11-07T23:31:57.640-0300] {dag.py:3324} INFO - Setting next_dagrun for latest_only_with_trigger to 2022-11-07T22:31:57.640747+00:00, run_after=2022-11-08T02:31:57.640747+00:00
[2022-11-07T23:31:57.666-0300] {processor.py:178} INFO - Processing /home/renato/Documentos/datapipeline/.env/lib/python3.10/site-packages/airflow/example_dags/example_latest_only_with_trigger.py took 0.081 seconds
[2022-11-07T23:32:37.648-0300] {processor.py:156} INFO - Started process (PID=966134) to work on /home/renato/Documentos/datapipeline/.env/lib/python3.10/site-packages/airflow/example_dags/example_latest_only_with_trigger.py
[2022-11-07T23:32:37.651-0300] {processor.py:758} INFO - Processing file /home/renato/Documentos/datapipeline/.env/lib/python3.10/site-packages/airflow/example_dags/example_latest_only_with_trigger.py for tasks to queue
[2022-11-07T23:32:37.652-0300] {logging_mixin.py:117} INFO - [2022-11-07T23:32:37.651-0300] {dagbag.py:525} INFO - Filling up the DagBag from /home/renato/Documentos/datapipeline/.env/lib/python3.10/site-packages/airflow/example_dags/example_latest_only_with_trigger.py
[2022-11-07T23:32:37.671-0300] {processor.py:768} INFO - DAG(s) dict_keys(['latest_only_with_trigger']) retrieved from /home/renato/Documentos/datapipeline/.env/lib/python3.10/site-packages/airflow/example_dags/example_latest_only_with_trigger.py
[2022-11-07T23:32:37.691-0300] {logging_mixin.py:117} INFO - [2022-11-07T23:32:37.691-0300] {dag.py:2573} INFO - Sync 1 DAGs
[2022-11-07T23:32:37.709-0300] {logging_mixin.py:117} INFO - [2022-11-07T23:32:37.708-0300] {dag.py:3324} INFO - Setting next_dagrun for latest_only_with_trigger to 2022-11-07T22:32:37.708757+00:00, run_after=2022-11-08T02:32:37.708757+00:00
[2022-11-07T23:32:37.730-0300] {processor.py:178} INFO - Processing /home/renato/Documentos/datapipeline/.env/lib/python3.10/site-packages/airflow/example_dags/example_latest_only_with_trigger.py took 0.087 seconds
[2022-11-07T23:33:16.285-0300] {processor.py:156} INFO - Started process (PID=966210) to work on /home/renato/Documentos/datapipeline/.env/lib/python3.10/site-packages/airflow/example_dags/example_latest_only_with_trigger.py
[2022-11-07T23:33:16.288-0300] {processor.py:758} INFO - Processing file /home/renato/Documentos/datapipeline/.env/lib/python3.10/site-packages/airflow/example_dags/example_latest_only_with_trigger.py for tasks to queue
[2022-11-07T23:33:16.289-0300] {logging_mixin.py:117} INFO - [2022-11-07T23:33:16.289-0300] {dagbag.py:525} INFO - Filling up the DagBag from /home/renato/Documentos/datapipeline/.env/lib/python3.10/site-packages/airflow/example_dags/example_latest_only_with_trigger.py
[2022-11-07T23:33:16.309-0300] {processor.py:768} INFO - DAG(s) dict_keys(['latest_only_with_trigger']) retrieved from /home/renato/Documentos/datapipeline/.env/lib/python3.10/site-packages/airflow/example_dags/example_latest_only_with_trigger.py
[2022-11-07T23:33:16.329-0300] {logging_mixin.py:117} INFO - [2022-11-07T23:33:16.329-0300] {dag.py:2573} INFO - Sync 1 DAGs
[2022-11-07T23:33:16.347-0300] {logging_mixin.py:117} INFO - [2022-11-07T23:33:16.347-0300] {dag.py:3324} INFO - Setting next_dagrun for latest_only_with_trigger to 2022-11-07T22:33:16.346995+00:00, run_after=2022-11-08T02:33:16.346995+00:00
[2022-11-07T23:33:16.370-0300] {processor.py:178} INFO - Processing /home/renato/Documentos/datapipeline/.env/lib/python3.10/site-packages/airflow/example_dags/example_latest_only_with_trigger.py took 0.090 seconds
[2022-11-07T23:33:55.974-0300] {processor.py:156} INFO - Started process (PID=966289) to work on /home/renato/Documentos/datapipeline/.env/lib/python3.10/site-packages/airflow/example_dags/example_latest_only_with_trigger.py
[2022-11-07T23:33:55.976-0300] {processor.py:758} INFO - Processing file /home/renato/Documentos/datapipeline/.env/lib/python3.10/site-packages/airflow/example_dags/example_latest_only_with_trigger.py for tasks to queue
[2022-11-07T23:33:55.977-0300] {logging_mixin.py:117} INFO - [2022-11-07T23:33:55.977-0300] {dagbag.py:525} INFO - Filling up the DagBag from /home/renato/Documentos/datapipeline/.env/lib/python3.10/site-packages/airflow/example_dags/example_latest_only_with_trigger.py
[2022-11-07T23:33:55.989-0300] {processor.py:768} INFO - DAG(s) dict_keys(['latest_only_with_trigger']) retrieved from /home/renato/Documentos/datapipeline/.env/lib/python3.10/site-packages/airflow/example_dags/example_latest_only_with_trigger.py
[2022-11-07T23:33:56.008-0300] {logging_mixin.py:117} INFO - [2022-11-07T23:33:56.008-0300] {dag.py:2573} INFO - Sync 1 DAGs
[2022-11-07T23:33:56.025-0300] {logging_mixin.py:117} INFO - [2022-11-07T23:33:56.025-0300] {dag.py:3324} INFO - Setting next_dagrun for latest_only_with_trigger to 2022-11-07T22:33:56.025162+00:00, run_after=2022-11-08T02:33:56.025162+00:00
[2022-11-07T23:33:56.047-0300] {processor.py:178} INFO - Processing /home/renato/Documentos/datapipeline/.env/lib/python3.10/site-packages/airflow/example_dags/example_latest_only_with_trigger.py took 0.076 seconds
[2022-11-07T23:34:33.776-0300] {processor.py:156} INFO - Started process (PID=966365) to work on /home/renato/Documentos/datapipeline/.env/lib/python3.10/site-packages/airflow/example_dags/example_latest_only_with_trigger.py
[2022-11-07T23:34:33.779-0300] {processor.py:758} INFO - Processing file /home/renato/Documentos/datapipeline/.env/lib/python3.10/site-packages/airflow/example_dags/example_latest_only_with_trigger.py for tasks to queue
[2022-11-07T23:34:33.780-0300] {logging_mixin.py:117} INFO - [2022-11-07T23:34:33.780-0300] {dagbag.py:525} INFO - Filling up the DagBag from /home/renato/Documentos/datapipeline/.env/lib/python3.10/site-packages/airflow/example_dags/example_latest_only_with_trigger.py
[2022-11-07T23:34:33.799-0300] {processor.py:768} INFO - DAG(s) dict_keys(['latest_only_with_trigger']) retrieved from /home/renato/Documentos/datapipeline/.env/lib/python3.10/site-packages/airflow/example_dags/example_latest_only_with_trigger.py
[2022-11-07T23:34:33.822-0300] {logging_mixin.py:117} INFO - [2022-11-07T23:34:33.822-0300] {dag.py:2573} INFO - Sync 1 DAGs
[2022-11-07T23:34:33.839-0300] {logging_mixin.py:117} INFO - [2022-11-07T23:34:33.838-0300] {dag.py:3324} INFO - Setting next_dagrun for latest_only_with_trigger to 2022-11-07T22:34:33.838699+00:00, run_after=2022-11-08T02:34:33.838699+00:00
[2022-11-07T23:34:33.862-0300] {processor.py:178} INFO - Processing /home/renato/Documentos/datapipeline/.env/lib/python3.10/site-packages/airflow/example_dags/example_latest_only_with_trigger.py took 0.090 seconds
[2022-11-07T23:35:10.881-0300] {processor.py:156} INFO - Started process (PID=966439) to work on /home/renato/Documentos/datapipeline/.env/lib/python3.10/site-packages/airflow/example_dags/example_latest_only_with_trigger.py
[2022-11-07T23:35:10.886-0300] {processor.py:758} INFO - Processing file /home/renato/Documentos/datapipeline/.env/lib/python3.10/site-packages/airflow/example_dags/example_latest_only_with_trigger.py for tasks to queue
[2022-11-07T23:35:10.887-0300] {logging_mixin.py:117} INFO - [2022-11-07T23:35:10.886-0300] {dagbag.py:525} INFO - Filling up the DagBag from /home/renato/Documentos/datapipeline/.env/lib/python3.10/site-packages/airflow/example_dags/example_latest_only_with_trigger.py
[2022-11-07T23:35:10.899-0300] {processor.py:768} INFO - DAG(s) dict_keys(['latest_only_with_trigger']) retrieved from /home/renato/Documentos/datapipeline/.env/lib/python3.10/site-packages/airflow/example_dags/example_latest_only_with_trigger.py
[2022-11-07T23:35:10.920-0300] {logging_mixin.py:117} INFO - [2022-11-07T23:35:10.920-0300] {dag.py:2573} INFO - Sync 1 DAGs
[2022-11-07T23:35:10.936-0300] {logging_mixin.py:117} INFO - [2022-11-07T23:35:10.936-0300] {dag.py:3324} INFO - Setting next_dagrun for latest_only_with_trigger to 2022-11-07T22:35:10.935968+00:00, run_after=2022-11-08T02:35:10.935968+00:00
[2022-11-07T23:35:10.960-0300] {processor.py:178} INFO - Processing /home/renato/Documentos/datapipeline/.env/lib/python3.10/site-packages/airflow/example_dags/example_latest_only_with_trigger.py took 0.081 seconds
[2022-11-07T23:35:51.030-0300] {processor.py:156} INFO - Started process (PID=966520) to work on /home/renato/Documentos/datapipeline/.env/lib/python3.10/site-packages/airflow/example_dags/example_latest_only_with_trigger.py
[2022-11-07T23:35:51.032-0300] {processor.py:758} INFO - Processing file /home/renato/Documentos/datapipeline/.env/lib/python3.10/site-packages/airflow/example_dags/example_latest_only_with_trigger.py for tasks to queue
[2022-11-07T23:35:51.033-0300] {logging_mixin.py:117} INFO - [2022-11-07T23:35:51.033-0300] {dagbag.py:525} INFO - Filling up the DagBag from /home/renato/Documentos/datapipeline/.env/lib/python3.10/site-packages/airflow/example_dags/example_latest_only_with_trigger.py
[2022-11-07T23:35:51.046-0300] {processor.py:768} INFO - DAG(s) dict_keys(['latest_only_with_trigger']) retrieved from /home/renato/Documentos/datapipeline/.env/lib/python3.10/site-packages/airflow/example_dags/example_latest_only_with_trigger.py
[2022-11-07T23:35:51.067-0300] {logging_mixin.py:117} INFO - [2022-11-07T23:35:51.067-0300] {dag.py:2573} INFO - Sync 1 DAGs
[2022-11-07T23:35:51.086-0300] {logging_mixin.py:117} INFO - [2022-11-07T23:35:51.086-0300] {dag.py:3324} INFO - Setting next_dagrun for latest_only_with_trigger to 2022-11-07T22:35:51.086245+00:00, run_after=2022-11-08T02:35:51.086245+00:00
[2022-11-07T23:35:51.110-0300] {processor.py:178} INFO - Processing /home/renato/Documentos/datapipeline/.env/lib/python3.10/site-packages/airflow/example_dags/example_latest_only_with_trigger.py took 0.083 seconds
[2022-11-07T23:36:34.052-0300] {processor.py:156} INFO - Started process (PID=966603) to work on /home/renato/Documentos/datapipeline/.env/lib/python3.10/site-packages/airflow/example_dags/example_latest_only_with_trigger.py
[2022-11-07T23:36:34.057-0300] {processor.py:758} INFO - Processing file /home/renato/Documentos/datapipeline/.env/lib/python3.10/site-packages/airflow/example_dags/example_latest_only_with_trigger.py for tasks to queue
[2022-11-07T23:36:34.058-0300] {logging_mixin.py:117} INFO - [2022-11-07T23:36:34.058-0300] {dagbag.py:525} INFO - Filling up the DagBag from /home/renato/Documentos/datapipeline/.env/lib/python3.10/site-packages/airflow/example_dags/example_latest_only_with_trigger.py
[2022-11-07T23:36:34.073-0300] {processor.py:768} INFO - DAG(s) dict_keys(['latest_only_with_trigger']) retrieved from /home/renato/Documentos/datapipeline/.env/lib/python3.10/site-packages/airflow/example_dags/example_latest_only_with_trigger.py
[2022-11-07T23:36:34.093-0300] {logging_mixin.py:117} INFO - [2022-11-07T23:36:34.093-0300] {dag.py:2573} INFO - Sync 1 DAGs
[2022-11-07T23:36:34.110-0300] {logging_mixin.py:117} INFO - [2022-11-07T23:36:34.110-0300] {dag.py:3324} INFO - Setting next_dagrun for latest_only_with_trigger to 2022-11-07T22:36:34.110330+00:00, run_after=2022-11-08T02:36:34.110330+00:00
[2022-11-07T23:36:34.135-0300] {processor.py:178} INFO - Processing /home/renato/Documentos/datapipeline/.env/lib/python3.10/site-packages/airflow/example_dags/example_latest_only_with_trigger.py took 0.086 seconds
[2022-11-07T23:37:12.651-0300] {processor.py:156} INFO - Started process (PID=966681) to work on /home/renato/Documentos/datapipeline/.env/lib/python3.10/site-packages/airflow/example_dags/example_latest_only_with_trigger.py
[2022-11-07T23:37:12.657-0300] {processor.py:758} INFO - Processing file /home/renato/Documentos/datapipeline/.env/lib/python3.10/site-packages/airflow/example_dags/example_latest_only_with_trigger.py for tasks to queue
[2022-11-07T23:37:12.657-0300] {logging_mixin.py:117} INFO - [2022-11-07T23:37:12.657-0300] {dagbag.py:525} INFO - Filling up the DagBag from /home/renato/Documentos/datapipeline/.env/lib/python3.10/site-packages/airflow/example_dags/example_latest_only_with_trigger.py
[2022-11-07T23:37:12.676-0300] {processor.py:768} INFO - DAG(s) dict_keys(['latest_only_with_trigger']) retrieved from /home/renato/Documentos/datapipeline/.env/lib/python3.10/site-packages/airflow/example_dags/example_latest_only_with_trigger.py
[2022-11-07T23:37:12.697-0300] {logging_mixin.py:117} INFO - [2022-11-07T23:37:12.696-0300] {dag.py:2573} INFO - Sync 1 DAGs
[2022-11-07T23:37:12.716-0300] {logging_mixin.py:117} INFO - [2022-11-07T23:37:12.716-0300] {dag.py:3324} INFO - Setting next_dagrun for latest_only_with_trigger to 2022-11-07T22:37:12.716132+00:00, run_after=2022-11-08T02:37:12.716132+00:00
[2022-11-07T23:37:12.744-0300] {processor.py:178} INFO - Processing /home/renato/Documentos/datapipeline/.env/lib/python3.10/site-packages/airflow/example_dags/example_latest_only_with_trigger.py took 0.097 seconds
[2022-11-07T23:37:56.758-0300] {processor.py:156} INFO - Started process (PID=966898) to work on /home/renato/Documentos/datapipeline/.env/lib/python3.10/site-packages/airflow/example_dags/example_latest_only_with_trigger.py
[2022-11-07T23:37:56.764-0300] {processor.py:758} INFO - Processing file /home/renato/Documentos/datapipeline/.env/lib/python3.10/site-packages/airflow/example_dags/example_latest_only_with_trigger.py for tasks to queue
[2022-11-07T23:37:56.767-0300] {logging_mixin.py:117} INFO - [2022-11-07T23:37:56.766-0300] {dagbag.py:525} INFO - Filling up the DagBag from /home/renato/Documentos/datapipeline/.env/lib/python3.10/site-packages/airflow/example_dags/example_latest_only_with_trigger.py
[2022-11-07T23:37:56.793-0300] {processor.py:768} INFO - DAG(s) dict_keys(['latest_only_with_trigger']) retrieved from /home/renato/Documentos/datapipeline/.env/lib/python3.10/site-packages/airflow/example_dags/example_latest_only_with_trigger.py
[2022-11-07T23:37:56.820-0300] {logging_mixin.py:117} INFO - [2022-11-07T23:37:56.819-0300] {dag.py:2573} INFO - Sync 1 DAGs
[2022-11-07T23:37:56.838-0300] {logging_mixin.py:117} INFO - [2022-11-07T23:37:56.838-0300] {dag.py:3324} INFO - Setting next_dagrun for latest_only_with_trigger to 2022-11-07T22:37:56.837779+00:00, run_after=2022-11-08T02:37:56.837779+00:00
[2022-11-07T23:37:56.859-0300] {processor.py:178} INFO - Processing /home/renato/Documentos/datapipeline/.env/lib/python3.10/site-packages/airflow/example_dags/example_latest_only_with_trigger.py took 0.109 seconds
[2022-11-07T23:38:41.465-0300] {processor.py:156} INFO - Started process (PID=966985) to work on /home/renato/Documentos/datapipeline/.env/lib/python3.10/site-packages/airflow/example_dags/example_latest_only_with_trigger.py
[2022-11-07T23:38:41.473-0300] {processor.py:758} INFO - Processing file /home/renato/Documentos/datapipeline/.env/lib/python3.10/site-packages/airflow/example_dags/example_latest_only_with_trigger.py for tasks to queue
[2022-11-07T23:38:41.474-0300] {logging_mixin.py:117} INFO - [2022-11-07T23:38:41.473-0300] {dagbag.py:525} INFO - Filling up the DagBag from /home/renato/Documentos/datapipeline/.env/lib/python3.10/site-packages/airflow/example_dags/example_latest_only_with_trigger.py
[2022-11-07T23:38:41.495-0300] {processor.py:768} INFO - DAG(s) dict_keys(['latest_only_with_trigger']) retrieved from /home/renato/Documentos/datapipeline/.env/lib/python3.10/site-packages/airflow/example_dags/example_latest_only_with_trigger.py
[2022-11-07T23:38:41.518-0300] {logging_mixin.py:117} INFO - [2022-11-07T23:38:41.518-0300] {dag.py:2573} INFO - Sync 1 DAGs
[2022-11-07T23:38:41.535-0300] {logging_mixin.py:117} INFO - [2022-11-07T23:38:41.535-0300] {dag.py:3324} INFO - Setting next_dagrun for latest_only_with_trigger to 2022-11-07T22:38:41.535088+00:00, run_after=2022-11-08T02:38:41.535088+00:00
[2022-11-07T23:38:41.558-0300] {processor.py:178} INFO - Processing /home/renato/Documentos/datapipeline/.env/lib/python3.10/site-packages/airflow/example_dags/example_latest_only_with_trigger.py took 0.097 seconds
[2022-11-07T23:39:22.741-0300] {processor.py:156} INFO - Started process (PID=967086) to work on /home/renato/Documentos/datapipeline/.env/lib/python3.10/site-packages/airflow/example_dags/example_latest_only_with_trigger.py
[2022-11-07T23:39:22.744-0300] {processor.py:758} INFO - Processing file /home/renato/Documentos/datapipeline/.env/lib/python3.10/site-packages/airflow/example_dags/example_latest_only_with_trigger.py for tasks to queue
[2022-11-07T23:39:22.745-0300] {logging_mixin.py:117} INFO - [2022-11-07T23:39:22.745-0300] {dagbag.py:525} INFO - Filling up the DagBag from /home/renato/Documentos/datapipeline/.env/lib/python3.10/site-packages/airflow/example_dags/example_latest_only_with_trigger.py
[2022-11-07T23:39:22.760-0300] {processor.py:768} INFO - DAG(s) dict_keys(['latest_only_with_trigger']) retrieved from /home/renato/Documentos/datapipeline/.env/lib/python3.10/site-packages/airflow/example_dags/example_latest_only_with_trigger.py
[2022-11-07T23:39:22.782-0300] {logging_mixin.py:117} INFO - [2022-11-07T23:39:22.782-0300] {dag.py:2573} INFO - Sync 1 DAGs
[2022-11-07T23:39:22.798-0300] {logging_mixin.py:117} INFO - [2022-11-07T23:39:22.798-0300] {dag.py:3324} INFO - Setting next_dagrun for latest_only_with_trigger to 2022-11-07T22:39:22.798595+00:00, run_after=2022-11-08T02:39:22.798595+00:00
[2022-11-07T23:39:22.820-0300] {processor.py:178} INFO - Processing /home/renato/Documentos/datapipeline/.env/lib/python3.10/site-packages/airflow/example_dags/example_latest_only_with_trigger.py took 0.083 seconds
[2022-11-07T23:39:57.656-0300] {processor.py:156} INFO - Started process (PID=967148) to work on /home/renato/Documentos/datapipeline/.env/lib/python3.10/site-packages/airflow/example_dags/example_latest_only_with_trigger.py
[2022-11-07T23:39:57.658-0300] {processor.py:758} INFO - Processing file /home/renato/Documentos/datapipeline/.env/lib/python3.10/site-packages/airflow/example_dags/example_latest_only_with_trigger.py for tasks to queue
[2022-11-07T23:39:57.659-0300] {logging_mixin.py:117} INFO - [2022-11-07T23:39:57.659-0300] {dagbag.py:525} INFO - Filling up the DagBag from /home/renato/Documentos/datapipeline/.env/lib/python3.10/site-packages/airflow/example_dags/example_latest_only_with_trigger.py
[2022-11-07T23:39:57.677-0300] {processor.py:768} INFO - DAG(s) dict_keys(['latest_only_with_trigger']) retrieved from /home/renato/Documentos/datapipeline/.env/lib/python3.10/site-packages/airflow/example_dags/example_latest_only_with_trigger.py
[2022-11-07T23:39:57.697-0300] {logging_mixin.py:117} INFO - [2022-11-07T23:39:57.697-0300] {dag.py:2573} INFO - Sync 1 DAGs
[2022-11-07T23:39:57.713-0300] {logging_mixin.py:117} INFO - [2022-11-07T23:39:57.713-0300] {dag.py:3324} INFO - Setting next_dagrun for latest_only_with_trigger to 2022-11-07T22:39:57.713342+00:00, run_after=2022-11-08T02:39:57.713342+00:00
[2022-11-07T23:39:57.736-0300] {processor.py:178} INFO - Processing /home/renato/Documentos/datapipeline/.env/lib/python3.10/site-packages/airflow/example_dags/example_latest_only_with_trigger.py took 0.084 seconds
[2022-11-07T23:40:35.796-0300] {processor.py:156} INFO - Started process (PID=967228) to work on /home/renato/Documentos/datapipeline/.env/lib/python3.10/site-packages/airflow/example_dags/example_latest_only_with_trigger.py
[2022-11-07T23:40:35.804-0300] {processor.py:758} INFO - Processing file /home/renato/Documentos/datapipeline/.env/lib/python3.10/site-packages/airflow/example_dags/example_latest_only_with_trigger.py for tasks to queue
[2022-11-07T23:40:35.807-0300] {logging_mixin.py:117} INFO - [2022-11-07T23:40:35.805-0300] {dagbag.py:525} INFO - Filling up the DagBag from /home/renato/Documentos/datapipeline/.env/lib/python3.10/site-packages/airflow/example_dags/example_latest_only_with_trigger.py
[2022-11-07T23:40:35.830-0300] {processor.py:768} INFO - DAG(s) dict_keys(['latest_only_with_trigger']) retrieved from /home/renato/Documentos/datapipeline/.env/lib/python3.10/site-packages/airflow/example_dags/example_latest_only_with_trigger.py
[2022-11-07T23:40:35.852-0300] {logging_mixin.py:117} INFO - [2022-11-07T23:40:35.852-0300] {dag.py:2573} INFO - Sync 1 DAGs
[2022-11-07T23:40:35.873-0300] {logging_mixin.py:117} INFO - [2022-11-07T23:40:35.873-0300] {dag.py:3324} INFO - Setting next_dagrun for latest_only_with_trigger to 2022-11-07T22:40:35.873335+00:00, run_after=2022-11-08T02:40:35.873335+00:00
[2022-11-07T23:40:35.899-0300] {processor.py:178} INFO - Processing /home/renato/Documentos/datapipeline/.env/lib/python3.10/site-packages/airflow/example_dags/example_latest_only_with_trigger.py took 0.118 seconds
[2022-11-07T23:41:17.021-0300] {processor.py:156} INFO - Started process (PID=967307) to work on /home/renato/Documentos/datapipeline/.env/lib/python3.10/site-packages/airflow/example_dags/example_latest_only_with_trigger.py
[2022-11-07T23:41:17.025-0300] {processor.py:758} INFO - Processing file /home/renato/Documentos/datapipeline/.env/lib/python3.10/site-packages/airflow/example_dags/example_latest_only_with_trigger.py for tasks to queue
[2022-11-07T23:41:17.026-0300] {logging_mixin.py:117} INFO - [2022-11-07T23:41:17.026-0300] {dagbag.py:525} INFO - Filling up the DagBag from /home/renato/Documentos/datapipeline/.env/lib/python3.10/site-packages/airflow/example_dags/example_latest_only_with_trigger.py
[2022-11-07T23:41:17.055-0300] {processor.py:768} INFO - DAG(s) dict_keys(['latest_only_with_trigger']) retrieved from /home/renato/Documentos/datapipeline/.env/lib/python3.10/site-packages/airflow/example_dags/example_latest_only_with_trigger.py
[2022-11-07T23:41:17.085-0300] {logging_mixin.py:117} INFO - [2022-11-07T23:41:17.085-0300] {dag.py:2573} INFO - Sync 1 DAGs
[2022-11-07T23:41:17.102-0300] {logging_mixin.py:117} INFO - [2022-11-07T23:41:17.102-0300] {dag.py:3324} INFO - Setting next_dagrun for latest_only_with_trigger to 2022-11-07T22:41:17.102563+00:00, run_after=2022-11-08T02:41:17.102563+00:00
[2022-11-07T23:41:17.150-0300] {processor.py:178} INFO - Processing /home/renato/Documentos/datapipeline/.env/lib/python3.10/site-packages/airflow/example_dags/example_latest_only_with_trigger.py took 0.135 seconds
[2022-11-07T23:41:58.492-0300] {processor.py:156} INFO - Started process (PID=967394) to work on /home/renato/Documentos/datapipeline/.env/lib/python3.10/site-packages/airflow/example_dags/example_latest_only_with_trigger.py
[2022-11-07T23:41:58.495-0300] {processor.py:758} INFO - Processing file /home/renato/Documentos/datapipeline/.env/lib/python3.10/site-packages/airflow/example_dags/example_latest_only_with_trigger.py for tasks to queue
[2022-11-07T23:41:58.496-0300] {logging_mixin.py:117} INFO - [2022-11-07T23:41:58.496-0300] {dagbag.py:525} INFO - Filling up the DagBag from /home/renato/Documentos/datapipeline/.env/lib/python3.10/site-packages/airflow/example_dags/example_latest_only_with_trigger.py
[2022-11-07T23:41:58.517-0300] {processor.py:768} INFO - DAG(s) dict_keys(['latest_only_with_trigger']) retrieved from /home/renato/Documentos/datapipeline/.env/lib/python3.10/site-packages/airflow/example_dags/example_latest_only_with_trigger.py
[2022-11-07T23:41:58.538-0300] {logging_mixin.py:117} INFO - [2022-11-07T23:41:58.538-0300] {dag.py:2573} INFO - Sync 1 DAGs
[2022-11-07T23:41:58.555-0300] {logging_mixin.py:117} INFO - [2022-11-07T23:41:58.554-0300] {dag.py:3324} INFO - Setting next_dagrun for latest_only_with_trigger to 2022-11-07T22:41:58.554651+00:00, run_after=2022-11-08T02:41:58.554651+00:00
[2022-11-07T23:41:58.577-0300] {processor.py:178} INFO - Processing /home/renato/Documentos/datapipeline/.env/lib/python3.10/site-packages/airflow/example_dags/example_latest_only_with_trigger.py took 0.091 seconds
[2022-11-07T23:42:42.348-0300] {processor.py:156} INFO - Started process (PID=967608) to work on /home/renato/Documentos/datapipeline/.env/lib/python3.10/site-packages/airflow/example_dags/example_latest_only_with_trigger.py
[2022-11-07T23:42:42.352-0300] {processor.py:758} INFO - Processing file /home/renato/Documentos/datapipeline/.env/lib/python3.10/site-packages/airflow/example_dags/example_latest_only_with_trigger.py for tasks to queue
[2022-11-07T23:42:42.353-0300] {logging_mixin.py:117} INFO - [2022-11-07T23:42:42.353-0300] {dagbag.py:525} INFO - Filling up the DagBag from /home/renato/Documentos/datapipeline/.env/lib/python3.10/site-packages/airflow/example_dags/example_latest_only_with_trigger.py
[2022-11-07T23:42:42.388-0300] {processor.py:768} INFO - DAG(s) dict_keys(['latest_only_with_trigger']) retrieved from /home/renato/Documentos/datapipeline/.env/lib/python3.10/site-packages/airflow/example_dags/example_latest_only_with_trigger.py
[2022-11-07T23:42:42.422-0300] {logging_mixin.py:117} INFO - [2022-11-07T23:42:42.422-0300] {dag.py:2573} INFO - Sync 1 DAGs
[2022-11-07T23:42:42.440-0300] {logging_mixin.py:117} INFO - [2022-11-07T23:42:42.440-0300] {dag.py:3324} INFO - Setting next_dagrun for latest_only_with_trigger to 2022-11-07T22:42:42.440319+00:00, run_after=2022-11-08T02:42:42.440319+00:00
[2022-11-07T23:42:42.468-0300] {processor.py:178} INFO - Processing /home/renato/Documentos/datapipeline/.env/lib/python3.10/site-packages/airflow/example_dags/example_latest_only_with_trigger.py took 0.127 seconds
[2022-11-07T23:43:20.683-0300] {processor.py:156} INFO - Started process (PID=967683) to work on /home/renato/Documentos/datapipeline/.env/lib/python3.10/site-packages/airflow/example_dags/example_latest_only_with_trigger.py
[2022-11-07T23:43:20.685-0300] {processor.py:758} INFO - Processing file /home/renato/Documentos/datapipeline/.env/lib/python3.10/site-packages/airflow/example_dags/example_latest_only_with_trigger.py for tasks to queue
[2022-11-07T23:43:20.686-0300] {logging_mixin.py:117} INFO - [2022-11-07T23:43:20.686-0300] {dagbag.py:525} INFO - Filling up the DagBag from /home/renato/Documentos/datapipeline/.env/lib/python3.10/site-packages/airflow/example_dags/example_latest_only_with_trigger.py
[2022-11-07T23:43:20.704-0300] {processor.py:768} INFO - DAG(s) dict_keys(['latest_only_with_trigger']) retrieved from /home/renato/Documentos/datapipeline/.env/lib/python3.10/site-packages/airflow/example_dags/example_latest_only_with_trigger.py
[2022-11-07T23:43:20.727-0300] {logging_mixin.py:117} INFO - [2022-11-07T23:43:20.727-0300] {dag.py:2573} INFO - Sync 1 DAGs
[2022-11-07T23:43:20.745-0300] {logging_mixin.py:117} INFO - [2022-11-07T23:43:20.745-0300] {dag.py:3324} INFO - Setting next_dagrun for latest_only_with_trigger to 2022-11-07T22:43:20.745074+00:00, run_after=2022-11-08T02:43:20.745074+00:00
[2022-11-07T23:43:20.769-0300] {processor.py:178} INFO - Processing /home/renato/Documentos/datapipeline/.env/lib/python3.10/site-packages/airflow/example_dags/example_latest_only_with_trigger.py took 0.090 seconds
