[2022-11-07T23:27:27.780-0300] {processor.py:156} INFO - Started process (PID=965375) to work on /home/renato/Documentos/datapipeline/.env/lib/python3.10/site-packages/airflow/example_dags/example_complex.py
[2022-11-07T23:27:27.781-0300] {processor.py:758} INFO - Processing file /home/renato/Documentos/datapipeline/.env/lib/python3.10/site-packages/airflow/example_dags/example_complex.py for tasks to queue
[2022-11-07T23:27:27.782-0300] {logging_mixin.py:117} INFO - [2022-11-07T23:27:27.782-0300] {dagbag.py:525} INFO - Filling up the DagBag from /home/renato/Documentos/datapipeline/.env/lib/python3.10/site-packages/airflow/example_dags/example_complex.py
[2022-11-07T23:27:27.818-0300] {processor.py:768} INFO - DAG(s) dict_keys(['example_complex']) retrieved from /home/renato/Documentos/datapipeline/.env/lib/python3.10/site-packages/airflow/example_dags/example_complex.py
[2022-11-07T23:27:27.845-0300] {logging_mixin.py:117} INFO - [2022-11-07T23:27:27.845-0300] {dag.py:2573} INFO - Sync 1 DAGs
[2022-11-07T23:27:27.878-0300] {logging_mixin.py:117} INFO - [2022-11-07T23:27:27.878-0300] {dag.py:3324} INFO - Setting next_dagrun for example_complex to None, run_after=None
[2022-11-07T23:27:27.900-0300] {processor.py:178} INFO - Processing /home/renato/Documentos/datapipeline/.env/lib/python3.10/site-packages/airflow/example_dags/example_complex.py took 0.123 seconds
[2022-11-07T23:28:07.487-0300] {processor.py:156} INFO - Started process (PID=965461) to work on /home/renato/Documentos/datapipeline/.env/lib/python3.10/site-packages/airflow/example_dags/example_complex.py
[2022-11-07T23:28:07.490-0300] {processor.py:758} INFO - Processing file /home/renato/Documentos/datapipeline/.env/lib/python3.10/site-packages/airflow/example_dags/example_complex.py for tasks to queue
[2022-11-07T23:28:07.491-0300] {logging_mixin.py:117} INFO - [2022-11-07T23:28:07.491-0300] {dagbag.py:525} INFO - Filling up the DagBag from /home/renato/Documentos/datapipeline/.env/lib/python3.10/site-packages/airflow/example_dags/example_complex.py
[2022-11-07T23:28:07.518-0300] {processor.py:768} INFO - DAG(s) dict_keys(['example_complex']) retrieved from /home/renato/Documentos/datapipeline/.env/lib/python3.10/site-packages/airflow/example_dags/example_complex.py
[2022-11-07T23:28:07.544-0300] {logging_mixin.py:117} INFO - [2022-11-07T23:28:07.544-0300] {dag.py:2573} INFO - Sync 1 DAGs
[2022-11-07T23:28:07.564-0300] {logging_mixin.py:117} INFO - [2022-11-07T23:28:07.564-0300] {dag.py:3324} INFO - Setting next_dagrun for example_complex to None, run_after=None
[2022-11-07T23:28:07.588-0300] {processor.py:178} INFO - Processing /home/renato/Documentos/datapipeline/.env/lib/python3.10/site-packages/airflow/example_dags/example_complex.py took 0.112 seconds
[2022-11-07T23:28:46.231-0300] {processor.py:156} INFO - Started process (PID=965540) to work on /home/renato/Documentos/datapipeline/.env/lib/python3.10/site-packages/airflow/example_dags/example_complex.py
[2022-11-07T23:28:46.233-0300] {processor.py:758} INFO - Processing file /home/renato/Documentos/datapipeline/.env/lib/python3.10/site-packages/airflow/example_dags/example_complex.py for tasks to queue
[2022-11-07T23:28:46.235-0300] {logging_mixin.py:117} INFO - [2022-11-07T23:28:46.234-0300] {dagbag.py:525} INFO - Filling up the DagBag from /home/renato/Documentos/datapipeline/.env/lib/python3.10/site-packages/airflow/example_dags/example_complex.py
[2022-11-07T23:28:46.262-0300] {processor.py:768} INFO - DAG(s) dict_keys(['example_complex']) retrieved from /home/renato/Documentos/datapipeline/.env/lib/python3.10/site-packages/airflow/example_dags/example_complex.py
[2022-11-07T23:28:46.291-0300] {logging_mixin.py:117} INFO - [2022-11-07T23:28:46.291-0300] {dag.py:2573} INFO - Sync 1 DAGs
[2022-11-07T23:28:46.309-0300] {logging_mixin.py:117} INFO - [2022-11-07T23:28:46.309-0300] {dag.py:3324} INFO - Setting next_dagrun for example_complex to None, run_after=None
[2022-11-07T23:28:46.332-0300] {processor.py:178} INFO - Processing /home/renato/Documentos/datapipeline/.env/lib/python3.10/site-packages/airflow/example_dags/example_complex.py took 0.107 seconds
[2022-11-07T23:29:25.357-0300] {processor.py:156} INFO - Started process (PID=965621) to work on /home/renato/Documentos/datapipeline/.env/lib/python3.10/site-packages/airflow/example_dags/example_complex.py
[2022-11-07T23:29:25.359-0300] {processor.py:758} INFO - Processing file /home/renato/Documentos/datapipeline/.env/lib/python3.10/site-packages/airflow/example_dags/example_complex.py for tasks to queue
[2022-11-07T23:29:25.359-0300] {logging_mixin.py:117} INFO - [2022-11-07T23:29:25.359-0300] {dagbag.py:525} INFO - Filling up the DagBag from /home/renato/Documentos/datapipeline/.env/lib/python3.10/site-packages/airflow/example_dags/example_complex.py
[2022-11-07T23:29:25.379-0300] {processor.py:768} INFO - DAG(s) dict_keys(['example_complex']) retrieved from /home/renato/Documentos/datapipeline/.env/lib/python3.10/site-packages/airflow/example_dags/example_complex.py
[2022-11-07T23:29:25.410-0300] {logging_mixin.py:117} INFO - [2022-11-07T23:29:25.410-0300] {dag.py:2573} INFO - Sync 1 DAGs
[2022-11-07T23:29:25.431-0300] {logging_mixin.py:117} INFO - [2022-11-07T23:29:25.430-0300] {dag.py:3324} INFO - Setting next_dagrun for example_complex to None, run_after=None
[2022-11-07T23:29:25.455-0300] {processor.py:178} INFO - Processing /home/renato/Documentos/datapipeline/.env/lib/python3.10/site-packages/airflow/example_dags/example_complex.py took 0.101 seconds
[2022-11-07T23:30:03.317-0300] {processor.py:156} INFO - Started process (PID=965699) to work on /home/renato/Documentos/datapipeline/.env/lib/python3.10/site-packages/airflow/example_dags/example_complex.py
[2022-11-07T23:30:03.318-0300] {processor.py:758} INFO - Processing file /home/renato/Documentos/datapipeline/.env/lib/python3.10/site-packages/airflow/example_dags/example_complex.py for tasks to queue
[2022-11-07T23:30:03.319-0300] {logging_mixin.py:117} INFO - [2022-11-07T23:30:03.319-0300] {dagbag.py:525} INFO - Filling up the DagBag from /home/renato/Documentos/datapipeline/.env/lib/python3.10/site-packages/airflow/example_dags/example_complex.py
[2022-11-07T23:30:03.336-0300] {processor.py:768} INFO - DAG(s) dict_keys(['example_complex']) retrieved from /home/renato/Documentos/datapipeline/.env/lib/python3.10/site-packages/airflow/example_dags/example_complex.py
[2022-11-07T23:30:03.362-0300] {logging_mixin.py:117} INFO - [2022-11-07T23:30:03.362-0300] {dag.py:2573} INFO - Sync 1 DAGs
[2022-11-07T23:30:03.379-0300] {logging_mixin.py:117} INFO - [2022-11-07T23:30:03.378-0300] {dag.py:3324} INFO - Setting next_dagrun for example_complex to None, run_after=None
[2022-11-07T23:30:03.403-0300] {processor.py:178} INFO - Processing /home/renato/Documentos/datapipeline/.env/lib/python3.10/site-packages/airflow/example_dags/example_complex.py took 0.089 seconds
[2022-11-07T23:30:46.956-0300] {processor.py:156} INFO - Started process (PID=965785) to work on /home/renato/Documentos/datapipeline/.env/lib/python3.10/site-packages/airflow/example_dags/example_complex.py
[2022-11-07T23:30:46.959-0300] {processor.py:758} INFO - Processing file /home/renato/Documentos/datapipeline/.env/lib/python3.10/site-packages/airflow/example_dags/example_complex.py for tasks to queue
[2022-11-07T23:30:46.961-0300] {logging_mixin.py:117} INFO - [2022-11-07T23:30:46.960-0300] {dagbag.py:525} INFO - Filling up the DagBag from /home/renato/Documentos/datapipeline/.env/lib/python3.10/site-packages/airflow/example_dags/example_complex.py
[2022-11-07T23:30:46.986-0300] {processor.py:768} INFO - DAG(s) dict_keys(['example_complex']) retrieved from /home/renato/Documentos/datapipeline/.env/lib/python3.10/site-packages/airflow/example_dags/example_complex.py
[2022-11-07T23:30:47.016-0300] {logging_mixin.py:117} INFO - [2022-11-07T23:30:47.016-0300] {dag.py:2573} INFO - Sync 1 DAGs
[2022-11-07T23:30:47.034-0300] {logging_mixin.py:117} INFO - [2022-11-07T23:30:47.034-0300] {dag.py:3324} INFO - Setting next_dagrun for example_complex to None, run_after=None
[2022-11-07T23:30:47.058-0300] {processor.py:178} INFO - Processing /home/renato/Documentos/datapipeline/.env/lib/python3.10/site-packages/airflow/example_dags/example_complex.py took 0.109 seconds
[2022-11-07T23:31:29.200-0300] {processor.py:156} INFO - Started process (PID=965867) to work on /home/renato/Documentos/datapipeline/.env/lib/python3.10/site-packages/airflow/example_dags/example_complex.py
[2022-11-07T23:31:29.202-0300] {processor.py:758} INFO - Processing file /home/renato/Documentos/datapipeline/.env/lib/python3.10/site-packages/airflow/example_dags/example_complex.py for tasks to queue
[2022-11-07T23:31:29.203-0300] {logging_mixin.py:117} INFO - [2022-11-07T23:31:29.203-0300] {dagbag.py:525} INFO - Filling up the DagBag from /home/renato/Documentos/datapipeline/.env/lib/python3.10/site-packages/airflow/example_dags/example_complex.py
[2022-11-07T23:31:29.221-0300] {processor.py:768} INFO - DAG(s) dict_keys(['example_complex']) retrieved from /home/renato/Documentos/datapipeline/.env/lib/python3.10/site-packages/airflow/example_dags/example_complex.py
[2022-11-07T23:31:29.249-0300] {logging_mixin.py:117} INFO - [2022-11-07T23:31:29.249-0300] {dag.py:2573} INFO - Sync 1 DAGs
[2022-11-07T23:31:29.267-0300] {logging_mixin.py:117} INFO - [2022-11-07T23:31:29.266-0300] {dag.py:3324} INFO - Setting next_dagrun for example_complex to None, run_after=None
[2022-11-07T23:31:29.292-0300] {processor.py:178} INFO - Processing /home/renato/Documentos/datapipeline/.env/lib/python3.10/site-packages/airflow/example_dags/example_complex.py took 0.095 seconds
[2022-11-07T23:32:08.002-0300] {processor.py:156} INFO - Started process (PID=965947) to work on /home/renato/Documentos/datapipeline/.env/lib/python3.10/site-packages/airflow/example_dags/example_complex.py
[2022-11-07T23:32:08.005-0300] {processor.py:758} INFO - Processing file /home/renato/Documentos/datapipeline/.env/lib/python3.10/site-packages/airflow/example_dags/example_complex.py for tasks to queue
[2022-11-07T23:32:08.006-0300] {logging_mixin.py:117} INFO - [2022-11-07T23:32:08.006-0300] {dagbag.py:525} INFO - Filling up the DagBag from /home/renato/Documentos/datapipeline/.env/lib/python3.10/site-packages/airflow/example_dags/example_complex.py
[2022-11-07T23:32:08.033-0300] {processor.py:768} INFO - DAG(s) dict_keys(['example_complex']) retrieved from /home/renato/Documentos/datapipeline/.env/lib/python3.10/site-packages/airflow/example_dags/example_complex.py
[2022-11-07T23:32:08.059-0300] {logging_mixin.py:117} INFO - [2022-11-07T23:32:08.059-0300] {dag.py:2573} INFO - Sync 1 DAGs
[2022-11-07T23:32:08.076-0300] {logging_mixin.py:117} INFO - [2022-11-07T23:32:08.076-0300] {dag.py:3324} INFO - Setting next_dagrun for example_complex to None, run_after=None
[2022-11-07T23:32:08.105-0300] {processor.py:178} INFO - Processing /home/renato/Documentos/datapipeline/.env/lib/python3.10/site-packages/airflow/example_dags/example_complex.py took 0.109 seconds
[2022-11-07T23:32:49.617-0300] {processor.py:156} INFO - Started process (PID=966158) to work on /home/renato/Documentos/datapipeline/.env/lib/python3.10/site-packages/airflow/example_dags/example_complex.py
[2022-11-07T23:32:49.618-0300] {processor.py:758} INFO - Processing file /home/renato/Documentos/datapipeline/.env/lib/python3.10/site-packages/airflow/example_dags/example_complex.py for tasks to queue
[2022-11-07T23:32:49.619-0300] {logging_mixin.py:117} INFO - [2022-11-07T23:32:49.619-0300] {dagbag.py:525} INFO - Filling up the DagBag from /home/renato/Documentos/datapipeline/.env/lib/python3.10/site-packages/airflow/example_dags/example_complex.py
[2022-11-07T23:32:49.641-0300] {processor.py:768} INFO - DAG(s) dict_keys(['example_complex']) retrieved from /home/renato/Documentos/datapipeline/.env/lib/python3.10/site-packages/airflow/example_dags/example_complex.py
[2022-11-07T23:32:49.666-0300] {logging_mixin.py:117} INFO - [2022-11-07T23:32:49.665-0300] {dag.py:2573} INFO - Sync 1 DAGs
[2022-11-07T23:32:49.683-0300] {logging_mixin.py:117} INFO - [2022-11-07T23:32:49.683-0300] {dag.py:3324} INFO - Setting next_dagrun for example_complex to None, run_after=None
[2022-11-07T23:32:49.705-0300] {processor.py:178} INFO - Processing /home/renato/Documentos/datapipeline/.env/lib/python3.10/site-packages/airflow/example_dags/example_complex.py took 0.092 seconds
[2022-11-07T23:33:36.843-0300] {processor.py:156} INFO - Started process (PID=966251) to work on /home/renato/Documentos/datapipeline/.env/lib/python3.10/site-packages/airflow/example_dags/example_complex.py
[2022-11-07T23:33:36.847-0300] {processor.py:758} INFO - Processing file /home/renato/Documentos/datapipeline/.env/lib/python3.10/site-packages/airflow/example_dags/example_complex.py for tasks to queue
[2022-11-07T23:33:36.848-0300] {logging_mixin.py:117} INFO - [2022-11-07T23:33:36.848-0300] {dagbag.py:525} INFO - Filling up the DagBag from /home/renato/Documentos/datapipeline/.env/lib/python3.10/site-packages/airflow/example_dags/example_complex.py
[2022-11-07T23:33:36.873-0300] {processor.py:768} INFO - DAG(s) dict_keys(['example_complex']) retrieved from /home/renato/Documentos/datapipeline/.env/lib/python3.10/site-packages/airflow/example_dags/example_complex.py
[2022-11-07T23:33:36.901-0300] {logging_mixin.py:117} INFO - [2022-11-07T23:33:36.901-0300] {dag.py:2573} INFO - Sync 1 DAGs
[2022-11-07T23:33:36.918-0300] {logging_mixin.py:117} INFO - [2022-11-07T23:33:36.918-0300] {dag.py:3324} INFO - Setting next_dagrun for example_complex to None, run_after=None
[2022-11-07T23:33:36.940-0300] {processor.py:178} INFO - Processing /home/renato/Documentos/datapipeline/.env/lib/python3.10/site-packages/airflow/example_dags/example_complex.py took 0.103 seconds
[2022-11-07T23:34:14.101-0300] {processor.py:156} INFO - Started process (PID=966324) to work on /home/renato/Documentos/datapipeline/.env/lib/python3.10/site-packages/airflow/example_dags/example_complex.py
[2022-11-07T23:34:14.103-0300] {processor.py:758} INFO - Processing file /home/renato/Documentos/datapipeline/.env/lib/python3.10/site-packages/airflow/example_dags/example_complex.py for tasks to queue
[2022-11-07T23:34:14.104-0300] {logging_mixin.py:117} INFO - [2022-11-07T23:34:14.104-0300] {dagbag.py:525} INFO - Filling up the DagBag from /home/renato/Documentos/datapipeline/.env/lib/python3.10/site-packages/airflow/example_dags/example_complex.py
[2022-11-07T23:34:14.123-0300] {processor.py:768} INFO - DAG(s) dict_keys(['example_complex']) retrieved from /home/renato/Documentos/datapipeline/.env/lib/python3.10/site-packages/airflow/example_dags/example_complex.py
[2022-11-07T23:34:14.150-0300] {logging_mixin.py:117} INFO - [2022-11-07T23:34:14.150-0300] {dag.py:2573} INFO - Sync 1 DAGs
[2022-11-07T23:34:14.166-0300] {logging_mixin.py:117} INFO - [2022-11-07T23:34:14.166-0300] {dag.py:3324} INFO - Setting next_dagrun for example_complex to None, run_after=None
[2022-11-07T23:34:14.190-0300] {processor.py:178} INFO - Processing /home/renato/Documentos/datapipeline/.env/lib/python3.10/site-packages/airflow/example_dags/example_complex.py took 0.092 seconds
[2022-11-07T23:34:51.891-0300] {processor.py:156} INFO - Started process (PID=966401) to work on /home/renato/Documentos/datapipeline/.env/lib/python3.10/site-packages/airflow/example_dags/example_complex.py
[2022-11-07T23:34:51.896-0300] {processor.py:758} INFO - Processing file /home/renato/Documentos/datapipeline/.env/lib/python3.10/site-packages/airflow/example_dags/example_complex.py for tasks to queue
[2022-11-07T23:34:51.896-0300] {logging_mixin.py:117} INFO - [2022-11-07T23:34:51.896-0300] {dagbag.py:525} INFO - Filling up the DagBag from /home/renato/Documentos/datapipeline/.env/lib/python3.10/site-packages/airflow/example_dags/example_complex.py
[2022-11-07T23:34:51.913-0300] {processor.py:768} INFO - DAG(s) dict_keys(['example_complex']) retrieved from /home/renato/Documentos/datapipeline/.env/lib/python3.10/site-packages/airflow/example_dags/example_complex.py
[2022-11-07T23:34:51.937-0300] {logging_mixin.py:117} INFO - [2022-11-07T23:34:51.937-0300] {dag.py:2573} INFO - Sync 1 DAGs
[2022-11-07T23:34:51.954-0300] {logging_mixin.py:117} INFO - [2022-11-07T23:34:51.953-0300] {dag.py:3324} INFO - Setting next_dagrun for example_complex to None, run_after=None
[2022-11-07T23:34:51.976-0300] {processor.py:178} INFO - Processing /home/renato/Documentos/datapipeline/.env/lib/python3.10/site-packages/airflow/example_dags/example_complex.py took 0.088 seconds
[2022-11-07T23:35:29.599-0300] {processor.py:156} INFO - Started process (PID=966476) to work on /home/renato/Documentos/datapipeline/.env/lib/python3.10/site-packages/airflow/example_dags/example_complex.py
[2022-11-07T23:35:29.601-0300] {processor.py:758} INFO - Processing file /home/renato/Documentos/datapipeline/.env/lib/python3.10/site-packages/airflow/example_dags/example_complex.py for tasks to queue
[2022-11-07T23:35:29.602-0300] {logging_mixin.py:117} INFO - [2022-11-07T23:35:29.602-0300] {dagbag.py:525} INFO - Filling up the DagBag from /home/renato/Documentos/datapipeline/.env/lib/python3.10/site-packages/airflow/example_dags/example_complex.py
[2022-11-07T23:35:29.631-0300] {processor.py:768} INFO - DAG(s) dict_keys(['example_complex']) retrieved from /home/renato/Documentos/datapipeline/.env/lib/python3.10/site-packages/airflow/example_dags/example_complex.py
[2022-11-07T23:35:29.656-0300] {logging_mixin.py:117} INFO - [2022-11-07T23:35:29.655-0300] {dag.py:2573} INFO - Sync 1 DAGs
[2022-11-07T23:35:29.671-0300] {logging_mixin.py:117} INFO - [2022-11-07T23:35:29.671-0300] {dag.py:3324} INFO - Setting next_dagrun for example_complex to None, run_after=None
[2022-11-07T23:35:29.693-0300] {processor.py:178} INFO - Processing /home/renato/Documentos/datapipeline/.env/lib/python3.10/site-packages/airflow/example_dags/example_complex.py took 0.101 seconds
[2022-11-07T23:36:14.230-0300] {processor.py:156} INFO - Started process (PID=966565) to work on /home/renato/Documentos/datapipeline/.env/lib/python3.10/site-packages/airflow/example_dags/example_complex.py
[2022-11-07T23:36:14.233-0300] {processor.py:758} INFO - Processing file /home/renato/Documentos/datapipeline/.env/lib/python3.10/site-packages/airflow/example_dags/example_complex.py for tasks to queue
[2022-11-07T23:36:14.234-0300] {logging_mixin.py:117} INFO - [2022-11-07T23:36:14.234-0300] {dagbag.py:525} INFO - Filling up the DagBag from /home/renato/Documentos/datapipeline/.env/lib/python3.10/site-packages/airflow/example_dags/example_complex.py
[2022-11-07T23:36:14.251-0300] {processor.py:768} INFO - DAG(s) dict_keys(['example_complex']) retrieved from /home/renato/Documentos/datapipeline/.env/lib/python3.10/site-packages/airflow/example_dags/example_complex.py
[2022-11-07T23:36:14.275-0300] {logging_mixin.py:117} INFO - [2022-11-07T23:36:14.275-0300] {dag.py:2573} INFO - Sync 1 DAGs
[2022-11-07T23:36:14.291-0300] {logging_mixin.py:117} INFO - [2022-11-07T23:36:14.291-0300] {dag.py:3324} INFO - Setting next_dagrun for example_complex to None, run_after=None
[2022-11-07T23:36:14.314-0300] {processor.py:178} INFO - Processing /home/renato/Documentos/datapipeline/.env/lib/python3.10/site-packages/airflow/example_dags/example_complex.py took 0.088 seconds
[2022-11-07T23:36:55.276-0300] {processor.py:156} INFO - Started process (PID=966645) to work on /home/renato/Documentos/datapipeline/.env/lib/python3.10/site-packages/airflow/example_dags/example_complex.py
[2022-11-07T23:36:55.281-0300] {processor.py:758} INFO - Processing file /home/renato/Documentos/datapipeline/.env/lib/python3.10/site-packages/airflow/example_dags/example_complex.py for tasks to queue
[2022-11-07T23:36:55.282-0300] {logging_mixin.py:117} INFO - [2022-11-07T23:36:55.282-0300] {dagbag.py:525} INFO - Filling up the DagBag from /home/renato/Documentos/datapipeline/.env/lib/python3.10/site-packages/airflow/example_dags/example_complex.py
[2022-11-07T23:36:55.305-0300] {processor.py:768} INFO - DAG(s) dict_keys(['example_complex']) retrieved from /home/renato/Documentos/datapipeline/.env/lib/python3.10/site-packages/airflow/example_dags/example_complex.py
[2022-11-07T23:36:55.332-0300] {logging_mixin.py:117} INFO - [2022-11-07T23:36:55.332-0300] {dag.py:2573} INFO - Sync 1 DAGs
[2022-11-07T23:36:55.348-0300] {logging_mixin.py:117} INFO - [2022-11-07T23:36:55.348-0300] {dag.py:3324} INFO - Setting next_dagrun for example_complex to None, run_after=None
[2022-11-07T23:36:55.372-0300] {processor.py:178} INFO - Processing /home/renato/Documentos/datapipeline/.env/lib/python3.10/site-packages/airflow/example_dags/example_complex.py took 0.099 seconds
[2022-11-07T23:37:39.394-0300] {processor.py:156} INFO - Started process (PID=966864) to work on /home/renato/Documentos/datapipeline/.env/lib/python3.10/site-packages/airflow/example_dags/example_complex.py
[2022-11-07T23:37:39.397-0300] {processor.py:758} INFO - Processing file /home/renato/Documentos/datapipeline/.env/lib/python3.10/site-packages/airflow/example_dags/example_complex.py for tasks to queue
[2022-11-07T23:37:39.398-0300] {logging_mixin.py:117} INFO - [2022-11-07T23:37:39.398-0300] {dagbag.py:525} INFO - Filling up the DagBag from /home/renato/Documentos/datapipeline/.env/lib/python3.10/site-packages/airflow/example_dags/example_complex.py
[2022-11-07T23:37:39.422-0300] {processor.py:768} INFO - DAG(s) dict_keys(['example_complex']) retrieved from /home/renato/Documentos/datapipeline/.env/lib/python3.10/site-packages/airflow/example_dags/example_complex.py
[2022-11-07T23:37:39.453-0300] {logging_mixin.py:117} INFO - [2022-11-07T23:37:39.452-0300] {dag.py:2573} INFO - Sync 1 DAGs
[2022-11-07T23:37:39.472-0300] {logging_mixin.py:117} INFO - [2022-11-07T23:37:39.472-0300] {dag.py:3324} INFO - Setting next_dagrun for example_complex to None, run_after=None
[2022-11-07T23:37:39.501-0300] {processor.py:178} INFO - Processing /home/renato/Documentos/datapipeline/.env/lib/python3.10/site-packages/airflow/example_dags/example_complex.py took 0.116 seconds
[2022-11-07T23:38:25.329-0300] {processor.py:156} INFO - Started process (PID=966954) to work on /home/renato/Documentos/datapipeline/.env/lib/python3.10/site-packages/airflow/example_dags/example_complex.py
[2022-11-07T23:38:25.342-0300] {processor.py:758} INFO - Processing file /home/renato/Documentos/datapipeline/.env/lib/python3.10/site-packages/airflow/example_dags/example_complex.py for tasks to queue
[2022-11-07T23:38:25.343-0300] {logging_mixin.py:117} INFO - [2022-11-07T23:38:25.343-0300] {dagbag.py:525} INFO - Filling up the DagBag from /home/renato/Documentos/datapipeline/.env/lib/python3.10/site-packages/airflow/example_dags/example_complex.py
[2022-11-07T23:38:25.368-0300] {processor.py:768} INFO - DAG(s) dict_keys(['example_complex']) retrieved from /home/renato/Documentos/datapipeline/.env/lib/python3.10/site-packages/airflow/example_dags/example_complex.py
[2022-11-07T23:38:25.394-0300] {logging_mixin.py:117} INFO - [2022-11-07T23:38:25.394-0300] {dag.py:2573} INFO - Sync 1 DAGs
[2022-11-07T23:38:25.409-0300] {logging_mixin.py:117} INFO - [2022-11-07T23:38:25.409-0300] {dag.py:3324} INFO - Setting next_dagrun for example_complex to None, run_after=None
[2022-11-07T23:38:25.432-0300] {processor.py:178} INFO - Processing /home/renato/Documentos/datapipeline/.env/lib/python3.10/site-packages/airflow/example_dags/example_complex.py took 0.110 seconds
[2022-11-07T23:39:05.920-0300] {processor.py:156} INFO - Started process (PID=967052) to work on /home/renato/Documentos/datapipeline/.env/lib/python3.10/site-packages/airflow/example_dags/example_complex.py
[2022-11-07T23:39:05.923-0300] {processor.py:758} INFO - Processing file /home/renato/Documentos/datapipeline/.env/lib/python3.10/site-packages/airflow/example_dags/example_complex.py for tasks to queue
[2022-11-07T23:39:05.924-0300] {logging_mixin.py:117} INFO - [2022-11-07T23:39:05.924-0300] {dagbag.py:525} INFO - Filling up the DagBag from /home/renato/Documentos/datapipeline/.env/lib/python3.10/site-packages/airflow/example_dags/example_complex.py
[2022-11-07T23:39:05.954-0300] {processor.py:768} INFO - DAG(s) dict_keys(['example_complex']) retrieved from /home/renato/Documentos/datapipeline/.env/lib/python3.10/site-packages/airflow/example_dags/example_complex.py
[2022-11-07T23:39:05.979-0300] {logging_mixin.py:117} INFO - [2022-11-07T23:39:05.979-0300] {dag.py:2573} INFO - Sync 1 DAGs
[2022-11-07T23:39:05.995-0300] {logging_mixin.py:117} INFO - [2022-11-07T23:39:05.995-0300] {dag.py:3324} INFO - Setting next_dagrun for example_complex to None, run_after=None
[2022-11-07T23:39:06.018-0300] {processor.py:178} INFO - Processing /home/renato/Documentos/datapipeline/.env/lib/python3.10/site-packages/airflow/example_dags/example_complex.py took 0.103 seconds
[2022-11-07T23:40:03.165-0300] {processor.py:156} INFO - Started process (PID=967164) to work on /home/renato/Documentos/datapipeline/.env/lib/python3.10/site-packages/airflow/example_dags/example_complex.py
[2022-11-07T23:40:03.168-0300] {processor.py:758} INFO - Processing file /home/renato/Documentos/datapipeline/.env/lib/python3.10/site-packages/airflow/example_dags/example_complex.py for tasks to queue
[2022-11-07T23:40:03.170-0300] {logging_mixin.py:117} INFO - [2022-11-07T23:40:03.169-0300] {dagbag.py:525} INFO - Filling up the DagBag from /home/renato/Documentos/datapipeline/.env/lib/python3.10/site-packages/airflow/example_dags/example_complex.py
[2022-11-07T23:40:03.200-0300] {processor.py:768} INFO - DAG(s) dict_keys(['example_complex']) retrieved from /home/renato/Documentos/datapipeline/.env/lib/python3.10/site-packages/airflow/example_dags/example_complex.py
[2022-11-07T23:40:03.228-0300] {logging_mixin.py:117} INFO - [2022-11-07T23:40:03.227-0300] {dag.py:2573} INFO - Sync 1 DAGs
[2022-11-07T23:40:03.246-0300] {logging_mixin.py:117} INFO - [2022-11-07T23:40:03.245-0300] {dag.py:3324} INFO - Setting next_dagrun for example_complex to None, run_after=None
[2022-11-07T23:40:03.269-0300] {processor.py:178} INFO - Processing /home/renato/Documentos/datapipeline/.env/lib/python3.10/site-packages/airflow/example_dags/example_complex.py took 0.112 seconds
[2022-11-07T23:40:42.141-0300] {processor.py:156} INFO - Started process (PID=967239) to work on /home/renato/Documentos/datapipeline/.env/lib/python3.10/site-packages/airflow/example_dags/example_complex.py
[2022-11-07T23:40:42.149-0300] {processor.py:758} INFO - Processing file /home/renato/Documentos/datapipeline/.env/lib/python3.10/site-packages/airflow/example_dags/example_complex.py for tasks to queue
[2022-11-07T23:40:42.150-0300] {logging_mixin.py:117} INFO - [2022-11-07T23:40:42.150-0300] {dagbag.py:525} INFO - Filling up the DagBag from /home/renato/Documentos/datapipeline/.env/lib/python3.10/site-packages/airflow/example_dags/example_complex.py
[2022-11-07T23:40:42.176-0300] {processor.py:768} INFO - DAG(s) dict_keys(['example_complex']) retrieved from /home/renato/Documentos/datapipeline/.env/lib/python3.10/site-packages/airflow/example_dags/example_complex.py
[2022-11-07T23:40:42.203-0300] {logging_mixin.py:117} INFO - [2022-11-07T23:40:42.203-0300] {dag.py:2573} INFO - Sync 1 DAGs
[2022-11-07T23:40:42.220-0300] {logging_mixin.py:117} INFO - [2022-11-07T23:40:42.220-0300] {dag.py:3324} INFO - Setting next_dagrun for example_complex to None, run_after=None
[2022-11-07T23:40:42.753-0300] {processor.py:178} INFO - Processing /home/renato/Documentos/datapipeline/.env/lib/python3.10/site-packages/airflow/example_dags/example_complex.py took 0.618 seconds
[2022-11-07T23:41:22.928-0300] {processor.py:156} INFO - Started process (PID=967318) to work on /home/renato/Documentos/datapipeline/.env/lib/python3.10/site-packages/airflow/example_dags/example_complex.py
[2022-11-07T23:41:22.931-0300] {processor.py:758} INFO - Processing file /home/renato/Documentos/datapipeline/.env/lib/python3.10/site-packages/airflow/example_dags/example_complex.py for tasks to queue
[2022-11-07T23:41:22.933-0300] {logging_mixin.py:117} INFO - [2022-11-07T23:41:22.932-0300] {dagbag.py:525} INFO - Filling up the DagBag from /home/renato/Documentos/datapipeline/.env/lib/python3.10/site-packages/airflow/example_dags/example_complex.py
[2022-11-07T23:41:22.967-0300] {processor.py:768} INFO - DAG(s) dict_keys(['example_complex']) retrieved from /home/renato/Documentos/datapipeline/.env/lib/python3.10/site-packages/airflow/example_dags/example_complex.py
[2022-11-07T23:41:22.993-0300] {logging_mixin.py:117} INFO - [2022-11-07T23:41:22.993-0300] {dag.py:2573} INFO - Sync 1 DAGs
[2022-11-07T23:41:23.009-0300] {logging_mixin.py:117} INFO - [2022-11-07T23:41:23.009-0300] {dag.py:3324} INFO - Setting next_dagrun for example_complex to None, run_after=None
[2022-11-07T23:41:23.032-0300] {processor.py:178} INFO - Processing /home/renato/Documentos/datapipeline/.env/lib/python3.10/site-packages/airflow/example_dags/example_complex.py took 0.111 seconds
[2022-11-07T23:42:03.710-0300] {processor.py:156} INFO - Started process (PID=967404) to work on /home/renato/Documentos/datapipeline/.env/lib/python3.10/site-packages/airflow/example_dags/example_complex.py
[2022-11-07T23:42:03.716-0300] {processor.py:758} INFO - Processing file /home/renato/Documentos/datapipeline/.env/lib/python3.10/site-packages/airflow/example_dags/example_complex.py for tasks to queue
[2022-11-07T23:42:03.717-0300] {logging_mixin.py:117} INFO - [2022-11-07T23:42:03.717-0300] {dagbag.py:525} INFO - Filling up the DagBag from /home/renato/Documentos/datapipeline/.env/lib/python3.10/site-packages/airflow/example_dags/example_complex.py
[2022-11-07T23:42:03.755-0300] {processor.py:768} INFO - DAG(s) dict_keys(['example_complex']) retrieved from /home/renato/Documentos/datapipeline/.env/lib/python3.10/site-packages/airflow/example_dags/example_complex.py
[2022-11-07T23:42:03.788-0300] {logging_mixin.py:117} INFO - [2022-11-07T23:42:03.787-0300] {dag.py:2573} INFO - Sync 1 DAGs
[2022-11-07T23:42:03.804-0300] {logging_mixin.py:117} INFO - [2022-11-07T23:42:03.804-0300] {dag.py:3324} INFO - Setting next_dagrun for example_complex to None, run_after=None
[2022-11-07T23:42:03.826-0300] {processor.py:178} INFO - Processing /home/renato/Documentos/datapipeline/.env/lib/python3.10/site-packages/airflow/example_dags/example_complex.py took 0.122 seconds
[2022-11-07T23:42:46.908-0300] {processor.py:156} INFO - Started process (PID=967617) to work on /home/renato/Documentos/datapipeline/.env/lib/python3.10/site-packages/airflow/example_dags/example_complex.py
[2022-11-07T23:42:46.914-0300] {processor.py:758} INFO - Processing file /home/renato/Documentos/datapipeline/.env/lib/python3.10/site-packages/airflow/example_dags/example_complex.py for tasks to queue
[2022-11-07T23:42:46.915-0300] {logging_mixin.py:117} INFO - [2022-11-07T23:42:46.915-0300] {dagbag.py:525} INFO - Filling up the DagBag from /home/renato/Documentos/datapipeline/.env/lib/python3.10/site-packages/airflow/example_dags/example_complex.py
[2022-11-07T23:42:46.943-0300] {processor.py:768} INFO - DAG(s) dict_keys(['example_complex']) retrieved from /home/renato/Documentos/datapipeline/.env/lib/python3.10/site-packages/airflow/example_dags/example_complex.py
[2022-11-07T23:42:46.971-0300] {logging_mixin.py:117} INFO - [2022-11-07T23:42:46.971-0300] {dag.py:2573} INFO - Sync 1 DAGs
[2022-11-07T23:42:46.988-0300] {logging_mixin.py:117} INFO - [2022-11-07T23:42:46.987-0300] {dag.py:3324} INFO - Setting next_dagrun for example_complex to None, run_after=None
[2022-11-07T23:42:47.010-0300] {processor.py:178} INFO - Processing /home/renato/Documentos/datapipeline/.env/lib/python3.10/site-packages/airflow/example_dags/example_complex.py took 0.108 seconds
[2022-11-08T19:26:41.870-0300] {processor.py:156} INFO - Started process (PID=11823) to work on /home/renato/Documentos/datapipeline/.env/lib/python3.10/site-packages/airflow/example_dags/example_complex.py
[2022-11-08T19:26:41.875-0300] {processor.py:758} INFO - Processing file /home/renato/Documentos/datapipeline/.env/lib/python3.10/site-packages/airflow/example_dags/example_complex.py for tasks to queue
[2022-11-08T19:26:41.875-0300] {logging_mixin.py:117} INFO - [2022-11-08T19:26:41.875-0300] {dagbag.py:525} INFO - Filling up the DagBag from /home/renato/Documentos/datapipeline/.env/lib/python3.10/site-packages/airflow/example_dags/example_complex.py
[2022-11-08T19:26:41.895-0300] {processor.py:768} INFO - DAG(s) dict_keys(['example_complex']) retrieved from /home/renato/Documentos/datapipeline/.env/lib/python3.10/site-packages/airflow/example_dags/example_complex.py
[2022-11-08T19:26:41.921-0300] {logging_mixin.py:117} INFO - [2022-11-08T19:26:41.921-0300] {dag.py:2573} INFO - Sync 1 DAGs
[2022-11-08T19:26:41.939-0300] {logging_mixin.py:117} INFO - [2022-11-08T19:26:41.939-0300] {dag.py:3324} INFO - Setting next_dagrun for example_complex to None, run_after=None
[2022-11-08T19:26:41.968-0300] {processor.py:178} INFO - Processing /home/renato/Documentos/datapipeline/.env/lib/python3.10/site-packages/airflow/example_dags/example_complex.py took 0.101 seconds
[2022-11-08T19:27:21.809-0300] {processor.py:156} INFO - Started process (PID=11900) to work on /home/renato/Documentos/datapipeline/.env/lib/python3.10/site-packages/airflow/example_dags/example_complex.py
[2022-11-08T19:27:21.814-0300] {processor.py:758} INFO - Processing file /home/renato/Documentos/datapipeline/.env/lib/python3.10/site-packages/airflow/example_dags/example_complex.py for tasks to queue
[2022-11-08T19:27:21.816-0300] {logging_mixin.py:117} INFO - [2022-11-08T19:27:21.815-0300] {dagbag.py:525} INFO - Filling up the DagBag from /home/renato/Documentos/datapipeline/.env/lib/python3.10/site-packages/airflow/example_dags/example_complex.py
[2022-11-08T19:27:21.840-0300] {processor.py:768} INFO - DAG(s) dict_keys(['example_complex']) retrieved from /home/renato/Documentos/datapipeline/.env/lib/python3.10/site-packages/airflow/example_dags/example_complex.py
[2022-11-08T19:27:21.867-0300] {logging_mixin.py:117} INFO - [2022-11-08T19:27:21.867-0300] {dag.py:2573} INFO - Sync 1 DAGs
[2022-11-08T19:27:21.884-0300] {logging_mixin.py:117} INFO - [2022-11-08T19:27:21.884-0300] {dag.py:3324} INFO - Setting next_dagrun for example_complex to None, run_after=None
[2022-11-08T19:27:21.906-0300] {processor.py:178} INFO - Processing /home/renato/Documentos/datapipeline/.env/lib/python3.10/site-packages/airflow/example_dags/example_complex.py took 0.101 seconds
[2022-11-08T19:28:02.428-0300] {processor.py:156} INFO - Started process (PID=11980) to work on /home/renato/Documentos/datapipeline/.env/lib/python3.10/site-packages/airflow/example_dags/example_complex.py
[2022-11-08T19:28:02.431-0300] {processor.py:758} INFO - Processing file /home/renato/Documentos/datapipeline/.env/lib/python3.10/site-packages/airflow/example_dags/example_complex.py for tasks to queue
[2022-11-08T19:28:02.432-0300] {logging_mixin.py:117} INFO - [2022-11-08T19:28:02.432-0300] {dagbag.py:525} INFO - Filling up the DagBag from /home/renato/Documentos/datapipeline/.env/lib/python3.10/site-packages/airflow/example_dags/example_complex.py
[2022-11-08T19:28:02.457-0300] {processor.py:768} INFO - DAG(s) dict_keys(['example_complex']) retrieved from /home/renato/Documentos/datapipeline/.env/lib/python3.10/site-packages/airflow/example_dags/example_complex.py
[2022-11-08T19:28:02.480-0300] {logging_mixin.py:117} INFO - [2022-11-08T19:28:02.479-0300] {dag.py:2573} INFO - Sync 1 DAGs
[2022-11-08T19:28:02.496-0300] {logging_mixin.py:117} INFO - [2022-11-08T19:28:02.496-0300] {dag.py:3324} INFO - Setting next_dagrun for example_complex to None, run_after=None
[2022-11-08T19:28:02.518-0300] {processor.py:178} INFO - Processing /home/renato/Documentos/datapipeline/.env/lib/python3.10/site-packages/airflow/example_dags/example_complex.py took 0.094 seconds
[2022-11-08T19:28:46.523-0300] {processor.py:156} INFO - Started process (PID=12194) to work on /home/renato/Documentos/datapipeline/.env/lib/python3.10/site-packages/airflow/example_dags/example_complex.py
[2022-11-08T19:28:46.525-0300] {processor.py:758} INFO - Processing file /home/renato/Documentos/datapipeline/.env/lib/python3.10/site-packages/airflow/example_dags/example_complex.py for tasks to queue
[2022-11-08T19:28:46.526-0300] {logging_mixin.py:117} INFO - [2022-11-08T19:28:46.526-0300] {dagbag.py:525} INFO - Filling up the DagBag from /home/renato/Documentos/datapipeline/.env/lib/python3.10/site-packages/airflow/example_dags/example_complex.py
[2022-11-08T19:28:46.554-0300] {processor.py:768} INFO - DAG(s) dict_keys(['example_complex']) retrieved from /home/renato/Documentos/datapipeline/.env/lib/python3.10/site-packages/airflow/example_dags/example_complex.py
[2022-11-08T19:28:46.579-0300] {logging_mixin.py:117} INFO - [2022-11-08T19:28:46.579-0300] {dag.py:2573} INFO - Sync 1 DAGs
[2022-11-08T19:28:46.594-0300] {logging_mixin.py:117} INFO - [2022-11-08T19:28:46.594-0300] {dag.py:3324} INFO - Setting next_dagrun for example_complex to None, run_after=None
[2022-11-08T19:28:46.617-0300] {processor.py:178} INFO - Processing /home/renato/Documentos/datapipeline/.env/lib/python3.10/site-packages/airflow/example_dags/example_complex.py took 0.101 seconds
[2022-11-08T19:29:29.360-0300] {processor.py:156} INFO - Started process (PID=12278) to work on /home/renato/Documentos/datapipeline/.env/lib/python3.10/site-packages/airflow/example_dags/example_complex.py
[2022-11-08T19:29:29.369-0300] {processor.py:758} INFO - Processing file /home/renato/Documentos/datapipeline/.env/lib/python3.10/site-packages/airflow/example_dags/example_complex.py for tasks to queue
[2022-11-08T19:29:29.370-0300] {logging_mixin.py:117} INFO - [2022-11-08T19:29:29.370-0300] {dagbag.py:525} INFO - Filling up the DagBag from /home/renato/Documentos/datapipeline/.env/lib/python3.10/site-packages/airflow/example_dags/example_complex.py
[2022-11-08T19:29:29.393-0300] {processor.py:768} INFO - DAG(s) dict_keys(['example_complex']) retrieved from /home/renato/Documentos/datapipeline/.env/lib/python3.10/site-packages/airflow/example_dags/example_complex.py
[2022-11-08T19:29:29.417-0300] {logging_mixin.py:117} INFO - [2022-11-08T19:29:29.417-0300] {dag.py:2573} INFO - Sync 1 DAGs
[2022-11-08T19:29:29.432-0300] {logging_mixin.py:117} INFO - [2022-11-08T19:29:29.432-0300] {dag.py:3324} INFO - Setting next_dagrun for example_complex to None, run_after=None
[2022-11-08T19:29:29.454-0300] {processor.py:178} INFO - Processing /home/renato/Documentos/datapipeline/.env/lib/python3.10/site-packages/airflow/example_dags/example_complex.py took 0.099 seconds
[2022-11-08T19:31:31.100-0300] {processor.py:156} INFO - Started process (PID=12415) to work on /home/renato/Documentos/datapipeline/.env/lib/python3.10/site-packages/airflow/example_dags/example_complex.py
[2022-11-08T19:31:31.109-0300] {processor.py:758} INFO - Processing file /home/renato/Documentos/datapipeline/.env/lib/python3.10/site-packages/airflow/example_dags/example_complex.py for tasks to queue
[2022-11-08T19:31:31.109-0300] {logging_mixin.py:117} INFO - [2022-11-08T19:31:31.109-0300] {dagbag.py:525} INFO - Filling up the DagBag from /home/renato/Documentos/datapipeline/.env/lib/python3.10/site-packages/airflow/example_dags/example_complex.py
[2022-11-08T19:31:31.125-0300] {processor.py:768} INFO - DAG(s) dict_keys(['example_complex']) retrieved from /home/renato/Documentos/datapipeline/.env/lib/python3.10/site-packages/airflow/example_dags/example_complex.py
[2022-11-08T19:31:31.150-0300] {logging_mixin.py:117} INFO - [2022-11-08T19:31:31.150-0300] {dag.py:2573} INFO - Sync 1 DAGs
[2022-11-08T19:31:31.167-0300] {logging_mixin.py:117} INFO - [2022-11-08T19:31:31.167-0300] {dag.py:3324} INFO - Setting next_dagrun for example_complex to None, run_after=None
[2022-11-08T19:31:31.235-0300] {processor.py:178} INFO - Processing /home/renato/Documentos/datapipeline/.env/lib/python3.10/site-packages/airflow/example_dags/example_complex.py took 0.137 seconds
[2022-11-08T19:32:10.374-0300] {processor.py:156} INFO - Started process (PID=12500) to work on /home/renato/Documentos/datapipeline/.env/lib/python3.10/site-packages/airflow/example_dags/example_complex.py
[2022-11-08T19:32:10.379-0300] {processor.py:758} INFO - Processing file /home/renato/Documentos/datapipeline/.env/lib/python3.10/site-packages/airflow/example_dags/example_complex.py for tasks to queue
[2022-11-08T19:32:10.382-0300] {logging_mixin.py:117} INFO - [2022-11-08T19:32:10.382-0300] {dagbag.py:525} INFO - Filling up the DagBag from /home/renato/Documentos/datapipeline/.env/lib/python3.10/site-packages/airflow/example_dags/example_complex.py
[2022-11-08T19:32:10.411-0300] {processor.py:768} INFO - DAG(s) dict_keys(['example_complex']) retrieved from /home/renato/Documentos/datapipeline/.env/lib/python3.10/site-packages/airflow/example_dags/example_complex.py
[2022-11-08T19:32:10.438-0300] {logging_mixin.py:117} INFO - [2022-11-08T19:32:10.438-0300] {dag.py:2573} INFO - Sync 1 DAGs
[2022-11-08T19:32:10.456-0300] {logging_mixin.py:117} INFO - [2022-11-08T19:32:10.456-0300] {dag.py:3324} INFO - Setting next_dagrun for example_complex to None, run_after=None
[2022-11-08T19:32:10.480-0300] {processor.py:178} INFO - Processing /home/renato/Documentos/datapipeline/.env/lib/python3.10/site-packages/airflow/example_dags/example_complex.py took 0.113 seconds
[2022-11-08T19:32:49.549-0300] {processor.py:156} INFO - Started process (PID=12577) to work on /home/renato/Documentos/datapipeline/.env/lib/python3.10/site-packages/airflow/example_dags/example_complex.py
[2022-11-08T19:32:49.565-0300] {processor.py:758} INFO - Processing file /home/renato/Documentos/datapipeline/.env/lib/python3.10/site-packages/airflow/example_dags/example_complex.py for tasks to queue
[2022-11-08T19:32:49.567-0300] {logging_mixin.py:117} INFO - [2022-11-08T19:32:49.566-0300] {dagbag.py:525} INFO - Filling up the DagBag from /home/renato/Documentos/datapipeline/.env/lib/python3.10/site-packages/airflow/example_dags/example_complex.py
[2022-11-08T19:32:49.609-0300] {processor.py:768} INFO - DAG(s) dict_keys(['example_complex']) retrieved from /home/renato/Documentos/datapipeline/.env/lib/python3.10/site-packages/airflow/example_dags/example_complex.py
[2022-11-08T19:32:49.636-0300] {logging_mixin.py:117} INFO - [2022-11-08T19:32:49.636-0300] {dag.py:2573} INFO - Sync 1 DAGs
[2022-11-08T19:32:49.655-0300] {logging_mixin.py:117} INFO - [2022-11-08T19:32:49.655-0300] {dag.py:3324} INFO - Setting next_dagrun for example_complex to None, run_after=None
[2022-11-08T19:32:49.691-0300] {processor.py:178} INFO - Processing /home/renato/Documentos/datapipeline/.env/lib/python3.10/site-packages/airflow/example_dags/example_complex.py took 0.150 seconds
[2022-11-08T19:33:33.777-0300] {processor.py:156} INFO - Started process (PID=12793) to work on /home/renato/Documentos/datapipeline/.env/lib/python3.10/site-packages/airflow/example_dags/example_complex.py
[2022-11-08T19:33:33.780-0300] {processor.py:758} INFO - Processing file /home/renato/Documentos/datapipeline/.env/lib/python3.10/site-packages/airflow/example_dags/example_complex.py for tasks to queue
[2022-11-08T19:33:33.782-0300] {logging_mixin.py:117} INFO - [2022-11-08T19:33:33.781-0300] {dagbag.py:525} INFO - Filling up the DagBag from /home/renato/Documentos/datapipeline/.env/lib/python3.10/site-packages/airflow/example_dags/example_complex.py
[2022-11-08T19:33:33.807-0300] {processor.py:768} INFO - DAG(s) dict_keys(['example_complex']) retrieved from /home/renato/Documentos/datapipeline/.env/lib/python3.10/site-packages/airflow/example_dags/example_complex.py
[2022-11-08T19:33:33.842-0300] {logging_mixin.py:117} INFO - [2022-11-08T19:33:33.842-0300] {dag.py:2573} INFO - Sync 1 DAGs
[2022-11-08T19:33:33.862-0300] {logging_mixin.py:117} INFO - [2022-11-08T19:33:33.862-0300] {dag.py:3324} INFO - Setting next_dagrun for example_complex to None, run_after=None
[2022-11-08T19:33:33.889-0300] {processor.py:178} INFO - Processing /home/renato/Documentos/datapipeline/.env/lib/python3.10/site-packages/airflow/example_dags/example_complex.py took 0.128 seconds
[2022-11-08T19:34:14.286-0300] {processor.py:156} INFO - Started process (PID=13025) to work on /home/renato/Documentos/datapipeline/.env/lib/python3.10/site-packages/airflow/example_dags/example_complex.py
[2022-11-08T19:34:14.289-0300] {processor.py:758} INFO - Processing file /home/renato/Documentos/datapipeline/.env/lib/python3.10/site-packages/airflow/example_dags/example_complex.py for tasks to queue
[2022-11-08T19:34:14.290-0300] {logging_mixin.py:117} INFO - [2022-11-08T19:34:14.290-0300] {dagbag.py:525} INFO - Filling up the DagBag from /home/renato/Documentos/datapipeline/.env/lib/python3.10/site-packages/airflow/example_dags/example_complex.py
[2022-11-08T19:34:14.308-0300] {processor.py:768} INFO - DAG(s) dict_keys(['example_complex']) retrieved from /home/renato/Documentos/datapipeline/.env/lib/python3.10/site-packages/airflow/example_dags/example_complex.py
[2022-11-08T19:34:14.335-0300] {logging_mixin.py:117} INFO - [2022-11-08T19:34:14.335-0300] {dag.py:2573} INFO - Sync 1 DAGs
[2022-11-08T19:34:14.353-0300] {logging_mixin.py:117} INFO - [2022-11-08T19:34:14.352-0300] {dag.py:3324} INFO - Setting next_dagrun for example_complex to None, run_after=None
[2022-11-08T19:34:14.386-0300] {processor.py:178} INFO - Processing /home/renato/Documentos/datapipeline/.env/lib/python3.10/site-packages/airflow/example_dags/example_complex.py took 0.102 seconds
[2022-11-08T19:34:52.900-0300] {processor.py:156} INFO - Started process (PID=13200) to work on /home/renato/Documentos/datapipeline/.env/lib/python3.10/site-packages/airflow/example_dags/example_complex.py
[2022-11-08T19:34:52.902-0300] {processor.py:758} INFO - Processing file /home/renato/Documentos/datapipeline/.env/lib/python3.10/site-packages/airflow/example_dags/example_complex.py for tasks to queue
[2022-11-08T19:34:52.902-0300] {logging_mixin.py:117} INFO - [2022-11-08T19:34:52.902-0300] {dagbag.py:525} INFO - Filling up the DagBag from /home/renato/Documentos/datapipeline/.env/lib/python3.10/site-packages/airflow/example_dags/example_complex.py
[2022-11-08T19:34:52.919-0300] {processor.py:768} INFO - DAG(s) dict_keys(['example_complex']) retrieved from /home/renato/Documentos/datapipeline/.env/lib/python3.10/site-packages/airflow/example_dags/example_complex.py
[2022-11-08T19:34:52.943-0300] {logging_mixin.py:117} INFO - [2022-11-08T19:34:52.943-0300] {dag.py:2573} INFO - Sync 1 DAGs
[2022-11-08T19:34:52.959-0300] {logging_mixin.py:117} INFO - [2022-11-08T19:34:52.959-0300] {dag.py:3324} INFO - Setting next_dagrun for example_complex to None, run_after=None
[2022-11-08T19:34:52.981-0300] {processor.py:178} INFO - Processing /home/renato/Documentos/datapipeline/.env/lib/python3.10/site-packages/airflow/example_dags/example_complex.py took 0.084 seconds
[2022-11-08T19:35:31.217-0300] {processor.py:156} INFO - Started process (PID=13286) to work on /home/renato/Documentos/datapipeline/.env/lib/python3.10/site-packages/airflow/example_dags/example_complex.py
[2022-11-08T19:35:31.220-0300] {processor.py:758} INFO - Processing file /home/renato/Documentos/datapipeline/.env/lib/python3.10/site-packages/airflow/example_dags/example_complex.py for tasks to queue
[2022-11-08T19:35:31.221-0300] {logging_mixin.py:117} INFO - [2022-11-08T19:35:31.221-0300] {dagbag.py:525} INFO - Filling up the DagBag from /home/renato/Documentos/datapipeline/.env/lib/python3.10/site-packages/airflow/example_dags/example_complex.py
[2022-11-08T19:35:31.248-0300] {processor.py:768} INFO - DAG(s) dict_keys(['example_complex']) retrieved from /home/renato/Documentos/datapipeline/.env/lib/python3.10/site-packages/airflow/example_dags/example_complex.py
[2022-11-08T19:35:31.274-0300] {logging_mixin.py:117} INFO - [2022-11-08T19:35:31.274-0300] {dag.py:2573} INFO - Sync 1 DAGs
[2022-11-08T19:35:31.294-0300] {logging_mixin.py:117} INFO - [2022-11-08T19:35:31.294-0300] {dag.py:3324} INFO - Setting next_dagrun for example_complex to None, run_after=None
[2022-11-08T19:35:31.335-0300] {processor.py:178} INFO - Processing /home/renato/Documentos/datapipeline/.env/lib/python3.10/site-packages/airflow/example_dags/example_complex.py took 0.123 seconds
[2022-11-08T19:36:11.322-0300] {processor.py:156} INFO - Started process (PID=13369) to work on /home/renato/Documentos/datapipeline/.env/lib/python3.10/site-packages/airflow/example_dags/example_complex.py
[2022-11-08T19:36:11.325-0300] {processor.py:758} INFO - Processing file /home/renato/Documentos/datapipeline/.env/lib/python3.10/site-packages/airflow/example_dags/example_complex.py for tasks to queue
[2022-11-08T19:36:11.326-0300] {logging_mixin.py:117} INFO - [2022-11-08T19:36:11.326-0300] {dagbag.py:525} INFO - Filling up the DagBag from /home/renato/Documentos/datapipeline/.env/lib/python3.10/site-packages/airflow/example_dags/example_complex.py
[2022-11-08T19:36:11.357-0300] {processor.py:768} INFO - DAG(s) dict_keys(['example_complex']) retrieved from /home/renato/Documentos/datapipeline/.env/lib/python3.10/site-packages/airflow/example_dags/example_complex.py
[2022-11-08T19:36:11.383-0300] {logging_mixin.py:117} INFO - [2022-11-08T19:36:11.383-0300] {dag.py:2573} INFO - Sync 1 DAGs
[2022-11-08T19:36:11.398-0300] {logging_mixin.py:117} INFO - [2022-11-08T19:36:11.398-0300] {dag.py:3324} INFO - Setting next_dagrun for example_complex to None, run_after=None
[2022-11-08T19:36:11.422-0300] {processor.py:178} INFO - Processing /home/renato/Documentos/datapipeline/.env/lib/python3.10/site-packages/airflow/example_dags/example_complex.py took 0.110 seconds
[2022-11-08T19:36:50.238-0300] {processor.py:156} INFO - Started process (PID=13476) to work on /home/renato/Documentos/datapipeline/.env/lib/python3.10/site-packages/airflow/example_dags/example_complex.py
[2022-11-08T19:36:50.241-0300] {processor.py:758} INFO - Processing file /home/renato/Documentos/datapipeline/.env/lib/python3.10/site-packages/airflow/example_dags/example_complex.py for tasks to queue
[2022-11-08T19:36:50.242-0300] {logging_mixin.py:117} INFO - [2022-11-08T19:36:50.242-0300] {dagbag.py:525} INFO - Filling up the DagBag from /home/renato/Documentos/datapipeline/.env/lib/python3.10/site-packages/airflow/example_dags/example_complex.py
[2022-11-08T19:36:50.263-0300] {processor.py:768} INFO - DAG(s) dict_keys(['example_complex']) retrieved from /home/renato/Documentos/datapipeline/.env/lib/python3.10/site-packages/airflow/example_dags/example_complex.py
[2022-11-08T19:36:50.287-0300] {logging_mixin.py:117} INFO - [2022-11-08T19:36:50.287-0300] {dag.py:2573} INFO - Sync 1 DAGs
[2022-11-08T19:36:50.306-0300] {logging_mixin.py:117} INFO - [2022-11-08T19:36:50.305-0300] {dag.py:3324} INFO - Setting next_dagrun for example_complex to None, run_after=None
[2022-11-08T19:36:50.328-0300] {processor.py:178} INFO - Processing /home/renato/Documentos/datapipeline/.env/lib/python3.10/site-packages/airflow/example_dags/example_complex.py took 0.093 seconds
[2022-11-08T19:37:35.814-0300] {processor.py:156} INFO - Started process (PID=13613) to work on /home/renato/Documentos/datapipeline/.env/lib/python3.10/site-packages/airflow/example_dags/example_complex.py
[2022-11-08T19:37:35.827-0300] {processor.py:758} INFO - Processing file /home/renato/Documentos/datapipeline/.env/lib/python3.10/site-packages/airflow/example_dags/example_complex.py for tasks to queue
[2022-11-08T19:37:35.828-0300] {logging_mixin.py:117} INFO - [2022-11-08T19:37:35.828-0300] {dagbag.py:525} INFO - Filling up the DagBag from /home/renato/Documentos/datapipeline/.env/lib/python3.10/site-packages/airflow/example_dags/example_complex.py
[2022-11-08T19:37:35.846-0300] {processor.py:768} INFO - DAG(s) dict_keys(['example_complex']) retrieved from /home/renato/Documentos/datapipeline/.env/lib/python3.10/site-packages/airflow/example_dags/example_complex.py
[2022-11-08T19:37:35.871-0300] {logging_mixin.py:117} INFO - [2022-11-08T19:37:35.871-0300] {dag.py:2573} INFO - Sync 1 DAGs
[2022-11-08T19:37:35.891-0300] {logging_mixin.py:117} INFO - [2022-11-08T19:37:35.891-0300] {dag.py:3324} INFO - Setting next_dagrun for example_complex to None, run_after=None
[2022-11-08T19:37:35.926-0300] {processor.py:178} INFO - Processing /home/renato/Documentos/datapipeline/.env/lib/python3.10/site-packages/airflow/example_dags/example_complex.py took 0.115 seconds
[2022-11-08T19:38:15.806-0300] {processor.py:156} INFO - Started process (PID=13884) to work on /home/renato/Documentos/datapipeline/.env/lib/python3.10/site-packages/airflow/example_dags/example_complex.py
[2022-11-08T19:38:15.812-0300] {processor.py:758} INFO - Processing file /home/renato/Documentos/datapipeline/.env/lib/python3.10/site-packages/airflow/example_dags/example_complex.py for tasks to queue
[2022-11-08T19:38:15.813-0300] {logging_mixin.py:117} INFO - [2022-11-08T19:38:15.812-0300] {dagbag.py:525} INFO - Filling up the DagBag from /home/renato/Documentos/datapipeline/.env/lib/python3.10/site-packages/airflow/example_dags/example_complex.py
[2022-11-08T19:38:15.835-0300] {processor.py:768} INFO - DAG(s) dict_keys(['example_complex']) retrieved from /home/renato/Documentos/datapipeline/.env/lib/python3.10/site-packages/airflow/example_dags/example_complex.py
[2022-11-08T19:38:15.869-0300] {logging_mixin.py:117} INFO - [2022-11-08T19:38:15.869-0300] {dag.py:2573} INFO - Sync 1 DAGs
[2022-11-08T19:38:15.891-0300] {logging_mixin.py:117} INFO - [2022-11-08T19:38:15.891-0300] {dag.py:3324} INFO - Setting next_dagrun for example_complex to None, run_after=None
[2022-11-08T19:38:15.921-0300] {processor.py:178} INFO - Processing /home/renato/Documentos/datapipeline/.env/lib/python3.10/site-packages/airflow/example_dags/example_complex.py took 0.117 seconds
[2022-11-08T19:38:57.504-0300] {processor.py:156} INFO - Started process (PID=14034) to work on /home/renato/Documentos/datapipeline/.env/lib/python3.10/site-packages/airflow/example_dags/example_complex.py
[2022-11-08T19:38:57.509-0300] {processor.py:758} INFO - Processing file /home/renato/Documentos/datapipeline/.env/lib/python3.10/site-packages/airflow/example_dags/example_complex.py for tasks to queue
[2022-11-08T19:38:57.510-0300] {logging_mixin.py:117} INFO - [2022-11-08T19:38:57.510-0300] {dagbag.py:525} INFO - Filling up the DagBag from /home/renato/Documentos/datapipeline/.env/lib/python3.10/site-packages/airflow/example_dags/example_complex.py
[2022-11-08T19:38:57.535-0300] {processor.py:768} INFO - DAG(s) dict_keys(['example_complex']) retrieved from /home/renato/Documentos/datapipeline/.env/lib/python3.10/site-packages/airflow/example_dags/example_complex.py
[2022-11-08T19:38:57.564-0300] {logging_mixin.py:117} INFO - [2022-11-08T19:38:57.564-0300] {dag.py:2573} INFO - Sync 1 DAGs
[2022-11-08T19:38:57.580-0300] {logging_mixin.py:117} INFO - [2022-11-08T19:38:57.580-0300] {dag.py:3324} INFO - Setting next_dagrun for example_complex to None, run_after=None
[2022-11-08T19:38:57.602-0300] {processor.py:178} INFO - Processing /home/renato/Documentos/datapipeline/.env/lib/python3.10/site-packages/airflow/example_dags/example_complex.py took 0.102 seconds
[2022-11-08T19:39:35.259-0300] {processor.py:156} INFO - Started process (PID=14106) to work on /home/renato/Documentos/datapipeline/.env/lib/python3.10/site-packages/airflow/example_dags/example_complex.py
[2022-11-08T19:39:35.262-0300] {processor.py:758} INFO - Processing file /home/renato/Documentos/datapipeline/.env/lib/python3.10/site-packages/airflow/example_dags/example_complex.py for tasks to queue
[2022-11-08T19:39:35.263-0300] {logging_mixin.py:117} INFO - [2022-11-08T19:39:35.262-0300] {dagbag.py:525} INFO - Filling up the DagBag from /home/renato/Documentos/datapipeline/.env/lib/python3.10/site-packages/airflow/example_dags/example_complex.py
[2022-11-08T19:39:35.290-0300] {processor.py:768} INFO - DAG(s) dict_keys(['example_complex']) retrieved from /home/renato/Documentos/datapipeline/.env/lib/python3.10/site-packages/airflow/example_dags/example_complex.py
[2022-11-08T19:39:35.314-0300] {logging_mixin.py:117} INFO - [2022-11-08T19:39:35.314-0300] {dag.py:2573} INFO - Sync 1 DAGs
[2022-11-08T19:39:35.331-0300] {logging_mixin.py:117} INFO - [2022-11-08T19:39:35.331-0300] {dag.py:3324} INFO - Setting next_dagrun for example_complex to None, run_after=None
[2022-11-08T19:39:35.355-0300] {processor.py:178} INFO - Processing /home/renato/Documentos/datapipeline/.env/lib/python3.10/site-packages/airflow/example_dags/example_complex.py took 0.100 seconds
[2022-11-08T19:40:19.513-0300] {processor.py:156} INFO - Started process (PID=14198) to work on /home/renato/Documentos/datapipeline/.env/lib/python3.10/site-packages/airflow/example_dags/example_complex.py
[2022-11-08T19:40:19.515-0300] {processor.py:758} INFO - Processing file /home/renato/Documentos/datapipeline/.env/lib/python3.10/site-packages/airflow/example_dags/example_complex.py for tasks to queue
[2022-11-08T19:40:19.516-0300] {logging_mixin.py:117} INFO - [2022-11-08T19:40:19.516-0300] {dagbag.py:525} INFO - Filling up the DagBag from /home/renato/Documentos/datapipeline/.env/lib/python3.10/site-packages/airflow/example_dags/example_complex.py
[2022-11-08T19:40:19.532-0300] {processor.py:768} INFO - DAG(s) dict_keys(['example_complex']) retrieved from /home/renato/Documentos/datapipeline/.env/lib/python3.10/site-packages/airflow/example_dags/example_complex.py
[2022-11-08T19:40:19.556-0300] {logging_mixin.py:117} INFO - [2022-11-08T19:40:19.555-0300] {dag.py:2573} INFO - Sync 1 DAGs
[2022-11-08T19:40:19.572-0300] {logging_mixin.py:117} INFO - [2022-11-08T19:40:19.571-0300] {dag.py:3324} INFO - Setting next_dagrun for example_complex to None, run_after=None
[2022-11-08T19:40:19.593-0300] {processor.py:178} INFO - Processing /home/renato/Documentos/datapipeline/.env/lib/python3.10/site-packages/airflow/example_dags/example_complex.py took 0.082 seconds
[2022-11-08T19:41:03.185-0300] {processor.py:156} INFO - Started process (PID=14448) to work on /home/renato/Documentos/datapipeline/.env/lib/python3.10/site-packages/airflow/example_dags/example_complex.py
[2022-11-08T19:41:03.188-0300] {processor.py:758} INFO - Processing file /home/renato/Documentos/datapipeline/.env/lib/python3.10/site-packages/airflow/example_dags/example_complex.py for tasks to queue
[2022-11-08T19:41:03.189-0300] {logging_mixin.py:117} INFO - [2022-11-08T19:41:03.189-0300] {dagbag.py:525} INFO - Filling up the DagBag from /home/renato/Documentos/datapipeline/.env/lib/python3.10/site-packages/airflow/example_dags/example_complex.py
[2022-11-08T19:41:03.214-0300] {processor.py:768} INFO - DAG(s) dict_keys(['example_complex']) retrieved from /home/renato/Documentos/datapipeline/.env/lib/python3.10/site-packages/airflow/example_dags/example_complex.py
[2022-11-08T19:41:03.239-0300] {logging_mixin.py:117} INFO - [2022-11-08T19:41:03.239-0300] {dag.py:2573} INFO - Sync 1 DAGs
[2022-11-08T19:41:03.257-0300] {logging_mixin.py:117} INFO - [2022-11-08T19:41:03.257-0300] {dag.py:3324} INFO - Setting next_dagrun for example_complex to None, run_after=None
[2022-11-08T19:41:03.283-0300] {processor.py:178} INFO - Processing /home/renato/Documentos/datapipeline/.env/lib/python3.10/site-packages/airflow/example_dags/example_complex.py took 0.105 seconds
[2022-11-08T19:41:48.558-0300] {processor.py:156} INFO - Started process (PID=14688) to work on /home/renato/Documentos/datapipeline/.env/lib/python3.10/site-packages/airflow/example_dags/example_complex.py
[2022-11-08T19:41:48.563-0300] {processor.py:758} INFO - Processing file /home/renato/Documentos/datapipeline/.env/lib/python3.10/site-packages/airflow/example_dags/example_complex.py for tasks to queue
[2022-11-08T19:41:48.564-0300] {logging_mixin.py:117} INFO - [2022-11-08T19:41:48.564-0300] {dagbag.py:525} INFO - Filling up the DagBag from /home/renato/Documentos/datapipeline/.env/lib/python3.10/site-packages/airflow/example_dags/example_complex.py
[2022-11-08T19:41:48.589-0300] {processor.py:768} INFO - DAG(s) dict_keys(['example_complex']) retrieved from /home/renato/Documentos/datapipeline/.env/lib/python3.10/site-packages/airflow/example_dags/example_complex.py
[2022-11-08T19:41:48.641-0300] {logging_mixin.py:117} INFO - [2022-11-08T19:41:48.640-0300] {dag.py:2573} INFO - Sync 1 DAGs
[2022-11-08T19:41:48.677-0300] {logging_mixin.py:117} INFO - [2022-11-08T19:41:48.677-0300] {dag.py:3324} INFO - Setting next_dagrun for example_complex to None, run_after=None
[2022-11-08T19:41:48.717-0300] {processor.py:178} INFO - Processing /home/renato/Documentos/datapipeline/.env/lib/python3.10/site-packages/airflow/example_dags/example_complex.py took 0.169 seconds
[2022-11-08T19:42:28.681-0300] {processor.py:156} INFO - Started process (PID=14853) to work on /home/renato/Documentos/datapipeline/.env/lib/python3.10/site-packages/airflow/example_dags/example_complex.py
[2022-11-08T19:42:28.684-0300] {processor.py:758} INFO - Processing file /home/renato/Documentos/datapipeline/.env/lib/python3.10/site-packages/airflow/example_dags/example_complex.py for tasks to queue
[2022-11-08T19:42:28.685-0300] {logging_mixin.py:117} INFO - [2022-11-08T19:42:28.685-0300] {dagbag.py:525} INFO - Filling up the DagBag from /home/renato/Documentos/datapipeline/.env/lib/python3.10/site-packages/airflow/example_dags/example_complex.py
[2022-11-08T19:42:28.702-0300] {processor.py:768} INFO - DAG(s) dict_keys(['example_complex']) retrieved from /home/renato/Documentos/datapipeline/.env/lib/python3.10/site-packages/airflow/example_dags/example_complex.py
[2022-11-08T19:42:28.726-0300] {logging_mixin.py:117} INFO - [2022-11-08T19:42:28.726-0300] {dag.py:2573} INFO - Sync 1 DAGs
[2022-11-08T19:42:28.743-0300] {logging_mixin.py:117} INFO - [2022-11-08T19:42:28.743-0300] {dag.py:3324} INFO - Setting next_dagrun for example_complex to None, run_after=None
[2022-11-08T19:42:28.767-0300] {processor.py:178} INFO - Processing /home/renato/Documentos/datapipeline/.env/lib/python3.10/site-packages/airflow/example_dags/example_complex.py took 0.088 seconds
[2022-11-08T19:43:05.957-0300] {processor.py:156} INFO - Started process (PID=14939) to work on /home/renato/Documentos/datapipeline/.env/lib/python3.10/site-packages/airflow/example_dags/example_complex.py
[2022-11-08T19:43:05.959-0300] {processor.py:758} INFO - Processing file /home/renato/Documentos/datapipeline/.env/lib/python3.10/site-packages/airflow/example_dags/example_complex.py for tasks to queue
[2022-11-08T19:43:05.961-0300] {logging_mixin.py:117} INFO - [2022-11-08T19:43:05.960-0300] {dagbag.py:525} INFO - Filling up the DagBag from /home/renato/Documentos/datapipeline/.env/lib/python3.10/site-packages/airflow/example_dags/example_complex.py
[2022-11-08T19:43:05.985-0300] {processor.py:768} INFO - DAG(s) dict_keys(['example_complex']) retrieved from /home/renato/Documentos/datapipeline/.env/lib/python3.10/site-packages/airflow/example_dags/example_complex.py
[2022-11-08T19:43:06.012-0300] {logging_mixin.py:117} INFO - [2022-11-08T19:43:06.012-0300] {dag.py:2573} INFO - Sync 1 DAGs
[2022-11-08T19:43:06.029-0300] {logging_mixin.py:117} INFO - [2022-11-08T19:43:06.028-0300] {dag.py:3324} INFO - Setting next_dagrun for example_complex to None, run_after=None
[2022-11-08T19:43:06.055-0300] {processor.py:178} INFO - Processing /home/renato/Documentos/datapipeline/.env/lib/python3.10/site-packages/airflow/example_dags/example_complex.py took 0.102 seconds
[2022-11-08T19:43:47.539-0300] {processor.py:156} INFO - Started process (PID=15151) to work on /home/renato/Documentos/datapipeline/.env/lib/python3.10/site-packages/airflow/example_dags/example_complex.py
[2022-11-08T19:43:47.571-0300] {processor.py:758} INFO - Processing file /home/renato/Documentos/datapipeline/.env/lib/python3.10/site-packages/airflow/example_dags/example_complex.py for tasks to queue
[2022-11-08T19:43:47.573-0300] {logging_mixin.py:117} INFO - [2022-11-08T19:43:47.572-0300] {dagbag.py:525} INFO - Filling up the DagBag from /home/renato/Documentos/datapipeline/.env/lib/python3.10/site-packages/airflow/example_dags/example_complex.py
[2022-11-08T19:43:47.614-0300] {processor.py:768} INFO - DAG(s) dict_keys(['example_complex']) retrieved from /home/renato/Documentos/datapipeline/.env/lib/python3.10/site-packages/airflow/example_dags/example_complex.py
[2022-11-08T19:43:47.642-0300] {logging_mixin.py:117} INFO - [2022-11-08T19:43:47.642-0300] {dag.py:2573} INFO - Sync 1 DAGs
[2022-11-08T19:43:47.659-0300] {logging_mixin.py:117} INFO - [2022-11-08T19:43:47.659-0300] {dag.py:3324} INFO - Setting next_dagrun for example_complex to None, run_after=None
[2022-11-08T19:43:47.689-0300] {processor.py:178} INFO - Processing /home/renato/Documentos/datapipeline/.env/lib/python3.10/site-packages/airflow/example_dags/example_complex.py took 0.158 seconds
[2022-11-08T19:44:32.564-0300] {processor.py:156} INFO - Started process (PID=15250) to work on /home/renato/Documentos/datapipeline/.env/lib/python3.10/site-packages/airflow/example_dags/example_complex.py
[2022-11-08T19:44:32.569-0300] {processor.py:758} INFO - Processing file /home/renato/Documentos/datapipeline/.env/lib/python3.10/site-packages/airflow/example_dags/example_complex.py for tasks to queue
[2022-11-08T19:44:32.571-0300] {logging_mixin.py:117} INFO - [2022-11-08T19:44:32.570-0300] {dagbag.py:525} INFO - Filling up the DagBag from /home/renato/Documentos/datapipeline/.env/lib/python3.10/site-packages/airflow/example_dags/example_complex.py
[2022-11-08T19:44:32.604-0300] {processor.py:768} INFO - DAG(s) dict_keys(['example_complex']) retrieved from /home/renato/Documentos/datapipeline/.env/lib/python3.10/site-packages/airflow/example_dags/example_complex.py
[2022-11-08T19:44:32.645-0300] {logging_mixin.py:117} INFO - [2022-11-08T19:44:32.645-0300] {dag.py:2573} INFO - Sync 1 DAGs
[2022-11-08T19:44:32.664-0300] {logging_mixin.py:117} INFO - [2022-11-08T19:44:32.664-0300] {dag.py:3324} INFO - Setting next_dagrun for example_complex to None, run_after=None
[2022-11-08T19:44:32.693-0300] {processor.py:178} INFO - Processing /home/renato/Documentos/datapipeline/.env/lib/python3.10/site-packages/airflow/example_dags/example_complex.py took 0.135 seconds
[2022-11-08T19:45:40.684-0300] {processor.py:156} INFO - Started process (PID=15616) to work on /home/renato/Documentos/datapipeline/.env/lib/python3.10/site-packages/airflow/example_dags/example_complex.py
[2022-11-08T19:45:40.686-0300] {processor.py:758} INFO - Processing file /home/renato/Documentos/datapipeline/.env/lib/python3.10/site-packages/airflow/example_dags/example_complex.py for tasks to queue
[2022-11-08T19:45:40.687-0300] {logging_mixin.py:117} INFO - [2022-11-08T19:45:40.687-0300] {dagbag.py:525} INFO - Filling up the DagBag from /home/renato/Documentos/datapipeline/.env/lib/python3.10/site-packages/airflow/example_dags/example_complex.py
[2022-11-08T19:45:40.710-0300] {processor.py:768} INFO - DAG(s) dict_keys(['example_complex']) retrieved from /home/renato/Documentos/datapipeline/.env/lib/python3.10/site-packages/airflow/example_dags/example_complex.py
[2022-11-08T19:45:40.736-0300] {logging_mixin.py:117} INFO - [2022-11-08T19:45:40.736-0300] {dag.py:2573} INFO - Sync 1 DAGs
[2022-11-08T19:45:40.753-0300] {logging_mixin.py:117} INFO - [2022-11-08T19:45:40.753-0300] {dag.py:3324} INFO - Setting next_dagrun for example_complex to None, run_after=None
[2022-11-08T19:45:40.778-0300] {processor.py:178} INFO - Processing /home/renato/Documentos/datapipeline/.env/lib/python3.10/site-packages/airflow/example_dags/example_complex.py took 0.101 seconds
[2022-11-08T19:46:24.841-0300] {processor.py:156} INFO - Started process (PID=15741) to work on /home/renato/Documentos/datapipeline/.env/lib/python3.10/site-packages/airflow/example_dags/example_complex.py
[2022-11-08T19:46:24.843-0300] {processor.py:758} INFO - Processing file /home/renato/Documentos/datapipeline/.env/lib/python3.10/site-packages/airflow/example_dags/example_complex.py for tasks to queue
[2022-11-08T19:46:24.844-0300] {logging_mixin.py:117} INFO - [2022-11-08T19:46:24.844-0300] {dagbag.py:525} INFO - Filling up the DagBag from /home/renato/Documentos/datapipeline/.env/lib/python3.10/site-packages/airflow/example_dags/example_complex.py
[2022-11-08T19:46:24.860-0300] {processor.py:768} INFO - DAG(s) dict_keys(['example_complex']) retrieved from /home/renato/Documentos/datapipeline/.env/lib/python3.10/site-packages/airflow/example_dags/example_complex.py
[2022-11-08T19:46:24.883-0300] {logging_mixin.py:117} INFO - [2022-11-08T19:46:24.883-0300] {dag.py:2573} INFO - Sync 1 DAGs
[2022-11-08T19:46:24.900-0300] {logging_mixin.py:117} INFO - [2022-11-08T19:46:24.900-0300] {dag.py:3324} INFO - Setting next_dagrun for example_complex to None, run_after=None
[2022-11-08T19:46:24.926-0300] {processor.py:178} INFO - Processing /home/renato/Documentos/datapipeline/.env/lib/python3.10/site-packages/airflow/example_dags/example_complex.py took 0.088 seconds
[2022-11-08T19:47:01.761-0300] {processor.py:156} INFO - Started process (PID=15830) to work on /home/renato/Documentos/datapipeline/.env/lib/python3.10/site-packages/airflow/example_dags/example_complex.py
[2022-11-08T19:47:01.763-0300] {processor.py:758} INFO - Processing file /home/renato/Documentos/datapipeline/.env/lib/python3.10/site-packages/airflow/example_dags/example_complex.py for tasks to queue
[2022-11-08T19:47:01.764-0300] {logging_mixin.py:117} INFO - [2022-11-08T19:47:01.764-0300] {dagbag.py:525} INFO - Filling up the DagBag from /home/renato/Documentos/datapipeline/.env/lib/python3.10/site-packages/airflow/example_dags/example_complex.py
[2022-11-08T19:47:01.783-0300] {processor.py:768} INFO - DAG(s) dict_keys(['example_complex']) retrieved from /home/renato/Documentos/datapipeline/.env/lib/python3.10/site-packages/airflow/example_dags/example_complex.py
[2022-11-08T19:47:01.810-0300] {logging_mixin.py:117} INFO - [2022-11-08T19:47:01.809-0300] {dag.py:2573} INFO - Sync 1 DAGs
[2022-11-08T19:47:01.829-0300] {logging_mixin.py:117} INFO - [2022-11-08T19:47:01.829-0300] {dag.py:3324} INFO - Setting next_dagrun for example_complex to None, run_after=None
[2022-11-08T19:47:01.854-0300] {processor.py:178} INFO - Processing /home/renato/Documentos/datapipeline/.env/lib/python3.10/site-packages/airflow/example_dags/example_complex.py took 0.096 seconds
[2022-11-08T19:48:26.579-0300] {processor.py:156} INFO - Started process (PID=16360) to work on /home/renato/Documentos/datapipeline/.env/lib/python3.10/site-packages/airflow/example_dags/example_complex.py
[2022-11-08T19:48:26.581-0300] {processor.py:758} INFO - Processing file /home/renato/Documentos/datapipeline/.env/lib/python3.10/site-packages/airflow/example_dags/example_complex.py for tasks to queue
[2022-11-08T19:48:26.581-0300] {logging_mixin.py:117} INFO - [2022-11-08T19:48:26.581-0300] {dagbag.py:525} INFO - Filling up the DagBag from /home/renato/Documentos/datapipeline/.env/lib/python3.10/site-packages/airflow/example_dags/example_complex.py
[2022-11-08T19:48:26.597-0300] {processor.py:768} INFO - DAG(s) dict_keys(['example_complex']) retrieved from /home/renato/Documentos/datapipeline/.env/lib/python3.10/site-packages/airflow/example_dags/example_complex.py
[2022-11-08T19:48:26.621-0300] {logging_mixin.py:117} INFO - [2022-11-08T19:48:26.621-0300] {dag.py:2573} INFO - Sync 1 DAGs
[2022-11-08T19:48:26.649-0300] {logging_mixin.py:117} INFO - [2022-11-08T19:48:26.648-0300] {dag.py:3324} INFO - Setting next_dagrun for example_complex to None, run_after=None
[2022-11-08T19:48:26.683-0300] {processor.py:178} INFO - Processing /home/renato/Documentos/datapipeline/.env/lib/python3.10/site-packages/airflow/example_dags/example_complex.py took 0.107 seconds
[2022-11-08T19:49:42.085-0300] {processor.py:156} INFO - Started process (PID=16768) to work on /home/renato/Documentos/datapipeline/.env/lib/python3.10/site-packages/airflow/example_dags/example_complex.py
[2022-11-08T19:49:42.090-0300] {processor.py:758} INFO - Processing file /home/renato/Documentos/datapipeline/.env/lib/python3.10/site-packages/airflow/example_dags/example_complex.py for tasks to queue
[2022-11-08T19:49:42.090-0300] {logging_mixin.py:117} INFO - [2022-11-08T19:49:42.090-0300] {dagbag.py:525} INFO - Filling up the DagBag from /home/renato/Documentos/datapipeline/.env/lib/python3.10/site-packages/airflow/example_dags/example_complex.py
[2022-11-08T19:49:42.108-0300] {processor.py:768} INFO - DAG(s) dict_keys(['example_complex']) retrieved from /home/renato/Documentos/datapipeline/.env/lib/python3.10/site-packages/airflow/example_dags/example_complex.py
[2022-11-08T19:49:42.133-0300] {logging_mixin.py:117} INFO - [2022-11-08T19:49:42.133-0300] {dag.py:2573} INFO - Sync 1 DAGs
[2022-11-08T19:49:42.149-0300] {logging_mixin.py:117} INFO - [2022-11-08T19:49:42.149-0300] {dag.py:3324} INFO - Setting next_dagrun for example_complex to None, run_after=None
[2022-11-08T19:49:42.174-0300] {processor.py:178} INFO - Processing /home/renato/Documentos/datapipeline/.env/lib/python3.10/site-packages/airflow/example_dags/example_complex.py took 0.091 seconds
[2022-11-08T19:51:23.859-0300] {processor.py:156} INFO - Started process (PID=17460) to work on /home/renato/Documentos/datapipeline/.env/lib/python3.10/site-packages/airflow/example_dags/example_complex.py
[2022-11-08T19:51:23.866-0300] {processor.py:758} INFO - Processing file /home/renato/Documentos/datapipeline/.env/lib/python3.10/site-packages/airflow/example_dags/example_complex.py for tasks to queue
[2022-11-08T19:51:23.867-0300] {logging_mixin.py:117} INFO - [2022-11-08T19:51:23.867-0300] {dagbag.py:525} INFO - Filling up the DagBag from /home/renato/Documentos/datapipeline/.env/lib/python3.10/site-packages/airflow/example_dags/example_complex.py
[2022-11-08T19:51:23.890-0300] {processor.py:768} INFO - DAG(s) dict_keys(['example_complex']) retrieved from /home/renato/Documentos/datapipeline/.env/lib/python3.10/site-packages/airflow/example_dags/example_complex.py
[2022-11-08T19:51:23.923-0300] {logging_mixin.py:117} INFO - [2022-11-08T19:51:23.923-0300] {dag.py:2573} INFO - Sync 1 DAGs
[2022-11-08T19:51:23.948-0300] {logging_mixin.py:117} INFO - [2022-11-08T19:51:23.948-0300] {dag.py:3324} INFO - Setting next_dagrun for example_complex to None, run_after=None
[2022-11-08T19:51:23.983-0300] {processor.py:178} INFO - Processing /home/renato/Documentos/datapipeline/.env/lib/python3.10/site-packages/airflow/example_dags/example_complex.py took 0.130 seconds
[2022-11-08T19:52:32.625-0300] {processor.py:156} INFO - Started process (PID=17830) to work on /home/renato/Documentos/datapipeline/.env/lib/python3.10/site-packages/airflow/example_dags/example_complex.py
[2022-11-08T19:52:32.628-0300] {processor.py:758} INFO - Processing file /home/renato/Documentos/datapipeline/.env/lib/python3.10/site-packages/airflow/example_dags/example_complex.py for tasks to queue
[2022-11-08T19:52:32.628-0300] {logging_mixin.py:117} INFO - [2022-11-08T19:52:32.628-0300] {dagbag.py:525} INFO - Filling up the DagBag from /home/renato/Documentos/datapipeline/.env/lib/python3.10/site-packages/airflow/example_dags/example_complex.py
[2022-11-08T19:52:32.649-0300] {processor.py:768} INFO - DAG(s) dict_keys(['example_complex']) retrieved from /home/renato/Documentos/datapipeline/.env/lib/python3.10/site-packages/airflow/example_dags/example_complex.py
[2022-11-08T19:52:32.684-0300] {logging_mixin.py:117} INFO - [2022-11-08T19:52:32.684-0300] {dag.py:2573} INFO - Sync 1 DAGs
[2022-11-08T19:52:32.713-0300] {logging_mixin.py:117} INFO - [2022-11-08T19:52:32.712-0300] {dag.py:3324} INFO - Setting next_dagrun for example_complex to None, run_after=None
[2022-11-08T19:52:32.750-0300] {processor.py:178} INFO - Processing /home/renato/Documentos/datapipeline/.env/lib/python3.10/site-packages/airflow/example_dags/example_complex.py took 0.129 seconds
[2022-11-08T19:53:17.925-0300] {processor.py:156} INFO - Started process (PID=18043) to work on /home/renato/Documentos/datapipeline/.env/lib/python3.10/site-packages/airflow/example_dags/example_complex.py
[2022-11-08T19:53:17.929-0300] {processor.py:758} INFO - Processing file /home/renato/Documentos/datapipeline/.env/lib/python3.10/site-packages/airflow/example_dags/example_complex.py for tasks to queue
[2022-11-08T19:53:17.930-0300] {logging_mixin.py:117} INFO - [2022-11-08T19:53:17.930-0300] {dagbag.py:525} INFO - Filling up the DagBag from /home/renato/Documentos/datapipeline/.env/lib/python3.10/site-packages/airflow/example_dags/example_complex.py
[2022-11-08T19:53:17.957-0300] {processor.py:768} INFO - DAG(s) dict_keys(['example_complex']) retrieved from /home/renato/Documentos/datapipeline/.env/lib/python3.10/site-packages/airflow/example_dags/example_complex.py
[2022-11-08T19:53:17.984-0300] {logging_mixin.py:117} INFO - [2022-11-08T19:53:17.984-0300] {dag.py:2573} INFO - Sync 1 DAGs
[2022-11-08T19:53:18.001-0300] {logging_mixin.py:117} INFO - [2022-11-08T19:53:18.001-0300] {dag.py:3324} INFO - Setting next_dagrun for example_complex to None, run_after=None
[2022-11-08T19:53:18.024-0300] {processor.py:178} INFO - Processing /home/renato/Documentos/datapipeline/.env/lib/python3.10/site-packages/airflow/example_dags/example_complex.py took 0.105 seconds
[2022-11-08T19:54:01.116-0300] {processor.py:156} INFO - Started process (PID=18127) to work on /home/renato/Documentos/datapipeline/.env/lib/python3.10/site-packages/airflow/example_dags/example_complex.py
[2022-11-08T19:54:01.120-0300] {processor.py:758} INFO - Processing file /home/renato/Documentos/datapipeline/.env/lib/python3.10/site-packages/airflow/example_dags/example_complex.py for tasks to queue
[2022-11-08T19:54:01.121-0300] {logging_mixin.py:117} INFO - [2022-11-08T19:54:01.120-0300] {dagbag.py:525} INFO - Filling up the DagBag from /home/renato/Documentos/datapipeline/.env/lib/python3.10/site-packages/airflow/example_dags/example_complex.py
[2022-11-08T19:54:01.148-0300] {processor.py:768} INFO - DAG(s) dict_keys(['example_complex']) retrieved from /home/renato/Documentos/datapipeline/.env/lib/python3.10/site-packages/airflow/example_dags/example_complex.py
[2022-11-08T19:54:01.173-0300] {logging_mixin.py:117} INFO - [2022-11-08T19:54:01.173-0300] {dag.py:2573} INFO - Sync 1 DAGs
[2022-11-08T19:54:01.189-0300] {logging_mixin.py:117} INFO - [2022-11-08T19:54:01.189-0300] {dag.py:3324} INFO - Setting next_dagrun for example_complex to None, run_after=None
[2022-11-08T19:54:01.216-0300] {processor.py:178} INFO - Processing /home/renato/Documentos/datapipeline/.env/lib/python3.10/site-packages/airflow/example_dags/example_complex.py took 0.104 seconds
[2022-11-08T19:54:42.062-0300] {processor.py:156} INFO - Started process (PID=18207) to work on /home/renato/Documentos/datapipeline/.env/lib/python3.10/site-packages/airflow/example_dags/example_complex.py
[2022-11-08T19:54:42.065-0300] {processor.py:758} INFO - Processing file /home/renato/Documentos/datapipeline/.env/lib/python3.10/site-packages/airflow/example_dags/example_complex.py for tasks to queue
[2022-11-08T19:54:42.066-0300] {logging_mixin.py:117} INFO - [2022-11-08T19:54:42.066-0300] {dagbag.py:525} INFO - Filling up the DagBag from /home/renato/Documentos/datapipeline/.env/lib/python3.10/site-packages/airflow/example_dags/example_complex.py
[2022-11-08T19:54:42.091-0300] {processor.py:768} INFO - DAG(s) dict_keys(['example_complex']) retrieved from /home/renato/Documentos/datapipeline/.env/lib/python3.10/site-packages/airflow/example_dags/example_complex.py
[2022-11-08T19:54:42.116-0300] {logging_mixin.py:117} INFO - [2022-11-08T19:54:42.116-0300] {dag.py:2573} INFO - Sync 1 DAGs
[2022-11-08T19:54:42.133-0300] {logging_mixin.py:117} INFO - [2022-11-08T19:54:42.133-0300] {dag.py:3324} INFO - Setting next_dagrun for example_complex to None, run_after=None
[2022-11-08T19:54:42.156-0300] {processor.py:178} INFO - Processing /home/renato/Documentos/datapipeline/.env/lib/python3.10/site-packages/airflow/example_dags/example_complex.py took 0.098 seconds
[2022-11-08T19:55:24.945-0300] {processor.py:156} INFO - Started process (PID=18314) to work on /home/renato/Documentos/datapipeline/.env/lib/python3.10/site-packages/airflow/example_dags/example_complex.py
[2022-11-08T19:55:24.949-0300] {processor.py:758} INFO - Processing file /home/renato/Documentos/datapipeline/.env/lib/python3.10/site-packages/airflow/example_dags/example_complex.py for tasks to queue
[2022-11-08T19:55:24.950-0300] {logging_mixin.py:117} INFO - [2022-11-08T19:55:24.949-0300] {dagbag.py:525} INFO - Filling up the DagBag from /home/renato/Documentos/datapipeline/.env/lib/python3.10/site-packages/airflow/example_dags/example_complex.py
[2022-11-08T19:55:24.983-0300] {processor.py:768} INFO - DAG(s) dict_keys(['example_complex']) retrieved from /home/renato/Documentos/datapipeline/.env/lib/python3.10/site-packages/airflow/example_dags/example_complex.py
[2022-11-08T19:55:25.022-0300] {logging_mixin.py:117} INFO - [2022-11-08T19:55:25.022-0300] {dag.py:2573} INFO - Sync 1 DAGs
[2022-11-08T19:55:25.054-0300] {logging_mixin.py:117} INFO - [2022-11-08T19:55:25.054-0300] {dag.py:3324} INFO - Setting next_dagrun for example_complex to None, run_after=None
[2022-11-08T19:55:25.096-0300] {processor.py:178} INFO - Processing /home/renato/Documentos/datapipeline/.env/lib/python3.10/site-packages/airflow/example_dags/example_complex.py took 0.160 seconds
[2022-11-08T19:56:04.269-0300] {processor.py:156} INFO - Started process (PID=18396) to work on /home/renato/Documentos/datapipeline/.env/lib/python3.10/site-packages/airflow/example_dags/example_complex.py
[2022-11-08T19:56:04.273-0300] {processor.py:758} INFO - Processing file /home/renato/Documentos/datapipeline/.env/lib/python3.10/site-packages/airflow/example_dags/example_complex.py for tasks to queue
[2022-11-08T19:56:04.275-0300] {logging_mixin.py:117} INFO - [2022-11-08T19:56:04.275-0300] {dagbag.py:525} INFO - Filling up the DagBag from /home/renato/Documentos/datapipeline/.env/lib/python3.10/site-packages/airflow/example_dags/example_complex.py
[2022-11-08T19:56:04.299-0300] {processor.py:768} INFO - DAG(s) dict_keys(['example_complex']) retrieved from /home/renato/Documentos/datapipeline/.env/lib/python3.10/site-packages/airflow/example_dags/example_complex.py
[2022-11-08T19:56:04.332-0300] {logging_mixin.py:117} INFO - [2022-11-08T19:56:04.332-0300] {dag.py:2573} INFO - Sync 1 DAGs
[2022-11-08T19:56:04.359-0300] {logging_mixin.py:117} INFO - [2022-11-08T19:56:04.359-0300] {dag.py:3324} INFO - Setting next_dagrun for example_complex to None, run_after=None
[2022-11-08T19:56:04.396-0300] {processor.py:178} INFO - Processing /home/renato/Documentos/datapipeline/.env/lib/python3.10/site-packages/airflow/example_dags/example_complex.py took 0.130 seconds
