[2022-11-07T23:27:34.279-0300] {processor.py:156} INFO - Started process (PID=965396) to work on /home/renato/Documentos/datapipeline/.env/lib/python3.10/site-packages/airflow/example_dags/example_branch_datetime_operator.py
[2022-11-07T23:27:34.279-0300] {processor.py:758} INFO - Processing file /home/renato/Documentos/datapipeline/.env/lib/python3.10/site-packages/airflow/example_dags/example_branch_datetime_operator.py for tasks to queue
[2022-11-07T23:27:34.280-0300] {logging_mixin.py:117} INFO - [2022-11-07T23:27:34.280-0300] {dagbag.py:525} INFO - Filling up the DagBag from /home/renato/Documentos/datapipeline/.env/lib/python3.10/site-packages/airflow/example_dags/example_branch_datetime_operator.py
[2022-11-07T23:27:34.298-0300] {processor.py:768} INFO - DAG(s) dict_keys(['example_branch_datetime_operator', 'example_branch_datetime_operator_2', 'example_branch_datetime_operator_3']) retrieved from /home/renato/Documentos/datapipeline/.env/lib/python3.10/site-packages/airflow/example_dags/example_branch_datetime_operator.py
[2022-11-07T23:27:34.326-0300] {logging_mixin.py:117} INFO - [2022-11-07T23:27:34.325-0300] {dag.py:2573} INFO - Sync 3 DAGs
[2022-11-07T23:27:34.345-0300] {logging_mixin.py:117} INFO - [2022-11-07T23:27:34.345-0300] {dag.py:3324} INFO - Setting next_dagrun for example_branch_datetime_operator to 2022-11-07T00:00:00+00:00, run_after=2022-11-08T00:00:00+00:00
[2022-11-07T23:27:34.351-0300] {logging_mixin.py:117} INFO - [2022-11-07T23:27:34.351-0300] {dag.py:3324} INFO - Setting next_dagrun for example_branch_datetime_operator_2 to 2022-11-07T00:00:00+00:00, run_after=2022-11-08T00:00:00+00:00
[2022-11-07T23:27:34.353-0300] {logging_mixin.py:117} INFO - [2022-11-07T23:27:34.353-0300] {dag.py:3324} INFO - Setting next_dagrun for example_branch_datetime_operator_3 to 2022-11-07T00:00:00+00:00, run_after=2022-11-08T00:00:00+00:00
[2022-11-07T23:27:34.377-0300] {processor.py:178} INFO - Processing /home/renato/Documentos/datapipeline/.env/lib/python3.10/site-packages/airflow/example_dags/example_branch_datetime_operator.py took 0.101 seconds
[2022-11-07T23:28:21.264-0300] {processor.py:156} INFO - Started process (PID=965490) to work on /home/renato/Documentos/datapipeline/.env/lib/python3.10/site-packages/airflow/example_dags/example_branch_datetime_operator.py
[2022-11-07T23:28:21.267-0300] {processor.py:758} INFO - Processing file /home/renato/Documentos/datapipeline/.env/lib/python3.10/site-packages/airflow/example_dags/example_branch_datetime_operator.py for tasks to queue
[2022-11-07T23:28:21.268-0300] {logging_mixin.py:117} INFO - [2022-11-07T23:28:21.268-0300] {dagbag.py:525} INFO - Filling up the DagBag from /home/renato/Documentos/datapipeline/.env/lib/python3.10/site-packages/airflow/example_dags/example_branch_datetime_operator.py
[2022-11-07T23:28:21.295-0300] {processor.py:768} INFO - DAG(s) dict_keys(['example_branch_datetime_operator_3', 'example_branch_datetime_operator_2', 'example_branch_datetime_operator']) retrieved from /home/renato/Documentos/datapipeline/.env/lib/python3.10/site-packages/airflow/example_dags/example_branch_datetime_operator.py
[2022-11-07T23:28:21.321-0300] {logging_mixin.py:117} INFO - [2022-11-07T23:28:21.321-0300] {dag.py:2573} INFO - Sync 3 DAGs
[2022-11-07T23:28:21.341-0300] {logging_mixin.py:117} INFO - [2022-11-07T23:28:21.341-0300] {dag.py:3324} INFO - Setting next_dagrun for example_branch_datetime_operator to 2022-11-07T00:00:00+00:00, run_after=2022-11-08T00:00:00+00:00
[2022-11-07T23:28:21.345-0300] {logging_mixin.py:117} INFO - [2022-11-07T23:28:21.345-0300] {dag.py:3324} INFO - Setting next_dagrun for example_branch_datetime_operator_2 to 2022-11-07T00:00:00+00:00, run_after=2022-11-08T00:00:00+00:00
[2022-11-07T23:28:21.347-0300] {logging_mixin.py:117} INFO - [2022-11-07T23:28:21.347-0300] {dag.py:3324} INFO - Setting next_dagrun for example_branch_datetime_operator_3 to 2022-11-07T00:00:00+00:00, run_after=2022-11-08T00:00:00+00:00
[2022-11-07T23:28:21.369-0300] {processor.py:178} INFO - Processing /home/renato/Documentos/datapipeline/.env/lib/python3.10/site-packages/airflow/example_dags/example_branch_datetime_operator.py took 0.117 seconds
[2022-11-07T23:29:06.920-0300] {processor.py:156} INFO - Started process (PID=965583) to work on /home/renato/Documentos/datapipeline/.env/lib/python3.10/site-packages/airflow/example_dags/example_branch_datetime_operator.py
[2022-11-07T23:29:06.921-0300] {processor.py:758} INFO - Processing file /home/renato/Documentos/datapipeline/.env/lib/python3.10/site-packages/airflow/example_dags/example_branch_datetime_operator.py for tasks to queue
[2022-11-07T23:29:06.921-0300] {logging_mixin.py:117} INFO - [2022-11-07T23:29:06.921-0300] {dagbag.py:525} INFO - Filling up the DagBag from /home/renato/Documentos/datapipeline/.env/lib/python3.10/site-packages/airflow/example_dags/example_branch_datetime_operator.py
[2022-11-07T23:29:06.937-0300] {processor.py:768} INFO - DAG(s) dict_keys(['example_branch_datetime_operator', 'example_branch_datetime_operator_3', 'example_branch_datetime_operator_2']) retrieved from /home/renato/Documentos/datapipeline/.env/lib/python3.10/site-packages/airflow/example_dags/example_branch_datetime_operator.py
[2022-11-07T23:29:06.961-0300] {logging_mixin.py:117} INFO - [2022-11-07T23:29:06.961-0300] {dag.py:2573} INFO - Sync 3 DAGs
[2022-11-07T23:29:06.985-0300] {logging_mixin.py:117} INFO - [2022-11-07T23:29:06.984-0300] {dag.py:3324} INFO - Setting next_dagrun for example_branch_datetime_operator to 2022-11-07T00:00:00+00:00, run_after=2022-11-08T00:00:00+00:00
[2022-11-07T23:29:06.989-0300] {logging_mixin.py:117} INFO - [2022-11-07T23:29:06.989-0300] {dag.py:3324} INFO - Setting next_dagrun for example_branch_datetime_operator_2 to 2022-11-07T00:00:00+00:00, run_after=2022-11-08T00:00:00+00:00
[2022-11-07T23:29:06.991-0300] {logging_mixin.py:117} INFO - [2022-11-07T23:29:06.991-0300] {dag.py:3324} INFO - Setting next_dagrun for example_branch_datetime_operator_3 to 2022-11-07T00:00:00+00:00, run_after=2022-11-08T00:00:00+00:00
[2022-11-07T23:29:07.015-0300] {processor.py:178} INFO - Processing /home/renato/Documentos/datapipeline/.env/lib/python3.10/site-packages/airflow/example_dags/example_branch_datetime_operator.py took 0.098 seconds
[2022-11-07T23:29:47.337-0300] {processor.py:156} INFO - Started process (PID=965664) to work on /home/renato/Documentos/datapipeline/.env/lib/python3.10/site-packages/airflow/example_dags/example_branch_datetime_operator.py
[2022-11-07T23:29:47.339-0300] {processor.py:758} INFO - Processing file /home/renato/Documentos/datapipeline/.env/lib/python3.10/site-packages/airflow/example_dags/example_branch_datetime_operator.py for tasks to queue
[2022-11-07T23:29:47.340-0300] {logging_mixin.py:117} INFO - [2022-11-07T23:29:47.340-0300] {dagbag.py:525} INFO - Filling up the DagBag from /home/renato/Documentos/datapipeline/.env/lib/python3.10/site-packages/airflow/example_dags/example_branch_datetime_operator.py
[2022-11-07T23:29:47.362-0300] {processor.py:768} INFO - DAG(s) dict_keys(['example_branch_datetime_operator_3', 'example_branch_datetime_operator_2', 'example_branch_datetime_operator']) retrieved from /home/renato/Documentos/datapipeline/.env/lib/python3.10/site-packages/airflow/example_dags/example_branch_datetime_operator.py
[2022-11-07T23:29:47.388-0300] {logging_mixin.py:117} INFO - [2022-11-07T23:29:47.388-0300] {dag.py:2573} INFO - Sync 3 DAGs
[2022-11-07T23:29:47.406-0300] {logging_mixin.py:117} INFO - [2022-11-07T23:29:47.406-0300] {dag.py:3324} INFO - Setting next_dagrun for example_branch_datetime_operator to 2022-11-07T00:00:00+00:00, run_after=2022-11-08T00:00:00+00:00
[2022-11-07T23:29:47.410-0300] {logging_mixin.py:117} INFO - [2022-11-07T23:29:47.410-0300] {dag.py:3324} INFO - Setting next_dagrun for example_branch_datetime_operator_2 to 2022-11-07T00:00:00+00:00, run_after=2022-11-08T00:00:00+00:00
[2022-11-07T23:29:47.412-0300] {logging_mixin.py:117} INFO - [2022-11-07T23:29:47.412-0300] {dag.py:3324} INFO - Setting next_dagrun for example_branch_datetime_operator_3 to 2022-11-07T00:00:00+00:00, run_after=2022-11-08T00:00:00+00:00
[2022-11-07T23:29:47.434-0300] {processor.py:178} INFO - Processing /home/renato/Documentos/datapipeline/.env/lib/python3.10/site-packages/airflow/example_dags/example_branch_datetime_operator.py took 0.101 seconds
[2022-11-07T23:30:30.262-0300] {processor.py:156} INFO - Started process (PID=965752) to work on /home/renato/Documentos/datapipeline/.env/lib/python3.10/site-packages/airflow/example_dags/example_branch_datetime_operator.py
[2022-11-07T23:30:30.267-0300] {processor.py:758} INFO - Processing file /home/renato/Documentos/datapipeline/.env/lib/python3.10/site-packages/airflow/example_dags/example_branch_datetime_operator.py for tasks to queue
[2022-11-07T23:30:30.267-0300] {logging_mixin.py:117} INFO - [2022-11-07T23:30:30.267-0300] {dagbag.py:525} INFO - Filling up the DagBag from /home/renato/Documentos/datapipeline/.env/lib/python3.10/site-packages/airflow/example_dags/example_branch_datetime_operator.py
[2022-11-07T23:30:30.286-0300] {processor.py:768} INFO - DAG(s) dict_keys(['example_branch_datetime_operator_2', 'example_branch_datetime_operator', 'example_branch_datetime_operator_3']) retrieved from /home/renato/Documentos/datapipeline/.env/lib/python3.10/site-packages/airflow/example_dags/example_branch_datetime_operator.py
[2022-11-07T23:30:30.312-0300] {logging_mixin.py:117} INFO - [2022-11-07T23:30:30.312-0300] {dag.py:2573} INFO - Sync 3 DAGs
[2022-11-07T23:30:30.332-0300] {logging_mixin.py:117} INFO - [2022-11-07T23:30:30.332-0300] {dag.py:3324} INFO - Setting next_dagrun for example_branch_datetime_operator to 2022-11-07T00:00:00+00:00, run_after=2022-11-08T00:00:00+00:00
[2022-11-07T23:30:30.337-0300] {logging_mixin.py:117} INFO - [2022-11-07T23:30:30.336-0300] {dag.py:3324} INFO - Setting next_dagrun for example_branch_datetime_operator_2 to 2022-11-07T00:00:00+00:00, run_after=2022-11-08T00:00:00+00:00
[2022-11-07T23:30:30.339-0300] {logging_mixin.py:117} INFO - [2022-11-07T23:30:30.339-0300] {dag.py:3324} INFO - Setting next_dagrun for example_branch_datetime_operator_3 to 2022-11-07T00:00:00+00:00, run_after=2022-11-08T00:00:00+00:00
[2022-11-07T23:30:30.365-0300] {processor.py:178} INFO - Processing /home/renato/Documentos/datapipeline/.env/lib/python3.10/site-packages/airflow/example_dags/example_branch_datetime_operator.py took 0.106 seconds
[2022-11-07T23:31:18.778-0300] {processor.py:156} INFO - Started process (PID=965847) to work on /home/renato/Documentos/datapipeline/.env/lib/python3.10/site-packages/airflow/example_dags/example_branch_datetime_operator.py
[2022-11-07T23:31:18.780-0300] {processor.py:758} INFO - Processing file /home/renato/Documentos/datapipeline/.env/lib/python3.10/site-packages/airflow/example_dags/example_branch_datetime_operator.py for tasks to queue
[2022-11-07T23:31:18.780-0300] {logging_mixin.py:117} INFO - [2022-11-07T23:31:18.780-0300] {dagbag.py:525} INFO - Filling up the DagBag from /home/renato/Documentos/datapipeline/.env/lib/python3.10/site-packages/airflow/example_dags/example_branch_datetime_operator.py
[2022-11-07T23:31:18.797-0300] {processor.py:768} INFO - DAG(s) dict_keys(['example_branch_datetime_operator_2', 'example_branch_datetime_operator_3', 'example_branch_datetime_operator']) retrieved from /home/renato/Documentos/datapipeline/.env/lib/python3.10/site-packages/airflow/example_dags/example_branch_datetime_operator.py
[2022-11-07T23:31:18.822-0300] {logging_mixin.py:117} INFO - [2022-11-07T23:31:18.821-0300] {dag.py:2573} INFO - Sync 3 DAGs
[2022-11-07T23:31:18.840-0300] {logging_mixin.py:117} INFO - [2022-11-07T23:31:18.840-0300] {dag.py:3324} INFO - Setting next_dagrun for example_branch_datetime_operator to 2022-11-07T00:00:00+00:00, run_after=2022-11-08T00:00:00+00:00
[2022-11-07T23:31:18.844-0300] {logging_mixin.py:117} INFO - [2022-11-07T23:31:18.844-0300] {dag.py:3324} INFO - Setting next_dagrun for example_branch_datetime_operator_2 to 2022-11-07T00:00:00+00:00, run_after=2022-11-08T00:00:00+00:00
[2022-11-07T23:31:18.845-0300] {logging_mixin.py:117} INFO - [2022-11-07T23:31:18.845-0300] {dag.py:3324} INFO - Setting next_dagrun for example_branch_datetime_operator_3 to 2022-11-07T00:00:00+00:00, run_after=2022-11-08T00:00:00+00:00
[2022-11-07T23:31:18.868-0300] {processor.py:178} INFO - Processing /home/renato/Documentos/datapipeline/.env/lib/python3.10/site-packages/airflow/example_dags/example_branch_datetime_operator.py took 0.094 seconds
[2022-11-07T23:32:00.407-0300] {processor.py:156} INFO - Started process (PID=965928) to work on /home/renato/Documentos/datapipeline/.env/lib/python3.10/site-packages/airflow/example_dags/example_branch_datetime_operator.py
[2022-11-07T23:32:00.409-0300] {processor.py:758} INFO - Processing file /home/renato/Documentos/datapipeline/.env/lib/python3.10/site-packages/airflow/example_dags/example_branch_datetime_operator.py for tasks to queue
[2022-11-07T23:32:00.410-0300] {logging_mixin.py:117} INFO - [2022-11-07T23:32:00.410-0300] {dagbag.py:525} INFO - Filling up the DagBag from /home/renato/Documentos/datapipeline/.env/lib/python3.10/site-packages/airflow/example_dags/example_branch_datetime_operator.py
[2022-11-07T23:32:00.427-0300] {processor.py:768} INFO - DAG(s) dict_keys(['example_branch_datetime_operator', 'example_branch_datetime_operator_3', 'example_branch_datetime_operator_2']) retrieved from /home/renato/Documentos/datapipeline/.env/lib/python3.10/site-packages/airflow/example_dags/example_branch_datetime_operator.py
[2022-11-07T23:32:00.454-0300] {logging_mixin.py:117} INFO - [2022-11-07T23:32:00.454-0300] {dag.py:2573} INFO - Sync 3 DAGs
[2022-11-07T23:32:00.474-0300] {logging_mixin.py:117} INFO - [2022-11-07T23:32:00.473-0300] {dag.py:3324} INFO - Setting next_dagrun for example_branch_datetime_operator to 2022-11-07T00:00:00+00:00, run_after=2022-11-08T00:00:00+00:00
[2022-11-07T23:32:00.478-0300] {logging_mixin.py:117} INFO - [2022-11-07T23:32:00.478-0300] {dag.py:3324} INFO - Setting next_dagrun for example_branch_datetime_operator_2 to 2022-11-07T00:00:00+00:00, run_after=2022-11-08T00:00:00+00:00
[2022-11-07T23:32:00.480-0300] {logging_mixin.py:117} INFO - [2022-11-07T23:32:00.480-0300] {dag.py:3324} INFO - Setting next_dagrun for example_branch_datetime_operator_3 to 2022-11-07T00:00:00+00:00, run_after=2022-11-08T00:00:00+00:00
[2022-11-07T23:32:00.505-0300] {processor.py:178} INFO - Processing /home/renato/Documentos/datapipeline/.env/lib/python3.10/site-packages/airflow/example_dags/example_branch_datetime_operator.py took 0.101 seconds
[2022-11-07T23:32:41.626-0300] {processor.py:156} INFO - Started process (PID=966142) to work on /home/renato/Documentos/datapipeline/.env/lib/python3.10/site-packages/airflow/example_dags/example_branch_datetime_operator.py
[2022-11-07T23:32:41.629-0300] {processor.py:758} INFO - Processing file /home/renato/Documentos/datapipeline/.env/lib/python3.10/site-packages/airflow/example_dags/example_branch_datetime_operator.py for tasks to queue
[2022-11-07T23:32:41.630-0300] {logging_mixin.py:117} INFO - [2022-11-07T23:32:41.630-0300] {dagbag.py:525} INFO - Filling up the DagBag from /home/renato/Documentos/datapipeline/.env/lib/python3.10/site-packages/airflow/example_dags/example_branch_datetime_operator.py
[2022-11-07T23:32:41.656-0300] {processor.py:768} INFO - DAG(s) dict_keys(['example_branch_datetime_operator_3', 'example_branch_datetime_operator', 'example_branch_datetime_operator_2']) retrieved from /home/renato/Documentos/datapipeline/.env/lib/python3.10/site-packages/airflow/example_dags/example_branch_datetime_operator.py
[2022-11-07T23:32:41.680-0300] {logging_mixin.py:117} INFO - [2022-11-07T23:32:41.680-0300] {dag.py:2573} INFO - Sync 3 DAGs
[2022-11-07T23:32:41.699-0300] {logging_mixin.py:117} INFO - [2022-11-07T23:32:41.698-0300] {dag.py:3324} INFO - Setting next_dagrun for example_branch_datetime_operator to 2022-11-07T00:00:00+00:00, run_after=2022-11-08T00:00:00+00:00
[2022-11-07T23:32:41.702-0300] {logging_mixin.py:117} INFO - [2022-11-07T23:32:41.702-0300] {dag.py:3324} INFO - Setting next_dagrun for example_branch_datetime_operator_2 to 2022-11-07T00:00:00+00:00, run_after=2022-11-08T00:00:00+00:00
[2022-11-07T23:32:41.704-0300] {logging_mixin.py:117} INFO - [2022-11-07T23:32:41.704-0300] {dag.py:3324} INFO - Setting next_dagrun for example_branch_datetime_operator_3 to 2022-11-07T00:00:00+00:00, run_after=2022-11-08T00:00:00+00:00
[2022-11-07T23:32:41.725-0300] {processor.py:178} INFO - Processing /home/renato/Documentos/datapipeline/.env/lib/python3.10/site-packages/airflow/example_dags/example_branch_datetime_operator.py took 0.110 seconds
[2022-11-07T23:33:26.616-0300] {processor.py:156} INFO - Started process (PID=966232) to work on /home/renato/Documentos/datapipeline/.env/lib/python3.10/site-packages/airflow/example_dags/example_branch_datetime_operator.py
[2022-11-07T23:33:26.621-0300] {processor.py:758} INFO - Processing file /home/renato/Documentos/datapipeline/.env/lib/python3.10/site-packages/airflow/example_dags/example_branch_datetime_operator.py for tasks to queue
[2022-11-07T23:33:26.622-0300] {logging_mixin.py:117} INFO - [2022-11-07T23:33:26.622-0300] {dagbag.py:525} INFO - Filling up the DagBag from /home/renato/Documentos/datapipeline/.env/lib/python3.10/site-packages/airflow/example_dags/example_branch_datetime_operator.py
[2022-11-07T23:33:26.641-0300] {processor.py:768} INFO - DAG(s) dict_keys(['example_branch_datetime_operator_2', 'example_branch_datetime_operator_3', 'example_branch_datetime_operator']) retrieved from /home/renato/Documentos/datapipeline/.env/lib/python3.10/site-packages/airflow/example_dags/example_branch_datetime_operator.py
[2022-11-07T23:33:26.667-0300] {logging_mixin.py:117} INFO - [2022-11-07T23:33:26.667-0300] {dag.py:2573} INFO - Sync 3 DAGs
[2022-11-07T23:33:26.686-0300] {logging_mixin.py:117} INFO - [2022-11-07T23:33:26.686-0300] {dag.py:3324} INFO - Setting next_dagrun for example_branch_datetime_operator to 2022-11-07T00:00:00+00:00, run_after=2022-11-08T00:00:00+00:00
[2022-11-07T23:33:26.690-0300] {logging_mixin.py:117} INFO - [2022-11-07T23:33:26.690-0300] {dag.py:3324} INFO - Setting next_dagrun for example_branch_datetime_operator_2 to 2022-11-07T00:00:00+00:00, run_after=2022-11-08T00:00:00+00:00
[2022-11-07T23:33:26.692-0300] {logging_mixin.py:117} INFO - [2022-11-07T23:33:26.692-0300] {dag.py:3324} INFO - Setting next_dagrun for example_branch_datetime_operator_3 to 2022-11-07T00:00:00+00:00, run_after=2022-11-08T00:00:00+00:00
[2022-11-07T23:33:27.503-0300] {processor.py:178} INFO - Processing /home/renato/Documentos/datapipeline/.env/lib/python3.10/site-packages/airflow/example_dags/example_branch_datetime_operator.py took 0.891 seconds
[2022-11-07T23:34:04.964-0300] {processor.py:156} INFO - Started process (PID=966306) to work on /home/renato/Documentos/datapipeline/.env/lib/python3.10/site-packages/airflow/example_dags/example_branch_datetime_operator.py
[2022-11-07T23:34:04.967-0300] {processor.py:758} INFO - Processing file /home/renato/Documentos/datapipeline/.env/lib/python3.10/site-packages/airflow/example_dags/example_branch_datetime_operator.py for tasks to queue
[2022-11-07T23:34:04.968-0300] {logging_mixin.py:117} INFO - [2022-11-07T23:34:04.967-0300] {dagbag.py:525} INFO - Filling up the DagBag from /home/renato/Documentos/datapipeline/.env/lib/python3.10/site-packages/airflow/example_dags/example_branch_datetime_operator.py
[2022-11-07T23:34:04.995-0300] {processor.py:768} INFO - DAG(s) dict_keys(['example_branch_datetime_operator', 'example_branch_datetime_operator_3', 'example_branch_datetime_operator_2']) retrieved from /home/renato/Documentos/datapipeline/.env/lib/python3.10/site-packages/airflow/example_dags/example_branch_datetime_operator.py
[2022-11-07T23:34:05.022-0300] {logging_mixin.py:117} INFO - [2022-11-07T23:34:05.021-0300] {dag.py:2573} INFO - Sync 3 DAGs
[2022-11-07T23:34:05.040-0300] {logging_mixin.py:117} INFO - [2022-11-07T23:34:05.040-0300] {dag.py:3324} INFO - Setting next_dagrun for example_branch_datetime_operator to 2022-11-07T00:00:00+00:00, run_after=2022-11-08T00:00:00+00:00
[2022-11-07T23:34:05.044-0300] {logging_mixin.py:117} INFO - [2022-11-07T23:34:05.044-0300] {dag.py:3324} INFO - Setting next_dagrun for example_branch_datetime_operator_2 to 2022-11-07T00:00:00+00:00, run_after=2022-11-08T00:00:00+00:00
[2022-11-07T23:34:05.047-0300] {logging_mixin.py:117} INFO - [2022-11-07T23:34:05.047-0300] {dag.py:3324} INFO - Setting next_dagrun for example_branch_datetime_operator_3 to 2022-11-07T00:00:00+00:00, run_after=2022-11-08T00:00:00+00:00
[2022-11-07T23:34:05.068-0300] {processor.py:178} INFO - Processing /home/renato/Documentos/datapipeline/.env/lib/python3.10/site-packages/airflow/example_dags/example_branch_datetime_operator.py took 0.108 seconds
[2022-11-07T23:34:42.537-0300] {processor.py:156} INFO - Started process (PID=966383) to work on /home/renato/Documentos/datapipeline/.env/lib/python3.10/site-packages/airflow/example_dags/example_branch_datetime_operator.py
[2022-11-07T23:34:42.540-0300] {processor.py:758} INFO - Processing file /home/renato/Documentos/datapipeline/.env/lib/python3.10/site-packages/airflow/example_dags/example_branch_datetime_operator.py for tasks to queue
[2022-11-07T23:34:42.542-0300] {logging_mixin.py:117} INFO - [2022-11-07T23:34:42.541-0300] {dagbag.py:525} INFO - Filling up the DagBag from /home/renato/Documentos/datapipeline/.env/lib/python3.10/site-packages/airflow/example_dags/example_branch_datetime_operator.py
[2022-11-07T23:34:42.564-0300] {processor.py:768} INFO - DAG(s) dict_keys(['example_branch_datetime_operator_3', 'example_branch_datetime_operator_2', 'example_branch_datetime_operator']) retrieved from /home/renato/Documentos/datapipeline/.env/lib/python3.10/site-packages/airflow/example_dags/example_branch_datetime_operator.py
[2022-11-07T23:34:42.590-0300] {logging_mixin.py:117} INFO - [2022-11-07T23:34:42.590-0300] {dag.py:2573} INFO - Sync 3 DAGs
[2022-11-07T23:34:42.608-0300] {logging_mixin.py:117} INFO - [2022-11-07T23:34:42.608-0300] {dag.py:3324} INFO - Setting next_dagrun for example_branch_datetime_operator to 2022-11-07T00:00:00+00:00, run_after=2022-11-08T00:00:00+00:00
[2022-11-07T23:34:42.611-0300] {logging_mixin.py:117} INFO - [2022-11-07T23:34:42.611-0300] {dag.py:3324} INFO - Setting next_dagrun for example_branch_datetime_operator_2 to 2022-11-07T00:00:00+00:00, run_after=2022-11-08T00:00:00+00:00
[2022-11-07T23:34:42.613-0300] {logging_mixin.py:117} INFO - [2022-11-07T23:34:42.613-0300] {dag.py:3324} INFO - Setting next_dagrun for example_branch_datetime_operator_3 to 2022-11-07T00:00:00+00:00, run_after=2022-11-08T00:00:00+00:00
[2022-11-07T23:34:42.634-0300] {processor.py:178} INFO - Processing /home/renato/Documentos/datapipeline/.env/lib/python3.10/site-packages/airflow/example_dags/example_branch_datetime_operator.py took 0.104 seconds
[2022-11-07T23:35:20.741-0300] {processor.py:156} INFO - Started process (PID=966460) to work on /home/renato/Documentos/datapipeline/.env/lib/python3.10/site-packages/airflow/example_dags/example_branch_datetime_operator.py
[2022-11-07T23:35:21.214-0300] {processor.py:758} INFO - Processing file /home/renato/Documentos/datapipeline/.env/lib/python3.10/site-packages/airflow/example_dags/example_branch_datetime_operator.py for tasks to queue
[2022-11-07T23:35:21.215-0300] {logging_mixin.py:117} INFO - [2022-11-07T23:35:21.215-0300] {dagbag.py:525} INFO - Filling up the DagBag from /home/renato/Documentos/datapipeline/.env/lib/python3.10/site-packages/airflow/example_dags/example_branch_datetime_operator.py
[2022-11-07T23:35:21.231-0300] {processor.py:768} INFO - DAG(s) dict_keys(['example_branch_datetime_operator_2', 'example_branch_datetime_operator', 'example_branch_datetime_operator_3']) retrieved from /home/renato/Documentos/datapipeline/.env/lib/python3.10/site-packages/airflow/example_dags/example_branch_datetime_operator.py
[2022-11-07T23:35:21.256-0300] {logging_mixin.py:117} INFO - [2022-11-07T23:35:21.256-0300] {dag.py:2573} INFO - Sync 3 DAGs
[2022-11-07T23:35:21.274-0300] {logging_mixin.py:117} INFO - [2022-11-07T23:35:21.274-0300] {dag.py:3324} INFO - Setting next_dagrun for example_branch_datetime_operator to 2022-11-07T00:00:00+00:00, run_after=2022-11-08T00:00:00+00:00
[2022-11-07T23:35:21.278-0300] {logging_mixin.py:117} INFO - [2022-11-07T23:35:21.277-0300] {dag.py:3324} INFO - Setting next_dagrun for example_branch_datetime_operator_2 to 2022-11-07T00:00:00+00:00, run_after=2022-11-08T00:00:00+00:00
[2022-11-07T23:35:21.280-0300] {logging_mixin.py:117} INFO - [2022-11-07T23:35:21.280-0300] {dag.py:3324} INFO - Setting next_dagrun for example_branch_datetime_operator_3 to 2022-11-07T00:00:00+00:00, run_after=2022-11-08T00:00:00+00:00
[2022-11-07T23:35:21.494-0300] {processor.py:178} INFO - Processing /home/renato/Documentos/datapipeline/.env/lib/python3.10/site-packages/airflow/example_dags/example_branch_datetime_operator.py took 0.756 seconds
[2022-11-07T23:36:03.698-0300] {processor.py:156} INFO - Started process (PID=966544) to work on /home/renato/Documentos/datapipeline/.env/lib/python3.10/site-packages/airflow/example_dags/example_branch_datetime_operator.py
[2022-11-07T23:36:03.701-0300] {processor.py:758} INFO - Processing file /home/renato/Documentos/datapipeline/.env/lib/python3.10/site-packages/airflow/example_dags/example_branch_datetime_operator.py for tasks to queue
[2022-11-07T23:36:03.703-0300] {logging_mixin.py:117} INFO - [2022-11-07T23:36:03.702-0300] {dagbag.py:525} INFO - Filling up the DagBag from /home/renato/Documentos/datapipeline/.env/lib/python3.10/site-packages/airflow/example_dags/example_branch_datetime_operator.py
[2022-11-07T23:36:03.727-0300] {processor.py:768} INFO - DAG(s) dict_keys(['example_branch_datetime_operator', 'example_branch_datetime_operator_3', 'example_branch_datetime_operator_2']) retrieved from /home/renato/Documentos/datapipeline/.env/lib/python3.10/site-packages/airflow/example_dags/example_branch_datetime_operator.py
[2022-11-07T23:36:03.754-0300] {logging_mixin.py:117} INFO - [2022-11-07T23:36:03.753-0300] {dag.py:2573} INFO - Sync 3 DAGs
[2022-11-07T23:36:03.771-0300] {logging_mixin.py:117} INFO - [2022-11-07T23:36:03.771-0300] {dag.py:3324} INFO - Setting next_dagrun for example_branch_datetime_operator to 2022-11-07T00:00:00+00:00, run_after=2022-11-08T00:00:00+00:00
[2022-11-07T23:36:03.775-0300] {logging_mixin.py:117} INFO - [2022-11-07T23:36:03.774-0300] {dag.py:3324} INFO - Setting next_dagrun for example_branch_datetime_operator_2 to 2022-11-07T00:00:00+00:00, run_after=2022-11-08T00:00:00+00:00
[2022-11-07T23:36:03.776-0300] {logging_mixin.py:117} INFO - [2022-11-07T23:36:03.776-0300] {dag.py:3324} INFO - Setting next_dagrun for example_branch_datetime_operator_3 to 2022-11-07T00:00:00+00:00, run_after=2022-11-08T00:00:00+00:00
[2022-11-07T23:36:03.797-0300] {processor.py:178} INFO - Processing /home/renato/Documentos/datapipeline/.env/lib/python3.10/site-packages/airflow/example_dags/example_branch_datetime_operator.py took 0.107 seconds
[2022-11-07T23:36:45.378-0300] {processor.py:156} INFO - Started process (PID=966625) to work on /home/renato/Documentos/datapipeline/.env/lib/python3.10/site-packages/airflow/example_dags/example_branch_datetime_operator.py
[2022-11-07T23:36:45.381-0300] {processor.py:758} INFO - Processing file /home/renato/Documentos/datapipeline/.env/lib/python3.10/site-packages/airflow/example_dags/example_branch_datetime_operator.py for tasks to queue
[2022-11-07T23:36:45.382-0300] {logging_mixin.py:117} INFO - [2022-11-07T23:36:45.382-0300] {dagbag.py:525} INFO - Filling up the DagBag from /home/renato/Documentos/datapipeline/.env/lib/python3.10/site-packages/airflow/example_dags/example_branch_datetime_operator.py
[2022-11-07T23:36:45.411-0300] {processor.py:768} INFO - DAG(s) dict_keys(['example_branch_datetime_operator_2', 'example_branch_datetime_operator', 'example_branch_datetime_operator_3']) retrieved from /home/renato/Documentos/datapipeline/.env/lib/python3.10/site-packages/airflow/example_dags/example_branch_datetime_operator.py
[2022-11-07T23:36:45.439-0300] {logging_mixin.py:117} INFO - [2022-11-07T23:36:45.439-0300] {dag.py:2573} INFO - Sync 3 DAGs
[2022-11-07T23:36:45.457-0300] {logging_mixin.py:117} INFO - [2022-11-07T23:36:45.457-0300] {dag.py:3324} INFO - Setting next_dagrun for example_branch_datetime_operator to 2022-11-07T00:00:00+00:00, run_after=2022-11-08T00:00:00+00:00
[2022-11-07T23:36:45.460-0300] {logging_mixin.py:117} INFO - [2022-11-07T23:36:45.460-0300] {dag.py:3324} INFO - Setting next_dagrun for example_branch_datetime_operator_2 to 2022-11-07T00:00:00+00:00, run_after=2022-11-08T00:00:00+00:00
[2022-11-07T23:36:45.462-0300] {logging_mixin.py:117} INFO - [2022-11-07T23:36:45.462-0300] {dag.py:3324} INFO - Setting next_dagrun for example_branch_datetime_operator_3 to 2022-11-07T00:00:00+00:00, run_after=2022-11-08T00:00:00+00:00
[2022-11-07T23:36:45.484-0300] {processor.py:178} INFO - Processing /home/renato/Documentos/datapipeline/.env/lib/python3.10/site-packages/airflow/example_dags/example_branch_datetime_operator.py took 0.113 seconds
[2022-11-07T23:37:30.375-0300] {processor.py:156} INFO - Started process (PID=966846) to work on /home/renato/Documentos/datapipeline/.env/lib/python3.10/site-packages/airflow/example_dags/example_branch_datetime_operator.py
[2022-11-07T23:37:30.378-0300] {processor.py:758} INFO - Processing file /home/renato/Documentos/datapipeline/.env/lib/python3.10/site-packages/airflow/example_dags/example_branch_datetime_operator.py for tasks to queue
[2022-11-07T23:37:30.380-0300] {logging_mixin.py:117} INFO - [2022-11-07T23:37:30.379-0300] {dagbag.py:525} INFO - Filling up the DagBag from /home/renato/Documentos/datapipeline/.env/lib/python3.10/site-packages/airflow/example_dags/example_branch_datetime_operator.py
[2022-11-07T23:37:30.407-0300] {processor.py:768} INFO - DAG(s) dict_keys(['example_branch_datetime_operator_2', 'example_branch_datetime_operator_3', 'example_branch_datetime_operator']) retrieved from /home/renato/Documentos/datapipeline/.env/lib/python3.10/site-packages/airflow/example_dags/example_branch_datetime_operator.py
[2022-11-07T23:37:30.431-0300] {logging_mixin.py:117} INFO - [2022-11-07T23:37:30.431-0300] {dag.py:2573} INFO - Sync 3 DAGs
[2022-11-07T23:37:30.449-0300] {logging_mixin.py:117} INFO - [2022-11-07T23:37:30.449-0300] {dag.py:3324} INFO - Setting next_dagrun for example_branch_datetime_operator to 2022-11-07T00:00:00+00:00, run_after=2022-11-08T00:00:00+00:00
[2022-11-07T23:37:30.453-0300] {logging_mixin.py:117} INFO - [2022-11-07T23:37:30.453-0300] {dag.py:3324} INFO - Setting next_dagrun for example_branch_datetime_operator_2 to 2022-11-07T00:00:00+00:00, run_after=2022-11-08T00:00:00+00:00
[2022-11-07T23:37:30.455-0300] {logging_mixin.py:117} INFO - [2022-11-07T23:37:30.455-0300] {dag.py:3324} INFO - Setting next_dagrun for example_branch_datetime_operator_3 to 2022-11-07T00:00:00+00:00, run_after=2022-11-08T00:00:00+00:00
[2022-11-07T23:37:30.476-0300] {processor.py:178} INFO - Processing /home/renato/Documentos/datapipeline/.env/lib/python3.10/site-packages/airflow/example_dags/example_branch_datetime_operator.py took 0.108 seconds
[2022-11-07T23:38:15.146-0300] {processor.py:156} INFO - Started process (PID=966935) to work on /home/renato/Documentos/datapipeline/.env/lib/python3.10/site-packages/airflow/example_dags/example_branch_datetime_operator.py
[2022-11-07T23:38:15.149-0300] {processor.py:758} INFO - Processing file /home/renato/Documentos/datapipeline/.env/lib/python3.10/site-packages/airflow/example_dags/example_branch_datetime_operator.py for tasks to queue
[2022-11-07T23:38:15.150-0300] {logging_mixin.py:117} INFO - [2022-11-07T23:38:15.150-0300] {dagbag.py:525} INFO - Filling up the DagBag from /home/renato/Documentos/datapipeline/.env/lib/python3.10/site-packages/airflow/example_dags/example_branch_datetime_operator.py
[2022-11-07T23:38:15.175-0300] {processor.py:768} INFO - DAG(s) dict_keys(['example_branch_datetime_operator', 'example_branch_datetime_operator_3', 'example_branch_datetime_operator_2']) retrieved from /home/renato/Documentos/datapipeline/.env/lib/python3.10/site-packages/airflow/example_dags/example_branch_datetime_operator.py
[2022-11-07T23:38:15.203-0300] {logging_mixin.py:117} INFO - [2022-11-07T23:38:15.202-0300] {dag.py:2573} INFO - Sync 3 DAGs
[2022-11-07T23:38:15.222-0300] {logging_mixin.py:117} INFO - [2022-11-07T23:38:15.221-0300] {dag.py:3324} INFO - Setting next_dagrun for example_branch_datetime_operator to 2022-11-07T00:00:00+00:00, run_after=2022-11-08T00:00:00+00:00
[2022-11-07T23:38:15.225-0300] {logging_mixin.py:117} INFO - [2022-11-07T23:38:15.225-0300] {dag.py:3324} INFO - Setting next_dagrun for example_branch_datetime_operator_2 to 2022-11-07T00:00:00+00:00, run_after=2022-11-08T00:00:00+00:00
[2022-11-07T23:38:15.227-0300] {logging_mixin.py:117} INFO - [2022-11-07T23:38:15.227-0300] {dag.py:3324} INFO - Setting next_dagrun for example_branch_datetime_operator_3 to 2022-11-07T00:00:00+00:00, run_after=2022-11-08T00:00:00+00:00
[2022-11-07T23:38:15.248-0300] {processor.py:178} INFO - Processing /home/renato/Documentos/datapipeline/.env/lib/python3.10/site-packages/airflow/example_dags/example_branch_datetime_operator.py took 0.107 seconds
[2022-11-07T23:38:56.513-0300] {processor.py:156} INFO - Started process (PID=967029) to work on /home/renato/Documentos/datapipeline/.env/lib/python3.10/site-packages/airflow/example_dags/example_branch_datetime_operator.py
[2022-11-07T23:38:56.520-0300] {processor.py:758} INFO - Processing file /home/renato/Documentos/datapipeline/.env/lib/python3.10/site-packages/airflow/example_dags/example_branch_datetime_operator.py for tasks to queue
[2022-11-07T23:38:56.522-0300] {logging_mixin.py:117} INFO - [2022-11-07T23:38:56.521-0300] {dagbag.py:525} INFO - Filling up the DagBag from /home/renato/Documentos/datapipeline/.env/lib/python3.10/site-packages/airflow/example_dags/example_branch_datetime_operator.py
[2022-11-07T23:38:56.543-0300] {processor.py:768} INFO - DAG(s) dict_keys(['example_branch_datetime_operator', 'example_branch_datetime_operator_2', 'example_branch_datetime_operator_3']) retrieved from /home/renato/Documentos/datapipeline/.env/lib/python3.10/site-packages/airflow/example_dags/example_branch_datetime_operator.py
[2022-11-07T23:38:56.570-0300] {logging_mixin.py:117} INFO - [2022-11-07T23:38:56.570-0300] {dag.py:2573} INFO - Sync 3 DAGs
[2022-11-07T23:38:56.588-0300] {logging_mixin.py:117} INFO - [2022-11-07T23:38:56.588-0300] {dag.py:3324} INFO - Setting next_dagrun for example_branch_datetime_operator to 2022-11-07T00:00:00+00:00, run_after=2022-11-08T00:00:00+00:00
[2022-11-07T23:38:56.592-0300] {logging_mixin.py:117} INFO - [2022-11-07T23:38:56.591-0300] {dag.py:3324} INFO - Setting next_dagrun for example_branch_datetime_operator_2 to 2022-11-07T00:00:00+00:00, run_after=2022-11-08T00:00:00+00:00
[2022-11-07T23:38:56.593-0300] {logging_mixin.py:117} INFO - [2022-11-07T23:38:56.593-0300] {dag.py:3324} INFO - Setting next_dagrun for example_branch_datetime_operator_3 to 2022-11-07T00:00:00+00:00, run_after=2022-11-08T00:00:00+00:00
[2022-11-07T23:38:56.614-0300] {processor.py:178} INFO - Processing /home/renato/Documentos/datapipeline/.env/lib/python3.10/site-packages/airflow/example_dags/example_branch_datetime_operator.py took 0.108 seconds
[2022-11-07T23:40:09.471-0300] {processor.py:156} INFO - Started process (PID=967177) to work on /home/renato/Documentos/datapipeline/.env/lib/python3.10/site-packages/airflow/example_dags/example_branch_datetime_operator.py
[2022-11-07T23:40:09.474-0300] {processor.py:758} INFO - Processing file /home/renato/Documentos/datapipeline/.env/lib/python3.10/site-packages/airflow/example_dags/example_branch_datetime_operator.py for tasks to queue
[2022-11-07T23:40:09.475-0300] {logging_mixin.py:117} INFO - [2022-11-07T23:40:09.475-0300] {dagbag.py:525} INFO - Filling up the DagBag from /home/renato/Documentos/datapipeline/.env/lib/python3.10/site-packages/airflow/example_dags/example_branch_datetime_operator.py
[2022-11-07T23:40:09.499-0300] {processor.py:768} INFO - DAG(s) dict_keys(['example_branch_datetime_operator_3', 'example_branch_datetime_operator', 'example_branch_datetime_operator_2']) retrieved from /home/renato/Documentos/datapipeline/.env/lib/python3.10/site-packages/airflow/example_dags/example_branch_datetime_operator.py
[2022-11-07T23:40:09.523-0300] {logging_mixin.py:117} INFO - [2022-11-07T23:40:09.523-0300] {dag.py:2573} INFO - Sync 3 DAGs
[2022-11-07T23:40:09.541-0300] {logging_mixin.py:117} INFO - [2022-11-07T23:40:09.541-0300] {dag.py:3324} INFO - Setting next_dagrun for example_branch_datetime_operator to 2022-11-07T00:00:00+00:00, run_after=2022-11-08T00:00:00+00:00
[2022-11-07T23:40:09.546-0300] {logging_mixin.py:117} INFO - [2022-11-07T23:40:09.546-0300] {dag.py:3324} INFO - Setting next_dagrun for example_branch_datetime_operator_2 to 2022-11-07T00:00:00+00:00, run_after=2022-11-08T00:00:00+00:00
[2022-11-07T23:40:09.548-0300] {logging_mixin.py:117} INFO - [2022-11-07T23:40:09.548-0300] {dag.py:3324} INFO - Setting next_dagrun for example_branch_datetime_operator_3 to 2022-11-07T00:00:00+00:00, run_after=2022-11-08T00:00:00+00:00
[2022-11-07T23:40:09.569-0300] {processor.py:178} INFO - Processing /home/renato/Documentos/datapipeline/.env/lib/python3.10/site-packages/airflow/example_dags/example_branch_datetime_operator.py took 0.103 seconds
[2022-11-07T23:40:49.089-0300] {processor.py:156} INFO - Started process (PID=967253) to work on /home/renato/Documentos/datapipeline/.env/lib/python3.10/site-packages/airflow/example_dags/example_branch_datetime_operator.py
[2022-11-07T23:40:49.091-0300] {processor.py:758} INFO - Processing file /home/renato/Documentos/datapipeline/.env/lib/python3.10/site-packages/airflow/example_dags/example_branch_datetime_operator.py for tasks to queue
[2022-11-07T23:40:49.092-0300] {logging_mixin.py:117} INFO - [2022-11-07T23:40:49.091-0300] {dagbag.py:525} INFO - Filling up the DagBag from /home/renato/Documentos/datapipeline/.env/lib/python3.10/site-packages/airflow/example_dags/example_branch_datetime_operator.py
[2022-11-07T23:40:49.111-0300] {processor.py:768} INFO - DAG(s) dict_keys(['example_branch_datetime_operator_2', 'example_branch_datetime_operator_3', 'example_branch_datetime_operator']) retrieved from /home/renato/Documentos/datapipeline/.env/lib/python3.10/site-packages/airflow/example_dags/example_branch_datetime_operator.py
[2022-11-07T23:40:49.136-0300] {logging_mixin.py:117} INFO - [2022-11-07T23:40:49.136-0300] {dag.py:2573} INFO - Sync 3 DAGs
[2022-11-07T23:40:49.155-0300] {logging_mixin.py:117} INFO - [2022-11-07T23:40:49.155-0300] {dag.py:3324} INFO - Setting next_dagrun for example_branch_datetime_operator to 2022-11-07T00:00:00+00:00, run_after=2022-11-08T00:00:00+00:00
[2022-11-07T23:40:49.158-0300] {logging_mixin.py:117} INFO - [2022-11-07T23:40:49.158-0300] {dag.py:3324} INFO - Setting next_dagrun for example_branch_datetime_operator_2 to 2022-11-07T00:00:00+00:00, run_after=2022-11-08T00:00:00+00:00
[2022-11-07T23:40:49.160-0300] {logging_mixin.py:117} INFO - [2022-11-07T23:40:49.160-0300] {dag.py:3324} INFO - Setting next_dagrun for example_branch_datetime_operator_3 to 2022-11-07T00:00:00+00:00, run_after=2022-11-08T00:00:00+00:00
[2022-11-07T23:40:49.181-0300] {processor.py:178} INFO - Processing /home/renato/Documentos/datapipeline/.env/lib/python3.10/site-packages/airflow/example_dags/example_branch_datetime_operator.py took 0.098 seconds
[2022-11-07T23:41:33.169-0300] {processor.py:156} INFO - Started process (PID=967340) to work on /home/renato/Documentos/datapipeline/.env/lib/python3.10/site-packages/airflow/example_dags/example_branch_datetime_operator.py
[2022-11-07T23:41:33.171-0300] {processor.py:758} INFO - Processing file /home/renato/Documentos/datapipeline/.env/lib/python3.10/site-packages/airflow/example_dags/example_branch_datetime_operator.py for tasks to queue
[2022-11-07T23:41:33.171-0300] {logging_mixin.py:117} INFO - [2022-11-07T23:41:33.171-0300] {dagbag.py:525} INFO - Filling up the DagBag from /home/renato/Documentos/datapipeline/.env/lib/python3.10/site-packages/airflow/example_dags/example_branch_datetime_operator.py
[2022-11-07T23:41:33.190-0300] {processor.py:768} INFO - DAG(s) dict_keys(['example_branch_datetime_operator_3', 'example_branch_datetime_operator', 'example_branch_datetime_operator_2']) retrieved from /home/renato/Documentos/datapipeline/.env/lib/python3.10/site-packages/airflow/example_dags/example_branch_datetime_operator.py
[2022-11-07T23:41:33.217-0300] {logging_mixin.py:117} INFO - [2022-11-07T23:41:33.217-0300] {dag.py:2573} INFO - Sync 3 DAGs
[2022-11-07T23:41:33.239-0300] {logging_mixin.py:117} INFO - [2022-11-07T23:41:33.239-0300] {dag.py:3324} INFO - Setting next_dagrun for example_branch_datetime_operator to 2022-11-07T00:00:00+00:00, run_after=2022-11-08T00:00:00+00:00
[2022-11-07T23:41:33.244-0300] {logging_mixin.py:117} INFO - [2022-11-07T23:41:33.244-0300] {dag.py:3324} INFO - Setting next_dagrun for example_branch_datetime_operator_2 to 2022-11-07T00:00:00+00:00, run_after=2022-11-08T00:00:00+00:00
[2022-11-07T23:41:33.246-0300] {logging_mixin.py:117} INFO - [2022-11-07T23:41:33.246-0300] {dag.py:3324} INFO - Setting next_dagrun for example_branch_datetime_operator_3 to 2022-11-07T00:00:00+00:00, run_after=2022-11-08T00:00:00+00:00
[2022-11-07T23:41:33.272-0300] {processor.py:178} INFO - Processing /home/renato/Documentos/datapipeline/.env/lib/python3.10/site-packages/airflow/example_dags/example_branch_datetime_operator.py took 0.106 seconds
[2022-11-07T23:42:15.122-0300] {processor.py:156} INFO - Started process (PID=967426) to work on /home/renato/Documentos/datapipeline/.env/lib/python3.10/site-packages/airflow/example_dags/example_branch_datetime_operator.py
[2022-11-07T23:42:15.125-0300] {processor.py:758} INFO - Processing file /home/renato/Documentos/datapipeline/.env/lib/python3.10/site-packages/airflow/example_dags/example_branch_datetime_operator.py for tasks to queue
[2022-11-07T23:42:15.125-0300] {logging_mixin.py:117} INFO - [2022-11-07T23:42:15.125-0300] {dagbag.py:525} INFO - Filling up the DagBag from /home/renato/Documentos/datapipeline/.env/lib/python3.10/site-packages/airflow/example_dags/example_branch_datetime_operator.py
[2022-11-07T23:42:15.143-0300] {processor.py:768} INFO - DAG(s) dict_keys(['example_branch_datetime_operator', 'example_branch_datetime_operator_2', 'example_branch_datetime_operator_3']) retrieved from /home/renato/Documentos/datapipeline/.env/lib/python3.10/site-packages/airflow/example_dags/example_branch_datetime_operator.py
[2022-11-07T23:42:15.170-0300] {logging_mixin.py:117} INFO - [2022-11-07T23:42:15.169-0300] {dag.py:2573} INFO - Sync 3 DAGs
[2022-11-07T23:42:15.188-0300] {logging_mixin.py:117} INFO - [2022-11-07T23:42:15.188-0300] {dag.py:3324} INFO - Setting next_dagrun for example_branch_datetime_operator to 2022-11-07T00:00:00+00:00, run_after=2022-11-08T00:00:00+00:00
[2022-11-07T23:42:15.192-0300] {logging_mixin.py:117} INFO - [2022-11-07T23:42:15.192-0300] {dag.py:3324} INFO - Setting next_dagrun for example_branch_datetime_operator_2 to 2022-11-07T00:00:00+00:00, run_after=2022-11-08T00:00:00+00:00
[2022-11-07T23:42:15.194-0300] {logging_mixin.py:117} INFO - [2022-11-07T23:42:15.194-0300] {dag.py:3324} INFO - Setting next_dagrun for example_branch_datetime_operator_3 to 2022-11-07T00:00:00+00:00, run_after=2022-11-08T00:00:00+00:00
[2022-11-07T23:42:15.216-0300] {processor.py:178} INFO - Processing /home/renato/Documentos/datapipeline/.env/lib/python3.10/site-packages/airflow/example_dags/example_branch_datetime_operator.py took 0.096 seconds
[2022-11-07T23:42:56.946-0300] {processor.py:156} INFO - Started process (PID=967636) to work on /home/renato/Documentos/datapipeline/.env/lib/python3.10/site-packages/airflow/example_dags/example_branch_datetime_operator.py
[2022-11-07T23:42:56.951-0300] {processor.py:758} INFO - Processing file /home/renato/Documentos/datapipeline/.env/lib/python3.10/site-packages/airflow/example_dags/example_branch_datetime_operator.py for tasks to queue
[2022-11-07T23:42:56.952-0300] {logging_mixin.py:117} INFO - [2022-11-07T23:42:56.952-0300] {dagbag.py:525} INFO - Filling up the DagBag from /home/renato/Documentos/datapipeline/.env/lib/python3.10/site-packages/airflow/example_dags/example_branch_datetime_operator.py
[2022-11-07T23:42:56.975-0300] {processor.py:768} INFO - DAG(s) dict_keys(['example_branch_datetime_operator_3', 'example_branch_datetime_operator', 'example_branch_datetime_operator_2']) retrieved from /home/renato/Documentos/datapipeline/.env/lib/python3.10/site-packages/airflow/example_dags/example_branch_datetime_operator.py
[2022-11-07T23:42:57.002-0300] {logging_mixin.py:117} INFO - [2022-11-07T23:42:57.002-0300] {dag.py:2573} INFO - Sync 3 DAGs
[2022-11-07T23:42:57.021-0300] {logging_mixin.py:117} INFO - [2022-11-07T23:42:57.021-0300] {dag.py:3324} INFO - Setting next_dagrun for example_branch_datetime_operator to 2022-11-07T00:00:00+00:00, run_after=2022-11-08T00:00:00+00:00
[2022-11-07T23:42:57.025-0300] {logging_mixin.py:117} INFO - [2022-11-07T23:42:57.025-0300] {dag.py:3324} INFO - Setting next_dagrun for example_branch_datetime_operator_2 to 2022-11-07T00:00:00+00:00, run_after=2022-11-08T00:00:00+00:00
[2022-11-07T23:42:57.027-0300] {logging_mixin.py:117} INFO - [2022-11-07T23:42:57.027-0300] {dag.py:3324} INFO - Setting next_dagrun for example_branch_datetime_operator_3 to 2022-11-07T00:00:00+00:00, run_after=2022-11-08T00:00:00+00:00
[2022-11-07T23:42:57.049-0300] {processor.py:178} INFO - Processing /home/renato/Documentos/datapipeline/.env/lib/python3.10/site-packages/airflow/example_dags/example_branch_datetime_operator.py took 0.115 seconds
