[2022-11-07T23:27:11.644-0300] {processor.py:156} INFO - Started process (PID=965214) to work on /home/renato/Documentos/datapipeline/.env/lib/python3.10/site-packages/airflow/example_dags/example_short_circuit_operator.py
[2022-11-07T23:27:11.646-0300] {processor.py:758} INFO - Processing file /home/renato/Documentos/datapipeline/.env/lib/python3.10/site-packages/airflow/example_dags/example_short_circuit_operator.py for tasks to queue
[2022-11-07T23:27:11.647-0300] {logging_mixin.py:117} INFO - [2022-11-07T23:27:11.647-0300] {dagbag.py:525} INFO - Filling up the DagBag from /home/renato/Documentos/datapipeline/.env/lib/python3.10/site-packages/airflow/example_dags/example_short_circuit_operator.py
[2022-11-07T23:27:11.670-0300] {processor.py:768} INFO - DAG(s) dict_keys(['example_short_circuit_operator']) retrieved from /home/renato/Documentos/datapipeline/.env/lib/python3.10/site-packages/airflow/example_dags/example_short_circuit_operator.py
[2022-11-07T23:27:11.706-0300] {logging_mixin.py:117} INFO - [2022-11-07T23:27:11.706-0300] {dag.py:2573} INFO - Sync 1 DAGs
[2022-11-07T23:27:11.730-0300] {logging_mixin.py:117} INFO - [2022-11-07T23:27:11.730-0300] {dag.py:3324} INFO - Setting next_dagrun for example_short_circuit_operator to 2022-11-07T02:27:11.729941+00:00, run_after=2022-11-08T02:27:11.729941+00:00
[2022-11-07T23:27:11.781-0300] {processor.py:178} INFO - Processing /home/renato/Documentos/datapipeline/.env/lib/python3.10/site-packages/airflow/example_dags/example_short_circuit_operator.py took 0.142 seconds
[2022-11-07T23:27:50.076-0300] {processor.py:156} INFO - Started process (PID=965428) to work on /home/renato/Documentos/datapipeline/.env/lib/python3.10/site-packages/airflow/example_dags/example_short_circuit_operator.py
[2022-11-07T23:27:50.079-0300] {processor.py:758} INFO - Processing file /home/renato/Documentos/datapipeline/.env/lib/python3.10/site-packages/airflow/example_dags/example_short_circuit_operator.py for tasks to queue
[2022-11-07T23:27:50.080-0300] {logging_mixin.py:117} INFO - [2022-11-07T23:27:50.080-0300] {dagbag.py:525} INFO - Filling up the DagBag from /home/renato/Documentos/datapipeline/.env/lib/python3.10/site-packages/airflow/example_dags/example_short_circuit_operator.py
[2022-11-07T23:27:50.100-0300] {processor.py:768} INFO - DAG(s) dict_keys(['example_short_circuit_operator']) retrieved from /home/renato/Documentos/datapipeline/.env/lib/python3.10/site-packages/airflow/example_dags/example_short_circuit_operator.py
[2022-11-07T23:27:50.122-0300] {logging_mixin.py:117} INFO - [2022-11-07T23:27:50.122-0300] {dag.py:2573} INFO - Sync 1 DAGs
[2022-11-07T23:27:50.141-0300] {logging_mixin.py:117} INFO - [2022-11-07T23:27:50.140-0300] {dag.py:3324} INFO - Setting next_dagrun for example_short_circuit_operator to 2022-11-07T02:27:50.140755+00:00, run_after=2022-11-08T02:27:50.140755+00:00
[2022-11-07T23:27:50.165-0300] {processor.py:178} INFO - Processing /home/renato/Documentos/datapipeline/.env/lib/python3.10/site-packages/airflow/example_dags/example_short_circuit_operator.py took 0.095 seconds
[2022-11-07T23:28:30.144-0300] {processor.py:156} INFO - Started process (PID=965508) to work on /home/renato/Documentos/datapipeline/.env/lib/python3.10/site-packages/airflow/example_dags/example_short_circuit_operator.py
[2022-11-07T23:28:30.146-0300] {processor.py:758} INFO - Processing file /home/renato/Documentos/datapipeline/.env/lib/python3.10/site-packages/airflow/example_dags/example_short_circuit_operator.py for tasks to queue
[2022-11-07T23:28:30.148-0300] {logging_mixin.py:117} INFO - [2022-11-07T23:28:30.148-0300] {dagbag.py:525} INFO - Filling up the DagBag from /home/renato/Documentos/datapipeline/.env/lib/python3.10/site-packages/airflow/example_dags/example_short_circuit_operator.py
[2022-11-07T23:28:30.162-0300] {processor.py:768} INFO - DAG(s) dict_keys(['example_short_circuit_operator']) retrieved from /home/renato/Documentos/datapipeline/.env/lib/python3.10/site-packages/airflow/example_dags/example_short_circuit_operator.py
[2022-11-07T23:28:30.183-0300] {logging_mixin.py:117} INFO - [2022-11-07T23:28:30.183-0300] {dag.py:2573} INFO - Sync 1 DAGs
[2022-11-07T23:28:30.201-0300] {logging_mixin.py:117} INFO - [2022-11-07T23:28:30.201-0300] {dag.py:3324} INFO - Setting next_dagrun for example_short_circuit_operator to 2022-11-07T02:28:30.201301+00:00, run_after=2022-11-08T02:28:30.201301+00:00
[2022-11-07T23:28:30.226-0300] {processor.py:178} INFO - Processing /home/renato/Documentos/datapipeline/.env/lib/python3.10/site-packages/airflow/example_dags/example_short_circuit_operator.py took 0.084 seconds
[2022-11-07T23:29:08.372-0300] {processor.py:156} INFO - Started process (PID=965587) to work on /home/renato/Documentos/datapipeline/.env/lib/python3.10/site-packages/airflow/example_dags/example_short_circuit_operator.py
[2022-11-07T23:29:08.376-0300] {processor.py:758} INFO - Processing file /home/renato/Documentos/datapipeline/.env/lib/python3.10/site-packages/airflow/example_dags/example_short_circuit_operator.py for tasks to queue
[2022-11-07T23:29:08.377-0300] {logging_mixin.py:117} INFO - [2022-11-07T23:29:08.377-0300] {dagbag.py:525} INFO - Filling up the DagBag from /home/renato/Documentos/datapipeline/.env/lib/python3.10/site-packages/airflow/example_dags/example_short_circuit_operator.py
[2022-11-07T23:29:08.402-0300] {processor.py:768} INFO - DAG(s) dict_keys(['example_short_circuit_operator']) retrieved from /home/renato/Documentos/datapipeline/.env/lib/python3.10/site-packages/airflow/example_dags/example_short_circuit_operator.py
[2022-11-07T23:29:08.433-0300] {logging_mixin.py:117} INFO - [2022-11-07T23:29:08.433-0300] {dag.py:2573} INFO - Sync 1 DAGs
[2022-11-07T23:29:08.453-0300] {logging_mixin.py:117} INFO - [2022-11-07T23:29:08.452-0300] {dag.py:3324} INFO - Setting next_dagrun for example_short_circuit_operator to 2022-11-07T02:29:08.452687+00:00, run_after=2022-11-08T02:29:08.452687+00:00
[2022-11-07T23:29:08.476-0300] {processor.py:178} INFO - Processing /home/renato/Documentos/datapipeline/.env/lib/python3.10/site-packages/airflow/example_dags/example_short_circuit_operator.py took 0.110 seconds
[2022-11-07T23:29:43.667-0300] {processor.py:156} INFO - Started process (PID=965658) to work on /home/renato/Documentos/datapipeline/.env/lib/python3.10/site-packages/airflow/example_dags/example_short_circuit_operator.py
[2022-11-07T23:29:43.669-0300] {processor.py:758} INFO - Processing file /home/renato/Documentos/datapipeline/.env/lib/python3.10/site-packages/airflow/example_dags/example_short_circuit_operator.py for tasks to queue
[2022-11-07T23:29:43.670-0300] {logging_mixin.py:117} INFO - [2022-11-07T23:29:43.670-0300] {dagbag.py:525} INFO - Filling up the DagBag from /home/renato/Documentos/datapipeline/.env/lib/python3.10/site-packages/airflow/example_dags/example_short_circuit_operator.py
[2022-11-07T23:29:43.690-0300] {processor.py:768} INFO - DAG(s) dict_keys(['example_short_circuit_operator']) retrieved from /home/renato/Documentos/datapipeline/.env/lib/python3.10/site-packages/airflow/example_dags/example_short_circuit_operator.py
[2022-11-07T23:29:43.715-0300] {logging_mixin.py:117} INFO - [2022-11-07T23:29:43.715-0300] {dag.py:2573} INFO - Sync 1 DAGs
[2022-11-07T23:29:43.737-0300] {logging_mixin.py:117} INFO - [2022-11-07T23:29:43.737-0300] {dag.py:3324} INFO - Setting next_dagrun for example_short_circuit_operator to 2022-11-07T02:29:43.737034+00:00, run_after=2022-11-08T02:29:43.737034+00:00
[2022-11-07T23:29:43.774-0300] {processor.py:178} INFO - Processing /home/renato/Documentos/datapipeline/.env/lib/python3.10/site-packages/airflow/example_dags/example_short_circuit_operator.py took 0.110 seconds
[2022-11-07T23:30:23.376-0300] {processor.py:156} INFO - Started process (PID=965737) to work on /home/renato/Documentos/datapipeline/.env/lib/python3.10/site-packages/airflow/example_dags/example_short_circuit_operator.py
[2022-11-07T23:30:23.379-0300] {processor.py:758} INFO - Processing file /home/renato/Documentos/datapipeline/.env/lib/python3.10/site-packages/airflow/example_dags/example_short_circuit_operator.py for tasks to queue
[2022-11-07T23:30:23.381-0300] {logging_mixin.py:117} INFO - [2022-11-07T23:30:23.380-0300] {dagbag.py:525} INFO - Filling up the DagBag from /home/renato/Documentos/datapipeline/.env/lib/python3.10/site-packages/airflow/example_dags/example_short_circuit_operator.py
[2022-11-07T23:30:23.405-0300] {processor.py:768} INFO - DAG(s) dict_keys(['example_short_circuit_operator']) retrieved from /home/renato/Documentos/datapipeline/.env/lib/python3.10/site-packages/airflow/example_dags/example_short_circuit_operator.py
[2022-11-07T23:30:23.432-0300] {logging_mixin.py:117} INFO - [2022-11-07T23:30:23.432-0300] {dag.py:2573} INFO - Sync 1 DAGs
[2022-11-07T23:30:23.449-0300] {logging_mixin.py:117} INFO - [2022-11-07T23:30:23.449-0300] {dag.py:3324} INFO - Setting next_dagrun for example_short_circuit_operator to 2022-11-07T02:30:23.448804+00:00, run_after=2022-11-08T02:30:23.448804+00:00
[2022-11-07T23:30:23.472-0300] {processor.py:178} INFO - Processing /home/renato/Documentos/datapipeline/.env/lib/python3.10/site-packages/airflow/example_dags/example_short_circuit_operator.py took 0.103 seconds
[2022-11-07T23:30:59.803-0300] {processor.py:156} INFO - Started process (PID=965809) to work on /home/renato/Documentos/datapipeline/.env/lib/python3.10/site-packages/airflow/example_dags/example_short_circuit_operator.py
[2022-11-07T23:30:59.807-0300] {processor.py:758} INFO - Processing file /home/renato/Documentos/datapipeline/.env/lib/python3.10/site-packages/airflow/example_dags/example_short_circuit_operator.py for tasks to queue
[2022-11-07T23:30:59.809-0300] {logging_mixin.py:117} INFO - [2022-11-07T23:30:59.808-0300] {dagbag.py:525} INFO - Filling up the DagBag from /home/renato/Documentos/datapipeline/.env/lib/python3.10/site-packages/airflow/example_dags/example_short_circuit_operator.py
[2022-11-07T23:30:59.838-0300] {processor.py:768} INFO - DAG(s) dict_keys(['example_short_circuit_operator']) retrieved from /home/renato/Documentos/datapipeline/.env/lib/python3.10/site-packages/airflow/example_dags/example_short_circuit_operator.py
[2022-11-07T23:30:59.860-0300] {logging_mixin.py:117} INFO - [2022-11-07T23:30:59.859-0300] {dag.py:2573} INFO - Sync 1 DAGs
[2022-11-07T23:30:59.877-0300] {logging_mixin.py:117} INFO - [2022-11-07T23:30:59.877-0300] {dag.py:3324} INFO - Setting next_dagrun for example_short_circuit_operator to 2022-11-07T02:30:59.877051+00:00, run_after=2022-11-08T02:30:59.877051+00:00
[2022-11-07T23:30:59.904-0300] {processor.py:178} INFO - Processing /home/renato/Documentos/datapipeline/.env/lib/python3.10/site-packages/airflow/example_dags/example_short_circuit_operator.py took 0.113 seconds
[2022-11-07T23:31:39.544-0300] {processor.py:156} INFO - Started process (PID=965886) to work on /home/renato/Documentos/datapipeline/.env/lib/python3.10/site-packages/airflow/example_dags/example_short_circuit_operator.py
[2022-11-07T23:31:39.553-0300] {processor.py:758} INFO - Processing file /home/renato/Documentos/datapipeline/.env/lib/python3.10/site-packages/airflow/example_dags/example_short_circuit_operator.py for tasks to queue
[2022-11-07T23:31:39.554-0300] {logging_mixin.py:117} INFO - [2022-11-07T23:31:39.554-0300] {dagbag.py:525} INFO - Filling up the DagBag from /home/renato/Documentos/datapipeline/.env/lib/python3.10/site-packages/airflow/example_dags/example_short_circuit_operator.py
[2022-11-07T23:31:39.583-0300] {processor.py:768} INFO - DAG(s) dict_keys(['example_short_circuit_operator']) retrieved from /home/renato/Documentos/datapipeline/.env/lib/python3.10/site-packages/airflow/example_dags/example_short_circuit_operator.py
[2022-11-07T23:31:39.606-0300] {logging_mixin.py:117} INFO - [2022-11-07T23:31:39.606-0300] {dag.py:2573} INFO - Sync 1 DAGs
[2022-11-07T23:31:39.623-0300] {logging_mixin.py:117} INFO - [2022-11-07T23:31:39.623-0300] {dag.py:3324} INFO - Setting next_dagrun for example_short_circuit_operator to 2022-11-07T02:31:39.623186+00:00, run_after=2022-11-08T02:31:39.623186+00:00
[2022-11-07T23:31:39.649-0300] {processor.py:178} INFO - Processing /home/renato/Documentos/datapipeline/.env/lib/python3.10/site-packages/airflow/example_dags/example_short_circuit_operator.py took 0.110 seconds
[2022-11-07T23:32:19.290-0300] {processor.py:156} INFO - Started process (PID=966098) to work on /home/renato/Documentos/datapipeline/.env/lib/python3.10/site-packages/airflow/example_dags/example_short_circuit_operator.py
[2022-11-07T23:32:19.293-0300] {processor.py:758} INFO - Processing file /home/renato/Documentos/datapipeline/.env/lib/python3.10/site-packages/airflow/example_dags/example_short_circuit_operator.py for tasks to queue
[2022-11-07T23:32:19.294-0300] {logging_mixin.py:117} INFO - [2022-11-07T23:32:19.294-0300] {dagbag.py:525} INFO - Filling up the DagBag from /home/renato/Documentos/datapipeline/.env/lib/python3.10/site-packages/airflow/example_dags/example_short_circuit_operator.py
[2022-11-07T23:32:19.311-0300] {processor.py:768} INFO - DAG(s) dict_keys(['example_short_circuit_operator']) retrieved from /home/renato/Documentos/datapipeline/.env/lib/python3.10/site-packages/airflow/example_dags/example_short_circuit_operator.py
[2022-11-07T23:32:19.332-0300] {logging_mixin.py:117} INFO - [2022-11-07T23:32:19.332-0300] {dag.py:2573} INFO - Sync 1 DAGs
[2022-11-07T23:32:19.348-0300] {logging_mixin.py:117} INFO - [2022-11-07T23:32:19.348-0300] {dag.py:3324} INFO - Setting next_dagrun for example_short_circuit_operator to 2022-11-07T02:32:19.348371+00:00, run_after=2022-11-08T02:32:19.348371+00:00
[2022-11-07T23:32:19.373-0300] {processor.py:178} INFO - Processing /home/renato/Documentos/datapipeline/.env/lib/python3.10/site-packages/airflow/example_dags/example_short_circuit_operator.py took 0.088 seconds
[2022-11-07T23:32:57.752-0300] {processor.py:156} INFO - Started process (PID=966173) to work on /home/renato/Documentos/datapipeline/.env/lib/python3.10/site-packages/airflow/example_dags/example_short_circuit_operator.py
[2022-11-07T23:32:57.754-0300] {processor.py:758} INFO - Processing file /home/renato/Documentos/datapipeline/.env/lib/python3.10/site-packages/airflow/example_dags/example_short_circuit_operator.py for tasks to queue
[2022-11-07T23:32:57.756-0300] {logging_mixin.py:117} INFO - [2022-11-07T23:32:57.755-0300] {dagbag.py:525} INFO - Filling up the DagBag from /home/renato/Documentos/datapipeline/.env/lib/python3.10/site-packages/airflow/example_dags/example_short_circuit_operator.py
[2022-11-07T23:32:57.783-0300] {processor.py:768} INFO - DAG(s) dict_keys(['example_short_circuit_operator']) retrieved from /home/renato/Documentos/datapipeline/.env/lib/python3.10/site-packages/airflow/example_dags/example_short_circuit_operator.py
[2022-11-07T23:32:57.809-0300] {logging_mixin.py:117} INFO - [2022-11-07T23:32:57.809-0300] {dag.py:2573} INFO - Sync 1 DAGs
[2022-11-07T23:32:57.827-0300] {logging_mixin.py:117} INFO - [2022-11-07T23:32:57.827-0300] {dag.py:3324} INFO - Setting next_dagrun for example_short_circuit_operator to 2022-11-07T02:32:57.827155+00:00, run_after=2022-11-08T02:32:57.827155+00:00
[2022-11-07T23:32:57.849-0300] {processor.py:178} INFO - Processing /home/renato/Documentos/datapipeline/.env/lib/python3.10/site-packages/airflow/example_dags/example_short_circuit_operator.py took 0.104 seconds
[2022-11-07T23:33:34.405-0300] {processor.py:156} INFO - Started process (PID=966246) to work on /home/renato/Documentos/datapipeline/.env/lib/python3.10/site-packages/airflow/example_dags/example_short_circuit_operator.py
[2022-11-07T23:33:34.408-0300] {processor.py:758} INFO - Processing file /home/renato/Documentos/datapipeline/.env/lib/python3.10/site-packages/airflow/example_dags/example_short_circuit_operator.py for tasks to queue
[2022-11-07T23:33:34.409-0300] {logging_mixin.py:117} INFO - [2022-11-07T23:33:34.409-0300] {dagbag.py:525} INFO - Filling up the DagBag from /home/renato/Documentos/datapipeline/.env/lib/python3.10/site-packages/airflow/example_dags/example_short_circuit_operator.py
[2022-11-07T23:33:34.428-0300] {processor.py:768} INFO - DAG(s) dict_keys(['example_short_circuit_operator']) retrieved from /home/renato/Documentos/datapipeline/.env/lib/python3.10/site-packages/airflow/example_dags/example_short_circuit_operator.py
[2022-11-07T23:33:34.451-0300] {logging_mixin.py:117} INFO - [2022-11-07T23:33:34.451-0300] {dag.py:2573} INFO - Sync 1 DAGs
[2022-11-07T23:33:34.469-0300] {logging_mixin.py:117} INFO - [2022-11-07T23:33:34.469-0300] {dag.py:3324} INFO - Setting next_dagrun for example_short_circuit_operator to 2022-11-07T02:33:34.469216+00:00, run_after=2022-11-08T02:33:34.469216+00:00
[2022-11-07T23:33:34.494-0300] {processor.py:178} INFO - Processing /home/renato/Documentos/datapipeline/.env/lib/python3.10/site-packages/airflow/example_dags/example_short_circuit_operator.py took 0.092 seconds
[2022-11-07T23:34:12.625-0300] {processor.py:156} INFO - Started process (PID=966321) to work on /home/renato/Documentos/datapipeline/.env/lib/python3.10/site-packages/airflow/example_dags/example_short_circuit_operator.py
[2022-11-07T23:34:12.629-0300] {processor.py:758} INFO - Processing file /home/renato/Documentos/datapipeline/.env/lib/python3.10/site-packages/airflow/example_dags/example_short_circuit_operator.py for tasks to queue
[2022-11-07T23:34:12.630-0300] {logging_mixin.py:117} INFO - [2022-11-07T23:34:12.630-0300] {dagbag.py:525} INFO - Filling up the DagBag from /home/renato/Documentos/datapipeline/.env/lib/python3.10/site-packages/airflow/example_dags/example_short_circuit_operator.py
[2022-11-07T23:34:12.657-0300] {processor.py:768} INFO - DAG(s) dict_keys(['example_short_circuit_operator']) retrieved from /home/renato/Documentos/datapipeline/.env/lib/python3.10/site-packages/airflow/example_dags/example_short_circuit_operator.py
[2022-11-07T23:34:12.684-0300] {logging_mixin.py:117} INFO - [2022-11-07T23:34:12.684-0300] {dag.py:2573} INFO - Sync 1 DAGs
[2022-11-07T23:34:12.702-0300] {logging_mixin.py:117} INFO - [2022-11-07T23:34:12.702-0300] {dag.py:3324} INFO - Setting next_dagrun for example_short_circuit_operator to 2022-11-07T02:34:12.702065+00:00, run_after=2022-11-08T02:34:12.702065+00:00
[2022-11-07T23:34:12.727-0300] {processor.py:178} INFO - Processing /home/renato/Documentos/datapipeline/.env/lib/python3.10/site-packages/airflow/example_dags/example_short_circuit_operator.py took 0.108 seconds
[2022-11-07T23:34:50.257-0300] {processor.py:156} INFO - Started process (PID=966397) to work on /home/renato/Documentos/datapipeline/.env/lib/python3.10/site-packages/airflow/example_dags/example_short_circuit_operator.py
[2022-11-07T23:34:50.262-0300] {processor.py:758} INFO - Processing file /home/renato/Documentos/datapipeline/.env/lib/python3.10/site-packages/airflow/example_dags/example_short_circuit_operator.py for tasks to queue
[2022-11-07T23:34:50.264-0300] {logging_mixin.py:117} INFO - [2022-11-07T23:34:50.263-0300] {dagbag.py:525} INFO - Filling up the DagBag from /home/renato/Documentos/datapipeline/.env/lib/python3.10/site-packages/airflow/example_dags/example_short_circuit_operator.py
[2022-11-07T23:34:50.286-0300] {processor.py:768} INFO - DAG(s) dict_keys(['example_short_circuit_operator']) retrieved from /home/renato/Documentos/datapipeline/.env/lib/python3.10/site-packages/airflow/example_dags/example_short_circuit_operator.py
[2022-11-07T23:34:50.321-0300] {logging_mixin.py:117} INFO - [2022-11-07T23:34:50.321-0300] {dag.py:2573} INFO - Sync 1 DAGs
[2022-11-07T23:34:50.340-0300] {logging_mixin.py:117} INFO - [2022-11-07T23:34:50.340-0300] {dag.py:3324} INFO - Setting next_dagrun for example_short_circuit_operator to 2022-11-07T02:34:50.340069+00:00, run_after=2022-11-08T02:34:50.340069+00:00
[2022-11-07T23:34:50.369-0300] {processor.py:178} INFO - Processing /home/renato/Documentos/datapipeline/.env/lib/python3.10/site-packages/airflow/example_dags/example_short_circuit_operator.py took 0.121 seconds
[2022-11-07T23:35:27.166-0300] {processor.py:156} INFO - Started process (PID=966472) to work on /home/renato/Documentos/datapipeline/.env/lib/python3.10/site-packages/airflow/example_dags/example_short_circuit_operator.py
[2022-11-07T23:35:27.168-0300] {processor.py:758} INFO - Processing file /home/renato/Documentos/datapipeline/.env/lib/python3.10/site-packages/airflow/example_dags/example_short_circuit_operator.py for tasks to queue
[2022-11-07T23:35:27.169-0300] {logging_mixin.py:117} INFO - [2022-11-07T23:35:27.169-0300] {dagbag.py:525} INFO - Filling up the DagBag from /home/renato/Documentos/datapipeline/.env/lib/python3.10/site-packages/airflow/example_dags/example_short_circuit_operator.py
[2022-11-07T23:35:27.193-0300] {processor.py:768} INFO - DAG(s) dict_keys(['example_short_circuit_operator']) retrieved from /home/renato/Documentos/datapipeline/.env/lib/python3.10/site-packages/airflow/example_dags/example_short_circuit_operator.py
[2022-11-07T23:35:27.215-0300] {logging_mixin.py:117} INFO - [2022-11-07T23:35:27.214-0300] {dag.py:2573} INFO - Sync 1 DAGs
[2022-11-07T23:35:27.231-0300] {logging_mixin.py:117} INFO - [2022-11-07T23:35:27.231-0300] {dag.py:3324} INFO - Setting next_dagrun for example_short_circuit_operator to 2022-11-07T02:35:27.231211+00:00, run_after=2022-11-08T02:35:27.231211+00:00
[2022-11-07T23:35:27.254-0300] {processor.py:178} INFO - Processing /home/renato/Documentos/datapipeline/.env/lib/python3.10/site-packages/airflow/example_dags/example_short_circuit_operator.py took 0.094 seconds
[2022-11-07T23:36:07.382-0300] {processor.py:156} INFO - Started process (PID=966551) to work on /home/renato/Documentos/datapipeline/.env/lib/python3.10/site-packages/airflow/example_dags/example_short_circuit_operator.py
[2022-11-07T23:36:07.385-0300] {processor.py:758} INFO - Processing file /home/renato/Documentos/datapipeline/.env/lib/python3.10/site-packages/airflow/example_dags/example_short_circuit_operator.py for tasks to queue
[2022-11-07T23:36:07.387-0300] {logging_mixin.py:117} INFO - [2022-11-07T23:36:07.386-0300] {dagbag.py:525} INFO - Filling up the DagBag from /home/renato/Documentos/datapipeline/.env/lib/python3.10/site-packages/airflow/example_dags/example_short_circuit_operator.py
[2022-11-07T23:36:07.405-0300] {processor.py:768} INFO - DAG(s) dict_keys(['example_short_circuit_operator']) retrieved from /home/renato/Documentos/datapipeline/.env/lib/python3.10/site-packages/airflow/example_dags/example_short_circuit_operator.py
[2022-11-07T23:36:07.427-0300] {logging_mixin.py:117} INFO - [2022-11-07T23:36:07.427-0300] {dag.py:2573} INFO - Sync 1 DAGs
[2022-11-07T23:36:07.443-0300] {logging_mixin.py:117} INFO - [2022-11-07T23:36:07.443-0300] {dag.py:3324} INFO - Setting next_dagrun for example_short_circuit_operator to 2022-11-07T02:36:07.443305+00:00, run_after=2022-11-08T02:36:07.443305+00:00
[2022-11-07T23:36:07.466-0300] {processor.py:178} INFO - Processing /home/renato/Documentos/datapipeline/.env/lib/python3.10/site-packages/airflow/example_dags/example_short_circuit_operator.py took 0.090 seconds
[2022-11-07T23:36:42.593-0300] {processor.py:156} INFO - Started process (PID=966620) to work on /home/renato/Documentos/datapipeline/.env/lib/python3.10/site-packages/airflow/example_dags/example_short_circuit_operator.py
[2022-11-07T23:36:42.598-0300] {processor.py:758} INFO - Processing file /home/renato/Documentos/datapipeline/.env/lib/python3.10/site-packages/airflow/example_dags/example_short_circuit_operator.py for tasks to queue
[2022-11-07T23:36:42.598-0300] {logging_mixin.py:117} INFO - [2022-11-07T23:36:42.598-0300] {dagbag.py:525} INFO - Filling up the DagBag from /home/renato/Documentos/datapipeline/.env/lib/python3.10/site-packages/airflow/example_dags/example_short_circuit_operator.py
[2022-11-07T23:36:42.614-0300] {processor.py:768} INFO - DAG(s) dict_keys(['example_short_circuit_operator']) retrieved from /home/renato/Documentos/datapipeline/.env/lib/python3.10/site-packages/airflow/example_dags/example_short_circuit_operator.py
[2022-11-07T23:36:42.642-0300] {logging_mixin.py:117} INFO - [2022-11-07T23:36:42.641-0300] {dag.py:2573} INFO - Sync 1 DAGs
[2022-11-07T23:36:42.660-0300] {logging_mixin.py:117} INFO - [2022-11-07T23:36:42.660-0300] {dag.py:3324} INFO - Setting next_dagrun for example_short_circuit_operator to 2022-11-07T02:36:42.660090+00:00, run_after=2022-11-08T02:36:42.660090+00:00
[2022-11-07T23:36:42.686-0300] {processor.py:178} INFO - Processing /home/renato/Documentos/datapipeline/.env/lib/python3.10/site-packages/airflow/example_dags/example_short_circuit_operator.py took 0.098 seconds
[2022-11-07T23:37:18.849-0300] {processor.py:156} INFO - Started process (PID=966824) to work on /home/renato/Documentos/datapipeline/.env/lib/python3.10/site-packages/airflow/example_dags/example_short_circuit_operator.py
[2022-11-07T23:37:18.853-0300] {processor.py:758} INFO - Processing file /home/renato/Documentos/datapipeline/.env/lib/python3.10/site-packages/airflow/example_dags/example_short_circuit_operator.py for tasks to queue
[2022-11-07T23:37:18.854-0300] {logging_mixin.py:117} INFO - [2022-11-07T23:37:18.854-0300] {dagbag.py:525} INFO - Filling up the DagBag from /home/renato/Documentos/datapipeline/.env/lib/python3.10/site-packages/airflow/example_dags/example_short_circuit_operator.py
[2022-11-07T23:37:18.872-0300] {processor.py:768} INFO - DAG(s) dict_keys(['example_short_circuit_operator']) retrieved from /home/renato/Documentos/datapipeline/.env/lib/python3.10/site-packages/airflow/example_dags/example_short_circuit_operator.py
[2022-11-07T23:37:18.896-0300] {logging_mixin.py:117} INFO - [2022-11-07T23:37:18.896-0300] {dag.py:2573} INFO - Sync 1 DAGs
[2022-11-07T23:37:18.914-0300] {logging_mixin.py:117} INFO - [2022-11-07T23:37:18.913-0300] {dag.py:3324} INFO - Setting next_dagrun for example_short_circuit_operator to 2022-11-07T02:37:18.913671+00:00, run_after=2022-11-08T02:37:18.913671+00:00
[2022-11-07T23:37:18.936-0300] {processor.py:178} INFO - Processing /home/renato/Documentos/datapipeline/.env/lib/python3.10/site-packages/airflow/example_dags/example_short_circuit_operator.py took 0.093 seconds
[2022-11-07T23:37:55.487-0300] {processor.py:156} INFO - Started process (PID=966896) to work on /home/renato/Documentos/datapipeline/.env/lib/python3.10/site-packages/airflow/example_dags/example_short_circuit_operator.py
[2022-11-07T23:37:55.491-0300] {processor.py:758} INFO - Processing file /home/renato/Documentos/datapipeline/.env/lib/python3.10/site-packages/airflow/example_dags/example_short_circuit_operator.py for tasks to queue
[2022-11-07T23:37:55.492-0300] {logging_mixin.py:117} INFO - [2022-11-07T23:37:55.492-0300] {dagbag.py:525} INFO - Filling up the DagBag from /home/renato/Documentos/datapipeline/.env/lib/python3.10/site-packages/airflow/example_dags/example_short_circuit_operator.py
[2022-11-07T23:37:55.515-0300] {processor.py:768} INFO - DAG(s) dict_keys(['example_short_circuit_operator']) retrieved from /home/renato/Documentos/datapipeline/.env/lib/python3.10/site-packages/airflow/example_dags/example_short_circuit_operator.py
[2022-11-07T23:37:55.536-0300] {logging_mixin.py:117} INFO - [2022-11-07T23:37:55.536-0300] {dag.py:2573} INFO - Sync 1 DAGs
[2022-11-07T23:37:55.553-0300] {logging_mixin.py:117} INFO - [2022-11-07T23:37:55.553-0300] {dag.py:3324} INFO - Setting next_dagrun for example_short_circuit_operator to 2022-11-07T02:37:55.553166+00:00, run_after=2022-11-08T02:37:55.553166+00:00
[2022-11-07T23:37:55.576-0300] {processor.py:178} INFO - Processing /home/renato/Documentos/datapipeline/.env/lib/python3.10/site-packages/airflow/example_dags/example_short_circuit_operator.py took 0.092 seconds
[2022-11-07T23:38:30.953-0300] {processor.py:156} INFO - Started process (PID=966965) to work on /home/renato/Documentos/datapipeline/.env/lib/python3.10/site-packages/airflow/example_dags/example_short_circuit_operator.py
[2022-11-07T23:38:30.956-0300] {processor.py:758} INFO - Processing file /home/renato/Documentos/datapipeline/.env/lib/python3.10/site-packages/airflow/example_dags/example_short_circuit_operator.py for tasks to queue
[2022-11-07T23:38:30.957-0300] {logging_mixin.py:117} INFO - [2022-11-07T23:38:30.957-0300] {dagbag.py:525} INFO - Filling up the DagBag from /home/renato/Documentos/datapipeline/.env/lib/python3.10/site-packages/airflow/example_dags/example_short_circuit_operator.py
[2022-11-07T23:38:30.979-0300] {processor.py:768} INFO - DAG(s) dict_keys(['example_short_circuit_operator']) retrieved from /home/renato/Documentos/datapipeline/.env/lib/python3.10/site-packages/airflow/example_dags/example_short_circuit_operator.py
[2022-11-07T23:38:30.999-0300] {logging_mixin.py:117} INFO - [2022-11-07T23:38:30.999-0300] {dag.py:2573} INFO - Sync 1 DAGs
[2022-11-07T23:38:31.016-0300] {logging_mixin.py:117} INFO - [2022-11-07T23:38:31.016-0300] {dag.py:3324} INFO - Setting next_dagrun for example_short_circuit_operator to 2022-11-07T02:38:31.015877+00:00, run_after=2022-11-08T02:38:31.015877+00:00
[2022-11-07T23:38:31.039-0300] {processor.py:178} INFO - Processing /home/renato/Documentos/datapipeline/.env/lib/python3.10/site-packages/airflow/example_dags/example_short_circuit_operator.py took 0.093 seconds
[2022-11-07T23:39:12.443-0300] {processor.py:156} INFO - Started process (PID=967065) to work on /home/renato/Documentos/datapipeline/.env/lib/python3.10/site-packages/airflow/example_dags/example_short_circuit_operator.py
[2022-11-07T23:39:12.444-0300] {processor.py:758} INFO - Processing file /home/renato/Documentos/datapipeline/.env/lib/python3.10/site-packages/airflow/example_dags/example_short_circuit_operator.py for tasks to queue
[2022-11-07T23:39:12.445-0300] {logging_mixin.py:117} INFO - [2022-11-07T23:39:12.445-0300] {dagbag.py:525} INFO - Filling up the DagBag from /home/renato/Documentos/datapipeline/.env/lib/python3.10/site-packages/airflow/example_dags/example_short_circuit_operator.py
[2022-11-07T23:39:12.459-0300] {processor.py:768} INFO - DAG(s) dict_keys(['example_short_circuit_operator']) retrieved from /home/renato/Documentos/datapipeline/.env/lib/python3.10/site-packages/airflow/example_dags/example_short_circuit_operator.py
[2022-11-07T23:39:12.483-0300] {logging_mixin.py:117} INFO - [2022-11-07T23:39:12.483-0300] {dag.py:2573} INFO - Sync 1 DAGs
[2022-11-07T23:39:12.505-0300] {logging_mixin.py:117} INFO - [2022-11-07T23:39:12.504-0300] {dag.py:3324} INFO - Setting next_dagrun for example_short_circuit_operator to 2022-11-07T02:39:12.504649+00:00, run_after=2022-11-08T02:39:12.504649+00:00
[2022-11-07T23:39:12.528-0300] {processor.py:178} INFO - Processing /home/renato/Documentos/datapipeline/.env/lib/python3.10/site-packages/airflow/example_dags/example_short_circuit_operator.py took 0.088 seconds
[2022-11-07T23:39:45.993-0300] {processor.py:156} INFO - Started process (PID=967125) to work on /home/renato/Documentos/datapipeline/.env/lib/python3.10/site-packages/airflow/example_dags/example_short_circuit_operator.py
[2022-11-07T23:39:45.994-0300] {processor.py:758} INFO - Processing file /home/renato/Documentos/datapipeline/.env/lib/python3.10/site-packages/airflow/example_dags/example_short_circuit_operator.py for tasks to queue
[2022-11-07T23:39:45.994-0300] {logging_mixin.py:117} INFO - [2022-11-07T23:39:45.994-0300] {dagbag.py:525} INFO - Filling up the DagBag from /home/renato/Documentos/datapipeline/.env/lib/python3.10/site-packages/airflow/example_dags/example_short_circuit_operator.py
[2022-11-07T23:39:46.018-0300] {processor.py:768} INFO - DAG(s) dict_keys(['example_short_circuit_operator']) retrieved from /home/renato/Documentos/datapipeline/.env/lib/python3.10/site-packages/airflow/example_dags/example_short_circuit_operator.py
[2022-11-07T23:39:46.044-0300] {logging_mixin.py:117} INFO - [2022-11-07T23:39:46.044-0300] {dag.py:2573} INFO - Sync 1 DAGs
[2022-11-07T23:39:46.068-0300] {logging_mixin.py:117} INFO - [2022-11-07T23:39:46.067-0300] {dag.py:3324} INFO - Setting next_dagrun for example_short_circuit_operator to 2022-11-07T02:39:46.067511+00:00, run_after=2022-11-08T02:39:46.067511+00:00
[2022-11-07T23:39:46.102-0300] {processor.py:178} INFO - Processing /home/renato/Documentos/datapipeline/.env/lib/python3.10/site-packages/airflow/example_dags/example_short_circuit_operator.py took 0.111 seconds
[2022-11-07T23:40:26.502-0300] {processor.py:156} INFO - Started process (PID=967208) to work on /home/renato/Documentos/datapipeline/.env/lib/python3.10/site-packages/airflow/example_dags/example_short_circuit_operator.py
[2022-11-07T23:40:26.519-0300] {processor.py:758} INFO - Processing file /home/renato/Documentos/datapipeline/.env/lib/python3.10/site-packages/airflow/example_dags/example_short_circuit_operator.py for tasks to queue
[2022-11-07T23:40:26.520-0300] {logging_mixin.py:117} INFO - [2022-11-07T23:40:26.520-0300] {dagbag.py:525} INFO - Filling up the DagBag from /home/renato/Documentos/datapipeline/.env/lib/python3.10/site-packages/airflow/example_dags/example_short_circuit_operator.py
[2022-11-07T23:40:26.535-0300] {processor.py:768} INFO - DAG(s) dict_keys(['example_short_circuit_operator']) retrieved from /home/renato/Documentos/datapipeline/.env/lib/python3.10/site-packages/airflow/example_dags/example_short_circuit_operator.py
[2022-11-07T23:40:26.558-0300] {logging_mixin.py:117} INFO - [2022-11-07T23:40:26.558-0300] {dag.py:2573} INFO - Sync 1 DAGs
[2022-11-07T23:40:26.576-0300] {logging_mixin.py:117} INFO - [2022-11-07T23:40:26.576-0300] {dag.py:3324} INFO - Setting next_dagrun for example_short_circuit_operator to 2022-11-07T02:40:26.575919+00:00, run_after=2022-11-08T02:40:26.575919+00:00
[2022-11-07T23:40:26.600-0300] {processor.py:178} INFO - Processing /home/renato/Documentos/datapipeline/.env/lib/python3.10/site-packages/airflow/example_dags/example_short_circuit_operator.py took 0.106 seconds
[2022-11-07T23:41:05.895-0300] {processor.py:156} INFO - Started process (PID=967285) to work on /home/renato/Documentos/datapipeline/.env/lib/python3.10/site-packages/airflow/example_dags/example_short_circuit_operator.py
[2022-11-07T23:41:05.903-0300] {processor.py:758} INFO - Processing file /home/renato/Documentos/datapipeline/.env/lib/python3.10/site-packages/airflow/example_dags/example_short_circuit_operator.py for tasks to queue
[2022-11-07T23:41:05.906-0300] {logging_mixin.py:117} INFO - [2022-11-07T23:41:05.905-0300] {dagbag.py:525} INFO - Filling up the DagBag from /home/renato/Documentos/datapipeline/.env/lib/python3.10/site-packages/airflow/example_dags/example_short_circuit_operator.py
[2022-11-07T23:41:05.927-0300] {processor.py:768} INFO - DAG(s) dict_keys(['example_short_circuit_operator']) retrieved from /home/renato/Documentos/datapipeline/.env/lib/python3.10/site-packages/airflow/example_dags/example_short_circuit_operator.py
[2022-11-07T23:41:05.948-0300] {logging_mixin.py:117} INFO - [2022-11-07T23:41:05.948-0300] {dag.py:2573} INFO - Sync 1 DAGs
[2022-11-07T23:41:05.966-0300] {logging_mixin.py:117} INFO - [2022-11-07T23:41:05.966-0300] {dag.py:3324} INFO - Setting next_dagrun for example_short_circuit_operator to 2022-11-07T02:41:05.965789+00:00, run_after=2022-11-08T02:41:05.965789+00:00
[2022-11-07T23:41:05.988-0300] {processor.py:178} INFO - Processing /home/renato/Documentos/datapipeline/.env/lib/python3.10/site-packages/airflow/example_dags/example_short_circuit_operator.py took 0.101 seconds
[2022-11-07T23:41:45.855-0300] {processor.py:156} INFO - Started process (PID=967369) to work on /home/renato/Documentos/datapipeline/.env/lib/python3.10/site-packages/airflow/example_dags/example_short_circuit_operator.py
[2022-11-07T23:41:45.857-0300] {processor.py:758} INFO - Processing file /home/renato/Documentos/datapipeline/.env/lib/python3.10/site-packages/airflow/example_dags/example_short_circuit_operator.py for tasks to queue
[2022-11-07T23:41:45.858-0300] {logging_mixin.py:117} INFO - [2022-11-07T23:41:45.858-0300] {dagbag.py:525} INFO - Filling up the DagBag from /home/renato/Documentos/datapipeline/.env/lib/python3.10/site-packages/airflow/example_dags/example_short_circuit_operator.py
[2022-11-07T23:41:45.877-0300] {processor.py:768} INFO - DAG(s) dict_keys(['example_short_circuit_operator']) retrieved from /home/renato/Documentos/datapipeline/.env/lib/python3.10/site-packages/airflow/example_dags/example_short_circuit_operator.py
[2022-11-07T23:41:45.908-0300] {logging_mixin.py:117} INFO - [2022-11-07T23:41:45.907-0300] {dag.py:2573} INFO - Sync 1 DAGs
[2022-11-07T23:41:45.950-0300] {logging_mixin.py:117} INFO - [2022-11-07T23:41:45.950-0300] {dag.py:3324} INFO - Setting next_dagrun for example_short_circuit_operator to 2022-11-07T02:41:45.950152+00:00, run_after=2022-11-08T02:41:45.950152+00:00
[2022-11-07T23:41:46.023-0300] {processor.py:178} INFO - Processing /home/renato/Documentos/datapipeline/.env/lib/python3.10/site-packages/airflow/example_dags/example_short_circuit_operator.py took 0.170 seconds
[2022-11-07T23:42:25.414-0300] {processor.py:156} INFO - Started process (PID=967575) to work on /home/renato/Documentos/datapipeline/.env/lib/python3.10/site-packages/airflow/example_dags/example_short_circuit_operator.py
[2022-11-07T23:42:25.417-0300] {processor.py:758} INFO - Processing file /home/renato/Documentos/datapipeline/.env/lib/python3.10/site-packages/airflow/example_dags/example_short_circuit_operator.py for tasks to queue
[2022-11-07T23:42:25.417-0300] {logging_mixin.py:117} INFO - [2022-11-07T23:42:25.417-0300] {dagbag.py:525} INFO - Filling up the DagBag from /home/renato/Documentos/datapipeline/.env/lib/python3.10/site-packages/airflow/example_dags/example_short_circuit_operator.py
[2022-11-07T23:42:25.432-0300] {processor.py:768} INFO - DAG(s) dict_keys(['example_short_circuit_operator']) retrieved from /home/renato/Documentos/datapipeline/.env/lib/python3.10/site-packages/airflow/example_dags/example_short_circuit_operator.py
[2022-11-07T23:42:25.455-0300] {logging_mixin.py:117} INFO - [2022-11-07T23:42:25.455-0300] {dag.py:2573} INFO - Sync 1 DAGs
[2022-11-07T23:42:25.472-0300] {logging_mixin.py:117} INFO - [2022-11-07T23:42:25.472-0300] {dag.py:3324} INFO - Setting next_dagrun for example_short_circuit_operator to 2022-11-07T02:42:25.472491+00:00, run_after=2022-11-08T02:42:25.472491+00:00
[2022-11-07T23:42:25.498-0300] {processor.py:178} INFO - Processing /home/renato/Documentos/datapipeline/.env/lib/python3.10/site-packages/airflow/example_dags/example_short_circuit_operator.py took 0.086 seconds
[2022-11-07T23:43:04.682-0300] {processor.py:156} INFO - Started process (PID=967651) to work on /home/renato/Documentos/datapipeline/.env/lib/python3.10/site-packages/airflow/example_dags/example_short_circuit_operator.py
[2022-11-07T23:43:04.686-0300] {processor.py:758} INFO - Processing file /home/renato/Documentos/datapipeline/.env/lib/python3.10/site-packages/airflow/example_dags/example_short_circuit_operator.py for tasks to queue
[2022-11-07T23:43:04.687-0300] {logging_mixin.py:117} INFO - [2022-11-07T23:43:04.687-0300] {dagbag.py:525} INFO - Filling up the DagBag from /home/renato/Documentos/datapipeline/.env/lib/python3.10/site-packages/airflow/example_dags/example_short_circuit_operator.py
[2022-11-07T23:43:04.714-0300] {processor.py:768} INFO - DAG(s) dict_keys(['example_short_circuit_operator']) retrieved from /home/renato/Documentos/datapipeline/.env/lib/python3.10/site-packages/airflow/example_dags/example_short_circuit_operator.py
[2022-11-07T23:43:04.739-0300] {logging_mixin.py:117} INFO - [2022-11-07T23:43:04.739-0300] {dag.py:2573} INFO - Sync 1 DAGs
[2022-11-07T23:43:04.756-0300] {logging_mixin.py:117} INFO - [2022-11-07T23:43:04.756-0300] {dag.py:3324} INFO - Setting next_dagrun for example_short_circuit_operator to 2022-11-07T02:43:04.756523+00:00, run_after=2022-11-08T02:43:04.756523+00:00
[2022-11-07T23:43:04.780-0300] {processor.py:178} INFO - Processing /home/renato/Documentos/datapipeline/.env/lib/python3.10/site-packages/airflow/example_dags/example_short_circuit_operator.py took 0.104 seconds
