[2022-11-07T23:27:24.993-0300] {processor.py:156} INFO - Started process (PID=965369) to work on /home/renato/Documentos/datapipeline/.env/lib/python3.10/site-packages/airflow/example_dags/example_external_task_marker_dag.py
[2022-11-07T23:27:24.995-0300] {processor.py:758} INFO - Processing file /home/renato/Documentos/datapipeline/.env/lib/python3.10/site-packages/airflow/example_dags/example_external_task_marker_dag.py for tasks to queue
[2022-11-07T23:27:24.995-0300] {logging_mixin.py:117} INFO - [2022-11-07T23:27:24.995-0300] {dagbag.py:525} INFO - Filling up the DagBag from /home/renato/Documentos/datapipeline/.env/lib/python3.10/site-packages/airflow/example_dags/example_external_task_marker_dag.py
[2022-11-07T23:27:25.009-0300] {processor.py:768} INFO - DAG(s) dict_keys(['example_external_task_marker_parent', 'example_external_task_marker_child']) retrieved from /home/renato/Documentos/datapipeline/.env/lib/python3.10/site-packages/airflow/example_dags/example_external_task_marker_dag.py
[2022-11-07T23:27:25.040-0300] {logging_mixin.py:117} WARNING - /home/renato/Documentos/datapipeline/.env/lib/python3.10/site-packages/airflow/plugins_manager.py:258 RemovedInAirflow3Warning: This decorator is deprecated.

In previous versions, all subclasses of BaseOperator must use apply_default decorator for the `default_args` feature to work properly.

In current version, it is optional. The decorator is applied automatically using the metaclass.
[2022-11-07T23:27:25.121-0300] {logging_mixin.py:117} INFO - [2022-11-07T23:27:25.121-0300] {dag.py:2573} INFO - Sync 2 DAGs
[2022-11-07T23:27:25.138-0300] {logging_mixin.py:117} INFO - [2022-11-07T23:27:25.138-0300] {dag.py:3324} INFO - Setting next_dagrun for example_external_task_marker_child to None, run_after=None
[2022-11-07T23:27:25.141-0300] {logging_mixin.py:117} INFO - [2022-11-07T23:27:25.141-0300] {dag.py:3324} INFO - Setting next_dagrun for example_external_task_marker_parent to None, run_after=None
[2022-11-07T23:27:25.167-0300] {processor.py:178} INFO - Processing /home/renato/Documentos/datapipeline/.env/lib/python3.10/site-packages/airflow/example_dags/example_external_task_marker_dag.py took 0.178 seconds
[2022-11-07T23:28:04.387-0300] {processor.py:156} INFO - Started process (PID=965455) to work on /home/renato/Documentos/datapipeline/.env/lib/python3.10/site-packages/airflow/example_dags/example_external_task_marker_dag.py
[2022-11-07T23:28:04.392-0300] {processor.py:758} INFO - Processing file /home/renato/Documentos/datapipeline/.env/lib/python3.10/site-packages/airflow/example_dags/example_external_task_marker_dag.py for tasks to queue
[2022-11-07T23:28:04.393-0300] {logging_mixin.py:117} INFO - [2022-11-07T23:28:04.393-0300] {dagbag.py:525} INFO - Filling up the DagBag from /home/renato/Documentos/datapipeline/.env/lib/python3.10/site-packages/airflow/example_dags/example_external_task_marker_dag.py
[2022-11-07T23:28:04.406-0300] {processor.py:768} INFO - DAG(s) dict_keys(['example_external_task_marker_child', 'example_external_task_marker_parent']) retrieved from /home/renato/Documentos/datapipeline/.env/lib/python3.10/site-packages/airflow/example_dags/example_external_task_marker_dag.py
[2022-11-07T23:28:04.428-0300] {logging_mixin.py:117} WARNING - /home/renato/Documentos/datapipeline/.env/lib/python3.10/site-packages/airflow/plugins_manager.py:258 RemovedInAirflow3Warning: This decorator is deprecated.

In previous versions, all subclasses of BaseOperator must use apply_default decorator for the `default_args` feature to work properly.

In current version, it is optional. The decorator is applied automatically using the metaclass.
[2022-11-07T23:28:04.482-0300] {logging_mixin.py:117} INFO - [2022-11-07T23:28:04.482-0300] {dag.py:2573} INFO - Sync 2 DAGs
[2022-11-07T23:28:04.500-0300] {logging_mixin.py:117} INFO - [2022-11-07T23:28:04.500-0300] {dag.py:3324} INFO - Setting next_dagrun for example_external_task_marker_child to None, run_after=None
[2022-11-07T23:28:04.502-0300] {logging_mixin.py:117} INFO - [2022-11-07T23:28:04.502-0300] {dag.py:3324} INFO - Setting next_dagrun for example_external_task_marker_parent to None, run_after=None
[2022-11-07T23:28:04.559-0300] {processor.py:178} INFO - Processing /home/renato/Documentos/datapipeline/.env/lib/python3.10/site-packages/airflow/example_dags/example_external_task_marker_dag.py took 0.175 seconds
[2022-11-07T23:28:42.901-0300] {processor.py:156} INFO - Started process (PID=965534) to work on /home/renato/Documentos/datapipeline/.env/lib/python3.10/site-packages/airflow/example_dags/example_external_task_marker_dag.py
[2022-11-07T23:28:42.904-0300] {processor.py:758} INFO - Processing file /home/renato/Documentos/datapipeline/.env/lib/python3.10/site-packages/airflow/example_dags/example_external_task_marker_dag.py for tasks to queue
[2022-11-07T23:28:42.905-0300] {logging_mixin.py:117} INFO - [2022-11-07T23:28:42.905-0300] {dagbag.py:525} INFO - Filling up the DagBag from /home/renato/Documentos/datapipeline/.env/lib/python3.10/site-packages/airflow/example_dags/example_external_task_marker_dag.py
[2022-11-07T23:28:42.931-0300] {processor.py:768} INFO - DAG(s) dict_keys(['example_external_task_marker_parent', 'example_external_task_marker_child']) retrieved from /home/renato/Documentos/datapipeline/.env/lib/python3.10/site-packages/airflow/example_dags/example_external_task_marker_dag.py
[2022-11-07T23:28:42.971-0300] {logging_mixin.py:117} WARNING - /home/renato/Documentos/datapipeline/.env/lib/python3.10/site-packages/airflow/plugins_manager.py:258 RemovedInAirflow3Warning: This decorator is deprecated.

In previous versions, all subclasses of BaseOperator must use apply_default decorator for the `default_args` feature to work properly.

In current version, it is optional. The decorator is applied automatically using the metaclass.
[2022-11-07T23:28:43.022-0300] {logging_mixin.py:117} INFO - [2022-11-07T23:28:43.022-0300] {dag.py:2573} INFO - Sync 2 DAGs
[2022-11-07T23:28:43.040-0300] {logging_mixin.py:117} INFO - [2022-11-07T23:28:43.040-0300] {dag.py:3324} INFO - Setting next_dagrun for example_external_task_marker_child to None, run_after=None
[2022-11-07T23:28:43.043-0300] {logging_mixin.py:117} INFO - [2022-11-07T23:28:43.043-0300] {dag.py:3324} INFO - Setting next_dagrun for example_external_task_marker_parent to None, run_after=None
[2022-11-07T23:28:43.072-0300] {processor.py:178} INFO - Processing /home/renato/Documentos/datapipeline/.env/lib/python3.10/site-packages/airflow/example_dags/example_external_task_marker_dag.py took 0.177 seconds
[2022-11-07T23:29:22.255-0300] {processor.py:156} INFO - Started process (PID=965615) to work on /home/renato/Documentos/datapipeline/.env/lib/python3.10/site-packages/airflow/example_dags/example_external_task_marker_dag.py
[2022-11-07T23:29:22.257-0300] {processor.py:758} INFO - Processing file /home/renato/Documentos/datapipeline/.env/lib/python3.10/site-packages/airflow/example_dags/example_external_task_marker_dag.py for tasks to queue
[2022-11-07T23:29:22.258-0300] {logging_mixin.py:117} INFO - [2022-11-07T23:29:22.258-0300] {dagbag.py:525} INFO - Filling up the DagBag from /home/renato/Documentos/datapipeline/.env/lib/python3.10/site-packages/airflow/example_dags/example_external_task_marker_dag.py
[2022-11-07T23:29:22.271-0300] {processor.py:768} INFO - DAG(s) dict_keys(['example_external_task_marker_child', 'example_external_task_marker_parent']) retrieved from /home/renato/Documentos/datapipeline/.env/lib/python3.10/site-packages/airflow/example_dags/example_external_task_marker_dag.py
[2022-11-07T23:29:22.294-0300] {logging_mixin.py:117} WARNING - /home/renato/Documentos/datapipeline/.env/lib/python3.10/site-packages/airflow/plugins_manager.py:258 RemovedInAirflow3Warning: This decorator is deprecated.

In previous versions, all subclasses of BaseOperator must use apply_default decorator for the `default_args` feature to work properly.

In current version, it is optional. The decorator is applied automatically using the metaclass.
[2022-11-07T23:29:22.360-0300] {logging_mixin.py:117} INFO - [2022-11-07T23:29:22.360-0300] {dag.py:2573} INFO - Sync 2 DAGs
[2022-11-07T23:29:22.378-0300] {logging_mixin.py:117} INFO - [2022-11-07T23:29:22.378-0300] {dag.py:3324} INFO - Setting next_dagrun for example_external_task_marker_child to None, run_after=None
[2022-11-07T23:29:22.381-0300] {logging_mixin.py:117} INFO - [2022-11-07T23:29:22.381-0300] {dag.py:3324} INFO - Setting next_dagrun for example_external_task_marker_parent to None, run_after=None
[2022-11-07T23:29:22.422-0300] {processor.py:178} INFO - Processing /home/renato/Documentos/datapipeline/.env/lib/python3.10/site-packages/airflow/example_dags/example_external_task_marker_dag.py took 0.169 seconds
[2022-11-07T23:29:59.393-0300] {processor.py:156} INFO - Started process (PID=965689) to work on /home/renato/Documentos/datapipeline/.env/lib/python3.10/site-packages/airflow/example_dags/example_external_task_marker_dag.py
[2022-11-07T23:29:59.397-0300] {processor.py:758} INFO - Processing file /home/renato/Documentos/datapipeline/.env/lib/python3.10/site-packages/airflow/example_dags/example_external_task_marker_dag.py for tasks to queue
[2022-11-07T23:29:59.398-0300] {logging_mixin.py:117} INFO - [2022-11-07T23:29:59.398-0300] {dagbag.py:525} INFO - Filling up the DagBag from /home/renato/Documentos/datapipeline/.env/lib/python3.10/site-packages/airflow/example_dags/example_external_task_marker_dag.py
[2022-11-07T23:29:59.418-0300] {processor.py:768} INFO - DAG(s) dict_keys(['example_external_task_marker_child', 'example_external_task_marker_parent']) retrieved from /home/renato/Documentos/datapipeline/.env/lib/python3.10/site-packages/airflow/example_dags/example_external_task_marker_dag.py
[2022-11-07T23:29:59.458-0300] {logging_mixin.py:117} WARNING - /home/renato/Documentos/datapipeline/.env/lib/python3.10/site-packages/airflow/plugins_manager.py:258 RemovedInAirflow3Warning: This decorator is deprecated.

In previous versions, all subclasses of BaseOperator must use apply_default decorator for the `default_args` feature to work properly.

In current version, it is optional. The decorator is applied automatically using the metaclass.
[2022-11-07T23:29:59.557-0300] {logging_mixin.py:117} INFO - [2022-11-07T23:29:59.557-0300] {dag.py:2573} INFO - Sync 2 DAGs
[2022-11-07T23:29:59.584-0300] {logging_mixin.py:117} INFO - [2022-11-07T23:29:59.584-0300] {dag.py:3324} INFO - Setting next_dagrun for example_external_task_marker_child to None, run_after=None
[2022-11-07T23:29:59.588-0300] {logging_mixin.py:117} INFO - [2022-11-07T23:29:59.588-0300] {dag.py:3324} INFO - Setting next_dagrun for example_external_task_marker_parent to None, run_after=None
[2022-11-07T23:29:59.626-0300] {processor.py:178} INFO - Processing /home/renato/Documentos/datapipeline/.env/lib/python3.10/site-packages/airflow/example_dags/example_external_task_marker_dag.py took 0.236 seconds
[2022-11-07T23:30:39.080-0300] {processor.py:156} INFO - Started process (PID=965769) to work on /home/renato/Documentos/datapipeline/.env/lib/python3.10/site-packages/airflow/example_dags/example_external_task_marker_dag.py
[2022-11-07T23:30:39.081-0300] {processor.py:758} INFO - Processing file /home/renato/Documentos/datapipeline/.env/lib/python3.10/site-packages/airflow/example_dags/example_external_task_marker_dag.py for tasks to queue
[2022-11-07T23:30:39.082-0300] {logging_mixin.py:117} INFO - [2022-11-07T23:30:39.082-0300] {dagbag.py:525} INFO - Filling up the DagBag from /home/renato/Documentos/datapipeline/.env/lib/python3.10/site-packages/airflow/example_dags/example_external_task_marker_dag.py
[2022-11-07T23:30:39.097-0300] {processor.py:768} INFO - DAG(s) dict_keys(['example_external_task_marker_child', 'example_external_task_marker_parent']) retrieved from /home/renato/Documentos/datapipeline/.env/lib/python3.10/site-packages/airflow/example_dags/example_external_task_marker_dag.py
[2022-11-07T23:30:39.122-0300] {logging_mixin.py:117} WARNING - /home/renato/Documentos/datapipeline/.env/lib/python3.10/site-packages/airflow/plugins_manager.py:258 RemovedInAirflow3Warning: This decorator is deprecated.

In previous versions, all subclasses of BaseOperator must use apply_default decorator for the `default_args` feature to work properly.

In current version, it is optional. The decorator is applied automatically using the metaclass.
[2022-11-07T23:30:39.179-0300] {logging_mixin.py:117} INFO - [2022-11-07T23:30:39.179-0300] {dag.py:2573} INFO - Sync 2 DAGs
[2022-11-07T23:30:39.196-0300] {logging_mixin.py:117} INFO - [2022-11-07T23:30:39.196-0300] {dag.py:3324} INFO - Setting next_dagrun for example_external_task_marker_child to None, run_after=None
[2022-11-07T23:30:39.198-0300] {logging_mixin.py:117} INFO - [2022-11-07T23:30:39.198-0300] {dag.py:3324} INFO - Setting next_dagrun for example_external_task_marker_parent to None, run_after=None
[2022-11-07T23:30:39.224-0300] {processor.py:178} INFO - Processing /home/renato/Documentos/datapipeline/.env/lib/python3.10/site-packages/airflow/example_dags/example_external_task_marker_dag.py took 0.147 seconds
[2022-11-07T23:31:17.544-0300] {processor.py:156} INFO - Started process (PID=965844) to work on /home/renato/Documentos/datapipeline/.env/lib/python3.10/site-packages/airflow/example_dags/example_external_task_marker_dag.py
[2022-11-07T23:31:17.548-0300] {processor.py:758} INFO - Processing file /home/renato/Documentos/datapipeline/.env/lib/python3.10/site-packages/airflow/example_dags/example_external_task_marker_dag.py for tasks to queue
[2022-11-07T23:31:17.549-0300] {logging_mixin.py:117} INFO - [2022-11-07T23:31:17.549-0300] {dagbag.py:525} INFO - Filling up the DagBag from /home/renato/Documentos/datapipeline/.env/lib/python3.10/site-packages/airflow/example_dags/example_external_task_marker_dag.py
[2022-11-07T23:31:17.581-0300] {processor.py:768} INFO - DAG(s) dict_keys(['example_external_task_marker_parent', 'example_external_task_marker_child']) retrieved from /home/renato/Documentos/datapipeline/.env/lib/python3.10/site-packages/airflow/example_dags/example_external_task_marker_dag.py
[2022-11-07T23:31:17.629-0300] {logging_mixin.py:117} WARNING - /home/renato/Documentos/datapipeline/.env/lib/python3.10/site-packages/airflow/plugins_manager.py:258 RemovedInAirflow3Warning: This decorator is deprecated.

In previous versions, all subclasses of BaseOperator must use apply_default decorator for the `default_args` feature to work properly.

In current version, it is optional. The decorator is applied automatically using the metaclass.
[2022-11-07T23:31:17.677-0300] {logging_mixin.py:117} INFO - [2022-11-07T23:31:17.677-0300] {dag.py:2573} INFO - Sync 2 DAGs
[2022-11-07T23:31:17.694-0300] {logging_mixin.py:117} INFO - [2022-11-07T23:31:17.694-0300] {dag.py:3324} INFO - Setting next_dagrun for example_external_task_marker_child to None, run_after=None
[2022-11-07T23:31:17.696-0300] {logging_mixin.py:117} INFO - [2022-11-07T23:31:17.696-0300] {dag.py:3324} INFO - Setting next_dagrun for example_external_task_marker_parent to None, run_after=None
[2022-11-07T23:31:17.718-0300] {processor.py:178} INFO - Processing /home/renato/Documentos/datapipeline/.env/lib/python3.10/site-packages/airflow/example_dags/example_external_task_marker_dag.py took 0.180 seconds
[2022-11-07T23:31:59.159-0300] {processor.py:156} INFO - Started process (PID=965926) to work on /home/renato/Documentos/datapipeline/.env/lib/python3.10/site-packages/airflow/example_dags/example_external_task_marker_dag.py
[2022-11-07T23:31:59.163-0300] {processor.py:758} INFO - Processing file /home/renato/Documentos/datapipeline/.env/lib/python3.10/site-packages/airflow/example_dags/example_external_task_marker_dag.py for tasks to queue
[2022-11-07T23:31:59.163-0300] {logging_mixin.py:117} INFO - [2022-11-07T23:31:59.163-0300] {dagbag.py:525} INFO - Filling up the DagBag from /home/renato/Documentos/datapipeline/.env/lib/python3.10/site-packages/airflow/example_dags/example_external_task_marker_dag.py
[2022-11-07T23:31:59.182-0300] {processor.py:768} INFO - DAG(s) dict_keys(['example_external_task_marker_child', 'example_external_task_marker_parent']) retrieved from /home/renato/Documentos/datapipeline/.env/lib/python3.10/site-packages/airflow/example_dags/example_external_task_marker_dag.py
[2022-11-07T23:31:59.206-0300] {logging_mixin.py:117} WARNING - /home/renato/Documentos/datapipeline/.env/lib/python3.10/site-packages/airflow/plugins_manager.py:258 RemovedInAirflow3Warning: This decorator is deprecated.

In previous versions, all subclasses of BaseOperator must use apply_default decorator for the `default_args` feature to work properly.

In current version, it is optional. The decorator is applied automatically using the metaclass.
[2022-11-07T23:31:59.264-0300] {logging_mixin.py:117} INFO - [2022-11-07T23:31:59.263-0300] {dag.py:2573} INFO - Sync 2 DAGs
[2022-11-07T23:31:59.284-0300] {logging_mixin.py:117} INFO - [2022-11-07T23:31:59.283-0300] {dag.py:3324} INFO - Setting next_dagrun for example_external_task_marker_child to None, run_after=None
[2022-11-07T23:31:59.286-0300] {logging_mixin.py:117} INFO - [2022-11-07T23:31:59.286-0300] {dag.py:3324} INFO - Setting next_dagrun for example_external_task_marker_parent to None, run_after=None
[2022-11-07T23:31:59.317-0300] {processor.py:178} INFO - Processing /home/renato/Documentos/datapipeline/.env/lib/python3.10/site-packages/airflow/example_dags/example_external_task_marker_dag.py took 0.161 seconds
[2022-11-07T23:32:40.044-0300] {processor.py:156} INFO - Started process (PID=966138) to work on /home/renato/Documentos/datapipeline/.env/lib/python3.10/site-packages/airflow/example_dags/example_external_task_marker_dag.py
[2022-11-07T23:32:40.047-0300] {processor.py:758} INFO - Processing file /home/renato/Documentos/datapipeline/.env/lib/python3.10/site-packages/airflow/example_dags/example_external_task_marker_dag.py for tasks to queue
[2022-11-07T23:32:40.048-0300] {logging_mixin.py:117} INFO - [2022-11-07T23:32:40.048-0300] {dagbag.py:525} INFO - Filling up the DagBag from /home/renato/Documentos/datapipeline/.env/lib/python3.10/site-packages/airflow/example_dags/example_external_task_marker_dag.py
[2022-11-07T23:32:40.072-0300] {processor.py:768} INFO - DAG(s) dict_keys(['example_external_task_marker_child', 'example_external_task_marker_parent']) retrieved from /home/renato/Documentos/datapipeline/.env/lib/python3.10/site-packages/airflow/example_dags/example_external_task_marker_dag.py
[2022-11-07T23:32:40.100-0300] {logging_mixin.py:117} WARNING - /home/renato/Documentos/datapipeline/.env/lib/python3.10/site-packages/airflow/plugins_manager.py:258 RemovedInAirflow3Warning: This decorator is deprecated.

In previous versions, all subclasses of BaseOperator must use apply_default decorator for the `default_args` feature to work properly.

In current version, it is optional. The decorator is applied automatically using the metaclass.
[2022-11-07T23:32:40.155-0300] {logging_mixin.py:117} INFO - [2022-11-07T23:32:40.154-0300] {dag.py:2573} INFO - Sync 2 DAGs
[2022-11-07T23:32:40.171-0300] {logging_mixin.py:117} INFO - [2022-11-07T23:32:40.171-0300] {dag.py:3324} INFO - Setting next_dagrun for example_external_task_marker_child to None, run_after=None
[2022-11-07T23:32:40.174-0300] {logging_mixin.py:117} INFO - [2022-11-07T23:32:40.174-0300] {dag.py:3324} INFO - Setting next_dagrun for example_external_task_marker_parent to None, run_after=None
[2022-11-07T23:32:40.196-0300] {processor.py:178} INFO - Processing /home/renato/Documentos/datapipeline/.env/lib/python3.10/site-packages/airflow/example_dags/example_external_task_marker_dag.py took 0.158 seconds
[2022-11-07T23:33:17.001-0300] {processor.py:156} INFO - Started process (PID=966213) to work on /home/renato/Documentos/datapipeline/.env/lib/python3.10/site-packages/airflow/example_dags/example_external_task_marker_dag.py
[2022-11-07T23:33:17.007-0300] {processor.py:758} INFO - Processing file /home/renato/Documentos/datapipeline/.env/lib/python3.10/site-packages/airflow/example_dags/example_external_task_marker_dag.py for tasks to queue
[2022-11-07T23:33:17.008-0300] {logging_mixin.py:117} INFO - [2022-11-07T23:33:17.007-0300] {dagbag.py:525} INFO - Filling up the DagBag from /home/renato/Documentos/datapipeline/.env/lib/python3.10/site-packages/airflow/example_dags/example_external_task_marker_dag.py
[2022-11-07T23:33:17.029-0300] {processor.py:768} INFO - DAG(s) dict_keys(['example_external_task_marker_parent', 'example_external_task_marker_child']) retrieved from /home/renato/Documentos/datapipeline/.env/lib/python3.10/site-packages/airflow/example_dags/example_external_task_marker_dag.py
[2022-11-07T23:33:17.058-0300] {logging_mixin.py:117} WARNING - /home/renato/Documentos/datapipeline/.env/lib/python3.10/site-packages/airflow/plugins_manager.py:258 RemovedInAirflow3Warning: This decorator is deprecated.

In previous versions, all subclasses of BaseOperator must use apply_default decorator for the `default_args` feature to work properly.

In current version, it is optional. The decorator is applied automatically using the metaclass.
[2022-11-07T23:33:17.105-0300] {logging_mixin.py:117} INFO - [2022-11-07T23:33:17.105-0300] {dag.py:2573} INFO - Sync 2 DAGs
[2022-11-07T23:33:17.121-0300] {logging_mixin.py:117} INFO - [2022-11-07T23:33:17.121-0300] {dag.py:3324} INFO - Setting next_dagrun for example_external_task_marker_child to None, run_after=None
[2022-11-07T23:33:17.123-0300] {logging_mixin.py:117} INFO - [2022-11-07T23:33:17.123-0300] {dag.py:3324} INFO - Setting next_dagrun for example_external_task_marker_parent to None, run_after=None
[2022-11-07T23:33:17.147-0300] {processor.py:178} INFO - Processing /home/renato/Documentos/datapipeline/.env/lib/python3.10/site-packages/airflow/example_dags/example_external_task_marker_dag.py took 0.152 seconds
[2022-11-07T23:33:57.980-0300] {processor.py:156} INFO - Started process (PID=966292) to work on /home/renato/Documentos/datapipeline/.env/lib/python3.10/site-packages/airflow/example_dags/example_external_task_marker_dag.py
[2022-11-07T23:33:57.982-0300] {processor.py:758} INFO - Processing file /home/renato/Documentos/datapipeline/.env/lib/python3.10/site-packages/airflow/example_dags/example_external_task_marker_dag.py for tasks to queue
[2022-11-07T23:33:57.984-0300] {logging_mixin.py:117} INFO - [2022-11-07T23:33:57.983-0300] {dagbag.py:525} INFO - Filling up the DagBag from /home/renato/Documentos/datapipeline/.env/lib/python3.10/site-packages/airflow/example_dags/example_external_task_marker_dag.py
[2022-11-07T23:33:58.012-0300] {processor.py:768} INFO - DAG(s) dict_keys(['example_external_task_marker_child', 'example_external_task_marker_parent']) retrieved from /home/renato/Documentos/datapipeline/.env/lib/python3.10/site-packages/airflow/example_dags/example_external_task_marker_dag.py
[2022-11-07T23:33:58.048-0300] {logging_mixin.py:117} WARNING - /home/renato/Documentos/datapipeline/.env/lib/python3.10/site-packages/airflow/plugins_manager.py:258 RemovedInAirflow3Warning: This decorator is deprecated.

In previous versions, all subclasses of BaseOperator must use apply_default decorator for the `default_args` feature to work properly.

In current version, it is optional. The decorator is applied automatically using the metaclass.
[2022-11-07T23:33:58.113-0300] {logging_mixin.py:117} INFO - [2022-11-07T23:33:58.113-0300] {dag.py:2573} INFO - Sync 2 DAGs
[2022-11-07T23:33:58.133-0300] {logging_mixin.py:117} INFO - [2022-11-07T23:33:58.133-0300] {dag.py:3324} INFO - Setting next_dagrun for example_external_task_marker_child to None, run_after=None
[2022-11-07T23:33:58.137-0300] {logging_mixin.py:117} INFO - [2022-11-07T23:33:58.137-0300] {dag.py:3324} INFO - Setting next_dagrun for example_external_task_marker_parent to None, run_after=None
[2022-11-07T23:33:58.169-0300] {processor.py:178} INFO - Processing /home/renato/Documentos/datapipeline/.env/lib/python3.10/site-packages/airflow/example_dags/example_external_task_marker_dag.py took 0.194 seconds
[2022-11-07T23:34:34.890-0300] {processor.py:156} INFO - Started process (PID=966368) to work on /home/renato/Documentos/datapipeline/.env/lib/python3.10/site-packages/airflow/example_dags/example_external_task_marker_dag.py
[2022-11-07T23:34:34.893-0300] {processor.py:758} INFO - Processing file /home/renato/Documentos/datapipeline/.env/lib/python3.10/site-packages/airflow/example_dags/example_external_task_marker_dag.py for tasks to queue
[2022-11-07T23:34:34.894-0300] {logging_mixin.py:117} INFO - [2022-11-07T23:34:34.893-0300] {dagbag.py:525} INFO - Filling up the DagBag from /home/renato/Documentos/datapipeline/.env/lib/python3.10/site-packages/airflow/example_dags/example_external_task_marker_dag.py
[2022-11-07T23:34:34.912-0300] {processor.py:768} INFO - DAG(s) dict_keys(['example_external_task_marker_child', 'example_external_task_marker_parent']) retrieved from /home/renato/Documentos/datapipeline/.env/lib/python3.10/site-packages/airflow/example_dags/example_external_task_marker_dag.py
[2022-11-07T23:34:34.935-0300] {logging_mixin.py:117} WARNING - /home/renato/Documentos/datapipeline/.env/lib/python3.10/site-packages/airflow/plugins_manager.py:258 RemovedInAirflow3Warning: This decorator is deprecated.

In previous versions, all subclasses of BaseOperator must use apply_default decorator for the `default_args` feature to work properly.

In current version, it is optional. The decorator is applied automatically using the metaclass.
[2022-11-07T23:34:34.987-0300] {logging_mixin.py:117} INFO - [2022-11-07T23:34:34.987-0300] {dag.py:2573} INFO - Sync 2 DAGs
[2022-11-07T23:34:35.003-0300] {logging_mixin.py:117} INFO - [2022-11-07T23:34:35.003-0300] {dag.py:3324} INFO - Setting next_dagrun for example_external_task_marker_child to None, run_after=None
[2022-11-07T23:34:35.006-0300] {logging_mixin.py:117} INFO - [2022-11-07T23:34:35.006-0300] {dag.py:3324} INFO - Setting next_dagrun for example_external_task_marker_parent to None, run_after=None
[2022-11-07T23:34:35.027-0300] {processor.py:178} INFO - Processing /home/renato/Documentos/datapipeline/.env/lib/python3.10/site-packages/airflow/example_dags/example_external_task_marker_dag.py took 0.143 seconds
[2022-11-07T23:35:12.764-0300] {processor.py:156} INFO - Started process (PID=966443) to work on /home/renato/Documentos/datapipeline/.env/lib/python3.10/site-packages/airflow/example_dags/example_external_task_marker_dag.py
[2022-11-07T23:35:12.767-0300] {processor.py:758} INFO - Processing file /home/renato/Documentos/datapipeline/.env/lib/python3.10/site-packages/airflow/example_dags/example_external_task_marker_dag.py for tasks to queue
[2022-11-07T23:35:12.768-0300] {logging_mixin.py:117} INFO - [2022-11-07T23:35:12.768-0300] {dagbag.py:525} INFO - Filling up the DagBag from /home/renato/Documentos/datapipeline/.env/lib/python3.10/site-packages/airflow/example_dags/example_external_task_marker_dag.py
[2022-11-07T23:35:12.789-0300] {processor.py:768} INFO - DAG(s) dict_keys(['example_external_task_marker_parent', 'example_external_task_marker_child']) retrieved from /home/renato/Documentos/datapipeline/.env/lib/python3.10/site-packages/airflow/example_dags/example_external_task_marker_dag.py
[2022-11-07T23:35:12.819-0300] {logging_mixin.py:117} WARNING - /home/renato/Documentos/datapipeline/.env/lib/python3.10/site-packages/airflow/plugins_manager.py:258 RemovedInAirflow3Warning: This decorator is deprecated.

In previous versions, all subclasses of BaseOperator must use apply_default decorator for the `default_args` feature to work properly.

In current version, it is optional. The decorator is applied automatically using the metaclass.
[2022-11-07T23:35:12.866-0300] {logging_mixin.py:117} INFO - [2022-11-07T23:35:12.866-0300] {dag.py:2573} INFO - Sync 2 DAGs
[2022-11-07T23:35:12.883-0300] {logging_mixin.py:117} INFO - [2022-11-07T23:35:12.883-0300] {dag.py:3324} INFO - Setting next_dagrun for example_external_task_marker_child to None, run_after=None
[2022-11-07T23:35:12.886-0300] {logging_mixin.py:117} INFO - [2022-11-07T23:35:12.886-0300] {dag.py:3324} INFO - Setting next_dagrun for example_external_task_marker_parent to None, run_after=None
[2022-11-07T23:35:12.909-0300] {processor.py:178} INFO - Processing /home/renato/Documentos/datapipeline/.env/lib/python3.10/site-packages/airflow/example_dags/example_external_task_marker_dag.py took 0.151 seconds
[2022-11-07T23:35:53.380-0300] {processor.py:156} INFO - Started process (PID=966525) to work on /home/renato/Documentos/datapipeline/.env/lib/python3.10/site-packages/airflow/example_dags/example_external_task_marker_dag.py
[2022-11-07T23:35:53.382-0300] {processor.py:758} INFO - Processing file /home/renato/Documentos/datapipeline/.env/lib/python3.10/site-packages/airflow/example_dags/example_external_task_marker_dag.py for tasks to queue
[2022-11-07T23:35:53.382-0300] {logging_mixin.py:117} INFO - [2022-11-07T23:35:53.382-0300] {dagbag.py:525} INFO - Filling up the DagBag from /home/renato/Documentos/datapipeline/.env/lib/python3.10/site-packages/airflow/example_dags/example_external_task_marker_dag.py
[2022-11-07T23:35:53.396-0300] {processor.py:768} INFO - DAG(s) dict_keys(['example_external_task_marker_parent', 'example_external_task_marker_child']) retrieved from /home/renato/Documentos/datapipeline/.env/lib/python3.10/site-packages/airflow/example_dags/example_external_task_marker_dag.py
[2022-11-07T23:35:53.427-0300] {logging_mixin.py:117} WARNING - /home/renato/Documentos/datapipeline/.env/lib/python3.10/site-packages/airflow/plugins_manager.py:258 RemovedInAirflow3Warning: This decorator is deprecated.

In previous versions, all subclasses of BaseOperator must use apply_default decorator for the `default_args` feature to work properly.

In current version, it is optional. The decorator is applied automatically using the metaclass.
[2022-11-07T23:35:53.477-0300] {logging_mixin.py:117} INFO - [2022-11-07T23:35:53.477-0300] {dag.py:2573} INFO - Sync 2 DAGs
[2022-11-07T23:35:53.498-0300] {logging_mixin.py:117} INFO - [2022-11-07T23:35:53.497-0300] {dag.py:3324} INFO - Setting next_dagrun for example_external_task_marker_child to None, run_after=None
[2022-11-07T23:35:53.501-0300] {logging_mixin.py:117} INFO - [2022-11-07T23:35:53.500-0300] {dag.py:3324} INFO - Setting next_dagrun for example_external_task_marker_parent to None, run_after=None
[2022-11-07T23:35:53.522-0300] {processor.py:178} INFO - Processing /home/renato/Documentos/datapipeline/.env/lib/python3.10/site-packages/airflow/example_dags/example_external_task_marker_dag.py took 0.146 seconds
[2022-11-07T23:36:36.116-0300] {processor.py:156} INFO - Started process (PID=966607) to work on /home/renato/Documentos/datapipeline/.env/lib/python3.10/site-packages/airflow/example_dags/example_external_task_marker_dag.py
[2022-11-07T23:36:36.119-0300] {processor.py:758} INFO - Processing file /home/renato/Documentos/datapipeline/.env/lib/python3.10/site-packages/airflow/example_dags/example_external_task_marker_dag.py for tasks to queue
[2022-11-07T23:36:36.120-0300] {logging_mixin.py:117} INFO - [2022-11-07T23:36:36.120-0300] {dagbag.py:525} INFO - Filling up the DagBag from /home/renato/Documentos/datapipeline/.env/lib/python3.10/site-packages/airflow/example_dags/example_external_task_marker_dag.py
[2022-11-07T23:36:36.140-0300] {processor.py:768} INFO - DAG(s) dict_keys(['example_external_task_marker_child', 'example_external_task_marker_parent']) retrieved from /home/renato/Documentos/datapipeline/.env/lib/python3.10/site-packages/airflow/example_dags/example_external_task_marker_dag.py
[2022-11-07T23:36:36.162-0300] {logging_mixin.py:117} WARNING - /home/renato/Documentos/datapipeline/.env/lib/python3.10/site-packages/airflow/plugins_manager.py:258 RemovedInAirflow3Warning: This decorator is deprecated.

In previous versions, all subclasses of BaseOperator must use apply_default decorator for the `default_args` feature to work properly.

In current version, it is optional. The decorator is applied automatically using the metaclass.
[2022-11-07T23:36:36.214-0300] {logging_mixin.py:117} INFO - [2022-11-07T23:36:36.214-0300] {dag.py:2573} INFO - Sync 2 DAGs
[2022-11-07T23:36:36.231-0300] {logging_mixin.py:117} INFO - [2022-11-07T23:36:36.231-0300] {dag.py:3324} INFO - Setting next_dagrun for example_external_task_marker_child to None, run_after=None
[2022-11-07T23:36:36.233-0300] {logging_mixin.py:117} INFO - [2022-11-07T23:36:36.233-0300] {dag.py:3324} INFO - Setting next_dagrun for example_external_task_marker_parent to None, run_after=None
[2022-11-07T23:36:36.254-0300] {processor.py:178} INFO - Processing /home/renato/Documentos/datapipeline/.env/lib/python3.10/site-packages/airflow/example_dags/example_external_task_marker_dag.py took 0.143 seconds
[2022-11-07T23:37:19.637-0300] {processor.py:156} INFO - Started process (PID=966826) to work on /home/renato/Documentos/datapipeline/.env/lib/python3.10/site-packages/airflow/example_dags/example_external_task_marker_dag.py
[2022-11-07T23:37:19.640-0300] {processor.py:758} INFO - Processing file /home/renato/Documentos/datapipeline/.env/lib/python3.10/site-packages/airflow/example_dags/example_external_task_marker_dag.py for tasks to queue
[2022-11-07T23:37:19.640-0300] {logging_mixin.py:117} INFO - [2022-11-07T23:37:19.640-0300] {dagbag.py:525} INFO - Filling up the DagBag from /home/renato/Documentos/datapipeline/.env/lib/python3.10/site-packages/airflow/example_dags/example_external_task_marker_dag.py
[2022-11-07T23:37:19.656-0300] {processor.py:768} INFO - DAG(s) dict_keys(['example_external_task_marker_child', 'example_external_task_marker_parent']) retrieved from /home/renato/Documentos/datapipeline/.env/lib/python3.10/site-packages/airflow/example_dags/example_external_task_marker_dag.py
[2022-11-07T23:37:19.679-0300] {logging_mixin.py:117} WARNING - /home/renato/Documentos/datapipeline/.env/lib/python3.10/site-packages/airflow/plugins_manager.py:258 RemovedInAirflow3Warning: This decorator is deprecated.

In previous versions, all subclasses of BaseOperator must use apply_default decorator for the `default_args` feature to work properly.

In current version, it is optional. The decorator is applied automatically using the metaclass.
[2022-11-07T23:37:19.732-0300] {logging_mixin.py:117} INFO - [2022-11-07T23:37:19.732-0300] {dag.py:2573} INFO - Sync 2 DAGs
[2022-11-07T23:37:19.748-0300] {logging_mixin.py:117} INFO - [2022-11-07T23:37:19.748-0300] {dag.py:3324} INFO - Setting next_dagrun for example_external_task_marker_child to None, run_after=None
[2022-11-07T23:37:19.751-0300] {logging_mixin.py:117} INFO - [2022-11-07T23:37:19.751-0300] {dag.py:3324} INFO - Setting next_dagrun for example_external_task_marker_parent to None, run_after=None
[2022-11-07T23:37:19.772-0300] {processor.py:178} INFO - Processing /home/renato/Documentos/datapipeline/.env/lib/python3.10/site-packages/airflow/example_dags/example_external_task_marker_dag.py took 0.138 seconds
[2022-11-07T23:37:58.220-0300] {processor.py:156} INFO - Started process (PID=966902) to work on /home/renato/Documentos/datapipeline/.env/lib/python3.10/site-packages/airflow/example_dags/example_external_task_marker_dag.py
[2022-11-07T23:37:58.223-0300] {processor.py:758} INFO - Processing file /home/renato/Documentos/datapipeline/.env/lib/python3.10/site-packages/airflow/example_dags/example_external_task_marker_dag.py for tasks to queue
[2022-11-07T23:37:58.223-0300] {logging_mixin.py:117} INFO - [2022-11-07T23:37:58.223-0300] {dagbag.py:525} INFO - Filling up the DagBag from /home/renato/Documentos/datapipeline/.env/lib/python3.10/site-packages/airflow/example_dags/example_external_task_marker_dag.py
[2022-11-07T23:37:58.237-0300] {processor.py:768} INFO - DAG(s) dict_keys(['example_external_task_marker_parent', 'example_external_task_marker_child']) retrieved from /home/renato/Documentos/datapipeline/.env/lib/python3.10/site-packages/airflow/example_dags/example_external_task_marker_dag.py
[2022-11-07T23:37:58.270-0300] {logging_mixin.py:117} WARNING - /home/renato/Documentos/datapipeline/.env/lib/python3.10/site-packages/airflow/plugins_manager.py:258 RemovedInAirflow3Warning: This decorator is deprecated.

In previous versions, all subclasses of BaseOperator must use apply_default decorator for the `default_args` feature to work properly.

In current version, it is optional. The decorator is applied automatically using the metaclass.
[2022-11-07T23:37:58.324-0300] {logging_mixin.py:117} INFO - [2022-11-07T23:37:58.324-0300] {dag.py:2573} INFO - Sync 2 DAGs
[2022-11-07T23:37:58.342-0300] {logging_mixin.py:117} INFO - [2022-11-07T23:37:58.342-0300] {dag.py:3324} INFO - Setting next_dagrun for example_external_task_marker_child to None, run_after=None
[2022-11-07T23:37:58.345-0300] {logging_mixin.py:117} INFO - [2022-11-07T23:37:58.345-0300] {dag.py:3324} INFO - Setting next_dagrun for example_external_task_marker_parent to None, run_after=None
[2022-11-07T23:37:58.370-0300] {processor.py:178} INFO - Processing /home/renato/Documentos/datapipeline/.env/lib/python3.10/site-packages/airflow/example_dags/example_external_task_marker_dag.py took 0.153 seconds
[2022-11-07T23:38:44.023-0300] {processor.py:156} INFO - Started process (PID=966990) to work on /home/renato/Documentos/datapipeline/.env/lib/python3.10/site-packages/airflow/example_dags/example_external_task_marker_dag.py
[2022-11-07T23:38:44.025-0300] {processor.py:758} INFO - Processing file /home/renato/Documentos/datapipeline/.env/lib/python3.10/site-packages/airflow/example_dags/example_external_task_marker_dag.py for tasks to queue
[2022-11-07T23:38:44.026-0300] {logging_mixin.py:117} INFO - [2022-11-07T23:38:44.026-0300] {dagbag.py:525} INFO - Filling up the DagBag from /home/renato/Documentos/datapipeline/.env/lib/python3.10/site-packages/airflow/example_dags/example_external_task_marker_dag.py
[2022-11-07T23:38:44.040-0300] {processor.py:768} INFO - DAG(s) dict_keys(['example_external_task_marker_child', 'example_external_task_marker_parent']) retrieved from /home/renato/Documentos/datapipeline/.env/lib/python3.10/site-packages/airflow/example_dags/example_external_task_marker_dag.py
[2022-11-07T23:38:44.062-0300] {logging_mixin.py:117} WARNING - /home/renato/Documentos/datapipeline/.env/lib/python3.10/site-packages/airflow/plugins_manager.py:258 RemovedInAirflow3Warning: This decorator is deprecated.

In previous versions, all subclasses of BaseOperator must use apply_default decorator for the `default_args` feature to work properly.

In current version, it is optional. The decorator is applied automatically using the metaclass.
[2022-11-07T23:38:44.114-0300] {logging_mixin.py:117} INFO - [2022-11-07T23:38:44.114-0300] {dag.py:2573} INFO - Sync 2 DAGs
[2022-11-07T23:38:44.130-0300] {logging_mixin.py:117} INFO - [2022-11-07T23:38:44.130-0300] {dag.py:3324} INFO - Setting next_dagrun for example_external_task_marker_child to None, run_after=None
[2022-11-07T23:38:44.133-0300] {logging_mixin.py:117} INFO - [2022-11-07T23:38:44.133-0300] {dag.py:3324} INFO - Setting next_dagrun for example_external_task_marker_parent to None, run_after=None
[2022-11-07T23:38:44.165-0300] {processor.py:178} INFO - Processing /home/renato/Documentos/datapipeline/.env/lib/python3.10/site-packages/airflow/example_dags/example_external_task_marker_dag.py took 0.147 seconds
[2022-11-07T23:39:59.983-0300] {processor.py:156} INFO - Started process (PID=967153) to work on /home/renato/Documentos/datapipeline/.env/lib/python3.10/site-packages/airflow/example_dags/example_external_task_marker_dag.py
[2022-11-07T23:39:59.988-0300] {processor.py:758} INFO - Processing file /home/renato/Documentos/datapipeline/.env/lib/python3.10/site-packages/airflow/example_dags/example_external_task_marker_dag.py for tasks to queue
[2022-11-07T23:39:59.988-0300] {logging_mixin.py:117} INFO - [2022-11-07T23:39:59.988-0300] {dagbag.py:525} INFO - Filling up the DagBag from /home/renato/Documentos/datapipeline/.env/lib/python3.10/site-packages/airflow/example_dags/example_external_task_marker_dag.py
[2022-11-07T23:40:00.002-0300] {processor.py:768} INFO - DAG(s) dict_keys(['example_external_task_marker_parent', 'example_external_task_marker_child']) retrieved from /home/renato/Documentos/datapipeline/.env/lib/python3.10/site-packages/airflow/example_dags/example_external_task_marker_dag.py
[2022-11-07T23:40:00.034-0300] {logging_mixin.py:117} WARNING - /home/renato/Documentos/datapipeline/.env/lib/python3.10/site-packages/airflow/plugins_manager.py:258 RemovedInAirflow3Warning: This decorator is deprecated.

In previous versions, all subclasses of BaseOperator must use apply_default decorator for the `default_args` feature to work properly.

In current version, it is optional. The decorator is applied automatically using the metaclass.
[2022-11-07T23:40:00.087-0300] {logging_mixin.py:117} INFO - [2022-11-07T23:40:00.087-0300] {dag.py:2573} INFO - Sync 2 DAGs
[2022-11-07T23:40:00.105-0300] {logging_mixin.py:117} INFO - [2022-11-07T23:40:00.104-0300] {dag.py:3324} INFO - Setting next_dagrun for example_external_task_marker_child to None, run_after=None
[2022-11-07T23:40:00.108-0300] {logging_mixin.py:117} INFO - [2022-11-07T23:40:00.108-0300] {dag.py:3324} INFO - Setting next_dagrun for example_external_task_marker_parent to None, run_after=None
[2022-11-07T23:40:00.130-0300] {processor.py:178} INFO - Processing /home/renato/Documentos/datapipeline/.env/lib/python3.10/site-packages/airflow/example_dags/example_external_task_marker_dag.py took 0.151 seconds
[2022-11-07T23:40:38.648-0300] {processor.py:156} INFO - Started process (PID=967233) to work on /home/renato/Documentos/datapipeline/.env/lib/python3.10/site-packages/airflow/example_dags/example_external_task_marker_dag.py
[2022-11-07T23:40:38.652-0300] {processor.py:758} INFO - Processing file /home/renato/Documentos/datapipeline/.env/lib/python3.10/site-packages/airflow/example_dags/example_external_task_marker_dag.py for tasks to queue
[2022-11-07T23:40:38.653-0300] {logging_mixin.py:117} INFO - [2022-11-07T23:40:38.653-0300] {dagbag.py:525} INFO - Filling up the DagBag from /home/renato/Documentos/datapipeline/.env/lib/python3.10/site-packages/airflow/example_dags/example_external_task_marker_dag.py
[2022-11-07T23:40:38.674-0300] {processor.py:768} INFO - DAG(s) dict_keys(['example_external_task_marker_parent', 'example_external_task_marker_child']) retrieved from /home/renato/Documentos/datapipeline/.env/lib/python3.10/site-packages/airflow/example_dags/example_external_task_marker_dag.py
[2022-11-07T23:40:38.707-0300] {logging_mixin.py:117} WARNING - /home/renato/Documentos/datapipeline/.env/lib/python3.10/site-packages/airflow/plugins_manager.py:258 RemovedInAirflow3Warning: This decorator is deprecated.

In previous versions, all subclasses of BaseOperator must use apply_default decorator for the `default_args` feature to work properly.

In current version, it is optional. The decorator is applied automatically using the metaclass.
[2022-11-07T23:40:38.755-0300] {logging_mixin.py:117} INFO - [2022-11-07T23:40:38.755-0300] {dag.py:2573} INFO - Sync 2 DAGs
[2022-11-07T23:40:38.771-0300] {logging_mixin.py:117} INFO - [2022-11-07T23:40:38.771-0300] {dag.py:3324} INFO - Setting next_dagrun for example_external_task_marker_child to None, run_after=None
[2022-11-07T23:40:38.774-0300] {logging_mixin.py:117} INFO - [2022-11-07T23:40:38.774-0300] {dag.py:3324} INFO - Setting next_dagrun for example_external_task_marker_parent to None, run_after=None
[2022-11-07T23:40:38.799-0300] {processor.py:178} INFO - Processing /home/renato/Documentos/datapipeline/.env/lib/python3.10/site-packages/airflow/example_dags/example_external_task_marker_dag.py took 0.158 seconds
[2022-11-07T23:41:19.489-0300] {processor.py:156} INFO - Started process (PID=967311) to work on /home/renato/Documentos/datapipeline/.env/lib/python3.10/site-packages/airflow/example_dags/example_external_task_marker_dag.py
[2022-11-07T23:41:19.494-0300] {processor.py:758} INFO - Processing file /home/renato/Documentos/datapipeline/.env/lib/python3.10/site-packages/airflow/example_dags/example_external_task_marker_dag.py for tasks to queue
[2022-11-07T23:41:19.495-0300] {logging_mixin.py:117} INFO - [2022-11-07T23:41:19.495-0300] {dagbag.py:525} INFO - Filling up the DagBag from /home/renato/Documentos/datapipeline/.env/lib/python3.10/site-packages/airflow/example_dags/example_external_task_marker_dag.py
[2022-11-07T23:41:19.508-0300] {processor.py:768} INFO - DAG(s) dict_keys(['example_external_task_marker_parent', 'example_external_task_marker_child']) retrieved from /home/renato/Documentos/datapipeline/.env/lib/python3.10/site-packages/airflow/example_dags/example_external_task_marker_dag.py
[2022-11-07T23:41:19.538-0300] {logging_mixin.py:117} WARNING - /home/renato/Documentos/datapipeline/.env/lib/python3.10/site-packages/airflow/plugins_manager.py:258 RemovedInAirflow3Warning: This decorator is deprecated.

In previous versions, all subclasses of BaseOperator must use apply_default decorator for the `default_args` feature to work properly.

In current version, it is optional. The decorator is applied automatically using the metaclass.
[2022-11-07T23:41:19.588-0300] {logging_mixin.py:117} INFO - [2022-11-07T23:41:19.588-0300] {dag.py:2573} INFO - Sync 2 DAGs
[2022-11-07T23:41:19.606-0300] {logging_mixin.py:117} INFO - [2022-11-07T23:41:19.606-0300] {dag.py:3324} INFO - Setting next_dagrun for example_external_task_marker_child to None, run_after=None
[2022-11-07T23:41:19.609-0300] {logging_mixin.py:117} INFO - [2022-11-07T23:41:19.608-0300] {dag.py:3324} INFO - Setting next_dagrun for example_external_task_marker_parent to None, run_after=None
[2022-11-07T23:41:19.632-0300] {processor.py:178} INFO - Processing /home/renato/Documentos/datapipeline/.env/lib/python3.10/site-packages/airflow/example_dags/example_external_task_marker_dag.py took 0.145 seconds
[2022-11-07T23:42:01.012-0300] {processor.py:156} INFO - Started process (PID=967399) to work on /home/renato/Documentos/datapipeline/.env/lib/python3.10/site-packages/airflow/example_dags/example_external_task_marker_dag.py
[2022-11-07T23:42:01.016-0300] {processor.py:758} INFO - Processing file /home/renato/Documentos/datapipeline/.env/lib/python3.10/site-packages/airflow/example_dags/example_external_task_marker_dag.py for tasks to queue
[2022-11-07T23:42:01.017-0300] {logging_mixin.py:117} INFO - [2022-11-07T23:42:01.016-0300] {dagbag.py:525} INFO - Filling up the DagBag from /home/renato/Documentos/datapipeline/.env/lib/python3.10/site-packages/airflow/example_dags/example_external_task_marker_dag.py
[2022-11-07T23:42:01.037-0300] {processor.py:768} INFO - DAG(s) dict_keys(['example_external_task_marker_child', 'example_external_task_marker_parent']) retrieved from /home/renato/Documentos/datapipeline/.env/lib/python3.10/site-packages/airflow/example_dags/example_external_task_marker_dag.py
[2022-11-07T23:42:01.110-0300] {logging_mixin.py:117} INFO - [2022-11-07T23:42:01.110-0300] {dag.py:2573} INFO - Sync 2 DAGs
[2022-11-07T23:42:01.126-0300] {logging_mixin.py:117} INFO - [2022-11-07T23:42:01.125-0300] {dag.py:3324} INFO - Setting next_dagrun for example_external_task_marker_child to None, run_after=None
[2022-11-07T23:42:01.128-0300] {logging_mixin.py:117} INFO - [2022-11-07T23:42:01.128-0300] {dag.py:3324} INFO - Setting next_dagrun for example_external_task_marker_parent to None, run_after=None
[2022-11-07T23:42:01.151-0300] {processor.py:178} INFO - Processing /home/renato/Documentos/datapipeline/.env/lib/python3.10/site-packages/airflow/example_dags/example_external_task_marker_dag.py took 0.144 seconds
[2022-11-07T23:42:43.945-0300] {processor.py:156} INFO - Started process (PID=967611) to work on /home/renato/Documentos/datapipeline/.env/lib/python3.10/site-packages/airflow/example_dags/example_external_task_marker_dag.py
[2022-11-07T23:42:43.947-0300] {processor.py:758} INFO - Processing file /home/renato/Documentos/datapipeline/.env/lib/python3.10/site-packages/airflow/example_dags/example_external_task_marker_dag.py for tasks to queue
[2022-11-07T23:42:43.949-0300] {logging_mixin.py:117} INFO - [2022-11-07T23:42:43.948-0300] {dagbag.py:525} INFO - Filling up the DagBag from /home/renato/Documentos/datapipeline/.env/lib/python3.10/site-packages/airflow/example_dags/example_external_task_marker_dag.py
[2022-11-07T23:42:43.967-0300] {processor.py:768} INFO - DAG(s) dict_keys(['example_external_task_marker_child', 'example_external_task_marker_parent']) retrieved from /home/renato/Documentos/datapipeline/.env/lib/python3.10/site-packages/airflow/example_dags/example_external_task_marker_dag.py
[2022-11-07T23:42:44.042-0300] {logging_mixin.py:117} INFO - [2022-11-07T23:42:44.041-0300] {dag.py:2573} INFO - Sync 2 DAGs
[2022-11-07T23:42:44.058-0300] {logging_mixin.py:117} INFO - [2022-11-07T23:42:44.058-0300] {dag.py:3324} INFO - Setting next_dagrun for example_external_task_marker_child to None, run_after=None
[2022-11-07T23:42:44.061-0300] {logging_mixin.py:117} INFO - [2022-11-07T23:42:44.060-0300] {dag.py:3324} INFO - Setting next_dagrun for example_external_task_marker_parent to None, run_after=None
[2022-11-07T23:42:44.085-0300] {processor.py:178} INFO - Processing /home/renato/Documentos/datapipeline/.env/lib/python3.10/site-packages/airflow/example_dags/example_external_task_marker_dag.py took 0.146 seconds
[2022-11-07T23:43:23.233-0300] {processor.py:156} INFO - Started process (PID=967687) to work on /home/renato/Documentos/datapipeline/.env/lib/python3.10/site-packages/airflow/example_dags/example_external_task_marker_dag.py
[2022-11-07T23:43:23.238-0300] {processor.py:758} INFO - Processing file /home/renato/Documentos/datapipeline/.env/lib/python3.10/site-packages/airflow/example_dags/example_external_task_marker_dag.py for tasks to queue
[2022-11-07T23:43:23.238-0300] {logging_mixin.py:117} INFO - [2022-11-07T23:43:23.238-0300] {dagbag.py:525} INFO - Filling up the DagBag from /home/renato/Documentos/datapipeline/.env/lib/python3.10/site-packages/airflow/example_dags/example_external_task_marker_dag.py
[2022-11-07T23:43:23.254-0300] {processor.py:768} INFO - DAG(s) dict_keys(['example_external_task_marker_parent', 'example_external_task_marker_child']) retrieved from /home/renato/Documentos/datapipeline/.env/lib/python3.10/site-packages/airflow/example_dags/example_external_task_marker_dag.py
[2022-11-07T23:43:23.325-0300] {logging_mixin.py:117} INFO - [2022-11-07T23:43:23.325-0300] {dag.py:2573} INFO - Sync 2 DAGs
[2022-11-07T23:43:23.341-0300] {logging_mixin.py:117} INFO - [2022-11-07T23:43:23.341-0300] {dag.py:3324} INFO - Setting next_dagrun for example_external_task_marker_child to None, run_after=None
[2022-11-07T23:43:23.344-0300] {logging_mixin.py:117} INFO - [2022-11-07T23:43:23.343-0300] {dag.py:3324} INFO - Setting next_dagrun for example_external_task_marker_parent to None, run_after=None
[2022-11-07T23:43:23.367-0300] {processor.py:178} INFO - Processing /home/renato/Documentos/datapipeline/.env/lib/python3.10/site-packages/airflow/example_dags/example_external_task_marker_dag.py took 0.136 seconds
