[2022-11-07T23:27:31.522-0300] {processor.py:156} INFO - Started process (PID=965382) to work on /home/renato/Documentos/datapipeline/.env/lib/python3.10/site-packages/airflow/example_dags/example_kubernetes_executor.py
[2022-11-07T23:27:31.523-0300] {processor.py:758} INFO - Processing file /home/renato/Documentos/datapipeline/.env/lib/python3.10/site-packages/airflow/example_dags/example_kubernetes_executor.py for tasks to queue
[2022-11-07T23:27:31.524-0300] {logging_mixin.py:117} INFO - [2022-11-07T23:27:31.524-0300] {dagbag.py:525} INFO - Filling up the DagBag from /home/renato/Documentos/datapipeline/.env/lib/python3.10/site-packages/airflow/example_dags/example_kubernetes_executor.py
[2022-11-07T23:27:31.541-0300] {logging_mixin.py:117} INFO - [2022-11-07T23:27:31.540-0300] {example_kubernetes_executor.py:41} WARNING - The example_kubernetes_executor example DAG requires the kubernetes provider. Please install it with: pip install apache-airflow[cncf.kubernetes]
[2022-11-07T23:27:31.541-0300] {processor.py:770} WARNING - No viable dags retrieved from /home/renato/Documentos/datapipeline/.env/lib/python3.10/site-packages/airflow/example_dags/example_kubernetes_executor.py
[2022-11-07T23:27:31.552-0300] {processor.py:178} INFO - Processing /home/renato/Documentos/datapipeline/.env/lib/python3.10/site-packages/airflow/example_dags/example_kubernetes_executor.py took 0.033 seconds
[2022-11-07T23:28:10.961-0300] {processor.py:156} INFO - Started process (PID=965468) to work on /home/renato/Documentos/datapipeline/.env/lib/python3.10/site-packages/airflow/example_dags/example_kubernetes_executor.py
[2022-11-07T23:28:10.965-0300] {processor.py:758} INFO - Processing file /home/renato/Documentos/datapipeline/.env/lib/python3.10/site-packages/airflow/example_dags/example_kubernetes_executor.py for tasks to queue
[2022-11-07T23:28:10.966-0300] {logging_mixin.py:117} INFO - [2022-11-07T23:28:10.966-0300] {dagbag.py:525} INFO - Filling up the DagBag from /home/renato/Documentos/datapipeline/.env/lib/python3.10/site-packages/airflow/example_dags/example_kubernetes_executor.py
[2022-11-07T23:28:10.985-0300] {logging_mixin.py:117} INFO - [2022-11-07T23:28:10.985-0300] {example_kubernetes_executor.py:41} WARNING - The example_kubernetes_executor example DAG requires the kubernetes provider. Please install it with: pip install apache-airflow[cncf.kubernetes]
[2022-11-07T23:28:10.985-0300] {processor.py:770} WARNING - No viable dags retrieved from /home/renato/Documentos/datapipeline/.env/lib/python3.10/site-packages/airflow/example_dags/example_kubernetes_executor.py
[2022-11-07T23:28:10.996-0300] {processor.py:178} INFO - Processing /home/renato/Documentos/datapipeline/.env/lib/python3.10/site-packages/airflow/example_dags/example_kubernetes_executor.py took 0.040 seconds
[2022-11-07T23:28:49.303-0300] {processor.py:156} INFO - Started process (PID=965546) to work on /home/renato/Documentos/datapipeline/.env/lib/python3.10/site-packages/airflow/example_dags/example_kubernetes_executor.py
[2022-11-07T23:28:49.305-0300] {processor.py:758} INFO - Processing file /home/renato/Documentos/datapipeline/.env/lib/python3.10/site-packages/airflow/example_dags/example_kubernetes_executor.py for tasks to queue
[2022-11-07T23:28:49.305-0300] {logging_mixin.py:117} INFO - [2022-11-07T23:28:49.305-0300] {dagbag.py:525} INFO - Filling up the DagBag from /home/renato/Documentos/datapipeline/.env/lib/python3.10/site-packages/airflow/example_dags/example_kubernetes_executor.py
[2022-11-07T23:28:49.323-0300] {logging_mixin.py:117} INFO - [2022-11-07T23:28:49.323-0300] {example_kubernetes_executor.py:41} WARNING - The example_kubernetes_executor example DAG requires the kubernetes provider. Please install it with: pip install apache-airflow[cncf.kubernetes]
[2022-11-07T23:28:49.324-0300] {processor.py:770} WARNING - No viable dags retrieved from /home/renato/Documentos/datapipeline/.env/lib/python3.10/site-packages/airflow/example_dags/example_kubernetes_executor.py
[2022-11-07T23:28:49.332-0300] {processor.py:178} INFO - Processing /home/renato/Documentos/datapipeline/.env/lib/python3.10/site-packages/airflow/example_dags/example_kubernetes_executor.py took 0.032 seconds
[2022-11-07T23:29:33.377-0300] {processor.py:156} INFO - Started process (PID=965638) to work on /home/renato/Documentos/datapipeline/.env/lib/python3.10/site-packages/airflow/example_dags/example_kubernetes_executor.py
[2022-11-07T23:29:33.380-0300] {processor.py:758} INFO - Processing file /home/renato/Documentos/datapipeline/.env/lib/python3.10/site-packages/airflow/example_dags/example_kubernetes_executor.py for tasks to queue
[2022-11-07T23:29:33.381-0300] {logging_mixin.py:117} INFO - [2022-11-07T23:29:33.381-0300] {dagbag.py:525} INFO - Filling up the DagBag from /home/renato/Documentos/datapipeline/.env/lib/python3.10/site-packages/airflow/example_dags/example_kubernetes_executor.py
[2022-11-07T23:29:33.400-0300] {logging_mixin.py:117} INFO - [2022-11-07T23:29:33.400-0300] {example_kubernetes_executor.py:41} WARNING - The example_kubernetes_executor example DAG requires the kubernetes provider. Please install it with: pip install apache-airflow[cncf.kubernetes]
[2022-11-07T23:29:33.401-0300] {processor.py:770} WARNING - No viable dags retrieved from /home/renato/Documentos/datapipeline/.env/lib/python3.10/site-packages/airflow/example_dags/example_kubernetes_executor.py
[2022-11-07T23:29:33.410-0300] {processor.py:178} INFO - Processing /home/renato/Documentos/datapipeline/.env/lib/python3.10/site-packages/airflow/example_dags/example_kubernetes_executor.py took 0.036 seconds
[2022-11-07T23:30:11.904-0300] {processor.py:156} INFO - Started process (PID=965716) to work on /home/renato/Documentos/datapipeline/.env/lib/python3.10/site-packages/airflow/example_dags/example_kubernetes_executor.py
[2022-11-07T23:30:11.907-0300] {processor.py:758} INFO - Processing file /home/renato/Documentos/datapipeline/.env/lib/python3.10/site-packages/airflow/example_dags/example_kubernetes_executor.py for tasks to queue
[2022-11-07T23:30:11.908-0300] {logging_mixin.py:117} INFO - [2022-11-07T23:30:11.908-0300] {dagbag.py:525} INFO - Filling up the DagBag from /home/renato/Documentos/datapipeline/.env/lib/python3.10/site-packages/airflow/example_dags/example_kubernetes_executor.py
[2022-11-07T23:30:11.923-0300] {logging_mixin.py:117} INFO - [2022-11-07T23:30:11.923-0300] {example_kubernetes_executor.py:41} WARNING - The example_kubernetes_executor example DAG requires the kubernetes provider. Please install it with: pip install apache-airflow[cncf.kubernetes]
[2022-11-07T23:30:11.924-0300] {processor.py:770} WARNING - No viable dags retrieved from /home/renato/Documentos/datapipeline/.env/lib/python3.10/site-packages/airflow/example_dags/example_kubernetes_executor.py
[2022-11-07T23:30:11.938-0300] {processor.py:178} INFO - Processing /home/renato/Documentos/datapipeline/.env/lib/python3.10/site-packages/airflow/example_dags/example_kubernetes_executor.py took 0.037 seconds
[2022-11-07T23:30:58.620-0300] {processor.py:156} INFO - Started process (PID=965807) to work on /home/renato/Documentos/datapipeline/.env/lib/python3.10/site-packages/airflow/example_dags/example_kubernetes_executor.py
[2022-11-07T23:30:58.623-0300] {processor.py:758} INFO - Processing file /home/renato/Documentos/datapipeline/.env/lib/python3.10/site-packages/airflow/example_dags/example_kubernetes_executor.py for tasks to queue
[2022-11-07T23:30:58.624-0300] {logging_mixin.py:117} INFO - [2022-11-07T23:30:58.624-0300] {dagbag.py:525} INFO - Filling up the DagBag from /home/renato/Documentos/datapipeline/.env/lib/python3.10/site-packages/airflow/example_dags/example_kubernetes_executor.py
[2022-11-07T23:30:58.646-0300] {logging_mixin.py:117} INFO - [2022-11-07T23:30:58.646-0300] {example_kubernetes_executor.py:41} WARNING - The example_kubernetes_executor example DAG requires the kubernetes provider. Please install it with: pip install apache-airflow[cncf.kubernetes]
[2022-11-07T23:30:58.647-0300] {processor.py:770} WARNING - No viable dags retrieved from /home/renato/Documentos/datapipeline/.env/lib/python3.10/site-packages/airflow/example_dags/example_kubernetes_executor.py
[2022-11-07T23:30:58.656-0300] {processor.py:178} INFO - Processing /home/renato/Documentos/datapipeline/.env/lib/python3.10/site-packages/airflow/example_dags/example_kubernetes_executor.py took 0.041 seconds
[2022-11-07T23:31:42.692-0300] {processor.py:156} INFO - Started process (PID=965892) to work on /home/renato/Documentos/datapipeline/.env/lib/python3.10/site-packages/airflow/example_dags/example_kubernetes_executor.py
[2022-11-07T23:31:42.694-0300] {processor.py:758} INFO - Processing file /home/renato/Documentos/datapipeline/.env/lib/python3.10/site-packages/airflow/example_dags/example_kubernetes_executor.py for tasks to queue
[2022-11-07T23:31:42.695-0300] {logging_mixin.py:117} INFO - [2022-11-07T23:31:42.694-0300] {dagbag.py:525} INFO - Filling up the DagBag from /home/renato/Documentos/datapipeline/.env/lib/python3.10/site-packages/airflow/example_dags/example_kubernetes_executor.py
[2022-11-07T23:31:42.709-0300] {logging_mixin.py:117} INFO - [2022-11-07T23:31:42.709-0300] {example_kubernetes_executor.py:41} WARNING - The example_kubernetes_executor example DAG requires the kubernetes provider. Please install it with: pip install apache-airflow[cncf.kubernetes]
[2022-11-07T23:31:42.710-0300] {processor.py:770} WARNING - No viable dags retrieved from /home/renato/Documentos/datapipeline/.env/lib/python3.10/site-packages/airflow/example_dags/example_kubernetes_executor.py
[2022-11-07T23:31:42.718-0300] {processor.py:178} INFO - Processing /home/renato/Documentos/datapipeline/.env/lib/python3.10/site-packages/airflow/example_dags/example_kubernetes_executor.py took 0.028 seconds
[2022-11-07T23:32:30.003-0300] {processor.py:156} INFO - Started process (PID=966119) to work on /home/renato/Documentos/datapipeline/.env/lib/python3.10/site-packages/airflow/example_dags/example_kubernetes_executor.py
[2022-11-07T23:32:30.006-0300] {processor.py:758} INFO - Processing file /home/renato/Documentos/datapipeline/.env/lib/python3.10/site-packages/airflow/example_dags/example_kubernetes_executor.py for tasks to queue
[2022-11-07T23:32:30.007-0300] {logging_mixin.py:117} INFO - [2022-11-07T23:32:30.006-0300] {dagbag.py:525} INFO - Filling up the DagBag from /home/renato/Documentos/datapipeline/.env/lib/python3.10/site-packages/airflow/example_dags/example_kubernetes_executor.py
[2022-11-07T23:32:30.023-0300] {logging_mixin.py:117} INFO - [2022-11-07T23:32:30.022-0300] {example_kubernetes_executor.py:41} WARNING - The example_kubernetes_executor example DAG requires the kubernetes provider. Please install it with: pip install apache-airflow[cncf.kubernetes]
[2022-11-07T23:32:30.023-0300] {processor.py:770} WARNING - No viable dags retrieved from /home/renato/Documentos/datapipeline/.env/lib/python3.10/site-packages/airflow/example_dags/example_kubernetes_executor.py
[2022-11-07T23:32:30.030-0300] {processor.py:178} INFO - Processing /home/renato/Documentos/datapipeline/.env/lib/python3.10/site-packages/airflow/example_dags/example_kubernetes_executor.py took 0.031 seconds
[2022-11-07T23:33:08.990-0300] {processor.py:156} INFO - Started process (PID=966194) to work on /home/renato/Documentos/datapipeline/.env/lib/python3.10/site-packages/airflow/example_dags/example_kubernetes_executor.py
[2022-11-07T23:33:08.993-0300] {processor.py:758} INFO - Processing file /home/renato/Documentos/datapipeline/.env/lib/python3.10/site-packages/airflow/example_dags/example_kubernetes_executor.py for tasks to queue
[2022-11-07T23:33:08.994-0300] {logging_mixin.py:117} INFO - [2022-11-07T23:33:08.994-0300] {dagbag.py:525} INFO - Filling up the DagBag from /home/renato/Documentos/datapipeline/.env/lib/python3.10/site-packages/airflow/example_dags/example_kubernetes_executor.py
[2022-11-07T23:33:09.013-0300] {logging_mixin.py:117} INFO - [2022-11-07T23:33:09.013-0300] {example_kubernetes_executor.py:41} WARNING - The example_kubernetes_executor example DAG requires the kubernetes provider. Please install it with: pip install apache-airflow[cncf.kubernetes]
[2022-11-07T23:33:09.014-0300] {processor.py:770} WARNING - No viable dags retrieved from /home/renato/Documentos/datapipeline/.env/lib/python3.10/site-packages/airflow/example_dags/example_kubernetes_executor.py
[2022-11-07T23:33:09.022-0300] {processor.py:178} INFO - Processing /home/renato/Documentos/datapipeline/.env/lib/python3.10/site-packages/airflow/example_dags/example_kubernetes_executor.py took 0.035 seconds
[2022-11-07T23:33:48.222-0300] {processor.py:156} INFO - Started process (PID=966273) to work on /home/renato/Documentos/datapipeline/.env/lib/python3.10/site-packages/airflow/example_dags/example_kubernetes_executor.py
[2022-11-07T23:33:48.227-0300] {processor.py:758} INFO - Processing file /home/renato/Documentos/datapipeline/.env/lib/python3.10/site-packages/airflow/example_dags/example_kubernetes_executor.py for tasks to queue
[2022-11-07T23:33:48.228-0300] {logging_mixin.py:117} INFO - [2022-11-07T23:33:48.228-0300] {dagbag.py:525} INFO - Filling up the DagBag from /home/renato/Documentos/datapipeline/.env/lib/python3.10/site-packages/airflow/example_dags/example_kubernetes_executor.py
[2022-11-07T23:33:48.247-0300] {logging_mixin.py:117} INFO - [2022-11-07T23:33:48.247-0300] {example_kubernetes_executor.py:41} WARNING - The example_kubernetes_executor example DAG requires the kubernetes provider. Please install it with: pip install apache-airflow[cncf.kubernetes]
[2022-11-07T23:33:48.247-0300] {processor.py:770} WARNING - No viable dags retrieved from /home/renato/Documentos/datapipeline/.env/lib/python3.10/site-packages/airflow/example_dags/example_kubernetes_executor.py
[2022-11-07T23:33:48.257-0300] {processor.py:178} INFO - Processing /home/renato/Documentos/datapipeline/.env/lib/python3.10/site-packages/airflow/example_dags/example_kubernetes_executor.py took 0.041 seconds
[2022-11-07T23:34:28.194-0300] {processor.py:156} INFO - Started process (PID=966354) to work on /home/renato/Documentos/datapipeline/.env/lib/python3.10/site-packages/airflow/example_dags/example_kubernetes_executor.py
[2022-11-07T23:34:28.199-0300] {processor.py:758} INFO - Processing file /home/renato/Documentos/datapipeline/.env/lib/python3.10/site-packages/airflow/example_dags/example_kubernetes_executor.py for tasks to queue
[2022-11-07T23:34:28.200-0300] {logging_mixin.py:117} INFO - [2022-11-07T23:34:28.199-0300] {dagbag.py:525} INFO - Filling up the DagBag from /home/renato/Documentos/datapipeline/.env/lib/python3.10/site-packages/airflow/example_dags/example_kubernetes_executor.py
[2022-11-07T23:34:28.215-0300] {logging_mixin.py:117} INFO - [2022-11-07T23:34:28.215-0300] {example_kubernetes_executor.py:41} WARNING - The example_kubernetes_executor example DAG requires the kubernetes provider. Please install it with: pip install apache-airflow[cncf.kubernetes]
[2022-11-07T23:34:28.215-0300] {processor.py:770} WARNING - No viable dags retrieved from /home/renato/Documentos/datapipeline/.env/lib/python3.10/site-packages/airflow/example_dags/example_kubernetes_executor.py
[2022-11-07T23:34:28.223-0300] {processor.py:178} INFO - Processing /home/renato/Documentos/datapipeline/.env/lib/python3.10/site-packages/airflow/example_dags/example_kubernetes_executor.py took 0.032 seconds
[2022-11-07T23:35:06.094-0300] {processor.py:156} INFO - Started process (PID=966429) to work on /home/renato/Documentos/datapipeline/.env/lib/python3.10/site-packages/airflow/example_dags/example_kubernetes_executor.py
[2022-11-07T23:35:06.095-0300] {processor.py:758} INFO - Processing file /home/renato/Documentos/datapipeline/.env/lib/python3.10/site-packages/airflow/example_dags/example_kubernetes_executor.py for tasks to queue
[2022-11-07T23:35:06.096-0300] {logging_mixin.py:117} INFO - [2022-11-07T23:35:06.096-0300] {dagbag.py:525} INFO - Filling up the DagBag from /home/renato/Documentos/datapipeline/.env/lib/python3.10/site-packages/airflow/example_dags/example_kubernetes_executor.py
[2022-11-07T23:35:06.110-0300] {logging_mixin.py:117} INFO - [2022-11-07T23:35:06.110-0300] {example_kubernetes_executor.py:41} WARNING - The example_kubernetes_executor example DAG requires the kubernetes provider. Please install it with: pip install apache-airflow[cncf.kubernetes]
[2022-11-07T23:35:06.110-0300] {processor.py:770} WARNING - No viable dags retrieved from /home/renato/Documentos/datapipeline/.env/lib/python3.10/site-packages/airflow/example_dags/example_kubernetes_executor.py
[2022-11-07T23:35:06.118-0300] {processor.py:178} INFO - Processing /home/renato/Documentos/datapipeline/.env/lib/python3.10/site-packages/airflow/example_dags/example_kubernetes_executor.py took 0.028 seconds
[2022-11-07T23:35:45.508-0300] {processor.py:156} INFO - Started process (PID=966509) to work on /home/renato/Documentos/datapipeline/.env/lib/python3.10/site-packages/airflow/example_dags/example_kubernetes_executor.py
[2022-11-07T23:35:45.513-0300] {processor.py:758} INFO - Processing file /home/renato/Documentos/datapipeline/.env/lib/python3.10/site-packages/airflow/example_dags/example_kubernetes_executor.py for tasks to queue
[2022-11-07T23:35:45.513-0300] {logging_mixin.py:117} INFO - [2022-11-07T23:35:45.513-0300] {dagbag.py:525} INFO - Filling up the DagBag from /home/renato/Documentos/datapipeline/.env/lib/python3.10/site-packages/airflow/example_dags/example_kubernetes_executor.py
[2022-11-07T23:35:45.526-0300] {logging_mixin.py:117} INFO - [2022-11-07T23:35:45.526-0300] {example_kubernetes_executor.py:41} WARNING - The example_kubernetes_executor example DAG requires the kubernetes provider. Please install it with: pip install apache-airflow[cncf.kubernetes]
[2022-11-07T23:35:45.526-0300] {processor.py:770} WARNING - No viable dags retrieved from /home/renato/Documentos/datapipeline/.env/lib/python3.10/site-packages/airflow/example_dags/example_kubernetes_executor.py
[2022-11-07T23:35:45.534-0300] {processor.py:178} INFO - Processing /home/renato/Documentos/datapipeline/.env/lib/python3.10/site-packages/airflow/example_dags/example_kubernetes_executor.py took 0.028 seconds
[2022-11-07T23:36:25.700-0300] {processor.py:156} INFO - Started process (PID=966587) to work on /home/renato/Documentos/datapipeline/.env/lib/python3.10/site-packages/airflow/example_dags/example_kubernetes_executor.py
[2022-11-07T23:36:25.703-0300] {processor.py:758} INFO - Processing file /home/renato/Documentos/datapipeline/.env/lib/python3.10/site-packages/airflow/example_dags/example_kubernetes_executor.py for tasks to queue
[2022-11-07T23:36:25.704-0300] {logging_mixin.py:117} INFO - [2022-11-07T23:36:25.704-0300] {dagbag.py:525} INFO - Filling up the DagBag from /home/renato/Documentos/datapipeline/.env/lib/python3.10/site-packages/airflow/example_dags/example_kubernetes_executor.py
[2022-11-07T23:36:25.733-0300] {logging_mixin.py:117} INFO - [2022-11-07T23:36:25.732-0300] {example_kubernetes_executor.py:41} WARNING - The example_kubernetes_executor example DAG requires the kubernetes provider. Please install it with: pip install apache-airflow[cncf.kubernetes]
[2022-11-07T23:36:25.733-0300] {processor.py:770} WARNING - No viable dags retrieved from /home/renato/Documentos/datapipeline/.env/lib/python3.10/site-packages/airflow/example_dags/example_kubernetes_executor.py
[2022-11-07T23:36:25.748-0300] {processor.py:178} INFO - Processing /home/renato/Documentos/datapipeline/.env/lib/python3.10/site-packages/airflow/example_dags/example_kubernetes_executor.py took 0.054 seconds
[2022-11-07T23:37:04.459-0300] {processor.py:156} INFO - Started process (PID=966665) to work on /home/renato/Documentos/datapipeline/.env/lib/python3.10/site-packages/airflow/example_dags/example_kubernetes_executor.py
[2022-11-07T23:37:04.462-0300] {processor.py:758} INFO - Processing file /home/renato/Documentos/datapipeline/.env/lib/python3.10/site-packages/airflow/example_dags/example_kubernetes_executor.py for tasks to queue
[2022-11-07T23:37:04.463-0300] {logging_mixin.py:117} INFO - [2022-11-07T23:37:04.463-0300] {dagbag.py:525} INFO - Filling up the DagBag from /home/renato/Documentos/datapipeline/.env/lib/python3.10/site-packages/airflow/example_dags/example_kubernetes_executor.py
[2022-11-07T23:37:04.486-0300] {logging_mixin.py:117} INFO - [2022-11-07T23:37:04.485-0300] {example_kubernetes_executor.py:41} WARNING - The example_kubernetes_executor example DAG requires the kubernetes provider. Please install it with: pip install apache-airflow[cncf.kubernetes]
[2022-11-07T23:37:04.486-0300] {processor.py:770} WARNING - No viable dags retrieved from /home/renato/Documentos/datapipeline/.env/lib/python3.10/site-packages/airflow/example_dags/example_kubernetes_executor.py
[2022-11-07T23:37:04.494-0300] {processor.py:178} INFO - Processing /home/renato/Documentos/datapipeline/.env/lib/python3.10/site-packages/airflow/example_dags/example_kubernetes_executor.py took 0.040 seconds
[2022-11-07T23:37:49.636-0300] {processor.py:156} INFO - Started process (PID=966885) to work on /home/renato/Documentos/datapipeline/.env/lib/python3.10/site-packages/airflow/example_dags/example_kubernetes_executor.py
[2022-11-07T23:37:49.638-0300] {processor.py:758} INFO - Processing file /home/renato/Documentos/datapipeline/.env/lib/python3.10/site-packages/airflow/example_dags/example_kubernetes_executor.py for tasks to queue
[2022-11-07T23:37:49.638-0300] {logging_mixin.py:117} INFO - [2022-11-07T23:37:49.638-0300] {dagbag.py:525} INFO - Filling up the DagBag from /home/renato/Documentos/datapipeline/.env/lib/python3.10/site-packages/airflow/example_dags/example_kubernetes_executor.py
[2022-11-07T23:37:49.650-0300] {logging_mixin.py:117} INFO - [2022-11-07T23:37:49.650-0300] {example_kubernetes_executor.py:41} WARNING - The example_kubernetes_executor example DAG requires the kubernetes provider. Please install it with: pip install apache-airflow[cncf.kubernetes]
[2022-11-07T23:37:49.651-0300] {processor.py:770} WARNING - No viable dags retrieved from /home/renato/Documentos/datapipeline/.env/lib/python3.10/site-packages/airflow/example_dags/example_kubernetes_executor.py
[2022-11-07T23:37:49.658-0300] {processor.py:178} INFO - Processing /home/renato/Documentos/datapipeline/.env/lib/python3.10/site-packages/airflow/example_dags/example_kubernetes_executor.py took 0.025 seconds
[2022-11-07T23:38:34.493-0300] {processor.py:156} INFO - Started process (PID=966972) to work on /home/renato/Documentos/datapipeline/.env/lib/python3.10/site-packages/airflow/example_dags/example_kubernetes_executor.py
[2022-11-07T23:38:34.496-0300] {processor.py:758} INFO - Processing file /home/renato/Documentos/datapipeline/.env/lib/python3.10/site-packages/airflow/example_dags/example_kubernetes_executor.py for tasks to queue
[2022-11-07T23:38:34.497-0300] {logging_mixin.py:117} INFO - [2022-11-07T23:38:34.496-0300] {dagbag.py:525} INFO - Filling up the DagBag from /home/renato/Documentos/datapipeline/.env/lib/python3.10/site-packages/airflow/example_dags/example_kubernetes_executor.py
[2022-11-07T23:38:34.518-0300] {logging_mixin.py:117} INFO - [2022-11-07T23:38:34.518-0300] {example_kubernetes_executor.py:41} WARNING - The example_kubernetes_executor example DAG requires the kubernetes provider. Please install it with: pip install apache-airflow[cncf.kubernetes]
[2022-11-07T23:38:34.518-0300] {processor.py:770} WARNING - No viable dags retrieved from /home/renato/Documentos/datapipeline/.env/lib/python3.10/site-packages/airflow/example_dags/example_kubernetes_executor.py
[2022-11-07T23:38:34.527-0300] {processor.py:178} INFO - Processing /home/renato/Documentos/datapipeline/.env/lib/python3.10/site-packages/airflow/example_dags/example_kubernetes_executor.py took 0.039 seconds
[2022-11-07T23:39:17.129-0300] {processor.py:156} INFO - Started process (PID=967074) to work on /home/renato/Documentos/datapipeline/.env/lib/python3.10/site-packages/airflow/example_dags/example_kubernetes_executor.py
[2022-11-07T23:39:17.133-0300] {processor.py:758} INFO - Processing file /home/renato/Documentos/datapipeline/.env/lib/python3.10/site-packages/airflow/example_dags/example_kubernetes_executor.py for tasks to queue
[2022-11-07T23:39:17.134-0300] {logging_mixin.py:117} INFO - [2022-11-07T23:39:17.134-0300] {dagbag.py:525} INFO - Filling up the DagBag from /home/renato/Documentos/datapipeline/.env/lib/python3.10/site-packages/airflow/example_dags/example_kubernetes_executor.py
[2022-11-07T23:39:17.152-0300] {logging_mixin.py:117} INFO - [2022-11-07T23:39:17.152-0300] {example_kubernetes_executor.py:41} WARNING - The example_kubernetes_executor example DAG requires the kubernetes provider. Please install it with: pip install apache-airflow[cncf.kubernetes]
[2022-11-07T23:39:17.153-0300] {processor.py:770} WARNING - No viable dags retrieved from /home/renato/Documentos/datapipeline/.env/lib/python3.10/site-packages/airflow/example_dags/example_kubernetes_executor.py
[2022-11-07T23:39:17.160-0300] {processor.py:178} INFO - Processing /home/renato/Documentos/datapipeline/.env/lib/python3.10/site-packages/airflow/example_dags/example_kubernetes_executor.py took 0.037 seconds
[2022-11-07T23:40:05.895-0300] {processor.py:156} INFO - Started process (PID=967170) to work on /home/renato/Documentos/datapipeline/.env/lib/python3.10/site-packages/airflow/example_dags/example_kubernetes_executor.py
[2022-11-07T23:40:05.897-0300] {processor.py:758} INFO - Processing file /home/renato/Documentos/datapipeline/.env/lib/python3.10/site-packages/airflow/example_dags/example_kubernetes_executor.py for tasks to queue
[2022-11-07T23:40:05.898-0300] {logging_mixin.py:117} INFO - [2022-11-07T23:40:05.898-0300] {dagbag.py:525} INFO - Filling up the DagBag from /home/renato/Documentos/datapipeline/.env/lib/python3.10/site-packages/airflow/example_dags/example_kubernetes_executor.py
[2022-11-07T23:40:05.910-0300] {logging_mixin.py:117} INFO - [2022-11-07T23:40:05.910-0300] {example_kubernetes_executor.py:41} WARNING - The example_kubernetes_executor example DAG requires the kubernetes provider. Please install it with: pip install apache-airflow[cncf.kubernetes]
[2022-11-07T23:40:05.910-0300] {processor.py:770} WARNING - No viable dags retrieved from /home/renato/Documentos/datapipeline/.env/lib/python3.10/site-packages/airflow/example_dags/example_kubernetes_executor.py
[2022-11-07T23:40:05.918-0300] {processor.py:178} INFO - Processing /home/renato/Documentos/datapipeline/.env/lib/python3.10/site-packages/airflow/example_dags/example_kubernetes_executor.py took 0.025 seconds
[2022-11-07T23:40:45.534-0300] {processor.py:156} INFO - Started process (PID=967247) to work on /home/renato/Documentos/datapipeline/.env/lib/python3.10/site-packages/airflow/example_dags/example_kubernetes_executor.py
[2022-11-07T23:40:45.537-0300] {processor.py:758} INFO - Processing file /home/renato/Documentos/datapipeline/.env/lib/python3.10/site-packages/airflow/example_dags/example_kubernetes_executor.py for tasks to queue
[2022-11-07T23:40:45.538-0300] {logging_mixin.py:117} INFO - [2022-11-07T23:40:45.538-0300] {dagbag.py:525} INFO - Filling up the DagBag from /home/renato/Documentos/datapipeline/.env/lib/python3.10/site-packages/airflow/example_dags/example_kubernetes_executor.py
[2022-11-07T23:40:45.557-0300] {logging_mixin.py:117} INFO - [2022-11-07T23:40:45.557-0300] {example_kubernetes_executor.py:41} WARNING - The example_kubernetes_executor example DAG requires the kubernetes provider. Please install it with: pip install apache-airflow[cncf.kubernetes]
[2022-11-07T23:40:45.558-0300] {processor.py:770} WARNING - No viable dags retrieved from /home/renato/Documentos/datapipeline/.env/lib/python3.10/site-packages/airflow/example_dags/example_kubernetes_executor.py
[2022-11-07T23:40:45.565-0300] {processor.py:178} INFO - Processing /home/renato/Documentos/datapipeline/.env/lib/python3.10/site-packages/airflow/example_dags/example_kubernetes_executor.py took 0.036 seconds
[2022-11-07T23:41:30.251-0300] {processor.py:156} INFO - Started process (PID=967332) to work on /home/renato/Documentos/datapipeline/.env/lib/python3.10/site-packages/airflow/example_dags/example_kubernetes_executor.py
[2022-11-07T23:41:30.253-0300] {processor.py:758} INFO - Processing file /home/renato/Documentos/datapipeline/.env/lib/python3.10/site-packages/airflow/example_dags/example_kubernetes_executor.py for tasks to queue
[2022-11-07T23:41:30.253-0300] {logging_mixin.py:117} INFO - [2022-11-07T23:41:30.253-0300] {dagbag.py:525} INFO - Filling up the DagBag from /home/renato/Documentos/datapipeline/.env/lib/python3.10/site-packages/airflow/example_dags/example_kubernetes_executor.py
[2022-11-07T23:41:30.267-0300] {logging_mixin.py:117} INFO - [2022-11-07T23:41:30.267-0300] {example_kubernetes_executor.py:41} WARNING - The example_kubernetes_executor example DAG requires the kubernetes provider. Please install it with: pip install apache-airflow[cncf.kubernetes]
[2022-11-07T23:41:30.267-0300] {processor.py:770} WARNING - No viable dags retrieved from /home/renato/Documentos/datapipeline/.env/lib/python3.10/site-packages/airflow/example_dags/example_kubernetes_executor.py
[2022-11-07T23:41:30.275-0300] {processor.py:178} INFO - Processing /home/renato/Documentos/datapipeline/.env/lib/python3.10/site-packages/airflow/example_dags/example_kubernetes_executor.py took 0.031 seconds
[2022-11-07T23:42:12.271-0300] {processor.py:156} INFO - Started process (PID=967420) to work on /home/renato/Documentos/datapipeline/.env/lib/python3.10/site-packages/airflow/example_dags/example_kubernetes_executor.py
[2022-11-07T23:42:12.273-0300] {processor.py:758} INFO - Processing file /home/renato/Documentos/datapipeline/.env/lib/python3.10/site-packages/airflow/example_dags/example_kubernetes_executor.py for tasks to queue
[2022-11-07T23:42:12.274-0300] {logging_mixin.py:117} INFO - [2022-11-07T23:42:12.273-0300] {dagbag.py:525} INFO - Filling up the DagBag from /home/renato/Documentos/datapipeline/.env/lib/python3.10/site-packages/airflow/example_dags/example_kubernetes_executor.py
[2022-11-07T23:42:12.287-0300] {logging_mixin.py:117} INFO - [2022-11-07T23:42:12.287-0300] {example_kubernetes_executor.py:41} WARNING - The example_kubernetes_executor example DAG requires the kubernetes provider. Please install it with: pip install apache-airflow[cncf.kubernetes]
[2022-11-07T23:42:12.287-0300] {processor.py:770} WARNING - No viable dags retrieved from /home/renato/Documentos/datapipeline/.env/lib/python3.10/site-packages/airflow/example_dags/example_kubernetes_executor.py
[2022-11-07T23:42:12.295-0300] {processor.py:178} INFO - Processing /home/renato/Documentos/datapipeline/.env/lib/python3.10/site-packages/airflow/example_dags/example_kubernetes_executor.py took 0.026 seconds
[2022-11-07T23:42:53.350-0300] {processor.py:156} INFO - Started process (PID=967629) to work on /home/renato/Documentos/datapipeline/.env/lib/python3.10/site-packages/airflow/example_dags/example_kubernetes_executor.py
[2022-11-07T23:42:53.353-0300] {processor.py:758} INFO - Processing file /home/renato/Documentos/datapipeline/.env/lib/python3.10/site-packages/airflow/example_dags/example_kubernetes_executor.py for tasks to queue
[2022-11-07T23:42:53.354-0300] {logging_mixin.py:117} INFO - [2022-11-07T23:42:53.354-0300] {dagbag.py:525} INFO - Filling up the DagBag from /home/renato/Documentos/datapipeline/.env/lib/python3.10/site-packages/airflow/example_dags/example_kubernetes_executor.py
[2022-11-07T23:42:53.372-0300] {logging_mixin.py:117} INFO - [2022-11-07T23:42:53.372-0300] {example_kubernetes_executor.py:41} WARNING - The example_kubernetes_executor example DAG requires the kubernetes provider. Please install it with: pip install apache-airflow[cncf.kubernetes]
[2022-11-07T23:42:53.373-0300] {processor.py:770} WARNING - No viable dags retrieved from /home/renato/Documentos/datapipeline/.env/lib/python3.10/site-packages/airflow/example_dags/example_kubernetes_executor.py
[2022-11-07T23:42:53.382-0300] {processor.py:178} INFO - Processing /home/renato/Documentos/datapipeline/.env/lib/python3.10/site-packages/airflow/example_dags/example_kubernetes_executor.py took 0.042 seconds
[2022-11-08T19:26:45.654-0300] {processor.py:156} INFO - Started process (PID=11830) to work on /home/renato/Documentos/datapipeline/.env/lib/python3.10/site-packages/airflow/example_dags/example_kubernetes_executor.py
[2022-11-08T19:26:45.657-0300] {processor.py:758} INFO - Processing file /home/renato/Documentos/datapipeline/.env/lib/python3.10/site-packages/airflow/example_dags/example_kubernetes_executor.py for tasks to queue
[2022-11-08T19:26:45.658-0300] {logging_mixin.py:117} INFO - [2022-11-08T19:26:45.658-0300] {dagbag.py:525} INFO - Filling up the DagBag from /home/renato/Documentos/datapipeline/.env/lib/python3.10/site-packages/airflow/example_dags/example_kubernetes_executor.py
[2022-11-08T19:26:45.681-0300] {logging_mixin.py:117} INFO - [2022-11-08T19:26:45.675-0300] {example_kubernetes_executor.py:41} WARNING - The example_kubernetes_executor example DAG requires the kubernetes provider. Please install it with: pip install apache-airflow[cncf.kubernetes]
[2022-11-08T19:26:45.682-0300] {processor.py:770} WARNING - No viable dags retrieved from /home/renato/Documentos/datapipeline/.env/lib/python3.10/site-packages/airflow/example_dags/example_kubernetes_executor.py
[2022-11-08T19:26:45.689-0300] {processor.py:178} INFO - Processing /home/renato/Documentos/datapipeline/.env/lib/python3.10/site-packages/airflow/example_dags/example_kubernetes_executor.py took 0.038 seconds
[2022-11-08T19:27:28.380-0300] {processor.py:156} INFO - Started process (PID=11912) to work on /home/renato/Documentos/datapipeline/.env/lib/python3.10/site-packages/airflow/example_dags/example_kubernetes_executor.py
[2022-11-08T19:27:28.386-0300] {processor.py:758} INFO - Processing file /home/renato/Documentos/datapipeline/.env/lib/python3.10/site-packages/airflow/example_dags/example_kubernetes_executor.py for tasks to queue
[2022-11-08T19:27:28.387-0300] {logging_mixin.py:117} INFO - [2022-11-08T19:27:28.386-0300] {dagbag.py:525} INFO - Filling up the DagBag from /home/renato/Documentos/datapipeline/.env/lib/python3.10/site-packages/airflow/example_dags/example_kubernetes_executor.py
[2022-11-08T19:27:28.404-0300] {logging_mixin.py:117} INFO - [2022-11-08T19:27:28.404-0300] {example_kubernetes_executor.py:41} WARNING - The example_kubernetes_executor example DAG requires the kubernetes provider. Please install it with: pip install apache-airflow[cncf.kubernetes]
[2022-11-08T19:27:28.405-0300] {processor.py:770} WARNING - No viable dags retrieved from /home/renato/Documentos/datapipeline/.env/lib/python3.10/site-packages/airflow/example_dags/example_kubernetes_executor.py
[2022-11-08T19:27:28.412-0300] {processor.py:178} INFO - Processing /home/renato/Documentos/datapipeline/.env/lib/python3.10/site-packages/airflow/example_dags/example_kubernetes_executor.py took 0.036 seconds
[2022-11-08T19:28:05.146-0300] {processor.py:156} INFO - Started process (PID=11985) to work on /home/renato/Documentos/datapipeline/.env/lib/python3.10/site-packages/airflow/example_dags/example_kubernetes_executor.py
[2022-11-08T19:28:05.149-0300] {processor.py:758} INFO - Processing file /home/renato/Documentos/datapipeline/.env/lib/python3.10/site-packages/airflow/example_dags/example_kubernetes_executor.py for tasks to queue
[2022-11-08T19:28:05.149-0300] {logging_mixin.py:117} INFO - [2022-11-08T19:28:05.149-0300] {dagbag.py:525} INFO - Filling up the DagBag from /home/renato/Documentos/datapipeline/.env/lib/python3.10/site-packages/airflow/example_dags/example_kubernetes_executor.py
[2022-11-08T19:28:05.165-0300] {logging_mixin.py:117} INFO - [2022-11-08T19:28:05.165-0300] {example_kubernetes_executor.py:41} WARNING - The example_kubernetes_executor example DAG requires the kubernetes provider. Please install it with: pip install apache-airflow[cncf.kubernetes]
[2022-11-08T19:28:05.166-0300] {processor.py:770} WARNING - No viable dags retrieved from /home/renato/Documentos/datapipeline/.env/lib/python3.10/site-packages/airflow/example_dags/example_kubernetes_executor.py
[2022-11-08T19:28:05.175-0300] {processor.py:178} INFO - Processing /home/renato/Documentos/datapipeline/.env/lib/python3.10/site-packages/airflow/example_dags/example_kubernetes_executor.py took 0.035 seconds
[2022-11-08T19:28:49.980-0300] {processor.py:156} INFO - Started process (PID=12200) to work on /home/renato/Documentos/datapipeline/.env/lib/python3.10/site-packages/airflow/example_dags/example_kubernetes_executor.py
[2022-11-08T19:28:49.986-0300] {processor.py:758} INFO - Processing file /home/renato/Documentos/datapipeline/.env/lib/python3.10/site-packages/airflow/example_dags/example_kubernetes_executor.py for tasks to queue
[2022-11-08T19:28:49.987-0300] {logging_mixin.py:117} INFO - [2022-11-08T19:28:49.987-0300] {dagbag.py:525} INFO - Filling up the DagBag from /home/renato/Documentos/datapipeline/.env/lib/python3.10/site-packages/airflow/example_dags/example_kubernetes_executor.py
[2022-11-08T19:28:50.006-0300] {logging_mixin.py:117} INFO - [2022-11-08T19:28:50.006-0300] {example_kubernetes_executor.py:41} WARNING - The example_kubernetes_executor example DAG requires the kubernetes provider. Please install it with: pip install apache-airflow[cncf.kubernetes]
[2022-11-08T19:28:50.006-0300] {processor.py:770} WARNING - No viable dags retrieved from /home/renato/Documentos/datapipeline/.env/lib/python3.10/site-packages/airflow/example_dags/example_kubernetes_executor.py
[2022-11-08T19:28:50.014-0300] {processor.py:178} INFO - Processing /home/renato/Documentos/datapipeline/.env/lib/python3.10/site-packages/airflow/example_dags/example_kubernetes_executor.py took 0.039 seconds
[2022-11-08T19:29:32.275-0300] {processor.py:156} INFO - Started process (PID=12283) to work on /home/renato/Documentos/datapipeline/.env/lib/python3.10/site-packages/airflow/example_dags/example_kubernetes_executor.py
[2022-11-08T19:29:32.289-0300] {processor.py:758} INFO - Processing file /home/renato/Documentos/datapipeline/.env/lib/python3.10/site-packages/airflow/example_dags/example_kubernetes_executor.py for tasks to queue
[2022-11-08T19:29:32.290-0300] {logging_mixin.py:117} INFO - [2022-11-08T19:29:32.290-0300] {dagbag.py:525} INFO - Filling up the DagBag from /home/renato/Documentos/datapipeline/.env/lib/python3.10/site-packages/airflow/example_dags/example_kubernetes_executor.py
[2022-11-08T19:29:32.317-0300] {logging_mixin.py:117} INFO - [2022-11-08T19:29:32.317-0300] {example_kubernetes_executor.py:41} WARNING - The example_kubernetes_executor example DAG requires the kubernetes provider. Please install it with: pip install apache-airflow[cncf.kubernetes]
[2022-11-08T19:29:32.318-0300] {processor.py:770} WARNING - No viable dags retrieved from /home/renato/Documentos/datapipeline/.env/lib/python3.10/site-packages/airflow/example_dags/example_kubernetes_executor.py
[2022-11-08T19:29:32.332-0300] {processor.py:178} INFO - Processing /home/renato/Documentos/datapipeline/.env/lib/python3.10/site-packages/airflow/example_dags/example_kubernetes_executor.py took 0.062 seconds
[2022-11-08T19:31:35.026-0300] {processor.py:156} INFO - Started process (PID=12422) to work on /home/renato/Documentos/datapipeline/.env/lib/python3.10/site-packages/airflow/example_dags/example_kubernetes_executor.py
[2022-11-08T19:31:35.031-0300] {processor.py:758} INFO - Processing file /home/renato/Documentos/datapipeline/.env/lib/python3.10/site-packages/airflow/example_dags/example_kubernetes_executor.py for tasks to queue
[2022-11-08T19:31:35.032-0300] {logging_mixin.py:117} INFO - [2022-11-08T19:31:35.032-0300] {dagbag.py:525} INFO - Filling up the DagBag from /home/renato/Documentos/datapipeline/.env/lib/python3.10/site-packages/airflow/example_dags/example_kubernetes_executor.py
[2022-11-08T19:31:35.056-0300] {logging_mixin.py:117} INFO - [2022-11-08T19:31:35.056-0300] {example_kubernetes_executor.py:41} WARNING - The example_kubernetes_executor example DAG requires the kubernetes provider. Please install it with: pip install apache-airflow[cncf.kubernetes]
[2022-11-08T19:31:35.057-0300] {processor.py:770} WARNING - No viable dags retrieved from /home/renato/Documentos/datapipeline/.env/lib/python3.10/site-packages/airflow/example_dags/example_kubernetes_executor.py
[2022-11-08T19:31:35.065-0300] {processor.py:178} INFO - Processing /home/renato/Documentos/datapipeline/.env/lib/python3.10/site-packages/airflow/example_dags/example_kubernetes_executor.py took 0.047 seconds
[2022-11-08T19:32:13.761-0300] {processor.py:156} INFO - Started process (PID=12507) to work on /home/renato/Documentos/datapipeline/.env/lib/python3.10/site-packages/airflow/example_dags/example_kubernetes_executor.py
[2022-11-08T19:32:13.764-0300] {processor.py:758} INFO - Processing file /home/renato/Documentos/datapipeline/.env/lib/python3.10/site-packages/airflow/example_dags/example_kubernetes_executor.py for tasks to queue
[2022-11-08T19:32:13.765-0300] {logging_mixin.py:117} INFO - [2022-11-08T19:32:13.765-0300] {dagbag.py:525} INFO - Filling up the DagBag from /home/renato/Documentos/datapipeline/.env/lib/python3.10/site-packages/airflow/example_dags/example_kubernetes_executor.py
[2022-11-08T19:32:13.787-0300] {logging_mixin.py:117} INFO - [2022-11-08T19:32:13.787-0300] {example_kubernetes_executor.py:41} WARNING - The example_kubernetes_executor example DAG requires the kubernetes provider. Please install it with: pip install apache-airflow[cncf.kubernetes]
[2022-11-08T19:32:13.787-0300] {processor.py:770} WARNING - No viable dags retrieved from /home/renato/Documentos/datapipeline/.env/lib/python3.10/site-packages/airflow/example_dags/example_kubernetes_executor.py
[2022-11-08T19:32:13.795-0300] {processor.py:178} INFO - Processing /home/renato/Documentos/datapipeline/.env/lib/python3.10/site-packages/airflow/example_dags/example_kubernetes_executor.py took 0.039 seconds
[2022-11-08T19:32:52.291-0300] {processor.py:156} INFO - Started process (PID=12583) to work on /home/renato/Documentos/datapipeline/.env/lib/python3.10/site-packages/airflow/example_dags/example_kubernetes_executor.py
[2022-11-08T19:32:52.294-0300] {processor.py:758} INFO - Processing file /home/renato/Documentos/datapipeline/.env/lib/python3.10/site-packages/airflow/example_dags/example_kubernetes_executor.py for tasks to queue
[2022-11-08T19:32:52.295-0300] {logging_mixin.py:117} INFO - [2022-11-08T19:32:52.294-0300] {dagbag.py:525} INFO - Filling up the DagBag from /home/renato/Documentos/datapipeline/.env/lib/python3.10/site-packages/airflow/example_dags/example_kubernetes_executor.py
[2022-11-08T19:32:52.312-0300] {logging_mixin.py:117} INFO - [2022-11-08T19:32:52.311-0300] {example_kubernetes_executor.py:41} WARNING - The example_kubernetes_executor example DAG requires the kubernetes provider. Please install it with: pip install apache-airflow[cncf.kubernetes]
[2022-11-08T19:32:52.312-0300] {processor.py:770} WARNING - No viable dags retrieved from /home/renato/Documentos/datapipeline/.env/lib/python3.10/site-packages/airflow/example_dags/example_kubernetes_executor.py
[2022-11-08T19:32:52.320-0300] {processor.py:178} INFO - Processing /home/renato/Documentos/datapipeline/.env/lib/python3.10/site-packages/airflow/example_dags/example_kubernetes_executor.py took 0.032 seconds
[2022-11-08T19:33:36.616-0300] {processor.py:156} INFO - Started process (PID=12802) to work on /home/renato/Documentos/datapipeline/.env/lib/python3.10/site-packages/airflow/example_dags/example_kubernetes_executor.py
[2022-11-08T19:33:36.621-0300] {processor.py:758} INFO - Processing file /home/renato/Documentos/datapipeline/.env/lib/python3.10/site-packages/airflow/example_dags/example_kubernetes_executor.py for tasks to queue
[2022-11-08T19:33:36.623-0300] {logging_mixin.py:117} INFO - [2022-11-08T19:33:36.622-0300] {dagbag.py:525} INFO - Filling up the DagBag from /home/renato/Documentos/datapipeline/.env/lib/python3.10/site-packages/airflow/example_dags/example_kubernetes_executor.py
[2022-11-08T19:33:36.650-0300] {logging_mixin.py:117} INFO - [2022-11-08T19:33:36.650-0300] {example_kubernetes_executor.py:41} WARNING - The example_kubernetes_executor example DAG requires the kubernetes provider. Please install it with: pip install apache-airflow[cncf.kubernetes]
[2022-11-08T19:33:36.651-0300] {processor.py:770} WARNING - No viable dags retrieved from /home/renato/Documentos/datapipeline/.env/lib/python3.10/site-packages/airflow/example_dags/example_kubernetes_executor.py
[2022-11-08T19:33:36.662-0300] {processor.py:178} INFO - Processing /home/renato/Documentos/datapipeline/.env/lib/python3.10/site-packages/airflow/example_dags/example_kubernetes_executor.py took 0.056 seconds
[2022-11-08T19:34:17.510-0300] {processor.py:156} INFO - Started process (PID=13034) to work on /home/renato/Documentos/datapipeline/.env/lib/python3.10/site-packages/airflow/example_dags/example_kubernetes_executor.py
[2022-11-08T19:34:17.515-0300] {processor.py:758} INFO - Processing file /home/renato/Documentos/datapipeline/.env/lib/python3.10/site-packages/airflow/example_dags/example_kubernetes_executor.py for tasks to queue
[2022-11-08T19:34:17.516-0300] {logging_mixin.py:117} INFO - [2022-11-08T19:34:17.516-0300] {dagbag.py:525} INFO - Filling up the DagBag from /home/renato/Documentos/datapipeline/.env/lib/python3.10/site-packages/airflow/example_dags/example_kubernetes_executor.py
[2022-11-08T19:34:17.539-0300] {logging_mixin.py:117} INFO - [2022-11-08T19:34:17.538-0300] {example_kubernetes_executor.py:41} WARNING - The example_kubernetes_executor example DAG requires the kubernetes provider. Please install it with: pip install apache-airflow[cncf.kubernetes]
[2022-11-08T19:34:17.539-0300] {processor.py:770} WARNING - No viable dags retrieved from /home/renato/Documentos/datapipeline/.env/lib/python3.10/site-packages/airflow/example_dags/example_kubernetes_executor.py
[2022-11-08T19:34:17.547-0300] {processor.py:178} INFO - Processing /home/renato/Documentos/datapipeline/.env/lib/python3.10/site-packages/airflow/example_dags/example_kubernetes_executor.py took 0.041 seconds
[2022-11-08T19:34:56.454-0300] {processor.py:156} INFO - Started process (PID=13207) to work on /home/renato/Documentos/datapipeline/.env/lib/python3.10/site-packages/airflow/example_dags/example_kubernetes_executor.py
[2022-11-08T19:34:56.462-0300] {processor.py:758} INFO - Processing file /home/renato/Documentos/datapipeline/.env/lib/python3.10/site-packages/airflow/example_dags/example_kubernetes_executor.py for tasks to queue
[2022-11-08T19:34:56.465-0300] {logging_mixin.py:117} INFO - [2022-11-08T19:34:56.464-0300] {dagbag.py:525} INFO - Filling up the DagBag from /home/renato/Documentos/datapipeline/.env/lib/python3.10/site-packages/airflow/example_dags/example_kubernetes_executor.py
[2022-11-08T19:34:56.482-0300] {logging_mixin.py:117} INFO - [2022-11-08T19:34:56.482-0300] {example_kubernetes_executor.py:41} WARNING - The example_kubernetes_executor example DAG requires the kubernetes provider. Please install it with: pip install apache-airflow[cncf.kubernetes]
[2022-11-08T19:34:56.482-0300] {processor.py:770} WARNING - No viable dags retrieved from /home/renato/Documentos/datapipeline/.env/lib/python3.10/site-packages/airflow/example_dags/example_kubernetes_executor.py
[2022-11-08T19:34:56.490-0300] {processor.py:178} INFO - Processing /home/renato/Documentos/datapipeline/.env/lib/python3.10/site-packages/airflow/example_dags/example_kubernetes_executor.py took 0.041 seconds
[2022-11-08T19:35:34.635-0300] {processor.py:156} INFO - Started process (PID=13292) to work on /home/renato/Documentos/datapipeline/.env/lib/python3.10/site-packages/airflow/example_dags/example_kubernetes_executor.py
[2022-11-08T19:35:34.639-0300] {processor.py:758} INFO - Processing file /home/renato/Documentos/datapipeline/.env/lib/python3.10/site-packages/airflow/example_dags/example_kubernetes_executor.py for tasks to queue
[2022-11-08T19:35:34.640-0300] {logging_mixin.py:117} INFO - [2022-11-08T19:35:34.640-0300] {dagbag.py:525} INFO - Filling up the DagBag from /home/renato/Documentos/datapipeline/.env/lib/python3.10/site-packages/airflow/example_dags/example_kubernetes_executor.py
[2022-11-08T19:35:34.653-0300] {logging_mixin.py:117} INFO - [2022-11-08T19:35:34.653-0300] {example_kubernetes_executor.py:41} WARNING - The example_kubernetes_executor example DAG requires the kubernetes provider. Please install it with: pip install apache-airflow[cncf.kubernetes]
[2022-11-08T19:35:34.653-0300] {processor.py:770} WARNING - No viable dags retrieved from /home/renato/Documentos/datapipeline/.env/lib/python3.10/site-packages/airflow/example_dags/example_kubernetes_executor.py
[2022-11-08T19:35:34.661-0300] {processor.py:178} INFO - Processing /home/renato/Documentos/datapipeline/.env/lib/python3.10/site-packages/airflow/example_dags/example_kubernetes_executor.py took 0.028 seconds
[2022-11-08T19:36:21.508-0300] {processor.py:156} INFO - Started process (PID=13388) to work on /home/renato/Documentos/datapipeline/.env/lib/python3.10/site-packages/airflow/example_dags/example_kubernetes_executor.py
[2022-11-08T19:36:21.510-0300] {processor.py:758} INFO - Processing file /home/renato/Documentos/datapipeline/.env/lib/python3.10/site-packages/airflow/example_dags/example_kubernetes_executor.py for tasks to queue
[2022-11-08T19:36:21.511-0300] {logging_mixin.py:117} INFO - [2022-11-08T19:36:21.511-0300] {dagbag.py:525} INFO - Filling up the DagBag from /home/renato/Documentos/datapipeline/.env/lib/python3.10/site-packages/airflow/example_dags/example_kubernetes_executor.py
[2022-11-08T19:36:21.523-0300] {logging_mixin.py:117} INFO - [2022-11-08T19:36:21.523-0300] {example_kubernetes_executor.py:41} WARNING - The example_kubernetes_executor example DAG requires the kubernetes provider. Please install it with: pip install apache-airflow[cncf.kubernetes]
[2022-11-08T19:36:21.523-0300] {processor.py:770} WARNING - No viable dags retrieved from /home/renato/Documentos/datapipeline/.env/lib/python3.10/site-packages/airflow/example_dags/example_kubernetes_executor.py
[2022-11-08T19:36:21.531-0300] {processor.py:178} INFO - Processing /home/renato/Documentos/datapipeline/.env/lib/python3.10/site-packages/airflow/example_dags/example_kubernetes_executor.py took 0.026 seconds
[2022-11-08T19:36:59.374-0300] {processor.py:156} INFO - Started process (PID=13519) to work on /home/renato/Documentos/datapipeline/.env/lib/python3.10/site-packages/airflow/example_dags/example_kubernetes_executor.py
[2022-11-08T19:36:59.381-0300] {processor.py:758} INFO - Processing file /home/renato/Documentos/datapipeline/.env/lib/python3.10/site-packages/airflow/example_dags/example_kubernetes_executor.py for tasks to queue
[2022-11-08T19:36:59.382-0300] {logging_mixin.py:117} INFO - [2022-11-08T19:36:59.381-0300] {dagbag.py:525} INFO - Filling up the DagBag from /home/renato/Documentos/datapipeline/.env/lib/python3.10/site-packages/airflow/example_dags/example_kubernetes_executor.py
[2022-11-08T19:36:59.396-0300] {logging_mixin.py:117} INFO - [2022-11-08T19:36:59.396-0300] {example_kubernetes_executor.py:41} WARNING - The example_kubernetes_executor example DAG requires the kubernetes provider. Please install it with: pip install apache-airflow[cncf.kubernetes]
[2022-11-08T19:36:59.396-0300] {processor.py:770} WARNING - No viable dags retrieved from /home/renato/Documentos/datapipeline/.env/lib/python3.10/site-packages/airflow/example_dags/example_kubernetes_executor.py
[2022-11-08T19:36:59.405-0300] {processor.py:178} INFO - Processing /home/renato/Documentos/datapipeline/.env/lib/python3.10/site-packages/airflow/example_dags/example_kubernetes_executor.py took 0.036 seconds
[2022-11-08T19:37:46.774-0300] {processor.py:156} INFO - Started process (PID=13634) to work on /home/renato/Documentos/datapipeline/.env/lib/python3.10/site-packages/airflow/example_dags/example_kubernetes_executor.py
[2022-11-08T19:37:46.777-0300] {processor.py:758} INFO - Processing file /home/renato/Documentos/datapipeline/.env/lib/python3.10/site-packages/airflow/example_dags/example_kubernetes_executor.py for tasks to queue
[2022-11-08T19:37:46.778-0300] {logging_mixin.py:117} INFO - [2022-11-08T19:37:46.778-0300] {dagbag.py:525} INFO - Filling up the DagBag from /home/renato/Documentos/datapipeline/.env/lib/python3.10/site-packages/airflow/example_dags/example_kubernetes_executor.py
[2022-11-08T19:37:46.792-0300] {logging_mixin.py:117} INFO - [2022-11-08T19:37:46.792-0300] {example_kubernetes_executor.py:41} WARNING - The example_kubernetes_executor example DAG requires the kubernetes provider. Please install it with: pip install apache-airflow[cncf.kubernetes]
[2022-11-08T19:37:46.793-0300] {processor.py:770} WARNING - No viable dags retrieved from /home/renato/Documentos/datapipeline/.env/lib/python3.10/site-packages/airflow/example_dags/example_kubernetes_executor.py
[2022-11-08T19:37:46.800-0300] {processor.py:178} INFO - Processing /home/renato/Documentos/datapipeline/.env/lib/python3.10/site-packages/airflow/example_dags/example_kubernetes_executor.py took 0.031 seconds
[2022-11-08T19:38:26.153-0300] {processor.py:156} INFO - Started process (PID=13968) to work on /home/renato/Documentos/datapipeline/.env/lib/python3.10/site-packages/airflow/example_dags/example_kubernetes_executor.py
[2022-11-08T19:38:26.157-0300] {processor.py:758} INFO - Processing file /home/renato/Documentos/datapipeline/.env/lib/python3.10/site-packages/airflow/example_dags/example_kubernetes_executor.py for tasks to queue
[2022-11-08T19:38:26.157-0300] {logging_mixin.py:117} INFO - [2022-11-08T19:38:26.157-0300] {dagbag.py:525} INFO - Filling up the DagBag from /home/renato/Documentos/datapipeline/.env/lib/python3.10/site-packages/airflow/example_dags/example_kubernetes_executor.py
[2022-11-08T19:38:26.171-0300] {logging_mixin.py:117} INFO - [2022-11-08T19:38:26.170-0300] {example_kubernetes_executor.py:41} WARNING - The example_kubernetes_executor example DAG requires the kubernetes provider. Please install it with: pip install apache-airflow[cncf.kubernetes]
[2022-11-08T19:38:26.171-0300] {processor.py:770} WARNING - No viable dags retrieved from /home/renato/Documentos/datapipeline/.env/lib/python3.10/site-packages/airflow/example_dags/example_kubernetes_executor.py
[2022-11-08T19:38:26.182-0300] {processor.py:178} INFO - Processing /home/renato/Documentos/datapipeline/.env/lib/python3.10/site-packages/airflow/example_dags/example_kubernetes_executor.py took 0.032 seconds
[2022-11-08T19:39:07.309-0300] {processor.py:156} INFO - Started process (PID=14052) to work on /home/renato/Documentos/datapipeline/.env/lib/python3.10/site-packages/airflow/example_dags/example_kubernetes_executor.py
[2022-11-08T19:39:07.314-0300] {processor.py:758} INFO - Processing file /home/renato/Documentos/datapipeline/.env/lib/python3.10/site-packages/airflow/example_dags/example_kubernetes_executor.py for tasks to queue
[2022-11-08T19:39:07.315-0300] {logging_mixin.py:117} INFO - [2022-11-08T19:39:07.315-0300] {dagbag.py:525} INFO - Filling up the DagBag from /home/renato/Documentos/datapipeline/.env/lib/python3.10/site-packages/airflow/example_dags/example_kubernetes_executor.py
[2022-11-08T19:39:07.340-0300] {logging_mixin.py:117} INFO - [2022-11-08T19:39:07.340-0300] {example_kubernetes_executor.py:41} WARNING - The example_kubernetes_executor example DAG requires the kubernetes provider. Please install it with: pip install apache-airflow[cncf.kubernetes]
[2022-11-08T19:39:07.341-0300] {processor.py:770} WARNING - No viable dags retrieved from /home/renato/Documentos/datapipeline/.env/lib/python3.10/site-packages/airflow/example_dags/example_kubernetes_executor.py
[2022-11-08T19:39:07.354-0300] {processor.py:178} INFO - Processing /home/renato/Documentos/datapipeline/.env/lib/python3.10/site-packages/airflow/example_dags/example_kubernetes_executor.py took 0.051 seconds
[2022-11-08T19:39:48.881-0300] {processor.py:156} INFO - Started process (PID=14132) to work on /home/renato/Documentos/datapipeline/.env/lib/python3.10/site-packages/airflow/example_dags/example_kubernetes_executor.py
[2022-11-08T19:39:48.883-0300] {processor.py:758} INFO - Processing file /home/renato/Documentos/datapipeline/.env/lib/python3.10/site-packages/airflow/example_dags/example_kubernetes_executor.py for tasks to queue
[2022-11-08T19:39:48.884-0300] {logging_mixin.py:117} INFO - [2022-11-08T19:39:48.884-0300] {dagbag.py:525} INFO - Filling up the DagBag from /home/renato/Documentos/datapipeline/.env/lib/python3.10/site-packages/airflow/example_dags/example_kubernetes_executor.py
[2022-11-08T19:39:48.905-0300] {logging_mixin.py:117} INFO - [2022-11-08T19:39:48.904-0300] {example_kubernetes_executor.py:41} WARNING - The example_kubernetes_executor example DAG requires the kubernetes provider. Please install it with: pip install apache-airflow[cncf.kubernetes]
[2022-11-08T19:39:48.905-0300] {processor.py:770} WARNING - No viable dags retrieved from /home/renato/Documentos/datapipeline/.env/lib/python3.10/site-packages/airflow/example_dags/example_kubernetes_executor.py
[2022-11-08T19:39:48.913-0300] {processor.py:178} INFO - Processing /home/renato/Documentos/datapipeline/.env/lib/python3.10/site-packages/airflow/example_dags/example_kubernetes_executor.py took 0.037 seconds
[2022-11-08T19:40:27.999-0300] {processor.py:156} INFO - Started process (PID=14216) to work on /home/renato/Documentos/datapipeline/.env/lib/python3.10/site-packages/airflow/example_dags/example_kubernetes_executor.py
[2022-11-08T19:40:28.001-0300] {processor.py:758} INFO - Processing file /home/renato/Documentos/datapipeline/.env/lib/python3.10/site-packages/airflow/example_dags/example_kubernetes_executor.py for tasks to queue
[2022-11-08T19:40:28.001-0300] {logging_mixin.py:117} INFO - [2022-11-08T19:40:28.001-0300] {dagbag.py:525} INFO - Filling up the DagBag from /home/renato/Documentos/datapipeline/.env/lib/python3.10/site-packages/airflow/example_dags/example_kubernetes_executor.py
[2022-11-08T19:40:28.014-0300] {logging_mixin.py:117} INFO - [2022-11-08T19:40:28.014-0300] {example_kubernetes_executor.py:41} WARNING - The example_kubernetes_executor example DAG requires the kubernetes provider. Please install it with: pip install apache-airflow[cncf.kubernetes]
[2022-11-08T19:40:28.015-0300] {processor.py:770} WARNING - No viable dags retrieved from /home/renato/Documentos/datapipeline/.env/lib/python3.10/site-packages/airflow/example_dags/example_kubernetes_executor.py
[2022-11-08T19:40:28.022-0300] {processor.py:178} INFO - Processing /home/renato/Documentos/datapipeline/.env/lib/python3.10/site-packages/airflow/example_dags/example_kubernetes_executor.py took 0.026 seconds
[2022-11-08T19:41:15.005-0300] {processor.py:156} INFO - Started process (PID=14472) to work on /home/renato/Documentos/datapipeline/.env/lib/python3.10/site-packages/airflow/example_dags/example_kubernetes_executor.py
[2022-11-08T19:41:15.008-0300] {processor.py:758} INFO - Processing file /home/renato/Documentos/datapipeline/.env/lib/python3.10/site-packages/airflow/example_dags/example_kubernetes_executor.py for tasks to queue
[2022-11-08T19:41:15.009-0300] {logging_mixin.py:117} INFO - [2022-11-08T19:41:15.008-0300] {dagbag.py:525} INFO - Filling up the DagBag from /home/renato/Documentos/datapipeline/.env/lib/python3.10/site-packages/airflow/example_dags/example_kubernetes_executor.py
[2022-11-08T19:41:15.028-0300] {logging_mixin.py:117} INFO - [2022-11-08T19:41:15.028-0300] {example_kubernetes_executor.py:41} WARNING - The example_kubernetes_executor example DAG requires the kubernetes provider. Please install it with: pip install apache-airflow[cncf.kubernetes]
[2022-11-08T19:41:15.029-0300] {processor.py:770} WARNING - No viable dags retrieved from /home/renato/Documentos/datapipeline/.env/lib/python3.10/site-packages/airflow/example_dags/example_kubernetes_executor.py
[2022-11-08T19:41:15.038-0300] {processor.py:178} INFO - Processing /home/renato/Documentos/datapipeline/.env/lib/python3.10/site-packages/airflow/example_dags/example_kubernetes_executor.py took 0.039 seconds
[2022-11-08T19:42:00.483-0300] {processor.py:156} INFO - Started process (PID=14787) to work on /home/renato/Documentos/datapipeline/.env/lib/python3.10/site-packages/airflow/example_dags/example_kubernetes_executor.py
[2022-11-08T19:42:00.486-0300] {processor.py:758} INFO - Processing file /home/renato/Documentos/datapipeline/.env/lib/python3.10/site-packages/airflow/example_dags/example_kubernetes_executor.py for tasks to queue
[2022-11-08T19:42:00.487-0300] {logging_mixin.py:117} INFO - [2022-11-08T19:42:00.487-0300] {dagbag.py:525} INFO - Filling up the DagBag from /home/renato/Documentos/datapipeline/.env/lib/python3.10/site-packages/airflow/example_dags/example_kubernetes_executor.py
[2022-11-08T19:42:00.504-0300] {logging_mixin.py:117} INFO - [2022-11-08T19:42:00.503-0300] {example_kubernetes_executor.py:41} WARNING - The example_kubernetes_executor example DAG requires the kubernetes provider. Please install it with: pip install apache-airflow[cncf.kubernetes]
[2022-11-08T19:42:00.504-0300] {processor.py:770} WARNING - No viable dags retrieved from /home/renato/Documentos/datapipeline/.env/lib/python3.10/site-packages/airflow/example_dags/example_kubernetes_executor.py
[2022-11-08T19:42:00.514-0300] {processor.py:178} INFO - Processing /home/renato/Documentos/datapipeline/.env/lib/python3.10/site-packages/airflow/example_dags/example_kubernetes_executor.py took 0.037 seconds
[2022-11-08T19:42:38.932-0300] {processor.py:156} INFO - Started process (PID=14874) to work on /home/renato/Documentos/datapipeline/.env/lib/python3.10/site-packages/airflow/example_dags/example_kubernetes_executor.py
[2022-11-08T19:42:38.935-0300] {processor.py:758} INFO - Processing file /home/renato/Documentos/datapipeline/.env/lib/python3.10/site-packages/airflow/example_dags/example_kubernetes_executor.py for tasks to queue
[2022-11-08T19:42:38.936-0300] {logging_mixin.py:117} INFO - [2022-11-08T19:42:38.936-0300] {dagbag.py:525} INFO - Filling up the DagBag from /home/renato/Documentos/datapipeline/.env/lib/python3.10/site-packages/airflow/example_dags/example_kubernetes_executor.py
[2022-11-08T19:42:38.954-0300] {logging_mixin.py:117} INFO - [2022-11-08T19:42:38.954-0300] {example_kubernetes_executor.py:41} WARNING - The example_kubernetes_executor example DAG requires the kubernetes provider. Please install it with: pip install apache-airflow[cncf.kubernetes]
[2022-11-08T19:42:38.954-0300] {processor.py:770} WARNING - No viable dags retrieved from /home/renato/Documentos/datapipeline/.env/lib/python3.10/site-packages/airflow/example_dags/example_kubernetes_executor.py
[2022-11-08T19:42:38.962-0300] {processor.py:178} INFO - Processing /home/renato/Documentos/datapipeline/.env/lib/python3.10/site-packages/airflow/example_dags/example_kubernetes_executor.py took 0.037 seconds
[2022-11-08T19:43:24.210-0300] {processor.py:156} INFO - Started process (PID=15106) to work on /home/renato/Documentos/datapipeline/.env/lib/python3.10/site-packages/airflow/example_dags/example_kubernetes_executor.py
[2022-11-08T19:43:24.213-0300] {processor.py:758} INFO - Processing file /home/renato/Documentos/datapipeline/.env/lib/python3.10/site-packages/airflow/example_dags/example_kubernetes_executor.py for tasks to queue
[2022-11-08T19:43:24.215-0300] {logging_mixin.py:117} INFO - [2022-11-08T19:43:24.215-0300] {dagbag.py:525} INFO - Filling up the DagBag from /home/renato/Documentos/datapipeline/.env/lib/python3.10/site-packages/airflow/example_dags/example_kubernetes_executor.py
[2022-11-08T19:43:24.232-0300] {logging_mixin.py:117} INFO - [2022-11-08T19:43:24.232-0300] {example_kubernetes_executor.py:41} WARNING - The example_kubernetes_executor example DAG requires the kubernetes provider. Please install it with: pip install apache-airflow[cncf.kubernetes]
[2022-11-08T19:43:24.232-0300] {processor.py:770} WARNING - No viable dags retrieved from /home/renato/Documentos/datapipeline/.env/lib/python3.10/site-packages/airflow/example_dags/example_kubernetes_executor.py
[2022-11-08T19:43:24.242-0300] {processor.py:178} INFO - Processing /home/renato/Documentos/datapipeline/.env/lib/python3.10/site-packages/airflow/example_dags/example_kubernetes_executor.py took 0.037 seconds
[2022-11-08T19:44:04.606-0300] {processor.py:156} INFO - Started process (PID=15184) to work on /home/renato/Documentos/datapipeline/.env/lib/python3.10/site-packages/airflow/example_dags/example_kubernetes_executor.py
[2022-11-08T19:44:04.609-0300] {processor.py:758} INFO - Processing file /home/renato/Documentos/datapipeline/.env/lib/python3.10/site-packages/airflow/example_dags/example_kubernetes_executor.py for tasks to queue
[2022-11-08T19:44:04.610-0300] {logging_mixin.py:117} INFO - [2022-11-08T19:44:04.610-0300] {dagbag.py:525} INFO - Filling up the DagBag from /home/renato/Documentos/datapipeline/.env/lib/python3.10/site-packages/airflow/example_dags/example_kubernetes_executor.py
[2022-11-08T19:44:04.628-0300] {logging_mixin.py:117} INFO - [2022-11-08T19:44:04.628-0300] {example_kubernetes_executor.py:41} WARNING - The example_kubernetes_executor example DAG requires the kubernetes provider. Please install it with: pip install apache-airflow[cncf.kubernetes]
[2022-11-08T19:44:04.628-0300] {processor.py:770} WARNING - No viable dags retrieved from /home/renato/Documentos/datapipeline/.env/lib/python3.10/site-packages/airflow/example_dags/example_kubernetes_executor.py
[2022-11-08T19:44:04.636-0300] {processor.py:178} INFO - Processing /home/renato/Documentos/datapipeline/.env/lib/python3.10/site-packages/airflow/example_dags/example_kubernetes_executor.py took 0.033 seconds
[2022-11-08T19:44:43.060-0300] {processor.py:156} INFO - Started process (PID=15271) to work on /home/renato/Documentos/datapipeline/.env/lib/python3.10/site-packages/airflow/example_dags/example_kubernetes_executor.py
[2022-11-08T19:44:43.063-0300] {processor.py:758} INFO - Processing file /home/renato/Documentos/datapipeline/.env/lib/python3.10/site-packages/airflow/example_dags/example_kubernetes_executor.py for tasks to queue
[2022-11-08T19:44:43.064-0300] {logging_mixin.py:117} INFO - [2022-11-08T19:44:43.064-0300] {dagbag.py:525} INFO - Filling up the DagBag from /home/renato/Documentos/datapipeline/.env/lib/python3.10/site-packages/airflow/example_dags/example_kubernetes_executor.py
[2022-11-08T19:44:43.087-0300] {logging_mixin.py:117} INFO - [2022-11-08T19:44:43.087-0300] {example_kubernetes_executor.py:41} WARNING - The example_kubernetes_executor example DAG requires the kubernetes provider. Please install it with: pip install apache-airflow[cncf.kubernetes]
[2022-11-08T19:44:43.087-0300] {processor.py:770} WARNING - No viable dags retrieved from /home/renato/Documentos/datapipeline/.env/lib/python3.10/site-packages/airflow/example_dags/example_kubernetes_executor.py
[2022-11-08T19:44:43.094-0300] {processor.py:178} INFO - Processing /home/renato/Documentos/datapipeline/.env/lib/python3.10/site-packages/airflow/example_dags/example_kubernetes_executor.py took 0.039 seconds
[2022-11-08T19:46:15.494-0300] {processor.py:156} INFO - Started process (PID=15721) to work on /home/renato/Documentos/datapipeline/.env/lib/python3.10/site-packages/airflow/example_dags/example_kubernetes_executor.py
[2022-11-08T19:46:15.499-0300] {processor.py:758} INFO - Processing file /home/renato/Documentos/datapipeline/.env/lib/python3.10/site-packages/airflow/example_dags/example_kubernetes_executor.py for tasks to queue
[2022-11-08T19:46:15.500-0300] {logging_mixin.py:117} INFO - [2022-11-08T19:46:15.500-0300] {dagbag.py:525} INFO - Filling up the DagBag from /home/renato/Documentos/datapipeline/.env/lib/python3.10/site-packages/airflow/example_dags/example_kubernetes_executor.py
[2022-11-08T19:46:15.516-0300] {logging_mixin.py:117} INFO - [2022-11-08T19:46:15.515-0300] {example_kubernetes_executor.py:41} WARNING - The example_kubernetes_executor example DAG requires the kubernetes provider. Please install it with: pip install apache-airflow[cncf.kubernetes]
[2022-11-08T19:46:15.516-0300] {processor.py:770} WARNING - No viable dags retrieved from /home/renato/Documentos/datapipeline/.env/lib/python3.10/site-packages/airflow/example_dags/example_kubernetes_executor.py
[2022-11-08T19:46:15.526-0300] {processor.py:178} INFO - Processing /home/renato/Documentos/datapipeline/.env/lib/python3.10/site-packages/airflow/example_dags/example_kubernetes_executor.py took 0.034 seconds
[2022-11-08T19:46:53.024-0300] {processor.py:156} INFO - Started process (PID=15799) to work on /home/renato/Documentos/datapipeline/.env/lib/python3.10/site-packages/airflow/example_dags/example_kubernetes_executor.py
[2022-11-08T19:46:53.027-0300] {processor.py:758} INFO - Processing file /home/renato/Documentos/datapipeline/.env/lib/python3.10/site-packages/airflow/example_dags/example_kubernetes_executor.py for tasks to queue
[2022-11-08T19:46:53.028-0300] {logging_mixin.py:117} INFO - [2022-11-08T19:46:53.028-0300] {dagbag.py:525} INFO - Filling up the DagBag from /home/renato/Documentos/datapipeline/.env/lib/python3.10/site-packages/airflow/example_dags/example_kubernetes_executor.py
[2022-11-08T19:46:53.052-0300] {logging_mixin.py:117} INFO - [2022-11-08T19:46:53.052-0300] {example_kubernetes_executor.py:41} WARNING - The example_kubernetes_executor example DAG requires the kubernetes provider. Please install it with: pip install apache-airflow[cncf.kubernetes]
[2022-11-08T19:46:53.052-0300] {processor.py:770} WARNING - No viable dags retrieved from /home/renato/Documentos/datapipeline/.env/lib/python3.10/site-packages/airflow/example_dags/example_kubernetes_executor.py
[2022-11-08T19:46:53.060-0300] {processor.py:178} INFO - Processing /home/renato/Documentos/datapipeline/.env/lib/python3.10/site-packages/airflow/example_dags/example_kubernetes_executor.py took 0.042 seconds
[2022-11-08T19:48:29.449-0300] {processor.py:156} INFO - Started process (PID=16384) to work on /home/renato/Documentos/datapipeline/.env/lib/python3.10/site-packages/airflow/example_dags/example_kubernetes_executor.py
[2022-11-08T19:48:29.452-0300] {processor.py:758} INFO - Processing file /home/renato/Documentos/datapipeline/.env/lib/python3.10/site-packages/airflow/example_dags/example_kubernetes_executor.py for tasks to queue
[2022-11-08T19:48:29.453-0300] {logging_mixin.py:117} INFO - [2022-11-08T19:48:29.453-0300] {dagbag.py:525} INFO - Filling up the DagBag from /home/renato/Documentos/datapipeline/.env/lib/python3.10/site-packages/airflow/example_dags/example_kubernetes_executor.py
[2022-11-08T19:48:29.468-0300] {logging_mixin.py:117} INFO - [2022-11-08T19:48:29.468-0300] {example_kubernetes_executor.py:41} WARNING - The example_kubernetes_executor example DAG requires the kubernetes provider. Please install it with: pip install apache-airflow[cncf.kubernetes]
[2022-11-08T19:48:29.468-0300] {processor.py:770} WARNING - No viable dags retrieved from /home/renato/Documentos/datapipeline/.env/lib/python3.10/site-packages/airflow/example_dags/example_kubernetes_executor.py
[2022-11-08T19:48:29.475-0300] {processor.py:178} INFO - Processing /home/renato/Documentos/datapipeline/.env/lib/python3.10/site-packages/airflow/example_dags/example_kubernetes_executor.py took 0.029 seconds
[2022-11-08T19:49:44.365-0300] {processor.py:156} INFO - Started process (PID=16773) to work on /home/renato/Documentos/datapipeline/.env/lib/python3.10/site-packages/airflow/example_dags/example_kubernetes_executor.py
[2022-11-08T19:49:44.367-0300] {processor.py:758} INFO - Processing file /home/renato/Documentos/datapipeline/.env/lib/python3.10/site-packages/airflow/example_dags/example_kubernetes_executor.py for tasks to queue
[2022-11-08T19:49:44.368-0300] {logging_mixin.py:117} INFO - [2022-11-08T19:49:44.368-0300] {dagbag.py:525} INFO - Filling up the DagBag from /home/renato/Documentos/datapipeline/.env/lib/python3.10/site-packages/airflow/example_dags/example_kubernetes_executor.py
[2022-11-08T19:49:44.381-0300] {logging_mixin.py:117} INFO - [2022-11-08T19:49:44.381-0300] {example_kubernetes_executor.py:41} WARNING - The example_kubernetes_executor example DAG requires the kubernetes provider. Please install it with: pip install apache-airflow[cncf.kubernetes]
[2022-11-08T19:49:44.382-0300] {processor.py:770} WARNING - No viable dags retrieved from /home/renato/Documentos/datapipeline/.env/lib/python3.10/site-packages/airflow/example_dags/example_kubernetes_executor.py
[2022-11-08T19:49:44.390-0300] {processor.py:178} INFO - Processing /home/renato/Documentos/datapipeline/.env/lib/python3.10/site-packages/airflow/example_dags/example_kubernetes_executor.py took 0.027 seconds
[2022-11-08T19:51:55.287-0300] {processor.py:156} INFO - Started process (PID=17755) to work on /home/renato/Documentos/datapipeline/.env/lib/python3.10/site-packages/airflow/example_dags/example_kubernetes_executor.py
[2022-11-08T19:51:55.291-0300] {processor.py:758} INFO - Processing file /home/renato/Documentos/datapipeline/.env/lib/python3.10/site-packages/airflow/example_dags/example_kubernetes_executor.py for tasks to queue
[2022-11-08T19:51:55.293-0300] {logging_mixin.py:117} INFO - [2022-11-08T19:51:55.292-0300] {dagbag.py:525} INFO - Filling up the DagBag from /home/renato/Documentos/datapipeline/.env/lib/python3.10/site-packages/airflow/example_dags/example_kubernetes_executor.py
[2022-11-08T19:51:55.307-0300] {logging_mixin.py:117} INFO - [2022-11-08T19:51:55.307-0300] {example_kubernetes_executor.py:41} WARNING - The example_kubernetes_executor example DAG requires the kubernetes provider. Please install it with: pip install apache-airflow[cncf.kubernetes]
[2022-11-08T19:51:55.307-0300] {processor.py:770} WARNING - No viable dags retrieved from /home/renato/Documentos/datapipeline/.env/lib/python3.10/site-packages/airflow/example_dags/example_kubernetes_executor.py
[2022-11-08T19:51:55.316-0300] {processor.py:178} INFO - Processing /home/renato/Documentos/datapipeline/.env/lib/python3.10/site-packages/airflow/example_dags/example_kubernetes_executor.py took 0.034 seconds
[2022-11-08T19:52:38.214-0300] {processor.py:156} INFO - Started process (PID=17841) to work on /home/renato/Documentos/datapipeline/.env/lib/python3.10/site-packages/airflow/example_dags/example_kubernetes_executor.py
[2022-11-08T19:52:38.226-0300] {processor.py:758} INFO - Processing file /home/renato/Documentos/datapipeline/.env/lib/python3.10/site-packages/airflow/example_dags/example_kubernetes_executor.py for tasks to queue
[2022-11-08T19:52:38.227-0300] {logging_mixin.py:117} INFO - [2022-11-08T19:52:38.227-0300] {dagbag.py:525} INFO - Filling up the DagBag from /home/renato/Documentos/datapipeline/.env/lib/python3.10/site-packages/airflow/example_dags/example_kubernetes_executor.py
[2022-11-08T19:52:38.252-0300] {logging_mixin.py:117} INFO - [2022-11-08T19:52:38.252-0300] {example_kubernetes_executor.py:41} WARNING - The example_kubernetes_executor example DAG requires the kubernetes provider. Please install it with: pip install apache-airflow[cncf.kubernetes]
[2022-11-08T19:52:38.252-0300] {processor.py:770} WARNING - No viable dags retrieved from /home/renato/Documentos/datapipeline/.env/lib/python3.10/site-packages/airflow/example_dags/example_kubernetes_executor.py
[2022-11-08T19:52:38.262-0300] {processor.py:178} INFO - Processing /home/renato/Documentos/datapipeline/.env/lib/python3.10/site-packages/airflow/example_dags/example_kubernetes_executor.py took 0.054 seconds
[2022-11-08T19:53:27.182-0300] {processor.py:156} INFO - Started process (PID=18061) to work on /home/renato/Documentos/datapipeline/.env/lib/python3.10/site-packages/airflow/example_dags/example_kubernetes_executor.py
[2022-11-08T19:53:27.185-0300] {processor.py:758} INFO - Processing file /home/renato/Documentos/datapipeline/.env/lib/python3.10/site-packages/airflow/example_dags/example_kubernetes_executor.py for tasks to queue
[2022-11-08T19:53:27.186-0300] {logging_mixin.py:117} INFO - [2022-11-08T19:53:27.185-0300] {dagbag.py:525} INFO - Filling up the DagBag from /home/renato/Documentos/datapipeline/.env/lib/python3.10/site-packages/airflow/example_dags/example_kubernetes_executor.py
[2022-11-08T19:53:27.210-0300] {logging_mixin.py:117} INFO - [2022-11-08T19:53:27.210-0300] {example_kubernetes_executor.py:41} WARNING - The example_kubernetes_executor example DAG requires the kubernetes provider. Please install it with: pip install apache-airflow[cncf.kubernetes]
[2022-11-08T19:53:27.210-0300] {processor.py:770} WARNING - No viable dags retrieved from /home/renato/Documentos/datapipeline/.env/lib/python3.10/site-packages/airflow/example_dags/example_kubernetes_executor.py
[2022-11-08T19:53:27.217-0300] {processor.py:178} INFO - Processing /home/renato/Documentos/datapipeline/.env/lib/python3.10/site-packages/airflow/example_dags/example_kubernetes_executor.py took 0.042 seconds
[2022-11-08T19:54:07.865-0300] {processor.py:156} INFO - Started process (PID=18140) to work on /home/renato/Documentos/datapipeline/.env/lib/python3.10/site-packages/airflow/example_dags/example_kubernetes_executor.py
[2022-11-08T19:54:07.868-0300] {processor.py:758} INFO - Processing file /home/renato/Documentos/datapipeline/.env/lib/python3.10/site-packages/airflow/example_dags/example_kubernetes_executor.py for tasks to queue
[2022-11-08T19:54:07.869-0300] {logging_mixin.py:117} INFO - [2022-11-08T19:54:07.869-0300] {dagbag.py:525} INFO - Filling up the DagBag from /home/renato/Documentos/datapipeline/.env/lib/python3.10/site-packages/airflow/example_dags/example_kubernetes_executor.py
[2022-11-08T19:54:07.892-0300] {logging_mixin.py:117} INFO - [2022-11-08T19:54:07.892-0300] {example_kubernetes_executor.py:41} WARNING - The example_kubernetes_executor example DAG requires the kubernetes provider. Please install it with: pip install apache-airflow[cncf.kubernetes]
[2022-11-08T19:54:07.892-0300] {processor.py:770} WARNING - No viable dags retrieved from /home/renato/Documentos/datapipeline/.env/lib/python3.10/site-packages/airflow/example_dags/example_kubernetes_executor.py
[2022-11-08T19:54:07.901-0300] {processor.py:178} INFO - Processing /home/renato/Documentos/datapipeline/.env/lib/python3.10/site-packages/airflow/example_dags/example_kubernetes_executor.py took 0.040 seconds
[2022-11-08T19:54:45.769-0300] {processor.py:156} INFO - Started process (PID=18214) to work on /home/renato/Documentos/datapipeline/.env/lib/python3.10/site-packages/airflow/example_dags/example_kubernetes_executor.py
[2022-11-08T19:54:45.771-0300] {processor.py:758} INFO - Processing file /home/renato/Documentos/datapipeline/.env/lib/python3.10/site-packages/airflow/example_dags/example_kubernetes_executor.py for tasks to queue
[2022-11-08T19:54:45.772-0300] {logging_mixin.py:117} INFO - [2022-11-08T19:54:45.772-0300] {dagbag.py:525} INFO - Filling up the DagBag from /home/renato/Documentos/datapipeline/.env/lib/python3.10/site-packages/airflow/example_dags/example_kubernetes_executor.py
[2022-11-08T19:54:45.787-0300] {logging_mixin.py:117} INFO - [2022-11-08T19:54:45.787-0300] {example_kubernetes_executor.py:41} WARNING - The example_kubernetes_executor example DAG requires the kubernetes provider. Please install it with: pip install apache-airflow[cncf.kubernetes]
[2022-11-08T19:54:45.787-0300] {processor.py:770} WARNING - No viable dags retrieved from /home/renato/Documentos/datapipeline/.env/lib/python3.10/site-packages/airflow/example_dags/example_kubernetes_executor.py
[2022-11-08T19:54:45.797-0300] {processor.py:178} INFO - Processing /home/renato/Documentos/datapipeline/.env/lib/python3.10/site-packages/airflow/example_dags/example_kubernetes_executor.py took 0.031 seconds
[2022-11-08T19:55:27.181-0300] {processor.py:156} INFO - Started process (PID=18320) to work on /home/renato/Documentos/datapipeline/.env/lib/python3.10/site-packages/airflow/example_dags/example_kubernetes_executor.py
[2022-11-08T19:55:27.182-0300] {processor.py:758} INFO - Processing file /home/renato/Documentos/datapipeline/.env/lib/python3.10/site-packages/airflow/example_dags/example_kubernetes_executor.py for tasks to queue
[2022-11-08T19:55:27.183-0300] {logging_mixin.py:117} INFO - [2022-11-08T19:55:27.183-0300] {dagbag.py:525} INFO - Filling up the DagBag from /home/renato/Documentos/datapipeline/.env/lib/python3.10/site-packages/airflow/example_dags/example_kubernetes_executor.py
[2022-11-08T19:55:27.198-0300] {logging_mixin.py:117} INFO - [2022-11-08T19:55:27.198-0300] {example_kubernetes_executor.py:41} WARNING - The example_kubernetes_executor example DAG requires the kubernetes provider. Please install it with: pip install apache-airflow[cncf.kubernetes]
[2022-11-08T19:55:27.198-0300] {processor.py:770} WARNING - No viable dags retrieved from /home/renato/Documentos/datapipeline/.env/lib/python3.10/site-packages/airflow/example_dags/example_kubernetes_executor.py
[2022-11-08T19:55:27.209-0300] {processor.py:178} INFO - Processing /home/renato/Documentos/datapipeline/.env/lib/python3.10/site-packages/airflow/example_dags/example_kubernetes_executor.py took 0.031 seconds
[2022-11-08T19:56:08.028-0300] {processor.py:156} INFO - Started process (PID=18403) to work on /home/renato/Documentos/datapipeline/.env/lib/python3.10/site-packages/airflow/example_dags/example_kubernetes_executor.py
[2022-11-08T19:56:08.031-0300] {processor.py:758} INFO - Processing file /home/renato/Documentos/datapipeline/.env/lib/python3.10/site-packages/airflow/example_dags/example_kubernetes_executor.py for tasks to queue
[2022-11-08T19:56:08.032-0300] {logging_mixin.py:117} INFO - [2022-11-08T19:56:08.032-0300] {dagbag.py:525} INFO - Filling up the DagBag from /home/renato/Documentos/datapipeline/.env/lib/python3.10/site-packages/airflow/example_dags/example_kubernetes_executor.py
[2022-11-08T19:56:08.066-0300] {logging_mixin.py:117} INFO - [2022-11-08T19:56:08.066-0300] {example_kubernetes_executor.py:41} WARNING - The example_kubernetes_executor example DAG requires the kubernetes provider. Please install it with: pip install apache-airflow[cncf.kubernetes]
[2022-11-08T19:56:08.066-0300] {processor.py:770} WARNING - No viable dags retrieved from /home/renato/Documentos/datapipeline/.env/lib/python3.10/site-packages/airflow/example_dags/example_kubernetes_executor.py
[2022-11-08T19:56:08.080-0300] {processor.py:178} INFO - Processing /home/renato/Documentos/datapipeline/.env/lib/python3.10/site-packages/airflow/example_dags/example_kubernetes_executor.py took 0.056 seconds
