[2022-11-07T23:27:02.793-0300] {processor.py:156} INFO - Started process (PID=965194) to work on /home/renato/Documentos/datapipeline/.env/lib/python3.10/site-packages/airflow/example_dags/example_python_operator.py
[2022-11-07T23:27:02.794-0300] {processor.py:758} INFO - Processing file /home/renato/Documentos/datapipeline/.env/lib/python3.10/site-packages/airflow/example_dags/example_python_operator.py for tasks to queue
[2022-11-07T23:27:02.795-0300] {logging_mixin.py:117} INFO - [2022-11-07T23:27:02.795-0300] {dagbag.py:525} INFO - Filling up the DagBag from /home/renato/Documentos/datapipeline/.env/lib/python3.10/site-packages/airflow/example_dags/example_python_operator.py
[2022-11-07T23:27:02.820-0300] {logging_mixin.py:117} INFO - [2022-11-07T23:27:02.820-0300] {example_python_operator.py:85} WARNING - The virtalenv_python example task requires virtualenv, please install it.
[2022-11-07T23:27:02.827-0300] {processor.py:768} INFO - DAG(s) dict_keys(['example_python_operator']) retrieved from /home/renato/Documentos/datapipeline/.env/lib/python3.10/site-packages/airflow/example_dags/example_python_operator.py
[2022-11-07T23:27:02.851-0300] {logging_mixin.py:117} INFO - [2022-11-07T23:27:02.851-0300] {dag.py:2573} INFO - Sync 1 DAGs
[2022-11-07T23:27:02.871-0300] {logging_mixin.py:117} INFO - [2022-11-07T23:27:02.871-0300] {dag.py:3324} INFO - Setting next_dagrun for example_python_operator to None, run_after=None
[2022-11-07T23:27:02.905-0300] {processor.py:178} INFO - Processing /home/renato/Documentos/datapipeline/.env/lib/python3.10/site-packages/airflow/example_dags/example_python_operator.py took 0.118 seconds
[2022-11-07T23:27:41.961-0300] {processor.py:156} INFO - Started process (PID=965411) to work on /home/renato/Documentos/datapipeline/.env/lib/python3.10/site-packages/airflow/example_dags/example_python_operator.py
[2022-11-07T23:27:41.964-0300] {processor.py:758} INFO - Processing file /home/renato/Documentos/datapipeline/.env/lib/python3.10/site-packages/airflow/example_dags/example_python_operator.py for tasks to queue
[2022-11-07T23:27:41.965-0300] {logging_mixin.py:117} INFO - [2022-11-07T23:27:41.965-0300] {dagbag.py:525} INFO - Filling up the DagBag from /home/renato/Documentos/datapipeline/.env/lib/python3.10/site-packages/airflow/example_dags/example_python_operator.py
[2022-11-07T23:27:41.994-0300] {logging_mixin.py:117} INFO - [2022-11-07T23:27:41.993-0300] {example_python_operator.py:85} WARNING - The virtalenv_python example task requires virtualenv, please install it.
[2022-11-07T23:27:41.999-0300] {processor.py:768} INFO - DAG(s) dict_keys(['example_python_operator']) retrieved from /home/renato/Documentos/datapipeline/.env/lib/python3.10/site-packages/airflow/example_dags/example_python_operator.py
[2022-11-07T23:27:42.020-0300] {logging_mixin.py:117} INFO - [2022-11-07T23:27:42.020-0300] {dag.py:2573} INFO - Sync 1 DAGs
[2022-11-07T23:27:42.039-0300] {logging_mixin.py:117} INFO - [2022-11-07T23:27:42.038-0300] {dag.py:3324} INFO - Setting next_dagrun for example_python_operator to None, run_after=None
[2022-11-07T23:27:42.063-0300] {processor.py:178} INFO - Processing /home/renato/Documentos/datapipeline/.env/lib/python3.10/site-packages/airflow/example_dags/example_python_operator.py took 0.111 seconds
[2022-11-07T23:28:18.844-0300] {processor.py:156} INFO - Started process (PID=965485) to work on /home/renato/Documentos/datapipeline/.env/lib/python3.10/site-packages/airflow/example_dags/example_python_operator.py
[2022-11-07T23:28:18.849-0300] {processor.py:758} INFO - Processing file /home/renato/Documentos/datapipeline/.env/lib/python3.10/site-packages/airflow/example_dags/example_python_operator.py for tasks to queue
[2022-11-07T23:28:18.849-0300] {logging_mixin.py:117} INFO - [2022-11-07T23:28:18.849-0300] {dagbag.py:525} INFO - Filling up the DagBag from /home/renato/Documentos/datapipeline/.env/lib/python3.10/site-packages/airflow/example_dags/example_python_operator.py
[2022-11-07T23:28:18.872-0300] {logging_mixin.py:117} INFO - [2022-11-07T23:28:18.871-0300] {example_python_operator.py:85} WARNING - The virtalenv_python example task requires virtualenv, please install it.
[2022-11-07T23:28:18.882-0300] {processor.py:768} INFO - DAG(s) dict_keys(['example_python_operator']) retrieved from /home/renato/Documentos/datapipeline/.env/lib/python3.10/site-packages/airflow/example_dags/example_python_operator.py
[2022-11-07T23:28:18.905-0300] {logging_mixin.py:117} INFO - [2022-11-07T23:28:18.905-0300] {dag.py:2573} INFO - Sync 1 DAGs
[2022-11-07T23:28:18.928-0300] {logging_mixin.py:117} INFO - [2022-11-07T23:28:18.928-0300] {dag.py:3324} INFO - Setting next_dagrun for example_python_operator to None, run_after=None
[2022-11-07T23:28:18.959-0300] {processor.py:178} INFO - Processing /home/renato/Documentos/datapipeline/.env/lib/python3.10/site-packages/airflow/example_dags/example_python_operator.py took 0.117 seconds
[2022-11-07T23:28:56.218-0300] {processor.py:156} INFO - Started process (PID=965563) to work on /home/renato/Documentos/datapipeline/.env/lib/python3.10/site-packages/airflow/example_dags/example_python_operator.py
[2022-11-07T23:28:56.221-0300] {processor.py:758} INFO - Processing file /home/renato/Documentos/datapipeline/.env/lib/python3.10/site-packages/airflow/example_dags/example_python_operator.py for tasks to queue
[2022-11-07T23:28:56.222-0300] {logging_mixin.py:117} INFO - [2022-11-07T23:28:56.222-0300] {dagbag.py:525} INFO - Filling up the DagBag from /home/renato/Documentos/datapipeline/.env/lib/python3.10/site-packages/airflow/example_dags/example_python_operator.py
[2022-11-07T23:28:56.253-0300] {logging_mixin.py:117} INFO - [2022-11-07T23:28:56.252-0300] {example_python_operator.py:85} WARNING - The virtalenv_python example task requires virtualenv, please install it.
[2022-11-07T23:28:56.263-0300] {processor.py:768} INFO - DAG(s) dict_keys(['example_python_operator']) retrieved from /home/renato/Documentos/datapipeline/.env/lib/python3.10/site-packages/airflow/example_dags/example_python_operator.py
[2022-11-07T23:28:56.288-0300] {logging_mixin.py:117} INFO - [2022-11-07T23:28:56.288-0300] {dag.py:2573} INFO - Sync 1 DAGs
[2022-11-07T23:28:56.304-0300] {logging_mixin.py:117} INFO - [2022-11-07T23:28:56.304-0300] {dag.py:3324} INFO - Setting next_dagrun for example_python_operator to None, run_after=None
[2022-11-07T23:28:56.327-0300] {processor.py:178} INFO - Processing /home/renato/Documentos/datapipeline/.env/lib/python3.10/site-packages/airflow/example_dags/example_python_operator.py took 0.114 seconds
[2022-11-07T23:29:29.999-0300] {processor.py:156} INFO - Started process (PID=965631) to work on /home/renato/Documentos/datapipeline/.env/lib/python3.10/site-packages/airflow/example_dags/example_python_operator.py
[2022-11-07T23:29:30.001-0300] {processor.py:758} INFO - Processing file /home/renato/Documentos/datapipeline/.env/lib/python3.10/site-packages/airflow/example_dags/example_python_operator.py for tasks to queue
[2022-11-07T23:29:30.002-0300] {logging_mixin.py:117} INFO - [2022-11-07T23:29:30.002-0300] {dagbag.py:525} INFO - Filling up the DagBag from /home/renato/Documentos/datapipeline/.env/lib/python3.10/site-packages/airflow/example_dags/example_python_operator.py
[2022-11-07T23:29:30.024-0300] {logging_mixin.py:117} INFO - [2022-11-07T23:29:30.024-0300] {example_python_operator.py:85} WARNING - The virtalenv_python example task requires virtualenv, please install it.
[2022-11-07T23:29:30.029-0300] {processor.py:768} INFO - DAG(s) dict_keys(['example_python_operator']) retrieved from /home/renato/Documentos/datapipeline/.env/lib/python3.10/site-packages/airflow/example_dags/example_python_operator.py
[2022-11-07T23:29:30.052-0300] {logging_mixin.py:117} INFO - [2022-11-07T23:29:30.052-0300] {dag.py:2573} INFO - Sync 1 DAGs
[2022-11-07T23:29:30.069-0300] {logging_mixin.py:117} INFO - [2022-11-07T23:29:30.069-0300] {dag.py:3324} INFO - Setting next_dagrun for example_python_operator to None, run_after=None
[2022-11-07T23:29:30.092-0300] {processor.py:178} INFO - Processing /home/renato/Documentos/datapipeline/.env/lib/python3.10/site-packages/airflow/example_dags/example_python_operator.py took 0.097 seconds
[2022-11-07T23:30:09.143-0300] {processor.py:156} INFO - Started process (PID=965710) to work on /home/renato/Documentos/datapipeline/.env/lib/python3.10/site-packages/airflow/example_dags/example_python_operator.py
[2022-11-07T23:30:09.146-0300] {processor.py:758} INFO - Processing file /home/renato/Documentos/datapipeline/.env/lib/python3.10/site-packages/airflow/example_dags/example_python_operator.py for tasks to queue
[2022-11-07T23:30:09.147-0300] {logging_mixin.py:117} INFO - [2022-11-07T23:30:09.147-0300] {dagbag.py:525} INFO - Filling up the DagBag from /home/renato/Documentos/datapipeline/.env/lib/python3.10/site-packages/airflow/example_dags/example_python_operator.py
[2022-11-07T23:30:09.174-0300] {logging_mixin.py:117} INFO - [2022-11-07T23:30:09.174-0300] {example_python_operator.py:85} WARNING - The virtalenv_python example task requires virtualenv, please install it.
[2022-11-07T23:30:09.180-0300] {processor.py:768} INFO - DAG(s) dict_keys(['example_python_operator']) retrieved from /home/renato/Documentos/datapipeline/.env/lib/python3.10/site-packages/airflow/example_dags/example_python_operator.py
[2022-11-07T23:30:09.203-0300] {logging_mixin.py:117} INFO - [2022-11-07T23:30:09.203-0300] {dag.py:2573} INFO - Sync 1 DAGs
[2022-11-07T23:30:09.220-0300] {logging_mixin.py:117} INFO - [2022-11-07T23:30:09.220-0300] {dag.py:3324} INFO - Setting next_dagrun for example_python_operator to None, run_after=None
[2022-11-07T23:30:09.243-0300] {processor.py:178} INFO - Processing /home/renato/Documentos/datapipeline/.env/lib/python3.10/site-packages/airflow/example_dags/example_python_operator.py took 0.105 seconds
[2022-11-07T23:30:45.780-0300] {processor.py:156} INFO - Started process (PID=965783) to work on /home/renato/Documentos/datapipeline/.env/lib/python3.10/site-packages/airflow/example_dags/example_python_operator.py
[2022-11-07T23:30:45.782-0300] {processor.py:758} INFO - Processing file /home/renato/Documentos/datapipeline/.env/lib/python3.10/site-packages/airflow/example_dags/example_python_operator.py for tasks to queue
[2022-11-07T23:30:45.783-0300] {logging_mixin.py:117} INFO - [2022-11-07T23:30:45.783-0300] {dagbag.py:525} INFO - Filling up the DagBag from /home/renato/Documentos/datapipeline/.env/lib/python3.10/site-packages/airflow/example_dags/example_python_operator.py
[2022-11-07T23:30:45.802-0300] {logging_mixin.py:117} INFO - [2022-11-07T23:30:45.802-0300] {example_python_operator.py:85} WARNING - The virtalenv_python example task requires virtualenv, please install it.
[2022-11-07T23:30:45.808-0300] {processor.py:768} INFO - DAG(s) dict_keys(['example_python_operator']) retrieved from /home/renato/Documentos/datapipeline/.env/lib/python3.10/site-packages/airflow/example_dags/example_python_operator.py
[2022-11-07T23:30:45.829-0300] {logging_mixin.py:117} INFO - [2022-11-07T23:30:45.829-0300] {dag.py:2573} INFO - Sync 1 DAGs
[2022-11-07T23:30:45.845-0300] {logging_mixin.py:117} INFO - [2022-11-07T23:30:45.845-0300] {dag.py:3324} INFO - Setting next_dagrun for example_python_operator to None, run_after=None
[2022-11-07T23:30:45.868-0300] {processor.py:178} INFO - Processing /home/renato/Documentos/datapipeline/.env/lib/python3.10/site-packages/airflow/example_dags/example_python_operator.py took 0.091 seconds
[2022-11-07T23:31:25.112-0300] {processor.py:156} INFO - Started process (PID=965859) to work on /home/renato/Documentos/datapipeline/.env/lib/python3.10/site-packages/airflow/example_dags/example_python_operator.py
[2022-11-07T23:31:25.115-0300] {processor.py:758} INFO - Processing file /home/renato/Documentos/datapipeline/.env/lib/python3.10/site-packages/airflow/example_dags/example_python_operator.py for tasks to queue
[2022-11-07T23:31:25.116-0300] {logging_mixin.py:117} INFO - [2022-11-07T23:31:25.116-0300] {dagbag.py:525} INFO - Filling up the DagBag from /home/renato/Documentos/datapipeline/.env/lib/python3.10/site-packages/airflow/example_dags/example_python_operator.py
[2022-11-07T23:31:25.141-0300] {logging_mixin.py:117} INFO - [2022-11-07T23:31:25.141-0300] {example_python_operator.py:85} WARNING - The virtalenv_python example task requires virtualenv, please install it.
[2022-11-07T23:31:25.148-0300] {processor.py:768} INFO - DAG(s) dict_keys(['example_python_operator']) retrieved from /home/renato/Documentos/datapipeline/.env/lib/python3.10/site-packages/airflow/example_dags/example_python_operator.py
[2022-11-07T23:31:25.175-0300] {logging_mixin.py:117} INFO - [2022-11-07T23:31:25.175-0300] {dag.py:2573} INFO - Sync 1 DAGs
[2022-11-07T23:31:25.214-0300] {logging_mixin.py:117} INFO - [2022-11-07T23:31:25.213-0300] {dag.py:3324} INFO - Setting next_dagrun for example_python_operator to None, run_after=None
[2022-11-07T23:31:25.268-0300] {processor.py:178} INFO - Processing /home/renato/Documentos/datapipeline/.env/lib/python3.10/site-packages/airflow/example_dags/example_python_operator.py took 0.162 seconds
[2022-11-07T23:32:02.937-0300] {processor.py:156} INFO - Started process (PID=965935) to work on /home/renato/Documentos/datapipeline/.env/lib/python3.10/site-packages/airflow/example_dags/example_python_operator.py
[2022-11-07T23:32:02.940-0300] {processor.py:758} INFO - Processing file /home/renato/Documentos/datapipeline/.env/lib/python3.10/site-packages/airflow/example_dags/example_python_operator.py for tasks to queue
[2022-11-07T23:32:02.941-0300] {logging_mixin.py:117} INFO - [2022-11-07T23:32:02.941-0300] {dagbag.py:525} INFO - Filling up the DagBag from /home/renato/Documentos/datapipeline/.env/lib/python3.10/site-packages/airflow/example_dags/example_python_operator.py
[2022-11-07T23:32:02.962-0300] {logging_mixin.py:117} INFO - [2022-11-07T23:32:02.961-0300] {example_python_operator.py:85} WARNING - The virtalenv_python example task requires virtualenv, please install it.
[2022-11-07T23:32:02.968-0300] {processor.py:768} INFO - DAG(s) dict_keys(['example_python_operator']) retrieved from /home/renato/Documentos/datapipeline/.env/lib/python3.10/site-packages/airflow/example_dags/example_python_operator.py
[2022-11-07T23:32:02.991-0300] {logging_mixin.py:117} INFO - [2022-11-07T23:32:02.991-0300] {dag.py:2573} INFO - Sync 1 DAGs
[2022-11-07T23:32:03.010-0300] {logging_mixin.py:117} INFO - [2022-11-07T23:32:03.010-0300] {dag.py:3324} INFO - Setting next_dagrun for example_python_operator to None, run_after=None
[2022-11-07T23:32:03.034-0300] {processor.py:178} INFO - Processing /home/renato/Documentos/datapipeline/.env/lib/python3.10/site-packages/airflow/example_dags/example_python_operator.py took 0.099 seconds
[2022-11-07T23:32:43.488-0300] {processor.py:156} INFO - Started process (PID=966146) to work on /home/renato/Documentos/datapipeline/.env/lib/python3.10/site-packages/airflow/example_dags/example_python_operator.py
[2022-11-07T23:32:43.490-0300] {processor.py:758} INFO - Processing file /home/renato/Documentos/datapipeline/.env/lib/python3.10/site-packages/airflow/example_dags/example_python_operator.py for tasks to queue
[2022-11-07T23:32:43.491-0300] {logging_mixin.py:117} INFO - [2022-11-07T23:32:43.491-0300] {dagbag.py:525} INFO - Filling up the DagBag from /home/renato/Documentos/datapipeline/.env/lib/python3.10/site-packages/airflow/example_dags/example_python_operator.py
[2022-11-07T23:32:43.508-0300] {logging_mixin.py:117} INFO - [2022-11-07T23:32:43.508-0300] {example_python_operator.py:85} WARNING - The virtalenv_python example task requires virtualenv, please install it.
[2022-11-07T23:32:43.515-0300] {processor.py:768} INFO - DAG(s) dict_keys(['example_python_operator']) retrieved from /home/renato/Documentos/datapipeline/.env/lib/python3.10/site-packages/airflow/example_dags/example_python_operator.py
[2022-11-07T23:32:43.538-0300] {logging_mixin.py:117} INFO - [2022-11-07T23:32:43.537-0300] {dag.py:2573} INFO - Sync 1 DAGs
[2022-11-07T23:32:43.557-0300] {logging_mixin.py:117} INFO - [2022-11-07T23:32:43.557-0300] {dag.py:3324} INFO - Setting next_dagrun for example_python_operator to None, run_after=None
[2022-11-07T23:32:43.581-0300] {processor.py:178} INFO - Processing /home/renato/Documentos/datapipeline/.env/lib/python3.10/site-packages/airflow/example_dags/example_python_operator.py took 0.097 seconds
[2022-11-07T23:33:19.503-0300] {processor.py:156} INFO - Started process (PID=966218) to work on /home/renato/Documentos/datapipeline/.env/lib/python3.10/site-packages/airflow/example_dags/example_python_operator.py
[2022-11-07T23:33:19.509-0300] {processor.py:758} INFO - Processing file /home/renato/Documentos/datapipeline/.env/lib/python3.10/site-packages/airflow/example_dags/example_python_operator.py for tasks to queue
[2022-11-07T23:33:19.510-0300] {logging_mixin.py:117} INFO - [2022-11-07T23:33:19.510-0300] {dagbag.py:525} INFO - Filling up the DagBag from /home/renato/Documentos/datapipeline/.env/lib/python3.10/site-packages/airflow/example_dags/example_python_operator.py
[2022-11-07T23:33:19.530-0300] {logging_mixin.py:117} INFO - [2022-11-07T23:33:19.530-0300] {example_python_operator.py:85} WARNING - The virtalenv_python example task requires virtualenv, please install it.
[2022-11-07T23:33:19.535-0300] {processor.py:768} INFO - DAG(s) dict_keys(['example_python_operator']) retrieved from /home/renato/Documentos/datapipeline/.env/lib/python3.10/site-packages/airflow/example_dags/example_python_operator.py
[2022-11-07T23:33:19.557-0300] {logging_mixin.py:117} INFO - [2022-11-07T23:33:19.556-0300] {dag.py:2573} INFO - Sync 1 DAGs
[2022-11-07T23:33:19.574-0300] {logging_mixin.py:117} INFO - [2022-11-07T23:33:19.574-0300] {dag.py:3324} INFO - Setting next_dagrun for example_python_operator to None, run_after=None
[2022-11-07T23:33:19.596-0300] {processor.py:178} INFO - Processing /home/renato/Documentos/datapipeline/.env/lib/python3.10/site-packages/airflow/example_dags/example_python_operator.py took 0.098 seconds
[2022-11-07T23:33:53.569-0300] {processor.py:156} INFO - Started process (PID=966284) to work on /home/renato/Documentos/datapipeline/.env/lib/python3.10/site-packages/airflow/example_dags/example_python_operator.py
[2022-11-07T23:33:53.570-0300] {processor.py:758} INFO - Processing file /home/renato/Documentos/datapipeline/.env/lib/python3.10/site-packages/airflow/example_dags/example_python_operator.py for tasks to queue
[2022-11-07T23:33:53.570-0300] {logging_mixin.py:117} INFO - [2022-11-07T23:33:53.570-0300] {dagbag.py:525} INFO - Filling up the DagBag from /home/renato/Documentos/datapipeline/.env/lib/python3.10/site-packages/airflow/example_dags/example_python_operator.py
[2022-11-07T23:33:53.591-0300] {logging_mixin.py:117} INFO - [2022-11-07T23:33:53.591-0300] {example_python_operator.py:85} WARNING - The virtalenv_python example task requires virtualenv, please install it.
[2022-11-07T23:33:53.597-0300] {processor.py:768} INFO - DAG(s) dict_keys(['example_python_operator']) retrieved from /home/renato/Documentos/datapipeline/.env/lib/python3.10/site-packages/airflow/example_dags/example_python_operator.py
[2022-11-07T23:33:53.618-0300] {logging_mixin.py:117} INFO - [2022-11-07T23:33:53.618-0300] {dag.py:2573} INFO - Sync 1 DAGs
[2022-11-07T23:33:53.636-0300] {logging_mixin.py:117} INFO - [2022-11-07T23:33:53.635-0300] {dag.py:3324} INFO - Setting next_dagrun for example_python_operator to None, run_after=None
[2022-11-07T23:33:53.658-0300] {processor.py:178} INFO - Processing /home/renato/Documentos/datapipeline/.env/lib/python3.10/site-packages/airflow/example_dags/example_python_operator.py took 0.092 seconds
[2022-11-07T23:34:32.056-0300] {processor.py:156} INFO - Started process (PID=966361) to work on /home/renato/Documentos/datapipeline/.env/lib/python3.10/site-packages/airflow/example_dags/example_python_operator.py
[2022-11-07T23:34:32.059-0300] {processor.py:758} INFO - Processing file /home/renato/Documentos/datapipeline/.env/lib/python3.10/site-packages/airflow/example_dags/example_python_operator.py for tasks to queue
[2022-11-07T23:34:32.061-0300] {logging_mixin.py:117} INFO - [2022-11-07T23:34:32.060-0300] {dagbag.py:525} INFO - Filling up the DagBag from /home/renato/Documentos/datapipeline/.env/lib/python3.10/site-packages/airflow/example_dags/example_python_operator.py
[2022-11-07T23:34:32.091-0300] {logging_mixin.py:117} INFO - [2022-11-07T23:34:32.091-0300] {example_python_operator.py:85} WARNING - The virtalenv_python example task requires virtualenv, please install it.
[2022-11-07T23:34:32.097-0300] {processor.py:768} INFO - DAG(s) dict_keys(['example_python_operator']) retrieved from /home/renato/Documentos/datapipeline/.env/lib/python3.10/site-packages/airflow/example_dags/example_python_operator.py
[2022-11-07T23:34:32.119-0300] {logging_mixin.py:117} INFO - [2022-11-07T23:34:32.119-0300] {dag.py:2573} INFO - Sync 1 DAGs
[2022-11-07T23:34:32.135-0300] {logging_mixin.py:117} INFO - [2022-11-07T23:34:32.135-0300] {dag.py:3324} INFO - Setting next_dagrun for example_python_operator to None, run_after=None
[2022-11-07T23:34:32.160-0300] {processor.py:178} INFO - Processing /home/renato/Documentos/datapipeline/.env/lib/python3.10/site-packages/airflow/example_dags/example_python_operator.py took 0.114 seconds
[2022-11-07T23:35:08.617-0300] {processor.py:156} INFO - Started process (PID=966435) to work on /home/renato/Documentos/datapipeline/.env/lib/python3.10/site-packages/airflow/example_dags/example_python_operator.py
[2022-11-07T23:35:08.619-0300] {processor.py:758} INFO - Processing file /home/renato/Documentos/datapipeline/.env/lib/python3.10/site-packages/airflow/example_dags/example_python_operator.py for tasks to queue
[2022-11-07T23:35:08.620-0300] {logging_mixin.py:117} INFO - [2022-11-07T23:35:08.620-0300] {dagbag.py:525} INFO - Filling up the DagBag from /home/renato/Documentos/datapipeline/.env/lib/python3.10/site-packages/airflow/example_dags/example_python_operator.py
[2022-11-07T23:35:08.638-0300] {logging_mixin.py:117} INFO - [2022-11-07T23:35:08.638-0300] {example_python_operator.py:85} WARNING - The virtalenv_python example task requires virtualenv, please install it.
[2022-11-07T23:35:08.645-0300] {processor.py:768} INFO - DAG(s) dict_keys(['example_python_operator']) retrieved from /home/renato/Documentos/datapipeline/.env/lib/python3.10/site-packages/airflow/example_dags/example_python_operator.py
[2022-11-07T23:35:08.666-0300] {logging_mixin.py:117} INFO - [2022-11-07T23:35:08.666-0300] {dag.py:2573} INFO - Sync 1 DAGs
[2022-11-07T23:35:08.682-0300] {logging_mixin.py:117} INFO - [2022-11-07T23:35:08.682-0300] {dag.py:3324} INFO - Setting next_dagrun for example_python_operator to None, run_after=None
[2022-11-07T23:35:08.704-0300] {processor.py:178} INFO - Processing /home/renato/Documentos/datapipeline/.env/lib/python3.10/site-packages/airflow/example_dags/example_python_operator.py took 0.091 seconds
[2022-11-07T23:35:48.111-0300] {processor.py:156} INFO - Started process (PID=966515) to work on /home/renato/Documentos/datapipeline/.env/lib/python3.10/site-packages/airflow/example_dags/example_python_operator.py
[2022-11-07T23:35:48.115-0300] {processor.py:758} INFO - Processing file /home/renato/Documentos/datapipeline/.env/lib/python3.10/site-packages/airflow/example_dags/example_python_operator.py for tasks to queue
[2022-11-07T23:35:48.116-0300] {logging_mixin.py:117} INFO - [2022-11-07T23:35:48.116-0300] {dagbag.py:525} INFO - Filling up the DagBag from /home/renato/Documentos/datapipeline/.env/lib/python3.10/site-packages/airflow/example_dags/example_python_operator.py
[2022-11-07T23:35:48.148-0300] {logging_mixin.py:117} INFO - [2022-11-07T23:35:48.147-0300] {example_python_operator.py:85} WARNING - The virtalenv_python example task requires virtualenv, please install it.
[2022-11-07T23:35:48.155-0300] {processor.py:768} INFO - DAG(s) dict_keys(['example_python_operator']) retrieved from /home/renato/Documentos/datapipeline/.env/lib/python3.10/site-packages/airflow/example_dags/example_python_operator.py
[2022-11-07T23:35:48.179-0300] {logging_mixin.py:117} INFO - [2022-11-07T23:35:48.178-0300] {dag.py:2573} INFO - Sync 1 DAGs
[2022-11-07T23:35:48.194-0300] {logging_mixin.py:117} INFO - [2022-11-07T23:35:48.194-0300] {dag.py:3324} INFO - Setting next_dagrun for example_python_operator to None, run_after=None
[2022-11-07T23:35:48.218-0300] {processor.py:178} INFO - Processing /home/renato/Documentos/datapipeline/.env/lib/python3.10/site-packages/airflow/example_dags/example_python_operator.py took 0.113 seconds
[2022-11-07T23:36:28.908-0300] {processor.py:156} INFO - Started process (PID=966593) to work on /home/renato/Documentos/datapipeline/.env/lib/python3.10/site-packages/airflow/example_dags/example_python_operator.py
[2022-11-07T23:36:28.911-0300] {processor.py:758} INFO - Processing file /home/renato/Documentos/datapipeline/.env/lib/python3.10/site-packages/airflow/example_dags/example_python_operator.py for tasks to queue
[2022-11-07T23:36:28.912-0300] {logging_mixin.py:117} INFO - [2022-11-07T23:36:28.911-0300] {dagbag.py:525} INFO - Filling up the DagBag from /home/renato/Documentos/datapipeline/.env/lib/python3.10/site-packages/airflow/example_dags/example_python_operator.py
[2022-11-07T23:36:28.933-0300] {logging_mixin.py:117} INFO - [2022-11-07T23:36:28.933-0300] {example_python_operator.py:85} WARNING - The virtalenv_python example task requires virtualenv, please install it.
[2022-11-07T23:36:28.938-0300] {processor.py:768} INFO - DAG(s) dict_keys(['example_python_operator']) retrieved from /home/renato/Documentos/datapipeline/.env/lib/python3.10/site-packages/airflow/example_dags/example_python_operator.py
[2022-11-07T23:36:28.959-0300] {logging_mixin.py:117} INFO - [2022-11-07T23:36:28.959-0300] {dag.py:2573} INFO - Sync 1 DAGs
[2022-11-07T23:36:28.977-0300] {logging_mixin.py:117} INFO - [2022-11-07T23:36:28.977-0300] {dag.py:3324} INFO - Setting next_dagrun for example_python_operator to None, run_after=None
[2022-11-07T23:36:29.001-0300] {processor.py:178} INFO - Processing /home/renato/Documentos/datapipeline/.env/lib/python3.10/site-packages/airflow/example_dags/example_python_operator.py took 0.096 seconds
[2022-11-07T23:37:07.367-0300] {processor.py:156} INFO - Started process (PID=966671) to work on /home/renato/Documentos/datapipeline/.env/lib/python3.10/site-packages/airflow/example_dags/example_python_operator.py
[2022-11-07T23:37:07.369-0300] {processor.py:758} INFO - Processing file /home/renato/Documentos/datapipeline/.env/lib/python3.10/site-packages/airflow/example_dags/example_python_operator.py for tasks to queue
[2022-11-07T23:37:07.371-0300] {logging_mixin.py:117} INFO - [2022-11-07T23:37:07.370-0300] {dagbag.py:525} INFO - Filling up the DagBag from /home/renato/Documentos/datapipeline/.env/lib/python3.10/site-packages/airflow/example_dags/example_python_operator.py
[2022-11-07T23:37:07.399-0300] {logging_mixin.py:117} INFO - [2022-11-07T23:37:07.399-0300] {example_python_operator.py:85} WARNING - The virtalenv_python example task requires virtualenv, please install it.
[2022-11-07T23:37:07.404-0300] {processor.py:768} INFO - DAG(s) dict_keys(['example_python_operator']) retrieved from /home/renato/Documentos/datapipeline/.env/lib/python3.10/site-packages/airflow/example_dags/example_python_operator.py
[2022-11-07T23:37:07.426-0300] {logging_mixin.py:117} INFO - [2022-11-07T23:37:07.426-0300] {dag.py:2573} INFO - Sync 1 DAGs
[2022-11-07T23:37:07.445-0300] {logging_mixin.py:117} INFO - [2022-11-07T23:37:07.445-0300] {dag.py:3324} INFO - Setting next_dagrun for example_python_operator to None, run_after=None
[2022-11-07T23:37:07.473-0300] {processor.py:178} INFO - Processing /home/renato/Documentos/datapipeline/.env/lib/python3.10/site-packages/airflow/example_dags/example_python_operator.py took 0.113 seconds
[2022-11-07T23:37:42.527-0300] {processor.py:156} INFO - Started process (PID=966871) to work on /home/renato/Documentos/datapipeline/.env/lib/python3.10/site-packages/airflow/example_dags/example_python_operator.py
[2022-11-07T23:37:42.532-0300] {processor.py:758} INFO - Processing file /home/renato/Documentos/datapipeline/.env/lib/python3.10/site-packages/airflow/example_dags/example_python_operator.py for tasks to queue
[2022-11-07T23:37:42.533-0300] {logging_mixin.py:117} INFO - [2022-11-07T23:37:42.533-0300] {dagbag.py:525} INFO - Filling up the DagBag from /home/renato/Documentos/datapipeline/.env/lib/python3.10/site-packages/airflow/example_dags/example_python_operator.py
[2022-11-07T23:37:42.550-0300] {logging_mixin.py:117} INFO - [2022-11-07T23:37:42.550-0300] {example_python_operator.py:85} WARNING - The virtalenv_python example task requires virtualenv, please install it.
[2022-11-07T23:37:42.556-0300] {processor.py:768} INFO - DAG(s) dict_keys(['example_python_operator']) retrieved from /home/renato/Documentos/datapipeline/.env/lib/python3.10/site-packages/airflow/example_dags/example_python_operator.py
[2022-11-07T23:37:42.586-0300] {logging_mixin.py:117} INFO - [2022-11-07T23:37:42.586-0300] {dag.py:2573} INFO - Sync 1 DAGs
[2022-11-07T23:37:42.607-0300] {logging_mixin.py:117} INFO - [2022-11-07T23:37:42.607-0300] {dag.py:3324} INFO - Setting next_dagrun for example_python_operator to None, run_after=None
[2022-11-07T23:37:42.634-0300] {processor.py:178} INFO - Processing /home/renato/Documentos/datapipeline/.env/lib/python3.10/site-packages/airflow/example_dags/example_python_operator.py took 0.111 seconds
[2022-11-07T23:38:18.716-0300] {processor.py:156} INFO - Started process (PID=966941) to work on /home/renato/Documentos/datapipeline/.env/lib/python3.10/site-packages/airflow/example_dags/example_python_operator.py
[2022-11-07T23:38:18.719-0300] {processor.py:758} INFO - Processing file /home/renato/Documentos/datapipeline/.env/lib/python3.10/site-packages/airflow/example_dags/example_python_operator.py for tasks to queue
[2022-11-07T23:38:18.720-0300] {logging_mixin.py:117} INFO - [2022-11-07T23:38:18.720-0300] {dagbag.py:525} INFO - Filling up the DagBag from /home/renato/Documentos/datapipeline/.env/lib/python3.10/site-packages/airflow/example_dags/example_python_operator.py
[2022-11-07T23:38:18.745-0300] {logging_mixin.py:117} INFO - [2022-11-07T23:38:18.745-0300] {example_python_operator.py:85} WARNING - The virtalenv_python example task requires virtualenv, please install it.
[2022-11-07T23:38:18.752-0300] {processor.py:768} INFO - DAG(s) dict_keys(['example_python_operator']) retrieved from /home/renato/Documentos/datapipeline/.env/lib/python3.10/site-packages/airflow/example_dags/example_python_operator.py
[2022-11-07T23:38:18.776-0300] {logging_mixin.py:117} INFO - [2022-11-07T23:38:18.775-0300] {dag.py:2573} INFO - Sync 1 DAGs
[2022-11-07T23:38:18.792-0300] {logging_mixin.py:117} INFO - [2022-11-07T23:38:18.791-0300] {dag.py:3324} INFO - Setting next_dagrun for example_python_operator to None, run_after=None
[2022-11-07T23:38:18.813-0300] {processor.py:178} INFO - Processing /home/renato/Documentos/datapipeline/.env/lib/python3.10/site-packages/airflow/example_dags/example_python_operator.py took 0.103 seconds
[2022-11-07T23:38:58.087-0300] {processor.py:156} INFO - Started process (PID=967033) to work on /home/renato/Documentos/datapipeline/.env/lib/python3.10/site-packages/airflow/example_dags/example_python_operator.py
[2022-11-07T23:38:58.089-0300] {processor.py:758} INFO - Processing file /home/renato/Documentos/datapipeline/.env/lib/python3.10/site-packages/airflow/example_dags/example_python_operator.py for tasks to queue
[2022-11-07T23:38:58.090-0300] {logging_mixin.py:117} INFO - [2022-11-07T23:38:58.090-0300] {dagbag.py:525} INFO - Filling up the DagBag from /home/renato/Documentos/datapipeline/.env/lib/python3.10/site-packages/airflow/example_dags/example_python_operator.py
[2022-11-07T23:38:58.105-0300] {logging_mixin.py:117} INFO - [2022-11-07T23:38:58.105-0300] {example_python_operator.py:85} WARNING - The virtalenv_python example task requires virtualenv, please install it.
[2022-11-07T23:38:58.111-0300] {processor.py:768} INFO - DAG(s) dict_keys(['example_python_operator']) retrieved from /home/renato/Documentos/datapipeline/.env/lib/python3.10/site-packages/airflow/example_dags/example_python_operator.py
[2022-11-07T23:38:58.136-0300] {logging_mixin.py:117} INFO - [2022-11-07T23:38:58.136-0300] {dag.py:2573} INFO - Sync 1 DAGs
[2022-11-07T23:38:58.160-0300] {logging_mixin.py:117} INFO - [2022-11-07T23:38:58.159-0300] {dag.py:3324} INFO - Setting next_dagrun for example_python_operator to None, run_after=None
[2022-11-07T23:38:58.188-0300] {processor.py:178} INFO - Processing /home/renato/Documentos/datapipeline/.env/lib/python3.10/site-packages/airflow/example_dags/example_python_operator.py took 0.104 seconds
[2022-11-07T23:39:35.840-0300] {processor.py:156} INFO - Started process (PID=967107) to work on /home/renato/Documentos/datapipeline/.env/lib/python3.10/site-packages/airflow/example_dags/example_python_operator.py
[2022-11-07T23:39:35.842-0300] {processor.py:758} INFO - Processing file /home/renato/Documentos/datapipeline/.env/lib/python3.10/site-packages/airflow/example_dags/example_python_operator.py for tasks to queue
[2022-11-07T23:39:35.843-0300] {logging_mixin.py:117} INFO - [2022-11-07T23:39:35.843-0300] {dagbag.py:525} INFO - Filling up the DagBag from /home/renato/Documentos/datapipeline/.env/lib/python3.10/site-packages/airflow/example_dags/example_python_operator.py
[2022-11-07T23:39:35.872-0300] {logging_mixin.py:117} INFO - [2022-11-07T23:39:35.872-0300] {example_python_operator.py:85} WARNING - The virtalenv_python example task requires virtualenv, please install it.
[2022-11-07T23:39:35.878-0300] {processor.py:768} INFO - DAG(s) dict_keys(['example_python_operator']) retrieved from /home/renato/Documentos/datapipeline/.env/lib/python3.10/site-packages/airflow/example_dags/example_python_operator.py
[2022-11-07T23:39:35.899-0300] {logging_mixin.py:117} INFO - [2022-11-07T23:39:35.899-0300] {dag.py:2573} INFO - Sync 1 DAGs
[2022-11-07T23:39:35.916-0300] {logging_mixin.py:117} INFO - [2022-11-07T23:39:35.916-0300] {dag.py:3324} INFO - Setting next_dagrun for example_python_operator to None, run_after=None
[2022-11-07T23:39:35.940-0300] {processor.py:178} INFO - Processing /home/renato/Documentos/datapipeline/.env/lib/python3.10/site-packages/airflow/example_dags/example_python_operator.py took 0.106 seconds
[2022-11-07T23:40:16.344-0300] {processor.py:156} INFO - Started process (PID=967191) to work on /home/renato/Documentos/datapipeline/.env/lib/python3.10/site-packages/airflow/example_dags/example_python_operator.py
[2022-11-07T23:40:16.347-0300] {processor.py:758} INFO - Processing file /home/renato/Documentos/datapipeline/.env/lib/python3.10/site-packages/airflow/example_dags/example_python_operator.py for tasks to queue
[2022-11-07T23:40:16.348-0300] {logging_mixin.py:117} INFO - [2022-11-07T23:40:16.348-0300] {dagbag.py:525} INFO - Filling up the DagBag from /home/renato/Documentos/datapipeline/.env/lib/python3.10/site-packages/airflow/example_dags/example_python_operator.py
[2022-11-07T23:40:16.374-0300] {logging_mixin.py:117} INFO - [2022-11-07T23:40:16.373-0300] {example_python_operator.py:85} WARNING - The virtalenv_python example task requires virtualenv, please install it.
[2022-11-07T23:40:16.380-0300] {processor.py:768} INFO - DAG(s) dict_keys(['example_python_operator']) retrieved from /home/renato/Documentos/datapipeline/.env/lib/python3.10/site-packages/airflow/example_dags/example_python_operator.py
[2022-11-07T23:40:16.402-0300] {logging_mixin.py:117} INFO - [2022-11-07T23:40:16.402-0300] {dag.py:2573} INFO - Sync 1 DAGs
[2022-11-07T23:40:16.419-0300] {logging_mixin.py:117} INFO - [2022-11-07T23:40:16.419-0300] {dag.py:3324} INFO - Setting next_dagrun for example_python_operator to None, run_after=None
[2022-11-07T23:40:16.442-0300] {processor.py:178} INFO - Processing /home/renato/Documentos/datapipeline/.env/lib/python3.10/site-packages/airflow/example_dags/example_python_operator.py took 0.105 seconds
[2022-11-07T23:40:55.577-0300] {processor.py:156} INFO - Started process (PID=967266) to work on /home/renato/Documentos/datapipeline/.env/lib/python3.10/site-packages/airflow/example_dags/example_python_operator.py
[2022-11-07T23:40:55.579-0300] {processor.py:758} INFO - Processing file /home/renato/Documentos/datapipeline/.env/lib/python3.10/site-packages/airflow/example_dags/example_python_operator.py for tasks to queue
[2022-11-07T23:40:55.580-0300] {logging_mixin.py:117} INFO - [2022-11-07T23:40:55.579-0300] {dagbag.py:525} INFO - Filling up the DagBag from /home/renato/Documentos/datapipeline/.env/lib/python3.10/site-packages/airflow/example_dags/example_python_operator.py
[2022-11-07T23:40:55.605-0300] {logging_mixin.py:117} INFO - [2022-11-07T23:40:55.605-0300] {example_python_operator.py:85} WARNING - The virtalenv_python example task requires virtualenv, please install it.
[2022-11-07T23:40:55.611-0300] {processor.py:768} INFO - DAG(s) dict_keys(['example_python_operator']) retrieved from /home/renato/Documentos/datapipeline/.env/lib/python3.10/site-packages/airflow/example_dags/example_python_operator.py
[2022-11-07T23:40:55.638-0300] {logging_mixin.py:117} INFO - [2022-11-07T23:40:55.638-0300] {dag.py:2573} INFO - Sync 1 DAGs
[2022-11-07T23:40:55.656-0300] {logging_mixin.py:117} INFO - [2022-11-07T23:40:55.656-0300] {dag.py:3324} INFO - Setting next_dagrun for example_python_operator to None, run_after=None
[2022-11-07T23:40:55.679-0300] {processor.py:178} INFO - Processing /home/renato/Documentos/datapipeline/.env/lib/python3.10/site-packages/airflow/example_dags/example_python_operator.py took 0.107 seconds
[2022-11-07T23:41:35.664-0300] {processor.py:156} INFO - Started process (PID=967350) to work on /home/renato/Documentos/datapipeline/.env/lib/python3.10/site-packages/airflow/example_dags/example_python_operator.py
[2022-11-07T23:41:35.667-0300] {processor.py:758} INFO - Processing file /home/renato/Documentos/datapipeline/.env/lib/python3.10/site-packages/airflow/example_dags/example_python_operator.py for tasks to queue
[2022-11-07T23:41:35.667-0300] {logging_mixin.py:117} INFO - [2022-11-07T23:41:35.667-0300] {dagbag.py:525} INFO - Filling up the DagBag from /home/renato/Documentos/datapipeline/.env/lib/python3.10/site-packages/airflow/example_dags/example_python_operator.py
[2022-11-07T23:41:35.685-0300] {logging_mixin.py:117} INFO - [2022-11-07T23:41:35.685-0300] {example_python_operator.py:85} WARNING - The virtalenv_python example task requires virtualenv, please install it.
[2022-11-07T23:41:35.691-0300] {processor.py:768} INFO - DAG(s) dict_keys(['example_python_operator']) retrieved from /home/renato/Documentos/datapipeline/.env/lib/python3.10/site-packages/airflow/example_dags/example_python_operator.py
[2022-11-07T23:41:35.716-0300] {logging_mixin.py:117} INFO - [2022-11-07T23:41:35.716-0300] {dag.py:2573} INFO - Sync 1 DAGs
[2022-11-07T23:41:35.733-0300] {logging_mixin.py:117} INFO - [2022-11-07T23:41:35.732-0300] {dag.py:3324} INFO - Setting next_dagrun for example_python_operator to None, run_after=None
[2022-11-07T23:41:35.761-0300] {processor.py:178} INFO - Processing /home/renato/Documentos/datapipeline/.env/lib/python3.10/site-packages/airflow/example_dags/example_python_operator.py took 0.100 seconds
[2022-11-07T23:42:16.366-0300] {processor.py:156} INFO - Started process (PID=967428) to work on /home/renato/Documentos/datapipeline/.env/lib/python3.10/site-packages/airflow/example_dags/example_python_operator.py
[2022-11-07T23:42:16.393-0300] {processor.py:758} INFO - Processing file /home/renato/Documentos/datapipeline/.env/lib/python3.10/site-packages/airflow/example_dags/example_python_operator.py for tasks to queue
[2022-11-07T23:42:16.394-0300] {logging_mixin.py:117} INFO - [2022-11-07T23:42:16.394-0300] {dagbag.py:525} INFO - Filling up the DagBag from /home/renato/Documentos/datapipeline/.env/lib/python3.10/site-packages/airflow/example_dags/example_python_operator.py
[2022-11-07T23:42:16.434-0300] {logging_mixin.py:117} INFO - [2022-11-07T23:42:16.434-0300] {example_python_operator.py:85} WARNING - The virtalenv_python example task requires virtualenv, please install it.
[2022-11-07T23:42:16.454-0300] {processor.py:768} INFO - DAG(s) dict_keys(['example_python_operator']) retrieved from /home/renato/Documentos/datapipeline/.env/lib/python3.10/site-packages/airflow/example_dags/example_python_operator.py
[2022-11-07T23:42:16.507-0300] {logging_mixin.py:117} INFO - [2022-11-07T23:42:16.506-0300] {dag.py:2573} INFO - Sync 1 DAGs
[2022-11-07T23:42:16.529-0300] {logging_mixin.py:117} INFO - [2022-11-07T23:42:16.529-0300] {dag.py:3324} INFO - Setting next_dagrun for example_python_operator to None, run_after=None
[2022-11-07T23:42:16.624-0300] {processor.py:178} INFO - Processing /home/renato/Documentos/datapipeline/.env/lib/python3.10/site-packages/airflow/example_dags/example_python_operator.py took 0.261 seconds
[2022-11-07T23:42:49.220-0300] {processor.py:156} INFO - Started process (PID=967621) to work on /home/renato/Documentos/datapipeline/.env/lib/python3.10/site-packages/airflow/example_dags/example_python_operator.py
[2022-11-07T23:42:49.222-0300] {processor.py:758} INFO - Processing file /home/renato/Documentos/datapipeline/.env/lib/python3.10/site-packages/airflow/example_dags/example_python_operator.py for tasks to queue
[2022-11-07T23:42:49.223-0300] {logging_mixin.py:117} INFO - [2022-11-07T23:42:49.223-0300] {dagbag.py:525} INFO - Filling up the DagBag from /home/renato/Documentos/datapipeline/.env/lib/python3.10/site-packages/airflow/example_dags/example_python_operator.py
[2022-11-07T23:42:49.256-0300] {logging_mixin.py:117} INFO - [2022-11-07T23:42:49.255-0300] {example_python_operator.py:85} WARNING - The virtalenv_python example task requires virtualenv, please install it.
[2022-11-07T23:42:49.264-0300] {processor.py:768} INFO - DAG(s) dict_keys(['example_python_operator']) retrieved from /home/renato/Documentos/datapipeline/.env/lib/python3.10/site-packages/airflow/example_dags/example_python_operator.py
[2022-11-07T23:42:49.297-0300] {logging_mixin.py:117} INFO - [2022-11-07T23:42:49.297-0300] {dag.py:2573} INFO - Sync 1 DAGs
[2022-11-07T23:42:49.322-0300] {logging_mixin.py:117} INFO - [2022-11-07T23:42:49.322-0300] {dag.py:3324} INFO - Setting next_dagrun for example_python_operator to None, run_after=None
[2022-11-07T23:42:49.350-0300] {processor.py:178} INFO - Processing /home/renato/Documentos/datapipeline/.env/lib/python3.10/site-packages/airflow/example_dags/example_python_operator.py took 0.135 seconds
[2022-11-07T23:43:25.075-0300] {processor.py:156} INFO - Started process (PID=967691) to work on /home/renato/Documentos/datapipeline/.env/lib/python3.10/site-packages/airflow/example_dags/example_python_operator.py
[2022-11-07T23:43:25.078-0300] {processor.py:758} INFO - Processing file /home/renato/Documentos/datapipeline/.env/lib/python3.10/site-packages/airflow/example_dags/example_python_operator.py for tasks to queue
[2022-11-07T23:43:25.081-0300] {logging_mixin.py:117} INFO - [2022-11-07T23:43:25.080-0300] {dagbag.py:525} INFO - Filling up the DagBag from /home/renato/Documentos/datapipeline/.env/lib/python3.10/site-packages/airflow/example_dags/example_python_operator.py
[2022-11-07T23:43:25.108-0300] {logging_mixin.py:117} INFO - [2022-11-07T23:43:25.108-0300] {example_python_operator.py:85} WARNING - The virtalenv_python example task requires virtualenv, please install it.
[2022-11-07T23:43:25.118-0300] {processor.py:768} INFO - DAG(s) dict_keys(['example_python_operator']) retrieved from /home/renato/Documentos/datapipeline/.env/lib/python3.10/site-packages/airflow/example_dags/example_python_operator.py
[2022-11-07T23:43:25.140-0300] {logging_mixin.py:117} INFO - [2022-11-07T23:43:25.140-0300] {dag.py:2573} INFO - Sync 1 DAGs
[2022-11-07T23:43:25.157-0300] {logging_mixin.py:117} INFO - [2022-11-07T23:43:25.157-0300] {dag.py:3324} INFO - Setting next_dagrun for example_python_operator to None, run_after=None
[2022-11-07T23:43:25.178-0300] {processor.py:178} INFO - Processing /home/renato/Documentos/datapipeline/.env/lib/python3.10/site-packages/airflow/example_dags/example_python_operator.py took 0.109 seconds
