[2022-11-07T23:27:29.032-0300] {processor.py:156} INFO - Started process (PID=965377) to work on /home/renato/Documentos/datapipeline/.env/lib/python3.10/site-packages/airflow/example_dags/example_branch_python_dop_operator_3.py
[2022-11-07T23:27:29.033-0300] {processor.py:758} INFO - Processing file /home/renato/Documentos/datapipeline/.env/lib/python3.10/site-packages/airflow/example_dags/example_branch_python_dop_operator_3.py for tasks to queue
[2022-11-07T23:27:29.034-0300] {logging_mixin.py:117} INFO - [2022-11-07T23:27:29.034-0300] {dagbag.py:525} INFO - Filling up the DagBag from /home/renato/Documentos/datapipeline/.env/lib/python3.10/site-packages/airflow/example_dags/example_branch_python_dop_operator_3.py
[2022-11-07T23:27:29.063-0300] {processor.py:768} INFO - DAG(s) dict_keys(['example_branch_dop_operator_v3']) retrieved from /home/renato/Documentos/datapipeline/.env/lib/python3.10/site-packages/airflow/example_dags/example_branch_python_dop_operator_3.py
[2022-11-07T23:27:29.089-0300] {logging_mixin.py:117} INFO - [2022-11-07T23:27:29.089-0300] {dag.py:2573} INFO - Sync 1 DAGs
[2022-11-07T23:27:29.120-0300] {logging_mixin.py:117} INFO - [2022-11-07T23:27:29.120-0300] {dag.py:3324} INFO - Setting next_dagrun for example_branch_dop_operator_v3 to 2022-11-08T02:26:00+00:00, run_after=2022-11-08T02:27:00+00:00
[2022-11-07T23:27:29.155-0300] {processor.py:178} INFO - Processing /home/renato/Documentos/datapipeline/.env/lib/python3.10/site-packages/airflow/example_dags/example_branch_python_dop_operator_3.py took 0.126 seconds
[2022-11-07T23:28:08.706-0300] {processor.py:156} INFO - Started process (PID=965464) to work on /home/renato/Documentos/datapipeline/.env/lib/python3.10/site-packages/airflow/example_dags/example_branch_python_dop_operator_3.py
[2022-11-07T23:28:08.708-0300] {processor.py:758} INFO - Processing file /home/renato/Documentos/datapipeline/.env/lib/python3.10/site-packages/airflow/example_dags/example_branch_python_dop_operator_3.py for tasks to queue
[2022-11-07T23:28:08.708-0300] {logging_mixin.py:117} INFO - [2022-11-07T23:28:08.708-0300] {dagbag.py:525} INFO - Filling up the DagBag from /home/renato/Documentos/datapipeline/.env/lib/python3.10/site-packages/airflow/example_dags/example_branch_python_dop_operator_3.py
[2022-11-07T23:28:08.729-0300] {processor.py:768} INFO - DAG(s) dict_keys(['example_branch_dop_operator_v3']) retrieved from /home/renato/Documentos/datapipeline/.env/lib/python3.10/site-packages/airflow/example_dags/example_branch_python_dop_operator_3.py
[2022-11-07T23:28:08.752-0300] {logging_mixin.py:117} INFO - [2022-11-07T23:28:08.752-0300] {dag.py:2573} INFO - Sync 1 DAGs
[2022-11-07T23:28:08.774-0300] {logging_mixin.py:117} INFO - [2022-11-07T23:28:08.774-0300] {dag.py:3324} INFO - Setting next_dagrun for example_branch_dop_operator_v3 to 2022-11-08T02:27:00+00:00, run_after=2022-11-08T02:28:00+00:00
[2022-11-07T23:28:08.797-0300] {processor.py:178} INFO - Processing /home/renato/Documentos/datapipeline/.env/lib/python3.10/site-packages/airflow/example_dags/example_branch_python_dop_operator_3.py took 0.094 seconds
[2022-11-07T23:28:47.517-0300] {processor.py:156} INFO - Started process (PID=965542) to work on /home/renato/Documentos/datapipeline/.env/lib/python3.10/site-packages/airflow/example_dags/example_branch_python_dop_operator_3.py
[2022-11-07T23:28:47.519-0300] {processor.py:758} INFO - Processing file /home/renato/Documentos/datapipeline/.env/lib/python3.10/site-packages/airflow/example_dags/example_branch_python_dop_operator_3.py for tasks to queue
[2022-11-07T23:28:47.520-0300] {logging_mixin.py:117} INFO - [2022-11-07T23:28:47.520-0300] {dagbag.py:525} INFO - Filling up the DagBag from /home/renato/Documentos/datapipeline/.env/lib/python3.10/site-packages/airflow/example_dags/example_branch_python_dop_operator_3.py
[2022-11-07T23:28:47.550-0300] {processor.py:768} INFO - DAG(s) dict_keys(['example_branch_dop_operator_v3']) retrieved from /home/renato/Documentos/datapipeline/.env/lib/python3.10/site-packages/airflow/example_dags/example_branch_python_dop_operator_3.py
[2022-11-07T23:28:47.571-0300] {logging_mixin.py:117} INFO - [2022-11-07T23:28:47.571-0300] {dag.py:2573} INFO - Sync 1 DAGs
[2022-11-07T23:28:47.591-0300] {logging_mixin.py:117} INFO - [2022-11-07T23:28:47.591-0300] {dag.py:3324} INFO - Setting next_dagrun for example_branch_dop_operator_v3 to 2022-11-08T02:27:00+00:00, run_after=2022-11-08T02:28:00+00:00
[2022-11-07T23:28:47.617-0300] {processor.py:178} INFO - Processing /home/renato/Documentos/datapipeline/.env/lib/python3.10/site-packages/airflow/example_dags/example_branch_python_dop_operator_3.py took 0.104 seconds
[2022-11-07T23:29:31.248-0300] {processor.py:156} INFO - Started process (PID=965633) to work on /home/renato/Documentos/datapipeline/.env/lib/python3.10/site-packages/airflow/example_dags/example_branch_python_dop_operator_3.py
[2022-11-07T23:29:31.251-0300] {processor.py:758} INFO - Processing file /home/renato/Documentos/datapipeline/.env/lib/python3.10/site-packages/airflow/example_dags/example_branch_python_dop_operator_3.py for tasks to queue
[2022-11-07T23:29:31.252-0300] {logging_mixin.py:117} INFO - [2022-11-07T23:29:31.252-0300] {dagbag.py:525} INFO - Filling up the DagBag from /home/renato/Documentos/datapipeline/.env/lib/python3.10/site-packages/airflow/example_dags/example_branch_python_dop_operator_3.py
[2022-11-07T23:29:31.278-0300] {processor.py:768} INFO - DAG(s) dict_keys(['example_branch_dop_operator_v3']) retrieved from /home/renato/Documentos/datapipeline/.env/lib/python3.10/site-packages/airflow/example_dags/example_branch_python_dop_operator_3.py
[2022-11-07T23:29:31.299-0300] {logging_mixin.py:117} INFO - [2022-11-07T23:29:31.299-0300] {dag.py:2573} INFO - Sync 1 DAGs
[2022-11-07T23:29:31.320-0300] {logging_mixin.py:117} INFO - [2022-11-07T23:29:31.319-0300] {dag.py:3324} INFO - Setting next_dagrun for example_branch_dop_operator_v3 to 2022-11-08T02:28:00+00:00, run_after=2022-11-08T02:29:00+00:00
[2022-11-07T23:29:31.342-0300] {processor.py:178} INFO - Processing /home/renato/Documentos/datapipeline/.env/lib/python3.10/site-packages/airflow/example_dags/example_branch_python_dop_operator_3.py took 0.101 seconds
[2022-11-07T23:30:09.516-0300] {processor.py:156} INFO - Started process (PID=965711) to work on /home/renato/Documentos/datapipeline/.env/lib/python3.10/site-packages/airflow/example_dags/example_branch_python_dop_operator_3.py
[2022-11-07T23:30:09.520-0300] {processor.py:758} INFO - Processing file /home/renato/Documentos/datapipeline/.env/lib/python3.10/site-packages/airflow/example_dags/example_branch_python_dop_operator_3.py for tasks to queue
[2022-11-07T23:30:09.522-0300] {logging_mixin.py:117} INFO - [2022-11-07T23:30:09.521-0300] {dagbag.py:525} INFO - Filling up the DagBag from /home/renato/Documentos/datapipeline/.env/lib/python3.10/site-packages/airflow/example_dags/example_branch_python_dop_operator_3.py
[2022-11-07T23:30:09.550-0300] {processor.py:768} INFO - DAG(s) dict_keys(['example_branch_dop_operator_v3']) retrieved from /home/renato/Documentos/datapipeline/.env/lib/python3.10/site-packages/airflow/example_dags/example_branch_python_dop_operator_3.py
[2022-11-07T23:30:09.574-0300] {logging_mixin.py:117} INFO - [2022-11-07T23:30:09.574-0300] {dag.py:2573} INFO - Sync 1 DAGs
[2022-11-07T23:30:09.598-0300] {logging_mixin.py:117} INFO - [2022-11-07T23:30:09.598-0300] {dag.py:3324} INFO - Setting next_dagrun for example_branch_dop_operator_v3 to 2022-11-08T02:29:00+00:00, run_after=2022-11-08T02:30:00+00:00
[2022-11-07T23:30:09.625-0300] {processor.py:178} INFO - Processing /home/renato/Documentos/datapipeline/.env/lib/python3.10/site-packages/airflow/example_dags/example_branch_python_dop_operator_3.py took 0.115 seconds
[2022-11-07T23:30:48.182-0300] {processor.py:156} INFO - Started process (PID=965787) to work on /home/renato/Documentos/datapipeline/.env/lib/python3.10/site-packages/airflow/example_dags/example_branch_python_dop_operator_3.py
[2022-11-07T23:30:48.184-0300] {processor.py:758} INFO - Processing file /home/renato/Documentos/datapipeline/.env/lib/python3.10/site-packages/airflow/example_dags/example_branch_python_dop_operator_3.py for tasks to queue
[2022-11-07T23:30:48.184-0300] {logging_mixin.py:117} INFO - [2022-11-07T23:30:48.184-0300] {dagbag.py:525} INFO - Filling up the DagBag from /home/renato/Documentos/datapipeline/.env/lib/python3.10/site-packages/airflow/example_dags/example_branch_python_dop_operator_3.py
[2022-11-07T23:30:48.207-0300] {processor.py:768} INFO - DAG(s) dict_keys(['example_branch_dop_operator_v3']) retrieved from /home/renato/Documentos/datapipeline/.env/lib/python3.10/site-packages/airflow/example_dags/example_branch_python_dop_operator_3.py
[2022-11-07T23:30:48.228-0300] {logging_mixin.py:117} INFO - [2022-11-07T23:30:48.228-0300] {dag.py:2573} INFO - Sync 1 DAGs
[2022-11-07T23:30:48.251-0300] {logging_mixin.py:117} INFO - [2022-11-07T23:30:48.251-0300] {dag.py:3324} INFO - Setting next_dagrun for example_branch_dop_operator_v3 to 2022-11-08T02:29:00+00:00, run_after=2022-11-08T02:30:00+00:00
[2022-11-07T23:30:48.280-0300] {processor.py:178} INFO - Processing /home/renato/Documentos/datapipeline/.env/lib/python3.10/site-packages/airflow/example_dags/example_branch_python_dop_operator_3.py took 0.101 seconds
[2022-11-07T23:31:30.051-0300] {processor.py:156} INFO - Started process (PID=965869) to work on /home/renato/Documentos/datapipeline/.env/lib/python3.10/site-packages/airflow/example_dags/example_branch_python_dop_operator_3.py
[2022-11-07T23:31:30.061-0300] {processor.py:758} INFO - Processing file /home/renato/Documentos/datapipeline/.env/lib/python3.10/site-packages/airflow/example_dags/example_branch_python_dop_operator_3.py for tasks to queue
[2022-11-07T23:31:30.062-0300] {logging_mixin.py:117} INFO - [2022-11-07T23:31:30.062-0300] {dagbag.py:525} INFO - Filling up the DagBag from /home/renato/Documentos/datapipeline/.env/lib/python3.10/site-packages/airflow/example_dags/example_branch_python_dop_operator_3.py
[2022-11-07T23:31:30.103-0300] {processor.py:768} INFO - DAG(s) dict_keys(['example_branch_dop_operator_v3']) retrieved from /home/renato/Documentos/datapipeline/.env/lib/python3.10/site-packages/airflow/example_dags/example_branch_python_dop_operator_3.py
[2022-11-07T23:31:30.144-0300] {logging_mixin.py:117} INFO - [2022-11-07T23:31:30.144-0300] {dag.py:2573} INFO - Sync 1 DAGs
[2022-11-07T23:31:30.198-0300] {logging_mixin.py:117} INFO - [2022-11-07T23:31:30.197-0300] {dag.py:3324} INFO - Setting next_dagrun for example_branch_dop_operator_v3 to 2022-11-08T02:30:00+00:00, run_after=2022-11-08T02:31:00+00:00
[2022-11-07T23:31:30.258-0300] {processor.py:178} INFO - Processing /home/renato/Documentos/datapipeline/.env/lib/python3.10/site-packages/airflow/example_dags/example_branch_python_dop_operator_3.py took 0.210 seconds
[2022-11-07T23:32:09.256-0300] {processor.py:156} INFO - Started process (PID=965950) to work on /home/renato/Documentos/datapipeline/.env/lib/python3.10/site-packages/airflow/example_dags/example_branch_python_dop_operator_3.py
[2022-11-07T23:32:09.259-0300] {processor.py:758} INFO - Processing file /home/renato/Documentos/datapipeline/.env/lib/python3.10/site-packages/airflow/example_dags/example_branch_python_dop_operator_3.py for tasks to queue
[2022-11-07T23:32:09.260-0300] {logging_mixin.py:117} INFO - [2022-11-07T23:32:09.260-0300] {dagbag.py:525} INFO - Filling up the DagBag from /home/renato/Documentos/datapipeline/.env/lib/python3.10/site-packages/airflow/example_dags/example_branch_python_dop_operator_3.py
[2022-11-07T23:32:09.294-0300] {processor.py:768} INFO - DAG(s) dict_keys(['example_branch_dop_operator_v3']) retrieved from /home/renato/Documentos/datapipeline/.env/lib/python3.10/site-packages/airflow/example_dags/example_branch_python_dop_operator_3.py
[2022-11-07T23:32:09.317-0300] {logging_mixin.py:117} INFO - [2022-11-07T23:32:09.316-0300] {dag.py:2573} INFO - Sync 1 DAGs
[2022-11-07T23:32:09.339-0300] {logging_mixin.py:117} INFO - [2022-11-07T23:32:09.339-0300] {dag.py:3324} INFO - Setting next_dagrun for example_branch_dop_operator_v3 to 2022-11-08T02:31:00+00:00, run_after=2022-11-08T02:32:00+00:00
[2022-11-07T23:32:09.362-0300] {processor.py:178} INFO - Processing /home/renato/Documentos/datapipeline/.env/lib/python3.10/site-packages/airflow/example_dags/example_branch_python_dop_operator_3.py took 0.114 seconds
[2022-11-07T23:32:50.766-0300] {processor.py:156} INFO - Started process (PID=966160) to work on /home/renato/Documentos/datapipeline/.env/lib/python3.10/site-packages/airflow/example_dags/example_branch_python_dop_operator_3.py
[2022-11-07T23:32:50.769-0300] {processor.py:758} INFO - Processing file /home/renato/Documentos/datapipeline/.env/lib/python3.10/site-packages/airflow/example_dags/example_branch_python_dop_operator_3.py for tasks to queue
[2022-11-07T23:32:50.770-0300] {logging_mixin.py:117} INFO - [2022-11-07T23:32:50.770-0300] {dagbag.py:525} INFO - Filling up the DagBag from /home/renato/Documentos/datapipeline/.env/lib/python3.10/site-packages/airflow/example_dags/example_branch_python_dop_operator_3.py
[2022-11-07T23:32:50.799-0300] {processor.py:768} INFO - DAG(s) dict_keys(['example_branch_dop_operator_v3']) retrieved from /home/renato/Documentos/datapipeline/.env/lib/python3.10/site-packages/airflow/example_dags/example_branch_python_dop_operator_3.py
[2022-11-07T23:32:50.820-0300] {logging_mixin.py:117} INFO - [2022-11-07T23:32:50.820-0300] {dag.py:2573} INFO - Sync 1 DAGs
[2022-11-07T23:32:50.841-0300] {logging_mixin.py:117} INFO - [2022-11-07T23:32:50.841-0300] {dag.py:3324} INFO - Setting next_dagrun for example_branch_dop_operator_v3 to 2022-11-08T02:31:00+00:00, run_after=2022-11-08T02:32:00+00:00
[2022-11-07T23:32:50.864-0300] {processor.py:178} INFO - Processing /home/renato/Documentos/datapipeline/.env/lib/python3.10/site-packages/airflow/example_dags/example_branch_python_dop_operator_3.py took 0.105 seconds
[2022-11-07T23:33:37.884-0300] {processor.py:156} INFO - Started process (PID=966253) to work on /home/renato/Documentos/datapipeline/.env/lib/python3.10/site-packages/airflow/example_dags/example_branch_python_dop_operator_3.py
[2022-11-07T23:33:37.889-0300] {processor.py:758} INFO - Processing file /home/renato/Documentos/datapipeline/.env/lib/python3.10/site-packages/airflow/example_dags/example_branch_python_dop_operator_3.py for tasks to queue
[2022-11-07T23:33:37.890-0300] {logging_mixin.py:117} INFO - [2022-11-07T23:33:37.890-0300] {dagbag.py:525} INFO - Filling up the DagBag from /home/renato/Documentos/datapipeline/.env/lib/python3.10/site-packages/airflow/example_dags/example_branch_python_dop_operator_3.py
[2022-11-07T23:33:37.918-0300] {processor.py:768} INFO - DAG(s) dict_keys(['example_branch_dop_operator_v3']) retrieved from /home/renato/Documentos/datapipeline/.env/lib/python3.10/site-packages/airflow/example_dags/example_branch_python_dop_operator_3.py
[2022-11-07T23:33:37.940-0300] {logging_mixin.py:117} INFO - [2022-11-07T23:33:37.939-0300] {dag.py:2573} INFO - Sync 1 DAGs
[2022-11-07T23:33:37.961-0300] {logging_mixin.py:117} INFO - [2022-11-07T23:33:37.960-0300] {dag.py:3324} INFO - Setting next_dagrun for example_branch_dop_operator_v3 to 2022-11-08T02:32:00+00:00, run_after=2022-11-08T02:33:00+00:00
[2022-11-07T23:33:37.983-0300] {processor.py:178} INFO - Processing /home/renato/Documentos/datapipeline/.env/lib/python3.10/site-packages/airflow/example_dags/example_branch_python_dop_operator_3.py took 0.104 seconds
[2022-11-07T23:34:20.446-0300] {processor.py:156} INFO - Started process (PID=966339) to work on /home/renato/Documentos/datapipeline/.env/lib/python3.10/site-packages/airflow/example_dags/example_branch_python_dop_operator_3.py
[2022-11-07T23:34:20.451-0300] {processor.py:758} INFO - Processing file /home/renato/Documentos/datapipeline/.env/lib/python3.10/site-packages/airflow/example_dags/example_branch_python_dop_operator_3.py for tasks to queue
[2022-11-07T23:34:20.452-0300] {logging_mixin.py:117} INFO - [2022-11-07T23:34:20.452-0300] {dagbag.py:525} INFO - Filling up the DagBag from /home/renato/Documentos/datapipeline/.env/lib/python3.10/site-packages/airflow/example_dags/example_branch_python_dop_operator_3.py
[2022-11-07T23:34:20.475-0300] {processor.py:768} INFO - DAG(s) dict_keys(['example_branch_dop_operator_v3']) retrieved from /home/renato/Documentos/datapipeline/.env/lib/python3.10/site-packages/airflow/example_dags/example_branch_python_dop_operator_3.py
[2022-11-07T23:34:20.496-0300] {logging_mixin.py:117} INFO - [2022-11-07T23:34:20.496-0300] {dag.py:2573} INFO - Sync 1 DAGs
[2022-11-07T23:34:20.517-0300] {logging_mixin.py:117} INFO - [2022-11-07T23:34:20.516-0300] {dag.py:3324} INFO - Setting next_dagrun for example_branch_dop_operator_v3 to 2022-11-08T02:33:00+00:00, run_after=2022-11-08T02:34:00+00:00
[2022-11-07T23:34:20.539-0300] {processor.py:178} INFO - Processing /home/renato/Documentos/datapipeline/.env/lib/python3.10/site-packages/airflow/example_dags/example_branch_python_dop_operator_3.py took 0.095 seconds
[2022-11-07T23:34:58.105-0300] {processor.py:156} INFO - Started process (PID=966413) to work on /home/renato/Documentos/datapipeline/.env/lib/python3.10/site-packages/airflow/example_dags/example_branch_python_dop_operator_3.py
[2022-11-07T23:34:58.112-0300] {processor.py:758} INFO - Processing file /home/renato/Documentos/datapipeline/.env/lib/python3.10/site-packages/airflow/example_dags/example_branch_python_dop_operator_3.py for tasks to queue
[2022-11-07T23:34:58.114-0300] {logging_mixin.py:117} INFO - [2022-11-07T23:34:58.113-0300] {dagbag.py:525} INFO - Filling up the DagBag from /home/renato/Documentos/datapipeline/.env/lib/python3.10/site-packages/airflow/example_dags/example_branch_python_dop_operator_3.py
[2022-11-07T23:34:58.147-0300] {processor.py:768} INFO - DAG(s) dict_keys(['example_branch_dop_operator_v3']) retrieved from /home/renato/Documentos/datapipeline/.env/lib/python3.10/site-packages/airflow/example_dags/example_branch_python_dop_operator_3.py
[2022-11-07T23:34:58.171-0300] {logging_mixin.py:117} INFO - [2022-11-07T23:34:58.171-0300] {dag.py:2573} INFO - Sync 1 DAGs
[2022-11-07T23:34:58.194-0300] {logging_mixin.py:117} INFO - [2022-11-07T23:34:58.193-0300] {dag.py:3324} INFO - Setting next_dagrun for example_branch_dop_operator_v3 to 2022-11-08T02:33:00+00:00, run_after=2022-11-08T02:34:00+00:00
[2022-11-07T23:34:58.218-0300] {processor.py:178} INFO - Processing /home/renato/Documentos/datapipeline/.env/lib/python3.10/site-packages/airflow/example_dags/example_branch_python_dop_operator_3.py took 0.116 seconds
[2022-11-07T23:35:35.532-0300] {processor.py:156} INFO - Started process (PID=966488) to work on /home/renato/Documentos/datapipeline/.env/lib/python3.10/site-packages/airflow/example_dags/example_branch_python_dop_operator_3.py
[2022-11-07T23:35:35.535-0300] {processor.py:758} INFO - Processing file /home/renato/Documentos/datapipeline/.env/lib/python3.10/site-packages/airflow/example_dags/example_branch_python_dop_operator_3.py for tasks to queue
[2022-11-07T23:35:35.536-0300] {logging_mixin.py:117} INFO - [2022-11-07T23:35:35.536-0300] {dagbag.py:525} INFO - Filling up the DagBag from /home/renato/Documentos/datapipeline/.env/lib/python3.10/site-packages/airflow/example_dags/example_branch_python_dop_operator_3.py
[2022-11-07T23:35:35.568-0300] {processor.py:768} INFO - DAG(s) dict_keys(['example_branch_dop_operator_v3']) retrieved from /home/renato/Documentos/datapipeline/.env/lib/python3.10/site-packages/airflow/example_dags/example_branch_python_dop_operator_3.py
[2022-11-07T23:35:35.597-0300] {logging_mixin.py:117} INFO - [2022-11-07T23:35:35.596-0300] {dag.py:2573} INFO - Sync 1 DAGs
[2022-11-07T23:35:35.617-0300] {logging_mixin.py:117} INFO - [2022-11-07T23:35:35.616-0300] {dag.py:3324} INFO - Setting next_dagrun for example_branch_dop_operator_v3 to 2022-11-08T02:34:00+00:00, run_after=2022-11-08T02:35:00+00:00
[2022-11-07T23:35:35.640-0300] {processor.py:178} INFO - Processing /home/renato/Documentos/datapipeline/.env/lib/python3.10/site-packages/airflow/example_dags/example_branch_python_dop_operator_3.py took 0.115 seconds
[2022-11-07T23:36:15.410-0300] {processor.py:156} INFO - Started process (PID=966568) to work on /home/renato/Documentos/datapipeline/.env/lib/python3.10/site-packages/airflow/example_dags/example_branch_python_dop_operator_3.py
[2022-11-07T23:36:15.413-0300] {processor.py:758} INFO - Processing file /home/renato/Documentos/datapipeline/.env/lib/python3.10/site-packages/airflow/example_dags/example_branch_python_dop_operator_3.py for tasks to queue
[2022-11-07T23:36:15.415-0300] {logging_mixin.py:117} INFO - [2022-11-07T23:36:15.414-0300] {dagbag.py:525} INFO - Filling up the DagBag from /home/renato/Documentos/datapipeline/.env/lib/python3.10/site-packages/airflow/example_dags/example_branch_python_dop_operator_3.py
[2022-11-07T23:36:15.463-0300] {processor.py:768} INFO - DAG(s) dict_keys(['example_branch_dop_operator_v3']) retrieved from /home/renato/Documentos/datapipeline/.env/lib/python3.10/site-packages/airflow/example_dags/example_branch_python_dop_operator_3.py
[2022-11-07T23:36:15.484-0300] {logging_mixin.py:117} INFO - [2022-11-07T23:36:15.484-0300] {dag.py:2573} INFO - Sync 1 DAGs
[2022-11-07T23:36:15.504-0300] {logging_mixin.py:117} INFO - [2022-11-07T23:36:15.504-0300] {dag.py:3324} INFO - Setting next_dagrun for example_branch_dop_operator_v3 to 2022-11-08T02:35:00+00:00, run_after=2022-11-08T02:36:00+00:00
[2022-11-07T23:36:15.540-0300] {processor.py:178} INFO - Processing /home/renato/Documentos/datapipeline/.env/lib/python3.10/site-packages/airflow/example_dags/example_branch_python_dop_operator_3.py took 0.135 seconds
[2022-11-07T23:36:55.709-0300] {processor.py:156} INFO - Started process (PID=966647) to work on /home/renato/Documentos/datapipeline/.env/lib/python3.10/site-packages/airflow/example_dags/example_branch_python_dop_operator_3.py
[2022-11-07T23:36:55.711-0300] {processor.py:758} INFO - Processing file /home/renato/Documentos/datapipeline/.env/lib/python3.10/site-packages/airflow/example_dags/example_branch_python_dop_operator_3.py for tasks to queue
[2022-11-07T23:36:55.712-0300] {logging_mixin.py:117} INFO - [2022-11-07T23:36:55.712-0300] {dagbag.py:525} INFO - Filling up the DagBag from /home/renato/Documentos/datapipeline/.env/lib/python3.10/site-packages/airflow/example_dags/example_branch_python_dop_operator_3.py
[2022-11-07T23:36:55.737-0300] {processor.py:768} INFO - DAG(s) dict_keys(['example_branch_dop_operator_v3']) retrieved from /home/renato/Documentos/datapipeline/.env/lib/python3.10/site-packages/airflow/example_dags/example_branch_python_dop_operator_3.py
[2022-11-07T23:36:55.756-0300] {logging_mixin.py:117} INFO - [2022-11-07T23:36:55.756-0300] {dag.py:2573} INFO - Sync 1 DAGs
[2022-11-07T23:36:55.777-0300] {logging_mixin.py:117} INFO - [2022-11-07T23:36:55.777-0300] {dag.py:3324} INFO - Setting next_dagrun for example_branch_dop_operator_v3 to 2022-11-08T02:35:00+00:00, run_after=2022-11-08T02:36:00+00:00
[2022-11-07T23:36:55.798-0300] {processor.py:178} INFO - Processing /home/renato/Documentos/datapipeline/.env/lib/python3.10/site-packages/airflow/example_dags/example_branch_python_dop_operator_3.py took 0.093 seconds
[2022-11-07T23:37:40.642-0300] {processor.py:156} INFO - Started process (PID=966866) to work on /home/renato/Documentos/datapipeline/.env/lib/python3.10/site-packages/airflow/example_dags/example_branch_python_dop_operator_3.py
[2022-11-07T23:37:40.652-0300] {processor.py:758} INFO - Processing file /home/renato/Documentos/datapipeline/.env/lib/python3.10/site-packages/airflow/example_dags/example_branch_python_dop_operator_3.py for tasks to queue
[2022-11-07T23:37:40.653-0300] {logging_mixin.py:117} INFO - [2022-11-07T23:37:40.653-0300] {dagbag.py:525} INFO - Filling up the DagBag from /home/renato/Documentos/datapipeline/.env/lib/python3.10/site-packages/airflow/example_dags/example_branch_python_dop_operator_3.py
[2022-11-07T23:37:40.679-0300] {processor.py:768} INFO - DAG(s) dict_keys(['example_branch_dop_operator_v3']) retrieved from /home/renato/Documentos/datapipeline/.env/lib/python3.10/site-packages/airflow/example_dags/example_branch_python_dop_operator_3.py
[2022-11-07T23:37:40.700-0300] {logging_mixin.py:117} INFO - [2022-11-07T23:37:40.700-0300] {dag.py:2573} INFO - Sync 1 DAGs
[2022-11-07T23:37:40.722-0300] {logging_mixin.py:117} INFO - [2022-11-07T23:37:40.721-0300] {dag.py:3324} INFO - Setting next_dagrun for example_branch_dop_operator_v3 to 2022-11-08T02:36:00+00:00, run_after=2022-11-08T02:37:00+00:00
[2022-11-07T23:37:40.763-0300] {processor.py:178} INFO - Processing /home/renato/Documentos/datapipeline/.env/lib/python3.10/site-packages/airflow/example_dags/example_branch_python_dop_operator_3.py took 0.125 seconds
[2022-11-07T23:38:25.667-0300] {processor.py:156} INFO - Started process (PID=966955) to work on /home/renato/Documentos/datapipeline/.env/lib/python3.10/site-packages/airflow/example_dags/example_branch_python_dop_operator_3.py
[2022-11-07T23:38:25.669-0300] {processor.py:758} INFO - Processing file /home/renato/Documentos/datapipeline/.env/lib/python3.10/site-packages/airflow/example_dags/example_branch_python_dop_operator_3.py for tasks to queue
[2022-11-07T23:38:25.670-0300] {logging_mixin.py:117} INFO - [2022-11-07T23:38:25.670-0300] {dagbag.py:525} INFO - Filling up the DagBag from /home/renato/Documentos/datapipeline/.env/lib/python3.10/site-packages/airflow/example_dags/example_branch_python_dop_operator_3.py
[2022-11-07T23:38:25.699-0300] {processor.py:768} INFO - DAG(s) dict_keys(['example_branch_dop_operator_v3']) retrieved from /home/renato/Documentos/datapipeline/.env/lib/python3.10/site-packages/airflow/example_dags/example_branch_python_dop_operator_3.py
[2022-11-07T23:38:25.721-0300] {logging_mixin.py:117} INFO - [2022-11-07T23:38:25.721-0300] {dag.py:2573} INFO - Sync 1 DAGs
[2022-11-07T23:38:25.742-0300] {logging_mixin.py:117} INFO - [2022-11-07T23:38:25.742-0300] {dag.py:3324} INFO - Setting next_dagrun for example_branch_dop_operator_v3 to 2022-11-08T02:37:00+00:00, run_after=2022-11-08T02:38:00+00:00
[2022-11-07T23:38:25.764-0300] {processor.py:178} INFO - Processing /home/renato/Documentos/datapipeline/.env/lib/python3.10/site-packages/airflow/example_dags/example_branch_python_dop_operator_3.py took 0.101 seconds
[2022-11-07T23:39:07.195-0300] {processor.py:156} INFO - Started process (PID=967055) to work on /home/renato/Documentos/datapipeline/.env/lib/python3.10/site-packages/airflow/example_dags/example_branch_python_dop_operator_3.py
[2022-11-07T23:39:07.199-0300] {processor.py:758} INFO - Processing file /home/renato/Documentos/datapipeline/.env/lib/python3.10/site-packages/airflow/example_dags/example_branch_python_dop_operator_3.py for tasks to queue
[2022-11-07T23:39:07.199-0300] {logging_mixin.py:117} INFO - [2022-11-07T23:39:07.199-0300] {dagbag.py:525} INFO - Filling up the DagBag from /home/renato/Documentos/datapipeline/.env/lib/python3.10/site-packages/airflow/example_dags/example_branch_python_dop_operator_3.py
[2022-11-07T23:39:07.223-0300] {processor.py:768} INFO - DAG(s) dict_keys(['example_branch_dop_operator_v3']) retrieved from /home/renato/Documentos/datapipeline/.env/lib/python3.10/site-packages/airflow/example_dags/example_branch_python_dop_operator_3.py
[2022-11-07T23:39:07.245-0300] {logging_mixin.py:117} INFO - [2022-11-07T23:39:07.244-0300] {dag.py:2573} INFO - Sync 1 DAGs
[2022-11-07T23:39:07.267-0300] {logging_mixin.py:117} INFO - [2022-11-07T23:39:07.267-0300] {dag.py:3324} INFO - Setting next_dagrun for example_branch_dop_operator_v3 to 2022-11-08T02:38:00+00:00, run_after=2022-11-08T02:39:00+00:00
[2022-11-07T23:39:07.295-0300] {processor.py:178} INFO - Processing /home/renato/Documentos/datapipeline/.env/lib/python3.10/site-packages/airflow/example_dags/example_branch_python_dop_operator_3.py took 0.103 seconds
[2022-11-07T23:40:04.384-0300] {processor.py:156} INFO - Started process (PID=967166) to work on /home/renato/Documentos/datapipeline/.env/lib/python3.10/site-packages/airflow/example_dags/example_branch_python_dop_operator_3.py
[2022-11-07T23:40:04.387-0300] {processor.py:758} INFO - Processing file /home/renato/Documentos/datapipeline/.env/lib/python3.10/site-packages/airflow/example_dags/example_branch_python_dop_operator_3.py for tasks to queue
[2022-11-07T23:40:04.389-0300] {logging_mixin.py:117} INFO - [2022-11-07T23:40:04.388-0300] {dagbag.py:525} INFO - Filling up the DagBag from /home/renato/Documentos/datapipeline/.env/lib/python3.10/site-packages/airflow/example_dags/example_branch_python_dop_operator_3.py
[2022-11-07T23:40:04.419-0300] {processor.py:768} INFO - DAG(s) dict_keys(['example_branch_dop_operator_v3']) retrieved from /home/renato/Documentos/datapipeline/.env/lib/python3.10/site-packages/airflow/example_dags/example_branch_python_dop_operator_3.py
[2022-11-07T23:40:04.443-0300] {logging_mixin.py:117} INFO - [2022-11-07T23:40:04.443-0300] {dag.py:2573} INFO - Sync 1 DAGs
[2022-11-07T23:40:04.470-0300] {logging_mixin.py:117} INFO - [2022-11-07T23:40:04.470-0300] {dag.py:3324} INFO - Setting next_dagrun for example_branch_dop_operator_v3 to 2022-11-08T02:39:00+00:00, run_after=2022-11-08T02:40:00+00:00
[2022-11-07T23:40:04.511-0300] {processor.py:178} INFO - Processing /home/renato/Documentos/datapipeline/.env/lib/python3.10/site-packages/airflow/example_dags/example_branch_python_dop_operator_3.py took 0.129 seconds
[2022-11-07T23:40:43.907-0300] {processor.py:156} INFO - Started process (PID=967243) to work on /home/renato/Documentos/datapipeline/.env/lib/python3.10/site-packages/airflow/example_dags/example_branch_python_dop_operator_3.py
[2022-11-07T23:40:43.910-0300] {processor.py:758} INFO - Processing file /home/renato/Documentos/datapipeline/.env/lib/python3.10/site-packages/airflow/example_dags/example_branch_python_dop_operator_3.py for tasks to queue
[2022-11-07T23:40:43.911-0300] {logging_mixin.py:117} INFO - [2022-11-07T23:40:43.911-0300] {dagbag.py:525} INFO - Filling up the DagBag from /home/renato/Documentos/datapipeline/.env/lib/python3.10/site-packages/airflow/example_dags/example_branch_python_dop_operator_3.py
[2022-11-07T23:40:43.943-0300] {processor.py:768} INFO - DAG(s) dict_keys(['example_branch_dop_operator_v3']) retrieved from /home/renato/Documentos/datapipeline/.env/lib/python3.10/site-packages/airflow/example_dags/example_branch_python_dop_operator_3.py
[2022-11-07T23:40:43.963-0300] {logging_mixin.py:117} INFO - [2022-11-07T23:40:43.963-0300] {dag.py:2573} INFO - Sync 1 DAGs
[2022-11-07T23:40:43.985-0300] {logging_mixin.py:117} INFO - [2022-11-07T23:40:43.985-0300] {dag.py:3324} INFO - Setting next_dagrun for example_branch_dop_operator_v3 to 2022-11-08T02:39:00+00:00, run_after=2022-11-08T02:40:00+00:00
[2022-11-07T23:40:44.007-0300] {processor.py:178} INFO - Processing /home/renato/Documentos/datapipeline/.env/lib/python3.10/site-packages/airflow/example_dags/example_branch_python_dop_operator_3.py took 0.107 seconds
[2022-11-07T23:41:28.037-0300] {processor.py:156} INFO - Started process (PID=967328) to work on /home/renato/Documentos/datapipeline/.env/lib/python3.10/site-packages/airflow/example_dags/example_branch_python_dop_operator_3.py
[2022-11-07T23:41:28.039-0300] {processor.py:758} INFO - Processing file /home/renato/Documentos/datapipeline/.env/lib/python3.10/site-packages/airflow/example_dags/example_branch_python_dop_operator_3.py for tasks to queue
[2022-11-07T23:41:28.040-0300] {logging_mixin.py:117} INFO - [2022-11-07T23:41:28.040-0300] {dagbag.py:525} INFO - Filling up the DagBag from /home/renato/Documentos/datapipeline/.env/lib/python3.10/site-packages/airflow/example_dags/example_branch_python_dop_operator_3.py
[2022-11-07T23:41:28.068-0300] {processor.py:768} INFO - DAG(s) dict_keys(['example_branch_dop_operator_v3']) retrieved from /home/renato/Documentos/datapipeline/.env/lib/python3.10/site-packages/airflow/example_dags/example_branch_python_dop_operator_3.py
[2022-11-07T23:41:28.095-0300] {logging_mixin.py:117} INFO - [2022-11-07T23:41:28.095-0300] {dag.py:2573} INFO - Sync 1 DAGs
[2022-11-07T23:41:28.124-0300] {logging_mixin.py:117} INFO - [2022-11-07T23:41:28.124-0300] {dag.py:3324} INFO - Setting next_dagrun for example_branch_dop_operator_v3 to 2022-11-08T02:40:00+00:00, run_after=2022-11-08T02:41:00+00:00
[2022-11-07T23:41:28.157-0300] {processor.py:178} INFO - Processing /home/renato/Documentos/datapipeline/.env/lib/python3.10/site-packages/airflow/example_dags/example_branch_python_dop_operator_3.py took 0.124 seconds
[2022-11-07T23:42:09.887-0300] {processor.py:156} INFO - Started process (PID=967415) to work on /home/renato/Documentos/datapipeline/.env/lib/python3.10/site-packages/airflow/example_dags/example_branch_python_dop_operator_3.py
[2022-11-07T23:42:09.889-0300] {processor.py:758} INFO - Processing file /home/renato/Documentos/datapipeline/.env/lib/python3.10/site-packages/airflow/example_dags/example_branch_python_dop_operator_3.py for tasks to queue
[2022-11-07T23:42:09.890-0300] {logging_mixin.py:117} INFO - [2022-11-07T23:42:09.889-0300] {dagbag.py:525} INFO - Filling up the DagBag from /home/renato/Documentos/datapipeline/.env/lib/python3.10/site-packages/airflow/example_dags/example_branch_python_dop_operator_3.py
[2022-11-07T23:42:09.912-0300] {processor.py:768} INFO - DAG(s) dict_keys(['example_branch_dop_operator_v3']) retrieved from /home/renato/Documentos/datapipeline/.env/lib/python3.10/site-packages/airflow/example_dags/example_branch_python_dop_operator_3.py
[2022-11-07T23:42:09.932-0300] {logging_mixin.py:117} INFO - [2022-11-07T23:42:09.932-0300] {dag.py:2573} INFO - Sync 1 DAGs
[2022-11-07T23:42:09.952-0300] {logging_mixin.py:117} INFO - [2022-11-07T23:42:09.952-0300] {dag.py:3324} INFO - Setting next_dagrun for example_branch_dop_operator_v3 to 2022-11-08T02:41:00+00:00, run_after=2022-11-08T02:42:00+00:00
[2022-11-07T23:42:09.974-0300] {processor.py:178} INFO - Processing /home/renato/Documentos/datapipeline/.env/lib/python3.10/site-packages/airflow/example_dags/example_branch_python_dop_operator_3.py took 0.089 seconds
[2022-11-07T23:42:51.787-0300] {processor.py:156} INFO - Started process (PID=967626) to work on /home/renato/Documentos/datapipeline/.env/lib/python3.10/site-packages/airflow/example_dags/example_branch_python_dop_operator_3.py
[2022-11-07T23:42:51.796-0300] {processor.py:758} INFO - Processing file /home/renato/Documentos/datapipeline/.env/lib/python3.10/site-packages/airflow/example_dags/example_branch_python_dop_operator_3.py for tasks to queue
[2022-11-07T23:42:51.797-0300] {logging_mixin.py:117} INFO - [2022-11-07T23:42:51.796-0300] {dagbag.py:525} INFO - Filling up the DagBag from /home/renato/Documentos/datapipeline/.env/lib/python3.10/site-packages/airflow/example_dags/example_branch_python_dop_operator_3.py
[2022-11-07T23:42:51.828-0300] {processor.py:768} INFO - DAG(s) dict_keys(['example_branch_dop_operator_v3']) retrieved from /home/renato/Documentos/datapipeline/.env/lib/python3.10/site-packages/airflow/example_dags/example_branch_python_dop_operator_3.py
[2022-11-07T23:42:51.850-0300] {logging_mixin.py:117} INFO - [2022-11-07T23:42:51.850-0300] {dag.py:2573} INFO - Sync 1 DAGs
[2022-11-07T23:42:51.871-0300] {logging_mixin.py:117} INFO - [2022-11-07T23:42:51.871-0300] {dag.py:3324} INFO - Setting next_dagrun for example_branch_dop_operator_v3 to 2022-11-08T02:41:00+00:00, run_after=2022-11-08T02:42:00+00:00
[2022-11-07T23:42:51.894-0300] {processor.py:178} INFO - Processing /home/renato/Documentos/datapipeline/.env/lib/python3.10/site-packages/airflow/example_dags/example_branch_python_dop_operator_3.py took 0.115 seconds
