[2022-11-07T23:27:06.778-0300] {processor.py:156} INFO - Started process (PID=965202) to work on /home/renato/Documentos/datapipeline/.env/lib/python3.10/site-packages/airflow/example_dags/example_subdag_operator.py
[2022-11-07T23:27:06.778-0300] {processor.py:758} INFO - Processing file /home/renato/Documentos/datapipeline/.env/lib/python3.10/site-packages/airflow/example_dags/example_subdag_operator.py for tasks to queue
[2022-11-07T23:27:06.779-0300] {logging_mixin.py:117} INFO - [2022-11-07T23:27:06.779-0300] {dagbag.py:525} INFO - Filling up the DagBag from /home/renato/Documentos/datapipeline/.env/lib/python3.10/site-packages/airflow/example_dags/example_subdag_operator.py
[2022-11-07T23:27:06.807-0300] {processor.py:768} INFO - DAG(s) dict_keys(['example_subdag_operator.section-1', 'example_subdag_operator.section-2', 'example_subdag_operator']) retrieved from /home/renato/Documentos/datapipeline/.env/lib/python3.10/site-packages/airflow/example_dags/example_subdag_operator.py
[2022-11-07T23:27:06.832-0300] {logging_mixin.py:117} WARNING - /home/renato/Documentos/datapipeline/.env/lib/python3.10/site-packages/airflow/plugins_manager.py:258 RemovedInAirflow3Warning: This decorator is deprecated.

In previous versions, all subclasses of BaseOperator must use apply_default decorator for the `default_args` feature to work properly.

In current version, it is optional. The decorator is applied automatically using the metaclass.
[2022-11-07T23:27:06.889-0300] {logging_mixin.py:117} INFO - [2022-11-07T23:27:06.889-0300] {dag.py:2573} INFO - Sync 3 DAGs
[2022-11-07T23:27:06.907-0300] {logging_mixin.py:117} INFO - [2022-11-07T23:27:06.907-0300] {dag.py:3324} INFO - Setting next_dagrun for example_subdag_operator to 2022-01-01T00:00:00+00:00, run_after=2022-01-01T00:00:00+00:00
[2022-11-07T23:27:06.911-0300] {logging_mixin.py:117} INFO - [2022-11-07T23:27:06.911-0300] {dag.py:3324} INFO - Setting next_dagrun for example_subdag_operator.section-1 to None, run_after=None
[2022-11-07T23:27:06.912-0300] {logging_mixin.py:117} INFO - [2022-11-07T23:27:06.912-0300] {dag.py:3324} INFO - Setting next_dagrun for example_subdag_operator.section-2 to None, run_after=None
[2022-11-07T23:27:06.918-0300] {logging_mixin.py:117} INFO - [2022-11-07T23:27:06.918-0300] {dag.py:2573} INFO - Sync 2 DAGs
[2022-11-07T23:27:06.922-0300] {logging_mixin.py:117} INFO - [2022-11-07T23:27:06.922-0300] {dag.py:3324} INFO - Setting next_dagrun for example_subdag_operator.section-1 to None, run_after=None
[2022-11-07T23:27:06.922-0300] {logging_mixin.py:117} INFO - [2022-11-07T23:27:06.922-0300] {dag.py:3324} INFO - Setting next_dagrun for example_subdag_operator.section-2 to None, run_after=None
[2022-11-07T23:27:06.945-0300] {processor.py:178} INFO - Processing /home/renato/Documentos/datapipeline/.env/lib/python3.10/site-packages/airflow/example_dags/example_subdag_operator.py took 0.170 seconds
[2022-11-07T23:27:46.095-0300] {processor.py:156} INFO - Started process (PID=965420) to work on /home/renato/Documentos/datapipeline/.env/lib/python3.10/site-packages/airflow/example_dags/example_subdag_operator.py
[2022-11-07T23:27:46.098-0300] {processor.py:758} INFO - Processing file /home/renato/Documentos/datapipeline/.env/lib/python3.10/site-packages/airflow/example_dags/example_subdag_operator.py for tasks to queue
[2022-11-07T23:27:46.099-0300] {logging_mixin.py:117} INFO - [2022-11-07T23:27:46.099-0300] {dagbag.py:525} INFO - Filling up the DagBag from /home/renato/Documentos/datapipeline/.env/lib/python3.10/site-packages/airflow/example_dags/example_subdag_operator.py
[2022-11-07T23:27:46.131-0300] {processor.py:768} INFO - DAG(s) dict_keys(['example_subdag_operator.section-1', 'example_subdag_operator.section-2', 'example_subdag_operator']) retrieved from /home/renato/Documentos/datapipeline/.env/lib/python3.10/site-packages/airflow/example_dags/example_subdag_operator.py
[2022-11-07T23:27:46.152-0300] {logging_mixin.py:117} WARNING - /home/renato/Documentos/datapipeline/.env/lib/python3.10/site-packages/airflow/plugins_manager.py:258 RemovedInAirflow3Warning: This decorator is deprecated.

In previous versions, all subclasses of BaseOperator must use apply_default decorator for the `default_args` feature to work properly.

In current version, it is optional. The decorator is applied automatically using the metaclass.
[2022-11-07T23:27:46.204-0300] {logging_mixin.py:117} INFO - [2022-11-07T23:27:46.204-0300] {dag.py:2573} INFO - Sync 3 DAGs
[2022-11-07T23:27:46.221-0300] {logging_mixin.py:117} INFO - [2022-11-07T23:27:46.220-0300] {dag.py:3324} INFO - Setting next_dagrun for example_subdag_operator to 2022-01-01T00:00:00+00:00, run_after=2022-01-01T00:00:00+00:00
[2022-11-07T23:27:46.223-0300] {logging_mixin.py:117} INFO - [2022-11-07T23:27:46.223-0300] {dag.py:3324} INFO - Setting next_dagrun for example_subdag_operator.section-1 to None, run_after=None
[2022-11-07T23:27:46.224-0300] {logging_mixin.py:117} INFO - [2022-11-07T23:27:46.224-0300] {dag.py:3324} INFO - Setting next_dagrun for example_subdag_operator.section-2 to None, run_after=None
[2022-11-07T23:27:46.229-0300] {logging_mixin.py:117} INFO - [2022-11-07T23:27:46.229-0300] {dag.py:2573} INFO - Sync 2 DAGs
[2022-11-07T23:27:46.232-0300] {logging_mixin.py:117} INFO - [2022-11-07T23:27:46.232-0300] {dag.py:3324} INFO - Setting next_dagrun for example_subdag_operator.section-1 to None, run_after=None
[2022-11-07T23:27:46.232-0300] {logging_mixin.py:117} INFO - [2022-11-07T23:27:46.232-0300] {dag.py:3324} INFO - Setting next_dagrun for example_subdag_operator.section-2 to None, run_after=None
[2022-11-07T23:27:46.251-0300] {processor.py:178} INFO - Processing /home/renato/Documentos/datapipeline/.env/lib/python3.10/site-packages/airflow/example_dags/example_subdag_operator.py took 0.165 seconds
[2022-11-07T23:28:25.240-0300] {processor.py:156} INFO - Started process (PID=965499) to work on /home/renato/Documentos/datapipeline/.env/lib/python3.10/site-packages/airflow/example_dags/example_subdag_operator.py
[2022-11-07T23:28:25.244-0300] {processor.py:758} INFO - Processing file /home/renato/Documentos/datapipeline/.env/lib/python3.10/site-packages/airflow/example_dags/example_subdag_operator.py for tasks to queue
[2022-11-07T23:28:25.245-0300] {logging_mixin.py:117} INFO - [2022-11-07T23:28:25.245-0300] {dagbag.py:525} INFO - Filling up the DagBag from /home/renato/Documentos/datapipeline/.env/lib/python3.10/site-packages/airflow/example_dags/example_subdag_operator.py
[2022-11-07T23:28:25.278-0300] {processor.py:768} INFO - DAG(s) dict_keys(['example_subdag_operator.section-1', 'example_subdag_operator.section-2', 'example_subdag_operator']) retrieved from /home/renato/Documentos/datapipeline/.env/lib/python3.10/site-packages/airflow/example_dags/example_subdag_operator.py
[2022-11-07T23:28:25.299-0300] {logging_mixin.py:117} WARNING - /home/renato/Documentos/datapipeline/.env/lib/python3.10/site-packages/airflow/plugins_manager.py:258 RemovedInAirflow3Warning: This decorator is deprecated.

In previous versions, all subclasses of BaseOperator must use apply_default decorator for the `default_args` feature to work properly.

In current version, it is optional. The decorator is applied automatically using the metaclass.
[2022-11-07T23:28:25.350-0300] {logging_mixin.py:117} INFO - [2022-11-07T23:28:25.350-0300] {dag.py:2573} INFO - Sync 3 DAGs
[2022-11-07T23:28:25.367-0300] {logging_mixin.py:117} INFO - [2022-11-07T23:28:25.367-0300] {dag.py:3324} INFO - Setting next_dagrun for example_subdag_operator to 2022-01-01T00:00:00+00:00, run_after=2022-01-01T00:00:00+00:00
[2022-11-07T23:28:25.370-0300] {logging_mixin.py:117} INFO - [2022-11-07T23:28:25.370-0300] {dag.py:3324} INFO - Setting next_dagrun for example_subdag_operator.section-1 to None, run_after=None
[2022-11-07T23:28:25.370-0300] {logging_mixin.py:117} INFO - [2022-11-07T23:28:25.370-0300] {dag.py:3324} INFO - Setting next_dagrun for example_subdag_operator.section-2 to None, run_after=None
[2022-11-07T23:28:25.375-0300] {logging_mixin.py:117} INFO - [2022-11-07T23:28:25.375-0300] {dag.py:2573} INFO - Sync 2 DAGs
[2022-11-07T23:28:25.379-0300] {logging_mixin.py:117} INFO - [2022-11-07T23:28:25.379-0300] {dag.py:3324} INFO - Setting next_dagrun for example_subdag_operator.section-1 to None, run_after=None
[2022-11-07T23:28:25.379-0300] {logging_mixin.py:117} INFO - [2022-11-07T23:28:25.379-0300] {dag.py:3324} INFO - Setting next_dagrun for example_subdag_operator.section-2 to None, run_after=None
[2022-11-07T23:28:25.398-0300] {processor.py:178} INFO - Processing /home/renato/Documentos/datapipeline/.env/lib/python3.10/site-packages/airflow/example_dags/example_subdag_operator.py took 0.163 seconds
[2022-11-07T23:29:01.946-0300] {processor.py:156} INFO - Started process (PID=965575) to work on /home/renato/Documentos/datapipeline/.env/lib/python3.10/site-packages/airflow/example_dags/example_subdag_operator.py
[2022-11-07T23:29:01.949-0300] {processor.py:758} INFO - Processing file /home/renato/Documentos/datapipeline/.env/lib/python3.10/site-packages/airflow/example_dags/example_subdag_operator.py for tasks to queue
[2022-11-07T23:29:01.951-0300] {logging_mixin.py:117} INFO - [2022-11-07T23:29:01.950-0300] {dagbag.py:525} INFO - Filling up the DagBag from /home/renato/Documentos/datapipeline/.env/lib/python3.10/site-packages/airflow/example_dags/example_subdag_operator.py
[2022-11-07T23:29:01.988-0300] {processor.py:768} INFO - DAG(s) dict_keys(['example_subdag_operator.section-1', 'example_subdag_operator.section-2', 'example_subdag_operator']) retrieved from /home/renato/Documentos/datapipeline/.env/lib/python3.10/site-packages/airflow/example_dags/example_subdag_operator.py
[2022-11-07T23:29:02.012-0300] {logging_mixin.py:117} WARNING - /home/renato/Documentos/datapipeline/.env/lib/python3.10/site-packages/airflow/plugins_manager.py:258 RemovedInAirflow3Warning: This decorator is deprecated.

In previous versions, all subclasses of BaseOperator must use apply_default decorator for the `default_args` feature to work properly.

In current version, it is optional. The decorator is applied automatically using the metaclass.
[2022-11-07T23:29:02.062-0300] {logging_mixin.py:117} INFO - [2022-11-07T23:29:02.062-0300] {dag.py:2573} INFO - Sync 3 DAGs
[2022-11-07T23:29:02.078-0300] {logging_mixin.py:117} INFO - [2022-11-07T23:29:02.078-0300] {dag.py:3324} INFO - Setting next_dagrun for example_subdag_operator to 2022-01-01T00:00:00+00:00, run_after=2022-01-01T00:00:00+00:00
[2022-11-07T23:29:02.080-0300] {logging_mixin.py:117} INFO - [2022-11-07T23:29:02.080-0300] {dag.py:3324} INFO - Setting next_dagrun for example_subdag_operator.section-1 to None, run_after=None
[2022-11-07T23:29:02.081-0300] {logging_mixin.py:117} INFO - [2022-11-07T23:29:02.081-0300] {dag.py:3324} INFO - Setting next_dagrun for example_subdag_operator.section-2 to None, run_after=None
[2022-11-07T23:29:02.086-0300] {logging_mixin.py:117} INFO - [2022-11-07T23:29:02.086-0300] {dag.py:2573} INFO - Sync 2 DAGs
[2022-11-07T23:29:02.089-0300] {logging_mixin.py:117} INFO - [2022-11-07T23:29:02.089-0300] {dag.py:3324} INFO - Setting next_dagrun for example_subdag_operator.section-1 to None, run_after=None
[2022-11-07T23:29:02.089-0300] {logging_mixin.py:117} INFO - [2022-11-07T23:29:02.089-0300] {dag.py:3324} INFO - Setting next_dagrun for example_subdag_operator.section-2 to None, run_after=None
[2022-11-07T23:29:02.107-0300] {processor.py:178} INFO - Processing /home/renato/Documentos/datapipeline/.env/lib/python3.10/site-packages/airflow/example_dags/example_subdag_operator.py took 0.167 seconds
[2022-11-07T23:29:38.155-0300] {processor.py:156} INFO - Started process (PID=965646) to work on /home/renato/Documentos/datapipeline/.env/lib/python3.10/site-packages/airflow/example_dags/example_subdag_operator.py
[2022-11-07T23:29:38.157-0300] {processor.py:758} INFO - Processing file /home/renato/Documentos/datapipeline/.env/lib/python3.10/site-packages/airflow/example_dags/example_subdag_operator.py for tasks to queue
[2022-11-07T23:29:38.158-0300] {logging_mixin.py:117} INFO - [2022-11-07T23:29:38.158-0300] {dagbag.py:525} INFO - Filling up the DagBag from /home/renato/Documentos/datapipeline/.env/lib/python3.10/site-packages/airflow/example_dags/example_subdag_operator.py
[2022-11-07T23:29:38.190-0300] {processor.py:768} INFO - DAG(s) dict_keys(['example_subdag_operator.section-1', 'example_subdag_operator.section-2', 'example_subdag_operator']) retrieved from /home/renato/Documentos/datapipeline/.env/lib/python3.10/site-packages/airflow/example_dags/example_subdag_operator.py
[2022-11-07T23:29:38.212-0300] {logging_mixin.py:117} WARNING - /home/renato/Documentos/datapipeline/.env/lib/python3.10/site-packages/airflow/plugins_manager.py:258 RemovedInAirflow3Warning: This decorator is deprecated.

In previous versions, all subclasses of BaseOperator must use apply_default decorator for the `default_args` feature to work properly.

In current version, it is optional. The decorator is applied automatically using the metaclass.
[2022-11-07T23:29:38.264-0300] {logging_mixin.py:117} INFO - [2022-11-07T23:29:38.264-0300] {dag.py:2573} INFO - Sync 3 DAGs
[2022-11-07T23:29:38.282-0300] {logging_mixin.py:117} INFO - [2022-11-07T23:29:38.282-0300] {dag.py:3324} INFO - Setting next_dagrun for example_subdag_operator to 2022-01-01T00:00:00+00:00, run_after=2022-01-01T00:00:00+00:00
[2022-11-07T23:29:38.285-0300] {logging_mixin.py:117} INFO - [2022-11-07T23:29:38.285-0300] {dag.py:3324} INFO - Setting next_dagrun for example_subdag_operator.section-1 to None, run_after=None
[2022-11-07T23:29:38.286-0300] {logging_mixin.py:117} INFO - [2022-11-07T23:29:38.285-0300] {dag.py:3324} INFO - Setting next_dagrun for example_subdag_operator.section-2 to None, run_after=None
[2022-11-07T23:29:38.290-0300] {logging_mixin.py:117} INFO - [2022-11-07T23:29:38.290-0300] {dag.py:2573} INFO - Sync 2 DAGs
[2022-11-07T23:29:38.294-0300] {logging_mixin.py:117} INFO - [2022-11-07T23:29:38.294-0300] {dag.py:3324} INFO - Setting next_dagrun for example_subdag_operator.section-1 to None, run_after=None
[2022-11-07T23:29:38.294-0300] {logging_mixin.py:117} INFO - [2022-11-07T23:29:38.294-0300] {dag.py:3324} INFO - Setting next_dagrun for example_subdag_operator.section-2 to None, run_after=None
[2022-11-07T23:29:38.313-0300] {processor.py:178} INFO - Processing /home/renato/Documentos/datapipeline/.env/lib/python3.10/site-packages/airflow/example_dags/example_subdag_operator.py took 0.162 seconds
[2022-11-07T23:30:15.925-0300] {processor.py:156} INFO - Started process (PID=965724) to work on /home/renato/Documentos/datapipeline/.env/lib/python3.10/site-packages/airflow/example_dags/example_subdag_operator.py
[2022-11-07T23:30:15.927-0300] {processor.py:758} INFO - Processing file /home/renato/Documentos/datapipeline/.env/lib/python3.10/site-packages/airflow/example_dags/example_subdag_operator.py for tasks to queue
[2022-11-07T23:30:15.928-0300] {logging_mixin.py:117} INFO - [2022-11-07T23:30:15.928-0300] {dagbag.py:525} INFO - Filling up the DagBag from /home/renato/Documentos/datapipeline/.env/lib/python3.10/site-packages/airflow/example_dags/example_subdag_operator.py
[2022-11-07T23:30:15.958-0300] {processor.py:768} INFO - DAG(s) dict_keys(['example_subdag_operator.section-1', 'example_subdag_operator.section-2', 'example_subdag_operator']) retrieved from /home/renato/Documentos/datapipeline/.env/lib/python3.10/site-packages/airflow/example_dags/example_subdag_operator.py
[2022-11-07T23:30:15.980-0300] {logging_mixin.py:117} WARNING - /home/renato/Documentos/datapipeline/.env/lib/python3.10/site-packages/airflow/plugins_manager.py:258 RemovedInAirflow3Warning: This decorator is deprecated.

In previous versions, all subclasses of BaseOperator must use apply_default decorator for the `default_args` feature to work properly.

In current version, it is optional. The decorator is applied automatically using the metaclass.
[2022-11-07T23:30:16.033-0300] {logging_mixin.py:117} INFO - [2022-11-07T23:30:16.033-0300] {dag.py:2573} INFO - Sync 3 DAGs
[2022-11-07T23:30:16.050-0300] {logging_mixin.py:117} INFO - [2022-11-07T23:30:16.050-0300] {dag.py:3324} INFO - Setting next_dagrun for example_subdag_operator to 2022-01-01T00:00:00+00:00, run_after=2022-01-01T00:00:00+00:00
[2022-11-07T23:30:16.052-0300] {logging_mixin.py:117} INFO - [2022-11-07T23:30:16.052-0300] {dag.py:3324} INFO - Setting next_dagrun for example_subdag_operator.section-1 to None, run_after=None
[2022-11-07T23:30:16.053-0300] {logging_mixin.py:117} INFO - [2022-11-07T23:30:16.053-0300] {dag.py:3324} INFO - Setting next_dagrun for example_subdag_operator.section-2 to None, run_after=None
[2022-11-07T23:30:16.060-0300] {logging_mixin.py:117} INFO - [2022-11-07T23:30:16.060-0300] {dag.py:2573} INFO - Sync 2 DAGs
[2022-11-07T23:30:16.064-0300] {logging_mixin.py:117} INFO - [2022-11-07T23:30:16.064-0300] {dag.py:3324} INFO - Setting next_dagrun for example_subdag_operator.section-1 to None, run_after=None
[2022-11-07T23:30:16.064-0300] {logging_mixin.py:117} INFO - [2022-11-07T23:30:16.064-0300] {dag.py:3324} INFO - Setting next_dagrun for example_subdag_operator.section-2 to None, run_after=None
[2022-11-07T23:30:16.082-0300] {processor.py:178} INFO - Processing /home/renato/Documentos/datapipeline/.env/lib/python3.10/site-packages/airflow/example_dags/example_subdag_operator.py took 0.161 seconds
[2022-11-07T23:30:53.458-0300] {processor.py:156} INFO - Started process (PID=965798) to work on /home/renato/Documentos/datapipeline/.env/lib/python3.10/site-packages/airflow/example_dags/example_subdag_operator.py
[2022-11-07T23:30:53.461-0300] {processor.py:758} INFO - Processing file /home/renato/Documentos/datapipeline/.env/lib/python3.10/site-packages/airflow/example_dags/example_subdag_operator.py for tasks to queue
[2022-11-07T23:30:53.462-0300] {logging_mixin.py:117} INFO - [2022-11-07T23:30:53.462-0300] {dagbag.py:525} INFO - Filling up the DagBag from /home/renato/Documentos/datapipeline/.env/lib/python3.10/site-packages/airflow/example_dags/example_subdag_operator.py
[2022-11-07T23:30:53.498-0300] {processor.py:768} INFO - DAG(s) dict_keys(['example_subdag_operator.section-1', 'example_subdag_operator.section-2', 'example_subdag_operator']) retrieved from /home/renato/Documentos/datapipeline/.env/lib/python3.10/site-packages/airflow/example_dags/example_subdag_operator.py
[2022-11-07T23:30:53.521-0300] {logging_mixin.py:117} WARNING - /home/renato/Documentos/datapipeline/.env/lib/python3.10/site-packages/airflow/plugins_manager.py:258 RemovedInAirflow3Warning: This decorator is deprecated.

In previous versions, all subclasses of BaseOperator must use apply_default decorator for the `default_args` feature to work properly.

In current version, it is optional. The decorator is applied automatically using the metaclass.
[2022-11-07T23:30:53.578-0300] {logging_mixin.py:117} INFO - [2022-11-07T23:30:53.578-0300] {dag.py:2573} INFO - Sync 3 DAGs
[2022-11-07T23:30:53.596-0300] {logging_mixin.py:117} INFO - [2022-11-07T23:30:53.596-0300] {dag.py:3324} INFO - Setting next_dagrun for example_subdag_operator to 2022-01-01T00:00:00+00:00, run_after=2022-01-01T00:00:00+00:00
[2022-11-07T23:30:53.599-0300] {logging_mixin.py:117} INFO - [2022-11-07T23:30:53.599-0300] {dag.py:3324} INFO - Setting next_dagrun for example_subdag_operator.section-1 to None, run_after=None
[2022-11-07T23:30:53.600-0300] {logging_mixin.py:117} INFO - [2022-11-07T23:30:53.600-0300] {dag.py:3324} INFO - Setting next_dagrun for example_subdag_operator.section-2 to None, run_after=None
[2022-11-07T23:30:53.607-0300] {logging_mixin.py:117} INFO - [2022-11-07T23:30:53.606-0300] {dag.py:2573} INFO - Sync 2 DAGs
[2022-11-07T23:30:53.612-0300] {logging_mixin.py:117} INFO - [2022-11-07T23:30:53.611-0300] {dag.py:3324} INFO - Setting next_dagrun for example_subdag_operator.section-1 to None, run_after=None
[2022-11-07T23:30:53.612-0300] {logging_mixin.py:117} INFO - [2022-11-07T23:30:53.612-0300] {dag.py:3324} INFO - Setting next_dagrun for example_subdag_operator.section-2 to None, run_after=None
[2022-11-07T23:30:53.633-0300] {processor.py:178} INFO - Processing /home/renato/Documentos/datapipeline/.env/lib/python3.10/site-packages/airflow/example_dags/example_subdag_operator.py took 0.183 seconds
[2022-11-07T23:31:34.490-0300] {processor.py:156} INFO - Started process (PID=965877) to work on /home/renato/Documentos/datapipeline/.env/lib/python3.10/site-packages/airflow/example_dags/example_subdag_operator.py
[2022-11-07T23:31:34.495-0300] {processor.py:758} INFO - Processing file /home/renato/Documentos/datapipeline/.env/lib/python3.10/site-packages/airflow/example_dags/example_subdag_operator.py for tasks to queue
[2022-11-07T23:31:34.496-0300] {logging_mixin.py:117} INFO - [2022-11-07T23:31:34.496-0300] {dagbag.py:525} INFO - Filling up the DagBag from /home/renato/Documentos/datapipeline/.env/lib/python3.10/site-packages/airflow/example_dags/example_subdag_operator.py
[2022-11-07T23:31:34.524-0300] {processor.py:768} INFO - DAG(s) dict_keys(['example_subdag_operator.section-1', 'example_subdag_operator.section-2', 'example_subdag_operator']) retrieved from /home/renato/Documentos/datapipeline/.env/lib/python3.10/site-packages/airflow/example_dags/example_subdag_operator.py
[2022-11-07T23:31:34.545-0300] {logging_mixin.py:117} WARNING - /home/renato/Documentos/datapipeline/.env/lib/python3.10/site-packages/airflow/plugins_manager.py:258 RemovedInAirflow3Warning: This decorator is deprecated.

In previous versions, all subclasses of BaseOperator must use apply_default decorator for the `default_args` feature to work properly.

In current version, it is optional. The decorator is applied automatically using the metaclass.
[2022-11-07T23:31:34.595-0300] {logging_mixin.py:117} INFO - [2022-11-07T23:31:34.595-0300] {dag.py:2573} INFO - Sync 3 DAGs
[2022-11-07T23:31:34.612-0300] {logging_mixin.py:117} INFO - [2022-11-07T23:31:34.612-0300] {dag.py:3324} INFO - Setting next_dagrun for example_subdag_operator to 2022-01-01T00:00:00+00:00, run_after=2022-01-01T00:00:00+00:00
[2022-11-07T23:31:34.615-0300] {logging_mixin.py:117} INFO - [2022-11-07T23:31:34.615-0300] {dag.py:3324} INFO - Setting next_dagrun for example_subdag_operator.section-1 to None, run_after=None
[2022-11-07T23:31:34.616-0300] {logging_mixin.py:117} INFO - [2022-11-07T23:31:34.616-0300] {dag.py:3324} INFO - Setting next_dagrun for example_subdag_operator.section-2 to None, run_after=None
[2022-11-07T23:31:34.621-0300] {logging_mixin.py:117} INFO - [2022-11-07T23:31:34.621-0300] {dag.py:2573} INFO - Sync 2 DAGs
[2022-11-07T23:31:34.625-0300] {logging_mixin.py:117} INFO - [2022-11-07T23:31:34.624-0300] {dag.py:3324} INFO - Setting next_dagrun for example_subdag_operator.section-1 to None, run_after=None
[2022-11-07T23:31:34.625-0300] {logging_mixin.py:117} INFO - [2022-11-07T23:31:34.625-0300] {dag.py:3324} INFO - Setting next_dagrun for example_subdag_operator.section-2 to None, run_after=None
[2022-11-07T23:31:34.646-0300] {processor.py:178} INFO - Processing /home/renato/Documentos/datapipeline/.env/lib/python3.10/site-packages/airflow/example_dags/example_subdag_operator.py took 0.159 seconds
[2022-11-07T23:32:14.318-0300] {processor.py:156} INFO - Started process (PID=965959) to work on /home/renato/Documentos/datapipeline/.env/lib/python3.10/site-packages/airflow/example_dags/example_subdag_operator.py
[2022-11-07T23:32:14.321-0300] {processor.py:758} INFO - Processing file /home/renato/Documentos/datapipeline/.env/lib/python3.10/site-packages/airflow/example_dags/example_subdag_operator.py for tasks to queue
[2022-11-07T23:32:14.321-0300] {logging_mixin.py:117} INFO - [2022-11-07T23:32:14.321-0300] {dagbag.py:525} INFO - Filling up the DagBag from /home/renato/Documentos/datapipeline/.env/lib/python3.10/site-packages/airflow/example_dags/example_subdag_operator.py
[2022-11-07T23:32:14.349-0300] {processor.py:768} INFO - DAG(s) dict_keys(['example_subdag_operator.section-1', 'example_subdag_operator.section-2', 'example_subdag_operator']) retrieved from /home/renato/Documentos/datapipeline/.env/lib/python3.10/site-packages/airflow/example_dags/example_subdag_operator.py
[2022-11-07T23:32:14.371-0300] {logging_mixin.py:117} WARNING - /home/renato/Documentos/datapipeline/.env/lib/python3.10/site-packages/airflow/plugins_manager.py:258 RemovedInAirflow3Warning: This decorator is deprecated.

In previous versions, all subclasses of BaseOperator must use apply_default decorator for the `default_args` feature to work properly.

In current version, it is optional. The decorator is applied automatically using the metaclass.
[2022-11-07T23:32:14.437-0300] {logging_mixin.py:117} INFO - [2022-11-07T23:32:14.437-0300] {dag.py:2573} INFO - Sync 3 DAGs
[2022-11-07T23:32:14.454-0300] {logging_mixin.py:117} INFO - [2022-11-07T23:32:14.454-0300] {dag.py:3324} INFO - Setting next_dagrun for example_subdag_operator to 2022-01-01T00:00:00+00:00, run_after=2022-01-01T00:00:00+00:00
[2022-11-07T23:32:14.457-0300] {logging_mixin.py:117} INFO - [2022-11-07T23:32:14.457-0300] {dag.py:3324} INFO - Setting next_dagrun for example_subdag_operator.section-1 to None, run_after=None
[2022-11-07T23:32:14.458-0300] {logging_mixin.py:117} INFO - [2022-11-07T23:32:14.458-0300] {dag.py:3324} INFO - Setting next_dagrun for example_subdag_operator.section-2 to None, run_after=None
[2022-11-07T23:32:14.463-0300] {logging_mixin.py:117} INFO - [2022-11-07T23:32:14.463-0300] {dag.py:2573} INFO - Sync 2 DAGs
[2022-11-07T23:32:14.467-0300] {logging_mixin.py:117} INFO - [2022-11-07T23:32:14.466-0300] {dag.py:3324} INFO - Setting next_dagrun for example_subdag_operator.section-1 to None, run_after=None
[2022-11-07T23:32:14.467-0300] {logging_mixin.py:117} INFO - [2022-11-07T23:32:14.467-0300] {dag.py:3324} INFO - Setting next_dagrun for example_subdag_operator.section-2 to None, run_after=None
[2022-11-07T23:32:14.487-0300] {processor.py:178} INFO - Processing /home/renato/Documentos/datapipeline/.env/lib/python3.10/site-packages/airflow/example_dags/example_subdag_operator.py took 0.171 seconds
[2022-11-07T23:32:53.673-0300] {processor.py:156} INFO - Started process (PID=966165) to work on /home/renato/Documentos/datapipeline/.env/lib/python3.10/site-packages/airflow/example_dags/example_subdag_operator.py
[2022-11-07T23:32:53.679-0300] {processor.py:758} INFO - Processing file /home/renato/Documentos/datapipeline/.env/lib/python3.10/site-packages/airflow/example_dags/example_subdag_operator.py for tasks to queue
[2022-11-07T23:32:53.680-0300] {logging_mixin.py:117} INFO - [2022-11-07T23:32:53.680-0300] {dagbag.py:525} INFO - Filling up the DagBag from /home/renato/Documentos/datapipeline/.env/lib/python3.10/site-packages/airflow/example_dags/example_subdag_operator.py
[2022-11-07T23:32:53.709-0300] {processor.py:768} INFO - DAG(s) dict_keys(['example_subdag_operator.section-1', 'example_subdag_operator.section-2', 'example_subdag_operator']) retrieved from /home/renato/Documentos/datapipeline/.env/lib/python3.10/site-packages/airflow/example_dags/example_subdag_operator.py
[2022-11-07T23:32:53.730-0300] {logging_mixin.py:117} WARNING - /home/renato/Documentos/datapipeline/.env/lib/python3.10/site-packages/airflow/plugins_manager.py:258 RemovedInAirflow3Warning: This decorator is deprecated.

In previous versions, all subclasses of BaseOperator must use apply_default decorator for the `default_args` feature to work properly.

In current version, it is optional. The decorator is applied automatically using the metaclass.
[2022-11-07T23:32:53.783-0300] {logging_mixin.py:117} INFO - [2022-11-07T23:32:53.783-0300] {dag.py:2573} INFO - Sync 3 DAGs
[2022-11-07T23:32:53.800-0300] {logging_mixin.py:117} INFO - [2022-11-07T23:32:53.800-0300] {dag.py:3324} INFO - Setting next_dagrun for example_subdag_operator to 2022-01-01T00:00:00+00:00, run_after=2022-01-01T00:00:00+00:00
[2022-11-07T23:32:53.802-0300] {logging_mixin.py:117} INFO - [2022-11-07T23:32:53.802-0300] {dag.py:3324} INFO - Setting next_dagrun for example_subdag_operator.section-1 to None, run_after=None
[2022-11-07T23:32:53.803-0300] {logging_mixin.py:117} INFO - [2022-11-07T23:32:53.803-0300] {dag.py:3324} INFO - Setting next_dagrun for example_subdag_operator.section-2 to None, run_after=None
[2022-11-07T23:32:53.808-0300] {logging_mixin.py:117} INFO - [2022-11-07T23:32:53.808-0300] {dag.py:2573} INFO - Sync 2 DAGs
[2022-11-07T23:32:53.811-0300] {logging_mixin.py:117} INFO - [2022-11-07T23:32:53.811-0300] {dag.py:3324} INFO - Setting next_dagrun for example_subdag_operator.section-1 to None, run_after=None
[2022-11-07T23:32:53.812-0300] {logging_mixin.py:117} INFO - [2022-11-07T23:32:53.812-0300] {dag.py:3324} INFO - Setting next_dagrun for example_subdag_operator.section-2 to None, run_after=None
[2022-11-07T23:32:53.830-0300] {processor.py:178} INFO - Processing /home/renato/Documentos/datapipeline/.env/lib/python3.10/site-packages/airflow/example_dags/example_subdag_operator.py took 0.162 seconds
[2022-11-07T23:33:30.889-0300] {processor.py:156} INFO - Started process (PID=966239) to work on /home/renato/Documentos/datapipeline/.env/lib/python3.10/site-packages/airflow/example_dags/example_subdag_operator.py
[2022-11-07T23:33:30.890-0300] {processor.py:758} INFO - Processing file /home/renato/Documentos/datapipeline/.env/lib/python3.10/site-packages/airflow/example_dags/example_subdag_operator.py for tasks to queue
[2022-11-07T23:33:30.891-0300] {logging_mixin.py:117} INFO - [2022-11-07T23:33:30.891-0300] {dagbag.py:525} INFO - Filling up the DagBag from /home/renato/Documentos/datapipeline/.env/lib/python3.10/site-packages/airflow/example_dags/example_subdag_operator.py
[2022-11-07T23:33:30.921-0300] {processor.py:768} INFO - DAG(s) dict_keys(['example_subdag_operator.section-1', 'example_subdag_operator.section-2', 'example_subdag_operator']) retrieved from /home/renato/Documentos/datapipeline/.env/lib/python3.10/site-packages/airflow/example_dags/example_subdag_operator.py
[2022-11-07T23:33:30.943-0300] {logging_mixin.py:117} WARNING - /home/renato/Documentos/datapipeline/.env/lib/python3.10/site-packages/airflow/plugins_manager.py:258 RemovedInAirflow3Warning: This decorator is deprecated.

In previous versions, all subclasses of BaseOperator must use apply_default decorator for the `default_args` feature to work properly.

In current version, it is optional. The decorator is applied automatically using the metaclass.
[2022-11-07T23:33:30.993-0300] {logging_mixin.py:117} INFO - [2022-11-07T23:33:30.993-0300] {dag.py:2573} INFO - Sync 3 DAGs
[2022-11-07T23:33:31.008-0300] {logging_mixin.py:117} INFO - [2022-11-07T23:33:31.008-0300] {dag.py:3324} INFO - Setting next_dagrun for example_subdag_operator to 2022-01-01T00:00:00+00:00, run_after=2022-01-01T00:00:00+00:00
[2022-11-07T23:33:31.011-0300] {logging_mixin.py:117} INFO - [2022-11-07T23:33:31.011-0300] {dag.py:3324} INFO - Setting next_dagrun for example_subdag_operator.section-1 to None, run_after=None
[2022-11-07T23:33:31.011-0300] {logging_mixin.py:117} INFO - [2022-11-07T23:33:31.011-0300] {dag.py:3324} INFO - Setting next_dagrun for example_subdag_operator.section-2 to None, run_after=None
[2022-11-07T23:33:31.016-0300] {logging_mixin.py:117} INFO - [2022-11-07T23:33:31.016-0300] {dag.py:2573} INFO - Sync 2 DAGs
[2022-11-07T23:33:31.019-0300] {logging_mixin.py:117} INFO - [2022-11-07T23:33:31.019-0300] {dag.py:3324} INFO - Setting next_dagrun for example_subdag_operator.section-1 to None, run_after=None
[2022-11-07T23:33:31.020-0300] {logging_mixin.py:117} INFO - [2022-11-07T23:33:31.020-0300] {dag.py:3324} INFO - Setting next_dagrun for example_subdag_operator.section-2 to None, run_after=None
[2022-11-07T23:33:31.036-0300] {processor.py:178} INFO - Processing /home/renato/Documentos/datapipeline/.env/lib/python3.10/site-packages/airflow/example_dags/example_subdag_operator.py took 0.151 seconds
[2022-11-07T23:34:08.505-0300] {processor.py:156} INFO - Started process (PID=966313) to work on /home/renato/Documentos/datapipeline/.env/lib/python3.10/site-packages/airflow/example_dags/example_subdag_operator.py
[2022-11-07T23:34:08.508-0300] {processor.py:758} INFO - Processing file /home/renato/Documentos/datapipeline/.env/lib/python3.10/site-packages/airflow/example_dags/example_subdag_operator.py for tasks to queue
[2022-11-07T23:34:08.508-0300] {logging_mixin.py:117} INFO - [2022-11-07T23:34:08.508-0300] {dagbag.py:525} INFO - Filling up the DagBag from /home/renato/Documentos/datapipeline/.env/lib/python3.10/site-packages/airflow/example_dags/example_subdag_operator.py
[2022-11-07T23:34:08.539-0300] {processor.py:768} INFO - DAG(s) dict_keys(['example_subdag_operator.section-1', 'example_subdag_operator.section-2', 'example_subdag_operator']) retrieved from /home/renato/Documentos/datapipeline/.env/lib/python3.10/site-packages/airflow/example_dags/example_subdag_operator.py
[2022-11-07T23:34:08.562-0300] {logging_mixin.py:117} WARNING - /home/renato/Documentos/datapipeline/.env/lib/python3.10/site-packages/airflow/plugins_manager.py:258 RemovedInAirflow3Warning: This decorator is deprecated.

In previous versions, all subclasses of BaseOperator must use apply_default decorator for the `default_args` feature to work properly.

In current version, it is optional. The decorator is applied automatically using the metaclass.
[2022-11-07T23:34:08.613-0300] {logging_mixin.py:117} INFO - [2022-11-07T23:34:08.613-0300] {dag.py:2573} INFO - Sync 3 DAGs
[2022-11-07T23:34:08.630-0300] {logging_mixin.py:117} INFO - [2022-11-07T23:34:08.630-0300] {dag.py:3324} INFO - Setting next_dagrun for example_subdag_operator to 2022-01-01T00:00:00+00:00, run_after=2022-01-01T00:00:00+00:00
[2022-11-07T23:34:08.633-0300] {logging_mixin.py:117} INFO - [2022-11-07T23:34:08.633-0300] {dag.py:3324} INFO - Setting next_dagrun for example_subdag_operator.section-1 to None, run_after=None
[2022-11-07T23:34:08.634-0300] {logging_mixin.py:117} INFO - [2022-11-07T23:34:08.634-0300] {dag.py:3324} INFO - Setting next_dagrun for example_subdag_operator.section-2 to None, run_after=None
[2022-11-07T23:34:08.639-0300] {logging_mixin.py:117} INFO - [2022-11-07T23:34:08.639-0300] {dag.py:2573} INFO - Sync 2 DAGs
[2022-11-07T23:34:08.643-0300] {logging_mixin.py:117} INFO - [2022-11-07T23:34:08.643-0300] {dag.py:3324} INFO - Setting next_dagrun for example_subdag_operator.section-1 to None, run_after=None
[2022-11-07T23:34:08.643-0300] {logging_mixin.py:117} INFO - [2022-11-07T23:34:08.643-0300] {dag.py:3324} INFO - Setting next_dagrun for example_subdag_operator.section-2 to None, run_after=None
[2022-11-07T23:34:08.663-0300] {processor.py:178} INFO - Processing /home/renato/Documentos/datapipeline/.env/lib/python3.10/site-packages/airflow/example_dags/example_subdag_operator.py took 0.164 seconds
[2022-11-07T23:34:45.401-0300] {processor.py:156} INFO - Started process (PID=966389) to work on /home/renato/Documentos/datapipeline/.env/lib/python3.10/site-packages/airflow/example_dags/example_subdag_operator.py
[2022-11-07T23:34:45.405-0300] {processor.py:758} INFO - Processing file /home/renato/Documentos/datapipeline/.env/lib/python3.10/site-packages/airflow/example_dags/example_subdag_operator.py for tasks to queue
[2022-11-07T23:34:45.406-0300] {logging_mixin.py:117} INFO - [2022-11-07T23:34:45.406-0300] {dagbag.py:525} INFO - Filling up the DagBag from /home/renato/Documentos/datapipeline/.env/lib/python3.10/site-packages/airflow/example_dags/example_subdag_operator.py
[2022-11-07T23:34:45.439-0300] {processor.py:768} INFO - DAG(s) dict_keys(['example_subdag_operator.section-1', 'example_subdag_operator.section-2', 'example_subdag_operator']) retrieved from /home/renato/Documentos/datapipeline/.env/lib/python3.10/site-packages/airflow/example_dags/example_subdag_operator.py
[2022-11-07T23:34:45.463-0300] {logging_mixin.py:117} WARNING - /home/renato/Documentos/datapipeline/.env/lib/python3.10/site-packages/airflow/plugins_manager.py:258 RemovedInAirflow3Warning: This decorator is deprecated.

In previous versions, all subclasses of BaseOperator must use apply_default decorator for the `default_args` feature to work properly.

In current version, it is optional. The decorator is applied automatically using the metaclass.
[2022-11-07T23:34:45.520-0300] {logging_mixin.py:117} INFO - [2022-11-07T23:34:45.520-0300] {dag.py:2573} INFO - Sync 3 DAGs
[2022-11-07T23:34:45.540-0300] {logging_mixin.py:117} INFO - [2022-11-07T23:34:45.540-0300] {dag.py:3324} INFO - Setting next_dagrun for example_subdag_operator to 2022-01-01T00:00:00+00:00, run_after=2022-01-01T00:00:00+00:00
[2022-11-07T23:34:45.543-0300] {logging_mixin.py:117} INFO - [2022-11-07T23:34:45.542-0300] {dag.py:3324} INFO - Setting next_dagrun for example_subdag_operator.section-1 to None, run_after=None
[2022-11-07T23:34:45.544-0300] {logging_mixin.py:117} INFO - [2022-11-07T23:34:45.543-0300] {dag.py:3324} INFO - Setting next_dagrun for example_subdag_operator.section-2 to None, run_after=None
[2022-11-07T23:34:45.548-0300] {logging_mixin.py:117} INFO - [2022-11-07T23:34:45.548-0300] {dag.py:2573} INFO - Sync 2 DAGs
[2022-11-07T23:34:45.554-0300] {logging_mixin.py:117} INFO - [2022-11-07T23:34:45.554-0300] {dag.py:3324} INFO - Setting next_dagrun for example_subdag_operator.section-1 to None, run_after=None
[2022-11-07T23:34:45.554-0300] {logging_mixin.py:117} INFO - [2022-11-07T23:34:45.554-0300] {dag.py:3324} INFO - Setting next_dagrun for example_subdag_operator.section-2 to None, run_after=None
[2022-11-07T23:34:45.574-0300] {processor.py:178} INFO - Processing /home/renato/Documentos/datapipeline/.env/lib/python3.10/site-packages/airflow/example_dags/example_subdag_operator.py took 0.183 seconds
[2022-11-07T23:35:23.147-0300] {processor.py:156} INFO - Started process (PID=966464) to work on /home/renato/Documentos/datapipeline/.env/lib/python3.10/site-packages/airflow/example_dags/example_subdag_operator.py
[2022-11-07T23:35:23.149-0300] {processor.py:758} INFO - Processing file /home/renato/Documentos/datapipeline/.env/lib/python3.10/site-packages/airflow/example_dags/example_subdag_operator.py for tasks to queue
[2022-11-07T23:35:23.149-0300] {logging_mixin.py:117} INFO - [2022-11-07T23:35:23.149-0300] {dagbag.py:525} INFO - Filling up the DagBag from /home/renato/Documentos/datapipeline/.env/lib/python3.10/site-packages/airflow/example_dags/example_subdag_operator.py
[2022-11-07T23:35:23.176-0300] {processor.py:768} INFO - DAG(s) dict_keys(['example_subdag_operator.section-1', 'example_subdag_operator.section-2', 'example_subdag_operator']) retrieved from /home/renato/Documentos/datapipeline/.env/lib/python3.10/site-packages/airflow/example_dags/example_subdag_operator.py
[2022-11-07T23:35:23.198-0300] {logging_mixin.py:117} WARNING - /home/renato/Documentos/datapipeline/.env/lib/python3.10/site-packages/airflow/plugins_manager.py:258 RemovedInAirflow3Warning: This decorator is deprecated.

In previous versions, all subclasses of BaseOperator must use apply_default decorator for the `default_args` feature to work properly.

In current version, it is optional. The decorator is applied automatically using the metaclass.
[2022-11-07T23:35:23.252-0300] {logging_mixin.py:117} INFO - [2022-11-07T23:35:23.252-0300] {dag.py:2573} INFO - Sync 3 DAGs
[2022-11-07T23:35:23.270-0300] {logging_mixin.py:117} INFO - [2022-11-07T23:35:23.269-0300] {dag.py:3324} INFO - Setting next_dagrun for example_subdag_operator to 2022-01-01T00:00:00+00:00, run_after=2022-01-01T00:00:00+00:00
[2022-11-07T23:35:23.273-0300] {logging_mixin.py:117} INFO - [2022-11-07T23:35:23.273-0300] {dag.py:3324} INFO - Setting next_dagrun for example_subdag_operator.section-1 to None, run_after=None
[2022-11-07T23:35:23.274-0300] {logging_mixin.py:117} INFO - [2022-11-07T23:35:23.274-0300] {dag.py:3324} INFO - Setting next_dagrun for example_subdag_operator.section-2 to None, run_after=None
[2022-11-07T23:35:23.281-0300] {logging_mixin.py:117} INFO - [2022-11-07T23:35:23.281-0300] {dag.py:2573} INFO - Sync 2 DAGs
[2022-11-07T23:35:23.285-0300] {logging_mixin.py:117} INFO - [2022-11-07T23:35:23.285-0300] {dag.py:3324} INFO - Setting next_dagrun for example_subdag_operator.section-1 to None, run_after=None
[2022-11-07T23:35:23.285-0300] {logging_mixin.py:117} INFO - [2022-11-07T23:35:23.285-0300] {dag.py:3324} INFO - Setting next_dagrun for example_subdag_operator.section-2 to None, run_after=None
[2022-11-07T23:35:23.305-0300] {processor.py:178} INFO - Processing /home/renato/Documentos/datapipeline/.env/lib/python3.10/site-packages/airflow/example_dags/example_subdag_operator.py took 0.161 seconds
[2022-11-07T23:35:58.352-0300] {processor.py:156} INFO - Started process (PID=966534) to work on /home/renato/Documentos/datapipeline/.env/lib/python3.10/site-packages/airflow/example_dags/example_subdag_operator.py
[2022-11-07T23:35:58.355-0300] {processor.py:758} INFO - Processing file /home/renato/Documentos/datapipeline/.env/lib/python3.10/site-packages/airflow/example_dags/example_subdag_operator.py for tasks to queue
[2022-11-07T23:35:58.356-0300] {logging_mixin.py:117} INFO - [2022-11-07T23:35:58.356-0300] {dagbag.py:525} INFO - Filling up the DagBag from /home/renato/Documentos/datapipeline/.env/lib/python3.10/site-packages/airflow/example_dags/example_subdag_operator.py
[2022-11-07T23:35:58.384-0300] {processor.py:768} INFO - DAG(s) dict_keys(['example_subdag_operator.section-1', 'example_subdag_operator.section-2', 'example_subdag_operator']) retrieved from /home/renato/Documentos/datapipeline/.env/lib/python3.10/site-packages/airflow/example_dags/example_subdag_operator.py
[2022-11-07T23:35:58.405-0300] {logging_mixin.py:117} WARNING - /home/renato/Documentos/datapipeline/.env/lib/python3.10/site-packages/airflow/plugins_manager.py:258 RemovedInAirflow3Warning: This decorator is deprecated.

In previous versions, all subclasses of BaseOperator must use apply_default decorator for the `default_args` feature to work properly.

In current version, it is optional. The decorator is applied automatically using the metaclass.
[2022-11-07T23:35:58.455-0300] {logging_mixin.py:117} INFO - [2022-11-07T23:35:58.455-0300] {dag.py:2573} INFO - Sync 3 DAGs
[2022-11-07T23:35:58.472-0300] {logging_mixin.py:117} INFO - [2022-11-07T23:35:58.472-0300] {dag.py:3324} INFO - Setting next_dagrun for example_subdag_operator to 2022-01-01T00:00:00+00:00, run_after=2022-01-01T00:00:00+00:00
[2022-11-07T23:35:58.474-0300] {logging_mixin.py:117} INFO - [2022-11-07T23:35:58.474-0300] {dag.py:3324} INFO - Setting next_dagrun for example_subdag_operator.section-1 to None, run_after=None
[2022-11-07T23:35:58.475-0300] {logging_mixin.py:117} INFO - [2022-11-07T23:35:58.475-0300] {dag.py:3324} INFO - Setting next_dagrun for example_subdag_operator.section-2 to None, run_after=None
[2022-11-07T23:35:58.480-0300] {logging_mixin.py:117} INFO - [2022-11-07T23:35:58.480-0300] {dag.py:2573} INFO - Sync 2 DAGs
[2022-11-07T23:35:58.483-0300] {logging_mixin.py:117} INFO - [2022-11-07T23:35:58.483-0300] {dag.py:3324} INFO - Setting next_dagrun for example_subdag_operator.section-1 to None, run_after=None
[2022-11-07T23:35:58.484-0300] {logging_mixin.py:117} INFO - [2022-11-07T23:35:58.484-0300] {dag.py:3324} INFO - Setting next_dagrun for example_subdag_operator.section-2 to None, run_after=None
[2022-11-07T23:35:58.501-0300] {processor.py:178} INFO - Processing /home/renato/Documentos/datapipeline/.env/lib/python3.10/site-packages/airflow/example_dags/example_subdag_operator.py took 0.155 seconds
[2022-11-07T23:36:38.028-0300] {processor.py:156} INFO - Started process (PID=966611) to work on /home/renato/Documentos/datapipeline/.env/lib/python3.10/site-packages/airflow/example_dags/example_subdag_operator.py
[2022-11-07T23:36:38.030-0300] {processor.py:758} INFO - Processing file /home/renato/Documentos/datapipeline/.env/lib/python3.10/site-packages/airflow/example_dags/example_subdag_operator.py for tasks to queue
[2022-11-07T23:36:38.032-0300] {logging_mixin.py:117} INFO - [2022-11-07T23:36:38.031-0300] {dagbag.py:525} INFO - Filling up the DagBag from /home/renato/Documentos/datapipeline/.env/lib/python3.10/site-packages/airflow/example_dags/example_subdag_operator.py
[2022-11-07T23:36:38.069-0300] {processor.py:768} INFO - DAG(s) dict_keys(['example_subdag_operator.section-1', 'example_subdag_operator.section-2', 'example_subdag_operator']) retrieved from /home/renato/Documentos/datapipeline/.env/lib/python3.10/site-packages/airflow/example_dags/example_subdag_operator.py
[2022-11-07T23:36:38.091-0300] {logging_mixin.py:117} WARNING - /home/renato/Documentos/datapipeline/.env/lib/python3.10/site-packages/airflow/plugins_manager.py:258 RemovedInAirflow3Warning: This decorator is deprecated.

In previous versions, all subclasses of BaseOperator must use apply_default decorator for the `default_args` feature to work properly.

In current version, it is optional. The decorator is applied automatically using the metaclass.
[2022-11-07T23:36:38.143-0300] {logging_mixin.py:117} INFO - [2022-11-07T23:36:38.143-0300] {dag.py:2573} INFO - Sync 3 DAGs
[2022-11-07T23:36:38.158-0300] {logging_mixin.py:117} INFO - [2022-11-07T23:36:38.158-0300] {dag.py:3324} INFO - Setting next_dagrun for example_subdag_operator to 2022-01-01T00:00:00+00:00, run_after=2022-01-01T00:00:00+00:00
[2022-11-07T23:36:38.161-0300] {logging_mixin.py:117} INFO - [2022-11-07T23:36:38.161-0300] {dag.py:3324} INFO - Setting next_dagrun for example_subdag_operator.section-1 to None, run_after=None
[2022-11-07T23:36:38.161-0300] {logging_mixin.py:117} INFO - [2022-11-07T23:36:38.161-0300] {dag.py:3324} INFO - Setting next_dagrun for example_subdag_operator.section-2 to None, run_after=None
[2022-11-07T23:36:38.166-0300] {logging_mixin.py:117} INFO - [2022-11-07T23:36:38.166-0300] {dag.py:2573} INFO - Sync 2 DAGs
[2022-11-07T23:36:38.170-0300] {logging_mixin.py:117} INFO - [2022-11-07T23:36:38.169-0300] {dag.py:3324} INFO - Setting next_dagrun for example_subdag_operator.section-1 to None, run_after=None
[2022-11-07T23:36:38.170-0300] {logging_mixin.py:117} INFO - [2022-11-07T23:36:38.170-0300] {dag.py:3324} INFO - Setting next_dagrun for example_subdag_operator.section-2 to None, run_after=None
[2022-11-07T23:36:38.186-0300] {processor.py:178} INFO - Processing /home/renato/Documentos/datapipeline/.env/lib/python3.10/site-packages/airflow/example_dags/example_subdag_operator.py took 0.164 seconds
[2022-11-07T23:37:15.104-0300] {processor.py:156} INFO - Started process (PID=966687) to work on /home/renato/Documentos/datapipeline/.env/lib/python3.10/site-packages/airflow/example_dags/example_subdag_operator.py
[2022-11-07T23:37:15.106-0300] {processor.py:758} INFO - Processing file /home/renato/Documentos/datapipeline/.env/lib/python3.10/site-packages/airflow/example_dags/example_subdag_operator.py for tasks to queue
[2022-11-07T23:37:15.106-0300] {logging_mixin.py:117} INFO - [2022-11-07T23:37:15.106-0300] {dagbag.py:525} INFO - Filling up the DagBag from /home/renato/Documentos/datapipeline/.env/lib/python3.10/site-packages/airflow/example_dags/example_subdag_operator.py
[2022-11-07T23:37:15.134-0300] {processor.py:768} INFO - DAG(s) dict_keys(['example_subdag_operator.section-1', 'example_subdag_operator.section-2', 'example_subdag_operator']) retrieved from /home/renato/Documentos/datapipeline/.env/lib/python3.10/site-packages/airflow/example_dags/example_subdag_operator.py
[2022-11-07T23:37:15.157-0300] {logging_mixin.py:117} WARNING - /home/renato/Documentos/datapipeline/.env/lib/python3.10/site-packages/airflow/plugins_manager.py:258 RemovedInAirflow3Warning: This decorator is deprecated.

In previous versions, all subclasses of BaseOperator must use apply_default decorator for the `default_args` feature to work properly.

In current version, it is optional. The decorator is applied automatically using the metaclass.
[2022-11-07T23:37:15.214-0300] {logging_mixin.py:117} INFO - [2022-11-07T23:37:15.214-0300] {dag.py:2573} INFO - Sync 3 DAGs
[2022-11-07T23:37:15.231-0300] {logging_mixin.py:117} INFO - [2022-11-07T23:37:15.231-0300] {dag.py:3324} INFO - Setting next_dagrun for example_subdag_operator to 2022-01-01T00:00:00+00:00, run_after=2022-01-01T00:00:00+00:00
[2022-11-07T23:37:15.234-0300] {logging_mixin.py:117} INFO - [2022-11-07T23:37:15.234-0300] {dag.py:3324} INFO - Setting next_dagrun for example_subdag_operator.section-1 to None, run_after=None
[2022-11-07T23:37:15.234-0300] {logging_mixin.py:117} INFO - [2022-11-07T23:37:15.234-0300] {dag.py:3324} INFO - Setting next_dagrun for example_subdag_operator.section-2 to None, run_after=None
[2022-11-07T23:37:15.240-0300] {logging_mixin.py:117} INFO - [2022-11-07T23:37:15.239-0300] {dag.py:2573} INFO - Sync 2 DAGs
[2022-11-07T23:37:15.244-0300] {logging_mixin.py:117} INFO - [2022-11-07T23:37:15.244-0300] {dag.py:3324} INFO - Setting next_dagrun for example_subdag_operator.section-1 to None, run_after=None
[2022-11-07T23:37:15.244-0300] {logging_mixin.py:117} INFO - [2022-11-07T23:37:15.244-0300] {dag.py:3324} INFO - Setting next_dagrun for example_subdag_operator.section-2 to None, run_after=None
[2022-11-07T23:37:15.265-0300] {processor.py:178} INFO - Processing /home/renato/Documentos/datapipeline/.env/lib/python3.10/site-packages/airflow/example_dags/example_subdag_operator.py took 0.164 seconds
[2022-11-07T23:37:51.222-0300] {processor.py:156} INFO - Started process (PID=966888) to work on /home/renato/Documentos/datapipeline/.env/lib/python3.10/site-packages/airflow/example_dags/example_subdag_operator.py
[2022-11-07T23:37:51.225-0300] {processor.py:758} INFO - Processing file /home/renato/Documentos/datapipeline/.env/lib/python3.10/site-packages/airflow/example_dags/example_subdag_operator.py for tasks to queue
[2022-11-07T23:37:51.226-0300] {logging_mixin.py:117} INFO - [2022-11-07T23:37:51.226-0300] {dagbag.py:525} INFO - Filling up the DagBag from /home/renato/Documentos/datapipeline/.env/lib/python3.10/site-packages/airflow/example_dags/example_subdag_operator.py
[2022-11-07T23:37:51.261-0300] {processor.py:768} INFO - DAG(s) dict_keys(['example_subdag_operator.section-1', 'example_subdag_operator.section-2', 'example_subdag_operator']) retrieved from /home/renato/Documentos/datapipeline/.env/lib/python3.10/site-packages/airflow/example_dags/example_subdag_operator.py
[2022-11-07T23:37:51.284-0300] {logging_mixin.py:117} WARNING - /home/renato/Documentos/datapipeline/.env/lib/python3.10/site-packages/airflow/plugins_manager.py:258 RemovedInAirflow3Warning: This decorator is deprecated.

In previous versions, all subclasses of BaseOperator must use apply_default decorator for the `default_args` feature to work properly.

In current version, it is optional. The decorator is applied automatically using the metaclass.
[2022-11-07T23:37:51.337-0300] {logging_mixin.py:117} INFO - [2022-11-07T23:37:51.337-0300] {dag.py:2573} INFO - Sync 3 DAGs
[2022-11-07T23:37:51.352-0300] {logging_mixin.py:117} INFO - [2022-11-07T23:37:51.352-0300] {dag.py:3324} INFO - Setting next_dagrun for example_subdag_operator to 2022-01-01T00:00:00+00:00, run_after=2022-01-01T00:00:00+00:00
[2022-11-07T23:37:51.355-0300] {logging_mixin.py:117} INFO - [2022-11-07T23:37:51.355-0300] {dag.py:3324} INFO - Setting next_dagrun for example_subdag_operator.section-1 to None, run_after=None
[2022-11-07T23:37:51.356-0300] {logging_mixin.py:117} INFO - [2022-11-07T23:37:51.356-0300] {dag.py:3324} INFO - Setting next_dagrun for example_subdag_operator.section-2 to None, run_after=None
[2022-11-07T23:37:51.360-0300] {logging_mixin.py:117} INFO - [2022-11-07T23:37:51.360-0300] {dag.py:2573} INFO - Sync 2 DAGs
[2022-11-07T23:37:51.364-0300] {logging_mixin.py:117} INFO - [2022-11-07T23:37:51.364-0300] {dag.py:3324} INFO - Setting next_dagrun for example_subdag_operator.section-1 to None, run_after=None
[2022-11-07T23:37:51.364-0300] {logging_mixin.py:117} INFO - [2022-11-07T23:37:51.364-0300] {dag.py:3324} INFO - Setting next_dagrun for example_subdag_operator.section-2 to None, run_after=None
[2022-11-07T23:37:51.383-0300] {processor.py:178} INFO - Processing /home/renato/Documentos/datapipeline/.env/lib/python3.10/site-packages/airflow/example_dags/example_subdag_operator.py took 0.165 seconds
[2022-11-07T23:38:26.928-0300] {processor.py:156} INFO - Started process (PID=966957) to work on /home/renato/Documentos/datapipeline/.env/lib/python3.10/site-packages/airflow/example_dags/example_subdag_operator.py
[2022-11-07T23:38:26.931-0300] {processor.py:758} INFO - Processing file /home/renato/Documentos/datapipeline/.env/lib/python3.10/site-packages/airflow/example_dags/example_subdag_operator.py for tasks to queue
[2022-11-07T23:38:26.931-0300] {logging_mixin.py:117} INFO - [2022-11-07T23:38:26.931-0300] {dagbag.py:525} INFO - Filling up the DagBag from /home/renato/Documentos/datapipeline/.env/lib/python3.10/site-packages/airflow/example_dags/example_subdag_operator.py
[2022-11-07T23:38:26.963-0300] {processor.py:768} INFO - DAG(s) dict_keys(['example_subdag_operator.section-1', 'example_subdag_operator.section-2', 'example_subdag_operator']) retrieved from /home/renato/Documentos/datapipeline/.env/lib/python3.10/site-packages/airflow/example_dags/example_subdag_operator.py
[2022-11-07T23:38:26.985-0300] {logging_mixin.py:117} WARNING - /home/renato/Documentos/datapipeline/.env/lib/python3.10/site-packages/airflow/plugins_manager.py:258 RemovedInAirflow3Warning: This decorator is deprecated.

In previous versions, all subclasses of BaseOperator must use apply_default decorator for the `default_args` feature to work properly.

In current version, it is optional. The decorator is applied automatically using the metaclass.
[2022-11-07T23:38:27.036-0300] {logging_mixin.py:117} INFO - [2022-11-07T23:38:27.036-0300] {dag.py:2573} INFO - Sync 3 DAGs
[2022-11-07T23:38:27.053-0300] {logging_mixin.py:117} INFO - [2022-11-07T23:38:27.053-0300] {dag.py:3324} INFO - Setting next_dagrun for example_subdag_operator to 2022-01-01T00:00:00+00:00, run_after=2022-01-01T00:00:00+00:00
[2022-11-07T23:38:27.056-0300] {logging_mixin.py:117} INFO - [2022-11-07T23:38:27.055-0300] {dag.py:3324} INFO - Setting next_dagrun for example_subdag_operator.section-1 to None, run_after=None
[2022-11-07T23:38:27.056-0300] {logging_mixin.py:117} INFO - [2022-11-07T23:38:27.056-0300] {dag.py:3324} INFO - Setting next_dagrun for example_subdag_operator.section-2 to None, run_after=None
[2022-11-07T23:38:27.061-0300] {logging_mixin.py:117} INFO - [2022-11-07T23:38:27.061-0300] {dag.py:2573} INFO - Sync 2 DAGs
[2022-11-07T23:38:27.065-0300] {logging_mixin.py:117} INFO - [2022-11-07T23:38:27.065-0300] {dag.py:3324} INFO - Setting next_dagrun for example_subdag_operator.section-1 to None, run_after=None
[2022-11-07T23:38:27.065-0300] {logging_mixin.py:117} INFO - [2022-11-07T23:38:27.065-0300] {dag.py:3324} INFO - Setting next_dagrun for example_subdag_operator.section-2 to None, run_after=None
[2022-11-07T23:38:27.083-0300] {processor.py:178} INFO - Processing /home/renato/Documentos/datapipeline/.env/lib/python3.10/site-packages/airflow/example_dags/example_subdag_operator.py took 0.159 seconds
[2022-11-07T23:39:02.093-0300] {processor.py:156} INFO - Started process (PID=967046) to work on /home/renato/Documentos/datapipeline/.env/lib/python3.10/site-packages/airflow/example_dags/example_subdag_operator.py
[2022-11-07T23:39:02.099-0300] {processor.py:758} INFO - Processing file /home/renato/Documentos/datapipeline/.env/lib/python3.10/site-packages/airflow/example_dags/example_subdag_operator.py for tasks to queue
[2022-11-07T23:39:02.100-0300] {logging_mixin.py:117} INFO - [2022-11-07T23:39:02.100-0300] {dagbag.py:525} INFO - Filling up the DagBag from /home/renato/Documentos/datapipeline/.env/lib/python3.10/site-packages/airflow/example_dags/example_subdag_operator.py
[2022-11-07T23:39:02.132-0300] {processor.py:768} INFO - DAG(s) dict_keys(['example_subdag_operator.section-1', 'example_subdag_operator.section-2', 'example_subdag_operator']) retrieved from /home/renato/Documentos/datapipeline/.env/lib/python3.10/site-packages/airflow/example_dags/example_subdag_operator.py
[2022-11-07T23:39:02.162-0300] {logging_mixin.py:117} WARNING - /home/renato/Documentos/datapipeline/.env/lib/python3.10/site-packages/airflow/plugins_manager.py:258 RemovedInAirflow3Warning: This decorator is deprecated.

In previous versions, all subclasses of BaseOperator must use apply_default decorator for the `default_args` feature to work properly.

In current version, it is optional. The decorator is applied automatically using the metaclass.
[2022-11-07T23:39:02.218-0300] {logging_mixin.py:117} INFO - [2022-11-07T23:39:02.218-0300] {dag.py:2573} INFO - Sync 3 DAGs
[2022-11-07T23:39:02.238-0300] {logging_mixin.py:117} INFO - [2022-11-07T23:39:02.238-0300] {dag.py:3324} INFO - Setting next_dagrun for example_subdag_operator to 2022-01-01T00:00:00+00:00, run_after=2022-01-01T00:00:00+00:00
[2022-11-07T23:39:02.241-0300] {logging_mixin.py:117} INFO - [2022-11-07T23:39:02.241-0300] {dag.py:3324} INFO - Setting next_dagrun for example_subdag_operator.section-1 to None, run_after=None
[2022-11-07T23:39:02.242-0300] {logging_mixin.py:117} INFO - [2022-11-07T23:39:02.242-0300] {dag.py:3324} INFO - Setting next_dagrun for example_subdag_operator.section-2 to None, run_after=None
[2022-11-07T23:39:02.248-0300] {logging_mixin.py:117} INFO - [2022-11-07T23:39:02.248-0300] {dag.py:2573} INFO - Sync 2 DAGs
[2022-11-07T23:39:02.255-0300] {logging_mixin.py:117} INFO - [2022-11-07T23:39:02.254-0300] {dag.py:3324} INFO - Setting next_dagrun for example_subdag_operator.section-1 to None, run_after=None
[2022-11-07T23:39:02.255-0300] {logging_mixin.py:117} INFO - [2022-11-07T23:39:02.255-0300] {dag.py:3324} INFO - Setting next_dagrun for example_subdag_operator.section-2 to None, run_after=None
[2022-11-07T23:39:02.277-0300] {processor.py:178} INFO - Processing /home/renato/Documentos/datapipeline/.env/lib/python3.10/site-packages/airflow/example_dags/example_subdag_operator.py took 0.188 seconds
[2022-11-07T23:39:40.855-0300] {processor.py:156} INFO - Started process (PID=967116) to work on /home/renato/Documentos/datapipeline/.env/lib/python3.10/site-packages/airflow/example_dags/example_subdag_operator.py
[2022-11-07T23:39:40.858-0300] {processor.py:758} INFO - Processing file /home/renato/Documentos/datapipeline/.env/lib/python3.10/site-packages/airflow/example_dags/example_subdag_operator.py for tasks to queue
[2022-11-07T23:39:40.859-0300] {logging_mixin.py:117} INFO - [2022-11-07T23:39:40.859-0300] {dagbag.py:525} INFO - Filling up the DagBag from /home/renato/Documentos/datapipeline/.env/lib/python3.10/site-packages/airflow/example_dags/example_subdag_operator.py
[2022-11-07T23:39:40.887-0300] {processor.py:768} INFO - DAG(s) dict_keys(['example_subdag_operator.section-1', 'example_subdag_operator.section-2', 'example_subdag_operator']) retrieved from /home/renato/Documentos/datapipeline/.env/lib/python3.10/site-packages/airflow/example_dags/example_subdag_operator.py
[2022-11-07T23:39:40.910-0300] {logging_mixin.py:117} WARNING - /home/renato/Documentos/datapipeline/.env/lib/python3.10/site-packages/airflow/plugins_manager.py:258 RemovedInAirflow3Warning: This decorator is deprecated.

In previous versions, all subclasses of BaseOperator must use apply_default decorator for the `default_args` feature to work properly.

In current version, it is optional. The decorator is applied automatically using the metaclass.
[2022-11-07T23:39:40.970-0300] {logging_mixin.py:117} INFO - [2022-11-07T23:39:40.970-0300] {dag.py:2573} INFO - Sync 3 DAGs
[2022-11-07T23:39:40.993-0300] {logging_mixin.py:117} INFO - [2022-11-07T23:39:40.993-0300] {dag.py:3324} INFO - Setting next_dagrun for example_subdag_operator to 2022-01-01T00:00:00+00:00, run_after=2022-01-01T00:00:00+00:00
[2022-11-07T23:39:40.999-0300] {logging_mixin.py:117} INFO - [2022-11-07T23:39:40.999-0300] {dag.py:3324} INFO - Setting next_dagrun for example_subdag_operator.section-1 to None, run_after=None
[2022-11-07T23:39:41.004-0300] {logging_mixin.py:117} INFO - [2022-11-07T23:39:41.004-0300] {dag.py:3324} INFO - Setting next_dagrun for example_subdag_operator.section-2 to None, run_after=None
[2022-11-07T23:39:41.010-0300] {logging_mixin.py:117} INFO - [2022-11-07T23:39:41.010-0300] {dag.py:2573} INFO - Sync 2 DAGs
[2022-11-07T23:39:41.014-0300] {logging_mixin.py:117} INFO - [2022-11-07T23:39:41.013-0300] {dag.py:3324} INFO - Setting next_dagrun for example_subdag_operator.section-1 to None, run_after=None
[2022-11-07T23:39:41.014-0300] {logging_mixin.py:117} INFO - [2022-11-07T23:39:41.014-0300] {dag.py:3324} INFO - Setting next_dagrun for example_subdag_operator.section-2 to None, run_after=None
[2022-11-07T23:39:41.041-0300] {processor.py:178} INFO - Processing /home/renato/Documentos/datapipeline/.env/lib/python3.10/site-packages/airflow/example_dags/example_subdag_operator.py took 0.189 seconds
[2022-11-07T23:40:20.483-0300] {processor.py:156} INFO - Started process (PID=967199) to work on /home/renato/Documentos/datapipeline/.env/lib/python3.10/site-packages/airflow/example_dags/example_subdag_operator.py
[2022-11-07T23:40:20.487-0300] {processor.py:758} INFO - Processing file /home/renato/Documentos/datapipeline/.env/lib/python3.10/site-packages/airflow/example_dags/example_subdag_operator.py for tasks to queue
[2022-11-07T23:40:20.488-0300] {logging_mixin.py:117} INFO - [2022-11-07T23:40:20.487-0300] {dagbag.py:525} INFO - Filling up the DagBag from /home/renato/Documentos/datapipeline/.env/lib/python3.10/site-packages/airflow/example_dags/example_subdag_operator.py
[2022-11-07T23:40:20.527-0300] {processor.py:768} INFO - DAG(s) dict_keys(['example_subdag_operator.section-1', 'example_subdag_operator.section-2', 'example_subdag_operator']) retrieved from /home/renato/Documentos/datapipeline/.env/lib/python3.10/site-packages/airflow/example_dags/example_subdag_operator.py
[2022-11-07T23:40:20.550-0300] {logging_mixin.py:117} WARNING - /home/renato/Documentos/datapipeline/.env/lib/python3.10/site-packages/airflow/plugins_manager.py:258 RemovedInAirflow3Warning: This decorator is deprecated.

In previous versions, all subclasses of BaseOperator must use apply_default decorator for the `default_args` feature to work properly.

In current version, it is optional. The decorator is applied automatically using the metaclass.
[2022-11-07T23:40:20.602-0300] {logging_mixin.py:117} INFO - [2022-11-07T23:40:20.602-0300] {dag.py:2573} INFO - Sync 3 DAGs
[2022-11-07T23:40:20.618-0300] {logging_mixin.py:117} INFO - [2022-11-07T23:40:20.618-0300] {dag.py:3324} INFO - Setting next_dagrun for example_subdag_operator to 2022-01-01T00:00:00+00:00, run_after=2022-01-01T00:00:00+00:00
[2022-11-07T23:40:20.621-0300] {logging_mixin.py:117} INFO - [2022-11-07T23:40:20.621-0300] {dag.py:3324} INFO - Setting next_dagrun for example_subdag_operator.section-1 to None, run_after=None
[2022-11-07T23:40:20.622-0300] {logging_mixin.py:117} INFO - [2022-11-07T23:40:20.622-0300] {dag.py:3324} INFO - Setting next_dagrun for example_subdag_operator.section-2 to None, run_after=None
[2022-11-07T23:40:20.627-0300] {logging_mixin.py:117} INFO - [2022-11-07T23:40:20.626-0300] {dag.py:2573} INFO - Sync 2 DAGs
[2022-11-07T23:40:20.630-0300] {logging_mixin.py:117} INFO - [2022-11-07T23:40:20.630-0300] {dag.py:3324} INFO - Setting next_dagrun for example_subdag_operator.section-1 to None, run_after=None
[2022-11-07T23:40:20.630-0300] {logging_mixin.py:117} INFO - [2022-11-07T23:40:20.630-0300] {dag.py:3324} INFO - Setting next_dagrun for example_subdag_operator.section-2 to None, run_after=None
[2022-11-07T23:40:20.651-0300] {processor.py:178} INFO - Processing /home/renato/Documentos/datapipeline/.env/lib/python3.10/site-packages/airflow/example_dags/example_subdag_operator.py took 0.173 seconds
[2022-11-07T23:41:01.402-0300] {processor.py:156} INFO - Started process (PID=967276) to work on /home/renato/Documentos/datapipeline/.env/lib/python3.10/site-packages/airflow/example_dags/example_subdag_operator.py
[2022-11-07T23:41:01.406-0300] {processor.py:758} INFO - Processing file /home/renato/Documentos/datapipeline/.env/lib/python3.10/site-packages/airflow/example_dags/example_subdag_operator.py for tasks to queue
[2022-11-07T23:41:01.408-0300] {logging_mixin.py:117} INFO - [2022-11-07T23:41:01.408-0300] {dagbag.py:525} INFO - Filling up the DagBag from /home/renato/Documentos/datapipeline/.env/lib/python3.10/site-packages/airflow/example_dags/example_subdag_operator.py
[2022-11-07T23:41:01.444-0300] {processor.py:768} INFO - DAG(s) dict_keys(['example_subdag_operator.section-1', 'example_subdag_operator.section-2', 'example_subdag_operator']) retrieved from /home/renato/Documentos/datapipeline/.env/lib/python3.10/site-packages/airflow/example_dags/example_subdag_operator.py
[2022-11-07T23:41:01.468-0300] {logging_mixin.py:117} WARNING - /home/renato/Documentos/datapipeline/.env/lib/python3.10/site-packages/airflow/plugins_manager.py:258 RemovedInAirflow3Warning: This decorator is deprecated.

In previous versions, all subclasses of BaseOperator must use apply_default decorator for the `default_args` feature to work properly.

In current version, it is optional. The decorator is applied automatically using the metaclass.
[2022-11-07T23:41:01.527-0300] {logging_mixin.py:117} INFO - [2022-11-07T23:41:01.527-0300] {dag.py:2573} INFO - Sync 3 DAGs
[2022-11-07T23:41:01.548-0300] {logging_mixin.py:117} INFO - [2022-11-07T23:41:01.548-0300] {dag.py:3324} INFO - Setting next_dagrun for example_subdag_operator to 2022-01-01T00:00:00+00:00, run_after=2022-01-01T00:00:00+00:00
[2022-11-07T23:41:01.551-0300] {logging_mixin.py:117} INFO - [2022-11-07T23:41:01.551-0300] {dag.py:3324} INFO - Setting next_dagrun for example_subdag_operator.section-1 to None, run_after=None
[2022-11-07T23:41:01.552-0300] {logging_mixin.py:117} INFO - [2022-11-07T23:41:01.552-0300] {dag.py:3324} INFO - Setting next_dagrun for example_subdag_operator.section-2 to None, run_after=None
[2022-11-07T23:41:01.558-0300] {logging_mixin.py:117} INFO - [2022-11-07T23:41:01.558-0300] {dag.py:2573} INFO - Sync 2 DAGs
[2022-11-07T23:41:01.571-0300] {logging_mixin.py:117} INFO - [2022-11-07T23:41:01.571-0300] {dag.py:3324} INFO - Setting next_dagrun for example_subdag_operator.section-1 to None, run_after=None
[2022-11-07T23:41:01.571-0300] {logging_mixin.py:117} INFO - [2022-11-07T23:41:01.571-0300] {dag.py:3324} INFO - Setting next_dagrun for example_subdag_operator.section-2 to None, run_after=None
[2022-11-07T23:41:01.596-0300] {processor.py:178} INFO - Processing /home/renato/Documentos/datapipeline/.env/lib/python3.10/site-packages/airflow/example_dags/example_subdag_operator.py took 0.199 seconds
[2022-11-07T23:41:40.466-0300] {processor.py:156} INFO - Started process (PID=967358) to work on /home/renato/Documentos/datapipeline/.env/lib/python3.10/site-packages/airflow/example_dags/example_subdag_operator.py
[2022-11-07T23:41:40.468-0300] {processor.py:758} INFO - Processing file /home/renato/Documentos/datapipeline/.env/lib/python3.10/site-packages/airflow/example_dags/example_subdag_operator.py for tasks to queue
[2022-11-07T23:41:40.469-0300] {logging_mixin.py:117} INFO - [2022-11-07T23:41:40.469-0300] {dagbag.py:525} INFO - Filling up the DagBag from /home/renato/Documentos/datapipeline/.env/lib/python3.10/site-packages/airflow/example_dags/example_subdag_operator.py
[2022-11-07T23:41:40.498-0300] {processor.py:768} INFO - DAG(s) dict_keys(['example_subdag_operator.section-1', 'example_subdag_operator.section-2', 'example_subdag_operator']) retrieved from /home/renato/Documentos/datapipeline/.env/lib/python3.10/site-packages/airflow/example_dags/example_subdag_operator.py
[2022-11-07T23:41:40.570-0300] {logging_mixin.py:117} INFO - [2022-11-07T23:41:40.570-0300] {dag.py:2573} INFO - Sync 3 DAGs
[2022-11-07T23:41:40.587-0300] {logging_mixin.py:117} INFO - [2022-11-07T23:41:40.586-0300] {dag.py:3324} INFO - Setting next_dagrun for example_subdag_operator to 2022-01-01T00:00:00+00:00, run_after=2022-01-01T00:00:00+00:00
[2022-11-07T23:41:40.589-0300] {logging_mixin.py:117} INFO - [2022-11-07T23:41:40.589-0300] {dag.py:3324} INFO - Setting next_dagrun for example_subdag_operator.section-1 to None, run_after=None
[2022-11-07T23:41:40.590-0300] {logging_mixin.py:117} INFO - [2022-11-07T23:41:40.590-0300] {dag.py:3324} INFO - Setting next_dagrun for example_subdag_operator.section-2 to None, run_after=None
[2022-11-07T23:41:40.595-0300] {logging_mixin.py:117} INFO - [2022-11-07T23:41:40.595-0300] {dag.py:2573} INFO - Sync 2 DAGs
[2022-11-07T23:41:40.599-0300] {logging_mixin.py:117} INFO - [2022-11-07T23:41:40.598-0300] {dag.py:3324} INFO - Setting next_dagrun for example_subdag_operator.section-1 to None, run_after=None
[2022-11-07T23:41:40.599-0300] {logging_mixin.py:117} INFO - [2022-11-07T23:41:40.599-0300] {dag.py:3324} INFO - Setting next_dagrun for example_subdag_operator.section-2 to None, run_after=None
[2022-11-07T23:41:40.615-0300] {processor.py:178} INFO - Processing /home/renato/Documentos/datapipeline/.env/lib/python3.10/site-packages/airflow/example_dags/example_subdag_operator.py took 0.152 seconds
[2022-11-07T23:42:21.511-0300] {processor.py:156} INFO - Started process (PID=967567) to work on /home/renato/Documentos/datapipeline/.env/lib/python3.10/site-packages/airflow/example_dags/example_subdag_operator.py
[2022-11-07T23:42:21.513-0300] {processor.py:758} INFO - Processing file /home/renato/Documentos/datapipeline/.env/lib/python3.10/site-packages/airflow/example_dags/example_subdag_operator.py for tasks to queue
[2022-11-07T23:42:21.513-0300] {logging_mixin.py:117} INFO - [2022-11-07T23:42:21.513-0300] {dagbag.py:525} INFO - Filling up the DagBag from /home/renato/Documentos/datapipeline/.env/lib/python3.10/site-packages/airflow/example_dags/example_subdag_operator.py
[2022-11-07T23:42:21.539-0300] {processor.py:768} INFO - DAG(s) dict_keys(['example_subdag_operator.section-1', 'example_subdag_operator.section-2', 'example_subdag_operator']) retrieved from /home/renato/Documentos/datapipeline/.env/lib/python3.10/site-packages/airflow/example_dags/example_subdag_operator.py
[2022-11-07T23:42:21.612-0300] {logging_mixin.py:117} INFO - [2022-11-07T23:42:21.612-0300] {dag.py:2573} INFO - Sync 3 DAGs
[2022-11-07T23:42:21.631-0300] {logging_mixin.py:117} INFO - [2022-11-07T23:42:21.631-0300] {dag.py:3324} INFO - Setting next_dagrun for example_subdag_operator to 2022-01-01T00:00:00+00:00, run_after=2022-01-01T00:00:00+00:00
[2022-11-07T23:42:21.634-0300] {logging_mixin.py:117} INFO - [2022-11-07T23:42:21.634-0300] {dag.py:3324} INFO - Setting next_dagrun for example_subdag_operator.section-1 to None, run_after=None
[2022-11-07T23:42:21.635-0300] {logging_mixin.py:117} INFO - [2022-11-07T23:42:21.635-0300] {dag.py:3324} INFO - Setting next_dagrun for example_subdag_operator.section-2 to None, run_after=None
[2022-11-07T23:42:21.640-0300] {logging_mixin.py:117} INFO - [2022-11-07T23:42:21.640-0300] {dag.py:2573} INFO - Sync 2 DAGs
[2022-11-07T23:42:21.644-0300] {logging_mixin.py:117} INFO - [2022-11-07T23:42:21.644-0300] {dag.py:3324} INFO - Setting next_dagrun for example_subdag_operator.section-1 to None, run_after=None
[2022-11-07T23:42:21.645-0300] {logging_mixin.py:117} INFO - [2022-11-07T23:42:21.644-0300] {dag.py:3324} INFO - Setting next_dagrun for example_subdag_operator.section-2 to None, run_after=None
[2022-11-07T23:42:21.667-0300] {processor.py:178} INFO - Processing /home/renato/Documentos/datapipeline/.env/lib/python3.10/site-packages/airflow/example_dags/example_subdag_operator.py took 0.159 seconds
[2022-11-07T23:42:59.677-0300] {processor.py:156} INFO - Started process (PID=967642) to work on /home/renato/Documentos/datapipeline/.env/lib/python3.10/site-packages/airflow/example_dags/example_subdag_operator.py
[2022-11-07T23:42:59.681-0300] {processor.py:758} INFO - Processing file /home/renato/Documentos/datapipeline/.env/lib/python3.10/site-packages/airflow/example_dags/example_subdag_operator.py for tasks to queue
[2022-11-07T23:42:59.682-0300] {logging_mixin.py:117} INFO - [2022-11-07T23:42:59.682-0300] {dagbag.py:525} INFO - Filling up the DagBag from /home/renato/Documentos/datapipeline/.env/lib/python3.10/site-packages/airflow/example_dags/example_subdag_operator.py
[2022-11-07T23:42:59.706-0300] {processor.py:768} INFO - DAG(s) dict_keys(['example_subdag_operator.section-1', 'example_subdag_operator.section-2', 'example_subdag_operator']) retrieved from /home/renato/Documentos/datapipeline/.env/lib/python3.10/site-packages/airflow/example_dags/example_subdag_operator.py
[2022-11-07T23:42:59.779-0300] {logging_mixin.py:117} INFO - [2022-11-07T23:42:59.779-0300] {dag.py:2573} INFO - Sync 3 DAGs
[2022-11-07T23:42:59.796-0300] {logging_mixin.py:117} INFO - [2022-11-07T23:42:59.795-0300] {dag.py:3324} INFO - Setting next_dagrun for example_subdag_operator to 2022-01-01T00:00:00+00:00, run_after=2022-01-01T00:00:00+00:00
[2022-11-07T23:42:59.798-0300] {logging_mixin.py:117} INFO - [2022-11-07T23:42:59.798-0300] {dag.py:3324} INFO - Setting next_dagrun for example_subdag_operator.section-1 to None, run_after=None
[2022-11-07T23:42:59.799-0300] {logging_mixin.py:117} INFO - [2022-11-07T23:42:59.799-0300] {dag.py:3324} INFO - Setting next_dagrun for example_subdag_operator.section-2 to None, run_after=None
[2022-11-07T23:42:59.805-0300] {logging_mixin.py:117} INFO - [2022-11-07T23:42:59.805-0300] {dag.py:2573} INFO - Sync 2 DAGs
[2022-11-07T23:42:59.808-0300] {logging_mixin.py:117} INFO - [2022-11-07T23:42:59.808-0300] {dag.py:3324} INFO - Setting next_dagrun for example_subdag_operator.section-1 to None, run_after=None
[2022-11-07T23:42:59.808-0300] {logging_mixin.py:117} INFO - [2022-11-07T23:42:59.808-0300] {dag.py:3324} INFO - Setting next_dagrun for example_subdag_operator.section-2 to None, run_after=None
[2022-11-07T23:42:59.825-0300] {processor.py:178} INFO - Processing /home/renato/Documentos/datapipeline/.env/lib/python3.10/site-packages/airflow/example_dags/example_subdag_operator.py took 0.151 seconds
