[2022-11-07T23:27:14.661-0300] {processor.py:156} INFO - Started process (PID=965221) to work on /home/renato/Documentos/datapipeline/.env/lib/python3.10/site-packages/airflow/example_dags/example_skip_dag.py
[2022-11-07T23:27:14.662-0300] {processor.py:758} INFO - Processing file /home/renato/Documentos/datapipeline/.env/lib/python3.10/site-packages/airflow/example_dags/example_skip_dag.py for tasks to queue
[2022-11-07T23:27:14.662-0300] {logging_mixin.py:117} INFO - [2022-11-07T23:27:14.662-0300] {dagbag.py:525} INFO - Filling up the DagBag from /home/renato/Documentos/datapipeline/.env/lib/python3.10/site-packages/airflow/example_dags/example_skip_dag.py
[2022-11-07T23:27:14.704-0300] {processor.py:768} INFO - DAG(s) dict_keys(['example_skip_dag']) retrieved from /home/renato/Documentos/datapipeline/.env/lib/python3.10/site-packages/airflow/example_dags/example_skip_dag.py
[2022-11-07T23:27:14.745-0300] {logging_mixin.py:117} INFO - [2022-11-07T23:27:14.745-0300] {dag.py:2573} INFO - Sync 1 DAGs
[2022-11-07T23:27:14.780-0300] {logging_mixin.py:117} INFO - [2022-11-07T23:27:14.780-0300] {dag.py:3324} INFO - Setting next_dagrun for example_skip_dag to 2022-11-07T02:27:14.780573+00:00, run_after=2022-11-08T02:27:14.780573+00:00
[2022-11-07T23:27:14.846-0300] {processor.py:178} INFO - Processing /home/renato/Documentos/datapipeline/.env/lib/python3.10/site-packages/airflow/example_dags/example_skip_dag.py took 0.189 seconds
[2022-11-07T23:27:53.849-0300] {processor.py:156} INFO - Started process (PID=965435) to work on /home/renato/Documentos/datapipeline/.env/lib/python3.10/site-packages/airflow/example_dags/example_skip_dag.py
[2022-11-07T23:27:53.851-0300] {processor.py:758} INFO - Processing file /home/renato/Documentos/datapipeline/.env/lib/python3.10/site-packages/airflow/example_dags/example_skip_dag.py for tasks to queue
[2022-11-07T23:27:53.852-0300] {logging_mixin.py:117} INFO - [2022-11-07T23:27:53.852-0300] {dagbag.py:525} INFO - Filling up the DagBag from /home/renato/Documentos/datapipeline/.env/lib/python3.10/site-packages/airflow/example_dags/example_skip_dag.py
[2022-11-07T23:27:53.873-0300] {processor.py:768} INFO - DAG(s) dict_keys(['example_skip_dag']) retrieved from /home/renato/Documentos/datapipeline/.env/lib/python3.10/site-packages/airflow/example_dags/example_skip_dag.py
[2022-11-07T23:27:53.899-0300] {logging_mixin.py:117} INFO - [2022-11-07T23:27:53.898-0300] {dag.py:2573} INFO - Sync 1 DAGs
[2022-11-07T23:27:53.917-0300] {logging_mixin.py:117} INFO - [2022-11-07T23:27:53.917-0300] {dag.py:3324} INFO - Setting next_dagrun for example_skip_dag to 2022-11-07T02:27:53.917345+00:00, run_after=2022-11-08T02:27:53.917345+00:00
[2022-11-07T23:27:53.941-0300] {processor.py:178} INFO - Processing /home/renato/Documentos/datapipeline/.env/lib/python3.10/site-packages/airflow/example_dags/example_skip_dag.py took 0.097 seconds
[2022-11-07T23:28:33.034-0300] {processor.py:156} INFO - Started process (PID=965514) to work on /home/renato/Documentos/datapipeline/.env/lib/python3.10/site-packages/airflow/example_dags/example_skip_dag.py
[2022-11-07T23:28:33.038-0300] {processor.py:758} INFO - Processing file /home/renato/Documentos/datapipeline/.env/lib/python3.10/site-packages/airflow/example_dags/example_skip_dag.py for tasks to queue
[2022-11-07T23:28:33.039-0300] {logging_mixin.py:117} INFO - [2022-11-07T23:28:33.039-0300] {dagbag.py:525} INFO - Filling up the DagBag from /home/renato/Documentos/datapipeline/.env/lib/python3.10/site-packages/airflow/example_dags/example_skip_dag.py
[2022-11-07T23:28:33.059-0300] {processor.py:768} INFO - DAG(s) dict_keys(['example_skip_dag']) retrieved from /home/renato/Documentos/datapipeline/.env/lib/python3.10/site-packages/airflow/example_dags/example_skip_dag.py
[2022-11-07T23:28:33.084-0300] {logging_mixin.py:117} INFO - [2022-11-07T23:28:33.084-0300] {dag.py:2573} INFO - Sync 1 DAGs
[2022-11-07T23:28:33.102-0300] {logging_mixin.py:117} INFO - [2022-11-07T23:28:33.102-0300] {dag.py:3324} INFO - Setting next_dagrun for example_skip_dag to 2022-11-07T02:28:33.102538+00:00, run_after=2022-11-08T02:28:33.102538+00:00
[2022-11-07T23:28:33.131-0300] {processor.py:178} INFO - Processing /home/renato/Documentos/datapipeline/.env/lib/python3.10/site-packages/airflow/example_dags/example_skip_dag.py took 0.104 seconds
[2022-11-07T23:29:12.098-0300] {processor.py:156} INFO - Started process (PID=965594) to work on /home/renato/Documentos/datapipeline/.env/lib/python3.10/site-packages/airflow/example_dags/example_skip_dag.py
[2022-11-07T23:29:12.101-0300] {processor.py:758} INFO - Processing file /home/renato/Documentos/datapipeline/.env/lib/python3.10/site-packages/airflow/example_dags/example_skip_dag.py for tasks to queue
[2022-11-07T23:29:12.102-0300] {logging_mixin.py:117} INFO - [2022-11-07T23:29:12.102-0300] {dagbag.py:525} INFO - Filling up the DagBag from /home/renato/Documentos/datapipeline/.env/lib/python3.10/site-packages/airflow/example_dags/example_skip_dag.py
[2022-11-07T23:29:12.121-0300] {processor.py:768} INFO - DAG(s) dict_keys(['example_skip_dag']) retrieved from /home/renato/Documentos/datapipeline/.env/lib/python3.10/site-packages/airflow/example_dags/example_skip_dag.py
[2022-11-07T23:29:12.145-0300] {logging_mixin.py:117} INFO - [2022-11-07T23:29:12.145-0300] {dag.py:2573} INFO - Sync 1 DAGs
[2022-11-07T23:29:12.168-0300] {logging_mixin.py:117} INFO - [2022-11-07T23:29:12.168-0300] {dag.py:3324} INFO - Setting next_dagrun for example_skip_dag to 2022-11-07T02:29:12.168057+00:00, run_after=2022-11-08T02:29:12.168057+00:00
[2022-11-07T23:29:12.196-0300] {processor.py:178} INFO - Processing /home/renato/Documentos/datapipeline/.env/lib/python3.10/site-packages/airflow/example_dags/example_skip_dag.py took 0.106 seconds
[2022-11-07T23:29:48.934-0300] {processor.py:156} INFO - Started process (PID=965668) to work on /home/renato/Documentos/datapipeline/.env/lib/python3.10/site-packages/airflow/example_dags/example_skip_dag.py
[2022-11-07T23:29:48.938-0300] {processor.py:758} INFO - Processing file /home/renato/Documentos/datapipeline/.env/lib/python3.10/site-packages/airflow/example_dags/example_skip_dag.py for tasks to queue
[2022-11-07T23:29:48.939-0300] {logging_mixin.py:117} INFO - [2022-11-07T23:29:48.939-0300] {dagbag.py:525} INFO - Filling up the DagBag from /home/renato/Documentos/datapipeline/.env/lib/python3.10/site-packages/airflow/example_dags/example_skip_dag.py
[2022-11-07T23:29:48.952-0300] {processor.py:768} INFO - DAG(s) dict_keys(['example_skip_dag']) retrieved from /home/renato/Documentos/datapipeline/.env/lib/python3.10/site-packages/airflow/example_dags/example_skip_dag.py
[2022-11-07T23:29:48.976-0300] {logging_mixin.py:117} INFO - [2022-11-07T23:29:48.975-0300] {dag.py:2573} INFO - Sync 1 DAGs
[2022-11-07T23:29:48.995-0300] {logging_mixin.py:117} INFO - [2022-11-07T23:29:48.995-0300] {dag.py:3324} INFO - Setting next_dagrun for example_skip_dag to 2022-11-07T02:29:48.994933+00:00, run_after=2022-11-08T02:29:48.994933+00:00
[2022-11-07T23:29:49.021-0300] {processor.py:178} INFO - Processing /home/renato/Documentos/datapipeline/.env/lib/python3.10/site-packages/airflow/example_dags/example_skip_dag.py took 0.090 seconds
[2022-11-07T23:30:26.261-0300] {processor.py:156} INFO - Started process (PID=965743) to work on /home/renato/Documentos/datapipeline/.env/lib/python3.10/site-packages/airflow/example_dags/example_skip_dag.py
[2022-11-07T23:30:26.263-0300] {processor.py:758} INFO - Processing file /home/renato/Documentos/datapipeline/.env/lib/python3.10/site-packages/airflow/example_dags/example_skip_dag.py for tasks to queue
[2022-11-07T23:30:26.264-0300] {logging_mixin.py:117} INFO - [2022-11-07T23:30:26.264-0300] {dagbag.py:525} INFO - Filling up the DagBag from /home/renato/Documentos/datapipeline/.env/lib/python3.10/site-packages/airflow/example_dags/example_skip_dag.py
[2022-11-07T23:30:26.277-0300] {processor.py:768} INFO - DAG(s) dict_keys(['example_skip_dag']) retrieved from /home/renato/Documentos/datapipeline/.env/lib/python3.10/site-packages/airflow/example_dags/example_skip_dag.py
[2022-11-07T23:30:26.299-0300] {logging_mixin.py:117} INFO - [2022-11-07T23:30:26.299-0300] {dag.py:2573} INFO - Sync 1 DAGs
[2022-11-07T23:30:26.316-0300] {logging_mixin.py:117} INFO - [2022-11-07T23:30:26.316-0300] {dag.py:3324} INFO - Setting next_dagrun for example_skip_dag to 2022-11-07T02:30:26.316494+00:00, run_after=2022-11-08T02:30:26.316494+00:00
[2022-11-07T23:30:26.341-0300] {processor.py:178} INFO - Processing /home/renato/Documentos/datapipeline/.env/lib/python3.10/site-packages/airflow/example_dags/example_skip_dag.py took 0.082 seconds
[2022-11-07T23:31:02.490-0300] {processor.py:156} INFO - Started process (PID=965815) to work on /home/renato/Documentos/datapipeline/.env/lib/python3.10/site-packages/airflow/example_dags/example_skip_dag.py
[2022-11-07T23:31:02.493-0300] {processor.py:758} INFO - Processing file /home/renato/Documentos/datapipeline/.env/lib/python3.10/site-packages/airflow/example_dags/example_skip_dag.py for tasks to queue
[2022-11-07T23:31:02.495-0300] {logging_mixin.py:117} INFO - [2022-11-07T23:31:02.494-0300] {dagbag.py:525} INFO - Filling up the DagBag from /home/renato/Documentos/datapipeline/.env/lib/python3.10/site-packages/airflow/example_dags/example_skip_dag.py
[2022-11-07T23:31:02.518-0300] {processor.py:768} INFO - DAG(s) dict_keys(['example_skip_dag']) retrieved from /home/renato/Documentos/datapipeline/.env/lib/python3.10/site-packages/airflow/example_dags/example_skip_dag.py
[2022-11-07T23:31:02.544-0300] {logging_mixin.py:117} INFO - [2022-11-07T23:31:02.543-0300] {dag.py:2573} INFO - Sync 1 DAGs
[2022-11-07T23:31:02.560-0300] {logging_mixin.py:117} INFO - [2022-11-07T23:31:02.560-0300] {dag.py:3324} INFO - Setting next_dagrun for example_skip_dag to 2022-11-07T02:31:02.560495+00:00, run_after=2022-11-08T02:31:02.560495+00:00
[2022-11-07T23:31:02.584-0300] {processor.py:178} INFO - Processing /home/renato/Documentos/datapipeline/.env/lib/python3.10/site-packages/airflow/example_dags/example_skip_dag.py took 0.100 seconds
[2022-11-07T23:31:44.764-0300] {processor.py:156} INFO - Started process (PID=965896) to work on /home/renato/Documentos/datapipeline/.env/lib/python3.10/site-packages/airflow/example_dags/example_skip_dag.py
[2022-11-07T23:31:44.767-0300] {processor.py:758} INFO - Processing file /home/renato/Documentos/datapipeline/.env/lib/python3.10/site-packages/airflow/example_dags/example_skip_dag.py for tasks to queue
[2022-11-07T23:31:44.769-0300] {logging_mixin.py:117} INFO - [2022-11-07T23:31:44.768-0300] {dagbag.py:525} INFO - Filling up the DagBag from /home/renato/Documentos/datapipeline/.env/lib/python3.10/site-packages/airflow/example_dags/example_skip_dag.py
[2022-11-07T23:31:44.791-0300] {processor.py:768} INFO - DAG(s) dict_keys(['example_skip_dag']) retrieved from /home/renato/Documentos/datapipeline/.env/lib/python3.10/site-packages/airflow/example_dags/example_skip_dag.py
[2022-11-07T23:31:44.818-0300] {logging_mixin.py:117} INFO - [2022-11-07T23:31:44.818-0300] {dag.py:2573} INFO - Sync 1 DAGs
[2022-11-07T23:31:44.835-0300] {logging_mixin.py:117} INFO - [2022-11-07T23:31:44.835-0300] {dag.py:3324} INFO - Setting next_dagrun for example_skip_dag to 2022-11-07T02:31:44.834798+00:00, run_after=2022-11-08T02:31:44.834798+00:00
[2022-11-07T23:31:44.858-0300] {processor.py:178} INFO - Processing /home/renato/Documentos/datapipeline/.env/lib/python3.10/site-packages/airflow/example_dags/example_skip_dag.py took 0.102 seconds
[2022-11-07T23:32:23.246-0300] {processor.py:156} INFO - Started process (PID=966106) to work on /home/renato/Documentos/datapipeline/.env/lib/python3.10/site-packages/airflow/example_dags/example_skip_dag.py
[2022-11-07T23:32:23.251-0300] {processor.py:758} INFO - Processing file /home/renato/Documentos/datapipeline/.env/lib/python3.10/site-packages/airflow/example_dags/example_skip_dag.py for tasks to queue
[2022-11-07T23:32:23.252-0300] {logging_mixin.py:117} INFO - [2022-11-07T23:32:23.252-0300] {dagbag.py:525} INFO - Filling up the DagBag from /home/renato/Documentos/datapipeline/.env/lib/python3.10/site-packages/airflow/example_dags/example_skip_dag.py
[2022-11-07T23:32:23.271-0300] {processor.py:768} INFO - DAG(s) dict_keys(['example_skip_dag']) retrieved from /home/renato/Documentos/datapipeline/.env/lib/python3.10/site-packages/airflow/example_dags/example_skip_dag.py
[2022-11-07T23:32:23.294-0300] {logging_mixin.py:117} INFO - [2022-11-07T23:32:23.293-0300] {dag.py:2573} INFO - Sync 1 DAGs
[2022-11-07T23:32:23.311-0300] {logging_mixin.py:117} INFO - [2022-11-07T23:32:23.310-0300] {dag.py:3324} INFO - Setting next_dagrun for example_skip_dag to 2022-11-07T02:32:23.310659+00:00, run_after=2022-11-08T02:32:23.310659+00:00
[2022-11-07T23:32:23.335-0300] {processor.py:178} INFO - Processing /home/renato/Documentos/datapipeline/.env/lib/python3.10/site-packages/airflow/example_dags/example_skip_dag.py took 0.093 seconds
[2022-11-07T23:33:01.142-0300] {processor.py:156} INFO - Started process (PID=966180) to work on /home/renato/Documentos/datapipeline/.env/lib/python3.10/site-packages/airflow/example_dags/example_skip_dag.py
[2022-11-07T23:33:01.145-0300] {processor.py:758} INFO - Processing file /home/renato/Documentos/datapipeline/.env/lib/python3.10/site-packages/airflow/example_dags/example_skip_dag.py for tasks to queue
[2022-11-07T23:33:01.147-0300] {logging_mixin.py:117} INFO - [2022-11-07T23:33:01.146-0300] {dagbag.py:525} INFO - Filling up the DagBag from /home/renato/Documentos/datapipeline/.env/lib/python3.10/site-packages/airflow/example_dags/example_skip_dag.py
[2022-11-07T23:33:01.165-0300] {processor.py:768} INFO - DAG(s) dict_keys(['example_skip_dag']) retrieved from /home/renato/Documentos/datapipeline/.env/lib/python3.10/site-packages/airflow/example_dags/example_skip_dag.py
[2022-11-07T23:33:01.189-0300] {logging_mixin.py:117} INFO - [2022-11-07T23:33:01.189-0300] {dag.py:2573} INFO - Sync 1 DAGs
[2022-11-07T23:33:01.207-0300] {logging_mixin.py:117} INFO - [2022-11-07T23:33:01.207-0300] {dag.py:3324} INFO - Setting next_dagrun for example_skip_dag to 2022-11-07T02:33:01.207372+00:00, run_after=2022-11-08T02:33:01.207372+00:00
[2022-11-07T23:33:01.231-0300] {processor.py:178} INFO - Processing /home/renato/Documentos/datapipeline/.env/lib/python3.10/site-packages/airflow/example_dags/example_skip_dag.py took 0.096 seconds
[2022-11-07T23:33:41.707-0300] {processor.py:156} INFO - Started process (PID=966260) to work on /home/renato/Documentos/datapipeline/.env/lib/python3.10/site-packages/airflow/example_dags/example_skip_dag.py
[2022-11-07T23:33:41.710-0300] {processor.py:758} INFO - Processing file /home/renato/Documentos/datapipeline/.env/lib/python3.10/site-packages/airflow/example_dags/example_skip_dag.py for tasks to queue
[2022-11-07T23:33:41.712-0300] {logging_mixin.py:117} INFO - [2022-11-07T23:33:41.712-0300] {dagbag.py:525} INFO - Filling up the DagBag from /home/renato/Documentos/datapipeline/.env/lib/python3.10/site-packages/airflow/example_dags/example_skip_dag.py
[2022-11-07T23:33:41.738-0300] {processor.py:768} INFO - DAG(s) dict_keys(['example_skip_dag']) retrieved from /home/renato/Documentos/datapipeline/.env/lib/python3.10/site-packages/airflow/example_dags/example_skip_dag.py
[2022-11-07T23:33:41.765-0300] {logging_mixin.py:117} INFO - [2022-11-07T23:33:41.764-0300] {dag.py:2573} INFO - Sync 1 DAGs
[2022-11-07T23:33:41.784-0300] {logging_mixin.py:117} INFO - [2022-11-07T23:33:41.783-0300] {dag.py:3324} INFO - Setting next_dagrun for example_skip_dag to 2022-11-07T02:33:41.783676+00:00, run_after=2022-11-08T02:33:41.783676+00:00
[2022-11-07T23:33:41.806-0300] {processor.py:178} INFO - Processing /home/renato/Documentos/datapipeline/.env/lib/python3.10/site-packages/airflow/example_dags/example_skip_dag.py took 0.104 seconds
[2022-11-07T23:34:16.491-0300] {processor.py:156} INFO - Started process (PID=966331) to work on /home/renato/Documentos/datapipeline/.env/lib/python3.10/site-packages/airflow/example_dags/example_skip_dag.py
[2022-11-07T23:34:16.493-0300] {processor.py:758} INFO - Processing file /home/renato/Documentos/datapipeline/.env/lib/python3.10/site-packages/airflow/example_dags/example_skip_dag.py for tasks to queue
[2022-11-07T23:34:16.493-0300] {logging_mixin.py:117} INFO - [2022-11-07T23:34:16.493-0300] {dagbag.py:525} INFO - Filling up the DagBag from /home/renato/Documentos/datapipeline/.env/lib/python3.10/site-packages/airflow/example_dags/example_skip_dag.py
[2022-11-07T23:34:16.506-0300] {processor.py:768} INFO - DAG(s) dict_keys(['example_skip_dag']) retrieved from /home/renato/Documentos/datapipeline/.env/lib/python3.10/site-packages/airflow/example_dags/example_skip_dag.py
[2022-11-07T23:34:16.528-0300] {logging_mixin.py:117} INFO - [2022-11-07T23:34:16.528-0300] {dag.py:2573} INFO - Sync 1 DAGs
[2022-11-07T23:34:16.545-0300] {logging_mixin.py:117} INFO - [2022-11-07T23:34:16.545-0300] {dag.py:3324} INFO - Setting next_dagrun for example_skip_dag to 2022-11-07T02:34:16.545506+00:00, run_after=2022-11-08T02:34:16.545506+00:00
[2022-11-07T23:34:16.571-0300] {processor.py:178} INFO - Processing /home/renato/Documentos/datapipeline/.env/lib/python3.10/site-packages/airflow/example_dags/example_skip_dag.py took 0.083 seconds
[2022-11-07T23:34:54.284-0300] {processor.py:156} INFO - Started process (PID=966405) to work on /home/renato/Documentos/datapipeline/.env/lib/python3.10/site-packages/airflow/example_dags/example_skip_dag.py
[2022-11-07T23:34:54.286-0300] {processor.py:758} INFO - Processing file /home/renato/Documentos/datapipeline/.env/lib/python3.10/site-packages/airflow/example_dags/example_skip_dag.py for tasks to queue
[2022-11-07T23:34:54.287-0300] {logging_mixin.py:117} INFO - [2022-11-07T23:34:54.287-0300] {dagbag.py:525} INFO - Filling up the DagBag from /home/renato/Documentos/datapipeline/.env/lib/python3.10/site-packages/airflow/example_dags/example_skip_dag.py
[2022-11-07T23:34:54.300-0300] {processor.py:768} INFO - DAG(s) dict_keys(['example_skip_dag']) retrieved from /home/renato/Documentos/datapipeline/.env/lib/python3.10/site-packages/airflow/example_dags/example_skip_dag.py
[2022-11-07T23:34:54.324-0300] {logging_mixin.py:117} INFO - [2022-11-07T23:34:54.324-0300] {dag.py:2573} INFO - Sync 1 DAGs
[2022-11-07T23:34:54.344-0300] {logging_mixin.py:117} INFO - [2022-11-07T23:34:54.344-0300] {dag.py:3324} INFO - Setting next_dagrun for example_skip_dag to 2022-11-07T02:34:54.343782+00:00, run_after=2022-11-08T02:34:54.343782+00:00
[2022-11-07T23:34:54.371-0300] {processor.py:178} INFO - Processing /home/renato/Documentos/datapipeline/.env/lib/python3.10/site-packages/airflow/example_dags/example_skip_dag.py took 0.089 seconds
[2022-11-07T23:35:32.082-0300] {processor.py:156} INFO - Started process (PID=966481) to work on /home/renato/Documentos/datapipeline/.env/lib/python3.10/site-packages/airflow/example_dags/example_skip_dag.py
[2022-11-07T23:35:32.085-0300] {processor.py:758} INFO - Processing file /home/renato/Documentos/datapipeline/.env/lib/python3.10/site-packages/airflow/example_dags/example_skip_dag.py for tasks to queue
[2022-11-07T23:35:32.085-0300] {logging_mixin.py:117} INFO - [2022-11-07T23:35:32.085-0300] {dagbag.py:525} INFO - Filling up the DagBag from /home/renato/Documentos/datapipeline/.env/lib/python3.10/site-packages/airflow/example_dags/example_skip_dag.py
[2022-11-07T23:35:32.098-0300] {processor.py:768} INFO - DAG(s) dict_keys(['example_skip_dag']) retrieved from /home/renato/Documentos/datapipeline/.env/lib/python3.10/site-packages/airflow/example_dags/example_skip_dag.py
[2022-11-07T23:35:32.123-0300] {logging_mixin.py:117} INFO - [2022-11-07T23:35:32.123-0300] {dag.py:2573} INFO - Sync 1 DAGs
[2022-11-07T23:35:32.146-0300] {logging_mixin.py:117} INFO - [2022-11-07T23:35:32.145-0300] {dag.py:3324} INFO - Setting next_dagrun for example_skip_dag to 2022-11-07T02:35:32.145608+00:00, run_after=2022-11-08T02:35:32.145608+00:00
[2022-11-07T23:35:32.171-0300] {processor.py:178} INFO - Processing /home/renato/Documentos/datapipeline/.env/lib/python3.10/site-packages/airflow/example_dags/example_skip_dag.py took 0.092 seconds
[2022-11-07T23:36:10.250-0300] {processor.py:156} INFO - Started process (PID=966556) to work on /home/renato/Documentos/datapipeline/.env/lib/python3.10/site-packages/airflow/example_dags/example_skip_dag.py
[2022-11-07T23:36:10.253-0300] {processor.py:758} INFO - Processing file /home/renato/Documentos/datapipeline/.env/lib/python3.10/site-packages/airflow/example_dags/example_skip_dag.py for tasks to queue
[2022-11-07T23:36:10.254-0300] {logging_mixin.py:117} INFO - [2022-11-07T23:36:10.254-0300] {dagbag.py:525} INFO - Filling up the DagBag from /home/renato/Documentos/datapipeline/.env/lib/python3.10/site-packages/airflow/example_dags/example_skip_dag.py
[2022-11-07T23:36:10.276-0300] {processor.py:768} INFO - DAG(s) dict_keys(['example_skip_dag']) retrieved from /home/renato/Documentos/datapipeline/.env/lib/python3.10/site-packages/airflow/example_dags/example_skip_dag.py
[2022-11-07T23:36:10.298-0300] {logging_mixin.py:117} INFO - [2022-11-07T23:36:10.298-0300] {dag.py:2573} INFO - Sync 1 DAGs
[2022-11-07T23:36:10.316-0300] {logging_mixin.py:117} INFO - [2022-11-07T23:36:10.315-0300] {dag.py:3324} INFO - Setting next_dagrun for example_skip_dag to 2022-11-07T02:36:10.315617+00:00, run_after=2022-11-08T02:36:10.315617+00:00
[2022-11-07T23:36:10.352-0300] {processor.py:178} INFO - Processing /home/renato/Documentos/datapipeline/.env/lib/python3.10/site-packages/airflow/example_dags/example_skip_dag.py took 0.106 seconds
[2022-11-07T23:36:50.453-0300] {processor.py:156} INFO - Started process (PID=966636) to work on /home/renato/Documentos/datapipeline/.env/lib/python3.10/site-packages/airflow/example_dags/example_skip_dag.py
[2022-11-07T23:36:50.457-0300] {processor.py:758} INFO - Processing file /home/renato/Documentos/datapipeline/.env/lib/python3.10/site-packages/airflow/example_dags/example_skip_dag.py for tasks to queue
[2022-11-07T23:36:50.458-0300] {logging_mixin.py:117} INFO - [2022-11-07T23:36:50.458-0300] {dagbag.py:525} INFO - Filling up the DagBag from /home/renato/Documentos/datapipeline/.env/lib/python3.10/site-packages/airflow/example_dags/example_skip_dag.py
[2022-11-07T23:36:50.482-0300] {processor.py:768} INFO - DAG(s) dict_keys(['example_skip_dag']) retrieved from /home/renato/Documentos/datapipeline/.env/lib/python3.10/site-packages/airflow/example_dags/example_skip_dag.py
[2022-11-07T23:36:50.509-0300] {logging_mixin.py:117} INFO - [2022-11-07T23:36:50.509-0300] {dag.py:2573} INFO - Sync 1 DAGs
[2022-11-07T23:36:50.526-0300] {logging_mixin.py:117} INFO - [2022-11-07T23:36:50.526-0300] {dag.py:3324} INFO - Setting next_dagrun for example_skip_dag to 2022-11-07T02:36:50.525999+00:00, run_after=2022-11-08T02:36:50.525999+00:00
[2022-11-07T23:36:50.552-0300] {processor.py:178} INFO - Processing /home/renato/Documentos/datapipeline/.env/lib/python3.10/site-packages/airflow/example_dags/example_skip_dag.py took 0.105 seconds
[2022-11-07T23:37:26.834-0300] {processor.py:156} INFO - Started process (PID=966839) to work on /home/renato/Documentos/datapipeline/.env/lib/python3.10/site-packages/airflow/example_dags/example_skip_dag.py
[2022-11-07T23:37:26.837-0300] {processor.py:758} INFO - Processing file /home/renato/Documentos/datapipeline/.env/lib/python3.10/site-packages/airflow/example_dags/example_skip_dag.py for tasks to queue
[2022-11-07T23:37:26.837-0300] {logging_mixin.py:117} INFO - [2022-11-07T23:37:26.837-0300] {dagbag.py:525} INFO - Filling up the DagBag from /home/renato/Documentos/datapipeline/.env/lib/python3.10/site-packages/airflow/example_dags/example_skip_dag.py
[2022-11-07T23:37:26.854-0300] {processor.py:768} INFO - DAG(s) dict_keys(['example_skip_dag']) retrieved from /home/renato/Documentos/datapipeline/.env/lib/python3.10/site-packages/airflow/example_dags/example_skip_dag.py
[2022-11-07T23:37:26.878-0300] {logging_mixin.py:117} INFO - [2022-11-07T23:37:26.878-0300] {dag.py:2573} INFO - Sync 1 DAGs
[2022-11-07T23:37:26.897-0300] {logging_mixin.py:117} INFO - [2022-11-07T23:37:26.897-0300] {dag.py:3324} INFO - Setting next_dagrun for example_skip_dag to 2022-11-07T02:37:26.896908+00:00, run_after=2022-11-08T02:37:26.896908+00:00
[2022-11-07T23:37:26.922-0300] {processor.py:178} INFO - Processing /home/renato/Documentos/datapipeline/.env/lib/python3.10/site-packages/airflow/example_dags/example_skip_dag.py took 0.094 seconds
[2022-11-07T23:38:03.480-0300] {processor.py:156} INFO - Started process (PID=966912) to work on /home/renato/Documentos/datapipeline/.env/lib/python3.10/site-packages/airflow/example_dags/example_skip_dag.py
[2022-11-07T23:38:03.482-0300] {processor.py:758} INFO - Processing file /home/renato/Documentos/datapipeline/.env/lib/python3.10/site-packages/airflow/example_dags/example_skip_dag.py for tasks to queue
[2022-11-07T23:38:03.483-0300] {logging_mixin.py:117} INFO - [2022-11-07T23:38:03.483-0300] {dagbag.py:525} INFO - Filling up the DagBag from /home/renato/Documentos/datapipeline/.env/lib/python3.10/site-packages/airflow/example_dags/example_skip_dag.py
[2022-11-07T23:38:03.500-0300] {processor.py:768} INFO - DAG(s) dict_keys(['example_skip_dag']) retrieved from /home/renato/Documentos/datapipeline/.env/lib/python3.10/site-packages/airflow/example_dags/example_skip_dag.py
[2022-11-07T23:38:03.523-0300] {logging_mixin.py:117} INFO - [2022-11-07T23:38:03.522-0300] {dag.py:2573} INFO - Sync 1 DAGs
[2022-11-07T23:38:03.541-0300] {logging_mixin.py:117} INFO - [2022-11-07T23:38:03.541-0300] {dag.py:3324} INFO - Setting next_dagrun for example_skip_dag to 2022-11-07T02:38:03.541588+00:00, run_after=2022-11-08T02:38:03.541588+00:00
[2022-11-07T23:38:03.565-0300] {processor.py:178} INFO - Processing /home/renato/Documentos/datapipeline/.env/lib/python3.10/site-packages/airflow/example_dags/example_skip_dag.py took 0.090 seconds
[2022-11-07T23:38:39.888-0300] {processor.py:156} INFO - Started process (PID=966982) to work on /home/renato/Documentos/datapipeline/.env/lib/python3.10/site-packages/airflow/example_dags/example_skip_dag.py
[2022-11-07T23:38:39.891-0300] {processor.py:758} INFO - Processing file /home/renato/Documentos/datapipeline/.env/lib/python3.10/site-packages/airflow/example_dags/example_skip_dag.py for tasks to queue
[2022-11-07T23:38:39.892-0300] {logging_mixin.py:117} INFO - [2022-11-07T23:38:39.892-0300] {dagbag.py:525} INFO - Filling up the DagBag from /home/renato/Documentos/datapipeline/.env/lib/python3.10/site-packages/airflow/example_dags/example_skip_dag.py
[2022-11-07T23:38:39.914-0300] {processor.py:768} INFO - DAG(s) dict_keys(['example_skip_dag']) retrieved from /home/renato/Documentos/datapipeline/.env/lib/python3.10/site-packages/airflow/example_dags/example_skip_dag.py
[2022-11-07T23:38:39.934-0300] {logging_mixin.py:117} INFO - [2022-11-07T23:38:39.934-0300] {dag.py:2573} INFO - Sync 1 DAGs
[2022-11-07T23:38:39.952-0300] {logging_mixin.py:117} INFO - [2022-11-07T23:38:39.952-0300] {dag.py:3324} INFO - Setting next_dagrun for example_skip_dag to 2022-11-07T02:38:39.951811+00:00, run_after=2022-11-08T02:38:39.951811+00:00
[2022-11-07T23:38:39.974-0300] {processor.py:178} INFO - Processing /home/renato/Documentos/datapipeline/.env/lib/python3.10/site-packages/airflow/example_dags/example_skip_dag.py took 0.092 seconds
[2022-11-07T23:39:21.203-0300] {processor.py:156} INFO - Started process (PID=967082) to work on /home/renato/Documentos/datapipeline/.env/lib/python3.10/site-packages/airflow/example_dags/example_skip_dag.py
[2022-11-07T23:39:21.205-0300] {processor.py:758} INFO - Processing file /home/renato/Documentos/datapipeline/.env/lib/python3.10/site-packages/airflow/example_dags/example_skip_dag.py for tasks to queue
[2022-11-07T23:39:21.206-0300] {logging_mixin.py:117} INFO - [2022-11-07T23:39:21.206-0300] {dagbag.py:525} INFO - Filling up the DagBag from /home/renato/Documentos/datapipeline/.env/lib/python3.10/site-packages/airflow/example_dags/example_skip_dag.py
[2022-11-07T23:39:21.224-0300] {processor.py:768} INFO - DAG(s) dict_keys(['example_skip_dag']) retrieved from /home/renato/Documentos/datapipeline/.env/lib/python3.10/site-packages/airflow/example_dags/example_skip_dag.py
[2022-11-07T23:39:21.249-0300] {logging_mixin.py:117} INFO - [2022-11-07T23:39:21.249-0300] {dag.py:2573} INFO - Sync 1 DAGs
[2022-11-07T23:39:21.269-0300] {logging_mixin.py:117} INFO - [2022-11-07T23:39:21.268-0300] {dag.py:3324} INFO - Setting next_dagrun for example_skip_dag to 2022-11-07T02:39:21.268706+00:00, run_after=2022-11-08T02:39:21.268706+00:00
[2022-11-07T23:39:21.295-0300] {processor.py:178} INFO - Processing /home/renato/Documentos/datapipeline/.env/lib/python3.10/site-packages/airflow/example_dags/example_skip_dag.py took 0.097 seconds
[2022-11-07T23:39:49.750-0300] {processor.py:156} INFO - Started process (PID=967132) to work on /home/renato/Documentos/datapipeline/.env/lib/python3.10/site-packages/airflow/example_dags/example_skip_dag.py
[2022-11-07T23:39:49.751-0300] {processor.py:758} INFO - Processing file /home/renato/Documentos/datapipeline/.env/lib/python3.10/site-packages/airflow/example_dags/example_skip_dag.py for tasks to queue
[2022-11-07T23:39:49.752-0300] {logging_mixin.py:117} INFO - [2022-11-07T23:39:49.752-0300] {dagbag.py:525} INFO - Filling up the DagBag from /home/renato/Documentos/datapipeline/.env/lib/python3.10/site-packages/airflow/example_dags/example_skip_dag.py
[2022-11-07T23:39:49.773-0300] {processor.py:768} INFO - DAG(s) dict_keys(['example_skip_dag']) retrieved from /home/renato/Documentos/datapipeline/.env/lib/python3.10/site-packages/airflow/example_dags/example_skip_dag.py
[2022-11-07T23:39:49.798-0300] {logging_mixin.py:117} INFO - [2022-11-07T23:39:49.797-0300] {dag.py:2573} INFO - Sync 1 DAGs
[2022-11-07T23:39:49.818-0300] {logging_mixin.py:117} INFO - [2022-11-07T23:39:49.817-0300] {dag.py:3324} INFO - Setting next_dagrun for example_skip_dag to 2022-11-07T02:39:49.817719+00:00, run_after=2022-11-08T02:39:49.817719+00:00
[2022-11-07T23:39:49.852-0300] {processor.py:178} INFO - Processing /home/renato/Documentos/datapipeline/.env/lib/python3.10/site-packages/airflow/example_dags/example_skip_dag.py took 0.110 seconds
[2022-11-07T23:40:29.358-0300] {processor.py:156} INFO - Started process (PID=967214) to work on /home/renato/Documentos/datapipeline/.env/lib/python3.10/site-packages/airflow/example_dags/example_skip_dag.py
[2022-11-07T23:40:29.361-0300] {processor.py:758} INFO - Processing file /home/renato/Documentos/datapipeline/.env/lib/python3.10/site-packages/airflow/example_dags/example_skip_dag.py for tasks to queue
[2022-11-07T23:40:29.361-0300] {logging_mixin.py:117} INFO - [2022-11-07T23:40:29.361-0300] {dagbag.py:525} INFO - Filling up the DagBag from /home/renato/Documentos/datapipeline/.env/lib/python3.10/site-packages/airflow/example_dags/example_skip_dag.py
[2022-11-07T23:40:29.375-0300] {processor.py:768} INFO - DAG(s) dict_keys(['example_skip_dag']) retrieved from /home/renato/Documentos/datapipeline/.env/lib/python3.10/site-packages/airflow/example_dags/example_skip_dag.py
[2022-11-07T23:40:29.397-0300] {logging_mixin.py:117} INFO - [2022-11-07T23:40:29.397-0300] {dag.py:2573} INFO - Sync 1 DAGs
[2022-11-07T23:40:29.416-0300] {logging_mixin.py:117} INFO - [2022-11-07T23:40:29.416-0300] {dag.py:3324} INFO - Setting next_dagrun for example_skip_dag to 2022-11-07T02:40:29.416345+00:00, run_after=2022-11-08T02:40:29.416345+00:00
[2022-11-07T23:40:29.440-0300] {processor.py:178} INFO - Processing /home/renato/Documentos/datapipeline/.env/lib/python3.10/site-packages/airflow/example_dags/example_skip_dag.py took 0.084 seconds
[2022-11-07T23:41:09.696-0300] {processor.py:156} INFO - Started process (PID=967292) to work on /home/renato/Documentos/datapipeline/.env/lib/python3.10/site-packages/airflow/example_dags/example_skip_dag.py
[2022-11-07T23:41:09.697-0300] {processor.py:758} INFO - Processing file /home/renato/Documentos/datapipeline/.env/lib/python3.10/site-packages/airflow/example_dags/example_skip_dag.py for tasks to queue
[2022-11-07T23:41:09.698-0300] {logging_mixin.py:117} INFO - [2022-11-07T23:41:09.697-0300] {dagbag.py:525} INFO - Filling up the DagBag from /home/renato/Documentos/datapipeline/.env/lib/python3.10/site-packages/airflow/example_dags/example_skip_dag.py
[2022-11-07T23:41:09.712-0300] {processor.py:768} INFO - DAG(s) dict_keys(['example_skip_dag']) retrieved from /home/renato/Documentos/datapipeline/.env/lib/python3.10/site-packages/airflow/example_dags/example_skip_dag.py
[2022-11-07T23:41:09.733-0300] {logging_mixin.py:117} INFO - [2022-11-07T23:41:09.733-0300] {dag.py:2573} INFO - Sync 1 DAGs
[2022-11-07T23:41:09.752-0300] {logging_mixin.py:117} INFO - [2022-11-07T23:41:09.751-0300] {dag.py:3324} INFO - Setting next_dagrun for example_skip_dag to 2022-11-07T02:41:09.751641+00:00, run_after=2022-11-08T02:41:09.751641+00:00
[2022-11-07T23:41:09.774-0300] {processor.py:178} INFO - Processing /home/renato/Documentos/datapipeline/.env/lib/python3.10/site-packages/airflow/example_dags/example_skip_dag.py took 0.081 seconds
[2022-11-07T23:41:48.273-0300] {processor.py:156} INFO - Started process (PID=967375) to work on /home/renato/Documentos/datapipeline/.env/lib/python3.10/site-packages/airflow/example_dags/example_skip_dag.py
[2022-11-07T23:41:48.276-0300] {processor.py:758} INFO - Processing file /home/renato/Documentos/datapipeline/.env/lib/python3.10/site-packages/airflow/example_dags/example_skip_dag.py for tasks to queue
[2022-11-07T23:41:48.278-0300] {logging_mixin.py:117} INFO - [2022-11-07T23:41:48.277-0300] {dagbag.py:525} INFO - Filling up the DagBag from /home/renato/Documentos/datapipeline/.env/lib/python3.10/site-packages/airflow/example_dags/example_skip_dag.py
[2022-11-07T23:41:48.294-0300] {processor.py:768} INFO - DAG(s) dict_keys(['example_skip_dag']) retrieved from /home/renato/Documentos/datapipeline/.env/lib/python3.10/site-packages/airflow/example_dags/example_skip_dag.py
[2022-11-07T23:41:48.317-0300] {logging_mixin.py:117} INFO - [2022-11-07T23:41:48.316-0300] {dag.py:2573} INFO - Sync 1 DAGs
[2022-11-07T23:41:48.334-0300] {logging_mixin.py:117} INFO - [2022-11-07T23:41:48.333-0300] {dag.py:3324} INFO - Setting next_dagrun for example_skip_dag to 2022-11-07T02:41:48.333680+00:00, run_after=2022-11-08T02:41:48.333680+00:00
[2022-11-07T23:41:48.356-0300] {processor.py:178} INFO - Processing /home/renato/Documentos/datapipeline/.env/lib/python3.10/site-packages/airflow/example_dags/example_skip_dag.py took 0.088 seconds
[2022-11-07T23:42:30.398-0300] {processor.py:156} INFO - Started process (PID=967585) to work on /home/renato/Documentos/datapipeline/.env/lib/python3.10/site-packages/airflow/example_dags/example_skip_dag.py
[2022-11-07T23:42:30.403-0300] {processor.py:758} INFO - Processing file /home/renato/Documentos/datapipeline/.env/lib/python3.10/site-packages/airflow/example_dags/example_skip_dag.py for tasks to queue
[2022-11-07T23:42:30.404-0300] {logging_mixin.py:117} INFO - [2022-11-07T23:42:30.404-0300] {dagbag.py:525} INFO - Filling up the DagBag from /home/renato/Documentos/datapipeline/.env/lib/python3.10/site-packages/airflow/example_dags/example_skip_dag.py
[2022-11-07T23:42:30.420-0300] {processor.py:768} INFO - DAG(s) dict_keys(['example_skip_dag']) retrieved from /home/renato/Documentos/datapipeline/.env/lib/python3.10/site-packages/airflow/example_dags/example_skip_dag.py
[2022-11-07T23:42:30.442-0300] {logging_mixin.py:117} INFO - [2022-11-07T23:42:30.442-0300] {dag.py:2573} INFO - Sync 1 DAGs
[2022-11-07T23:42:30.459-0300] {logging_mixin.py:117} INFO - [2022-11-07T23:42:30.459-0300] {dag.py:3324} INFO - Setting next_dagrun for example_skip_dag to 2022-11-07T02:42:30.459089+00:00, run_after=2022-11-08T02:42:30.459089+00:00
[2022-11-07T23:42:30.483-0300] {processor.py:178} INFO - Processing /home/renato/Documentos/datapipeline/.env/lib/python3.10/site-packages/airflow/example_dags/example_skip_dag.py took 0.096 seconds
[2022-11-07T23:43:09.729-0300] {processor.py:156} INFO - Started process (PID=967661) to work on /home/renato/Documentos/datapipeline/.env/lib/python3.10/site-packages/airflow/example_dags/example_skip_dag.py
[2022-11-07T23:43:09.732-0300] {processor.py:758} INFO - Processing file /home/renato/Documentos/datapipeline/.env/lib/python3.10/site-packages/airflow/example_dags/example_skip_dag.py for tasks to queue
[2022-11-07T23:43:09.733-0300] {logging_mixin.py:117} INFO - [2022-11-07T23:43:09.732-0300] {dagbag.py:525} INFO - Filling up the DagBag from /home/renato/Documentos/datapipeline/.env/lib/python3.10/site-packages/airflow/example_dags/example_skip_dag.py
[2022-11-07T23:43:09.752-0300] {processor.py:768} INFO - DAG(s) dict_keys(['example_skip_dag']) retrieved from /home/renato/Documentos/datapipeline/.env/lib/python3.10/site-packages/airflow/example_dags/example_skip_dag.py
[2022-11-07T23:43:09.778-0300] {logging_mixin.py:117} INFO - [2022-11-07T23:43:09.777-0300] {dag.py:2573} INFO - Sync 1 DAGs
[2022-11-07T23:43:09.794-0300] {logging_mixin.py:117} INFO - [2022-11-07T23:43:09.794-0300] {dag.py:3324} INFO - Setting next_dagrun for example_skip_dag to 2022-11-07T02:43:09.794543+00:00, run_after=2022-11-08T02:43:09.794543+00:00
[2022-11-07T23:43:09.819-0300] {processor.py:178} INFO - Processing /home/renato/Documentos/datapipeline/.env/lib/python3.10/site-packages/airflow/example_dags/example_skip_dag.py took 0.097 seconds
[2022-11-08T19:26:28.856-0300] {processor.py:156} INFO - Started process (PID=11796) to work on /home/renato/Documentos/datapipeline/.env/lib/python3.10/site-packages/airflow/example_dags/example_skip_dag.py
[2022-11-08T19:26:28.859-0300] {processor.py:758} INFO - Processing file /home/renato/Documentos/datapipeline/.env/lib/python3.10/site-packages/airflow/example_dags/example_skip_dag.py for tasks to queue
[2022-11-08T19:26:28.860-0300] {logging_mixin.py:117} INFO - [2022-11-08T19:26:28.860-0300] {dagbag.py:525} INFO - Filling up the DagBag from /home/renato/Documentos/datapipeline/.env/lib/python3.10/site-packages/airflow/example_dags/example_skip_dag.py
[2022-11-08T19:26:28.882-0300] {processor.py:768} INFO - DAG(s) dict_keys(['example_skip_dag']) retrieved from /home/renato/Documentos/datapipeline/.env/lib/python3.10/site-packages/airflow/example_dags/example_skip_dag.py
[2022-11-08T19:26:28.901-0300] {logging_mixin.py:117} INFO - [2022-11-08T19:26:28.901-0300] {dag.py:2573} INFO - Sync 1 DAGs
[2022-11-08T19:26:28.918-0300] {logging_mixin.py:117} INFO - [2022-11-08T19:26:28.918-0300] {dag.py:3324} INFO - Setting next_dagrun for example_skip_dag to 2022-11-07T22:26:28.918552+00:00, run_after=2022-11-08T22:26:28.918552+00:00
[2022-11-08T19:26:28.944-0300] {processor.py:178} INFO - Processing /home/renato/Documentos/datapipeline/.env/lib/python3.10/site-packages/airflow/example_dags/example_skip_dag.py took 0.092 seconds
[2022-11-08T19:27:08.971-0300] {processor.py:156} INFO - Started process (PID=11874) to work on /home/renato/Documentos/datapipeline/.env/lib/python3.10/site-packages/airflow/example_dags/example_skip_dag.py
[2022-11-08T19:27:08.982-0300] {processor.py:758} INFO - Processing file /home/renato/Documentos/datapipeline/.env/lib/python3.10/site-packages/airflow/example_dags/example_skip_dag.py for tasks to queue
[2022-11-08T19:27:08.982-0300] {logging_mixin.py:117} INFO - [2022-11-08T19:27:08.982-0300] {dagbag.py:525} INFO - Filling up the DagBag from /home/renato/Documentos/datapipeline/.env/lib/python3.10/site-packages/airflow/example_dags/example_skip_dag.py
[2022-11-08T19:27:08.995-0300] {processor.py:768} INFO - DAG(s) dict_keys(['example_skip_dag']) retrieved from /home/renato/Documentos/datapipeline/.env/lib/python3.10/site-packages/airflow/example_dags/example_skip_dag.py
[2022-11-08T19:27:09.017-0300] {logging_mixin.py:117} INFO - [2022-11-08T19:27:09.017-0300] {dag.py:2573} INFO - Sync 1 DAGs
[2022-11-08T19:27:09.035-0300] {logging_mixin.py:117} INFO - [2022-11-08T19:27:09.035-0300] {dag.py:3324} INFO - Setting next_dagrun for example_skip_dag to 2022-11-07T22:27:09.035631+00:00, run_after=2022-11-08T22:27:09.035631+00:00
[2022-11-08T19:27:09.058-0300] {processor.py:178} INFO - Processing /home/renato/Documentos/datapipeline/.env/lib/python3.10/site-packages/airflow/example_dags/example_skip_dag.py took 0.090 seconds
[2022-11-08T19:27:46.938-0300] {processor.py:156} INFO - Started process (PID=11949) to work on /home/renato/Documentos/datapipeline/.env/lib/python3.10/site-packages/airflow/example_dags/example_skip_dag.py
[2022-11-08T19:27:46.941-0300] {processor.py:758} INFO - Processing file /home/renato/Documentos/datapipeline/.env/lib/python3.10/site-packages/airflow/example_dags/example_skip_dag.py for tasks to queue
[2022-11-08T19:27:46.942-0300] {logging_mixin.py:117} INFO - [2022-11-08T19:27:46.941-0300] {dagbag.py:525} INFO - Filling up the DagBag from /home/renato/Documentos/datapipeline/.env/lib/python3.10/site-packages/airflow/example_dags/example_skip_dag.py
[2022-11-08T19:27:46.962-0300] {processor.py:768} INFO - DAG(s) dict_keys(['example_skip_dag']) retrieved from /home/renato/Documentos/datapipeline/.env/lib/python3.10/site-packages/airflow/example_dags/example_skip_dag.py
[2022-11-08T19:27:46.985-0300] {logging_mixin.py:117} INFO - [2022-11-08T19:27:46.985-0300] {dag.py:2573} INFO - Sync 1 DAGs
[2022-11-08T19:27:47.004-0300] {logging_mixin.py:117} INFO - [2022-11-08T19:27:47.004-0300] {dag.py:3324} INFO - Setting next_dagrun for example_skip_dag to 2022-11-07T22:27:47.004238+00:00, run_after=2022-11-08T22:27:47.004238+00:00
[2022-11-08T19:27:47.038-0300] {processor.py:178} INFO - Processing /home/renato/Documentos/datapipeline/.env/lib/python3.10/site-packages/airflow/example_dags/example_skip_dag.py took 0.109 seconds
[2022-11-08T19:28:27.754-0300] {processor.py:156} INFO - Started process (PID=12158) to work on /home/renato/Documentos/datapipeline/.env/lib/python3.10/site-packages/airflow/example_dags/example_skip_dag.py
[2022-11-08T19:28:28.151-0300] {processor.py:758} INFO - Processing file /home/renato/Documentos/datapipeline/.env/lib/python3.10/site-packages/airflow/example_dags/example_skip_dag.py for tasks to queue
[2022-11-08T19:28:28.152-0300] {logging_mixin.py:117} INFO - [2022-11-08T19:28:28.152-0300] {dagbag.py:525} INFO - Filling up the DagBag from /home/renato/Documentos/datapipeline/.env/lib/python3.10/site-packages/airflow/example_dags/example_skip_dag.py
[2022-11-08T19:28:28.169-0300] {processor.py:768} INFO - DAG(s) dict_keys(['example_skip_dag']) retrieved from /home/renato/Documentos/datapipeline/.env/lib/python3.10/site-packages/airflow/example_dags/example_skip_dag.py
[2022-11-08T19:28:28.196-0300] {logging_mixin.py:117} INFO - [2022-11-08T19:28:28.196-0300] {dag.py:2573} INFO - Sync 1 DAGs
[2022-11-08T19:28:28.216-0300] {logging_mixin.py:117} INFO - [2022-11-08T19:28:28.216-0300] {dag.py:3324} INFO - Setting next_dagrun for example_skip_dag to 2022-11-07T22:28:28.216243+00:00, run_after=2022-11-08T22:28:28.216243+00:00
[2022-11-08T19:28:28.900-0300] {processor.py:178} INFO - Processing /home/renato/Documentos/datapipeline/.env/lib/python3.10/site-packages/airflow/example_dags/example_skip_dag.py took 1.153 seconds
[2022-11-08T19:29:08.482-0300] {processor.py:156} INFO - Started process (PID=12236) to work on /home/renato/Documentos/datapipeline/.env/lib/python3.10/site-packages/airflow/example_dags/example_skip_dag.py
[2022-11-08T19:29:08.488-0300] {processor.py:758} INFO - Processing file /home/renato/Documentos/datapipeline/.env/lib/python3.10/site-packages/airflow/example_dags/example_skip_dag.py for tasks to queue
[2022-11-08T19:29:08.490-0300] {logging_mixin.py:117} INFO - [2022-11-08T19:29:08.489-0300] {dagbag.py:525} INFO - Filling up the DagBag from /home/renato/Documentos/datapipeline/.env/lib/python3.10/site-packages/airflow/example_dags/example_skip_dag.py
[2022-11-08T19:29:08.515-0300] {processor.py:768} INFO - DAG(s) dict_keys(['example_skip_dag']) retrieved from /home/renato/Documentos/datapipeline/.env/lib/python3.10/site-packages/airflow/example_dags/example_skip_dag.py
[2022-11-08T19:29:08.542-0300] {logging_mixin.py:117} INFO - [2022-11-08T19:29:08.542-0300] {dag.py:2573} INFO - Sync 1 DAGs
[2022-11-08T19:29:08.558-0300] {logging_mixin.py:117} INFO - [2022-11-08T19:29:08.558-0300] {dag.py:3324} INFO - Setting next_dagrun for example_skip_dag to 2022-11-07T22:29:08.557819+00:00, run_after=2022-11-08T22:29:08.557819+00:00
[2022-11-08T19:29:08.581-0300] {processor.py:178} INFO - Processing /home/renato/Documentos/datapipeline/.env/lib/python3.10/site-packages/airflow/example_dags/example_skip_dag.py took 0.105 seconds
[2022-11-08T19:29:47.407-0300] {processor.py:156} INFO - Started process (PID=12312) to work on /home/renato/Documentos/datapipeline/.env/lib/python3.10/site-packages/airflow/example_dags/example_skip_dag.py
[2022-11-08T19:29:47.412-0300] {processor.py:758} INFO - Processing file /home/renato/Documentos/datapipeline/.env/lib/python3.10/site-packages/airflow/example_dags/example_skip_dag.py for tasks to queue
[2022-11-08T19:29:47.412-0300] {logging_mixin.py:117} INFO - [2022-11-08T19:29:47.412-0300] {dagbag.py:525} INFO - Filling up the DagBag from /home/renato/Documentos/datapipeline/.env/lib/python3.10/site-packages/airflow/example_dags/example_skip_dag.py
[2022-11-08T19:29:47.428-0300] {processor.py:768} INFO - DAG(s) dict_keys(['example_skip_dag']) retrieved from /home/renato/Documentos/datapipeline/.env/lib/python3.10/site-packages/airflow/example_dags/example_skip_dag.py
[2022-11-08T19:29:47.454-0300] {logging_mixin.py:117} INFO - [2022-11-08T19:29:47.454-0300] {dag.py:2573} INFO - Sync 1 DAGs
[2022-11-08T19:29:47.474-0300] {logging_mixin.py:117} INFO - [2022-11-08T19:29:47.474-0300] {dag.py:3324} INFO - Setting next_dagrun for example_skip_dag to 2022-11-07T22:29:47.474024+00:00, run_after=2022-11-08T22:29:47.474024+00:00
[2022-11-08T19:29:47.501-0300] {processor.py:178} INFO - Processing /home/renato/Documentos/datapipeline/.env/lib/python3.10/site-packages/airflow/example_dags/example_skip_dag.py took 0.097 seconds
[2022-11-08T19:31:17.968-0300] {processor.py:156} INFO - Started process (PID=12389) to work on /home/renato/Documentos/datapipeline/.env/lib/python3.10/site-packages/airflow/example_dags/example_skip_dag.py
[2022-11-08T19:31:17.970-0300] {processor.py:758} INFO - Processing file /home/renato/Documentos/datapipeline/.env/lib/python3.10/site-packages/airflow/example_dags/example_skip_dag.py for tasks to queue
[2022-11-08T19:31:17.971-0300] {logging_mixin.py:117} INFO - [2022-11-08T19:31:17.971-0300] {dagbag.py:525} INFO - Filling up the DagBag from /home/renato/Documentos/datapipeline/.env/lib/python3.10/site-packages/airflow/example_dags/example_skip_dag.py
[2022-11-08T19:31:17.993-0300] {processor.py:768} INFO - DAG(s) dict_keys(['example_skip_dag']) retrieved from /home/renato/Documentos/datapipeline/.env/lib/python3.10/site-packages/airflow/example_dags/example_skip_dag.py
[2022-11-08T19:31:18.013-0300] {logging_mixin.py:117} INFO - [2022-11-08T19:31:18.013-0300] {dag.py:2573} INFO - Sync 1 DAGs
[2022-11-08T19:31:18.030-0300] {logging_mixin.py:117} INFO - [2022-11-08T19:31:18.030-0300] {dag.py:3324} INFO - Setting next_dagrun for example_skip_dag to 2022-11-07T22:31:18.030148+00:00, run_after=2022-11-08T22:31:18.030148+00:00
[2022-11-08T19:31:18.055-0300] {processor.py:178} INFO - Processing /home/renato/Documentos/datapipeline/.env/lib/python3.10/site-packages/airflow/example_dags/example_skip_dag.py took 0.092 seconds
[2022-11-08T19:31:57.290-0300] {processor.py:156} INFO - Started process (PID=12474) to work on /home/renato/Documentos/datapipeline/.env/lib/python3.10/site-packages/airflow/example_dags/example_skip_dag.py
[2022-11-08T19:31:57.293-0300] {processor.py:758} INFO - Processing file /home/renato/Documentos/datapipeline/.env/lib/python3.10/site-packages/airflow/example_dags/example_skip_dag.py for tasks to queue
[2022-11-08T19:31:57.294-0300] {logging_mixin.py:117} INFO - [2022-11-08T19:31:57.293-0300] {dagbag.py:525} INFO - Filling up the DagBag from /home/renato/Documentos/datapipeline/.env/lib/python3.10/site-packages/airflow/example_dags/example_skip_dag.py
[2022-11-08T19:31:57.309-0300] {processor.py:768} INFO - DAG(s) dict_keys(['example_skip_dag']) retrieved from /home/renato/Documentos/datapipeline/.env/lib/python3.10/site-packages/airflow/example_dags/example_skip_dag.py
[2022-11-08T19:31:57.375-0300] {logging_mixin.py:117} INFO - [2022-11-08T19:31:57.374-0300] {dag.py:2573} INFO - Sync 1 DAGs
[2022-11-08T19:31:57.443-0300] {logging_mixin.py:117} INFO - [2022-11-08T19:31:57.439-0300] {dag.py:3324} INFO - Setting next_dagrun for example_skip_dag to 2022-11-07T22:31:57.438972+00:00, run_after=2022-11-08T22:31:57.438972+00:00
[2022-11-08T19:31:57.550-0300] {processor.py:178} INFO - Processing /home/renato/Documentos/datapipeline/.env/lib/python3.10/site-packages/airflow/example_dags/example_skip_dag.py took 0.263 seconds
[2022-11-08T19:32:36.107-0300] {processor.py:156} INFO - Started process (PID=12551) to work on /home/renato/Documentos/datapipeline/.env/lib/python3.10/site-packages/airflow/example_dags/example_skip_dag.py
[2022-11-08T19:32:36.109-0300] {processor.py:758} INFO - Processing file /home/renato/Documentos/datapipeline/.env/lib/python3.10/site-packages/airflow/example_dags/example_skip_dag.py for tasks to queue
[2022-11-08T19:32:36.110-0300] {logging_mixin.py:117} INFO - [2022-11-08T19:32:36.110-0300] {dagbag.py:525} INFO - Filling up the DagBag from /home/renato/Documentos/datapipeline/.env/lib/python3.10/site-packages/airflow/example_dags/example_skip_dag.py
[2022-11-08T19:32:36.130-0300] {processor.py:768} INFO - DAG(s) dict_keys(['example_skip_dag']) retrieved from /home/renato/Documentos/datapipeline/.env/lib/python3.10/site-packages/airflow/example_dags/example_skip_dag.py
[2022-11-08T19:32:36.152-0300] {logging_mixin.py:117} INFO - [2022-11-08T19:32:36.151-0300] {dag.py:2573} INFO - Sync 1 DAGs
[2022-11-08T19:32:36.170-0300] {logging_mixin.py:117} INFO - [2022-11-08T19:32:36.170-0300] {dag.py:3324} INFO - Setting next_dagrun for example_skip_dag to 2022-11-07T22:32:36.170210+00:00, run_after=2022-11-08T22:32:36.170210+00:00
[2022-11-08T19:32:36.195-0300] {processor.py:178} INFO - Processing /home/renato/Documentos/datapipeline/.env/lib/python3.10/site-packages/airflow/example_dags/example_skip_dag.py took 0.093 seconds
[2022-11-08T19:33:16.927-0300] {processor.py:156} INFO - Started process (PID=12760) to work on /home/renato/Documentos/datapipeline/.env/lib/python3.10/site-packages/airflow/example_dags/example_skip_dag.py
[2022-11-08T19:33:16.929-0300] {processor.py:758} INFO - Processing file /home/renato/Documentos/datapipeline/.env/lib/python3.10/site-packages/airflow/example_dags/example_skip_dag.py for tasks to queue
[2022-11-08T19:33:16.930-0300] {logging_mixin.py:117} INFO - [2022-11-08T19:33:16.929-0300] {dagbag.py:525} INFO - Filling up the DagBag from /home/renato/Documentos/datapipeline/.env/lib/python3.10/site-packages/airflow/example_dags/example_skip_dag.py
[2022-11-08T19:33:16.943-0300] {processor.py:768} INFO - DAG(s) dict_keys(['example_skip_dag']) retrieved from /home/renato/Documentos/datapipeline/.env/lib/python3.10/site-packages/airflow/example_dags/example_skip_dag.py
[2022-11-08T19:33:16.965-0300] {logging_mixin.py:117} INFO - [2022-11-08T19:33:16.965-0300] {dag.py:2573} INFO - Sync 1 DAGs
[2022-11-08T19:33:16.984-0300] {logging_mixin.py:117} INFO - [2022-11-08T19:33:16.984-0300] {dag.py:3324} INFO - Setting next_dagrun for example_skip_dag to 2022-11-07T22:33:16.984537+00:00, run_after=2022-11-08T22:33:16.984537+00:00
[2022-11-08T19:33:17.009-0300] {processor.py:178} INFO - Processing /home/renato/Documentos/datapipeline/.env/lib/python3.10/site-packages/airflow/example_dags/example_skip_dag.py took 0.085 seconds
[2022-11-08T19:33:54.048-0300] {processor.py:156} INFO - Started process (PID=12941) to work on /home/renato/Documentos/datapipeline/.env/lib/python3.10/site-packages/airflow/example_dags/example_skip_dag.py
[2022-11-08T19:33:54.329-0300] {processor.py:758} INFO - Processing file /home/renato/Documentos/datapipeline/.env/lib/python3.10/site-packages/airflow/example_dags/example_skip_dag.py for tasks to queue
[2022-11-08T19:33:54.330-0300] {logging_mixin.py:117} INFO - [2022-11-08T19:33:54.330-0300] {dagbag.py:525} INFO - Filling up the DagBag from /home/renato/Documentos/datapipeline/.env/lib/python3.10/site-packages/airflow/example_dags/example_skip_dag.py
[2022-11-08T19:33:54.369-0300] {processor.py:768} INFO - DAG(s) dict_keys(['example_skip_dag']) retrieved from /home/renato/Documentos/datapipeline/.env/lib/python3.10/site-packages/airflow/example_dags/example_skip_dag.py
[2022-11-08T19:33:54.398-0300] {logging_mixin.py:117} INFO - [2022-11-08T19:33:54.398-0300] {dag.py:2573} INFO - Sync 1 DAGs
[2022-11-08T19:33:54.415-0300] {logging_mixin.py:117} INFO - [2022-11-08T19:33:54.415-0300] {dag.py:3324} INFO - Setting next_dagrun for example_skip_dag to 2022-11-07T22:33:54.415595+00:00, run_after=2022-11-08T22:33:54.415595+00:00
[2022-11-08T19:33:55.274-0300] {processor.py:178} INFO - Processing /home/renato/Documentos/datapipeline/.env/lib/python3.10/site-packages/airflow/example_dags/example_skip_dag.py took 1.231 seconds
[2022-11-08T19:34:35.808-0300] {processor.py:156} INFO - Started process (PID=13158) to work on /home/renato/Documentos/datapipeline/.env/lib/python3.10/site-packages/airflow/example_dags/example_skip_dag.py
[2022-11-08T19:34:35.812-0300] {processor.py:758} INFO - Processing file /home/renato/Documentos/datapipeline/.env/lib/python3.10/site-packages/airflow/example_dags/example_skip_dag.py for tasks to queue
[2022-11-08T19:34:35.813-0300] {logging_mixin.py:117} INFO - [2022-11-08T19:34:35.813-0300] {dagbag.py:525} INFO - Filling up the DagBag from /home/renato/Documentos/datapipeline/.env/lib/python3.10/site-packages/airflow/example_dags/example_skip_dag.py
[2022-11-08T19:34:35.825-0300] {processor.py:768} INFO - DAG(s) dict_keys(['example_skip_dag']) retrieved from /home/renato/Documentos/datapipeline/.env/lib/python3.10/site-packages/airflow/example_dags/example_skip_dag.py
[2022-11-08T19:34:35.852-0300] {logging_mixin.py:117} INFO - [2022-11-08T19:34:35.852-0300] {dag.py:2573} INFO - Sync 1 DAGs
[2022-11-08T19:34:35.872-0300] {logging_mixin.py:117} INFO - [2022-11-08T19:34:35.872-0300] {dag.py:3324} INFO - Setting next_dagrun for example_skip_dag to 2022-11-07T22:34:35.871734+00:00, run_after=2022-11-08T22:34:35.871734+00:00
[2022-11-08T19:34:35.906-0300] {processor.py:178} INFO - Processing /home/renato/Documentos/datapipeline/.env/lib/python3.10/site-packages/airflow/example_dags/example_skip_dag.py took 0.101 seconds
[2022-11-08T19:35:14.887-0300] {processor.py:156} INFO - Started process (PID=13252) to work on /home/renato/Documentos/datapipeline/.env/lib/python3.10/site-packages/airflow/example_dags/example_skip_dag.py
[2022-11-08T19:35:14.890-0300] {processor.py:758} INFO - Processing file /home/renato/Documentos/datapipeline/.env/lib/python3.10/site-packages/airflow/example_dags/example_skip_dag.py for tasks to queue
[2022-11-08T19:35:14.892-0300] {logging_mixin.py:117} INFO - [2022-11-08T19:35:14.891-0300] {dagbag.py:525} INFO - Filling up the DagBag from /home/renato/Documentos/datapipeline/.env/lib/python3.10/site-packages/airflow/example_dags/example_skip_dag.py
[2022-11-08T19:35:14.909-0300] {processor.py:768} INFO - DAG(s) dict_keys(['example_skip_dag']) retrieved from /home/renato/Documentos/datapipeline/.env/lib/python3.10/site-packages/airflow/example_dags/example_skip_dag.py
[2022-11-08T19:35:14.937-0300] {logging_mixin.py:117} INFO - [2022-11-08T19:35:14.937-0300] {dag.py:2573} INFO - Sync 1 DAGs
[2022-11-08T19:35:14.957-0300] {logging_mixin.py:117} INFO - [2022-11-08T19:35:14.957-0300] {dag.py:3324} INFO - Setting next_dagrun for example_skip_dag to 2022-11-07T22:35:14.957082+00:00, run_after=2022-11-08T22:35:14.957082+00:00
[2022-11-08T19:35:14.980-0300] {processor.py:178} INFO - Processing /home/renato/Documentos/datapipeline/.env/lib/python3.10/site-packages/airflow/example_dags/example_skip_dag.py took 0.098 seconds
[2022-11-08T19:35:55.057-0300] {processor.py:156} INFO - Started process (PID=13333) to work on /home/renato/Documentos/datapipeline/.env/lib/python3.10/site-packages/airflow/example_dags/example_skip_dag.py
[2022-11-08T19:35:55.059-0300] {processor.py:758} INFO - Processing file /home/renato/Documentos/datapipeline/.env/lib/python3.10/site-packages/airflow/example_dags/example_skip_dag.py for tasks to queue
[2022-11-08T19:35:55.060-0300] {logging_mixin.py:117} INFO - [2022-11-08T19:35:55.060-0300] {dagbag.py:525} INFO - Filling up the DagBag from /home/renato/Documentos/datapipeline/.env/lib/python3.10/site-packages/airflow/example_dags/example_skip_dag.py
[2022-11-08T19:35:55.072-0300] {processor.py:768} INFO - DAG(s) dict_keys(['example_skip_dag']) retrieved from /home/renato/Documentos/datapipeline/.env/lib/python3.10/site-packages/airflow/example_dags/example_skip_dag.py
[2022-11-08T19:35:55.093-0300] {logging_mixin.py:117} INFO - [2022-11-08T19:35:55.093-0300] {dag.py:2573} INFO - Sync 1 DAGs
[2022-11-08T19:35:55.110-0300] {logging_mixin.py:117} INFO - [2022-11-08T19:35:55.110-0300] {dag.py:3324} INFO - Setting next_dagrun for example_skip_dag to 2022-11-07T22:35:55.110527+00:00, run_after=2022-11-08T22:35:55.110527+00:00
[2022-11-08T19:35:55.137-0300] {processor.py:178} INFO - Processing /home/renato/Documentos/datapipeline/.env/lib/python3.10/site-packages/airflow/example_dags/example_skip_dag.py took 0.082 seconds
[2022-11-08T19:36:33.309-0300] {processor.py:156} INFO - Started process (PID=13411) to work on /home/renato/Documentos/datapipeline/.env/lib/python3.10/site-packages/airflow/example_dags/example_skip_dag.py
[2022-11-08T19:36:33.312-0300] {processor.py:758} INFO - Processing file /home/renato/Documentos/datapipeline/.env/lib/python3.10/site-packages/airflow/example_dags/example_skip_dag.py for tasks to queue
[2022-11-08T19:36:33.313-0300] {logging_mixin.py:117} INFO - [2022-11-08T19:36:33.313-0300] {dagbag.py:525} INFO - Filling up the DagBag from /home/renato/Documentos/datapipeline/.env/lib/python3.10/site-packages/airflow/example_dags/example_skip_dag.py
[2022-11-08T19:36:33.334-0300] {processor.py:768} INFO - DAG(s) dict_keys(['example_skip_dag']) retrieved from /home/renato/Documentos/datapipeline/.env/lib/python3.10/site-packages/airflow/example_dags/example_skip_dag.py
[2022-11-08T19:36:33.364-0300] {logging_mixin.py:117} INFO - [2022-11-08T19:36:33.364-0300] {dag.py:2573} INFO - Sync 1 DAGs
[2022-11-08T19:36:33.384-0300] {logging_mixin.py:117} INFO - [2022-11-08T19:36:33.384-0300] {dag.py:3324} INFO - Setting next_dagrun for example_skip_dag to 2022-11-07T22:36:33.384233+00:00, run_after=2022-11-08T22:36:33.384233+00:00
[2022-11-08T19:36:33.411-0300] {processor.py:178} INFO - Processing /home/renato/Documentos/datapipeline/.env/lib/python3.10/site-packages/airflow/example_dags/example_skip_dag.py took 0.110 seconds
[2022-11-08T19:37:12.065-0300] {processor.py:156} INFO - Started process (PID=13558) to work on /home/renato/Documentos/datapipeline/.env/lib/python3.10/site-packages/airflow/example_dags/example_skip_dag.py
[2022-11-08T19:37:12.066-0300] {processor.py:758} INFO - Processing file /home/renato/Documentos/datapipeline/.env/lib/python3.10/site-packages/airflow/example_dags/example_skip_dag.py for tasks to queue
[2022-11-08T19:37:12.067-0300] {logging_mixin.py:117} INFO - [2022-11-08T19:37:12.067-0300] {dagbag.py:525} INFO - Filling up the DagBag from /home/renato/Documentos/datapipeline/.env/lib/python3.10/site-packages/airflow/example_dags/example_skip_dag.py
[2022-11-08T19:37:12.081-0300] {processor.py:768} INFO - DAG(s) dict_keys(['example_skip_dag']) retrieved from /home/renato/Documentos/datapipeline/.env/lib/python3.10/site-packages/airflow/example_dags/example_skip_dag.py
[2022-11-08T19:37:12.104-0300] {logging_mixin.py:117} INFO - [2022-11-08T19:37:12.104-0300] {dag.py:2573} INFO - Sync 1 DAGs
[2022-11-08T19:37:12.124-0300] {logging_mixin.py:117} INFO - [2022-11-08T19:37:12.124-0300] {dag.py:3324} INFO - Setting next_dagrun for example_skip_dag to 2022-11-07T22:37:12.124267+00:00, run_after=2022-11-08T22:37:12.124267+00:00
[2022-11-08T19:37:12.150-0300] {processor.py:178} INFO - Processing /home/renato/Documentos/datapipeline/.env/lib/python3.10/site-packages/airflow/example_dags/example_skip_dag.py took 0.087 seconds
[2022-11-08T19:37:51.367-0300] {processor.py:156} INFO - Started process (PID=13643) to work on /home/renato/Documentos/datapipeline/.env/lib/python3.10/site-packages/airflow/example_dags/example_skip_dag.py
[2022-11-08T19:37:51.369-0300] {processor.py:758} INFO - Processing file /home/renato/Documentos/datapipeline/.env/lib/python3.10/site-packages/airflow/example_dags/example_skip_dag.py for tasks to queue
[2022-11-08T19:37:51.370-0300] {logging_mixin.py:117} INFO - [2022-11-08T19:37:51.370-0300] {dagbag.py:525} INFO - Filling up the DagBag from /home/renato/Documentos/datapipeline/.env/lib/python3.10/site-packages/airflow/example_dags/example_skip_dag.py
[2022-11-08T19:37:51.385-0300] {processor.py:768} INFO - DAG(s) dict_keys(['example_skip_dag']) retrieved from /home/renato/Documentos/datapipeline/.env/lib/python3.10/site-packages/airflow/example_dags/example_skip_dag.py
[2022-11-08T19:37:51.411-0300] {logging_mixin.py:117} INFO - [2022-11-08T19:37:51.411-0300] {dag.py:2573} INFO - Sync 1 DAGs
[2022-11-08T19:37:51.437-0300] {logging_mixin.py:117} INFO - [2022-11-08T19:37:51.436-0300] {dag.py:3324} INFO - Setting next_dagrun for example_skip_dag to 2022-11-07T22:37:51.436665+00:00, run_after=2022-11-08T22:37:51.436665+00:00
[2022-11-08T19:37:51.466-0300] {processor.py:178} INFO - Processing /home/renato/Documentos/datapipeline/.env/lib/python3.10/site-packages/airflow/example_dags/example_skip_dag.py took 0.101 seconds
[2022-11-08T19:38:29.937-0300] {processor.py:156} INFO - Started process (PID=13976) to work on /home/renato/Documentos/datapipeline/.env/lib/python3.10/site-packages/airflow/example_dags/example_skip_dag.py
[2022-11-08T19:38:29.938-0300] {processor.py:758} INFO - Processing file /home/renato/Documentos/datapipeline/.env/lib/python3.10/site-packages/airflow/example_dags/example_skip_dag.py for tasks to queue
[2022-11-08T19:38:29.939-0300] {logging_mixin.py:117} INFO - [2022-11-08T19:38:29.939-0300] {dagbag.py:525} INFO - Filling up the DagBag from /home/renato/Documentos/datapipeline/.env/lib/python3.10/site-packages/airflow/example_dags/example_skip_dag.py
[2022-11-08T19:38:29.951-0300] {processor.py:768} INFO - DAG(s) dict_keys(['example_skip_dag']) retrieved from /home/renato/Documentos/datapipeline/.env/lib/python3.10/site-packages/airflow/example_dags/example_skip_dag.py
[2022-11-08T19:38:29.971-0300] {logging_mixin.py:117} INFO - [2022-11-08T19:38:29.971-0300] {dag.py:2573} INFO - Sync 1 DAGs
[2022-11-08T19:38:29.987-0300] {logging_mixin.py:117} INFO - [2022-11-08T19:38:29.987-0300] {dag.py:3324} INFO - Setting next_dagrun for example_skip_dag to 2022-11-07T22:38:29.987157+00:00, run_after=2022-11-08T22:38:29.987157+00:00
[2022-11-08T19:38:30.012-0300] {processor.py:178} INFO - Processing /home/renato/Documentos/datapipeline/.env/lib/python3.10/site-packages/airflow/example_dags/example_skip_dag.py took 0.078 seconds
[2022-11-08T19:39:06.066-0300] {processor.py:156} INFO - Started process (PID=14050) to work on /home/renato/Documentos/datapipeline/.env/lib/python3.10/site-packages/airflow/example_dags/example_skip_dag.py
[2022-11-08T19:39:06.069-0300] {processor.py:758} INFO - Processing file /home/renato/Documentos/datapipeline/.env/lib/python3.10/site-packages/airflow/example_dags/example_skip_dag.py for tasks to queue
[2022-11-08T19:39:06.070-0300] {logging_mixin.py:117} INFO - [2022-11-08T19:39:06.070-0300] {dagbag.py:525} INFO - Filling up the DagBag from /home/renato/Documentos/datapipeline/.env/lib/python3.10/site-packages/airflow/example_dags/example_skip_dag.py
[2022-11-08T19:39:06.090-0300] {processor.py:768} INFO - DAG(s) dict_keys(['example_skip_dag']) retrieved from /home/renato/Documentos/datapipeline/.env/lib/python3.10/site-packages/airflow/example_dags/example_skip_dag.py
[2022-11-08T19:39:06.115-0300] {logging_mixin.py:117} INFO - [2022-11-08T19:39:06.115-0300] {dag.py:2573} INFO - Sync 1 DAGs
[2022-11-08T19:39:06.133-0300] {logging_mixin.py:117} INFO - [2022-11-08T19:39:06.133-0300] {dag.py:3324} INFO - Setting next_dagrun for example_skip_dag to 2022-11-07T22:39:06.132897+00:00, run_after=2022-11-08T22:39:06.132897+00:00
[2022-11-08T19:39:06.156-0300] {processor.py:178} INFO - Processing /home/renato/Documentos/datapipeline/.env/lib/python3.10/site-packages/airflow/example_dags/example_skip_dag.py took 0.098 seconds
[2022-11-08T19:39:46.365-0300] {processor.py:156} INFO - Started process (PID=14127) to work on /home/renato/Documentos/datapipeline/.env/lib/python3.10/site-packages/airflow/example_dags/example_skip_dag.py
[2022-11-08T19:39:46.368-0300] {processor.py:758} INFO - Processing file /home/renato/Documentos/datapipeline/.env/lib/python3.10/site-packages/airflow/example_dags/example_skip_dag.py for tasks to queue
[2022-11-08T19:39:46.370-0300] {logging_mixin.py:117} INFO - [2022-11-08T19:39:46.369-0300] {dagbag.py:525} INFO - Filling up the DagBag from /home/renato/Documentos/datapipeline/.env/lib/python3.10/site-packages/airflow/example_dags/example_skip_dag.py
[2022-11-08T19:39:46.406-0300] {processor.py:768} INFO - DAG(s) dict_keys(['example_skip_dag']) retrieved from /home/renato/Documentos/datapipeline/.env/lib/python3.10/site-packages/airflow/example_dags/example_skip_dag.py
[2022-11-08T19:39:46.434-0300] {logging_mixin.py:117} INFO - [2022-11-08T19:39:46.434-0300] {dag.py:2573} INFO - Sync 1 DAGs
[2022-11-08T19:39:46.450-0300] {logging_mixin.py:117} INFO - [2022-11-08T19:39:46.450-0300] {dag.py:3324} INFO - Setting next_dagrun for example_skip_dag to 2022-11-07T22:39:46.450610+00:00, run_after=2022-11-08T22:39:46.450610+00:00
[2022-11-08T19:39:46.474-0300] {processor.py:178} INFO - Processing /home/renato/Documentos/datapipeline/.env/lib/python3.10/site-packages/airflow/example_dags/example_skip_dag.py took 0.118 seconds
[2022-11-08T19:40:25.500-0300] {processor.py:156} INFO - Started process (PID=14211) to work on /home/renato/Documentos/datapipeline/.env/lib/python3.10/site-packages/airflow/example_dags/example_skip_dag.py
[2022-11-08T19:40:25.505-0300] {processor.py:758} INFO - Processing file /home/renato/Documentos/datapipeline/.env/lib/python3.10/site-packages/airflow/example_dags/example_skip_dag.py for tasks to queue
[2022-11-08T19:40:25.506-0300] {logging_mixin.py:117} INFO - [2022-11-08T19:40:25.506-0300] {dagbag.py:525} INFO - Filling up the DagBag from /home/renato/Documentos/datapipeline/.env/lib/python3.10/site-packages/airflow/example_dags/example_skip_dag.py
[2022-11-08T19:40:25.518-0300] {processor.py:768} INFO - DAG(s) dict_keys(['example_skip_dag']) retrieved from /home/renato/Documentos/datapipeline/.env/lib/python3.10/site-packages/airflow/example_dags/example_skip_dag.py
[2022-11-08T19:40:25.555-0300] {logging_mixin.py:117} INFO - [2022-11-08T19:40:25.555-0300] {dag.py:2573} INFO - Sync 1 DAGs
[2022-11-08T19:40:25.584-0300] {logging_mixin.py:117} INFO - [2022-11-08T19:40:25.584-0300] {dag.py:3324} INFO - Setting next_dagrun for example_skip_dag to 2022-11-07T22:40:25.583845+00:00, run_after=2022-11-08T22:40:25.583845+00:00
[2022-11-08T19:40:25.631-0300] {processor.py:178} INFO - Processing /home/renato/Documentos/datapipeline/.env/lib/python3.10/site-packages/airflow/example_dags/example_skip_dag.py took 0.133 seconds
[2022-11-08T19:41:01.246-0300] {processor.py:156} INFO - Started process (PID=14444) to work on /home/renato/Documentos/datapipeline/.env/lib/python3.10/site-packages/airflow/example_dags/example_skip_dag.py
[2022-11-08T19:41:01.249-0300] {processor.py:758} INFO - Processing file /home/renato/Documentos/datapipeline/.env/lib/python3.10/site-packages/airflow/example_dags/example_skip_dag.py for tasks to queue
[2022-11-08T19:41:01.251-0300] {logging_mixin.py:117} INFO - [2022-11-08T19:41:01.250-0300] {dagbag.py:525} INFO - Filling up the DagBag from /home/renato/Documentos/datapipeline/.env/lib/python3.10/site-packages/airflow/example_dags/example_skip_dag.py
[2022-11-08T19:41:01.275-0300] {processor.py:768} INFO - DAG(s) dict_keys(['example_skip_dag']) retrieved from /home/renato/Documentos/datapipeline/.env/lib/python3.10/site-packages/airflow/example_dags/example_skip_dag.py
[2022-11-08T19:41:01.302-0300] {logging_mixin.py:117} INFO - [2022-11-08T19:41:01.302-0300] {dag.py:2573} INFO - Sync 1 DAGs
[2022-11-08T19:41:01.318-0300] {logging_mixin.py:117} INFO - [2022-11-08T19:41:01.318-0300] {dag.py:3324} INFO - Setting next_dagrun for example_skip_dag to 2022-11-07T22:41:01.318153+00:00, run_after=2022-11-08T22:41:01.318153+00:00
[2022-11-08T19:41:01.342-0300] {processor.py:178} INFO - Processing /home/renato/Documentos/datapipeline/.env/lib/python3.10/site-packages/airflow/example_dags/example_skip_dag.py took 0.102 seconds
[2022-11-08T19:41:46.063-0300] {processor.py:156} INFO - Started process (PID=14640) to work on /home/renato/Documentos/datapipeline/.env/lib/python3.10/site-packages/airflow/example_dags/example_skip_dag.py
[2022-11-08T19:41:46.066-0300] {processor.py:758} INFO - Processing file /home/renato/Documentos/datapipeline/.env/lib/python3.10/site-packages/airflow/example_dags/example_skip_dag.py for tasks to queue
[2022-11-08T19:41:46.067-0300] {logging_mixin.py:117} INFO - [2022-11-08T19:41:46.067-0300] {dagbag.py:525} INFO - Filling up the DagBag from /home/renato/Documentos/datapipeline/.env/lib/python3.10/site-packages/airflow/example_dags/example_skip_dag.py
[2022-11-08T19:41:46.086-0300] {processor.py:768} INFO - DAG(s) dict_keys(['example_skip_dag']) retrieved from /home/renato/Documentos/datapipeline/.env/lib/python3.10/site-packages/airflow/example_dags/example_skip_dag.py
[2022-11-08T19:41:46.116-0300] {logging_mixin.py:117} INFO - [2022-11-08T19:41:46.116-0300] {dag.py:2573} INFO - Sync 1 DAGs
[2022-11-08T19:41:46.138-0300] {logging_mixin.py:117} INFO - [2022-11-08T19:41:46.138-0300] {dag.py:3324} INFO - Setting next_dagrun for example_skip_dag to 2022-11-07T22:41:46.138105+00:00, run_after=2022-11-08T22:41:46.138105+00:00
[2022-11-08T19:41:46.190-0300] {processor.py:178} INFO - Processing /home/renato/Documentos/datapipeline/.env/lib/python3.10/site-packages/airflow/example_dags/example_skip_dag.py took 0.130 seconds
[2022-11-08T19:42:26.289-0300] {processor.py:156} INFO - Started process (PID=14843) to work on /home/renato/Documentos/datapipeline/.env/lib/python3.10/site-packages/airflow/example_dags/example_skip_dag.py
[2022-11-08T19:42:26.291-0300] {processor.py:758} INFO - Processing file /home/renato/Documentos/datapipeline/.env/lib/python3.10/site-packages/airflow/example_dags/example_skip_dag.py for tasks to queue
[2022-11-08T19:42:26.291-0300] {logging_mixin.py:117} INFO - [2022-11-08T19:42:26.291-0300] {dagbag.py:525} INFO - Filling up the DagBag from /home/renato/Documentos/datapipeline/.env/lib/python3.10/site-packages/airflow/example_dags/example_skip_dag.py
[2022-11-08T19:42:26.306-0300] {processor.py:768} INFO - DAG(s) dict_keys(['example_skip_dag']) retrieved from /home/renato/Documentos/datapipeline/.env/lib/python3.10/site-packages/airflow/example_dags/example_skip_dag.py
[2022-11-08T19:42:26.331-0300] {logging_mixin.py:117} INFO - [2022-11-08T19:42:26.330-0300] {dag.py:2573} INFO - Sync 1 DAGs
[2022-11-08T19:42:26.348-0300] {logging_mixin.py:117} INFO - [2022-11-08T19:42:26.348-0300] {dag.py:3324} INFO - Setting next_dagrun for example_skip_dag to 2022-11-07T22:42:26.348485+00:00, run_after=2022-11-08T22:42:26.348485+00:00
[2022-11-08T19:42:26.371-0300] {processor.py:178} INFO - Processing /home/renato/Documentos/datapipeline/.env/lib/python3.10/site-packages/airflow/example_dags/example_skip_dag.py took 0.085 seconds
[2022-11-08T19:43:03.481-0300] {processor.py:156} INFO - Started process (PID=14934) to work on /home/renato/Documentos/datapipeline/.env/lib/python3.10/site-packages/airflow/example_dags/example_skip_dag.py
[2022-11-08T19:43:03.486-0300] {processor.py:758} INFO - Processing file /home/renato/Documentos/datapipeline/.env/lib/python3.10/site-packages/airflow/example_dags/example_skip_dag.py for tasks to queue
[2022-11-08T19:43:03.487-0300] {logging_mixin.py:117} INFO - [2022-11-08T19:43:03.487-0300] {dagbag.py:525} INFO - Filling up the DagBag from /home/renato/Documentos/datapipeline/.env/lib/python3.10/site-packages/airflow/example_dags/example_skip_dag.py
[2022-11-08T19:43:03.508-0300] {processor.py:768} INFO - DAG(s) dict_keys(['example_skip_dag']) retrieved from /home/renato/Documentos/datapipeline/.env/lib/python3.10/site-packages/airflow/example_dags/example_skip_dag.py
[2022-11-08T19:43:03.532-0300] {logging_mixin.py:117} INFO - [2022-11-08T19:43:03.532-0300] {dag.py:2573} INFO - Sync 1 DAGs
[2022-11-08T19:43:03.549-0300] {logging_mixin.py:117} INFO - [2022-11-08T19:43:03.549-0300] {dag.py:3324} INFO - Setting next_dagrun for example_skip_dag to 2022-11-07T22:43:03.549148+00:00, run_after=2022-11-08T22:43:03.549148+00:00
[2022-11-08T19:43:03.572-0300] {processor.py:178} INFO - Processing /home/renato/Documentos/datapipeline/.env/lib/python3.10/site-packages/airflow/example_dags/example_skip_dag.py took 0.095 seconds
[2022-11-08T19:43:38.606-0300] {processor.py:156} INFO - Started process (PID=15134) to work on /home/renato/Documentos/datapipeline/.env/lib/python3.10/site-packages/airflow/example_dags/example_skip_dag.py
[2022-11-08T19:43:38.609-0300] {processor.py:758} INFO - Processing file /home/renato/Documentos/datapipeline/.env/lib/python3.10/site-packages/airflow/example_dags/example_skip_dag.py for tasks to queue
[2022-11-08T19:43:38.611-0300] {logging_mixin.py:117} INFO - [2022-11-08T19:43:38.611-0300] {dagbag.py:525} INFO - Filling up the DagBag from /home/renato/Documentos/datapipeline/.env/lib/python3.10/site-packages/airflow/example_dags/example_skip_dag.py
[2022-11-08T19:43:38.634-0300] {processor.py:768} INFO - DAG(s) dict_keys(['example_skip_dag']) retrieved from /home/renato/Documentos/datapipeline/.env/lib/python3.10/site-packages/airflow/example_dags/example_skip_dag.py
[2022-11-08T19:43:38.661-0300] {logging_mixin.py:117} INFO - [2022-11-08T19:43:38.661-0300] {dag.py:2573} INFO - Sync 1 DAGs
[2022-11-08T19:43:38.678-0300] {logging_mixin.py:117} INFO - [2022-11-08T19:43:38.678-0300] {dag.py:3324} INFO - Setting next_dagrun for example_skip_dag to 2022-11-07T22:43:38.678581+00:00, run_after=2022-11-08T22:43:38.678581+00:00
[2022-11-08T19:43:38.701-0300] {processor.py:178} INFO - Processing /home/renato/Documentos/datapipeline/.env/lib/python3.10/site-packages/airflow/example_dags/example_skip_dag.py took 0.101 seconds
[2022-11-08T19:44:21.731-0300] {processor.py:156} INFO - Started process (PID=15225) to work on /home/renato/Documentos/datapipeline/.env/lib/python3.10/site-packages/airflow/example_dags/example_skip_dag.py
[2022-11-08T19:44:21.734-0300] {processor.py:758} INFO - Processing file /home/renato/Documentos/datapipeline/.env/lib/python3.10/site-packages/airflow/example_dags/example_skip_dag.py for tasks to queue
[2022-11-08T19:44:21.734-0300] {logging_mixin.py:117} INFO - [2022-11-08T19:44:21.734-0300] {dagbag.py:525} INFO - Filling up the DagBag from /home/renato/Documentos/datapipeline/.env/lib/python3.10/site-packages/airflow/example_dags/example_skip_dag.py
[2022-11-08T19:44:21.754-0300] {processor.py:768} INFO - DAG(s) dict_keys(['example_skip_dag']) retrieved from /home/renato/Documentos/datapipeline/.env/lib/python3.10/site-packages/airflow/example_dags/example_skip_dag.py
[2022-11-08T19:44:21.788-0300] {logging_mixin.py:117} INFO - [2022-11-08T19:44:21.788-0300] {dag.py:2573} INFO - Sync 1 DAGs
[2022-11-08T19:44:21.820-0300] {logging_mixin.py:117} INFO - [2022-11-08T19:44:21.820-0300] {dag.py:3324} INFO - Setting next_dagrun for example_skip_dag to 2022-11-07T22:44:21.820323+00:00, run_after=2022-11-08T22:44:21.820323+00:00
[2022-11-08T19:44:21.873-0300] {processor.py:178} INFO - Processing /home/renato/Documentos/datapipeline/.env/lib/python3.10/site-packages/airflow/example_dags/example_skip_dag.py took 0.150 seconds
[2022-11-08T19:45:04.104-0300] {processor.py:156} INFO - Started process (PID=15312) to work on /home/renato/Documentos/datapipeline/.env/lib/python3.10/site-packages/airflow/example_dags/example_skip_dag.py
[2022-11-08T19:45:04.107-0300] {processor.py:758} INFO - Processing file /home/renato/Documentos/datapipeline/.env/lib/python3.10/site-packages/airflow/example_dags/example_skip_dag.py for tasks to queue
[2022-11-08T19:45:04.108-0300] {logging_mixin.py:117} INFO - [2022-11-08T19:45:04.108-0300] {dagbag.py:525} INFO - Filling up the DagBag from /home/renato/Documentos/datapipeline/.env/lib/python3.10/site-packages/airflow/example_dags/example_skip_dag.py
[2022-11-08T19:45:04.125-0300] {processor.py:768} INFO - DAG(s) dict_keys(['example_skip_dag']) retrieved from /home/renato/Documentos/datapipeline/.env/lib/python3.10/site-packages/airflow/example_dags/example_skip_dag.py
[2022-11-08T19:45:04.147-0300] {logging_mixin.py:117} INFO - [2022-11-08T19:45:04.147-0300] {dag.py:2573} INFO - Sync 1 DAGs
[2022-11-08T19:45:04.164-0300] {logging_mixin.py:117} INFO - [2022-11-08T19:45:04.163-0300] {dag.py:3324} INFO - Setting next_dagrun for example_skip_dag to 2022-11-07T22:45:04.163678+00:00, run_after=2022-11-08T22:45:04.163678+00:00
[2022-11-08T19:45:04.194-0300] {processor.py:178} INFO - Processing /home/renato/Documentos/datapipeline/.env/lib/python3.10/site-packages/airflow/example_dags/example_skip_dag.py took 0.096 seconds
[2022-11-08T19:46:00.085-0300] {processor.py:156} INFO - Started process (PID=15685) to work on /home/renato/Documentos/datapipeline/.env/lib/python3.10/site-packages/airflow/example_dags/example_skip_dag.py
[2022-11-08T19:46:00.088-0300] {processor.py:758} INFO - Processing file /home/renato/Documentos/datapipeline/.env/lib/python3.10/site-packages/airflow/example_dags/example_skip_dag.py for tasks to queue
[2022-11-08T19:46:00.089-0300] {logging_mixin.py:117} INFO - [2022-11-08T19:46:00.089-0300] {dagbag.py:525} INFO - Filling up the DagBag from /home/renato/Documentos/datapipeline/.env/lib/python3.10/site-packages/airflow/example_dags/example_skip_dag.py
[2022-11-08T19:46:00.105-0300] {processor.py:768} INFO - DAG(s) dict_keys(['example_skip_dag']) retrieved from /home/renato/Documentos/datapipeline/.env/lib/python3.10/site-packages/airflow/example_dags/example_skip_dag.py
[2022-11-08T19:46:00.126-0300] {logging_mixin.py:117} INFO - [2022-11-08T19:46:00.126-0300] {dag.py:2573} INFO - Sync 1 DAGs
[2022-11-08T19:46:00.143-0300] {logging_mixin.py:117} INFO - [2022-11-08T19:46:00.143-0300] {dag.py:3324} INFO - Setting next_dagrun for example_skip_dag to 2022-11-07T22:46:00.143137+00:00, run_after=2022-11-08T22:46:00.143137+00:00
[2022-11-08T19:46:00.168-0300] {processor.py:178} INFO - Processing /home/renato/Documentos/datapipeline/.env/lib/python3.10/site-packages/airflow/example_dags/example_skip_dag.py took 0.086 seconds
[2022-11-08T19:46:39.977-0300] {processor.py:156} INFO - Started process (PID=15773) to work on /home/renato/Documentos/datapipeline/.env/lib/python3.10/site-packages/airflow/example_dags/example_skip_dag.py
[2022-11-08T19:46:39.978-0300] {processor.py:758} INFO - Processing file /home/renato/Documentos/datapipeline/.env/lib/python3.10/site-packages/airflow/example_dags/example_skip_dag.py for tasks to queue
[2022-11-08T19:46:39.979-0300] {logging_mixin.py:117} INFO - [2022-11-08T19:46:39.979-0300] {dagbag.py:525} INFO - Filling up the DagBag from /home/renato/Documentos/datapipeline/.env/lib/python3.10/site-packages/airflow/example_dags/example_skip_dag.py
[2022-11-08T19:46:39.992-0300] {processor.py:768} INFO - DAG(s) dict_keys(['example_skip_dag']) retrieved from /home/renato/Documentos/datapipeline/.env/lib/python3.10/site-packages/airflow/example_dags/example_skip_dag.py
[2022-11-08T19:46:40.011-0300] {logging_mixin.py:117} INFO - [2022-11-08T19:46:40.011-0300] {dag.py:2573} INFO - Sync 1 DAGs
[2022-11-08T19:46:40.029-0300] {logging_mixin.py:117} INFO - [2022-11-08T19:46:40.029-0300] {dag.py:3324} INFO - Setting next_dagrun for example_skip_dag to 2022-11-07T22:46:40.028811+00:00, run_after=2022-11-08T22:46:40.028811+00:00
[2022-11-08T19:46:40.061-0300] {processor.py:178} INFO - Processing /home/renato/Documentos/datapipeline/.env/lib/python3.10/site-packages/airflow/example_dags/example_skip_dag.py took 0.086 seconds
[2022-11-08T19:47:17.460-0300] {processor.py:156} INFO - Started process (PID=15865) to work on /home/renato/Documentos/datapipeline/.env/lib/python3.10/site-packages/airflow/example_dags/example_skip_dag.py
[2022-11-08T19:47:17.461-0300] {processor.py:758} INFO - Processing file /home/renato/Documentos/datapipeline/.env/lib/python3.10/site-packages/airflow/example_dags/example_skip_dag.py for tasks to queue
[2022-11-08T19:47:17.462-0300] {logging_mixin.py:117} INFO - [2022-11-08T19:47:17.462-0300] {dagbag.py:525} INFO - Filling up the DagBag from /home/renato/Documentos/datapipeline/.env/lib/python3.10/site-packages/airflow/example_dags/example_skip_dag.py
[2022-11-08T19:47:17.477-0300] {processor.py:768} INFO - DAG(s) dict_keys(['example_skip_dag']) retrieved from /home/renato/Documentos/datapipeline/.env/lib/python3.10/site-packages/airflow/example_dags/example_skip_dag.py
[2022-11-08T19:47:17.512-0300] {logging_mixin.py:117} INFO - [2022-11-08T19:47:17.512-0300] {dag.py:2573} INFO - Sync 1 DAGs
[2022-11-08T19:47:17.550-0300] {logging_mixin.py:117} INFO - [2022-11-08T19:47:17.550-0300] {dag.py:3324} INFO - Setting next_dagrun for example_skip_dag to 2022-11-07T22:47:17.549851+00:00, run_after=2022-11-08T22:47:17.549851+00:00
[2022-11-08T19:47:17.576-0300] {processor.py:178} INFO - Processing /home/renato/Documentos/datapipeline/.env/lib/python3.10/site-packages/airflow/example_dags/example_skip_dag.py took 0.123 seconds
[2022-11-08T19:48:13.943-0300] {processor.py:156} INFO - Started process (PID=16335) to work on /home/renato/Documentos/datapipeline/.env/lib/python3.10/site-packages/airflow/example_dags/example_skip_dag.py
[2022-11-08T19:48:13.948-0300] {processor.py:758} INFO - Processing file /home/renato/Documentos/datapipeline/.env/lib/python3.10/site-packages/airflow/example_dags/example_skip_dag.py for tasks to queue
[2022-11-08T19:48:13.949-0300] {logging_mixin.py:117} INFO - [2022-11-08T19:48:13.949-0300] {dagbag.py:525} INFO - Filling up the DagBag from /home/renato/Documentos/datapipeline/.env/lib/python3.10/site-packages/airflow/example_dags/example_skip_dag.py
[2022-11-08T19:48:13.970-0300] {processor.py:768} INFO - DAG(s) dict_keys(['example_skip_dag']) retrieved from /home/renato/Documentos/datapipeline/.env/lib/python3.10/site-packages/airflow/example_dags/example_skip_dag.py
[2022-11-08T19:48:13.994-0300] {logging_mixin.py:117} INFO - [2022-11-08T19:48:13.993-0300] {dag.py:2573} INFO - Sync 1 DAGs
[2022-11-08T19:48:14.015-0300] {logging_mixin.py:117} INFO - [2022-11-08T19:48:14.015-0300] {dag.py:3324} INFO - Setting next_dagrun for example_skip_dag to 2022-11-07T22:48:14.015445+00:00, run_after=2022-11-08T22:48:14.015445+00:00
[2022-11-08T19:48:14.040-0300] {processor.py:178} INFO - Processing /home/renato/Documentos/datapipeline/.env/lib/python3.10/site-packages/airflow/example_dags/example_skip_dag.py took 0.101 seconds
[2022-11-08T19:49:28.782-0300] {processor.py:156} INFO - Started process (PID=16740) to work on /home/renato/Documentos/datapipeline/.env/lib/python3.10/site-packages/airflow/example_dags/example_skip_dag.py
[2022-11-08T19:49:28.787-0300] {processor.py:758} INFO - Processing file /home/renato/Documentos/datapipeline/.env/lib/python3.10/site-packages/airflow/example_dags/example_skip_dag.py for tasks to queue
[2022-11-08T19:49:28.788-0300] {logging_mixin.py:117} INFO - [2022-11-08T19:49:28.788-0300] {dagbag.py:525} INFO - Filling up the DagBag from /home/renato/Documentos/datapipeline/.env/lib/python3.10/site-packages/airflow/example_dags/example_skip_dag.py
[2022-11-08T19:49:28.807-0300] {processor.py:768} INFO - DAG(s) dict_keys(['example_skip_dag']) retrieved from /home/renato/Documentos/datapipeline/.env/lib/python3.10/site-packages/airflow/example_dags/example_skip_dag.py
[2022-11-08T19:49:28.826-0300] {logging_mixin.py:117} INFO - [2022-11-08T19:49:28.826-0300] {dag.py:2573} INFO - Sync 1 DAGs
[2022-11-08T19:49:28.842-0300] {logging_mixin.py:117} INFO - [2022-11-08T19:49:28.842-0300] {dag.py:3324} INFO - Setting next_dagrun for example_skip_dag to 2022-11-07T22:49:28.842027+00:00, run_after=2022-11-08T22:49:28.842027+00:00
[2022-11-08T19:49:28.867-0300] {processor.py:178} INFO - Processing /home/renato/Documentos/datapipeline/.env/lib/python3.10/site-packages/airflow/example_dags/example_skip_dag.py took 0.089 seconds
[2022-11-08T19:51:09.371-0300] {processor.py:156} INFO - Started process (PID=17427) to work on /home/renato/Documentos/datapipeline/.env/lib/python3.10/site-packages/airflow/example_dags/example_skip_dag.py
[2022-11-08T19:51:09.372-0300] {processor.py:758} INFO - Processing file /home/renato/Documentos/datapipeline/.env/lib/python3.10/site-packages/airflow/example_dags/example_skip_dag.py for tasks to queue
[2022-11-08T19:51:09.373-0300] {logging_mixin.py:117} INFO - [2022-11-08T19:51:09.373-0300] {dagbag.py:525} INFO - Filling up the DagBag from /home/renato/Documentos/datapipeline/.env/lib/python3.10/site-packages/airflow/example_dags/example_skip_dag.py
[2022-11-08T19:51:09.389-0300] {processor.py:768} INFO - DAG(s) dict_keys(['example_skip_dag']) retrieved from /home/renato/Documentos/datapipeline/.env/lib/python3.10/site-packages/airflow/example_dags/example_skip_dag.py
[2022-11-08T19:51:09.410-0300] {logging_mixin.py:117} INFO - [2022-11-08T19:51:09.410-0300] {dag.py:2573} INFO - Sync 1 DAGs
[2022-11-08T19:51:09.428-0300] {logging_mixin.py:117} INFO - [2022-11-08T19:51:09.428-0300] {dag.py:3324} INFO - Setting next_dagrun for example_skip_dag to 2022-11-07T22:51:09.428201+00:00, run_after=2022-11-08T22:51:09.428201+00:00
[2022-11-08T19:51:09.454-0300] {processor.py:178} INFO - Processing /home/renato/Documentos/datapipeline/.env/lib/python3.10/site-packages/airflow/example_dags/example_skip_dag.py took 0.086 seconds
[2022-11-08T19:52:18.032-0300] {processor.py:156} INFO - Started process (PID=17801) to work on /home/renato/Documentos/datapipeline/.env/lib/python3.10/site-packages/airflow/example_dags/example_skip_dag.py
[2022-11-08T19:52:18.034-0300] {processor.py:758} INFO - Processing file /home/renato/Documentos/datapipeline/.env/lib/python3.10/site-packages/airflow/example_dags/example_skip_dag.py for tasks to queue
[2022-11-08T19:52:18.036-0300] {logging_mixin.py:117} INFO - [2022-11-08T19:52:18.036-0300] {dagbag.py:525} INFO - Filling up the DagBag from /home/renato/Documentos/datapipeline/.env/lib/python3.10/site-packages/airflow/example_dags/example_skip_dag.py
[2022-11-08T19:52:18.049-0300] {processor.py:768} INFO - DAG(s) dict_keys(['example_skip_dag']) retrieved from /home/renato/Documentos/datapipeline/.env/lib/python3.10/site-packages/airflow/example_dags/example_skip_dag.py
[2022-11-08T19:52:18.073-0300] {logging_mixin.py:117} INFO - [2022-11-08T19:52:18.073-0300] {dag.py:2573} INFO - Sync 1 DAGs
[2022-11-08T19:52:18.094-0300] {logging_mixin.py:117} INFO - [2022-11-08T19:52:18.094-0300] {dag.py:3324} INFO - Setting next_dagrun for example_skip_dag to 2022-11-07T22:52:18.094000+00:00, run_after=2022-11-08T22:52:18.094000+00:00
[2022-11-08T19:52:18.120-0300] {processor.py:178} INFO - Processing /home/renato/Documentos/datapipeline/.env/lib/python3.10/site-packages/airflow/example_dags/example_skip_dag.py took 0.090 seconds
[2022-11-08T19:52:58.779-0300] {processor.py:156} INFO - Started process (PID=17880) to work on /home/renato/Documentos/datapipeline/.env/lib/python3.10/site-packages/airflow/example_dags/example_skip_dag.py
[2022-11-08T19:52:58.786-0300] {processor.py:758} INFO - Processing file /home/renato/Documentos/datapipeline/.env/lib/python3.10/site-packages/airflow/example_dags/example_skip_dag.py for tasks to queue
[2022-11-08T19:52:58.787-0300] {logging_mixin.py:117} INFO - [2022-11-08T19:52:58.787-0300] {dagbag.py:525} INFO - Filling up the DagBag from /home/renato/Documentos/datapipeline/.env/lib/python3.10/site-packages/airflow/example_dags/example_skip_dag.py
[2022-11-08T19:52:58.801-0300] {processor.py:768} INFO - DAG(s) dict_keys(['example_skip_dag']) retrieved from /home/renato/Documentos/datapipeline/.env/lib/python3.10/site-packages/airflow/example_dags/example_skip_dag.py
[2022-11-08T19:52:58.824-0300] {logging_mixin.py:117} INFO - [2022-11-08T19:52:58.824-0300] {dag.py:2573} INFO - Sync 1 DAGs
[2022-11-08T19:52:58.845-0300] {logging_mixin.py:117} INFO - [2022-11-08T19:52:58.845-0300] {dag.py:3324} INFO - Setting next_dagrun for example_skip_dag to 2022-11-07T22:52:58.845521+00:00, run_after=2022-11-08T22:52:58.845521+00:00
[2022-11-08T19:52:58.909-0300] {processor.py:178} INFO - Processing /home/renato/Documentos/datapipeline/.env/lib/python3.10/site-packages/airflow/example_dags/example_skip_dag.py took 0.133 seconds
[2022-11-08T19:53:40.111-0300] {processor.py:156} INFO - Started process (PID=18086) to work on /home/renato/Documentos/datapipeline/.env/lib/python3.10/site-packages/airflow/example_dags/example_skip_dag.py
[2022-11-08T19:53:40.113-0300] {processor.py:758} INFO - Processing file /home/renato/Documentos/datapipeline/.env/lib/python3.10/site-packages/airflow/example_dags/example_skip_dag.py for tasks to queue
[2022-11-08T19:53:40.113-0300] {logging_mixin.py:117} INFO - [2022-11-08T19:53:40.113-0300] {dagbag.py:525} INFO - Filling up the DagBag from /home/renato/Documentos/datapipeline/.env/lib/python3.10/site-packages/airflow/example_dags/example_skip_dag.py
[2022-11-08T19:53:40.128-0300] {processor.py:768} INFO - DAG(s) dict_keys(['example_skip_dag']) retrieved from /home/renato/Documentos/datapipeline/.env/lib/python3.10/site-packages/airflow/example_dags/example_skip_dag.py
[2022-11-08T19:53:40.150-0300] {logging_mixin.py:117} INFO - [2022-11-08T19:53:40.150-0300] {dag.py:2573} INFO - Sync 1 DAGs
[2022-11-08T19:53:40.168-0300] {logging_mixin.py:117} INFO - [2022-11-08T19:53:40.168-0300] {dag.py:3324} INFO - Setting next_dagrun for example_skip_dag to 2022-11-07T22:53:40.168043+00:00, run_after=2022-11-08T22:53:40.168043+00:00
[2022-11-08T19:53:40.194-0300] {processor.py:178} INFO - Processing /home/renato/Documentos/datapipeline/.env/lib/python3.10/site-packages/airflow/example_dags/example_skip_dag.py took 0.086 seconds
[2022-11-08T19:54:19.262-0300] {processor.py:156} INFO - Started process (PID=18162) to work on /home/renato/Documentos/datapipeline/.env/lib/python3.10/site-packages/airflow/example_dags/example_skip_dag.py
[2022-11-08T19:54:19.263-0300] {processor.py:758} INFO - Processing file /home/renato/Documentos/datapipeline/.env/lib/python3.10/site-packages/airflow/example_dags/example_skip_dag.py for tasks to queue
[2022-11-08T19:54:19.264-0300] {logging_mixin.py:117} INFO - [2022-11-08T19:54:19.264-0300] {dagbag.py:525} INFO - Filling up the DagBag from /home/renato/Documentos/datapipeline/.env/lib/python3.10/site-packages/airflow/example_dags/example_skip_dag.py
[2022-11-08T19:54:19.281-0300] {processor.py:768} INFO - DAG(s) dict_keys(['example_skip_dag']) retrieved from /home/renato/Documentos/datapipeline/.env/lib/python3.10/site-packages/airflow/example_dags/example_skip_dag.py
[2022-11-08T19:54:19.304-0300] {logging_mixin.py:117} INFO - [2022-11-08T19:54:19.304-0300] {dag.py:2573} INFO - Sync 1 DAGs
[2022-11-08T19:54:19.326-0300] {logging_mixin.py:117} INFO - [2022-11-08T19:54:19.326-0300] {dag.py:3324} INFO - Setting next_dagrun for example_skip_dag to 2022-11-07T22:54:19.325731+00:00, run_after=2022-11-08T22:54:19.325731+00:00
[2022-11-08T19:54:19.350-0300] {processor.py:178} INFO - Processing /home/renato/Documentos/datapipeline/.env/lib/python3.10/site-packages/airflow/example_dags/example_skip_dag.py took 0.091 seconds
[2022-11-08T19:54:58.201-0300] {processor.py:156} INFO - Started process (PID=18240) to work on /home/renato/Documentos/datapipeline/.env/lib/python3.10/site-packages/airflow/example_dags/example_skip_dag.py
[2022-11-08T19:54:58.203-0300] {processor.py:758} INFO - Processing file /home/renato/Documentos/datapipeline/.env/lib/python3.10/site-packages/airflow/example_dags/example_skip_dag.py for tasks to queue
[2022-11-08T19:54:58.204-0300] {logging_mixin.py:117} INFO - [2022-11-08T19:54:58.204-0300] {dagbag.py:525} INFO - Filling up the DagBag from /home/renato/Documentos/datapipeline/.env/lib/python3.10/site-packages/airflow/example_dags/example_skip_dag.py
[2022-11-08T19:54:58.216-0300] {processor.py:768} INFO - DAG(s) dict_keys(['example_skip_dag']) retrieved from /home/renato/Documentos/datapipeline/.env/lib/python3.10/site-packages/airflow/example_dags/example_skip_dag.py
[2022-11-08T19:54:58.237-0300] {logging_mixin.py:117} INFO - [2022-11-08T19:54:58.237-0300] {dag.py:2573} INFO - Sync 1 DAGs
[2022-11-08T19:54:58.253-0300] {logging_mixin.py:117} INFO - [2022-11-08T19:54:58.253-0300] {dag.py:3324} INFO - Setting next_dagrun for example_skip_dag to 2022-11-07T22:54:58.253433+00:00, run_after=2022-11-08T22:54:58.253433+00:00
[2022-11-08T19:54:58.278-0300] {processor.py:178} INFO - Processing /home/renato/Documentos/datapipeline/.env/lib/python3.10/site-packages/airflow/example_dags/example_skip_dag.py took 0.080 seconds
[2022-11-08T19:55:38.226-0300] {processor.py:156} INFO - Started process (PID=18344) to work on /home/renato/Documentos/datapipeline/.env/lib/python3.10/site-packages/airflow/example_dags/example_skip_dag.py
[2022-11-08T19:55:38.229-0300] {processor.py:758} INFO - Processing file /home/renato/Documentos/datapipeline/.env/lib/python3.10/site-packages/airflow/example_dags/example_skip_dag.py for tasks to queue
[2022-11-08T19:55:38.230-0300] {logging_mixin.py:117} INFO - [2022-11-08T19:55:38.230-0300] {dagbag.py:525} INFO - Filling up the DagBag from /home/renato/Documentos/datapipeline/.env/lib/python3.10/site-packages/airflow/example_dags/example_skip_dag.py
[2022-11-08T19:55:38.245-0300] {processor.py:768} INFO - DAG(s) dict_keys(['example_skip_dag']) retrieved from /home/renato/Documentos/datapipeline/.env/lib/python3.10/site-packages/airflow/example_dags/example_skip_dag.py
[2022-11-08T19:55:38.267-0300] {logging_mixin.py:117} INFO - [2022-11-08T19:55:38.267-0300] {dag.py:2573} INFO - Sync 1 DAGs
[2022-11-08T19:55:38.285-0300] {logging_mixin.py:117} INFO - [2022-11-08T19:55:38.285-0300] {dag.py:3324} INFO - Setting next_dagrun for example_skip_dag to 2022-11-07T22:55:38.285039+00:00, run_after=2022-11-08T22:55:38.285039+00:00
[2022-11-08T19:55:38.311-0300] {processor.py:178} INFO - Processing /home/renato/Documentos/datapipeline/.env/lib/python3.10/site-packages/airflow/example_dags/example_skip_dag.py took 0.089 seconds
[2022-11-08T19:56:13.370-0300] {processor.py:156} INFO - Started process (PID=18413) to work on /home/renato/Documentos/datapipeline/.env/lib/python3.10/site-packages/airflow/example_dags/example_skip_dag.py
[2022-11-08T19:56:13.371-0300] {processor.py:758} INFO - Processing file /home/renato/Documentos/datapipeline/.env/lib/python3.10/site-packages/airflow/example_dags/example_skip_dag.py for tasks to queue
[2022-11-08T19:56:13.372-0300] {logging_mixin.py:117} INFO - [2022-11-08T19:56:13.372-0300] {dagbag.py:525} INFO - Filling up the DagBag from /home/renato/Documentos/datapipeline/.env/lib/python3.10/site-packages/airflow/example_dags/example_skip_dag.py
[2022-11-08T19:56:13.385-0300] {processor.py:768} INFO - DAG(s) dict_keys(['example_skip_dag']) retrieved from /home/renato/Documentos/datapipeline/.env/lib/python3.10/site-packages/airflow/example_dags/example_skip_dag.py
[2022-11-08T19:56:13.406-0300] {logging_mixin.py:117} INFO - [2022-11-08T19:56:13.406-0300] {dag.py:2573} INFO - Sync 1 DAGs
[2022-11-08T19:56:13.423-0300] {logging_mixin.py:117} INFO - [2022-11-08T19:56:13.422-0300] {dag.py:3324} INFO - Setting next_dagrun for example_skip_dag to 2022-11-07T22:56:13.422723+00:00, run_after=2022-11-08T22:56:13.422723+00:00
[2022-11-08T19:56:13.448-0300] {processor.py:178} INFO - Processing /home/renato/Documentos/datapipeline/.env/lib/python3.10/site-packages/airflow/example_dags/example_skip_dag.py took 0.081 seconds
