[2022-11-07T23:27:06.505-0300] {processor.py:156} INFO - Started process (PID=965201) to work on /home/renato/Documentos/datapipeline/.env/lib/python3.10/site-packages/airflow/example_dags/tutorial_taskflow_api.py
[2022-11-07T23:27:06.506-0300] {processor.py:758} INFO - Processing file /home/renato/Documentos/datapipeline/.env/lib/python3.10/site-packages/airflow/example_dags/tutorial_taskflow_api.py for tasks to queue
[2022-11-07T23:27:06.507-0300] {logging_mixin.py:117} INFO - [2022-11-07T23:27:06.506-0300] {dagbag.py:525} INFO - Filling up the DagBag from /home/renato/Documentos/datapipeline/.env/lib/python3.10/site-packages/airflow/example_dags/tutorial_taskflow_api.py
[2022-11-07T23:27:06.532-0300] {processor.py:768} INFO - DAG(s) dict_keys(['tutorial_taskflow_api']) retrieved from /home/renato/Documentos/datapipeline/.env/lib/python3.10/site-packages/airflow/example_dags/tutorial_taskflow_api.py
[2022-11-07T23:27:06.553-0300] {logging_mixin.py:117} INFO - [2022-11-07T23:27:06.553-0300] {dag.py:2573} INFO - Sync 1 DAGs
[2022-11-07T23:27:06.572-0300] {logging_mixin.py:117} INFO - [2022-11-07T23:27:06.571-0300] {dag.py:3324} INFO - Setting next_dagrun for tutorial_taskflow_api to None, run_after=None
[2022-11-07T23:27:06.600-0300] {processor.py:178} INFO - Processing /home/renato/Documentos/datapipeline/.env/lib/python3.10/site-packages/airflow/example_dags/tutorial_taskflow_api.py took 0.097 seconds
[2022-11-07T23:27:44.843-0300] {processor.py:156} INFO - Started process (PID=965418) to work on /home/renato/Documentos/datapipeline/.env/lib/python3.10/site-packages/airflow/example_dags/tutorial_taskflow_api.py
[2022-11-07T23:27:44.846-0300] {processor.py:758} INFO - Processing file /home/renato/Documentos/datapipeline/.env/lib/python3.10/site-packages/airflow/example_dags/tutorial_taskflow_api.py for tasks to queue
[2022-11-07T23:27:44.847-0300] {logging_mixin.py:117} INFO - [2022-11-07T23:27:44.847-0300] {dagbag.py:525} INFO - Filling up the DagBag from /home/renato/Documentos/datapipeline/.env/lib/python3.10/site-packages/airflow/example_dags/tutorial_taskflow_api.py
[2022-11-07T23:27:44.882-0300] {processor.py:768} INFO - DAG(s) dict_keys(['tutorial_taskflow_api']) retrieved from /home/renato/Documentos/datapipeline/.env/lib/python3.10/site-packages/airflow/example_dags/tutorial_taskflow_api.py
[2022-11-07T23:27:44.907-0300] {logging_mixin.py:117} INFO - [2022-11-07T23:27:44.906-0300] {dag.py:2573} INFO - Sync 1 DAGs
[2022-11-07T23:27:44.924-0300] {logging_mixin.py:117} INFO - [2022-11-07T23:27:44.924-0300] {dag.py:3324} INFO - Setting next_dagrun for tutorial_taskflow_api to None, run_after=None
[2022-11-07T23:27:44.946-0300] {processor.py:178} INFO - Processing /home/renato/Documentos/datapipeline/.env/lib/python3.10/site-packages/airflow/example_dags/tutorial_taskflow_api.py took 0.109 seconds
[2022-11-07T23:28:24.871-0300] {processor.py:156} INFO - Started process (PID=965498) to work on /home/renato/Documentos/datapipeline/.env/lib/python3.10/site-packages/airflow/example_dags/tutorial_taskflow_api.py
[2022-11-07T23:28:24.873-0300] {processor.py:758} INFO - Processing file /home/renato/Documentos/datapipeline/.env/lib/python3.10/site-packages/airflow/example_dags/tutorial_taskflow_api.py for tasks to queue
[2022-11-07T23:28:24.874-0300] {logging_mixin.py:117} INFO - [2022-11-07T23:28:24.874-0300] {dagbag.py:525} INFO - Filling up the DagBag from /home/renato/Documentos/datapipeline/.env/lib/python3.10/site-packages/airflow/example_dags/tutorial_taskflow_api.py
[2022-11-07T23:28:24.897-0300] {processor.py:768} INFO - DAG(s) dict_keys(['tutorial_taskflow_api']) retrieved from /home/renato/Documentos/datapipeline/.env/lib/python3.10/site-packages/airflow/example_dags/tutorial_taskflow_api.py
[2022-11-07T23:28:24.918-0300] {logging_mixin.py:117} INFO - [2022-11-07T23:28:24.918-0300] {dag.py:2573} INFO - Sync 1 DAGs
[2022-11-07T23:28:24.935-0300] {logging_mixin.py:117} INFO - [2022-11-07T23:28:24.935-0300] {dag.py:3324} INFO - Setting next_dagrun for tutorial_taskflow_api to None, run_after=None
[2022-11-07T23:28:24.957-0300] {processor.py:178} INFO - Processing /home/renato/Documentos/datapipeline/.env/lib/python3.10/site-packages/airflow/example_dags/tutorial_taskflow_api.py took 0.090 seconds
[2022-11-07T23:29:00.681-0300] {processor.py:156} INFO - Started process (PID=965572) to work on /home/renato/Documentos/datapipeline/.env/lib/python3.10/site-packages/airflow/example_dags/tutorial_taskflow_api.py
[2022-11-07T23:29:00.684-0300] {processor.py:758} INFO - Processing file /home/renato/Documentos/datapipeline/.env/lib/python3.10/site-packages/airflow/example_dags/tutorial_taskflow_api.py for tasks to queue
[2022-11-07T23:29:00.685-0300] {logging_mixin.py:117} INFO - [2022-11-07T23:29:00.685-0300] {dagbag.py:525} INFO - Filling up the DagBag from /home/renato/Documentos/datapipeline/.env/lib/python3.10/site-packages/airflow/example_dags/tutorial_taskflow_api.py
[2022-11-07T23:29:00.718-0300] {processor.py:768} INFO - DAG(s) dict_keys(['tutorial_taskflow_api']) retrieved from /home/renato/Documentos/datapipeline/.env/lib/python3.10/site-packages/airflow/example_dags/tutorial_taskflow_api.py
[2022-11-07T23:29:00.742-0300] {logging_mixin.py:117} INFO - [2022-11-07T23:29:00.741-0300] {dag.py:2573} INFO - Sync 1 DAGs
[2022-11-07T23:29:00.760-0300] {logging_mixin.py:117} INFO - [2022-11-07T23:29:00.759-0300] {dag.py:3324} INFO - Setting next_dagrun for tutorial_taskflow_api to None, run_after=None
[2022-11-07T23:29:00.782-0300] {processor.py:178} INFO - Processing /home/renato/Documentos/datapipeline/.env/lib/python3.10/site-packages/airflow/example_dags/tutorial_taskflow_api.py took 0.106 seconds
[2022-11-07T23:29:36.904-0300] {processor.py:156} INFO - Started process (PID=965644) to work on /home/renato/Documentos/datapipeline/.env/lib/python3.10/site-packages/airflow/example_dags/tutorial_taskflow_api.py
[2022-11-07T23:29:36.913-0300] {processor.py:758} INFO - Processing file /home/renato/Documentos/datapipeline/.env/lib/python3.10/site-packages/airflow/example_dags/tutorial_taskflow_api.py for tasks to queue
[2022-11-07T23:29:36.913-0300] {logging_mixin.py:117} INFO - [2022-11-07T23:29:36.913-0300] {dagbag.py:525} INFO - Filling up the DagBag from /home/renato/Documentos/datapipeline/.env/lib/python3.10/site-packages/airflow/example_dags/tutorial_taskflow_api.py
[2022-11-07T23:29:36.937-0300] {processor.py:768} INFO - DAG(s) dict_keys(['tutorial_taskflow_api']) retrieved from /home/renato/Documentos/datapipeline/.env/lib/python3.10/site-packages/airflow/example_dags/tutorial_taskflow_api.py
[2022-11-07T23:29:36.961-0300] {logging_mixin.py:117} INFO - [2022-11-07T23:29:36.961-0300] {dag.py:2573} INFO - Sync 1 DAGs
[2022-11-07T23:29:36.980-0300] {logging_mixin.py:117} INFO - [2022-11-07T23:29:36.980-0300] {dag.py:3324} INFO - Setting next_dagrun for tutorial_taskflow_api to None, run_after=None
[2022-11-07T23:29:37.006-0300] {processor.py:178} INFO - Processing /home/renato/Documentos/datapipeline/.env/lib/python3.10/site-packages/airflow/example_dags/tutorial_taskflow_api.py took 0.104 seconds
[2022-11-07T23:30:14.756-0300] {processor.py:156} INFO - Started process (PID=965721) to work on /home/renato/Documentos/datapipeline/.env/lib/python3.10/site-packages/airflow/example_dags/tutorial_taskflow_api.py
[2022-11-07T23:30:14.758-0300] {processor.py:758} INFO - Processing file /home/renato/Documentos/datapipeline/.env/lib/python3.10/site-packages/airflow/example_dags/tutorial_taskflow_api.py for tasks to queue
[2022-11-07T23:30:14.758-0300] {logging_mixin.py:117} INFO - [2022-11-07T23:30:14.758-0300] {dagbag.py:525} INFO - Filling up the DagBag from /home/renato/Documentos/datapipeline/.env/lib/python3.10/site-packages/airflow/example_dags/tutorial_taskflow_api.py
[2022-11-07T23:30:14.780-0300] {processor.py:768} INFO - DAG(s) dict_keys(['tutorial_taskflow_api']) retrieved from /home/renato/Documentos/datapipeline/.env/lib/python3.10/site-packages/airflow/example_dags/tutorial_taskflow_api.py
[2022-11-07T23:30:14.802-0300] {logging_mixin.py:117} INFO - [2022-11-07T23:30:14.802-0300] {dag.py:2573} INFO - Sync 1 DAGs
[2022-11-07T23:30:14.819-0300] {logging_mixin.py:117} INFO - [2022-11-07T23:30:14.818-0300] {dag.py:3324} INFO - Setting next_dagrun for tutorial_taskflow_api to None, run_after=None
[2022-11-07T23:30:14.842-0300] {processor.py:178} INFO - Processing /home/renato/Documentos/datapipeline/.env/lib/python3.10/site-packages/airflow/example_dags/tutorial_taskflow_api.py took 0.089 seconds
[2022-11-07T23:30:52.198-0300] {processor.py:156} INFO - Started process (PID=965795) to work on /home/renato/Documentos/datapipeline/.env/lib/python3.10/site-packages/airflow/example_dags/tutorial_taskflow_api.py
[2022-11-07T23:30:52.203-0300] {processor.py:758} INFO - Processing file /home/renato/Documentos/datapipeline/.env/lib/python3.10/site-packages/airflow/example_dags/tutorial_taskflow_api.py for tasks to queue
[2022-11-07T23:30:52.205-0300] {logging_mixin.py:117} INFO - [2022-11-07T23:30:52.205-0300] {dagbag.py:525} INFO - Filling up the DagBag from /home/renato/Documentos/datapipeline/.env/lib/python3.10/site-packages/airflow/example_dags/tutorial_taskflow_api.py
[2022-11-07T23:30:52.233-0300] {processor.py:768} INFO - DAG(s) dict_keys(['tutorial_taskflow_api']) retrieved from /home/renato/Documentos/datapipeline/.env/lib/python3.10/site-packages/airflow/example_dags/tutorial_taskflow_api.py
[2022-11-07T23:30:52.257-0300] {logging_mixin.py:117} INFO - [2022-11-07T23:30:52.257-0300] {dag.py:2573} INFO - Sync 1 DAGs
[2022-11-07T23:30:52.278-0300] {logging_mixin.py:117} INFO - [2022-11-07T23:30:52.278-0300] {dag.py:3324} INFO - Setting next_dagrun for tutorial_taskflow_api to None, run_after=None
[2022-11-07T23:30:52.303-0300] {processor.py:178} INFO - Processing /home/renato/Documentos/datapipeline/.env/lib/python3.10/site-packages/airflow/example_dags/tutorial_taskflow_api.py took 0.111 seconds
[2022-11-07T23:31:33.216-0300] {processor.py:156} INFO - Started process (PID=965875) to work on /home/renato/Documentos/datapipeline/.env/lib/python3.10/site-packages/airflow/example_dags/tutorial_taskflow_api.py
[2022-11-07T23:31:33.219-0300] {processor.py:758} INFO - Processing file /home/renato/Documentos/datapipeline/.env/lib/python3.10/site-packages/airflow/example_dags/tutorial_taskflow_api.py for tasks to queue
[2022-11-07T23:31:33.221-0300] {logging_mixin.py:117} INFO - [2022-11-07T23:31:33.220-0300] {dagbag.py:525} INFO - Filling up the DagBag from /home/renato/Documentos/datapipeline/.env/lib/python3.10/site-packages/airflow/example_dags/tutorial_taskflow_api.py
[2022-11-07T23:31:33.246-0300] {processor.py:768} INFO - DAG(s) dict_keys(['tutorial_taskflow_api']) retrieved from /home/renato/Documentos/datapipeline/.env/lib/python3.10/site-packages/airflow/example_dags/tutorial_taskflow_api.py
[2022-11-07T23:31:33.268-0300] {logging_mixin.py:117} INFO - [2022-11-07T23:31:33.267-0300] {dag.py:2573} INFO - Sync 1 DAGs
[2022-11-07T23:31:33.284-0300] {logging_mixin.py:117} INFO - [2022-11-07T23:31:33.283-0300] {dag.py:3324} INFO - Setting next_dagrun for tutorial_taskflow_api to None, run_after=None
[2022-11-07T23:31:33.309-0300] {processor.py:178} INFO - Processing /home/renato/Documentos/datapipeline/.env/lib/python3.10/site-packages/airflow/example_dags/tutorial_taskflow_api.py took 0.099 seconds
[2022-11-07T23:32:13.103-0300] {processor.py:156} INFO - Started process (PID=965956) to work on /home/renato/Documentos/datapipeline/.env/lib/python3.10/site-packages/airflow/example_dags/tutorial_taskflow_api.py
[2022-11-07T23:32:13.107-0300] {processor.py:758} INFO - Processing file /home/renato/Documentos/datapipeline/.env/lib/python3.10/site-packages/airflow/example_dags/tutorial_taskflow_api.py for tasks to queue
[2022-11-07T23:32:13.111-0300] {logging_mixin.py:117} INFO - [2022-11-07T23:32:13.108-0300] {dagbag.py:525} INFO - Filling up the DagBag from /home/renato/Documentos/datapipeline/.env/lib/python3.10/site-packages/airflow/example_dags/tutorial_taskflow_api.py
[2022-11-07T23:32:13.142-0300] {processor.py:768} INFO - DAG(s) dict_keys(['tutorial_taskflow_api']) retrieved from /home/renato/Documentos/datapipeline/.env/lib/python3.10/site-packages/airflow/example_dags/tutorial_taskflow_api.py
[2022-11-07T23:32:13.165-0300] {logging_mixin.py:117} INFO - [2022-11-07T23:32:13.165-0300] {dag.py:2573} INFO - Sync 1 DAGs
[2022-11-07T23:32:13.182-0300] {logging_mixin.py:117} INFO - [2022-11-07T23:32:13.182-0300] {dag.py:3324} INFO - Setting next_dagrun for tutorial_taskflow_api to None, run_after=None
[2022-11-07T23:32:13.204-0300] {processor.py:178} INFO - Processing /home/renato/Documentos/datapipeline/.env/lib/python3.10/site-packages/airflow/example_dags/tutorial_taskflow_api.py took 0.107 seconds
[2022-11-07T23:32:45.989-0300] {processor.py:156} INFO - Started process (PID=966151) to work on /home/renato/Documentos/datapipeline/.env/lib/python3.10/site-packages/airflow/example_dags/tutorial_taskflow_api.py
[2022-11-07T23:32:45.991-0300] {processor.py:758} INFO - Processing file /home/renato/Documentos/datapipeline/.env/lib/python3.10/site-packages/airflow/example_dags/tutorial_taskflow_api.py for tasks to queue
[2022-11-07T23:32:45.991-0300] {logging_mixin.py:117} INFO - [2022-11-07T23:32:45.991-0300] {dagbag.py:525} INFO - Filling up the DagBag from /home/renato/Documentos/datapipeline/.env/lib/python3.10/site-packages/airflow/example_dags/tutorial_taskflow_api.py
[2022-11-07T23:32:46.016-0300] {processor.py:768} INFO - DAG(s) dict_keys(['tutorial_taskflow_api']) retrieved from /home/renato/Documentos/datapipeline/.env/lib/python3.10/site-packages/airflow/example_dags/tutorial_taskflow_api.py
[2022-11-07T23:32:46.036-0300] {logging_mixin.py:117} INFO - [2022-11-07T23:32:46.036-0300] {dag.py:2573} INFO - Sync 1 DAGs
[2022-11-07T23:32:46.053-0300] {logging_mixin.py:117} INFO - [2022-11-07T23:32:46.053-0300] {dag.py:3324} INFO - Setting next_dagrun for tutorial_taskflow_api to None, run_after=None
[2022-11-07T23:32:46.075-0300] {processor.py:178} INFO - Processing /home/renato/Documentos/datapipeline/.env/lib/python3.10/site-packages/airflow/example_dags/tutorial_taskflow_api.py took 0.089 seconds
[2022-11-07T23:33:22.870-0300] {processor.py:156} INFO - Started process (PID=966225) to work on /home/renato/Documentos/datapipeline/.env/lib/python3.10/site-packages/airflow/example_dags/tutorial_taskflow_api.py
[2022-11-07T23:33:22.876-0300] {processor.py:758} INFO - Processing file /home/renato/Documentos/datapipeline/.env/lib/python3.10/site-packages/airflow/example_dags/tutorial_taskflow_api.py for tasks to queue
[2022-11-07T23:33:22.877-0300] {logging_mixin.py:117} INFO - [2022-11-07T23:33:22.876-0300] {dagbag.py:525} INFO - Filling up the DagBag from /home/renato/Documentos/datapipeline/.env/lib/python3.10/site-packages/airflow/example_dags/tutorial_taskflow_api.py
[2022-11-07T23:33:22.904-0300] {processor.py:768} INFO - DAG(s) dict_keys(['tutorial_taskflow_api']) retrieved from /home/renato/Documentos/datapipeline/.env/lib/python3.10/site-packages/airflow/example_dags/tutorial_taskflow_api.py
[2022-11-07T23:33:22.924-0300] {logging_mixin.py:117} INFO - [2022-11-07T23:33:22.924-0300] {dag.py:2573} INFO - Sync 1 DAGs
[2022-11-07T23:33:22.941-0300] {logging_mixin.py:117} INFO - [2022-11-07T23:33:22.941-0300] {dag.py:3324} INFO - Setting next_dagrun for tutorial_taskflow_api to None, run_after=None
[2022-11-07T23:33:22.964-0300] {processor.py:178} INFO - Processing /home/renato/Documentos/datapipeline/.env/lib/python3.10/site-packages/airflow/example_dags/tutorial_taskflow_api.py took 0.100 seconds
[2022-11-07T23:34:02.026-0300] {processor.py:156} INFO - Started process (PID=966300) to work on /home/renato/Documentos/datapipeline/.env/lib/python3.10/site-packages/airflow/example_dags/tutorial_taskflow_api.py
[2022-11-07T23:34:02.029-0300] {processor.py:758} INFO - Processing file /home/renato/Documentos/datapipeline/.env/lib/python3.10/site-packages/airflow/example_dags/tutorial_taskflow_api.py for tasks to queue
[2022-11-07T23:34:02.030-0300] {logging_mixin.py:117} INFO - [2022-11-07T23:34:02.030-0300] {dagbag.py:525} INFO - Filling up the DagBag from /home/renato/Documentos/datapipeline/.env/lib/python3.10/site-packages/airflow/example_dags/tutorial_taskflow_api.py
[2022-11-07T23:34:02.062-0300] {processor.py:768} INFO - DAG(s) dict_keys(['tutorial_taskflow_api']) retrieved from /home/renato/Documentos/datapipeline/.env/lib/python3.10/site-packages/airflow/example_dags/tutorial_taskflow_api.py
[2022-11-07T23:34:02.085-0300] {logging_mixin.py:117} INFO - [2022-11-07T23:34:02.084-0300] {dag.py:2573} INFO - Sync 1 DAGs
[2022-11-07T23:34:02.105-0300] {logging_mixin.py:117} INFO - [2022-11-07T23:34:02.105-0300] {dag.py:3324} INFO - Setting next_dagrun for tutorial_taskflow_api to None, run_after=None
[2022-11-07T23:34:02.128-0300] {processor.py:178} INFO - Processing /home/renato/Documentos/datapipeline/.env/lib/python3.10/site-packages/airflow/example_dags/tutorial_taskflow_api.py took 0.111 seconds
[2022-11-07T23:34:39.658-0300] {processor.py:156} INFO - Started process (PID=966377) to work on /home/renato/Documentos/datapipeline/.env/lib/python3.10/site-packages/airflow/example_dags/tutorial_taskflow_api.py
[2022-11-07T23:34:39.662-0300] {processor.py:758} INFO - Processing file /home/renato/Documentos/datapipeline/.env/lib/python3.10/site-packages/airflow/example_dags/tutorial_taskflow_api.py for tasks to queue
[2022-11-07T23:34:39.663-0300] {logging_mixin.py:117} INFO - [2022-11-07T23:34:39.662-0300] {dagbag.py:525} INFO - Filling up the DagBag from /home/renato/Documentos/datapipeline/.env/lib/python3.10/site-packages/airflow/example_dags/tutorial_taskflow_api.py
[2022-11-07T23:34:39.688-0300] {processor.py:768} INFO - DAG(s) dict_keys(['tutorial_taskflow_api']) retrieved from /home/renato/Documentos/datapipeline/.env/lib/python3.10/site-packages/airflow/example_dags/tutorial_taskflow_api.py
[2022-11-07T23:34:39.709-0300] {logging_mixin.py:117} INFO - [2022-11-07T23:34:39.708-0300] {dag.py:2573} INFO - Sync 1 DAGs
[2022-11-07T23:34:39.724-0300] {logging_mixin.py:117} INFO - [2022-11-07T23:34:39.724-0300] {dag.py:3324} INFO - Setting next_dagrun for tutorial_taskflow_api to None, run_after=None
[2022-11-07T23:34:39.749-0300] {processor.py:178} INFO - Processing /home/renato/Documentos/datapipeline/.env/lib/python3.10/site-packages/airflow/example_dags/tutorial_taskflow_api.py took 0.096 seconds
[2022-11-07T23:35:18.023-0300] {processor.py:156} INFO - Started process (PID=966454) to work on /home/renato/Documentos/datapipeline/.env/lib/python3.10/site-packages/airflow/example_dags/tutorial_taskflow_api.py
[2022-11-07T23:35:18.026-0300] {processor.py:758} INFO - Processing file /home/renato/Documentos/datapipeline/.env/lib/python3.10/site-packages/airflow/example_dags/tutorial_taskflow_api.py for tasks to queue
[2022-11-07T23:35:18.027-0300] {logging_mixin.py:117} INFO - [2022-11-07T23:35:18.027-0300] {dagbag.py:525} INFO - Filling up the DagBag from /home/renato/Documentos/datapipeline/.env/lib/python3.10/site-packages/airflow/example_dags/tutorial_taskflow_api.py
[2022-11-07T23:35:18.070-0300] {processor.py:768} INFO - DAG(s) dict_keys(['tutorial_taskflow_api']) retrieved from /home/renato/Documentos/datapipeline/.env/lib/python3.10/site-packages/airflow/example_dags/tutorial_taskflow_api.py
[2022-11-07T23:35:18.092-0300] {logging_mixin.py:117} INFO - [2022-11-07T23:35:18.092-0300] {dag.py:2573} INFO - Sync 1 DAGs
[2022-11-07T23:35:18.108-0300] {logging_mixin.py:117} INFO - [2022-11-07T23:35:18.108-0300] {dag.py:3324} INFO - Setting next_dagrun for tutorial_taskflow_api to None, run_after=None
[2022-11-07T23:35:18.132-0300] {processor.py:178} INFO - Processing /home/renato/Documentos/datapipeline/.env/lib/python3.10/site-packages/airflow/example_dags/tutorial_taskflow_api.py took 0.114 seconds
[2022-11-07T23:35:57.144-0300] {processor.py:156} INFO - Started process (PID=966531) to work on /home/renato/Documentos/datapipeline/.env/lib/python3.10/site-packages/airflow/example_dags/tutorial_taskflow_api.py
[2022-11-07T23:35:57.147-0300] {processor.py:758} INFO - Processing file /home/renato/Documentos/datapipeline/.env/lib/python3.10/site-packages/airflow/example_dags/tutorial_taskflow_api.py for tasks to queue
[2022-11-07T23:35:57.147-0300] {logging_mixin.py:117} INFO - [2022-11-07T23:35:57.147-0300] {dagbag.py:525} INFO - Filling up the DagBag from /home/renato/Documentos/datapipeline/.env/lib/python3.10/site-packages/airflow/example_dags/tutorial_taskflow_api.py
[2022-11-07T23:35:57.173-0300] {processor.py:768} INFO - DAG(s) dict_keys(['tutorial_taskflow_api']) retrieved from /home/renato/Documentos/datapipeline/.env/lib/python3.10/site-packages/airflow/example_dags/tutorial_taskflow_api.py
[2022-11-07T23:35:57.197-0300] {logging_mixin.py:117} INFO - [2022-11-07T23:35:57.196-0300] {dag.py:2573} INFO - Sync 1 DAGs
[2022-11-07T23:35:57.213-0300] {logging_mixin.py:117} INFO - [2022-11-07T23:35:57.213-0300] {dag.py:3324} INFO - Setting next_dagrun for tutorial_taskflow_api to None, run_after=None
[2022-11-07T23:35:57.239-0300] {processor.py:178} INFO - Processing /home/renato/Documentos/datapipeline/.env/lib/python3.10/site-packages/airflow/example_dags/tutorial_taskflow_api.py took 0.099 seconds
[2022-11-07T23:36:31.962-0300] {processor.py:156} INFO - Started process (PID=966599) to work on /home/renato/Documentos/datapipeline/.env/lib/python3.10/site-packages/airflow/example_dags/tutorial_taskflow_api.py
[2022-11-07T23:36:31.967-0300] {processor.py:758} INFO - Processing file /home/renato/Documentos/datapipeline/.env/lib/python3.10/site-packages/airflow/example_dags/tutorial_taskflow_api.py for tasks to queue
[2022-11-07T23:36:31.968-0300] {logging_mixin.py:117} INFO - [2022-11-07T23:36:31.968-0300] {dagbag.py:525} INFO - Filling up the DagBag from /home/renato/Documentos/datapipeline/.env/lib/python3.10/site-packages/airflow/example_dags/tutorial_taskflow_api.py
[2022-11-07T23:36:31.996-0300] {processor.py:768} INFO - DAG(s) dict_keys(['tutorial_taskflow_api']) retrieved from /home/renato/Documentos/datapipeline/.env/lib/python3.10/site-packages/airflow/example_dags/tutorial_taskflow_api.py
[2022-11-07T23:36:32.016-0300] {logging_mixin.py:117} INFO - [2022-11-07T23:36:32.016-0300] {dag.py:2573} INFO - Sync 1 DAGs
[2022-11-07T23:36:32.032-0300] {logging_mixin.py:117} INFO - [2022-11-07T23:36:32.032-0300] {dag.py:3324} INFO - Setting next_dagrun for tutorial_taskflow_api to None, run_after=None
[2022-11-07T23:36:32.055-0300] {processor.py:178} INFO - Processing /home/renato/Documentos/datapipeline/.env/lib/python3.10/site-packages/airflow/example_dags/tutorial_taskflow_api.py took 0.099 seconds
[2022-11-07T23:37:11.002-0300] {processor.py:156} INFO - Started process (PID=966678) to work on /home/renato/Documentos/datapipeline/.env/lib/python3.10/site-packages/airflow/example_dags/tutorial_taskflow_api.py
[2022-11-07T23:37:11.004-0300] {processor.py:758} INFO - Processing file /home/renato/Documentos/datapipeline/.env/lib/python3.10/site-packages/airflow/example_dags/tutorial_taskflow_api.py for tasks to queue
[2022-11-07T23:37:11.005-0300] {logging_mixin.py:117} INFO - [2022-11-07T23:37:11.005-0300] {dagbag.py:525} INFO - Filling up the DagBag from /home/renato/Documentos/datapipeline/.env/lib/python3.10/site-packages/airflow/example_dags/tutorial_taskflow_api.py
[2022-11-07T23:37:11.029-0300] {processor.py:768} INFO - DAG(s) dict_keys(['tutorial_taskflow_api']) retrieved from /home/renato/Documentos/datapipeline/.env/lib/python3.10/site-packages/airflow/example_dags/tutorial_taskflow_api.py
[2022-11-07T23:37:11.049-0300] {logging_mixin.py:117} INFO - [2022-11-07T23:37:11.049-0300] {dag.py:2573} INFO - Sync 1 DAGs
[2022-11-07T23:37:11.066-0300] {logging_mixin.py:117} INFO - [2022-11-07T23:37:11.066-0300] {dag.py:3324} INFO - Setting next_dagrun for tutorial_taskflow_api to None, run_after=None
[2022-11-07T23:37:11.088-0300] {processor.py:178} INFO - Processing /home/renato/Documentos/datapipeline/.env/lib/python3.10/site-packages/airflow/example_dags/tutorial_taskflow_api.py took 0.090 seconds
[2022-11-07T23:37:46.191-0300] {processor.py:156} INFO - Started process (PID=966877) to work on /home/renato/Documentos/datapipeline/.env/lib/python3.10/site-packages/airflow/example_dags/tutorial_taskflow_api.py
[2022-11-07T23:37:46.193-0300] {processor.py:758} INFO - Processing file /home/renato/Documentos/datapipeline/.env/lib/python3.10/site-packages/airflow/example_dags/tutorial_taskflow_api.py for tasks to queue
[2022-11-07T23:37:46.195-0300] {logging_mixin.py:117} INFO - [2022-11-07T23:37:46.194-0300] {dagbag.py:525} INFO - Filling up the DagBag from /home/renato/Documentos/datapipeline/.env/lib/python3.10/site-packages/airflow/example_dags/tutorial_taskflow_api.py
[2022-11-07T23:37:46.227-0300] {processor.py:768} INFO - DAG(s) dict_keys(['tutorial_taskflow_api']) retrieved from /home/renato/Documentos/datapipeline/.env/lib/python3.10/site-packages/airflow/example_dags/tutorial_taskflow_api.py
[2022-11-07T23:37:46.249-0300] {logging_mixin.py:117} INFO - [2022-11-07T23:37:46.249-0300] {dag.py:2573} INFO - Sync 1 DAGs
[2022-11-07T23:37:46.266-0300] {logging_mixin.py:117} INFO - [2022-11-07T23:37:46.266-0300] {dag.py:3324} INFO - Setting next_dagrun for tutorial_taskflow_api to None, run_after=None
[2022-11-07T23:37:46.292-0300] {processor.py:178} INFO - Processing /home/renato/Documentos/datapipeline/.env/lib/python3.10/site-packages/airflow/example_dags/tutorial_taskflow_api.py took 0.106 seconds
[2022-11-07T23:38:21.681-0300] {processor.py:156} INFO - Started process (PID=966947) to work on /home/renato/Documentos/datapipeline/.env/lib/python3.10/site-packages/airflow/example_dags/tutorial_taskflow_api.py
[2022-11-07T23:38:21.687-0300] {processor.py:758} INFO - Processing file /home/renato/Documentos/datapipeline/.env/lib/python3.10/site-packages/airflow/example_dags/tutorial_taskflow_api.py for tasks to queue
[2022-11-07T23:38:21.688-0300] {logging_mixin.py:117} INFO - [2022-11-07T23:38:21.688-0300] {dagbag.py:525} INFO - Filling up the DagBag from /home/renato/Documentos/datapipeline/.env/lib/python3.10/site-packages/airflow/example_dags/tutorial_taskflow_api.py
[2022-11-07T23:38:21.735-0300] {processor.py:768} INFO - DAG(s) dict_keys(['tutorial_taskflow_api']) retrieved from /home/renato/Documentos/datapipeline/.env/lib/python3.10/site-packages/airflow/example_dags/tutorial_taskflow_api.py
[2022-11-07T23:38:21.756-0300] {logging_mixin.py:117} INFO - [2022-11-07T23:38:21.756-0300] {dag.py:2573} INFO - Sync 1 DAGs
[2022-11-07T23:38:21.773-0300] {logging_mixin.py:117} INFO - [2022-11-07T23:38:21.773-0300] {dag.py:3324} INFO - Setting next_dagrun for tutorial_taskflow_api to None, run_after=None
[2022-11-07T23:38:21.797-0300] {processor.py:178} INFO - Processing /home/renato/Documentos/datapipeline/.env/lib/python3.10/site-packages/airflow/example_dags/tutorial_taskflow_api.py took 0.122 seconds
[2022-11-07T23:39:00.919-0300] {processor.py:156} INFO - Started process (PID=967043) to work on /home/renato/Documentos/datapipeline/.env/lib/python3.10/site-packages/airflow/example_dags/tutorial_taskflow_api.py
[2022-11-07T23:39:00.924-0300] {processor.py:758} INFO - Processing file /home/renato/Documentos/datapipeline/.env/lib/python3.10/site-packages/airflow/example_dags/tutorial_taskflow_api.py for tasks to queue
[2022-11-07T23:39:00.925-0300] {logging_mixin.py:117} INFO - [2022-11-07T23:39:00.925-0300] {dagbag.py:525} INFO - Filling up the DagBag from /home/renato/Documentos/datapipeline/.env/lib/python3.10/site-packages/airflow/example_dags/tutorial_taskflow_api.py
[2022-11-07T23:39:00.951-0300] {processor.py:768} INFO - DAG(s) dict_keys(['tutorial_taskflow_api']) retrieved from /home/renato/Documentos/datapipeline/.env/lib/python3.10/site-packages/airflow/example_dags/tutorial_taskflow_api.py
[2022-11-07T23:39:00.982-0300] {logging_mixin.py:117} INFO - [2022-11-07T23:39:00.982-0300] {dag.py:2573} INFO - Sync 1 DAGs
[2022-11-07T23:39:01.008-0300] {logging_mixin.py:117} INFO - [2022-11-07T23:39:01.008-0300] {dag.py:3324} INFO - Setting next_dagrun for tutorial_taskflow_api to None, run_after=None
[2022-11-07T23:39:01.042-0300] {processor.py:178} INFO - Processing /home/renato/Documentos/datapipeline/.env/lib/python3.10/site-packages/airflow/example_dags/tutorial_taskflow_api.py took 0.126 seconds
[2022-11-07T23:39:39.609-0300] {processor.py:156} INFO - Started process (PID=967114) to work on /home/renato/Documentos/datapipeline/.env/lib/python3.10/site-packages/airflow/example_dags/tutorial_taskflow_api.py
[2022-11-07T23:39:39.612-0300] {processor.py:758} INFO - Processing file /home/renato/Documentos/datapipeline/.env/lib/python3.10/site-packages/airflow/example_dags/tutorial_taskflow_api.py for tasks to queue
[2022-11-07T23:39:39.613-0300] {logging_mixin.py:117} INFO - [2022-11-07T23:39:39.613-0300] {dagbag.py:525} INFO - Filling up the DagBag from /home/renato/Documentos/datapipeline/.env/lib/python3.10/site-packages/airflow/example_dags/tutorial_taskflow_api.py
[2022-11-07T23:39:39.645-0300] {processor.py:768} INFO - DAG(s) dict_keys(['tutorial_taskflow_api']) retrieved from /home/renato/Documentos/datapipeline/.env/lib/python3.10/site-packages/airflow/example_dags/tutorial_taskflow_api.py
[2022-11-07T23:39:39.664-0300] {logging_mixin.py:117} INFO - [2022-11-07T23:39:39.664-0300] {dag.py:2573} INFO - Sync 1 DAGs
[2022-11-07T23:39:39.683-0300] {logging_mixin.py:117} INFO - [2022-11-07T23:39:39.683-0300] {dag.py:3324} INFO - Setting next_dagrun for tutorial_taskflow_api to None, run_after=None
[2022-11-07T23:39:39.712-0300] {processor.py:178} INFO - Processing /home/renato/Documentos/datapipeline/.env/lib/python3.10/site-packages/airflow/example_dags/tutorial_taskflow_api.py took 0.109 seconds
[2022-11-07T23:40:20.023-0300] {processor.py:156} INFO - Started process (PID=967198) to work on /home/renato/Documentos/datapipeline/.env/lib/python3.10/site-packages/airflow/example_dags/tutorial_taskflow_api.py
[2022-11-07T23:40:20.026-0300] {processor.py:758} INFO - Processing file /home/renato/Documentos/datapipeline/.env/lib/python3.10/site-packages/airflow/example_dags/tutorial_taskflow_api.py for tasks to queue
[2022-11-07T23:40:20.026-0300] {logging_mixin.py:117} INFO - [2022-11-07T23:40:20.026-0300] {dagbag.py:525} INFO - Filling up the DagBag from /home/renato/Documentos/datapipeline/.env/lib/python3.10/site-packages/airflow/example_dags/tutorial_taskflow_api.py
[2022-11-07T23:40:20.051-0300] {processor.py:768} INFO - DAG(s) dict_keys(['tutorial_taskflow_api']) retrieved from /home/renato/Documentos/datapipeline/.env/lib/python3.10/site-packages/airflow/example_dags/tutorial_taskflow_api.py
[2022-11-07T23:40:20.074-0300] {logging_mixin.py:117} INFO - [2022-11-07T23:40:20.073-0300] {dag.py:2573} INFO - Sync 1 DAGs
[2022-11-07T23:40:20.092-0300] {logging_mixin.py:117} INFO - [2022-11-07T23:40:20.092-0300] {dag.py:3324} INFO - Setting next_dagrun for tutorial_taskflow_api to None, run_after=None
[2022-11-07T23:40:20.116-0300] {processor.py:178} INFO - Processing /home/renato/Documentos/datapipeline/.env/lib/python3.10/site-packages/airflow/example_dags/tutorial_taskflow_api.py took 0.098 seconds
[2022-11-07T23:40:59.363-0300] {processor.py:156} INFO - Started process (PID=967272) to work on /home/renato/Documentos/datapipeline/.env/lib/python3.10/site-packages/airflow/example_dags/tutorial_taskflow_api.py
[2022-11-07T23:40:59.366-0300] {processor.py:758} INFO - Processing file /home/renato/Documentos/datapipeline/.env/lib/python3.10/site-packages/airflow/example_dags/tutorial_taskflow_api.py for tasks to queue
[2022-11-07T23:40:59.367-0300] {logging_mixin.py:117} INFO - [2022-11-07T23:40:59.367-0300] {dagbag.py:525} INFO - Filling up the DagBag from /home/renato/Documentos/datapipeline/.env/lib/python3.10/site-packages/airflow/example_dags/tutorial_taskflow_api.py
[2022-11-07T23:40:59.405-0300] {processor.py:768} INFO - DAG(s) dict_keys(['tutorial_taskflow_api']) retrieved from /home/renato/Documentos/datapipeline/.env/lib/python3.10/site-packages/airflow/example_dags/tutorial_taskflow_api.py
[2022-11-07T23:40:59.430-0300] {logging_mixin.py:117} INFO - [2022-11-07T23:40:59.430-0300] {dag.py:2573} INFO - Sync 1 DAGs
[2022-11-07T23:40:59.449-0300] {logging_mixin.py:117} INFO - [2022-11-07T23:40:59.449-0300] {dag.py:3324} INFO - Setting next_dagrun for tutorial_taskflow_api to None, run_after=None
[2022-11-07T23:40:59.480-0300] {processor.py:178} INFO - Processing /home/renato/Documentos/datapipeline/.env/lib/python3.10/site-packages/airflow/example_dags/tutorial_taskflow_api.py took 0.121 seconds
[2022-11-07T23:41:39.225-0300] {processor.py:156} INFO - Started process (PID=967356) to work on /home/renato/Documentos/datapipeline/.env/lib/python3.10/site-packages/airflow/example_dags/tutorial_taskflow_api.py
[2022-11-07T23:41:39.227-0300] {processor.py:758} INFO - Processing file /home/renato/Documentos/datapipeline/.env/lib/python3.10/site-packages/airflow/example_dags/tutorial_taskflow_api.py for tasks to queue
[2022-11-07T23:41:39.228-0300] {logging_mixin.py:117} INFO - [2022-11-07T23:41:39.228-0300] {dagbag.py:525} INFO - Filling up the DagBag from /home/renato/Documentos/datapipeline/.env/lib/python3.10/site-packages/airflow/example_dags/tutorial_taskflow_api.py
[2022-11-07T23:41:39.260-0300] {processor.py:768} INFO - DAG(s) dict_keys(['tutorial_taskflow_api']) retrieved from /home/renato/Documentos/datapipeline/.env/lib/python3.10/site-packages/airflow/example_dags/tutorial_taskflow_api.py
[2022-11-07T23:41:39.297-0300] {logging_mixin.py:117} INFO - [2022-11-07T23:41:39.297-0300] {dag.py:2573} INFO - Sync 1 DAGs
[2022-11-07T23:41:39.329-0300] {logging_mixin.py:117} INFO - [2022-11-07T23:41:39.329-0300] {dag.py:3324} INFO - Setting next_dagrun for tutorial_taskflow_api to None, run_after=None
[2022-11-07T23:41:39.367-0300] {processor.py:178} INFO - Processing /home/renato/Documentos/datapipeline/.env/lib/python3.10/site-packages/airflow/example_dags/tutorial_taskflow_api.py took 0.149 seconds
[2022-11-07T23:42:20.275-0300] {processor.py:156} INFO - Started process (PID=967565) to work on /home/renato/Documentos/datapipeline/.env/lib/python3.10/site-packages/airflow/example_dags/tutorial_taskflow_api.py
[2022-11-07T23:42:20.279-0300] {processor.py:758} INFO - Processing file /home/renato/Documentos/datapipeline/.env/lib/python3.10/site-packages/airflow/example_dags/tutorial_taskflow_api.py for tasks to queue
[2022-11-07T23:42:20.281-0300] {logging_mixin.py:117} INFO - [2022-11-07T23:42:20.281-0300] {dagbag.py:525} INFO - Filling up the DagBag from /home/renato/Documentos/datapipeline/.env/lib/python3.10/site-packages/airflow/example_dags/tutorial_taskflow_api.py
[2022-11-07T23:42:20.321-0300] {processor.py:768} INFO - DAG(s) dict_keys(['tutorial_taskflow_api']) retrieved from /home/renato/Documentos/datapipeline/.env/lib/python3.10/site-packages/airflow/example_dags/tutorial_taskflow_api.py
[2022-11-07T23:42:20.341-0300] {logging_mixin.py:117} INFO - [2022-11-07T23:42:20.341-0300] {dag.py:2573} INFO - Sync 1 DAGs
[2022-11-07T23:42:20.357-0300] {logging_mixin.py:117} INFO - [2022-11-07T23:42:20.357-0300] {dag.py:3324} INFO - Setting next_dagrun for tutorial_taskflow_api to None, run_after=None
[2022-11-07T23:42:20.379-0300] {processor.py:178} INFO - Processing /home/renato/Documentos/datapipeline/.env/lib/python3.10/site-packages/airflow/example_dags/tutorial_taskflow_api.py took 0.114 seconds
[2022-11-07T23:42:59.421-0300] {processor.py:156} INFO - Started process (PID=967641) to work on /home/renato/Documentos/datapipeline/.env/lib/python3.10/site-packages/airflow/example_dags/tutorial_taskflow_api.py
[2022-11-07T23:42:59.424-0300] {processor.py:758} INFO - Processing file /home/renato/Documentos/datapipeline/.env/lib/python3.10/site-packages/airflow/example_dags/tutorial_taskflow_api.py for tasks to queue
[2022-11-07T23:42:59.424-0300] {logging_mixin.py:117} INFO - [2022-11-07T23:42:59.424-0300] {dagbag.py:525} INFO - Filling up the DagBag from /home/renato/Documentos/datapipeline/.env/lib/python3.10/site-packages/airflow/example_dags/tutorial_taskflow_api.py
[2022-11-07T23:42:59.446-0300] {processor.py:768} INFO - DAG(s) dict_keys(['tutorial_taskflow_api']) retrieved from /home/renato/Documentos/datapipeline/.env/lib/python3.10/site-packages/airflow/example_dags/tutorial_taskflow_api.py
[2022-11-07T23:42:59.468-0300] {logging_mixin.py:117} INFO - [2022-11-07T23:42:59.468-0300] {dag.py:2573} INFO - Sync 1 DAGs
[2022-11-07T23:42:59.484-0300] {logging_mixin.py:117} INFO - [2022-11-07T23:42:59.484-0300] {dag.py:3324} INFO - Setting next_dagrun for tutorial_taskflow_api to None, run_after=None
[2022-11-07T23:42:59.506-0300] {processor.py:178} INFO - Processing /home/renato/Documentos/datapipeline/.env/lib/python3.10/site-packages/airflow/example_dags/tutorial_taskflow_api.py took 0.088 seconds
[2022-11-08T19:26:20.825-0300] {processor.py:156} INFO - Started process (PID=11777) to work on /home/renato/Documentos/datapipeline/.env/lib/python3.10/site-packages/airflow/example_dags/tutorial_taskflow_api.py
[2022-11-08T19:26:20.829-0300] {processor.py:758} INFO - Processing file /home/renato/Documentos/datapipeline/.env/lib/python3.10/site-packages/airflow/example_dags/tutorial_taskflow_api.py for tasks to queue
[2022-11-08T19:26:20.831-0300] {logging_mixin.py:117} INFO - [2022-11-08T19:26:20.831-0300] {dagbag.py:525} INFO - Filling up the DagBag from /home/renato/Documentos/datapipeline/.env/lib/python3.10/site-packages/airflow/example_dags/tutorial_taskflow_api.py
[2022-11-08T19:26:20.861-0300] {processor.py:768} INFO - DAG(s) dict_keys(['tutorial_taskflow_api']) retrieved from /home/renato/Documentos/datapipeline/.env/lib/python3.10/site-packages/airflow/example_dags/tutorial_taskflow_api.py
[2022-11-08T19:26:20.883-0300] {logging_mixin.py:117} INFO - [2022-11-08T19:26:20.883-0300] {dag.py:2573} INFO - Sync 1 DAGs
[2022-11-08T19:26:20.901-0300] {logging_mixin.py:117} INFO - [2022-11-08T19:26:20.901-0300] {dag.py:3324} INFO - Setting next_dagrun for tutorial_taskflow_api to None, run_after=None
[2022-11-08T19:26:20.926-0300] {processor.py:178} INFO - Processing /home/renato/Documentos/datapipeline/.env/lib/python3.10/site-packages/airflow/example_dags/tutorial_taskflow_api.py took 0.108 seconds
[2022-11-08T19:26:59.836-0300] {processor.py:156} INFO - Started process (PID=11857) to work on /home/renato/Documentos/datapipeline/.env/lib/python3.10/site-packages/airflow/example_dags/tutorial_taskflow_api.py
[2022-11-08T19:26:59.839-0300] {processor.py:758} INFO - Processing file /home/renato/Documentos/datapipeline/.env/lib/python3.10/site-packages/airflow/example_dags/tutorial_taskflow_api.py for tasks to queue
[2022-11-08T19:26:59.840-0300] {logging_mixin.py:117} INFO - [2022-11-08T19:26:59.839-0300] {dagbag.py:525} INFO - Filling up the DagBag from /home/renato/Documentos/datapipeline/.env/lib/python3.10/site-packages/airflow/example_dags/tutorial_taskflow_api.py
[2022-11-08T19:26:59.862-0300] {processor.py:768} INFO - DAG(s) dict_keys(['tutorial_taskflow_api']) retrieved from /home/renato/Documentos/datapipeline/.env/lib/python3.10/site-packages/airflow/example_dags/tutorial_taskflow_api.py
[2022-11-08T19:26:59.884-0300] {logging_mixin.py:117} INFO - [2022-11-08T19:26:59.884-0300] {dag.py:2573} INFO - Sync 1 DAGs
[2022-11-08T19:26:59.904-0300] {logging_mixin.py:117} INFO - [2022-11-08T19:26:59.904-0300] {dag.py:3324} INFO - Setting next_dagrun for tutorial_taskflow_api to None, run_after=None
[2022-11-08T19:26:59.927-0300] {processor.py:178} INFO - Processing /home/renato/Documentos/datapipeline/.env/lib/python3.10/site-packages/airflow/example_dags/tutorial_taskflow_api.py took 0.094 seconds
[2022-11-08T19:27:39.214-0300] {processor.py:156} INFO - Started process (PID=11933) to work on /home/renato/Documentos/datapipeline/.env/lib/python3.10/site-packages/airflow/example_dags/tutorial_taskflow_api.py
[2022-11-08T19:27:39.220-0300] {processor.py:758} INFO - Processing file /home/renato/Documentos/datapipeline/.env/lib/python3.10/site-packages/airflow/example_dags/tutorial_taskflow_api.py for tasks to queue
[2022-11-08T19:27:39.221-0300] {logging_mixin.py:117} INFO - [2022-11-08T19:27:39.221-0300] {dagbag.py:525} INFO - Filling up the DagBag from /home/renato/Documentos/datapipeline/.env/lib/python3.10/site-packages/airflow/example_dags/tutorial_taskflow_api.py
[2022-11-08T19:27:39.252-0300] {processor.py:768} INFO - DAG(s) dict_keys(['tutorial_taskflow_api']) retrieved from /home/renato/Documentos/datapipeline/.env/lib/python3.10/site-packages/airflow/example_dags/tutorial_taskflow_api.py
[2022-11-08T19:27:39.274-0300] {logging_mixin.py:117} INFO - [2022-11-08T19:27:39.274-0300] {dag.py:2573} INFO - Sync 1 DAGs
[2022-11-08T19:27:39.293-0300] {logging_mixin.py:117} INFO - [2022-11-08T19:27:39.293-0300] {dag.py:3324} INFO - Setting next_dagrun for tutorial_taskflow_api to None, run_after=None
[2022-11-08T19:27:39.315-0300] {processor.py:178} INFO - Processing /home/renato/Documentos/datapipeline/.env/lib/python3.10/site-packages/airflow/example_dags/tutorial_taskflow_api.py took 0.106 seconds
[2022-11-08T19:28:17.062-0300] {processor.py:156} INFO - Started process (PID=12140) to work on /home/renato/Documentos/datapipeline/.env/lib/python3.10/site-packages/airflow/example_dags/tutorial_taskflow_api.py
[2022-11-08T19:28:17.064-0300] {processor.py:758} INFO - Processing file /home/renato/Documentos/datapipeline/.env/lib/python3.10/site-packages/airflow/example_dags/tutorial_taskflow_api.py for tasks to queue
[2022-11-08T19:28:17.065-0300] {logging_mixin.py:117} INFO - [2022-11-08T19:28:17.065-0300] {dagbag.py:525} INFO - Filling up the DagBag from /home/renato/Documentos/datapipeline/.env/lib/python3.10/site-packages/airflow/example_dags/tutorial_taskflow_api.py
[2022-11-08T19:28:17.104-0300] {processor.py:768} INFO - DAG(s) dict_keys(['tutorial_taskflow_api']) retrieved from /home/renato/Documentos/datapipeline/.env/lib/python3.10/site-packages/airflow/example_dags/tutorial_taskflow_api.py
[2022-11-08T19:28:17.141-0300] {logging_mixin.py:117} INFO - [2022-11-08T19:28:17.141-0300] {dag.py:2573} INFO - Sync 1 DAGs
[2022-11-08T19:28:17.173-0300] {logging_mixin.py:117} INFO - [2022-11-08T19:28:17.173-0300] {dag.py:3324} INFO - Setting next_dagrun for tutorial_taskflow_api to None, run_after=None
[2022-11-08T19:28:17.196-0300] {processor.py:178} INFO - Processing /home/renato/Documentos/datapipeline/.env/lib/python3.10/site-packages/airflow/example_dags/tutorial_taskflow_api.py took 0.137 seconds
[2022-11-08T19:28:56.498-0300] {processor.py:156} INFO - Started process (PID=12213) to work on /home/renato/Documentos/datapipeline/.env/lib/python3.10/site-packages/airflow/example_dags/tutorial_taskflow_api.py
[2022-11-08T19:28:56.504-0300] {processor.py:758} INFO - Processing file /home/renato/Documentos/datapipeline/.env/lib/python3.10/site-packages/airflow/example_dags/tutorial_taskflow_api.py for tasks to queue
[2022-11-08T19:28:56.505-0300] {logging_mixin.py:117} INFO - [2022-11-08T19:28:56.505-0300] {dagbag.py:525} INFO - Filling up the DagBag from /home/renato/Documentos/datapipeline/.env/lib/python3.10/site-packages/airflow/example_dags/tutorial_taskflow_api.py
[2022-11-08T19:28:56.560-0300] {processor.py:768} INFO - DAG(s) dict_keys(['tutorial_taskflow_api']) retrieved from /home/renato/Documentos/datapipeline/.env/lib/python3.10/site-packages/airflow/example_dags/tutorial_taskflow_api.py
[2022-11-08T19:28:56.613-0300] {logging_mixin.py:117} INFO - [2022-11-08T19:28:56.613-0300] {dag.py:2573} INFO - Sync 1 DAGs
[2022-11-08T19:28:56.654-0300] {logging_mixin.py:117} INFO - [2022-11-08T19:28:56.654-0300] {dag.py:3324} INFO - Setting next_dagrun for tutorial_taskflow_api to None, run_after=None
[2022-11-08T19:28:56.698-0300] {processor.py:178} INFO - Processing /home/renato/Documentos/datapipeline/.env/lib/python3.10/site-packages/airflow/example_dags/tutorial_taskflow_api.py took 0.203 seconds
[2022-11-08T19:29:35.854-0300] {processor.py:156} INFO - Started process (PID=12290) to work on /home/renato/Documentos/datapipeline/.env/lib/python3.10/site-packages/airflow/example_dags/tutorial_taskflow_api.py
[2022-11-08T19:29:35.860-0300] {processor.py:758} INFO - Processing file /home/renato/Documentos/datapipeline/.env/lib/python3.10/site-packages/airflow/example_dags/tutorial_taskflow_api.py for tasks to queue
[2022-11-08T19:29:35.861-0300] {logging_mixin.py:117} INFO - [2022-11-08T19:29:35.861-0300] {dagbag.py:525} INFO - Filling up the DagBag from /home/renato/Documentos/datapipeline/.env/lib/python3.10/site-packages/airflow/example_dags/tutorial_taskflow_api.py
[2022-11-08T19:29:35.889-0300] {processor.py:768} INFO - DAG(s) dict_keys(['tutorial_taskflow_api']) retrieved from /home/renato/Documentos/datapipeline/.env/lib/python3.10/site-packages/airflow/example_dags/tutorial_taskflow_api.py
[2022-11-08T19:29:35.910-0300] {logging_mixin.py:117} INFO - [2022-11-08T19:29:35.910-0300] {dag.py:2573} INFO - Sync 1 DAGs
[2022-11-08T19:29:35.926-0300] {logging_mixin.py:117} INFO - [2022-11-08T19:29:35.926-0300] {dag.py:3324} INFO - Setting next_dagrun for tutorial_taskflow_api to None, run_after=None
[2022-11-08T19:29:35.948-0300] {processor.py:178} INFO - Processing /home/renato/Documentos/datapipeline/.env/lib/python3.10/site-packages/airflow/example_dags/tutorial_taskflow_api.py took 0.099 seconds
[2022-11-08T19:31:07.793-0300] {processor.py:156} INFO - Started process (PID=12371) to work on /home/renato/Documentos/datapipeline/.env/lib/python3.10/site-packages/airflow/example_dags/tutorial_taskflow_api.py
[2022-11-08T19:31:07.796-0300] {processor.py:758} INFO - Processing file /home/renato/Documentos/datapipeline/.env/lib/python3.10/site-packages/airflow/example_dags/tutorial_taskflow_api.py for tasks to queue
[2022-11-08T19:31:07.797-0300] {logging_mixin.py:117} INFO - [2022-11-08T19:31:07.797-0300] {dagbag.py:525} INFO - Filling up the DagBag from /home/renato/Documentos/datapipeline/.env/lib/python3.10/site-packages/airflow/example_dags/tutorial_taskflow_api.py
[2022-11-08T19:31:07.852-0300] {processor.py:768} INFO - DAG(s) dict_keys(['tutorial_taskflow_api']) retrieved from /home/renato/Documentos/datapipeline/.env/lib/python3.10/site-packages/airflow/example_dags/tutorial_taskflow_api.py
[2022-11-08T19:31:07.915-0300] {logging_mixin.py:117} INFO - [2022-11-08T19:31:07.905-0300] {dag.py:2573} INFO - Sync 1 DAGs
[2022-11-08T19:31:07.965-0300] {logging_mixin.py:117} INFO - [2022-11-08T19:31:07.965-0300] {dag.py:3324} INFO - Setting next_dagrun for tutorial_taskflow_api to None, run_after=None
[2022-11-08T19:31:07.996-0300] {processor.py:178} INFO - Processing /home/renato/Documentos/datapipeline/.env/lib/python3.10/site-packages/airflow/example_dags/tutorial_taskflow_api.py took 0.209 seconds
[2022-11-08T19:31:48.739-0300] {processor.py:156} INFO - Started process (PID=12450) to work on /home/renato/Documentos/datapipeline/.env/lib/python3.10/site-packages/airflow/example_dags/tutorial_taskflow_api.py
[2022-11-08T19:31:48.740-0300] {processor.py:758} INFO - Processing file /home/renato/Documentos/datapipeline/.env/lib/python3.10/site-packages/airflow/example_dags/tutorial_taskflow_api.py for tasks to queue
[2022-11-08T19:31:48.741-0300] {logging_mixin.py:117} INFO - [2022-11-08T19:31:48.741-0300] {dagbag.py:525} INFO - Filling up the DagBag from /home/renato/Documentos/datapipeline/.env/lib/python3.10/site-packages/airflow/example_dags/tutorial_taskflow_api.py
[2022-11-08T19:31:48.775-0300] {processor.py:768} INFO - DAG(s) dict_keys(['tutorial_taskflow_api']) retrieved from /home/renato/Documentos/datapipeline/.env/lib/python3.10/site-packages/airflow/example_dags/tutorial_taskflow_api.py
[2022-11-08T19:31:48.811-0300] {logging_mixin.py:117} INFO - [2022-11-08T19:31:48.809-0300] {dag.py:2573} INFO - Sync 1 DAGs
[2022-11-08T19:31:48.834-0300] {logging_mixin.py:117} INFO - [2022-11-08T19:31:48.833-0300] {dag.py:3324} INFO - Setting next_dagrun for tutorial_taskflow_api to None, run_after=None
[2022-11-08T19:31:48.866-0300] {processor.py:178} INFO - Processing /home/renato/Documentos/datapipeline/.env/lib/python3.10/site-packages/airflow/example_dags/tutorial_taskflow_api.py took 0.130 seconds
[2022-11-08T19:32:28.464-0300] {processor.py:156} INFO - Started process (PID=12535) to work on /home/renato/Documentos/datapipeline/.env/lib/python3.10/site-packages/airflow/example_dags/tutorial_taskflow_api.py
[2022-11-08T19:32:28.469-0300] {processor.py:758} INFO - Processing file /home/renato/Documentos/datapipeline/.env/lib/python3.10/site-packages/airflow/example_dags/tutorial_taskflow_api.py for tasks to queue
[2022-11-08T19:32:28.470-0300] {logging_mixin.py:117} INFO - [2022-11-08T19:32:28.470-0300] {dagbag.py:525} INFO - Filling up the DagBag from /home/renato/Documentos/datapipeline/.env/lib/python3.10/site-packages/airflow/example_dags/tutorial_taskflow_api.py
[2022-11-08T19:32:28.497-0300] {processor.py:768} INFO - DAG(s) dict_keys(['tutorial_taskflow_api']) retrieved from /home/renato/Documentos/datapipeline/.env/lib/python3.10/site-packages/airflow/example_dags/tutorial_taskflow_api.py
[2022-11-08T19:32:28.522-0300] {logging_mixin.py:117} INFO - [2022-11-08T19:32:28.521-0300] {dag.py:2573} INFO - Sync 1 DAGs
[2022-11-08T19:32:28.545-0300] {logging_mixin.py:117} INFO - [2022-11-08T19:32:28.544-0300] {dag.py:3324} INFO - Setting next_dagrun for tutorial_taskflow_api to None, run_after=None
[2022-11-08T19:32:28.588-0300] {processor.py:178} INFO - Processing /home/renato/Documentos/datapipeline/.env/lib/python3.10/site-packages/airflow/example_dags/tutorial_taskflow_api.py took 0.127 seconds
[2022-11-08T19:33:05.636-0300] {processor.py:156} INFO - Started process (PID=12609) to work on /home/renato/Documentos/datapipeline/.env/lib/python3.10/site-packages/airflow/example_dags/tutorial_taskflow_api.py
[2022-11-08T19:33:05.641-0300] {processor.py:758} INFO - Processing file /home/renato/Documentos/datapipeline/.env/lib/python3.10/site-packages/airflow/example_dags/tutorial_taskflow_api.py for tasks to queue
[2022-11-08T19:33:05.642-0300] {logging_mixin.py:117} INFO - [2022-11-08T19:33:05.642-0300] {dagbag.py:525} INFO - Filling up the DagBag from /home/renato/Documentos/datapipeline/.env/lib/python3.10/site-packages/airflow/example_dags/tutorial_taskflow_api.py
[2022-11-08T19:33:05.666-0300] {processor.py:768} INFO - DAG(s) dict_keys(['tutorial_taskflow_api']) retrieved from /home/renato/Documentos/datapipeline/.env/lib/python3.10/site-packages/airflow/example_dags/tutorial_taskflow_api.py
[2022-11-08T19:33:05.693-0300] {logging_mixin.py:117} INFO - [2022-11-08T19:33:05.693-0300] {dag.py:2573} INFO - Sync 1 DAGs
[2022-11-08T19:33:05.714-0300] {logging_mixin.py:117} INFO - [2022-11-08T19:33:05.714-0300] {dag.py:3324} INFO - Setting next_dagrun for tutorial_taskflow_api to None, run_after=None
[2022-11-08T19:33:05.755-0300] {processor.py:178} INFO - Processing /home/renato/Documentos/datapipeline/.env/lib/python3.10/site-packages/airflow/example_dags/tutorial_taskflow_api.py took 0.121 seconds
[2022-11-08T19:33:44.747-0300] {processor.py:156} INFO - Started process (PID=12913) to work on /home/renato/Documentos/datapipeline/.env/lib/python3.10/site-packages/airflow/example_dags/tutorial_taskflow_api.py
[2022-11-08T19:33:44.751-0300] {processor.py:758} INFO - Processing file /home/renato/Documentos/datapipeline/.env/lib/python3.10/site-packages/airflow/example_dags/tutorial_taskflow_api.py for tasks to queue
[2022-11-08T19:33:44.752-0300] {logging_mixin.py:117} INFO - [2022-11-08T19:33:44.751-0300] {dagbag.py:525} INFO - Filling up the DagBag from /home/renato/Documentos/datapipeline/.env/lib/python3.10/site-packages/airflow/example_dags/tutorial_taskflow_api.py
[2022-11-08T19:33:44.795-0300] {processor.py:768} INFO - DAG(s) dict_keys(['tutorial_taskflow_api']) retrieved from /home/renato/Documentos/datapipeline/.env/lib/python3.10/site-packages/airflow/example_dags/tutorial_taskflow_api.py
[2022-11-08T19:33:44.827-0300] {logging_mixin.py:117} INFO - [2022-11-08T19:33:44.827-0300] {dag.py:2573} INFO - Sync 1 DAGs
[2022-11-08T19:33:44.848-0300] {logging_mixin.py:117} INFO - [2022-11-08T19:33:44.848-0300] {dag.py:3324} INFO - Setting next_dagrun for tutorial_taskflow_api to None, run_after=None
[2022-11-08T19:33:44.895-0300] {processor.py:178} INFO - Processing /home/renato/Documentos/datapipeline/.env/lib/python3.10/site-packages/airflow/example_dags/tutorial_taskflow_api.py took 0.151 seconds
[2022-11-08T19:34:24.512-0300] {processor.py:156} INFO - Started process (PID=13136) to work on /home/renato/Documentos/datapipeline/.env/lib/python3.10/site-packages/airflow/example_dags/tutorial_taskflow_api.py
[2022-11-08T19:34:24.514-0300] {processor.py:758} INFO - Processing file /home/renato/Documentos/datapipeline/.env/lib/python3.10/site-packages/airflow/example_dags/tutorial_taskflow_api.py for tasks to queue
[2022-11-08T19:34:24.514-0300] {logging_mixin.py:117} INFO - [2022-11-08T19:34:24.514-0300] {dagbag.py:525} INFO - Filling up the DagBag from /home/renato/Documentos/datapipeline/.env/lib/python3.10/site-packages/airflow/example_dags/tutorial_taskflow_api.py
[2022-11-08T19:34:24.535-0300] {processor.py:768} INFO - DAG(s) dict_keys(['tutorial_taskflow_api']) retrieved from /home/renato/Documentos/datapipeline/.env/lib/python3.10/site-packages/airflow/example_dags/tutorial_taskflow_api.py
[2022-11-08T19:34:24.554-0300] {logging_mixin.py:117} INFO - [2022-11-08T19:34:24.554-0300] {dag.py:2573} INFO - Sync 1 DAGs
[2022-11-08T19:34:24.570-0300] {logging_mixin.py:117} INFO - [2022-11-08T19:34:24.570-0300] {dag.py:3324} INFO - Setting next_dagrun for tutorial_taskflow_api to None, run_after=None
[2022-11-08T19:34:24.596-0300] {processor.py:178} INFO - Processing /home/renato/Documentos/datapipeline/.env/lib/python3.10/site-packages/airflow/example_dags/tutorial_taskflow_api.py took 0.087 seconds
[2022-11-08T19:35:01.970-0300] {processor.py:156} INFO - Started process (PID=13226) to work on /home/renato/Documentos/datapipeline/.env/lib/python3.10/site-packages/airflow/example_dags/tutorial_taskflow_api.py
[2022-11-08T19:35:01.973-0300] {processor.py:758} INFO - Processing file /home/renato/Documentos/datapipeline/.env/lib/python3.10/site-packages/airflow/example_dags/tutorial_taskflow_api.py for tasks to queue
[2022-11-08T19:35:01.974-0300] {logging_mixin.py:117} INFO - [2022-11-08T19:35:01.973-0300] {dagbag.py:525} INFO - Filling up the DagBag from /home/renato/Documentos/datapipeline/.env/lib/python3.10/site-packages/airflow/example_dags/tutorial_taskflow_api.py
[2022-11-08T19:35:02.003-0300] {processor.py:768} INFO - DAG(s) dict_keys(['tutorial_taskflow_api']) retrieved from /home/renato/Documentos/datapipeline/.env/lib/python3.10/site-packages/airflow/example_dags/tutorial_taskflow_api.py
[2022-11-08T19:35:02.023-0300] {logging_mixin.py:117} INFO - [2022-11-08T19:35:02.023-0300] {dag.py:2573} INFO - Sync 1 DAGs
[2022-11-08T19:35:02.039-0300] {logging_mixin.py:117} INFO - [2022-11-08T19:35:02.039-0300] {dag.py:3324} INFO - Setting next_dagrun for tutorial_taskflow_api to None, run_after=None
[2022-11-08T19:35:02.062-0300] {processor.py:178} INFO - Processing /home/renato/Documentos/datapipeline/.env/lib/python3.10/site-packages/airflow/example_dags/tutorial_taskflow_api.py took 0.098 seconds
[2022-11-08T19:35:41.074-0300] {processor.py:156} INFO - Started process (PID=13305) to work on /home/renato/Documentos/datapipeline/.env/lib/python3.10/site-packages/airflow/example_dags/tutorial_taskflow_api.py
[2022-11-08T19:35:41.078-0300] {processor.py:758} INFO - Processing file /home/renato/Documentos/datapipeline/.env/lib/python3.10/site-packages/airflow/example_dags/tutorial_taskflow_api.py for tasks to queue
[2022-11-08T19:35:41.079-0300] {logging_mixin.py:117} INFO - [2022-11-08T19:35:41.079-0300] {dagbag.py:525} INFO - Filling up the DagBag from /home/renato/Documentos/datapipeline/.env/lib/python3.10/site-packages/airflow/example_dags/tutorial_taskflow_api.py
[2022-11-08T19:35:41.108-0300] {processor.py:768} INFO - DAG(s) dict_keys(['tutorial_taskflow_api']) retrieved from /home/renato/Documentos/datapipeline/.env/lib/python3.10/site-packages/airflow/example_dags/tutorial_taskflow_api.py
[2022-11-08T19:35:41.130-0300] {logging_mixin.py:117} INFO - [2022-11-08T19:35:41.130-0300] {dag.py:2573} INFO - Sync 1 DAGs
[2022-11-08T19:35:41.146-0300] {logging_mixin.py:117} INFO - [2022-11-08T19:35:41.146-0300] {dag.py:3324} INFO - Setting next_dagrun for tutorial_taskflow_api to None, run_after=None
[2022-11-08T19:35:41.170-0300] {processor.py:178} INFO - Processing /home/renato/Documentos/datapipeline/.env/lib/python3.10/site-packages/airflow/example_dags/tutorial_taskflow_api.py took 0.102 seconds
[2022-11-08T19:36:17.769-0300] {processor.py:156} INFO - Started process (PID=13381) to work on /home/renato/Documentos/datapipeline/.env/lib/python3.10/site-packages/airflow/example_dags/tutorial_taskflow_api.py
[2022-11-08T19:36:17.772-0300] {processor.py:758} INFO - Processing file /home/renato/Documentos/datapipeline/.env/lib/python3.10/site-packages/airflow/example_dags/tutorial_taskflow_api.py for tasks to queue
[2022-11-08T19:36:17.772-0300] {logging_mixin.py:117} INFO - [2022-11-08T19:36:17.772-0300] {dagbag.py:525} INFO - Filling up the DagBag from /home/renato/Documentos/datapipeline/.env/lib/python3.10/site-packages/airflow/example_dags/tutorial_taskflow_api.py
[2022-11-08T19:36:17.804-0300] {processor.py:768} INFO - DAG(s) dict_keys(['tutorial_taskflow_api']) retrieved from /home/renato/Documentos/datapipeline/.env/lib/python3.10/site-packages/airflow/example_dags/tutorial_taskflow_api.py
[2022-11-08T19:36:17.833-0300] {logging_mixin.py:117} INFO - [2022-11-08T19:36:17.833-0300] {dag.py:2573} INFO - Sync 1 DAGs
[2022-11-08T19:36:17.852-0300] {logging_mixin.py:117} INFO - [2022-11-08T19:36:17.852-0300] {dag.py:3324} INFO - Setting next_dagrun for tutorial_taskflow_api to None, run_after=None
[2022-11-08T19:36:17.877-0300] {processor.py:178} INFO - Processing /home/renato/Documentos/datapipeline/.env/lib/python3.10/site-packages/airflow/example_dags/tutorial_taskflow_api.py took 0.115 seconds
[2022-11-08T19:36:55.819-0300] {processor.py:156} INFO - Started process (PID=13493) to work on /home/renato/Documentos/datapipeline/.env/lib/python3.10/site-packages/airflow/example_dags/tutorial_taskflow_api.py
[2022-11-08T19:36:55.825-0300] {processor.py:758} INFO - Processing file /home/renato/Documentos/datapipeline/.env/lib/python3.10/site-packages/airflow/example_dags/tutorial_taskflow_api.py for tasks to queue
[2022-11-08T19:36:55.825-0300] {logging_mixin.py:117} INFO - [2022-11-08T19:36:55.825-0300] {dagbag.py:525} INFO - Filling up the DagBag from /home/renato/Documentos/datapipeline/.env/lib/python3.10/site-packages/airflow/example_dags/tutorial_taskflow_api.py
[2022-11-08T19:36:55.845-0300] {processor.py:768} INFO - DAG(s) dict_keys(['tutorial_taskflow_api']) retrieved from /home/renato/Documentos/datapipeline/.env/lib/python3.10/site-packages/airflow/example_dags/tutorial_taskflow_api.py
[2022-11-08T19:36:55.865-0300] {logging_mixin.py:117} INFO - [2022-11-08T19:36:55.864-0300] {dag.py:2573} INFO - Sync 1 DAGs
[2022-11-08T19:36:55.882-0300] {logging_mixin.py:117} INFO - [2022-11-08T19:36:55.881-0300] {dag.py:3324} INFO - Setting next_dagrun for tutorial_taskflow_api to None, run_after=None
[2022-11-08T19:36:55.921-0300] {processor.py:178} INFO - Processing /home/renato/Documentos/datapipeline/.env/lib/python3.10/site-packages/airflow/example_dags/tutorial_taskflow_api.py took 0.104 seconds
[2022-11-08T19:37:32.533-0300] {processor.py:156} INFO - Started process (PID=13602) to work on /home/renato/Documentos/datapipeline/.env/lib/python3.10/site-packages/airflow/example_dags/tutorial_taskflow_api.py
[2022-11-08T19:37:32.536-0300] {processor.py:758} INFO - Processing file /home/renato/Documentos/datapipeline/.env/lib/python3.10/site-packages/airflow/example_dags/tutorial_taskflow_api.py for tasks to queue
[2022-11-08T19:37:32.537-0300] {logging_mixin.py:117} INFO - [2022-11-08T19:37:32.537-0300] {dagbag.py:525} INFO - Filling up the DagBag from /home/renato/Documentos/datapipeline/.env/lib/python3.10/site-packages/airflow/example_dags/tutorial_taskflow_api.py
[2022-11-08T19:37:32.561-0300] {processor.py:768} INFO - DAG(s) dict_keys(['tutorial_taskflow_api']) retrieved from /home/renato/Documentos/datapipeline/.env/lib/python3.10/site-packages/airflow/example_dags/tutorial_taskflow_api.py
[2022-11-08T19:37:32.581-0300] {logging_mixin.py:117} INFO - [2022-11-08T19:37:32.581-0300] {dag.py:2573} INFO - Sync 1 DAGs
[2022-11-08T19:37:32.598-0300] {logging_mixin.py:117} INFO - [2022-11-08T19:37:32.598-0300] {dag.py:3324} INFO - Setting next_dagrun for tutorial_taskflow_api to None, run_after=None
[2022-11-08T19:37:32.622-0300] {processor.py:178} INFO - Processing /home/renato/Documentos/datapipeline/.env/lib/python3.10/site-packages/airflow/example_dags/tutorial_taskflow_api.py took 0.092 seconds
[2022-11-08T19:38:12.103-0300] {processor.py:156} INFO - Started process (PID=13797) to work on /home/renato/Documentos/datapipeline/.env/lib/python3.10/site-packages/airflow/example_dags/tutorial_taskflow_api.py
[2022-11-08T19:38:12.105-0300] {processor.py:758} INFO - Processing file /home/renato/Documentos/datapipeline/.env/lib/python3.10/site-packages/airflow/example_dags/tutorial_taskflow_api.py for tasks to queue
[2022-11-08T19:38:12.105-0300] {logging_mixin.py:117} INFO - [2022-11-08T19:38:12.105-0300] {dagbag.py:525} INFO - Filling up the DagBag from /home/renato/Documentos/datapipeline/.env/lib/python3.10/site-packages/airflow/example_dags/tutorial_taskflow_api.py
[2022-11-08T19:38:12.125-0300] {processor.py:768} INFO - DAG(s) dict_keys(['tutorial_taskflow_api']) retrieved from /home/renato/Documentos/datapipeline/.env/lib/python3.10/site-packages/airflow/example_dags/tutorial_taskflow_api.py
[2022-11-08T19:38:12.145-0300] {logging_mixin.py:117} INFO - [2022-11-08T19:38:12.145-0300] {dag.py:2573} INFO - Sync 1 DAGs
[2022-11-08T19:38:12.162-0300] {logging_mixin.py:117} INFO - [2022-11-08T19:38:12.162-0300] {dag.py:3324} INFO - Setting next_dagrun for tutorial_taskflow_api to None, run_after=None
[2022-11-08T19:38:12.200-0300] {processor.py:178} INFO - Processing /home/renato/Documentos/datapipeline/.env/lib/python3.10/site-packages/airflow/example_dags/tutorial_taskflow_api.py took 0.100 seconds
[2022-11-08T19:38:48.487-0300] {processor.py:156} INFO - Started process (PID=14017) to work on /home/renato/Documentos/datapipeline/.env/lib/python3.10/site-packages/airflow/example_dags/tutorial_taskflow_api.py
[2022-11-08T19:38:48.491-0300] {processor.py:758} INFO - Processing file /home/renato/Documentos/datapipeline/.env/lib/python3.10/site-packages/airflow/example_dags/tutorial_taskflow_api.py for tasks to queue
[2022-11-08T19:38:48.492-0300] {logging_mixin.py:117} INFO - [2022-11-08T19:38:48.492-0300] {dagbag.py:525} INFO - Filling up the DagBag from /home/renato/Documentos/datapipeline/.env/lib/python3.10/site-packages/airflow/example_dags/tutorial_taskflow_api.py
[2022-11-08T19:38:48.513-0300] {processor.py:768} INFO - DAG(s) dict_keys(['tutorial_taskflow_api']) retrieved from /home/renato/Documentos/datapipeline/.env/lib/python3.10/site-packages/airflow/example_dags/tutorial_taskflow_api.py
[2022-11-08T19:38:48.534-0300] {logging_mixin.py:117} INFO - [2022-11-08T19:38:48.534-0300] {dag.py:2573} INFO - Sync 1 DAGs
[2022-11-08T19:38:48.551-0300] {logging_mixin.py:117} INFO - [2022-11-08T19:38:48.551-0300] {dag.py:3324} INFO - Setting next_dagrun for tutorial_taskflow_api to None, run_after=None
[2022-11-08T19:38:48.576-0300] {processor.py:178} INFO - Processing /home/renato/Documentos/datapipeline/.env/lib/python3.10/site-packages/airflow/example_dags/tutorial_taskflow_api.py took 0.092 seconds
[2022-11-08T19:39:29.979-0300] {processor.py:156} INFO - Started process (PID=14096) to work on /home/renato/Documentos/datapipeline/.env/lib/python3.10/site-packages/airflow/example_dags/tutorial_taskflow_api.py
[2022-11-08T19:39:29.981-0300] {processor.py:758} INFO - Processing file /home/renato/Documentos/datapipeline/.env/lib/python3.10/site-packages/airflow/example_dags/tutorial_taskflow_api.py for tasks to queue
[2022-11-08T19:39:29.983-0300] {logging_mixin.py:117} INFO - [2022-11-08T19:39:29.982-0300] {dagbag.py:525} INFO - Filling up the DagBag from /home/renato/Documentos/datapipeline/.env/lib/python3.10/site-packages/airflow/example_dags/tutorial_taskflow_api.py
[2022-11-08T19:39:30.015-0300] {processor.py:768} INFO - DAG(s) dict_keys(['tutorial_taskflow_api']) retrieved from /home/renato/Documentos/datapipeline/.env/lib/python3.10/site-packages/airflow/example_dags/tutorial_taskflow_api.py
[2022-11-08T19:39:30.035-0300] {logging_mixin.py:117} INFO - [2022-11-08T19:39:30.035-0300] {dag.py:2573} INFO - Sync 1 DAGs
[2022-11-08T19:39:30.052-0300] {logging_mixin.py:117} INFO - [2022-11-08T19:39:30.051-0300] {dag.py:3324} INFO - Setting next_dagrun for tutorial_taskflow_api to None, run_after=None
[2022-11-08T19:39:30.075-0300] {processor.py:178} INFO - Processing /home/renato/Documentos/datapipeline/.env/lib/python3.10/site-packages/airflow/example_dags/tutorial_taskflow_api.py took 0.101 seconds
[2022-11-08T19:40:04.440-0300] {processor.py:156} INFO - Started process (PID=14168) to work on /home/renato/Documentos/datapipeline/.env/lib/python3.10/site-packages/airflow/example_dags/tutorial_taskflow_api.py
[2022-11-08T19:40:04.443-0300] {processor.py:758} INFO - Processing file /home/renato/Documentos/datapipeline/.env/lib/python3.10/site-packages/airflow/example_dags/tutorial_taskflow_api.py for tasks to queue
[2022-11-08T19:40:04.444-0300] {logging_mixin.py:117} INFO - [2022-11-08T19:40:04.444-0300] {dagbag.py:525} INFO - Filling up the DagBag from /home/renato/Documentos/datapipeline/.env/lib/python3.10/site-packages/airflow/example_dags/tutorial_taskflow_api.py
[2022-11-08T19:40:04.469-0300] {processor.py:768} INFO - DAG(s) dict_keys(['tutorial_taskflow_api']) retrieved from /home/renato/Documentos/datapipeline/.env/lib/python3.10/site-packages/airflow/example_dags/tutorial_taskflow_api.py
[2022-11-08T19:40:04.490-0300] {logging_mixin.py:117} INFO - [2022-11-08T19:40:04.490-0300] {dag.py:2573} INFO - Sync 1 DAGs
[2022-11-08T19:40:04.505-0300] {logging_mixin.py:117} INFO - [2022-11-08T19:40:04.505-0300] {dag.py:3324} INFO - Setting next_dagrun for tutorial_taskflow_api to None, run_after=None
[2022-11-08T19:40:04.538-0300] {processor.py:178} INFO - Processing /home/renato/Documentos/datapipeline/.env/lib/python3.10/site-packages/airflow/example_dags/tutorial_taskflow_api.py took 0.104 seconds
[2022-11-08T19:40:40.974-0300] {processor.py:156} INFO - Started process (PID=14395) to work on /home/renato/Documentos/datapipeline/.env/lib/python3.10/site-packages/airflow/example_dags/tutorial_taskflow_api.py
[2022-11-08T19:40:40.976-0300] {processor.py:758} INFO - Processing file /home/renato/Documentos/datapipeline/.env/lib/python3.10/site-packages/airflow/example_dags/tutorial_taskflow_api.py for tasks to queue
[2022-11-08T19:40:40.977-0300] {logging_mixin.py:117} INFO - [2022-11-08T19:40:40.977-0300] {dagbag.py:525} INFO - Filling up the DagBag from /home/renato/Documentos/datapipeline/.env/lib/python3.10/site-packages/airflow/example_dags/tutorial_taskflow_api.py
[2022-11-08T19:40:40.998-0300] {processor.py:768} INFO - DAG(s) dict_keys(['tutorial_taskflow_api']) retrieved from /home/renato/Documentos/datapipeline/.env/lib/python3.10/site-packages/airflow/example_dags/tutorial_taskflow_api.py
[2022-11-08T19:40:41.022-0300] {logging_mixin.py:117} INFO - [2022-11-08T19:40:41.022-0300] {dag.py:2573} INFO - Sync 1 DAGs
[2022-11-08T19:40:41.041-0300] {logging_mixin.py:117} INFO - [2022-11-08T19:40:41.041-0300] {dag.py:3324} INFO - Setting next_dagrun for tutorial_taskflow_api to None, run_after=None
[2022-11-08T19:40:41.067-0300] {processor.py:178} INFO - Processing /home/renato/Documentos/datapipeline/.env/lib/python3.10/site-packages/airflow/example_dags/tutorial_taskflow_api.py took 0.096 seconds
[2022-11-08T19:41:18.997-0300] {processor.py:156} INFO - Started process (PID=14480) to work on /home/renato/Documentos/datapipeline/.env/lib/python3.10/site-packages/airflow/example_dags/tutorial_taskflow_api.py
[2022-11-08T19:41:19.000-0300] {processor.py:758} INFO - Processing file /home/renato/Documentos/datapipeline/.env/lib/python3.10/site-packages/airflow/example_dags/tutorial_taskflow_api.py for tasks to queue
[2022-11-08T19:41:19.001-0300] {logging_mixin.py:117} INFO - [2022-11-08T19:41:19.001-0300] {dagbag.py:525} INFO - Filling up the DagBag from /home/renato/Documentos/datapipeline/.env/lib/python3.10/site-packages/airflow/example_dags/tutorial_taskflow_api.py
[2022-11-08T19:41:19.036-0300] {processor.py:768} INFO - DAG(s) dict_keys(['tutorial_taskflow_api']) retrieved from /home/renato/Documentos/datapipeline/.env/lib/python3.10/site-packages/airflow/example_dags/tutorial_taskflow_api.py
[2022-11-08T19:41:19.057-0300] {logging_mixin.py:117} INFO - [2022-11-08T19:41:19.057-0300] {dag.py:2573} INFO - Sync 1 DAGs
[2022-11-08T19:41:19.075-0300] {logging_mixin.py:117} INFO - [2022-11-08T19:41:19.074-0300] {dag.py:3324} INFO - Setting next_dagrun for tutorial_taskflow_api to None, run_after=None
[2022-11-08T19:41:19.098-0300] {processor.py:178} INFO - Processing /home/renato/Documentos/datapipeline/.env/lib/python3.10/site-packages/airflow/example_dags/tutorial_taskflow_api.py took 0.105 seconds
[2022-11-08T19:41:53.384-0300] {processor.py:156} INFO - Started process (PID=14742) to work on /home/renato/Documentos/datapipeline/.env/lib/python3.10/site-packages/airflow/example_dags/tutorial_taskflow_api.py
[2022-11-08T19:41:53.386-0300] {processor.py:758} INFO - Processing file /home/renato/Documentos/datapipeline/.env/lib/python3.10/site-packages/airflow/example_dags/tutorial_taskflow_api.py for tasks to queue
[2022-11-08T19:41:53.386-0300] {logging_mixin.py:117} INFO - [2022-11-08T19:41:53.386-0300] {dagbag.py:525} INFO - Filling up the DagBag from /home/renato/Documentos/datapipeline/.env/lib/python3.10/site-packages/airflow/example_dags/tutorial_taskflow_api.py
[2022-11-08T19:41:53.408-0300] {processor.py:768} INFO - DAG(s) dict_keys(['tutorial_taskflow_api']) retrieved from /home/renato/Documentos/datapipeline/.env/lib/python3.10/site-packages/airflow/example_dags/tutorial_taskflow_api.py
[2022-11-08T19:41:53.429-0300] {logging_mixin.py:117} INFO - [2022-11-08T19:41:53.429-0300] {dag.py:2573} INFO - Sync 1 DAGs
[2022-11-08T19:41:53.449-0300] {logging_mixin.py:117} INFO - [2022-11-08T19:41:53.449-0300] {dag.py:3324} INFO - Setting next_dagrun for tutorial_taskflow_api to None, run_after=None
[2022-11-08T19:41:53.476-0300] {processor.py:178} INFO - Processing /home/renato/Documentos/datapipeline/.env/lib/python3.10/site-packages/airflow/example_dags/tutorial_taskflow_api.py took 0.094 seconds
[2022-11-08T19:42:31.667-0300] {processor.py:156} INFO - Started process (PID=14860) to work on /home/renato/Documentos/datapipeline/.env/lib/python3.10/site-packages/airflow/example_dags/tutorial_taskflow_api.py
[2022-11-08T19:42:31.670-0300] {processor.py:758} INFO - Processing file /home/renato/Documentos/datapipeline/.env/lib/python3.10/site-packages/airflow/example_dags/tutorial_taskflow_api.py for tasks to queue
[2022-11-08T19:42:31.671-0300] {logging_mixin.py:117} INFO - [2022-11-08T19:42:31.671-0300] {dagbag.py:525} INFO - Filling up the DagBag from /home/renato/Documentos/datapipeline/.env/lib/python3.10/site-packages/airflow/example_dags/tutorial_taskflow_api.py
[2022-11-08T19:42:31.699-0300] {processor.py:768} INFO - DAG(s) dict_keys(['tutorial_taskflow_api']) retrieved from /home/renato/Documentos/datapipeline/.env/lib/python3.10/site-packages/airflow/example_dags/tutorial_taskflow_api.py
[2022-11-08T19:42:31.718-0300] {logging_mixin.py:117} INFO - [2022-11-08T19:42:31.718-0300] {dag.py:2573} INFO - Sync 1 DAGs
[2022-11-08T19:42:31.734-0300] {logging_mixin.py:117} INFO - [2022-11-08T19:42:31.734-0300] {dag.py:3324} INFO - Setting next_dagrun for tutorial_taskflow_api to None, run_after=None
[2022-11-08T19:42:31.756-0300] {processor.py:178} INFO - Processing /home/renato/Documentos/datapipeline/.env/lib/python3.10/site-packages/airflow/example_dags/tutorial_taskflow_api.py took 0.095 seconds
[2022-11-08T19:43:08.729-0300] {processor.py:156} INFO - Started process (PID=14945) to work on /home/renato/Documentos/datapipeline/.env/lib/python3.10/site-packages/airflow/example_dags/tutorial_taskflow_api.py
[2022-11-08T19:43:08.731-0300] {processor.py:758} INFO - Processing file /home/renato/Documentos/datapipeline/.env/lib/python3.10/site-packages/airflow/example_dags/tutorial_taskflow_api.py for tasks to queue
[2022-11-08T19:43:08.732-0300] {logging_mixin.py:117} INFO - [2022-11-08T19:43:08.732-0300] {dagbag.py:525} INFO - Filling up the DagBag from /home/renato/Documentos/datapipeline/.env/lib/python3.10/site-packages/airflow/example_dags/tutorial_taskflow_api.py
[2022-11-08T19:43:08.756-0300] {processor.py:768} INFO - DAG(s) dict_keys(['tutorial_taskflow_api']) retrieved from /home/renato/Documentos/datapipeline/.env/lib/python3.10/site-packages/airflow/example_dags/tutorial_taskflow_api.py
[2022-11-08T19:43:08.778-0300] {logging_mixin.py:117} INFO - [2022-11-08T19:43:08.778-0300] {dag.py:2573} INFO - Sync 1 DAGs
[2022-11-08T19:43:08.794-0300] {logging_mixin.py:117} INFO - [2022-11-08T19:43:08.794-0300] {dag.py:3324} INFO - Setting next_dagrun for tutorial_taskflow_api to None, run_after=None
[2022-11-08T19:43:08.820-0300] {processor.py:178} INFO - Processing /home/renato/Documentos/datapipeline/.env/lib/python3.10/site-packages/airflow/example_dags/tutorial_taskflow_api.py took 0.094 seconds
[2022-11-08T19:43:43.070-0300] {processor.py:156} INFO - Started process (PID=15142) to work on /home/renato/Documentos/datapipeline/.env/lib/python3.10/site-packages/airflow/example_dags/tutorial_taskflow_api.py
[2022-11-08T19:43:43.072-0300] {processor.py:758} INFO - Processing file /home/renato/Documentos/datapipeline/.env/lib/python3.10/site-packages/airflow/example_dags/tutorial_taskflow_api.py for tasks to queue
[2022-11-08T19:43:43.073-0300] {logging_mixin.py:117} INFO - [2022-11-08T19:43:43.073-0300] {dagbag.py:525} INFO - Filling up the DagBag from /home/renato/Documentos/datapipeline/.env/lib/python3.10/site-packages/airflow/example_dags/tutorial_taskflow_api.py
[2022-11-08T19:43:43.097-0300] {processor.py:768} INFO - DAG(s) dict_keys(['tutorial_taskflow_api']) retrieved from /home/renato/Documentos/datapipeline/.env/lib/python3.10/site-packages/airflow/example_dags/tutorial_taskflow_api.py
[2022-11-08T19:43:43.119-0300] {logging_mixin.py:117} INFO - [2022-11-08T19:43:43.119-0300] {dag.py:2573} INFO - Sync 1 DAGs
[2022-11-08T19:43:43.136-0300] {logging_mixin.py:117} INFO - [2022-11-08T19:43:43.135-0300] {dag.py:3324} INFO - Setting next_dagrun for tutorial_taskflow_api to None, run_after=None
[2022-11-08T19:43:43.157-0300] {processor.py:178} INFO - Processing /home/renato/Documentos/datapipeline/.env/lib/python3.10/site-packages/airflow/example_dags/tutorial_taskflow_api.py took 0.091 seconds
[2022-11-08T19:44:15.254-0300] {processor.py:156} INFO - Started process (PID=15206) to work on /home/renato/Documentos/datapipeline/.env/lib/python3.10/site-packages/airflow/example_dags/tutorial_taskflow_api.py
[2022-11-08T19:44:15.255-0300] {processor.py:758} INFO - Processing file /home/renato/Documentos/datapipeline/.env/lib/python3.10/site-packages/airflow/example_dags/tutorial_taskflow_api.py for tasks to queue
[2022-11-08T19:44:15.256-0300] {logging_mixin.py:117} INFO - [2022-11-08T19:44:15.256-0300] {dagbag.py:525} INFO - Filling up the DagBag from /home/renato/Documentos/datapipeline/.env/lib/python3.10/site-packages/airflow/example_dags/tutorial_taskflow_api.py
[2022-11-08T19:44:15.289-0300] {processor.py:768} INFO - DAG(s) dict_keys(['tutorial_taskflow_api']) retrieved from /home/renato/Documentos/datapipeline/.env/lib/python3.10/site-packages/airflow/example_dags/tutorial_taskflow_api.py
[2022-11-08T19:44:15.318-0300] {logging_mixin.py:117} INFO - [2022-11-08T19:44:15.318-0300] {dag.py:2573} INFO - Sync 1 DAGs
[2022-11-08T19:44:15.341-0300] {logging_mixin.py:117} INFO - [2022-11-08T19:44:15.341-0300] {dag.py:3324} INFO - Setting next_dagrun for tutorial_taskflow_api to None, run_after=None
[2022-11-08T19:44:15.370-0300] {processor.py:178} INFO - Processing /home/renato/Documentos/datapipeline/.env/lib/python3.10/site-packages/airflow/example_dags/tutorial_taskflow_api.py took 0.122 seconds
[2022-11-08T19:44:51.223-0300] {processor.py:156} INFO - Started process (PID=15286) to work on /home/renato/Documentos/datapipeline/.env/lib/python3.10/site-packages/airflow/example_dags/tutorial_taskflow_api.py
[2022-11-08T19:44:51.226-0300] {processor.py:758} INFO - Processing file /home/renato/Documentos/datapipeline/.env/lib/python3.10/site-packages/airflow/example_dags/tutorial_taskflow_api.py for tasks to queue
[2022-11-08T19:44:51.227-0300] {logging_mixin.py:117} INFO - [2022-11-08T19:44:51.227-0300] {dagbag.py:525} INFO - Filling up the DagBag from /home/renato/Documentos/datapipeline/.env/lib/python3.10/site-packages/airflow/example_dags/tutorial_taskflow_api.py
[2022-11-08T19:44:51.257-0300] {processor.py:768} INFO - DAG(s) dict_keys(['tutorial_taskflow_api']) retrieved from /home/renato/Documentos/datapipeline/.env/lib/python3.10/site-packages/airflow/example_dags/tutorial_taskflow_api.py
[2022-11-08T19:44:51.276-0300] {logging_mixin.py:117} INFO - [2022-11-08T19:44:51.275-0300] {dag.py:2573} INFO - Sync 1 DAGs
[2022-11-08T19:44:51.291-0300] {logging_mixin.py:117} INFO - [2022-11-08T19:44:51.291-0300] {dag.py:3324} INFO - Setting next_dagrun for tutorial_taskflow_api to None, run_after=None
[2022-11-08T19:44:51.315-0300] {processor.py:178} INFO - Processing /home/renato/Documentos/datapipeline/.env/lib/python3.10/site-packages/airflow/example_dags/tutorial_taskflow_api.py took 0.096 seconds
[2022-11-08T19:45:52.069-0300] {processor.py:156} INFO - Started process (PID=15665) to work on /home/renato/Documentos/datapipeline/.env/lib/python3.10/site-packages/airflow/example_dags/tutorial_taskflow_api.py
[2022-11-08T19:45:52.073-0300] {processor.py:758} INFO - Processing file /home/renato/Documentos/datapipeline/.env/lib/python3.10/site-packages/airflow/example_dags/tutorial_taskflow_api.py for tasks to queue
[2022-11-08T19:45:52.074-0300] {logging_mixin.py:117} INFO - [2022-11-08T19:45:52.073-0300] {dagbag.py:525} INFO - Filling up the DagBag from /home/renato/Documentos/datapipeline/.env/lib/python3.10/site-packages/airflow/example_dags/tutorial_taskflow_api.py
[2022-11-08T19:45:52.098-0300] {processor.py:768} INFO - DAG(s) dict_keys(['tutorial_taskflow_api']) retrieved from /home/renato/Documentos/datapipeline/.env/lib/python3.10/site-packages/airflow/example_dags/tutorial_taskflow_api.py
[2022-11-08T19:45:52.117-0300] {logging_mixin.py:117} INFO - [2022-11-08T19:45:52.117-0300] {dag.py:2573} INFO - Sync 1 DAGs
[2022-11-08T19:45:52.134-0300] {logging_mixin.py:117} INFO - [2022-11-08T19:45:52.134-0300] {dag.py:3324} INFO - Setting next_dagrun for tutorial_taskflow_api to None, run_after=None
[2022-11-08T19:45:52.155-0300] {processor.py:178} INFO - Processing /home/renato/Documentos/datapipeline/.env/lib/python3.10/site-packages/airflow/example_dags/tutorial_taskflow_api.py took 0.092 seconds
[2022-11-08T19:46:31.213-0300] {processor.py:156} INFO - Started process (PID=15753) to work on /home/renato/Documentos/datapipeline/.env/lib/python3.10/site-packages/airflow/example_dags/tutorial_taskflow_api.py
[2022-11-08T19:46:31.215-0300] {processor.py:758} INFO - Processing file /home/renato/Documentos/datapipeline/.env/lib/python3.10/site-packages/airflow/example_dags/tutorial_taskflow_api.py for tasks to queue
[2022-11-08T19:46:31.216-0300] {logging_mixin.py:117} INFO - [2022-11-08T19:46:31.216-0300] {dagbag.py:525} INFO - Filling up the DagBag from /home/renato/Documentos/datapipeline/.env/lib/python3.10/site-packages/airflow/example_dags/tutorial_taskflow_api.py
[2022-11-08T19:46:31.238-0300] {processor.py:768} INFO - DAG(s) dict_keys(['tutorial_taskflow_api']) retrieved from /home/renato/Documentos/datapipeline/.env/lib/python3.10/site-packages/airflow/example_dags/tutorial_taskflow_api.py
[2022-11-08T19:46:31.258-0300] {logging_mixin.py:117} INFO - [2022-11-08T19:46:31.258-0300] {dag.py:2573} INFO - Sync 1 DAGs
[2022-11-08T19:46:31.275-0300] {logging_mixin.py:117} INFO - [2022-11-08T19:46:31.275-0300] {dag.py:3324} INFO - Setting next_dagrun for tutorial_taskflow_api to None, run_after=None
[2022-11-08T19:46:31.299-0300] {processor.py:178} INFO - Processing /home/renato/Documentos/datapipeline/.env/lib/python3.10/site-packages/airflow/example_dags/tutorial_taskflow_api.py took 0.088 seconds
[2022-11-08T19:47:07.289-0300] {processor.py:156} INFO - Started process (PID=15843) to work on /home/renato/Documentos/datapipeline/.env/lib/python3.10/site-packages/airflow/example_dags/tutorial_taskflow_api.py
[2022-11-08T19:47:07.291-0300] {processor.py:758} INFO - Processing file /home/renato/Documentos/datapipeline/.env/lib/python3.10/site-packages/airflow/example_dags/tutorial_taskflow_api.py for tasks to queue
[2022-11-08T19:47:07.291-0300] {logging_mixin.py:117} INFO - [2022-11-08T19:47:07.291-0300] {dagbag.py:525} INFO - Filling up the DagBag from /home/renato/Documentos/datapipeline/.env/lib/python3.10/site-packages/airflow/example_dags/tutorial_taskflow_api.py
[2022-11-08T19:47:07.311-0300] {processor.py:768} INFO - DAG(s) dict_keys(['tutorial_taskflow_api']) retrieved from /home/renato/Documentos/datapipeline/.env/lib/python3.10/site-packages/airflow/example_dags/tutorial_taskflow_api.py
[2022-11-08T19:47:07.331-0300] {logging_mixin.py:117} INFO - [2022-11-08T19:47:07.331-0300] {dag.py:2573} INFO - Sync 1 DAGs
[2022-11-08T19:47:07.353-0300] {logging_mixin.py:117} INFO - [2022-11-08T19:47:07.353-0300] {dag.py:3324} INFO - Setting next_dagrun for tutorial_taskflow_api to None, run_after=None
[2022-11-08T19:47:07.388-0300] {processor.py:178} INFO - Processing /home/renato/Documentos/datapipeline/.env/lib/python3.10/site-packages/airflow/example_dags/tutorial_taskflow_api.py took 0.102 seconds
[2022-11-08T19:48:05.885-0300] {processor.py:156} INFO - Started process (PID=16186) to work on /home/renato/Documentos/datapipeline/.env/lib/python3.10/site-packages/airflow/example_dags/tutorial_taskflow_api.py
[2022-11-08T19:48:05.887-0300] {processor.py:758} INFO - Processing file /home/renato/Documentos/datapipeline/.env/lib/python3.10/site-packages/airflow/example_dags/tutorial_taskflow_api.py for tasks to queue
[2022-11-08T19:48:05.887-0300] {logging_mixin.py:117} INFO - [2022-11-08T19:48:05.887-0300] {dagbag.py:525} INFO - Filling up the DagBag from /home/renato/Documentos/datapipeline/.env/lib/python3.10/site-packages/airflow/example_dags/tutorial_taskflow_api.py
[2022-11-08T19:48:05.912-0300] {processor.py:768} INFO - DAG(s) dict_keys(['tutorial_taskflow_api']) retrieved from /home/renato/Documentos/datapipeline/.env/lib/python3.10/site-packages/airflow/example_dags/tutorial_taskflow_api.py
[2022-11-08T19:48:05.934-0300] {logging_mixin.py:117} INFO - [2022-11-08T19:48:05.934-0300] {dag.py:2573} INFO - Sync 1 DAGs
[2022-11-08T19:48:05.953-0300] {logging_mixin.py:117} INFO - [2022-11-08T19:48:05.953-0300] {dag.py:3324} INFO - Setting next_dagrun for tutorial_taskflow_api to None, run_after=None
[2022-11-08T19:48:05.980-0300] {processor.py:178} INFO - Processing /home/renato/Documentos/datapipeline/.env/lib/python3.10/site-packages/airflow/example_dags/tutorial_taskflow_api.py took 0.098 seconds
[2022-11-08T19:48:52.085-0300] {processor.py:156} INFO - Started process (PID=16429) to work on /home/renato/Documentos/datapipeline/.env/lib/python3.10/site-packages/airflow/example_dags/tutorial_taskflow_api.py
[2022-11-08T19:48:52.086-0300] {processor.py:758} INFO - Processing file /home/renato/Documentos/datapipeline/.env/lib/python3.10/site-packages/airflow/example_dags/tutorial_taskflow_api.py for tasks to queue
[2022-11-08T19:48:52.087-0300] {logging_mixin.py:117} INFO - [2022-11-08T19:48:52.087-0300] {dagbag.py:525} INFO - Filling up the DagBag from /home/renato/Documentos/datapipeline/.env/lib/python3.10/site-packages/airflow/example_dags/tutorial_taskflow_api.py
[2022-11-08T19:48:52.110-0300] {processor.py:768} INFO - DAG(s) dict_keys(['tutorial_taskflow_api']) retrieved from /home/renato/Documentos/datapipeline/.env/lib/python3.10/site-packages/airflow/example_dags/tutorial_taskflow_api.py
[2022-11-08T19:48:52.135-0300] {logging_mixin.py:117} INFO - [2022-11-08T19:48:52.135-0300] {dag.py:2573} INFO - Sync 1 DAGs
[2022-11-08T19:48:52.156-0300] {logging_mixin.py:117} INFO - [2022-11-08T19:48:52.156-0300] {dag.py:3324} INFO - Setting next_dagrun for tutorial_taskflow_api to None, run_after=None
[2022-11-08T19:48:52.189-0300] {processor.py:178} INFO - Processing /home/renato/Documentos/datapipeline/.env/lib/python3.10/site-packages/airflow/example_dags/tutorial_taskflow_api.py took 0.106 seconds
[2022-11-08T19:51:00.579-0300] {processor.py:156} INFO - Started process (PID=17402) to work on /home/renato/Documentos/datapipeline/.env/lib/python3.10/site-packages/airflow/example_dags/tutorial_taskflow_api.py
[2022-11-08T19:51:00.585-0300] {processor.py:758} INFO - Processing file /home/renato/Documentos/datapipeline/.env/lib/python3.10/site-packages/airflow/example_dags/tutorial_taskflow_api.py for tasks to queue
[2022-11-08T19:51:00.585-0300] {logging_mixin.py:117} INFO - [2022-11-08T19:51:00.585-0300] {dagbag.py:525} INFO - Filling up the DagBag from /home/renato/Documentos/datapipeline/.env/lib/python3.10/site-packages/airflow/example_dags/tutorial_taskflow_api.py
[2022-11-08T19:51:00.615-0300] {processor.py:768} INFO - DAG(s) dict_keys(['tutorial_taskflow_api']) retrieved from /home/renato/Documentos/datapipeline/.env/lib/python3.10/site-packages/airflow/example_dags/tutorial_taskflow_api.py
[2022-11-08T19:51:00.638-0300] {logging_mixin.py:117} INFO - [2022-11-08T19:51:00.638-0300] {dag.py:2573} INFO - Sync 1 DAGs
[2022-11-08T19:51:00.660-0300] {logging_mixin.py:117} INFO - [2022-11-08T19:51:00.659-0300] {dag.py:3324} INFO - Setting next_dagrun for tutorial_taskflow_api to None, run_after=None
[2022-11-08T19:51:00.689-0300] {processor.py:178} INFO - Processing /home/renato/Documentos/datapipeline/.env/lib/python3.10/site-packages/airflow/example_dags/tutorial_taskflow_api.py took 0.113 seconds
[2022-11-08T19:52:09.056-0300] {processor.py:156} INFO - Started process (PID=17784) to work on /home/renato/Documentos/datapipeline/.env/lib/python3.10/site-packages/airflow/example_dags/tutorial_taskflow_api.py
[2022-11-08T19:52:09.059-0300] {processor.py:758} INFO - Processing file /home/renato/Documentos/datapipeline/.env/lib/python3.10/site-packages/airflow/example_dags/tutorial_taskflow_api.py for tasks to queue
[2022-11-08T19:52:09.060-0300] {logging_mixin.py:117} INFO - [2022-11-08T19:52:09.060-0300] {dagbag.py:525} INFO - Filling up the DagBag from /home/renato/Documentos/datapipeline/.env/lib/python3.10/site-packages/airflow/example_dags/tutorial_taskflow_api.py
[2022-11-08T19:52:09.093-0300] {processor.py:768} INFO - DAG(s) dict_keys(['tutorial_taskflow_api']) retrieved from /home/renato/Documentos/datapipeline/.env/lib/python3.10/site-packages/airflow/example_dags/tutorial_taskflow_api.py
[2022-11-08T19:52:09.145-0300] {logging_mixin.py:117} INFO - [2022-11-08T19:52:09.145-0300] {dag.py:2573} INFO - Sync 1 DAGs
[2022-11-08T19:52:09.172-0300] {logging_mixin.py:117} INFO - [2022-11-08T19:52:09.172-0300] {dag.py:3324} INFO - Setting next_dagrun for tutorial_taskflow_api to None, run_after=None
[2022-11-08T19:52:09.205-0300] {processor.py:178} INFO - Processing /home/renato/Documentos/datapipeline/.env/lib/python3.10/site-packages/airflow/example_dags/tutorial_taskflow_api.py took 0.154 seconds
[2022-11-08T19:52:49.787-0300] {processor.py:156} INFO - Started process (PID=17863) to work on /home/renato/Documentos/datapipeline/.env/lib/python3.10/site-packages/airflow/example_dags/tutorial_taskflow_api.py
[2022-11-08T19:52:49.798-0300] {processor.py:758} INFO - Processing file /home/renato/Documentos/datapipeline/.env/lib/python3.10/site-packages/airflow/example_dags/tutorial_taskflow_api.py for tasks to queue
[2022-11-08T19:52:49.800-0300] {logging_mixin.py:117} INFO - [2022-11-08T19:52:49.799-0300] {dagbag.py:525} INFO - Filling up the DagBag from /home/renato/Documentos/datapipeline/.env/lib/python3.10/site-packages/airflow/example_dags/tutorial_taskflow_api.py
[2022-11-08T19:52:49.845-0300] {processor.py:768} INFO - DAG(s) dict_keys(['tutorial_taskflow_api']) retrieved from /home/renato/Documentos/datapipeline/.env/lib/python3.10/site-packages/airflow/example_dags/tutorial_taskflow_api.py
[2022-11-08T19:52:49.870-0300] {logging_mixin.py:117} INFO - [2022-11-08T19:52:49.870-0300] {dag.py:2573} INFO - Sync 1 DAGs
[2022-11-08T19:52:49.889-0300] {logging_mixin.py:117} INFO - [2022-11-08T19:52:49.889-0300] {dag.py:3324} INFO - Setting next_dagrun for tutorial_taskflow_api to None, run_after=None
[2022-11-08T19:52:49.916-0300] {processor.py:178} INFO - Processing /home/renato/Documentos/datapipeline/.env/lib/python3.10/site-packages/airflow/example_dags/tutorial_taskflow_api.py took 0.136 seconds
[2022-11-08T19:53:24.845-0300] {processor.py:156} INFO - Started process (PID=18057) to work on /home/renato/Documentos/datapipeline/.env/lib/python3.10/site-packages/airflow/example_dags/tutorial_taskflow_api.py
[2022-11-08T19:53:24.849-0300] {processor.py:758} INFO - Processing file /home/renato/Documentos/datapipeline/.env/lib/python3.10/site-packages/airflow/example_dags/tutorial_taskflow_api.py for tasks to queue
[2022-11-08T19:53:24.850-0300] {logging_mixin.py:117} INFO - [2022-11-08T19:53:24.849-0300] {dagbag.py:525} INFO - Filling up the DagBag from /home/renato/Documentos/datapipeline/.env/lib/python3.10/site-packages/airflow/example_dags/tutorial_taskflow_api.py
[2022-11-08T19:53:24.872-0300] {processor.py:768} INFO - DAG(s) dict_keys(['tutorial_taskflow_api']) retrieved from /home/renato/Documentos/datapipeline/.env/lib/python3.10/site-packages/airflow/example_dags/tutorial_taskflow_api.py
[2022-11-08T19:53:24.897-0300] {logging_mixin.py:117} INFO - [2022-11-08T19:53:24.896-0300] {dag.py:2573} INFO - Sync 1 DAGs
[2022-11-08T19:53:24.915-0300] {logging_mixin.py:117} INFO - [2022-11-08T19:53:24.915-0300] {dag.py:3324} INFO - Setting next_dagrun for tutorial_taskflow_api to None, run_after=None
[2022-11-08T19:53:24.942-0300] {processor.py:178} INFO - Processing /home/renato/Documentos/datapipeline/.env/lib/python3.10/site-packages/airflow/example_dags/tutorial_taskflow_api.py took 0.100 seconds
[2022-11-08T19:54:04.297-0300] {processor.py:156} INFO - Started process (PID=18133) to work on /home/renato/Documentos/datapipeline/.env/lib/python3.10/site-packages/airflow/example_dags/tutorial_taskflow_api.py
[2022-11-08T19:54:04.300-0300] {processor.py:758} INFO - Processing file /home/renato/Documentos/datapipeline/.env/lib/python3.10/site-packages/airflow/example_dags/tutorial_taskflow_api.py for tasks to queue
[2022-11-08T19:54:04.301-0300] {logging_mixin.py:117} INFO - [2022-11-08T19:54:04.301-0300] {dagbag.py:525} INFO - Filling up the DagBag from /home/renato/Documentos/datapipeline/.env/lib/python3.10/site-packages/airflow/example_dags/tutorial_taskflow_api.py
[2022-11-08T19:54:04.337-0300] {processor.py:768} INFO - DAG(s) dict_keys(['tutorial_taskflow_api']) retrieved from /home/renato/Documentos/datapipeline/.env/lib/python3.10/site-packages/airflow/example_dags/tutorial_taskflow_api.py
[2022-11-08T19:54:04.363-0300] {logging_mixin.py:117} INFO - [2022-11-08T19:54:04.363-0300] {dag.py:2573} INFO - Sync 1 DAGs
[2022-11-08T19:54:04.379-0300] {logging_mixin.py:117} INFO - [2022-11-08T19:54:04.379-0300] {dag.py:3324} INFO - Setting next_dagrun for tutorial_taskflow_api to None, run_after=None
[2022-11-08T19:54:04.437-0300] {processor.py:178} INFO - Processing /home/renato/Documentos/datapipeline/.env/lib/python3.10/site-packages/airflow/example_dags/tutorial_taskflow_api.py took 0.146 seconds
[2022-11-08T19:54:39.842-0300] {processor.py:156} INFO - Started process (PID=18203) to work on /home/renato/Documentos/datapipeline/.env/lib/python3.10/site-packages/airflow/example_dags/tutorial_taskflow_api.py
[2022-11-08T19:54:39.847-0300] {processor.py:758} INFO - Processing file /home/renato/Documentos/datapipeline/.env/lib/python3.10/site-packages/airflow/example_dags/tutorial_taskflow_api.py for tasks to queue
[2022-11-08T19:54:39.847-0300] {logging_mixin.py:117} INFO - [2022-11-08T19:54:39.847-0300] {dagbag.py:525} INFO - Filling up the DagBag from /home/renato/Documentos/datapipeline/.env/lib/python3.10/site-packages/airflow/example_dags/tutorial_taskflow_api.py
[2022-11-08T19:54:39.867-0300] {processor.py:768} INFO - DAG(s) dict_keys(['tutorial_taskflow_api']) retrieved from /home/renato/Documentos/datapipeline/.env/lib/python3.10/site-packages/airflow/example_dags/tutorial_taskflow_api.py
[2022-11-08T19:54:39.888-0300] {logging_mixin.py:117} INFO - [2022-11-08T19:54:39.888-0300] {dag.py:2573} INFO - Sync 1 DAGs
[2022-11-08T19:54:39.908-0300] {logging_mixin.py:117} INFO - [2022-11-08T19:54:39.907-0300] {dag.py:3324} INFO - Setting next_dagrun for tutorial_taskflow_api to None, run_after=None
[2022-11-08T19:54:39.947-0300] {processor.py:178} INFO - Processing /home/renato/Documentos/datapipeline/.env/lib/python3.10/site-packages/airflow/example_dags/tutorial_taskflow_api.py took 0.108 seconds
[2022-11-08T19:55:14.281-0300] {processor.py:156} INFO - Started process (PID=18272) to work on /home/renato/Documentos/datapipeline/.env/lib/python3.10/site-packages/airflow/example_dags/tutorial_taskflow_api.py
[2022-11-08T19:55:14.283-0300] {processor.py:758} INFO - Processing file /home/renato/Documentos/datapipeline/.env/lib/python3.10/site-packages/airflow/example_dags/tutorial_taskflow_api.py for tasks to queue
[2022-11-08T19:55:14.285-0300] {logging_mixin.py:117} INFO - [2022-11-08T19:55:14.285-0300] {dagbag.py:525} INFO - Filling up the DagBag from /home/renato/Documentos/datapipeline/.env/lib/python3.10/site-packages/airflow/example_dags/tutorial_taskflow_api.py
[2022-11-08T19:55:14.306-0300] {processor.py:768} INFO - DAG(s) dict_keys(['tutorial_taskflow_api']) retrieved from /home/renato/Documentos/datapipeline/.env/lib/python3.10/site-packages/airflow/example_dags/tutorial_taskflow_api.py
[2022-11-08T19:55:14.327-0300] {logging_mixin.py:117} INFO - [2022-11-08T19:55:14.327-0300] {dag.py:2573} INFO - Sync 1 DAGs
[2022-11-08T19:55:14.343-0300] {logging_mixin.py:117} INFO - [2022-11-08T19:55:14.343-0300] {dag.py:3324} INFO - Setting next_dagrun for tutorial_taskflow_api to None, run_after=None
[2022-11-08T19:55:14.366-0300] {processor.py:178} INFO - Processing /home/renato/Documentos/datapipeline/.env/lib/python3.10/site-packages/airflow/example_dags/tutorial_taskflow_api.py took 0.087 seconds
[2022-11-08T19:55:52.190-0300] {processor.py:156} INFO - Started process (PID=18370) to work on /home/renato/Documentos/datapipeline/.env/lib/python3.10/site-packages/airflow/example_dags/tutorial_taskflow_api.py
[2022-11-08T19:55:52.195-0300] {processor.py:758} INFO - Processing file /home/renato/Documentos/datapipeline/.env/lib/python3.10/site-packages/airflow/example_dags/tutorial_taskflow_api.py for tasks to queue
[2022-11-08T19:55:52.196-0300] {logging_mixin.py:117} INFO - [2022-11-08T19:55:52.196-0300] {dagbag.py:525} INFO - Filling up the DagBag from /home/renato/Documentos/datapipeline/.env/lib/python3.10/site-packages/airflow/example_dags/tutorial_taskflow_api.py
[2022-11-08T19:55:52.239-0300] {processor.py:768} INFO - DAG(s) dict_keys(['tutorial_taskflow_api']) retrieved from /home/renato/Documentos/datapipeline/.env/lib/python3.10/site-packages/airflow/example_dags/tutorial_taskflow_api.py
[2022-11-08T19:55:52.266-0300] {logging_mixin.py:117} INFO - [2022-11-08T19:55:52.265-0300] {dag.py:2573} INFO - Sync 1 DAGs
[2022-11-08T19:55:52.283-0300] {logging_mixin.py:117} INFO - [2022-11-08T19:55:52.283-0300] {dag.py:3324} INFO - Setting next_dagrun for tutorial_taskflow_api to None, run_after=None
[2022-11-08T19:55:52.309-0300] {processor.py:178} INFO - Processing /home/renato/Documentos/datapipeline/.env/lib/python3.10/site-packages/airflow/example_dags/tutorial_taskflow_api.py took 0.123 seconds
[2022-11-08T19:56:27.370-0300] {processor.py:156} INFO - Started process (PID=18441) to work on /home/renato/Documentos/datapipeline/.env/lib/python3.10/site-packages/airflow/example_dags/tutorial_taskflow_api.py
[2022-11-08T19:56:27.373-0300] {processor.py:758} INFO - Processing file /home/renato/Documentos/datapipeline/.env/lib/python3.10/site-packages/airflow/example_dags/tutorial_taskflow_api.py for tasks to queue
[2022-11-08T19:56:27.374-0300] {logging_mixin.py:117} INFO - [2022-11-08T19:56:27.373-0300] {dagbag.py:525} INFO - Filling up the DagBag from /home/renato/Documentos/datapipeline/.env/lib/python3.10/site-packages/airflow/example_dags/tutorial_taskflow_api.py
[2022-11-08T19:56:27.395-0300] {processor.py:768} INFO - DAG(s) dict_keys(['tutorial_taskflow_api']) retrieved from /home/renato/Documentos/datapipeline/.env/lib/python3.10/site-packages/airflow/example_dags/tutorial_taskflow_api.py
[2022-11-08T19:56:27.416-0300] {logging_mixin.py:117} INFO - [2022-11-08T19:56:27.416-0300] {dag.py:2573} INFO - Sync 1 DAGs
[2022-11-08T19:56:27.434-0300] {logging_mixin.py:117} INFO - [2022-11-08T19:56:27.434-0300] {dag.py:3324} INFO - Setting next_dagrun for tutorial_taskflow_api to None, run_after=None
[2022-11-08T19:56:27.458-0300] {processor.py:178} INFO - Processing /home/renato/Documentos/datapipeline/.env/lib/python3.10/site-packages/airflow/example_dags/tutorial_taskflow_api.py took 0.091 seconds
