[2022-11-07T23:27:04.023-0300] {processor.py:156} INFO - Started process (PID=965197) to work on /home/renato/Documentos/datapipeline/.env/lib/python3.10/site-packages/airflow/example_dags/tutorial.py
[2022-11-07T23:27:04.024-0300] {processor.py:758} INFO - Processing file /home/renato/Documentos/datapipeline/.env/lib/python3.10/site-packages/airflow/example_dags/tutorial.py for tasks to queue
[2022-11-07T23:27:04.025-0300] {logging_mixin.py:117} INFO - [2022-11-07T23:27:04.025-0300] {dagbag.py:525} INFO - Filling up the DagBag from /home/renato/Documentos/datapipeline/.env/lib/python3.10/site-packages/airflow/example_dags/tutorial.py
[2022-11-07T23:27:04.053-0300] {processor.py:768} INFO - DAG(s) dict_keys(['tutorial']) retrieved from /home/renato/Documentos/datapipeline/.env/lib/python3.10/site-packages/airflow/example_dags/tutorial.py
[2022-11-07T23:27:04.083-0300] {logging_mixin.py:117} INFO - [2022-11-07T23:27:04.083-0300] {dag.py:2573} INFO - Sync 1 DAGs
[2022-11-07T23:27:04.104-0300] {logging_mixin.py:117} INFO - [2022-11-07T23:27:04.104-0300] {dag.py:3324} INFO - Setting next_dagrun for tutorial to 2022-11-07T02:27:04.104284+00:00, run_after=2022-11-08T02:27:04.104284+00:00
[2022-11-07T23:27:04.133-0300] {processor.py:178} INFO - Processing /home/renato/Documentos/datapipeline/.env/lib/python3.10/site-packages/airflow/example_dags/tutorial.py took 0.113 seconds
[2022-11-07T23:27:43.177-0300] {processor.py:156} INFO - Started process (PID=965415) to work on /home/renato/Documentos/datapipeline/.env/lib/python3.10/site-packages/airflow/example_dags/tutorial.py
[2022-11-07T23:27:43.179-0300] {processor.py:758} INFO - Processing file /home/renato/Documentos/datapipeline/.env/lib/python3.10/site-packages/airflow/example_dags/tutorial.py for tasks to queue
[2022-11-07T23:27:43.180-0300] {logging_mixin.py:117} INFO - [2022-11-07T23:27:43.180-0300] {dagbag.py:525} INFO - Filling up the DagBag from /home/renato/Documentos/datapipeline/.env/lib/python3.10/site-packages/airflow/example_dags/tutorial.py
[2022-11-07T23:27:43.192-0300] {processor.py:768} INFO - DAG(s) dict_keys(['tutorial']) retrieved from /home/renato/Documentos/datapipeline/.env/lib/python3.10/site-packages/airflow/example_dags/tutorial.py
[2022-11-07T23:27:43.212-0300] {logging_mixin.py:117} INFO - [2022-11-07T23:27:43.212-0300] {dag.py:2573} INFO - Sync 1 DAGs
[2022-11-07T23:27:43.230-0300] {logging_mixin.py:117} INFO - [2022-11-07T23:27:43.230-0300] {dag.py:3324} INFO - Setting next_dagrun for tutorial to 2022-11-07T02:27:43.230161+00:00, run_after=2022-11-08T02:27:43.230161+00:00
[2022-11-07T23:27:43.253-0300] {processor.py:178} INFO - Processing /home/renato/Documentos/datapipeline/.env/lib/python3.10/site-packages/airflow/example_dags/tutorial.py took 0.080 seconds
[2022-11-07T23:28:20.078-0300] {processor.py:156} INFO - Started process (PID=965488) to work on /home/renato/Documentos/datapipeline/.env/lib/python3.10/site-packages/airflow/example_dags/tutorial.py
[2022-11-07T23:28:20.079-0300] {processor.py:758} INFO - Processing file /home/renato/Documentos/datapipeline/.env/lib/python3.10/site-packages/airflow/example_dags/tutorial.py for tasks to queue
[2022-11-07T23:28:20.080-0300] {logging_mixin.py:117} INFO - [2022-11-07T23:28:20.080-0300] {dagbag.py:525} INFO - Filling up the DagBag from /home/renato/Documentos/datapipeline/.env/lib/python3.10/site-packages/airflow/example_dags/tutorial.py
[2022-11-07T23:28:20.092-0300] {processor.py:768} INFO - DAG(s) dict_keys(['tutorial']) retrieved from /home/renato/Documentos/datapipeline/.env/lib/python3.10/site-packages/airflow/example_dags/tutorial.py
[2022-11-07T23:28:20.112-0300] {logging_mixin.py:117} INFO - [2022-11-07T23:28:20.112-0300] {dag.py:2573} INFO - Sync 1 DAGs
[2022-11-07T23:28:20.131-0300] {logging_mixin.py:117} INFO - [2022-11-07T23:28:20.131-0300] {dag.py:3324} INFO - Setting next_dagrun for tutorial to 2022-11-07T02:28:20.131252+00:00, run_after=2022-11-08T02:28:20.131252+00:00
[2022-11-07T23:28:20.155-0300] {processor.py:178} INFO - Processing /home/renato/Documentos/datapipeline/.env/lib/python3.10/site-packages/airflow/example_dags/tutorial.py took 0.080 seconds
[2022-11-07T23:28:56.775-0300] {processor.py:156} INFO - Started process (PID=965564) to work on /home/renato/Documentos/datapipeline/.env/lib/python3.10/site-packages/airflow/example_dags/tutorial.py
[2022-11-07T23:28:56.777-0300] {processor.py:758} INFO - Processing file /home/renato/Documentos/datapipeline/.env/lib/python3.10/site-packages/airflow/example_dags/tutorial.py for tasks to queue
[2022-11-07T23:28:56.778-0300] {logging_mixin.py:117} INFO - [2022-11-07T23:28:56.777-0300] {dagbag.py:525} INFO - Filling up the DagBag from /home/renato/Documentos/datapipeline/.env/lib/python3.10/site-packages/airflow/example_dags/tutorial.py
[2022-11-07T23:28:56.792-0300] {processor.py:768} INFO - DAG(s) dict_keys(['tutorial']) retrieved from /home/renato/Documentos/datapipeline/.env/lib/python3.10/site-packages/airflow/example_dags/tutorial.py
[2022-11-07T23:28:56.814-0300] {logging_mixin.py:117} INFO - [2022-11-07T23:28:56.814-0300] {dag.py:2573} INFO - Sync 1 DAGs
[2022-11-07T23:28:56.832-0300] {logging_mixin.py:117} INFO - [2022-11-07T23:28:56.832-0300] {dag.py:3324} INFO - Setting next_dagrun for tutorial to 2022-11-07T02:28:56.831985+00:00, run_after=2022-11-08T02:28:56.831985+00:00
[2022-11-07T23:28:56.857-0300] {processor.py:178} INFO - Processing /home/renato/Documentos/datapipeline/.env/lib/python3.10/site-packages/airflow/example_dags/tutorial.py took 0.085 seconds
[2022-11-07T23:29:34.523-0300] {processor.py:156} INFO - Started process (PID=965640) to work on /home/renato/Documentos/datapipeline/.env/lib/python3.10/site-packages/airflow/example_dags/tutorial.py
[2022-11-07T23:29:34.524-0300] {processor.py:758} INFO - Processing file /home/renato/Documentos/datapipeline/.env/lib/python3.10/site-packages/airflow/example_dags/tutorial.py for tasks to queue
[2022-11-07T23:29:34.525-0300] {logging_mixin.py:117} INFO - [2022-11-07T23:29:34.525-0300] {dagbag.py:525} INFO - Filling up the DagBag from /home/renato/Documentos/datapipeline/.env/lib/python3.10/site-packages/airflow/example_dags/tutorial.py
[2022-11-07T23:29:34.539-0300] {processor.py:768} INFO - DAG(s) dict_keys(['tutorial']) retrieved from /home/renato/Documentos/datapipeline/.env/lib/python3.10/site-packages/airflow/example_dags/tutorial.py
[2022-11-07T23:29:34.562-0300] {logging_mixin.py:117} INFO - [2022-11-07T23:29:34.562-0300] {dag.py:2573} INFO - Sync 1 DAGs
[2022-11-07T23:29:34.579-0300] {logging_mixin.py:117} INFO - [2022-11-07T23:29:34.579-0300] {dag.py:3324} INFO - Setting next_dagrun for tutorial to 2022-11-07T02:29:34.579302+00:00, run_after=2022-11-08T02:29:34.579302+00:00
[2022-11-07T23:29:34.605-0300] {processor.py:178} INFO - Processing /home/renato/Documentos/datapipeline/.env/lib/python3.10/site-packages/airflow/example_dags/tutorial.py took 0.085 seconds
[2022-11-07T23:30:13.064-0300] {processor.py:156} INFO - Started process (PID=965718) to work on /home/renato/Documentos/datapipeline/.env/lib/python3.10/site-packages/airflow/example_dags/tutorial.py
[2022-11-07T23:30:13.067-0300] {processor.py:758} INFO - Processing file /home/renato/Documentos/datapipeline/.env/lib/python3.10/site-packages/airflow/example_dags/tutorial.py for tasks to queue
[2022-11-07T23:30:13.068-0300] {logging_mixin.py:117} INFO - [2022-11-07T23:30:13.068-0300] {dagbag.py:525} INFO - Filling up the DagBag from /home/renato/Documentos/datapipeline/.env/lib/python3.10/site-packages/airflow/example_dags/tutorial.py
[2022-11-07T23:30:13.082-0300] {processor.py:768} INFO - DAG(s) dict_keys(['tutorial']) retrieved from /home/renato/Documentos/datapipeline/.env/lib/python3.10/site-packages/airflow/example_dags/tutorial.py
[2022-11-07T23:30:13.105-0300] {logging_mixin.py:117} INFO - [2022-11-07T23:30:13.105-0300] {dag.py:2573} INFO - Sync 1 DAGs
[2022-11-07T23:30:13.122-0300] {logging_mixin.py:117} INFO - [2022-11-07T23:30:13.122-0300] {dag.py:3324} INFO - Setting next_dagrun for tutorial to 2022-11-07T02:30:13.122056+00:00, run_after=2022-11-08T02:30:13.122056+00:00
[2022-11-07T23:30:13.144-0300] {processor.py:178} INFO - Processing /home/renato/Documentos/datapipeline/.env/lib/python3.10/site-packages/airflow/example_dags/tutorial.py took 0.088 seconds
[2022-11-07T23:30:50.478-0300] {processor.py:156} INFO - Started process (PID=965792) to work on /home/renato/Documentos/datapipeline/.env/lib/python3.10/site-packages/airflow/example_dags/tutorial.py
[2022-11-07T23:30:50.481-0300] {processor.py:758} INFO - Processing file /home/renato/Documentos/datapipeline/.env/lib/python3.10/site-packages/airflow/example_dags/tutorial.py for tasks to queue
[2022-11-07T23:30:50.481-0300] {logging_mixin.py:117} INFO - [2022-11-07T23:30:50.481-0300] {dagbag.py:525} INFO - Filling up the DagBag from /home/renato/Documentos/datapipeline/.env/lib/python3.10/site-packages/airflow/example_dags/tutorial.py
[2022-11-07T23:30:50.502-0300] {processor.py:768} INFO - DAG(s) dict_keys(['tutorial']) retrieved from /home/renato/Documentos/datapipeline/.env/lib/python3.10/site-packages/airflow/example_dags/tutorial.py
[2022-11-07T23:30:50.527-0300] {logging_mixin.py:117} INFO - [2022-11-07T23:30:50.527-0300] {dag.py:2573} INFO - Sync 1 DAGs
[2022-11-07T23:30:50.546-0300] {logging_mixin.py:117} INFO - [2022-11-07T23:30:50.546-0300] {dag.py:3324} INFO - Setting next_dagrun for tutorial to 2022-11-07T02:30:50.545788+00:00, run_after=2022-11-08T02:30:50.545788+00:00
[2022-11-07T23:30:50.572-0300] {processor.py:178} INFO - Processing /home/renato/Documentos/datapipeline/.env/lib/python3.10/site-packages/airflow/example_dags/tutorial.py took 0.099 seconds
[2022-11-07T23:31:26.350-0300] {processor.py:156} INFO - Started process (PID=965861) to work on /home/renato/Documentos/datapipeline/.env/lib/python3.10/site-packages/airflow/example_dags/tutorial.py
[2022-11-07T23:31:26.353-0300] {processor.py:758} INFO - Processing file /home/renato/Documentos/datapipeline/.env/lib/python3.10/site-packages/airflow/example_dags/tutorial.py for tasks to queue
[2022-11-07T23:31:26.354-0300] {logging_mixin.py:117} INFO - [2022-11-07T23:31:26.354-0300] {dagbag.py:525} INFO - Filling up the DagBag from /home/renato/Documentos/datapipeline/.env/lib/python3.10/site-packages/airflow/example_dags/tutorial.py
[2022-11-07T23:31:26.383-0300] {processor.py:768} INFO - DAG(s) dict_keys(['tutorial']) retrieved from /home/renato/Documentos/datapipeline/.env/lib/python3.10/site-packages/airflow/example_dags/tutorial.py
[2022-11-07T23:31:26.411-0300] {logging_mixin.py:117} INFO - [2022-11-07T23:31:26.411-0300] {dag.py:2573} INFO - Sync 1 DAGs
[2022-11-07T23:31:26.428-0300] {logging_mixin.py:117} INFO - [2022-11-07T23:31:26.428-0300] {dag.py:3324} INFO - Setting next_dagrun for tutorial to 2022-11-07T02:31:26.428498+00:00, run_after=2022-11-08T02:31:26.428498+00:00
[2022-11-07T23:31:26.452-0300] {processor.py:178} INFO - Processing /home/renato/Documentos/datapipeline/.env/lib/python3.10/site-packages/airflow/example_dags/tutorial.py took 0.108 seconds
[2022-11-07T23:32:04.171-0300] {processor.py:156} INFO - Started process (PID=965941) to work on /home/renato/Documentos/datapipeline/.env/lib/python3.10/site-packages/airflow/example_dags/tutorial.py
[2022-11-07T23:32:04.182-0300] {processor.py:758} INFO - Processing file /home/renato/Documentos/datapipeline/.env/lib/python3.10/site-packages/airflow/example_dags/tutorial.py for tasks to queue
[2022-11-07T23:32:04.183-0300] {logging_mixin.py:117} INFO - [2022-11-07T23:32:04.183-0300] {dagbag.py:525} INFO - Filling up the DagBag from /home/renato/Documentos/datapipeline/.env/lib/python3.10/site-packages/airflow/example_dags/tutorial.py
[2022-11-07T23:32:04.209-0300] {processor.py:768} INFO - DAG(s) dict_keys(['tutorial']) retrieved from /home/renato/Documentos/datapipeline/.env/lib/python3.10/site-packages/airflow/example_dags/tutorial.py
[2022-11-07T23:32:04.243-0300] {logging_mixin.py:117} INFO - [2022-11-07T23:32:04.243-0300] {dag.py:2573} INFO - Sync 1 DAGs
[2022-11-07T23:32:04.291-0300] {logging_mixin.py:117} INFO - [2022-11-07T23:32:04.291-0300] {dag.py:3324} INFO - Setting next_dagrun for tutorial to 2022-11-07T02:32:04.291218+00:00, run_after=2022-11-08T02:32:04.291218+00:00
[2022-11-07T23:32:04.356-0300] {processor.py:178} INFO - Processing /home/renato/Documentos/datapipeline/.env/lib/python3.10/site-packages/airflow/example_dags/tutorial.py took 0.188 seconds
[2022-11-07T23:32:44.642-0300] {processor.py:156} INFO - Started process (PID=966148) to work on /home/renato/Documentos/datapipeline/.env/lib/python3.10/site-packages/airflow/example_dags/tutorial.py
[2022-11-07T23:32:44.644-0300] {processor.py:758} INFO - Processing file /home/renato/Documentos/datapipeline/.env/lib/python3.10/site-packages/airflow/example_dags/tutorial.py for tasks to queue
[2022-11-07T23:32:44.645-0300] {logging_mixin.py:117} INFO - [2022-11-07T23:32:44.645-0300] {dagbag.py:525} INFO - Filling up the DagBag from /home/renato/Documentos/datapipeline/.env/lib/python3.10/site-packages/airflow/example_dags/tutorial.py
[2022-11-07T23:32:44.661-0300] {processor.py:768} INFO - DAG(s) dict_keys(['tutorial']) retrieved from /home/renato/Documentos/datapipeline/.env/lib/python3.10/site-packages/airflow/example_dags/tutorial.py
[2022-11-07T23:32:44.682-0300] {logging_mixin.py:117} INFO - [2022-11-07T23:32:44.682-0300] {dag.py:2573} INFO - Sync 1 DAGs
[2022-11-07T23:32:44.700-0300] {logging_mixin.py:117} INFO - [2022-11-07T23:32:44.700-0300] {dag.py:3324} INFO - Setting next_dagrun for tutorial to 2022-11-07T02:32:44.700121+00:00, run_after=2022-11-08T02:32:44.700121+00:00
[2022-11-07T23:32:44.722-0300] {processor.py:178} INFO - Processing /home/renato/Documentos/datapipeline/.env/lib/python3.10/site-packages/airflow/example_dags/tutorial.py took 0.083 seconds
[2022-11-07T23:33:20.782-0300] {processor.py:156} INFO - Started process (PID=966221) to work on /home/renato/Documentos/datapipeline/.env/lib/python3.10/site-packages/airflow/example_dags/tutorial.py
[2022-11-07T23:33:20.787-0300] {processor.py:758} INFO - Processing file /home/renato/Documentos/datapipeline/.env/lib/python3.10/site-packages/airflow/example_dags/tutorial.py for tasks to queue
[2022-11-07T23:33:20.788-0300] {logging_mixin.py:117} INFO - [2022-11-07T23:33:20.788-0300] {dagbag.py:525} INFO - Filling up the DagBag from /home/renato/Documentos/datapipeline/.env/lib/python3.10/site-packages/airflow/example_dags/tutorial.py
[2022-11-07T23:33:20.807-0300] {processor.py:768} INFO - DAG(s) dict_keys(['tutorial']) retrieved from /home/renato/Documentos/datapipeline/.env/lib/python3.10/site-packages/airflow/example_dags/tutorial.py
[2022-11-07T23:33:20.827-0300] {logging_mixin.py:117} INFO - [2022-11-07T23:33:20.827-0300] {dag.py:2573} INFO - Sync 1 DAGs
[2022-11-07T23:33:20.845-0300] {logging_mixin.py:117} INFO - [2022-11-07T23:33:20.845-0300] {dag.py:3324} INFO - Setting next_dagrun for tutorial to 2022-11-07T02:33:20.845565+00:00, run_after=2022-11-08T02:33:20.845565+00:00
[2022-11-07T23:33:20.869-0300] {processor.py:178} INFO - Processing /home/renato/Documentos/datapipeline/.env/lib/python3.10/site-packages/airflow/example_dags/tutorial.py took 0.091 seconds
[2022-11-07T23:33:59.821-0300] {processor.py:156} INFO - Started process (PID=966296) to work on /home/renato/Documentos/datapipeline/.env/lib/python3.10/site-packages/airflow/example_dags/tutorial.py
[2022-11-07T23:33:59.825-0300] {processor.py:758} INFO - Processing file /home/renato/Documentos/datapipeline/.env/lib/python3.10/site-packages/airflow/example_dags/tutorial.py for tasks to queue
[2022-11-07T23:33:59.826-0300] {logging_mixin.py:117} INFO - [2022-11-07T23:33:59.826-0300] {dagbag.py:525} INFO - Filling up the DagBag from /home/renato/Documentos/datapipeline/.env/lib/python3.10/site-packages/airflow/example_dags/tutorial.py
[2022-11-07T23:33:59.844-0300] {processor.py:768} INFO - DAG(s) dict_keys(['tutorial']) retrieved from /home/renato/Documentos/datapipeline/.env/lib/python3.10/site-packages/airflow/example_dags/tutorial.py
[2022-11-07T23:33:59.868-0300] {logging_mixin.py:117} INFO - [2022-11-07T23:33:59.868-0300] {dag.py:2573} INFO - Sync 1 DAGs
[2022-11-07T23:33:59.886-0300] {logging_mixin.py:117} INFO - [2022-11-07T23:33:59.886-0300] {dag.py:3324} INFO - Setting next_dagrun for tutorial to 2022-11-07T02:33:59.886480+00:00, run_after=2022-11-08T02:33:59.886480+00:00
[2022-11-07T23:33:59.910-0300] {processor.py:178} INFO - Processing /home/renato/Documentos/datapipeline/.env/lib/python3.10/site-packages/airflow/example_dags/tutorial.py took 0.094 seconds
[2022-11-07T23:34:37.365-0300] {processor.py:156} INFO - Started process (PID=966373) to work on /home/renato/Documentos/datapipeline/.env/lib/python3.10/site-packages/airflow/example_dags/tutorial.py
[2022-11-07T23:34:37.367-0300] {processor.py:758} INFO - Processing file /home/renato/Documentos/datapipeline/.env/lib/python3.10/site-packages/airflow/example_dags/tutorial.py for tasks to queue
[2022-11-07T23:34:37.367-0300] {logging_mixin.py:117} INFO - [2022-11-07T23:34:37.367-0300] {dagbag.py:525} INFO - Filling up the DagBag from /home/renato/Documentos/datapipeline/.env/lib/python3.10/site-packages/airflow/example_dags/tutorial.py
[2022-11-07T23:34:37.387-0300] {processor.py:768} INFO - DAG(s) dict_keys(['tutorial']) retrieved from /home/renato/Documentos/datapipeline/.env/lib/python3.10/site-packages/airflow/example_dags/tutorial.py
[2022-11-07T23:34:37.411-0300] {logging_mixin.py:117} INFO - [2022-11-07T23:34:37.411-0300] {dag.py:2573} INFO - Sync 1 DAGs
[2022-11-07T23:34:37.428-0300] {logging_mixin.py:117} INFO - [2022-11-07T23:34:37.428-0300] {dag.py:3324} INFO - Setting next_dagrun for tutorial to 2022-11-07T02:34:37.427814+00:00, run_after=2022-11-08T02:34:37.427814+00:00
[2022-11-07T23:34:37.450-0300] {processor.py:178} INFO - Processing /home/renato/Documentos/datapipeline/.env/lib/python3.10/site-packages/airflow/example_dags/tutorial.py took 0.089 seconds
[2022-11-07T23:35:16.271-0300] {processor.py:156} INFO - Started process (PID=966450) to work on /home/renato/Documentos/datapipeline/.env/lib/python3.10/site-packages/airflow/example_dags/tutorial.py
[2022-11-07T23:35:16.275-0300] {processor.py:758} INFO - Processing file /home/renato/Documentos/datapipeline/.env/lib/python3.10/site-packages/airflow/example_dags/tutorial.py for tasks to queue
[2022-11-07T23:35:16.276-0300] {logging_mixin.py:117} INFO - [2022-11-07T23:35:16.275-0300] {dagbag.py:525} INFO - Filling up the DagBag from /home/renato/Documentos/datapipeline/.env/lib/python3.10/site-packages/airflow/example_dags/tutorial.py
[2022-11-07T23:35:16.295-0300] {processor.py:768} INFO - DAG(s) dict_keys(['tutorial']) retrieved from /home/renato/Documentos/datapipeline/.env/lib/python3.10/site-packages/airflow/example_dags/tutorial.py
[2022-11-07T23:35:16.319-0300] {logging_mixin.py:117} INFO - [2022-11-07T23:35:16.319-0300] {dag.py:2573} INFO - Sync 1 DAGs
[2022-11-07T23:35:16.336-0300] {logging_mixin.py:117} INFO - [2022-11-07T23:35:16.336-0300] {dag.py:3324} INFO - Setting next_dagrun for tutorial to 2022-11-07T02:35:16.335971+00:00, run_after=2022-11-08T02:35:16.335971+00:00
[2022-11-07T23:35:16.360-0300] {processor.py:178} INFO - Processing /home/renato/Documentos/datapipeline/.env/lib/python3.10/site-packages/airflow/example_dags/tutorial.py took 0.096 seconds
[2022-11-07T23:35:48.665-0300] {processor.py:156} INFO - Started process (PID=966516) to work on /home/renato/Documentos/datapipeline/.env/lib/python3.10/site-packages/airflow/example_dags/tutorial.py
[2022-11-07T23:35:48.667-0300] {processor.py:758} INFO - Processing file /home/renato/Documentos/datapipeline/.env/lib/python3.10/site-packages/airflow/example_dags/tutorial.py for tasks to queue
[2022-11-07T23:35:48.669-0300] {logging_mixin.py:117} INFO - [2022-11-07T23:35:48.668-0300] {dagbag.py:525} INFO - Filling up the DagBag from /home/renato/Documentos/datapipeline/.env/lib/python3.10/site-packages/airflow/example_dags/tutorial.py
[2022-11-07T23:35:48.687-0300] {processor.py:768} INFO - DAG(s) dict_keys(['tutorial']) retrieved from /home/renato/Documentos/datapipeline/.env/lib/python3.10/site-packages/airflow/example_dags/tutorial.py
[2022-11-07T23:35:48.710-0300] {logging_mixin.py:117} INFO - [2022-11-07T23:35:48.710-0300] {dag.py:2573} INFO - Sync 1 DAGs
[2022-11-07T23:35:48.727-0300] {logging_mixin.py:117} INFO - [2022-11-07T23:35:48.727-0300] {dag.py:3324} INFO - Setting next_dagrun for tutorial to 2022-11-07T02:35:48.726858+00:00, run_after=2022-11-08T02:35:48.726858+00:00
[2022-11-07T23:35:48.750-0300] {processor.py:178} INFO - Processing /home/renato/Documentos/datapipeline/.env/lib/python3.10/site-packages/airflow/example_dags/tutorial.py took 0.092 seconds
[2022-11-07T23:36:29.668-0300] {processor.py:156} INFO - Started process (PID=966595) to work on /home/renato/Documentos/datapipeline/.env/lib/python3.10/site-packages/airflow/example_dags/tutorial.py
[2022-11-07T23:36:29.670-0300] {processor.py:758} INFO - Processing file /home/renato/Documentos/datapipeline/.env/lib/python3.10/site-packages/airflow/example_dags/tutorial.py for tasks to queue
[2022-11-07T23:36:29.671-0300] {logging_mixin.py:117} INFO - [2022-11-07T23:36:29.670-0300] {dagbag.py:525} INFO - Filling up the DagBag from /home/renato/Documentos/datapipeline/.env/lib/python3.10/site-packages/airflow/example_dags/tutorial.py
[2022-11-07T23:36:29.685-0300] {processor.py:768} INFO - DAG(s) dict_keys(['tutorial']) retrieved from /home/renato/Documentos/datapipeline/.env/lib/python3.10/site-packages/airflow/example_dags/tutorial.py
[2022-11-07T23:36:29.705-0300] {logging_mixin.py:117} INFO - [2022-11-07T23:36:29.705-0300] {dag.py:2573} INFO - Sync 1 DAGs
[2022-11-07T23:36:29.722-0300] {logging_mixin.py:117} INFO - [2022-11-07T23:36:29.722-0300] {dag.py:3324} INFO - Setting next_dagrun for tutorial to 2022-11-07T02:36:29.722499+00:00, run_after=2022-11-08T02:36:29.722499+00:00
[2022-11-07T23:36:29.747-0300] {processor.py:178} INFO - Processing /home/renato/Documentos/datapipeline/.env/lib/python3.10/site-packages/airflow/example_dags/tutorial.py took 0.081 seconds
[2022-11-07T23:37:08.617-0300] {processor.py:156} INFO - Started process (PID=966673) to work on /home/renato/Documentos/datapipeline/.env/lib/python3.10/site-packages/airflow/example_dags/tutorial.py
[2022-11-07T23:37:08.620-0300] {processor.py:758} INFO - Processing file /home/renato/Documentos/datapipeline/.env/lib/python3.10/site-packages/airflow/example_dags/tutorial.py for tasks to queue
[2022-11-07T23:37:08.621-0300] {logging_mixin.py:117} INFO - [2022-11-07T23:37:08.621-0300] {dagbag.py:525} INFO - Filling up the DagBag from /home/renato/Documentos/datapipeline/.env/lib/python3.10/site-packages/airflow/example_dags/tutorial.py
[2022-11-07T23:37:08.636-0300] {processor.py:768} INFO - DAG(s) dict_keys(['tutorial']) retrieved from /home/renato/Documentos/datapipeline/.env/lib/python3.10/site-packages/airflow/example_dags/tutorial.py
[2022-11-07T23:37:08.658-0300] {logging_mixin.py:117} INFO - [2022-11-07T23:37:08.658-0300] {dag.py:2573} INFO - Sync 1 DAGs
[2022-11-07T23:37:08.676-0300] {logging_mixin.py:117} INFO - [2022-11-07T23:37:08.676-0300] {dag.py:3324} INFO - Setting next_dagrun for tutorial to 2022-11-07T02:37:08.675910+00:00, run_after=2022-11-08T02:37:08.675910+00:00
[2022-11-07T23:37:08.698-0300] {processor.py:178} INFO - Processing /home/renato/Documentos/datapipeline/.env/lib/python3.10/site-packages/airflow/example_dags/tutorial.py took 0.087 seconds
[2022-11-07T23:37:43.801-0300] {processor.py:156} INFO - Started process (PID=966873) to work on /home/renato/Documentos/datapipeline/.env/lib/python3.10/site-packages/airflow/example_dags/tutorial.py
[2022-11-07T23:37:43.804-0300] {processor.py:758} INFO - Processing file /home/renato/Documentos/datapipeline/.env/lib/python3.10/site-packages/airflow/example_dags/tutorial.py for tasks to queue
[2022-11-07T23:37:43.804-0300] {logging_mixin.py:117} INFO - [2022-11-07T23:37:43.804-0300] {dagbag.py:525} INFO - Filling up the DagBag from /home/renato/Documentos/datapipeline/.env/lib/python3.10/site-packages/airflow/example_dags/tutorial.py
[2022-11-07T23:37:43.837-0300] {processor.py:768} INFO - DAG(s) dict_keys(['tutorial']) retrieved from /home/renato/Documentos/datapipeline/.env/lib/python3.10/site-packages/airflow/example_dags/tutorial.py
[2022-11-07T23:37:43.884-0300] {logging_mixin.py:117} INFO - [2022-11-07T23:37:43.884-0300] {dag.py:2573} INFO - Sync 1 DAGs
[2022-11-07T23:37:43.915-0300] {logging_mixin.py:117} INFO - [2022-11-07T23:37:43.914-0300] {dag.py:3324} INFO - Setting next_dagrun for tutorial to 2022-11-07T02:37:43.914736+00:00, run_after=2022-11-08T02:37:43.914736+00:00
[2022-11-07T23:37:43.941-0300] {processor.py:178} INFO - Processing /home/renato/Documentos/datapipeline/.env/lib/python3.10/site-packages/airflow/example_dags/tutorial.py took 0.153 seconds
[2022-11-07T23:38:19.992-0300] {processor.py:156} INFO - Started process (PID=966944) to work on /home/renato/Documentos/datapipeline/.env/lib/python3.10/site-packages/airflow/example_dags/tutorial.py
[2022-11-07T23:38:19.995-0300] {processor.py:758} INFO - Processing file /home/renato/Documentos/datapipeline/.env/lib/python3.10/site-packages/airflow/example_dags/tutorial.py for tasks to queue
[2022-11-07T23:38:19.996-0300] {logging_mixin.py:117} INFO - [2022-11-07T23:38:19.995-0300] {dagbag.py:525} INFO - Filling up the DagBag from /home/renato/Documentos/datapipeline/.env/lib/python3.10/site-packages/airflow/example_dags/tutorial.py
[2022-11-07T23:38:20.012-0300] {processor.py:768} INFO - DAG(s) dict_keys(['tutorial']) retrieved from /home/renato/Documentos/datapipeline/.env/lib/python3.10/site-packages/airflow/example_dags/tutorial.py
[2022-11-07T23:38:20.035-0300] {logging_mixin.py:117} INFO - [2022-11-07T23:38:20.035-0300] {dag.py:2573} INFO - Sync 1 DAGs
[2022-11-07T23:38:20.053-0300] {logging_mixin.py:117} INFO - [2022-11-07T23:38:20.053-0300] {dag.py:3324} INFO - Setting next_dagrun for tutorial to 2022-11-07T02:38:20.053472+00:00, run_after=2022-11-08T02:38:20.053472+00:00
[2022-11-07T23:38:20.078-0300] {processor.py:178} INFO - Processing /home/renato/Documentos/datapipeline/.env/lib/python3.10/site-packages/airflow/example_dags/tutorial.py took 0.092 seconds
[2022-11-07T23:38:58.835-0300] {processor.py:156} INFO - Started process (PID=967034) to work on /home/renato/Documentos/datapipeline/.env/lib/python3.10/site-packages/airflow/example_dags/tutorial.py
[2022-11-07T23:38:58.838-0300] {processor.py:758} INFO - Processing file /home/renato/Documentos/datapipeline/.env/lib/python3.10/site-packages/airflow/example_dags/tutorial.py for tasks to queue
[2022-11-07T23:38:58.839-0300] {logging_mixin.py:117} INFO - [2022-11-07T23:38:58.839-0300] {dagbag.py:525} INFO - Filling up the DagBag from /home/renato/Documentos/datapipeline/.env/lib/python3.10/site-packages/airflow/example_dags/tutorial.py
[2022-11-07T23:38:58.854-0300] {processor.py:768} INFO - DAG(s) dict_keys(['tutorial']) retrieved from /home/renato/Documentos/datapipeline/.env/lib/python3.10/site-packages/airflow/example_dags/tutorial.py
[2022-11-07T23:38:58.875-0300] {logging_mixin.py:117} INFO - [2022-11-07T23:38:58.875-0300] {dag.py:2573} INFO - Sync 1 DAGs
[2022-11-07T23:38:58.895-0300] {logging_mixin.py:117} INFO - [2022-11-07T23:38:58.895-0300] {dag.py:3324} INFO - Setting next_dagrun for tutorial to 2022-11-07T02:38:58.894804+00:00, run_after=2022-11-08T02:38:58.894804+00:00
[2022-11-07T23:38:58.917-0300] {processor.py:178} INFO - Processing /home/renato/Documentos/datapipeline/.env/lib/python3.10/site-packages/airflow/example_dags/tutorial.py took 0.087 seconds
[2022-11-07T23:39:37.097-0300] {processor.py:156} INFO - Started process (PID=967110) to work on /home/renato/Documentos/datapipeline/.env/lib/python3.10/site-packages/airflow/example_dags/tutorial.py
[2022-11-07T23:39:37.105-0300] {processor.py:758} INFO - Processing file /home/renato/Documentos/datapipeline/.env/lib/python3.10/site-packages/airflow/example_dags/tutorial.py for tasks to queue
[2022-11-07T23:39:37.105-0300] {logging_mixin.py:117} INFO - [2022-11-07T23:39:37.105-0300] {dagbag.py:525} INFO - Filling up the DagBag from /home/renato/Documentos/datapipeline/.env/lib/python3.10/site-packages/airflow/example_dags/tutorial.py
[2022-11-07T23:39:37.122-0300] {processor.py:768} INFO - DAG(s) dict_keys(['tutorial']) retrieved from /home/renato/Documentos/datapipeline/.env/lib/python3.10/site-packages/airflow/example_dags/tutorial.py
[2022-11-07T23:39:37.143-0300] {logging_mixin.py:117} INFO - [2022-11-07T23:39:37.143-0300] {dag.py:2573} INFO - Sync 1 DAGs
[2022-11-07T23:39:37.160-0300] {logging_mixin.py:117} INFO - [2022-11-07T23:39:37.160-0300] {dag.py:3324} INFO - Setting next_dagrun for tutorial to 2022-11-07T02:39:37.160350+00:00, run_after=2022-11-08T02:39:37.160350+00:00
[2022-11-07T23:39:37.184-0300] {processor.py:178} INFO - Processing /home/renato/Documentos/datapipeline/.env/lib/python3.10/site-packages/airflow/example_dags/tutorial.py took 0.102 seconds
[2022-11-07T23:40:17.632-0300] {processor.py:156} INFO - Started process (PID=967193) to work on /home/renato/Documentos/datapipeline/.env/lib/python3.10/site-packages/airflow/example_dags/tutorial.py
[2022-11-07T23:40:17.634-0300] {processor.py:758} INFO - Processing file /home/renato/Documentos/datapipeline/.env/lib/python3.10/site-packages/airflow/example_dags/tutorial.py for tasks to queue
[2022-11-07T23:40:17.635-0300] {logging_mixin.py:117} INFO - [2022-11-07T23:40:17.634-0300] {dagbag.py:525} INFO - Filling up the DagBag from /home/renato/Documentos/datapipeline/.env/lib/python3.10/site-packages/airflow/example_dags/tutorial.py
[2022-11-07T23:40:17.654-0300] {processor.py:768} INFO - DAG(s) dict_keys(['tutorial']) retrieved from /home/renato/Documentos/datapipeline/.env/lib/python3.10/site-packages/airflow/example_dags/tutorial.py
[2022-11-07T23:40:17.676-0300] {logging_mixin.py:117} INFO - [2022-11-07T23:40:17.676-0300] {dag.py:2573} INFO - Sync 1 DAGs
[2022-11-07T23:40:17.694-0300] {logging_mixin.py:117} INFO - [2022-11-07T23:40:17.694-0300] {dag.py:3324} INFO - Setting next_dagrun for tutorial to 2022-11-07T02:40:17.694424+00:00, run_after=2022-11-08T02:40:17.694424+00:00
[2022-11-07T23:40:17.718-0300] {processor.py:178} INFO - Processing /home/renato/Documentos/datapipeline/.env/lib/python3.10/site-packages/airflow/example_dags/tutorial.py took 0.091 seconds
[2022-11-07T23:40:56.854-0300] {processor.py:156} INFO - Started process (PID=967268) to work on /home/renato/Documentos/datapipeline/.env/lib/python3.10/site-packages/airflow/example_dags/tutorial.py
[2022-11-07T23:40:56.856-0300] {processor.py:758} INFO - Processing file /home/renato/Documentos/datapipeline/.env/lib/python3.10/site-packages/airflow/example_dags/tutorial.py for tasks to queue
[2022-11-07T23:40:56.857-0300] {logging_mixin.py:117} INFO - [2022-11-07T23:40:56.857-0300] {dagbag.py:525} INFO - Filling up the DagBag from /home/renato/Documentos/datapipeline/.env/lib/python3.10/site-packages/airflow/example_dags/tutorial.py
[2022-11-07T23:40:56.872-0300] {processor.py:768} INFO - DAG(s) dict_keys(['tutorial']) retrieved from /home/renato/Documentos/datapipeline/.env/lib/python3.10/site-packages/airflow/example_dags/tutorial.py
[2022-11-07T23:40:56.894-0300] {logging_mixin.py:117} INFO - [2022-11-07T23:40:56.894-0300] {dag.py:2573} INFO - Sync 1 DAGs
[2022-11-07T23:40:56.917-0300] {logging_mixin.py:117} INFO - [2022-11-07T23:40:56.917-0300] {dag.py:3324} INFO - Setting next_dagrun for tutorial to 2022-11-07T02:40:56.916814+00:00, run_after=2022-11-08T02:40:56.916814+00:00
[2022-11-07T23:40:56.946-0300] {processor.py:178} INFO - Processing /home/renato/Documentos/datapipeline/.env/lib/python3.10/site-packages/airflow/example_dags/tutorial.py took 0.096 seconds
[2022-11-07T23:41:36.112-0300] {processor.py:156} INFO - Started process (PID=967351) to work on /home/renato/Documentos/datapipeline/.env/lib/python3.10/site-packages/airflow/example_dags/tutorial.py
[2022-11-07T23:41:36.115-0300] {processor.py:758} INFO - Processing file /home/renato/Documentos/datapipeline/.env/lib/python3.10/site-packages/airflow/example_dags/tutorial.py for tasks to queue
[2022-11-07T23:41:36.116-0300] {logging_mixin.py:117} INFO - [2022-11-07T23:41:36.116-0300] {dagbag.py:525} INFO - Filling up the DagBag from /home/renato/Documentos/datapipeline/.env/lib/python3.10/site-packages/airflow/example_dags/tutorial.py
[2022-11-07T23:41:36.133-0300] {processor.py:768} INFO - DAG(s) dict_keys(['tutorial']) retrieved from /home/renato/Documentos/datapipeline/.env/lib/python3.10/site-packages/airflow/example_dags/tutorial.py
[2022-11-07T23:41:36.166-0300] {logging_mixin.py:117} INFO - [2022-11-07T23:41:36.166-0300] {dag.py:2573} INFO - Sync 1 DAGs
[2022-11-07T23:41:36.295-0300] {logging_mixin.py:117} INFO - [2022-11-07T23:41:36.295-0300] {dag.py:3324} INFO - Setting next_dagrun for tutorial to 2022-11-07T02:41:36.295115+00:00, run_after=2022-11-08T02:41:36.295115+00:00
[2022-11-07T23:41:36.414-0300] {processor.py:178} INFO - Processing /home/renato/Documentos/datapipeline/.env/lib/python3.10/site-packages/airflow/example_dags/tutorial.py took 0.307 seconds
[2022-11-07T23:42:17.764-0300] {processor.py:156} INFO - Started process (PID=967526) to work on /home/renato/Documentos/datapipeline/.env/lib/python3.10/site-packages/airflow/example_dags/tutorial.py
[2022-11-07T23:42:17.766-0300] {processor.py:758} INFO - Processing file /home/renato/Documentos/datapipeline/.env/lib/python3.10/site-packages/airflow/example_dags/tutorial.py for tasks to queue
[2022-11-07T23:42:17.766-0300] {logging_mixin.py:117} INFO - [2022-11-07T23:42:17.766-0300] {dagbag.py:525} INFO - Filling up the DagBag from /home/renato/Documentos/datapipeline/.env/lib/python3.10/site-packages/airflow/example_dags/tutorial.py
[2022-11-07T23:42:17.781-0300] {processor.py:768} INFO - DAG(s) dict_keys(['tutorial']) retrieved from /home/renato/Documentos/datapipeline/.env/lib/python3.10/site-packages/airflow/example_dags/tutorial.py
[2022-11-07T23:42:17.809-0300] {logging_mixin.py:117} INFO - [2022-11-07T23:42:17.809-0300] {dag.py:2573} INFO - Sync 1 DAGs
[2022-11-07T23:42:17.830-0300] {logging_mixin.py:117} INFO - [2022-11-07T23:42:17.830-0300] {dag.py:3324} INFO - Setting next_dagrun for tutorial to 2022-11-07T02:42:17.829743+00:00, run_after=2022-11-08T02:42:17.829743+00:00
[2022-11-07T23:42:17.869-0300] {processor.py:178} INFO - Processing /home/renato/Documentos/datapipeline/.env/lib/python3.10/site-packages/airflow/example_dags/tutorial.py took 0.107 seconds
[2022-11-07T23:42:50.539-0300] {processor.py:156} INFO - Started process (PID=967624) to work on /home/renato/Documentos/datapipeline/.env/lib/python3.10/site-packages/airflow/example_dags/tutorial.py
[2022-11-07T23:42:50.540-0300] {processor.py:758} INFO - Processing file /home/renato/Documentos/datapipeline/.env/lib/python3.10/site-packages/airflow/example_dags/tutorial.py for tasks to queue
[2022-11-07T23:42:50.541-0300] {logging_mixin.py:117} INFO - [2022-11-07T23:42:50.541-0300] {dagbag.py:525} INFO - Filling up the DagBag from /home/renato/Documentos/datapipeline/.env/lib/python3.10/site-packages/airflow/example_dags/tutorial.py
[2022-11-07T23:42:50.564-0300] {processor.py:768} INFO - DAG(s) dict_keys(['tutorial']) retrieved from /home/renato/Documentos/datapipeline/.env/lib/python3.10/site-packages/airflow/example_dags/tutorial.py
[2022-11-07T23:42:50.586-0300] {logging_mixin.py:117} INFO - [2022-11-07T23:42:50.586-0300] {dag.py:2573} INFO - Sync 1 DAGs
[2022-11-07T23:42:50.604-0300] {logging_mixin.py:117} INFO - [2022-11-07T23:42:50.603-0300] {dag.py:3324} INFO - Setting next_dagrun for tutorial to 2022-11-07T02:42:50.603635+00:00, run_after=2022-11-08T02:42:50.603635+00:00
[2022-11-07T23:42:50.628-0300] {processor.py:178} INFO - Processing /home/renato/Documentos/datapipeline/.env/lib/python3.10/site-packages/airflow/example_dags/tutorial.py took 0.094 seconds
[2022-11-07T23:43:25.964-0300] {processor.py:156} INFO - Started process (PID=967693) to work on /home/renato/Documentos/datapipeline/.env/lib/python3.10/site-packages/airflow/example_dags/tutorial.py
[2022-11-07T23:43:25.968-0300] {processor.py:758} INFO - Processing file /home/renato/Documentos/datapipeline/.env/lib/python3.10/site-packages/airflow/example_dags/tutorial.py for tasks to queue
[2022-11-07T23:43:25.968-0300] {logging_mixin.py:117} INFO - [2022-11-07T23:43:25.968-0300] {dagbag.py:525} INFO - Filling up the DagBag from /home/renato/Documentos/datapipeline/.env/lib/python3.10/site-packages/airflow/example_dags/tutorial.py
[2022-11-07T23:43:25.983-0300] {processor.py:768} INFO - DAG(s) dict_keys(['tutorial']) retrieved from /home/renato/Documentos/datapipeline/.env/lib/python3.10/site-packages/airflow/example_dags/tutorial.py
[2022-11-07T23:43:26.007-0300] {logging_mixin.py:117} INFO - [2022-11-07T23:43:26.007-0300] {dag.py:2573} INFO - Sync 1 DAGs
[2022-11-07T23:43:26.026-0300] {logging_mixin.py:117} INFO - [2022-11-07T23:43:26.026-0300] {dag.py:3324} INFO - Setting next_dagrun for tutorial to 2022-11-07T02:43:26.025819+00:00, run_after=2022-11-08T02:43:26.025819+00:00
[2022-11-07T23:43:26.050-0300] {processor.py:178} INFO - Processing /home/renato/Documentos/datapipeline/.env/lib/python3.10/site-packages/airflow/example_dags/tutorial.py took 0.089 seconds
[2022-11-08T19:26:18.530-0300] {processor.py:156} INFO - Started process (PID=11773) to work on /home/renato/Documentos/datapipeline/.env/lib/python3.10/site-packages/airflow/example_dags/tutorial.py
[2022-11-08T19:26:18.534-0300] {processor.py:758} INFO - Processing file /home/renato/Documentos/datapipeline/.env/lib/python3.10/site-packages/airflow/example_dags/tutorial.py for tasks to queue
[2022-11-08T19:26:18.534-0300] {logging_mixin.py:117} INFO - [2022-11-08T19:26:18.534-0300] {dagbag.py:525} INFO - Filling up the DagBag from /home/renato/Documentos/datapipeline/.env/lib/python3.10/site-packages/airflow/example_dags/tutorial.py
[2022-11-08T19:26:18.551-0300] {processor.py:768} INFO - DAG(s) dict_keys(['tutorial']) retrieved from /home/renato/Documentos/datapipeline/.env/lib/python3.10/site-packages/airflow/example_dags/tutorial.py
[2022-11-08T19:26:18.572-0300] {logging_mixin.py:117} INFO - [2022-11-08T19:26:18.572-0300] {dag.py:2573} INFO - Sync 1 DAGs
[2022-11-08T19:26:18.591-0300] {logging_mixin.py:117} INFO - [2022-11-08T19:26:18.591-0300] {dag.py:3324} INFO - Setting next_dagrun for tutorial to 2022-11-07T22:26:18.591307+00:00, run_after=2022-11-08T22:26:18.591307+00:00
[2022-11-08T19:26:18.618-0300] {processor.py:178} INFO - Processing /home/renato/Documentos/datapipeline/.env/lib/python3.10/site-packages/airflow/example_dags/tutorial.py took 0.091 seconds
[2022-11-08T19:26:57.445-0300] {processor.py:156} INFO - Started process (PID=11852) to work on /home/renato/Documentos/datapipeline/.env/lib/python3.10/site-packages/airflow/example_dags/tutorial.py
[2022-11-08T19:26:57.447-0300] {processor.py:758} INFO - Processing file /home/renato/Documentos/datapipeline/.env/lib/python3.10/site-packages/airflow/example_dags/tutorial.py for tasks to queue
[2022-11-08T19:26:57.448-0300] {logging_mixin.py:117} INFO - [2022-11-08T19:26:57.448-0300] {dagbag.py:525} INFO - Filling up the DagBag from /home/renato/Documentos/datapipeline/.env/lib/python3.10/site-packages/airflow/example_dags/tutorial.py
[2022-11-08T19:26:57.468-0300] {processor.py:768} INFO - DAG(s) dict_keys(['tutorial']) retrieved from /home/renato/Documentos/datapipeline/.env/lib/python3.10/site-packages/airflow/example_dags/tutorial.py
[2022-11-08T19:26:57.488-0300] {logging_mixin.py:117} INFO - [2022-11-08T19:26:57.488-0300] {dag.py:2573} INFO - Sync 1 DAGs
[2022-11-08T19:26:57.505-0300] {logging_mixin.py:117} INFO - [2022-11-08T19:26:57.505-0300] {dag.py:3324} INFO - Setting next_dagrun for tutorial to 2022-11-07T22:26:57.505307+00:00, run_after=2022-11-08T22:26:57.505307+00:00
[2022-11-08T19:26:57.530-0300] {processor.py:178} INFO - Processing /home/renato/Documentos/datapipeline/.env/lib/python3.10/site-packages/airflow/example_dags/tutorial.py took 0.091 seconds
[2022-11-08T19:27:37.642-0300] {processor.py:156} INFO - Started process (PID=11930) to work on /home/renato/Documentos/datapipeline/.env/lib/python3.10/site-packages/airflow/example_dags/tutorial.py
[2022-11-08T19:27:37.648-0300] {processor.py:758} INFO - Processing file /home/renato/Documentos/datapipeline/.env/lib/python3.10/site-packages/airflow/example_dags/tutorial.py for tasks to queue
[2022-11-08T19:27:37.649-0300] {logging_mixin.py:117} INFO - [2022-11-08T19:27:37.648-0300] {dagbag.py:525} INFO - Filling up the DagBag from /home/renato/Documentos/datapipeline/.env/lib/python3.10/site-packages/airflow/example_dags/tutorial.py
[2022-11-08T19:27:37.671-0300] {processor.py:768} INFO - DAG(s) dict_keys(['tutorial']) retrieved from /home/renato/Documentos/datapipeline/.env/lib/python3.10/site-packages/airflow/example_dags/tutorial.py
[2022-11-08T19:27:37.691-0300] {logging_mixin.py:117} INFO - [2022-11-08T19:27:37.691-0300] {dag.py:2573} INFO - Sync 1 DAGs
[2022-11-08T19:27:37.711-0300] {logging_mixin.py:117} INFO - [2022-11-08T19:27:37.711-0300] {dag.py:3324} INFO - Setting next_dagrun for tutorial to 2022-11-07T22:27:37.710900+00:00, run_after=2022-11-08T22:27:37.710900+00:00
[2022-11-08T19:27:37.737-0300] {processor.py:178} INFO - Processing /home/renato/Documentos/datapipeline/.env/lib/python3.10/site-packages/airflow/example_dags/tutorial.py took 0.100 seconds
[2022-11-08T19:28:14.911-0300] {processor.py:156} INFO - Started process (PID=12135) to work on /home/renato/Documentos/datapipeline/.env/lib/python3.10/site-packages/airflow/example_dags/tutorial.py
[2022-11-08T19:28:14.919-0300] {processor.py:758} INFO - Processing file /home/renato/Documentos/datapipeline/.env/lib/python3.10/site-packages/airflow/example_dags/tutorial.py for tasks to queue
[2022-11-08T19:28:14.919-0300] {logging_mixin.py:117} INFO - [2022-11-08T19:28:14.919-0300] {dagbag.py:525} INFO - Filling up the DagBag from /home/renato/Documentos/datapipeline/.env/lib/python3.10/site-packages/airflow/example_dags/tutorial.py
[2022-11-08T19:28:14.940-0300] {processor.py:768} INFO - DAG(s) dict_keys(['tutorial']) retrieved from /home/renato/Documentos/datapipeline/.env/lib/python3.10/site-packages/airflow/example_dags/tutorial.py
[2022-11-08T19:28:14.968-0300] {logging_mixin.py:117} INFO - [2022-11-08T19:28:14.968-0300] {dag.py:2573} INFO - Sync 1 DAGs
[2022-11-08T19:28:15.004-0300] {logging_mixin.py:117} INFO - [2022-11-08T19:28:15.004-0300] {dag.py:3324} INFO - Setting next_dagrun for tutorial to 2022-11-07T22:28:15.004144+00:00, run_after=2022-11-08T22:28:15.004144+00:00
[2022-11-08T19:28:15.044-0300] {processor.py:178} INFO - Processing /home/renato/Documentos/datapipeline/.env/lib/python3.10/site-packages/airflow/example_dags/tutorial.py took 0.136 seconds
[2022-11-08T19:28:53.993-0300] {processor.py:156} INFO - Started process (PID=12209) to work on /home/renato/Documentos/datapipeline/.env/lib/python3.10/site-packages/airflow/example_dags/tutorial.py
[2022-11-08T19:28:53.995-0300] {processor.py:758} INFO - Processing file /home/renato/Documentos/datapipeline/.env/lib/python3.10/site-packages/airflow/example_dags/tutorial.py for tasks to queue
[2022-11-08T19:28:53.996-0300] {logging_mixin.py:117} INFO - [2022-11-08T19:28:53.995-0300] {dagbag.py:525} INFO - Filling up the DagBag from /home/renato/Documentos/datapipeline/.env/lib/python3.10/site-packages/airflow/example_dags/tutorial.py
[2022-11-08T19:28:54.018-0300] {processor.py:768} INFO - DAG(s) dict_keys(['tutorial']) retrieved from /home/renato/Documentos/datapipeline/.env/lib/python3.10/site-packages/airflow/example_dags/tutorial.py
[2022-11-08T19:28:54.038-0300] {logging_mixin.py:117} INFO - [2022-11-08T19:28:54.038-0300] {dag.py:2573} INFO - Sync 1 DAGs
[2022-11-08T19:28:54.054-0300] {logging_mixin.py:117} INFO - [2022-11-08T19:28:54.054-0300] {dag.py:3324} INFO - Setting next_dagrun for tutorial to 2022-11-07T22:28:54.054486+00:00, run_after=2022-11-08T22:28:54.054486+00:00
[2022-11-08T19:28:54.077-0300] {processor.py:178} INFO - Processing /home/renato/Documentos/datapipeline/.env/lib/python3.10/site-packages/airflow/example_dags/tutorial.py took 0.089 seconds
[2022-11-08T19:29:25.897-0300] {processor.py:156} INFO - Started process (PID=12271) to work on /home/renato/Documentos/datapipeline/.env/lib/python3.10/site-packages/airflow/example_dags/tutorial.py
[2022-11-08T19:29:25.900-0300] {processor.py:758} INFO - Processing file /home/renato/Documentos/datapipeline/.env/lib/python3.10/site-packages/airflow/example_dags/tutorial.py for tasks to queue
[2022-11-08T19:29:25.901-0300] {logging_mixin.py:117} INFO - [2022-11-08T19:29:25.901-0300] {dagbag.py:525} INFO - Filling up the DagBag from /home/renato/Documentos/datapipeline/.env/lib/python3.10/site-packages/airflow/example_dags/tutorial.py
[2022-11-08T19:29:25.927-0300] {processor.py:768} INFO - DAG(s) dict_keys(['tutorial']) retrieved from /home/renato/Documentos/datapipeline/.env/lib/python3.10/site-packages/airflow/example_dags/tutorial.py
[2022-11-08T19:29:25.951-0300] {logging_mixin.py:117} INFO - [2022-11-08T19:29:25.951-0300] {dag.py:2573} INFO - Sync 1 DAGs
[2022-11-08T19:29:25.967-0300] {logging_mixin.py:117} INFO - [2022-11-08T19:29:25.967-0300] {dag.py:3324} INFO - Setting next_dagrun for tutorial to 2022-11-07T22:29:25.967505+00:00, run_after=2022-11-08T22:29:25.967505+00:00
[2022-11-08T19:29:25.990-0300] {processor.py:178} INFO - Processing /home/renato/Documentos/datapipeline/.env/lib/python3.10/site-packages/airflow/example_dags/tutorial.py took 0.100 seconds
[2022-11-08T19:31:05.403-0300] {processor.py:156} INFO - Started process (PID=12367) to work on /home/renato/Documentos/datapipeline/.env/lib/python3.10/site-packages/airflow/example_dags/tutorial.py
[2022-11-08T19:31:05.406-0300] {processor.py:758} INFO - Processing file /home/renato/Documentos/datapipeline/.env/lib/python3.10/site-packages/airflow/example_dags/tutorial.py for tasks to queue
[2022-11-08T19:31:05.407-0300] {logging_mixin.py:117} INFO - [2022-11-08T19:31:05.406-0300] {dagbag.py:525} INFO - Filling up the DagBag from /home/renato/Documentos/datapipeline/.env/lib/python3.10/site-packages/airflow/example_dags/tutorial.py
[2022-11-08T19:31:05.430-0300] {processor.py:768} INFO - DAG(s) dict_keys(['tutorial']) retrieved from /home/renato/Documentos/datapipeline/.env/lib/python3.10/site-packages/airflow/example_dags/tutorial.py
[2022-11-08T19:31:05.456-0300] {logging_mixin.py:117} INFO - [2022-11-08T19:31:05.456-0300] {dag.py:2573} INFO - Sync 1 DAGs
[2022-11-08T19:31:05.479-0300] {logging_mixin.py:117} INFO - [2022-11-08T19:31:05.479-0300] {dag.py:3324} INFO - Setting next_dagrun for tutorial to 2022-11-07T22:31:05.479192+00:00, run_after=2022-11-08T22:31:05.479192+00:00
[2022-11-08T19:31:05.511-0300] {processor.py:178} INFO - Processing /home/renato/Documentos/datapipeline/.env/lib/python3.10/site-packages/airflow/example_dags/tutorial.py took 0.115 seconds
[2022-11-08T19:31:46.673-0300] {processor.py:156} INFO - Started process (PID=12446) to work on /home/renato/Documentos/datapipeline/.env/lib/python3.10/site-packages/airflow/example_dags/tutorial.py
[2022-11-08T19:31:46.675-0300] {processor.py:758} INFO - Processing file /home/renato/Documentos/datapipeline/.env/lib/python3.10/site-packages/airflow/example_dags/tutorial.py for tasks to queue
[2022-11-08T19:31:46.676-0300] {logging_mixin.py:117} INFO - [2022-11-08T19:31:46.676-0300] {dagbag.py:525} INFO - Filling up the DagBag from /home/renato/Documentos/datapipeline/.env/lib/python3.10/site-packages/airflow/example_dags/tutorial.py
[2022-11-08T19:31:46.690-0300] {processor.py:768} INFO - DAG(s) dict_keys(['tutorial']) retrieved from /home/renato/Documentos/datapipeline/.env/lib/python3.10/site-packages/airflow/example_dags/tutorial.py
[2022-11-08T19:31:46.727-0300] {logging_mixin.py:117} INFO - [2022-11-08T19:31:46.727-0300] {dag.py:2573} INFO - Sync 1 DAGs
[2022-11-08T19:31:46.766-0300] {logging_mixin.py:117} INFO - [2022-11-08T19:31:46.766-0300] {dag.py:3324} INFO - Setting next_dagrun for tutorial to 2022-11-07T22:31:46.765881+00:00, run_after=2022-11-08T22:31:46.765881+00:00
[2022-11-08T19:31:46.811-0300] {processor.py:178} INFO - Processing /home/renato/Documentos/datapipeline/.env/lib/python3.10/site-packages/airflow/example_dags/tutorial.py took 0.140 seconds
[2022-11-08T19:32:25.503-0300] {processor.py:156} INFO - Started process (PID=12528) to work on /home/renato/Documentos/datapipeline/.env/lib/python3.10/site-packages/airflow/example_dags/tutorial.py
[2022-11-08T19:32:25.505-0300] {processor.py:758} INFO - Processing file /home/renato/Documentos/datapipeline/.env/lib/python3.10/site-packages/airflow/example_dags/tutorial.py for tasks to queue
[2022-11-08T19:32:25.506-0300] {logging_mixin.py:117} INFO - [2022-11-08T19:32:25.505-0300] {dagbag.py:525} INFO - Filling up the DagBag from /home/renato/Documentos/datapipeline/.env/lib/python3.10/site-packages/airflow/example_dags/tutorial.py
[2022-11-08T19:32:25.522-0300] {processor.py:768} INFO - DAG(s) dict_keys(['tutorial']) retrieved from /home/renato/Documentos/datapipeline/.env/lib/python3.10/site-packages/airflow/example_dags/tutorial.py
[2022-11-08T19:32:25.585-0300] {logging_mixin.py:117} INFO - [2022-11-08T19:32:25.585-0300] {dag.py:2573} INFO - Sync 1 DAGs
[2022-11-08T19:32:25.657-0300] {logging_mixin.py:117} INFO - [2022-11-08T19:32:25.656-0300] {dag.py:3324} INFO - Setting next_dagrun for tutorial to 2022-11-07T22:32:25.656746+00:00, run_after=2022-11-08T22:32:25.656746+00:00
[2022-11-08T19:32:25.713-0300] {processor.py:178} INFO - Processing /home/renato/Documentos/datapipeline/.env/lib/python3.10/site-packages/airflow/example_dags/tutorial.py took 0.214 seconds
[2022-11-08T19:33:01.672-0300] {processor.py:156} INFO - Started process (PID=12601) to work on /home/renato/Documentos/datapipeline/.env/lib/python3.10/site-packages/airflow/example_dags/tutorial.py
[2022-11-08T19:33:01.674-0300] {processor.py:758} INFO - Processing file /home/renato/Documentos/datapipeline/.env/lib/python3.10/site-packages/airflow/example_dags/tutorial.py for tasks to queue
[2022-11-08T19:33:01.675-0300] {logging_mixin.py:117} INFO - [2022-11-08T19:33:01.675-0300] {dagbag.py:525} INFO - Filling up the DagBag from /home/renato/Documentos/datapipeline/.env/lib/python3.10/site-packages/airflow/example_dags/tutorial.py
[2022-11-08T19:33:01.703-0300] {processor.py:768} INFO - DAG(s) dict_keys(['tutorial']) retrieved from /home/renato/Documentos/datapipeline/.env/lib/python3.10/site-packages/airflow/example_dags/tutorial.py
[2022-11-08T19:33:01.725-0300] {logging_mixin.py:117} INFO - [2022-11-08T19:33:01.725-0300] {dag.py:2573} INFO - Sync 1 DAGs
[2022-11-08T19:33:01.741-0300] {logging_mixin.py:117} INFO - [2022-11-08T19:33:01.741-0300] {dag.py:3324} INFO - Setting next_dagrun for tutorial to 2022-11-07T22:33:01.741601+00:00, run_after=2022-11-08T22:33:01.741601+00:00
[2022-11-08T19:33:01.765-0300] {processor.py:178} INFO - Processing /home/renato/Documentos/datapipeline/.env/lib/python3.10/site-packages/airflow/example_dags/tutorial.py took 0.098 seconds
[2022-11-08T19:33:42.639-0300] {processor.py:156} INFO - Started process (PID=12820) to work on /home/renato/Documentos/datapipeline/.env/lib/python3.10/site-packages/airflow/example_dags/tutorial.py
[2022-11-08T19:33:42.641-0300] {processor.py:758} INFO - Processing file /home/renato/Documentos/datapipeline/.env/lib/python3.10/site-packages/airflow/example_dags/tutorial.py for tasks to queue
[2022-11-08T19:33:42.642-0300] {logging_mixin.py:117} INFO - [2022-11-08T19:33:42.641-0300] {dagbag.py:525} INFO - Filling up the DagBag from /home/renato/Documentos/datapipeline/.env/lib/python3.10/site-packages/airflow/example_dags/tutorial.py
[2022-11-08T19:33:42.654-0300] {processor.py:768} INFO - DAG(s) dict_keys(['tutorial']) retrieved from /home/renato/Documentos/datapipeline/.env/lib/python3.10/site-packages/airflow/example_dags/tutorial.py
[2022-11-08T19:33:42.674-0300] {logging_mixin.py:117} INFO - [2022-11-08T19:33:42.674-0300] {dag.py:2573} INFO - Sync 1 DAGs
[2022-11-08T19:33:42.690-0300] {logging_mixin.py:117} INFO - [2022-11-08T19:33:42.690-0300] {dag.py:3324} INFO - Setting next_dagrun for tutorial to 2022-11-07T22:33:42.690480+00:00, run_after=2022-11-08T22:33:42.690480+00:00
[2022-11-08T19:33:42.714-0300] {processor.py:178} INFO - Processing /home/renato/Documentos/datapipeline/.env/lib/python3.10/site-packages/airflow/example_dags/tutorial.py took 0.077 seconds
[2022-11-08T19:34:22.047-0300] {processor.py:156} INFO - Started process (PID=13132) to work on /home/renato/Documentos/datapipeline/.env/lib/python3.10/site-packages/airflow/example_dags/tutorial.py
[2022-11-08T19:34:22.052-0300] {processor.py:758} INFO - Processing file /home/renato/Documentos/datapipeline/.env/lib/python3.10/site-packages/airflow/example_dags/tutorial.py for tasks to queue
[2022-11-08T19:34:22.053-0300] {logging_mixin.py:117} INFO - [2022-11-08T19:34:22.052-0300] {dagbag.py:525} INFO - Filling up the DagBag from /home/renato/Documentos/datapipeline/.env/lib/python3.10/site-packages/airflow/example_dags/tutorial.py
[2022-11-08T19:34:22.071-0300] {processor.py:768} INFO - DAG(s) dict_keys(['tutorial']) retrieved from /home/renato/Documentos/datapipeline/.env/lib/python3.10/site-packages/airflow/example_dags/tutorial.py
[2022-11-08T19:34:22.098-0300] {logging_mixin.py:117} INFO - [2022-11-08T19:34:22.098-0300] {dag.py:2573} INFO - Sync 1 DAGs
[2022-11-08T19:34:22.116-0300] {logging_mixin.py:117} INFO - [2022-11-08T19:34:22.116-0300] {dag.py:3324} INFO - Setting next_dagrun for tutorial to 2022-11-07T22:34:22.115600+00:00, run_after=2022-11-08T22:34:22.115600+00:00
[2022-11-08T19:34:22.142-0300] {processor.py:178} INFO - Processing /home/renato/Documentos/datapipeline/.env/lib/python3.10/site-packages/airflow/example_dags/tutorial.py took 0.098 seconds
[2022-11-08T19:35:00.178-0300] {processor.py:156} INFO - Started process (PID=13223) to work on /home/renato/Documentos/datapipeline/.env/lib/python3.10/site-packages/airflow/example_dags/tutorial.py
[2022-11-08T19:35:00.181-0300] {processor.py:758} INFO - Processing file /home/renato/Documentos/datapipeline/.env/lib/python3.10/site-packages/airflow/example_dags/tutorial.py for tasks to queue
[2022-11-08T19:35:00.181-0300] {logging_mixin.py:117} INFO - [2022-11-08T19:35:00.181-0300] {dagbag.py:525} INFO - Filling up the DagBag from /home/renato/Documentos/datapipeline/.env/lib/python3.10/site-packages/airflow/example_dags/tutorial.py
[2022-11-08T19:35:00.194-0300] {processor.py:768} INFO - DAG(s) dict_keys(['tutorial']) retrieved from /home/renato/Documentos/datapipeline/.env/lib/python3.10/site-packages/airflow/example_dags/tutorial.py
[2022-11-08T19:35:00.216-0300] {logging_mixin.py:117} INFO - [2022-11-08T19:35:00.215-0300] {dag.py:2573} INFO - Sync 1 DAGs
[2022-11-08T19:35:00.232-0300] {logging_mixin.py:117} INFO - [2022-11-08T19:35:00.232-0300] {dag.py:3324} INFO - Setting next_dagrun for tutorial to 2022-11-07T22:35:00.232377+00:00, run_after=2022-11-08T22:35:00.232377+00:00
[2022-11-08T19:35:00.256-0300] {processor.py:178} INFO - Processing /home/renato/Documentos/datapipeline/.env/lib/python3.10/site-packages/airflow/example_dags/tutorial.py took 0.082 seconds
[2022-11-08T19:35:39.475-0300] {processor.py:156} INFO - Started process (PID=13301) to work on /home/renato/Documentos/datapipeline/.env/lib/python3.10/site-packages/airflow/example_dags/tutorial.py
[2022-11-08T19:35:39.477-0300] {processor.py:758} INFO - Processing file /home/renato/Documentos/datapipeline/.env/lib/python3.10/site-packages/airflow/example_dags/tutorial.py for tasks to queue
[2022-11-08T19:35:39.478-0300] {logging_mixin.py:117} INFO - [2022-11-08T19:35:39.478-0300] {dagbag.py:525} INFO - Filling up the DagBag from /home/renato/Documentos/datapipeline/.env/lib/python3.10/site-packages/airflow/example_dags/tutorial.py
[2022-11-08T19:35:39.498-0300] {processor.py:768} INFO - DAG(s) dict_keys(['tutorial']) retrieved from /home/renato/Documentos/datapipeline/.env/lib/python3.10/site-packages/airflow/example_dags/tutorial.py
[2022-11-08T19:35:39.518-0300] {logging_mixin.py:117} INFO - [2022-11-08T19:35:39.518-0300] {dag.py:2573} INFO - Sync 1 DAGs
[2022-11-08T19:35:39.536-0300] {logging_mixin.py:117} INFO - [2022-11-08T19:35:39.536-0300] {dag.py:3324} INFO - Setting next_dagrun for tutorial to 2022-11-07T22:35:39.535828+00:00, run_after=2022-11-08T22:35:39.535828+00:00
[2022-11-08T19:35:39.560-0300] {processor.py:178} INFO - Processing /home/renato/Documentos/datapipeline/.env/lib/python3.10/site-packages/airflow/example_dags/tutorial.py took 0.090 seconds
[2022-11-08T19:36:15.351-0300] {processor.py:156} INFO - Started process (PID=13377) to work on /home/renato/Documentos/datapipeline/.env/lib/python3.10/site-packages/airflow/example_dags/tutorial.py
[2022-11-08T19:36:15.355-0300] {processor.py:758} INFO - Processing file /home/renato/Documentos/datapipeline/.env/lib/python3.10/site-packages/airflow/example_dags/tutorial.py for tasks to queue
[2022-11-08T19:36:15.356-0300] {logging_mixin.py:117} INFO - [2022-11-08T19:36:15.356-0300] {dagbag.py:525} INFO - Filling up the DagBag from /home/renato/Documentos/datapipeline/.env/lib/python3.10/site-packages/airflow/example_dags/tutorial.py
[2022-11-08T19:36:15.369-0300] {processor.py:768} INFO - DAG(s) dict_keys(['tutorial']) retrieved from /home/renato/Documentos/datapipeline/.env/lib/python3.10/site-packages/airflow/example_dags/tutorial.py
[2022-11-08T19:36:15.390-0300] {logging_mixin.py:117} INFO - [2022-11-08T19:36:15.389-0300] {dag.py:2573} INFO - Sync 1 DAGs
[2022-11-08T19:36:15.407-0300] {logging_mixin.py:117} INFO - [2022-11-08T19:36:15.406-0300] {dag.py:3324} INFO - Setting next_dagrun for tutorial to 2022-11-07T22:36:15.406654+00:00, run_after=2022-11-08T22:36:15.406654+00:00
[2022-11-08T19:36:15.434-0300] {processor.py:178} INFO - Processing /home/renato/Documentos/datapipeline/.env/lib/python3.10/site-packages/airflow/example_dags/tutorial.py took 0.086 seconds
[2022-11-08T19:36:54.235-0300] {processor.py:156} INFO - Started process (PID=13486) to work on /home/renato/Documentos/datapipeline/.env/lib/python3.10/site-packages/airflow/example_dags/tutorial.py
[2022-11-08T19:36:54.239-0300] {processor.py:758} INFO - Processing file /home/renato/Documentos/datapipeline/.env/lib/python3.10/site-packages/airflow/example_dags/tutorial.py for tasks to queue
[2022-11-08T19:36:54.240-0300] {logging_mixin.py:117} INFO - [2022-11-08T19:36:54.240-0300] {dagbag.py:525} INFO - Filling up the DagBag from /home/renato/Documentos/datapipeline/.env/lib/python3.10/site-packages/airflow/example_dags/tutorial.py
[2022-11-08T19:36:54.260-0300] {processor.py:768} INFO - DAG(s) dict_keys(['tutorial']) retrieved from /home/renato/Documentos/datapipeline/.env/lib/python3.10/site-packages/airflow/example_dags/tutorial.py
[2022-11-08T19:36:54.285-0300] {logging_mixin.py:117} INFO - [2022-11-08T19:36:54.284-0300] {dag.py:2573} INFO - Sync 1 DAGs
[2022-11-08T19:36:54.303-0300] {logging_mixin.py:117} INFO - [2022-11-08T19:36:54.303-0300] {dag.py:3324} INFO - Setting next_dagrun for tutorial to 2022-11-07T22:36:54.302922+00:00, run_after=2022-11-08T22:36:54.302922+00:00
[2022-11-08T19:36:54.328-0300] {processor.py:178} INFO - Processing /home/renato/Documentos/datapipeline/.env/lib/python3.10/site-packages/airflow/example_dags/tutorial.py took 0.100 seconds
[2022-11-08T19:37:30.553-0300] {processor.py:156} INFO - Started process (PID=13599) to work on /home/renato/Documentos/datapipeline/.env/lib/python3.10/site-packages/airflow/example_dags/tutorial.py
[2022-11-08T19:37:30.555-0300] {processor.py:758} INFO - Processing file /home/renato/Documentos/datapipeline/.env/lib/python3.10/site-packages/airflow/example_dags/tutorial.py for tasks to queue
[2022-11-08T19:37:30.556-0300] {logging_mixin.py:117} INFO - [2022-11-08T19:37:30.556-0300] {dagbag.py:525} INFO - Filling up the DagBag from /home/renato/Documentos/datapipeline/.env/lib/python3.10/site-packages/airflow/example_dags/tutorial.py
[2022-11-08T19:37:30.574-0300] {processor.py:768} INFO - DAG(s) dict_keys(['tutorial']) retrieved from /home/renato/Documentos/datapipeline/.env/lib/python3.10/site-packages/airflow/example_dags/tutorial.py
[2022-11-08T19:37:30.596-0300] {logging_mixin.py:117} INFO - [2022-11-08T19:37:30.596-0300] {dag.py:2573} INFO - Sync 1 DAGs
[2022-11-08T19:37:30.614-0300] {logging_mixin.py:117} INFO - [2022-11-08T19:37:30.614-0300] {dag.py:3324} INFO - Setting next_dagrun for tutorial to 2022-11-07T22:37:30.614153+00:00, run_after=2022-11-08T22:37:30.614153+00:00
[2022-11-08T19:37:30.640-0300] {processor.py:178} INFO - Processing /home/renato/Documentos/datapipeline/.env/lib/python3.10/site-packages/airflow/example_dags/tutorial.py took 0.092 seconds
[2022-11-08T19:38:10.792-0300] {processor.py:156} INFO - Started process (PID=13777) to work on /home/renato/Documentos/datapipeline/.env/lib/python3.10/site-packages/airflow/example_dags/tutorial.py
[2022-11-08T19:38:10.797-0300] {processor.py:758} INFO - Processing file /home/renato/Documentos/datapipeline/.env/lib/python3.10/site-packages/airflow/example_dags/tutorial.py for tasks to queue
[2022-11-08T19:38:10.797-0300] {logging_mixin.py:117} INFO - [2022-11-08T19:38:10.797-0300] {dagbag.py:525} INFO - Filling up the DagBag from /home/renato/Documentos/datapipeline/.env/lib/python3.10/site-packages/airflow/example_dags/tutorial.py
[2022-11-08T19:38:10.810-0300] {processor.py:768} INFO - DAG(s) dict_keys(['tutorial']) retrieved from /home/renato/Documentos/datapipeline/.env/lib/python3.10/site-packages/airflow/example_dags/tutorial.py
[2022-11-08T19:38:10.831-0300] {logging_mixin.py:117} INFO - [2022-11-08T19:38:10.831-0300] {dag.py:2573} INFO - Sync 1 DAGs
[2022-11-08T19:38:10.849-0300] {logging_mixin.py:117} INFO - [2022-11-08T19:38:10.849-0300] {dag.py:3324} INFO - Setting next_dagrun for tutorial to 2022-11-07T22:38:10.848931+00:00, run_after=2022-11-08T22:38:10.848931+00:00
[2022-11-08T19:38:10.873-0300] {processor.py:178} INFO - Processing /home/renato/Documentos/datapipeline/.env/lib/python3.10/site-packages/airflow/example_dags/tutorial.py took 0.083 seconds
[2022-11-08T19:38:47.324-0300] {processor.py:156} INFO - Started process (PID=14012) to work on /home/renato/Documentos/datapipeline/.env/lib/python3.10/site-packages/airflow/example_dags/tutorial.py
[2022-11-08T19:38:47.328-0300] {processor.py:758} INFO - Processing file /home/renato/Documentos/datapipeline/.env/lib/python3.10/site-packages/airflow/example_dags/tutorial.py for tasks to queue
[2022-11-08T19:38:47.329-0300] {logging_mixin.py:117} INFO - [2022-11-08T19:38:47.329-0300] {dagbag.py:525} INFO - Filling up the DagBag from /home/renato/Documentos/datapipeline/.env/lib/python3.10/site-packages/airflow/example_dags/tutorial.py
[2022-11-08T19:38:47.343-0300] {processor.py:768} INFO - DAG(s) dict_keys(['tutorial']) retrieved from /home/renato/Documentos/datapipeline/.env/lib/python3.10/site-packages/airflow/example_dags/tutorial.py
[2022-11-08T19:38:47.370-0300] {logging_mixin.py:117} INFO - [2022-11-08T19:38:47.370-0300] {dag.py:2573} INFO - Sync 1 DAGs
[2022-11-08T19:38:47.391-0300] {logging_mixin.py:117} INFO - [2022-11-08T19:38:47.391-0300] {dag.py:3324} INFO - Setting next_dagrun for tutorial to 2022-11-07T22:38:47.391045+00:00, run_after=2022-11-08T22:38:47.391045+00:00
[2022-11-08T19:38:47.516-0300] {processor.py:178} INFO - Processing /home/renato/Documentos/datapipeline/.env/lib/python3.10/site-packages/airflow/example_dags/tutorial.py took 0.195 seconds
[2022-11-08T19:39:18.808-0300] {processor.py:156} INFO - Started process (PID=14075) to work on /home/renato/Documentos/datapipeline/.env/lib/python3.10/site-packages/airflow/example_dags/tutorial.py
[2022-11-08T19:39:18.810-0300] {processor.py:758} INFO - Processing file /home/renato/Documentos/datapipeline/.env/lib/python3.10/site-packages/airflow/example_dags/tutorial.py for tasks to queue
[2022-11-08T19:39:18.811-0300] {logging_mixin.py:117} INFO - [2022-11-08T19:39:18.811-0300] {dagbag.py:525} INFO - Filling up the DagBag from /home/renato/Documentos/datapipeline/.env/lib/python3.10/site-packages/airflow/example_dags/tutorial.py
[2022-11-08T19:39:18.832-0300] {processor.py:768} INFO - DAG(s) dict_keys(['tutorial']) retrieved from /home/renato/Documentos/datapipeline/.env/lib/python3.10/site-packages/airflow/example_dags/tutorial.py
[2022-11-08T19:39:18.858-0300] {logging_mixin.py:117} INFO - [2022-11-08T19:39:18.858-0300] {dag.py:2573} INFO - Sync 1 DAGs
[2022-11-08T19:39:18.875-0300] {logging_mixin.py:117} INFO - [2022-11-08T19:39:18.875-0300] {dag.py:3324} INFO - Setting next_dagrun for tutorial to 2022-11-07T22:39:18.875098+00:00, run_after=2022-11-08T22:39:18.875098+00:00
[2022-11-08T19:39:18.899-0300] {processor.py:178} INFO - Processing /home/renato/Documentos/datapipeline/.env/lib/python3.10/site-packages/airflow/example_dags/tutorial.py took 0.099 seconds
[2022-11-08T19:39:52.738-0300] {processor.py:156} INFO - Started process (PID=14145) to work on /home/renato/Documentos/datapipeline/.env/lib/python3.10/site-packages/airflow/example_dags/tutorial.py
[2022-11-08T19:39:52.743-0300] {processor.py:758} INFO - Processing file /home/renato/Documentos/datapipeline/.env/lib/python3.10/site-packages/airflow/example_dags/tutorial.py for tasks to queue
[2022-11-08T19:39:52.743-0300] {logging_mixin.py:117} INFO - [2022-11-08T19:39:52.743-0300] {dagbag.py:525} INFO - Filling up the DagBag from /home/renato/Documentos/datapipeline/.env/lib/python3.10/site-packages/airflow/example_dags/tutorial.py
[2022-11-08T19:39:52.758-0300] {processor.py:768} INFO - DAG(s) dict_keys(['tutorial']) retrieved from /home/renato/Documentos/datapipeline/.env/lib/python3.10/site-packages/airflow/example_dags/tutorial.py
[2022-11-08T19:39:52.780-0300] {logging_mixin.py:117} INFO - [2022-11-08T19:39:52.779-0300] {dag.py:2573} INFO - Sync 1 DAGs
[2022-11-08T19:39:52.800-0300] {logging_mixin.py:117} INFO - [2022-11-08T19:39:52.800-0300] {dag.py:3324} INFO - Setting next_dagrun for tutorial to 2022-11-07T22:39:52.800215+00:00, run_after=2022-11-08T22:39:52.800215+00:00
[2022-11-08T19:39:52.832-0300] {processor.py:178} INFO - Processing /home/renato/Documentos/datapipeline/.env/lib/python3.10/site-packages/airflow/example_dags/tutorial.py took 0.097 seconds
[2022-11-08T19:40:30.889-0300] {processor.py:156} INFO - Started process (PID=14261) to work on /home/renato/Documentos/datapipeline/.env/lib/python3.10/site-packages/airflow/example_dags/tutorial.py
[2022-11-08T19:40:30.891-0300] {processor.py:758} INFO - Processing file /home/renato/Documentos/datapipeline/.env/lib/python3.10/site-packages/airflow/example_dags/tutorial.py for tasks to queue
[2022-11-08T19:40:30.892-0300] {logging_mixin.py:117} INFO - [2022-11-08T19:40:30.892-0300] {dagbag.py:525} INFO - Filling up the DagBag from /home/renato/Documentos/datapipeline/.env/lib/python3.10/site-packages/airflow/example_dags/tutorial.py
[2022-11-08T19:40:30.906-0300] {processor.py:768} INFO - DAG(s) dict_keys(['tutorial']) retrieved from /home/renato/Documentos/datapipeline/.env/lib/python3.10/site-packages/airflow/example_dags/tutorial.py
[2022-11-08T19:40:30.928-0300] {logging_mixin.py:117} INFO - [2022-11-08T19:40:30.928-0300] {dag.py:2573} INFO - Sync 1 DAGs
[2022-11-08T19:40:30.947-0300] {logging_mixin.py:117} INFO - [2022-11-08T19:40:30.947-0300] {dag.py:3324} INFO - Setting next_dagrun for tutorial to 2022-11-07T22:40:30.946919+00:00, run_after=2022-11-08T22:40:30.946919+00:00
[2022-11-08T19:40:30.989-0300] {processor.py:178} INFO - Processing /home/renato/Documentos/datapipeline/.env/lib/python3.10/site-packages/airflow/example_dags/tutorial.py took 0.103 seconds
[2022-11-08T19:41:07.623-0300] {processor.py:156} INFO - Started process (PID=14457) to work on /home/renato/Documentos/datapipeline/.env/lib/python3.10/site-packages/airflow/example_dags/tutorial.py
[2022-11-08T19:41:07.626-0300] {processor.py:758} INFO - Processing file /home/renato/Documentos/datapipeline/.env/lib/python3.10/site-packages/airflow/example_dags/tutorial.py for tasks to queue
[2022-11-08T19:41:07.627-0300] {logging_mixin.py:117} INFO - [2022-11-08T19:41:07.627-0300] {dagbag.py:525} INFO - Filling up the DagBag from /home/renato/Documentos/datapipeline/.env/lib/python3.10/site-packages/airflow/example_dags/tutorial.py
[2022-11-08T19:41:07.644-0300] {processor.py:768} INFO - DAG(s) dict_keys(['tutorial']) retrieved from /home/renato/Documentos/datapipeline/.env/lib/python3.10/site-packages/airflow/example_dags/tutorial.py
[2022-11-08T19:41:07.669-0300] {logging_mixin.py:117} INFO - [2022-11-08T19:41:07.669-0300] {dag.py:2573} INFO - Sync 1 DAGs
[2022-11-08T19:41:07.689-0300] {logging_mixin.py:117} INFO - [2022-11-08T19:41:07.689-0300] {dag.py:3324} INFO - Setting next_dagrun for tutorial to 2022-11-07T22:41:07.689182+00:00, run_after=2022-11-08T22:41:07.689182+00:00
[2022-11-08T19:41:07.715-0300] {processor.py:178} INFO - Processing /home/renato/Documentos/datapipeline/.env/lib/python3.10/site-packages/airflow/example_dags/tutorial.py took 0.102 seconds
[2022-11-08T19:41:40.706-0300] {processor.py:156} INFO - Started process (PID=14625) to work on /home/renato/Documentos/datapipeline/.env/lib/python3.10/site-packages/airflow/example_dags/tutorial.py
[2022-11-08T19:41:40.709-0300] {processor.py:758} INFO - Processing file /home/renato/Documentos/datapipeline/.env/lib/python3.10/site-packages/airflow/example_dags/tutorial.py for tasks to queue
[2022-11-08T19:41:40.709-0300] {logging_mixin.py:117} INFO - [2022-11-08T19:41:40.709-0300] {dagbag.py:525} INFO - Filling up the DagBag from /home/renato/Documentos/datapipeline/.env/lib/python3.10/site-packages/airflow/example_dags/tutorial.py
[2022-11-08T19:41:40.728-0300] {processor.py:768} INFO - DAG(s) dict_keys(['tutorial']) retrieved from /home/renato/Documentos/datapipeline/.env/lib/python3.10/site-packages/airflow/example_dags/tutorial.py
[2022-11-08T19:41:40.759-0300] {logging_mixin.py:117} INFO - [2022-11-08T19:41:40.758-0300] {dag.py:2573} INFO - Sync 1 DAGs
[2022-11-08T19:41:40.782-0300] {logging_mixin.py:117} INFO - [2022-11-08T19:41:40.782-0300] {dag.py:3324} INFO - Setting next_dagrun for tutorial to 2022-11-07T22:41:40.782096+00:00, run_after=2022-11-08T22:41:40.782096+00:00
[2022-11-08T19:41:40.820-0300] {processor.py:178} INFO - Processing /home/renato/Documentos/datapipeline/.env/lib/python3.10/site-packages/airflow/example_dags/tutorial.py took 0.116 seconds
[2022-11-08T19:42:13.678-0300] {processor.py:156} INFO - Started process (PID=14819) to work on /home/renato/Documentos/datapipeline/.env/lib/python3.10/site-packages/airflow/example_dags/tutorial.py
[2022-11-08T19:42:13.679-0300] {processor.py:758} INFO - Processing file /home/renato/Documentos/datapipeline/.env/lib/python3.10/site-packages/airflow/example_dags/tutorial.py for tasks to queue
[2022-11-08T19:42:13.679-0300] {logging_mixin.py:117} INFO - [2022-11-08T19:42:13.679-0300] {dagbag.py:525} INFO - Filling up the DagBag from /home/renato/Documentos/datapipeline/.env/lib/python3.10/site-packages/airflow/example_dags/tutorial.py
[2022-11-08T19:42:13.693-0300] {processor.py:768} INFO - DAG(s) dict_keys(['tutorial']) retrieved from /home/renato/Documentos/datapipeline/.env/lib/python3.10/site-packages/airflow/example_dags/tutorial.py
[2022-11-08T19:42:13.715-0300] {logging_mixin.py:117} INFO - [2022-11-08T19:42:13.715-0300] {dag.py:2573} INFO - Sync 1 DAGs
[2022-11-08T19:42:13.732-0300] {logging_mixin.py:117} INFO - [2022-11-08T19:42:13.732-0300] {dag.py:3324} INFO - Setting next_dagrun for tutorial to 2022-11-07T22:42:13.731930+00:00, run_after=2022-11-08T22:42:13.731930+00:00
[2022-11-08T19:42:13.755-0300] {processor.py:178} INFO - Processing /home/renato/Documentos/datapipeline/.env/lib/python3.10/site-packages/airflow/example_dags/tutorial.py took 0.079 seconds
[2022-11-08T19:42:51.791-0300] {processor.py:156} INFO - Started process (PID=14906) to work on /home/renato/Documentos/datapipeline/.env/lib/python3.10/site-packages/airflow/example_dags/tutorial.py
[2022-11-08T19:42:51.793-0300] {processor.py:758} INFO - Processing file /home/renato/Documentos/datapipeline/.env/lib/python3.10/site-packages/airflow/example_dags/tutorial.py for tasks to queue
[2022-11-08T19:42:51.794-0300] {logging_mixin.py:117} INFO - [2022-11-08T19:42:51.794-0300] {dagbag.py:525} INFO - Filling up the DagBag from /home/renato/Documentos/datapipeline/.env/lib/python3.10/site-packages/airflow/example_dags/tutorial.py
[2022-11-08T19:42:51.812-0300] {processor.py:768} INFO - DAG(s) dict_keys(['tutorial']) retrieved from /home/renato/Documentos/datapipeline/.env/lib/python3.10/site-packages/airflow/example_dags/tutorial.py
[2022-11-08T19:42:51.835-0300] {logging_mixin.py:117} INFO - [2022-11-08T19:42:51.835-0300] {dag.py:2573} INFO - Sync 1 DAGs
[2022-11-08T19:42:51.853-0300] {logging_mixin.py:117} INFO - [2022-11-08T19:42:51.853-0300] {dag.py:3324} INFO - Setting next_dagrun for tutorial to 2022-11-07T22:42:51.852914+00:00, run_after=2022-11-08T22:42:51.852914+00:00
[2022-11-08T19:42:51.877-0300] {processor.py:178} INFO - Processing /home/renato/Documentos/datapipeline/.env/lib/python3.10/site-packages/airflow/example_dags/tutorial.py took 0.090 seconds
[2022-11-08T19:43:27.794-0300] {processor.py:156} INFO - Started process (PID=15112) to work on /home/renato/Documentos/datapipeline/.env/lib/python3.10/site-packages/airflow/example_dags/tutorial.py
[2022-11-08T19:43:27.797-0300] {processor.py:758} INFO - Processing file /home/renato/Documentos/datapipeline/.env/lib/python3.10/site-packages/airflow/example_dags/tutorial.py for tasks to queue
[2022-11-08T19:43:27.798-0300] {logging_mixin.py:117} INFO - [2022-11-08T19:43:27.798-0300] {dagbag.py:525} INFO - Filling up the DagBag from /home/renato/Documentos/datapipeline/.env/lib/python3.10/site-packages/airflow/example_dags/tutorial.py
[2022-11-08T19:43:27.819-0300] {processor.py:768} INFO - DAG(s) dict_keys(['tutorial']) retrieved from /home/renato/Documentos/datapipeline/.env/lib/python3.10/site-packages/airflow/example_dags/tutorial.py
[2022-11-08T19:43:27.839-0300] {logging_mixin.py:117} INFO - [2022-11-08T19:43:27.839-0300] {dag.py:2573} INFO - Sync 1 DAGs
[2022-11-08T19:43:27.855-0300] {logging_mixin.py:117} INFO - [2022-11-08T19:43:27.855-0300] {dag.py:3324} INFO - Setting next_dagrun for tutorial to 2022-11-07T22:43:27.854970+00:00, run_after=2022-11-08T22:43:27.854970+00:00
[2022-11-08T19:43:27.878-0300] {processor.py:178} INFO - Processing /home/renato/Documentos/datapipeline/.env/lib/python3.10/site-packages/airflow/example_dags/tutorial.py took 0.089 seconds
[2022-11-08T19:44:07.245-0300] {processor.py:156} INFO - Started process (PID=15189) to work on /home/renato/Documentos/datapipeline/.env/lib/python3.10/site-packages/airflow/example_dags/tutorial.py
[2022-11-08T19:44:07.250-0300] {processor.py:758} INFO - Processing file /home/renato/Documentos/datapipeline/.env/lib/python3.10/site-packages/airflow/example_dags/tutorial.py for tasks to queue
[2022-11-08T19:44:07.251-0300] {logging_mixin.py:117} INFO - [2022-11-08T19:44:07.251-0300] {dagbag.py:525} INFO - Filling up the DagBag from /home/renato/Documentos/datapipeline/.env/lib/python3.10/site-packages/airflow/example_dags/tutorial.py
[2022-11-08T19:44:07.264-0300] {processor.py:768} INFO - DAG(s) dict_keys(['tutorial']) retrieved from /home/renato/Documentos/datapipeline/.env/lib/python3.10/site-packages/airflow/example_dags/tutorial.py
[2022-11-08T19:44:07.285-0300] {logging_mixin.py:117} INFO - [2022-11-08T19:44:07.285-0300] {dag.py:2573} INFO - Sync 1 DAGs
[2022-11-08T19:44:07.300-0300] {logging_mixin.py:117} INFO - [2022-11-08T19:44:07.300-0300] {dag.py:3324} INFO - Setting next_dagrun for tutorial to 2022-11-07T22:44:07.300544+00:00, run_after=2022-11-08T22:44:07.300544+00:00
[2022-11-08T19:44:07.322-0300] {processor.py:178} INFO - Processing /home/renato/Documentos/datapipeline/.env/lib/python3.10/site-packages/airflow/example_dags/tutorial.py took 0.080 seconds
[2022-11-08T19:44:48.306-0300] {processor.py:156} INFO - Started process (PID=15281) to work on /home/renato/Documentos/datapipeline/.env/lib/python3.10/site-packages/airflow/example_dags/tutorial.py
[2022-11-08T19:44:48.322-0300] {processor.py:758} INFO - Processing file /home/renato/Documentos/datapipeline/.env/lib/python3.10/site-packages/airflow/example_dags/tutorial.py for tasks to queue
[2022-11-08T19:44:48.323-0300] {logging_mixin.py:117} INFO - [2022-11-08T19:44:48.323-0300] {dagbag.py:525} INFO - Filling up the DagBag from /home/renato/Documentos/datapipeline/.env/lib/python3.10/site-packages/airflow/example_dags/tutorial.py
[2022-11-08T19:44:48.342-0300] {processor.py:768} INFO - DAG(s) dict_keys(['tutorial']) retrieved from /home/renato/Documentos/datapipeline/.env/lib/python3.10/site-packages/airflow/example_dags/tutorial.py
[2022-11-08T19:44:48.364-0300] {logging_mixin.py:117} INFO - [2022-11-08T19:44:48.364-0300] {dag.py:2573} INFO - Sync 1 DAGs
[2022-11-08T19:44:48.379-0300] {logging_mixin.py:117} INFO - [2022-11-08T19:44:48.379-0300] {dag.py:3324} INFO - Setting next_dagrun for tutorial to 2022-11-07T22:44:48.379564+00:00, run_after=2022-11-08T22:44:48.379564+00:00
[2022-11-08T19:44:48.871-0300] {processor.py:178} INFO - Processing /home/renato/Documentos/datapipeline/.env/lib/python3.10/site-packages/airflow/example_dags/tutorial.py took 0.570 seconds
[2022-11-08T19:45:49.643-0300] {processor.py:156} INFO - Started process (PID=15661) to work on /home/renato/Documentos/datapipeline/.env/lib/python3.10/site-packages/airflow/example_dags/tutorial.py
[2022-11-08T19:45:49.645-0300] {processor.py:758} INFO - Processing file /home/renato/Documentos/datapipeline/.env/lib/python3.10/site-packages/airflow/example_dags/tutorial.py for tasks to queue
[2022-11-08T19:45:49.645-0300] {logging_mixin.py:117} INFO - [2022-11-08T19:45:49.645-0300] {dagbag.py:525} INFO - Filling up the DagBag from /home/renato/Documentos/datapipeline/.env/lib/python3.10/site-packages/airflow/example_dags/tutorial.py
[2022-11-08T19:45:49.659-0300] {processor.py:768} INFO - DAG(s) dict_keys(['tutorial']) retrieved from /home/renato/Documentos/datapipeline/.env/lib/python3.10/site-packages/airflow/example_dags/tutorial.py
[2022-11-08T19:45:49.681-0300] {logging_mixin.py:117} INFO - [2022-11-08T19:45:49.681-0300] {dag.py:2573} INFO - Sync 1 DAGs
[2022-11-08T19:45:49.699-0300] {logging_mixin.py:117} INFO - [2022-11-08T19:45:49.699-0300] {dag.py:3324} INFO - Setting next_dagrun for tutorial to 2022-11-07T22:45:49.699349+00:00, run_after=2022-11-08T22:45:49.699349+00:00
[2022-11-08T19:45:49.725-0300] {processor.py:178} INFO - Processing /home/renato/Documentos/datapipeline/.env/lib/python3.10/site-packages/airflow/example_dags/tutorial.py took 0.086 seconds
[2022-11-08T19:46:29.712-0300] {processor.py:156} INFO - Started process (PID=15750) to work on /home/renato/Documentos/datapipeline/.env/lib/python3.10/site-packages/airflow/example_dags/tutorial.py
[2022-11-08T19:46:29.716-0300] {processor.py:758} INFO - Processing file /home/renato/Documentos/datapipeline/.env/lib/python3.10/site-packages/airflow/example_dags/tutorial.py for tasks to queue
[2022-11-08T19:46:29.717-0300] {logging_mixin.py:117} INFO - [2022-11-08T19:46:29.716-0300] {dagbag.py:525} INFO - Filling up the DagBag from /home/renato/Documentos/datapipeline/.env/lib/python3.10/site-packages/airflow/example_dags/tutorial.py
[2022-11-08T19:46:29.735-0300] {processor.py:768} INFO - DAG(s) dict_keys(['tutorial']) retrieved from /home/renato/Documentos/datapipeline/.env/lib/python3.10/site-packages/airflow/example_dags/tutorial.py
[2022-11-08T19:46:29.763-0300] {logging_mixin.py:117} INFO - [2022-11-08T19:46:29.762-0300] {dag.py:2573} INFO - Sync 1 DAGs
[2022-11-08T19:46:29.784-0300] {logging_mixin.py:117} INFO - [2022-11-08T19:46:29.784-0300] {dag.py:3324} INFO - Setting next_dagrun for tutorial to 2022-11-07T22:46:29.783894+00:00, run_after=2022-11-08T22:46:29.783894+00:00
[2022-11-08T19:46:29.809-0300] {processor.py:178} INFO - Processing /home/renato/Documentos/datapipeline/.env/lib/python3.10/site-packages/airflow/example_dags/tutorial.py took 0.100 seconds
[2022-11-08T19:47:05.675-0300] {processor.py:156} INFO - Started process (PID=15839) to work on /home/renato/Documentos/datapipeline/.env/lib/python3.10/site-packages/airflow/example_dags/tutorial.py
[2022-11-08T19:47:05.680-0300] {processor.py:758} INFO - Processing file /home/renato/Documentos/datapipeline/.env/lib/python3.10/site-packages/airflow/example_dags/tutorial.py for tasks to queue
[2022-11-08T19:47:05.681-0300] {logging_mixin.py:117} INFO - [2022-11-08T19:47:05.681-0300] {dagbag.py:525} INFO - Filling up the DagBag from /home/renato/Documentos/datapipeline/.env/lib/python3.10/site-packages/airflow/example_dags/tutorial.py
[2022-11-08T19:47:05.704-0300] {processor.py:768} INFO - DAG(s) dict_keys(['tutorial']) retrieved from /home/renato/Documentos/datapipeline/.env/lib/python3.10/site-packages/airflow/example_dags/tutorial.py
[2022-11-08T19:47:05.726-0300] {logging_mixin.py:117} INFO - [2022-11-08T19:47:05.726-0300] {dag.py:2573} INFO - Sync 1 DAGs
[2022-11-08T19:47:05.744-0300] {logging_mixin.py:117} INFO - [2022-11-08T19:47:05.743-0300] {dag.py:3324} INFO - Setting next_dagrun for tutorial to 2022-11-07T22:47:05.743771+00:00, run_after=2022-11-08T22:47:05.743771+00:00
[2022-11-08T19:47:05.768-0300] {processor.py:178} INFO - Processing /home/renato/Documentos/datapipeline/.env/lib/python3.10/site-packages/airflow/example_dags/tutorial.py took 0.097 seconds
[2022-11-08T19:48:03.419-0300] {processor.py:156} INFO - Started process (PID=16181) to work on /home/renato/Documentos/datapipeline/.env/lib/python3.10/site-packages/airflow/example_dags/tutorial.py
[2022-11-08T19:48:03.422-0300] {processor.py:758} INFO - Processing file /home/renato/Documentos/datapipeline/.env/lib/python3.10/site-packages/airflow/example_dags/tutorial.py for tasks to queue
[2022-11-08T19:48:03.423-0300] {logging_mixin.py:117} INFO - [2022-11-08T19:48:03.422-0300] {dagbag.py:525} INFO - Filling up the DagBag from /home/renato/Documentos/datapipeline/.env/lib/python3.10/site-packages/airflow/example_dags/tutorial.py
[2022-11-08T19:48:03.440-0300] {processor.py:768} INFO - DAG(s) dict_keys(['tutorial']) retrieved from /home/renato/Documentos/datapipeline/.env/lib/python3.10/site-packages/airflow/example_dags/tutorial.py
[2022-11-08T19:48:03.462-0300] {logging_mixin.py:117} INFO - [2022-11-08T19:48:03.462-0300] {dag.py:2573} INFO - Sync 1 DAGs
[2022-11-08T19:48:03.482-0300] {logging_mixin.py:117} INFO - [2022-11-08T19:48:03.482-0300] {dag.py:3324} INFO - Setting next_dagrun for tutorial to 2022-11-07T22:48:03.481844+00:00, run_after=2022-11-08T22:48:03.481844+00:00
[2022-11-08T19:48:03.513-0300] {processor.py:178} INFO - Processing /home/renato/Documentos/datapipeline/.env/lib/python3.10/site-packages/airflow/example_dags/tutorial.py took 0.100 seconds
[2022-11-08T19:48:49.510-0300] {processor.py:156} INFO - Started process (PID=16422) to work on /home/renato/Documentos/datapipeline/.env/lib/python3.10/site-packages/airflow/example_dags/tutorial.py
[2022-11-08T19:48:49.778-0300] {processor.py:758} INFO - Processing file /home/renato/Documentos/datapipeline/.env/lib/python3.10/site-packages/airflow/example_dags/tutorial.py for tasks to queue
[2022-11-08T19:48:49.779-0300] {logging_mixin.py:117} INFO - [2022-11-08T19:48:49.778-0300] {dagbag.py:525} INFO - Filling up the DagBag from /home/renato/Documentos/datapipeline/.env/lib/python3.10/site-packages/airflow/example_dags/tutorial.py
[2022-11-08T19:48:49.795-0300] {processor.py:768} INFO - DAG(s) dict_keys(['tutorial']) retrieved from /home/renato/Documentos/datapipeline/.env/lib/python3.10/site-packages/airflow/example_dags/tutorial.py
[2022-11-08T19:48:49.819-0300] {logging_mixin.py:117} INFO - [2022-11-08T19:48:49.819-0300] {dag.py:2573} INFO - Sync 1 DAGs
[2022-11-08T19:48:49.839-0300] {logging_mixin.py:117} INFO - [2022-11-08T19:48:49.839-0300] {dag.py:3324} INFO - Setting next_dagrun for tutorial to 2022-11-07T22:48:49.839317+00:00, run_after=2022-11-08T22:48:49.839317+00:00
[2022-11-08T19:48:50.588-0300] {processor.py:178} INFO - Processing /home/renato/Documentos/datapipeline/.env/lib/python3.10/site-packages/airflow/example_dags/tutorial.py took 1.081 seconds
[2022-11-08T19:50:33.189-0300] {processor.py:156} INFO - Started process (PID=17121) to work on /home/renato/Documentos/datapipeline/.env/lib/python3.10/site-packages/airflow/example_dags/tutorial.py
[2022-11-08T19:50:33.195-0300] {processor.py:758} INFO - Processing file /home/renato/Documentos/datapipeline/.env/lib/python3.10/site-packages/airflow/example_dags/tutorial.py for tasks to queue
[2022-11-08T19:50:33.196-0300] {logging_mixin.py:117} INFO - [2022-11-08T19:50:33.196-0300] {dagbag.py:525} INFO - Filling up the DagBag from /home/renato/Documentos/datapipeline/.env/lib/python3.10/site-packages/airflow/example_dags/tutorial.py
[2022-11-08T19:50:33.214-0300] {processor.py:768} INFO - DAG(s) dict_keys(['tutorial']) retrieved from /home/renato/Documentos/datapipeline/.env/lib/python3.10/site-packages/airflow/example_dags/tutorial.py
[2022-11-08T19:50:33.240-0300] {logging_mixin.py:117} INFO - [2022-11-08T19:50:33.240-0300] {dag.py:2573} INFO - Sync 1 DAGs
[2022-11-08T19:50:33.261-0300] {logging_mixin.py:117} INFO - [2022-11-08T19:50:33.261-0300] {dag.py:3324} INFO - Setting next_dagrun for tutorial to 2022-11-07T22:50:33.261524+00:00, run_after=2022-11-08T22:50:33.261524+00:00
[2022-11-08T19:50:33.291-0300] {processor.py:178} INFO - Processing /home/renato/Documentos/datapipeline/.env/lib/python3.10/site-packages/airflow/example_dags/tutorial.py took 0.105 seconds
[2022-11-08T19:52:07.479-0300] {processor.py:156} INFO - Started process (PID=17780) to work on /home/renato/Documentos/datapipeline/.env/lib/python3.10/site-packages/airflow/example_dags/tutorial.py
[2022-11-08T19:52:07.484-0300] {processor.py:758} INFO - Processing file /home/renato/Documentos/datapipeline/.env/lib/python3.10/site-packages/airflow/example_dags/tutorial.py for tasks to queue
[2022-11-08T19:52:07.485-0300] {logging_mixin.py:117} INFO - [2022-11-08T19:52:07.485-0300] {dagbag.py:525} INFO - Filling up the DagBag from /home/renato/Documentos/datapipeline/.env/lib/python3.10/site-packages/airflow/example_dags/tutorial.py
[2022-11-08T19:52:07.505-0300] {processor.py:768} INFO - DAG(s) dict_keys(['tutorial']) retrieved from /home/renato/Documentos/datapipeline/.env/lib/python3.10/site-packages/airflow/example_dags/tutorial.py
[2022-11-08T19:52:07.533-0300] {logging_mixin.py:117} INFO - [2022-11-08T19:52:07.533-0300] {dag.py:2573} INFO - Sync 1 DAGs
[2022-11-08T19:52:07.557-0300] {logging_mixin.py:117} INFO - [2022-11-08T19:52:07.557-0300] {dag.py:3324} INFO - Setting next_dagrun for tutorial to 2022-11-07T22:52:07.556960+00:00, run_after=2022-11-08T22:52:07.556960+00:00
[2022-11-08T19:52:07.589-0300] {processor.py:178} INFO - Processing /home/renato/Documentos/datapipeline/.env/lib/python3.10/site-packages/airflow/example_dags/tutorial.py took 0.115 seconds
[2022-11-08T19:52:48.183-0300] {processor.py:156} INFO - Started process (PID=17859) to work on /home/renato/Documentos/datapipeline/.env/lib/python3.10/site-packages/airflow/example_dags/tutorial.py
[2022-11-08T19:52:48.189-0300] {processor.py:758} INFO - Processing file /home/renato/Documentos/datapipeline/.env/lib/python3.10/site-packages/airflow/example_dags/tutorial.py for tasks to queue
[2022-11-08T19:52:48.190-0300] {logging_mixin.py:117} INFO - [2022-11-08T19:52:48.189-0300] {dagbag.py:525} INFO - Filling up the DagBag from /home/renato/Documentos/datapipeline/.env/lib/python3.10/site-packages/airflow/example_dags/tutorial.py
[2022-11-08T19:52:48.211-0300] {processor.py:768} INFO - DAG(s) dict_keys(['tutorial']) retrieved from /home/renato/Documentos/datapipeline/.env/lib/python3.10/site-packages/airflow/example_dags/tutorial.py
[2022-11-08T19:52:48.233-0300] {logging_mixin.py:117} INFO - [2022-11-08T19:52:48.233-0300] {dag.py:2573} INFO - Sync 1 DAGs
[2022-11-08T19:52:48.251-0300] {logging_mixin.py:117} INFO - [2022-11-08T19:52:48.251-0300] {dag.py:3324} INFO - Setting next_dagrun for tutorial to 2022-11-07T22:52:48.251136+00:00, run_after=2022-11-08T22:52:48.251136+00:00
[2022-11-08T19:52:48.274-0300] {processor.py:178} INFO - Processing /home/renato/Documentos/datapipeline/.env/lib/python3.10/site-packages/airflow/example_dags/tutorial.py took 0.095 seconds
[2022-11-08T19:53:23.188-0300] {processor.py:156} INFO - Started process (PID=18053) to work on /home/renato/Documentos/datapipeline/.env/lib/python3.10/site-packages/airflow/example_dags/tutorial.py
[2022-11-08T19:53:23.191-0300] {processor.py:758} INFO - Processing file /home/renato/Documentos/datapipeline/.env/lib/python3.10/site-packages/airflow/example_dags/tutorial.py for tasks to queue
[2022-11-08T19:53:23.193-0300] {logging_mixin.py:117} INFO - [2022-11-08T19:53:23.192-0300] {dagbag.py:525} INFO - Filling up the DagBag from /home/renato/Documentos/datapipeline/.env/lib/python3.10/site-packages/airflow/example_dags/tutorial.py
[2022-11-08T19:53:23.225-0300] {processor.py:768} INFO - DAG(s) dict_keys(['tutorial']) retrieved from /home/renato/Documentos/datapipeline/.env/lib/python3.10/site-packages/airflow/example_dags/tutorial.py
[2022-11-08T19:53:23.256-0300] {logging_mixin.py:117} INFO - [2022-11-08T19:53:23.256-0300] {dag.py:2573} INFO - Sync 1 DAGs
[2022-11-08T19:53:23.277-0300] {logging_mixin.py:117} INFO - [2022-11-08T19:53:23.277-0300] {dag.py:3324} INFO - Setting next_dagrun for tutorial to 2022-11-07T22:53:23.277009+00:00, run_after=2022-11-08T22:53:23.277009+00:00
[2022-11-08T19:53:23.304-0300] {processor.py:178} INFO - Processing /home/renato/Documentos/datapipeline/.env/lib/python3.10/site-packages/airflow/example_dags/tutorial.py took 0.127 seconds
[2022-11-08T19:53:56.299-0300] {processor.py:156} INFO - Started process (PID=18117) to work on /home/renato/Documentos/datapipeline/.env/lib/python3.10/site-packages/airflow/example_dags/tutorial.py
[2022-11-08T19:53:56.302-0300] {processor.py:758} INFO - Processing file /home/renato/Documentos/datapipeline/.env/lib/python3.10/site-packages/airflow/example_dags/tutorial.py for tasks to queue
[2022-11-08T19:53:56.304-0300] {logging_mixin.py:117} INFO - [2022-11-08T19:53:56.304-0300] {dagbag.py:525} INFO - Filling up the DagBag from /home/renato/Documentos/datapipeline/.env/lib/python3.10/site-packages/airflow/example_dags/tutorial.py
[2022-11-08T19:53:56.324-0300] {processor.py:768} INFO - DAG(s) dict_keys(['tutorial']) retrieved from /home/renato/Documentos/datapipeline/.env/lib/python3.10/site-packages/airflow/example_dags/tutorial.py
[2022-11-08T19:53:56.350-0300] {logging_mixin.py:117} INFO - [2022-11-08T19:53:56.350-0300] {dag.py:2573} INFO - Sync 1 DAGs
[2022-11-08T19:53:56.367-0300] {logging_mixin.py:117} INFO - [2022-11-08T19:53:56.367-0300] {dag.py:3324} INFO - Setting next_dagrun for tutorial to 2022-11-07T22:53:56.367429+00:00, run_after=2022-11-08T22:53:56.367429+00:00
[2022-11-08T19:53:56.393-0300] {processor.py:178} INFO - Processing /home/renato/Documentos/datapipeline/.env/lib/python3.10/site-packages/airflow/example_dags/tutorial.py took 0.099 seconds
[2022-11-08T19:54:34.057-0300] {processor.py:156} INFO - Started process (PID=18191) to work on /home/renato/Documentos/datapipeline/.env/lib/python3.10/site-packages/airflow/example_dags/tutorial.py
[2022-11-08T19:54:34.060-0300] {processor.py:758} INFO - Processing file /home/renato/Documentos/datapipeline/.env/lib/python3.10/site-packages/airflow/example_dags/tutorial.py for tasks to queue
[2022-11-08T19:54:34.061-0300] {logging_mixin.py:117} INFO - [2022-11-08T19:54:34.061-0300] {dagbag.py:525} INFO - Filling up the DagBag from /home/renato/Documentos/datapipeline/.env/lib/python3.10/site-packages/airflow/example_dags/tutorial.py
[2022-11-08T19:54:34.074-0300] {processor.py:768} INFO - DAG(s) dict_keys(['tutorial']) retrieved from /home/renato/Documentos/datapipeline/.env/lib/python3.10/site-packages/airflow/example_dags/tutorial.py
[2022-11-08T19:54:34.096-0300] {logging_mixin.py:117} INFO - [2022-11-08T19:54:34.096-0300] {dag.py:2573} INFO - Sync 1 DAGs
[2022-11-08T19:54:34.114-0300] {logging_mixin.py:117} INFO - [2022-11-08T19:54:34.113-0300] {dag.py:3324} INFO - Setting next_dagrun for tutorial to 2022-11-07T22:54:34.113665+00:00, run_after=2022-11-08T22:54:34.113665+00:00
[2022-11-08T19:54:34.139-0300] {processor.py:178} INFO - Processing /home/renato/Documentos/datapipeline/.env/lib/python3.10/site-packages/airflow/example_dags/tutorial.py took 0.084 seconds
[2022-11-08T19:55:11.892-0300] {processor.py:156} INFO - Started process (PID=18268) to work on /home/renato/Documentos/datapipeline/.env/lib/python3.10/site-packages/airflow/example_dags/tutorial.py
[2022-11-08T19:55:11.894-0300] {processor.py:758} INFO - Processing file /home/renato/Documentos/datapipeline/.env/lib/python3.10/site-packages/airflow/example_dags/tutorial.py for tasks to queue
[2022-11-08T19:55:11.895-0300] {logging_mixin.py:117} INFO - [2022-11-08T19:55:11.895-0300] {dagbag.py:525} INFO - Filling up the DagBag from /home/renato/Documentos/datapipeline/.env/lib/python3.10/site-packages/airflow/example_dags/tutorial.py
[2022-11-08T19:55:11.910-0300] {processor.py:768} INFO - DAG(s) dict_keys(['tutorial']) retrieved from /home/renato/Documentos/datapipeline/.env/lib/python3.10/site-packages/airflow/example_dags/tutorial.py
[2022-11-08T19:55:11.935-0300] {logging_mixin.py:117} INFO - [2022-11-08T19:55:11.935-0300] {dag.py:2573} INFO - Sync 1 DAGs
[2022-11-08T19:55:11.955-0300] {logging_mixin.py:117} INFO - [2022-11-08T19:55:11.955-0300] {dag.py:3324} INFO - Setting next_dagrun for tutorial to 2022-11-07T22:55:11.955119+00:00, run_after=2022-11-08T22:55:11.955119+00:00
[2022-11-08T19:55:11.979-0300] {processor.py:178} INFO - Processing /home/renato/Documentos/datapipeline/.env/lib/python3.10/site-packages/airflow/example_dags/tutorial.py took 0.090 seconds
[2022-11-08T19:55:45.815-0300] {processor.py:156} INFO - Started process (PID=18358) to work on /home/renato/Documentos/datapipeline/.env/lib/python3.10/site-packages/airflow/example_dags/tutorial.py
[2022-11-08T19:55:45.816-0300] {processor.py:758} INFO - Processing file /home/renato/Documentos/datapipeline/.env/lib/python3.10/site-packages/airflow/example_dags/tutorial.py for tasks to queue
[2022-11-08T19:55:45.816-0300] {logging_mixin.py:117} INFO - [2022-11-08T19:55:45.816-0300] {dagbag.py:525} INFO - Filling up the DagBag from /home/renato/Documentos/datapipeline/.env/lib/python3.10/site-packages/airflow/example_dags/tutorial.py
[2022-11-08T19:55:45.836-0300] {processor.py:768} INFO - DAG(s) dict_keys(['tutorial']) retrieved from /home/renato/Documentos/datapipeline/.env/lib/python3.10/site-packages/airflow/example_dags/tutorial.py
[2022-11-08T19:55:45.858-0300] {logging_mixin.py:117} INFO - [2022-11-08T19:55:45.858-0300] {dag.py:2573} INFO - Sync 1 DAGs
[2022-11-08T19:55:45.877-0300] {logging_mixin.py:117} INFO - [2022-11-08T19:55:45.877-0300] {dag.py:3324} INFO - Setting next_dagrun for tutorial to 2022-11-07T22:55:45.877497+00:00, run_after=2022-11-08T22:55:45.877497+00:00
[2022-11-08T19:55:45.902-0300] {processor.py:178} INFO - Processing /home/renato/Documentos/datapipeline/.env/lib/python3.10/site-packages/airflow/example_dags/tutorial.py took 0.092 seconds
[2022-11-08T19:56:19.937-0300] {processor.py:156} INFO - Started process (PID=18427) to work on /home/renato/Documentos/datapipeline/.env/lib/python3.10/site-packages/airflow/example_dags/tutorial.py
[2022-11-08T19:56:19.941-0300] {processor.py:758} INFO - Processing file /home/renato/Documentos/datapipeline/.env/lib/python3.10/site-packages/airflow/example_dags/tutorial.py for tasks to queue
[2022-11-08T19:56:19.942-0300] {logging_mixin.py:117} INFO - [2022-11-08T19:56:19.941-0300] {dagbag.py:525} INFO - Filling up the DagBag from /home/renato/Documentos/datapipeline/.env/lib/python3.10/site-packages/airflow/example_dags/tutorial.py
[2022-11-08T19:56:19.959-0300] {processor.py:768} INFO - DAG(s) dict_keys(['tutorial']) retrieved from /home/renato/Documentos/datapipeline/.env/lib/python3.10/site-packages/airflow/example_dags/tutorial.py
[2022-11-08T19:56:19.982-0300] {logging_mixin.py:117} INFO - [2022-11-08T19:56:19.982-0300] {dag.py:2573} INFO - Sync 1 DAGs
[2022-11-08T19:56:19.999-0300] {logging_mixin.py:117} INFO - [2022-11-08T19:56:19.999-0300] {dag.py:3324} INFO - Setting next_dagrun for tutorial to 2022-11-07T22:56:19.999192+00:00, run_after=2022-11-08T22:56:19.999192+00:00
[2022-11-08T19:56:20.024-0300] {processor.py:178} INFO - Processing /home/renato/Documentos/datapipeline/.env/lib/python3.10/site-packages/airflow/example_dags/tutorial.py took 0.092 seconds
