[2022-11-08T19:47:31.460-0300] {taskinstance.py:1165} INFO - Dependencies all met for <TaskInstance: twitter_dag.transform_twitter_aluraonline manual__2022-11-08T22:47:16.547830+00:00 [queued]>
[2022-11-08T19:47:31.465-0300] {taskinstance.py:1165} INFO - Dependencies all met for <TaskInstance: twitter_dag.transform_twitter_aluraonline manual__2022-11-08T22:47:16.547830+00:00 [queued]>
[2022-11-08T19:47:31.466-0300] {taskinstance.py:1362} INFO - 
--------------------------------------------------------------------------------
[2022-11-08T19:47:31.466-0300] {taskinstance.py:1363} INFO - Starting attempt 1 of 1
[2022-11-08T19:47:31.466-0300] {taskinstance.py:1364} INFO - 
--------------------------------------------------------------------------------
[2022-11-08T19:47:31.482-0300] {taskinstance.py:1383} INFO - Executing <Task(SparkSubmitOperator): transform_twitter_aluraonline> on 2022-11-08 22:47:16.547830+00:00
[2022-11-08T19:47:31.484-0300] {standard_task_runner.py:54} INFO - Started process 15971 to run task
[2022-11-08T19:47:31.488-0300] {standard_task_runner.py:82} INFO - Running: ['airflow', 'tasks', 'run', 'twitter_dag', 'transform_twitter_aluraonline', 'manual__2022-11-08T22:47:16.547830+00:00', '--job-id', '96', '--raw', '--subdir', 'DAGS_FOLDER/twitter_dag.py', '--cfg-path', '/tmp/tmpcr4kf87y']
[2022-11-08T19:47:31.489-0300] {standard_task_runner.py:83} INFO - Job 96: Subtask transform_twitter_aluraonline
[2022-11-08T19:47:31.489-0300] {dagbag.py:525} INFO - Filling up the DagBag from /home/renato/Documentos/datapipeline/airflow/dags/twitter_dag.py
[2022-11-08T19:47:31.536-0300] {tutorial_taskflow_api_virtualenv.py:29} WARNING - The tutorial_taskflow_api_virtualenv example DAG requires virtualenv, please install it.
[2022-11-08T19:47:31.545-0300] {taskmixin.py:205} WARNING - Dependency <Task(_PythonDecoratedOperator): print_the_context>, log_sql_query already registered for DAG: example_python_operator
[2022-11-08T19:47:31.546-0300] {taskmixin.py:205} WARNING - Dependency <Task(_PythonDecoratedOperator): log_sql_query>, print_the_context already registered for DAG: example_python_operator
[2022-11-08T19:47:31.546-0300] {taskmixin.py:205} WARNING - Dependency <Task(_PythonDecoratedOperator): print_the_context>, log_sql_query already registered for DAG: example_python_operator
[2022-11-08T19:47:31.546-0300] {taskmixin.py:205} WARNING - Dependency <Task(_PythonDecoratedOperator): log_sql_query>, print_the_context already registered for DAG: example_python_operator
[2022-11-08T19:47:31.547-0300] {taskmixin.py:205} WARNING - Dependency <Task(_PythonDecoratedOperator): print_the_context>, log_sql_query already registered for DAG: example_python_operator
[2022-11-08T19:47:31.547-0300] {taskmixin.py:205} WARNING - Dependency <Task(_PythonDecoratedOperator): log_sql_query>, print_the_context already registered for DAG: example_python_operator
[2022-11-08T19:47:31.547-0300] {taskmixin.py:205} WARNING - Dependency <Task(_PythonDecoratedOperator): print_the_context>, log_sql_query already registered for DAG: example_python_operator
[2022-11-08T19:47:31.548-0300] {taskmixin.py:205} WARNING - Dependency <Task(_PythonDecoratedOperator): log_sql_query>, print_the_context already registered for DAG: example_python_operator
[2022-11-08T19:47:31.548-0300] {example_python_operator.py:85} WARNING - The virtalenv_python example task requires virtualenv, please install it.
[2022-11-08T19:47:31.584-0300] {taskmixin.py:205} WARNING - Dependency <Task(_PythonDecoratedOperator): extract>, transform already registered for DAG: tutorial_taskflow_api
[2022-11-08T19:47:31.584-0300] {taskmixin.py:205} WARNING - Dependency <Task(_PythonDecoratedOperator): transform>, extract already registered for DAG: tutorial_taskflow_api
[2022-11-08T19:47:31.584-0300] {taskmixin.py:205} WARNING - Dependency <Task(_PythonDecoratedOperator): extract>, transform already registered for DAG: tutorial_taskflow_api
[2022-11-08T19:47:31.584-0300] {taskmixin.py:205} WARNING - Dependency <Task(_PythonDecoratedOperator): transform>, extract already registered for DAG: tutorial_taskflow_api
[2022-11-08T19:47:31.584-0300] {taskmixin.py:205} WARNING - Dependency <Task(_PythonDecoratedOperator): extract>, transform already registered for DAG: tutorial_taskflow_api
[2022-11-08T19:47:31.585-0300] {taskmixin.py:205} WARNING - Dependency <Task(_PythonDecoratedOperator): transform>, extract already registered for DAG: tutorial_taskflow_api
[2022-11-08T19:47:31.585-0300] {taskmixin.py:205} WARNING - Dependency <Task(_PythonDecoratedOperator): extract>, transform already registered for DAG: tutorial_taskflow_api
[2022-11-08T19:47:31.585-0300] {taskmixin.py:205} WARNING - Dependency <Task(_PythonDecoratedOperator): transform>, extract already registered for DAG: tutorial_taskflow_api
[2022-11-08T19:47:31.585-0300] {taskmixin.py:205} WARNING - Dependency <Task(_PythonDecoratedOperator): extract>, transform already registered for DAG: tutorial_taskflow_api
[2022-11-08T19:47:31.585-0300] {taskmixin.py:205} WARNING - Dependency <Task(_PythonDecoratedOperator): transform>, extract already registered for DAG: tutorial_taskflow_api
[2022-11-08T19:47:31.585-0300] {taskmixin.py:205} WARNING - Dependency <Task(_PythonDecoratedOperator): extract>, transform already registered for DAG: tutorial_taskflow_api
[2022-11-08T19:47:31.585-0300] {taskmixin.py:205} WARNING - Dependency <Task(_PythonDecoratedOperator): transform>, extract already registered for DAG: tutorial_taskflow_api
[2022-11-08T19:47:31.586-0300] {taskmixin.py:205} WARNING - Dependency <Task(_PythonDecoratedOperator): transform>, load already registered for DAG: tutorial_taskflow_api
[2022-11-08T19:47:31.586-0300] {taskmixin.py:205} WARNING - Dependency <Task(_PythonDecoratedOperator): load>, transform already registered for DAG: tutorial_taskflow_api
[2022-11-08T19:47:31.586-0300] {taskmixin.py:205} WARNING - Dependency <Task(_PythonDecoratedOperator): transform>, load already registered for DAG: tutorial_taskflow_api
[2022-11-08T19:47:31.586-0300] {taskmixin.py:205} WARNING - Dependency <Task(_PythonDecoratedOperator): load>, transform already registered for DAG: tutorial_taskflow_api
[2022-11-08T19:47:31.587-0300] {taskmixin.py:205} WARNING - Dependency <Task(_PythonDecoratedOperator): transform>, load already registered for DAG: tutorial_taskflow_api
[2022-11-08T19:47:31.587-0300] {taskmixin.py:205} WARNING - Dependency <Task(_PythonDecoratedOperator): load>, transform already registered for DAG: tutorial_taskflow_api
[2022-11-08T19:47:31.587-0300] {taskmixin.py:205} WARNING - Dependency <Task(_PythonDecoratedOperator): transform>, load already registered for DAG: tutorial_taskflow_api
[2022-11-08T19:47:31.587-0300] {taskmixin.py:205} WARNING - Dependency <Task(_PythonDecoratedOperator): load>, transform already registered for DAG: tutorial_taskflow_api
[2022-11-08T19:47:31.587-0300] {taskmixin.py:205} WARNING - Dependency <Task(_PythonDecoratedOperator): transform>, load already registered for DAG: tutorial_taskflow_api
[2022-11-08T19:47:31.587-0300] {taskmixin.py:205} WARNING - Dependency <Task(_PythonDecoratedOperator): load>, transform already registered for DAG: tutorial_taskflow_api
[2022-11-08T19:47:31.588-0300] {taskmixin.py:205} WARNING - Dependency <Task(_PythonDecoratedOperator): transform>, load already registered for DAG: tutorial_taskflow_api
[2022-11-08T19:47:31.588-0300] {taskmixin.py:205} WARNING - Dependency <Task(_PythonDecoratedOperator): load>, transform already registered for DAG: tutorial_taskflow_api
[2022-11-08T19:47:31.603-0300] {taskmixin.py:205} WARNING - Dependency <Task(_PythonDecoratedOperator): push_by_returning>, puller already registered for DAG: example_xcom
[2022-11-08T19:47:31.603-0300] {taskmixin.py:205} WARNING - Dependency <Task(_PythonDecoratedOperator): puller>, push_by_returning already registered for DAG: example_xcom
[2022-11-08T19:47:31.603-0300] {taskmixin.py:205} WARNING - Dependency <Task(_PythonDecoratedOperator): push_by_returning>, puller already registered for DAG: example_xcom
[2022-11-08T19:47:31.603-0300] {taskmixin.py:205} WARNING - Dependency <Task(_PythonDecoratedOperator): puller>, push_by_returning already registered for DAG: example_xcom
[2022-11-08T19:47:31.604-0300] {taskmixin.py:205} WARNING - Dependency <Task(_PythonDecoratedOperator): push_by_returning>, puller already registered for DAG: example_xcom
[2022-11-08T19:47:31.604-0300] {taskmixin.py:205} WARNING - Dependency <Task(_PythonDecoratedOperator): puller>, push_by_returning already registered for DAG: example_xcom
[2022-11-08T19:47:31.604-0300] {taskmixin.py:205} WARNING - Dependency <Task(_PythonDecoratedOperator): push_by_returning>, puller already registered for DAG: example_xcom
[2022-11-08T19:47:31.604-0300] {taskmixin.py:205} WARNING - Dependency <Task(_PythonDecoratedOperator): puller>, push_by_returning already registered for DAG: example_xcom
[2022-11-08T19:47:31.604-0300] {taskmixin.py:205} WARNING - Dependency <Task(_PythonDecoratedOperator): push_by_returning>, puller already registered for DAG: example_xcom
[2022-11-08T19:47:31.604-0300] {taskmixin.py:205} WARNING - Dependency <Task(_PythonDecoratedOperator): puller>, push_by_returning already registered for DAG: example_xcom
[2022-11-08T19:47:31.604-0300] {taskmixin.py:205} WARNING - Dependency <Task(_PythonDecoratedOperator): push_by_returning>, puller already registered for DAG: example_xcom
[2022-11-08T19:47:31.604-0300] {taskmixin.py:205} WARNING - Dependency <Task(_PythonDecoratedOperator): puller>, push_by_returning already registered for DAG: example_xcom
[2022-11-08T19:47:31.699-0300] {taskmixin.py:205} WARNING - Dependency <Task(GetRequestOperator): get_ip>, prepare_email already registered for DAG: example_dag_decorator
[2022-11-08T19:47:31.699-0300] {taskmixin.py:205} WARNING - Dependency <Task(_PythonDecoratedOperator): prepare_email>, get_ip already registered for DAG: example_dag_decorator
[2022-11-08T19:47:31.699-0300] {taskmixin.py:205} WARNING - Dependency <Task(GetRequestOperator): get_ip>, prepare_email already registered for DAG: example_dag_decorator
[2022-11-08T19:47:31.700-0300] {taskmixin.py:205} WARNING - Dependency <Task(_PythonDecoratedOperator): prepare_email>, get_ip already registered for DAG: example_dag_decorator
[2022-11-08T19:47:31.700-0300] {taskmixin.py:205} WARNING - Dependency <Task(GetRequestOperator): get_ip>, prepare_email already registered for DAG: example_dag_decorator
[2022-11-08T19:47:31.700-0300] {taskmixin.py:205} WARNING - Dependency <Task(_PythonDecoratedOperator): prepare_email>, get_ip already registered for DAG: example_dag_decorator
[2022-11-08T19:47:31.700-0300] {taskmixin.py:205} WARNING - Dependency <Task(GetRequestOperator): get_ip>, prepare_email already registered for DAG: example_dag_decorator
[2022-11-08T19:47:31.700-0300] {taskmixin.py:205} WARNING - Dependency <Task(_PythonDecoratedOperator): prepare_email>, get_ip already registered for DAG: example_dag_decorator
[2022-11-08T19:47:31.700-0300] {taskmixin.py:205} WARNING - Dependency <Task(GetRequestOperator): get_ip>, prepare_email already registered for DAG: example_dag_decorator
[2022-11-08T19:47:31.700-0300] {taskmixin.py:205} WARNING - Dependency <Task(_PythonDecoratedOperator): prepare_email>, get_ip already registered for DAG: example_dag_decorator
[2022-11-08T19:47:31.701-0300] {taskmixin.py:205} WARNING - Dependency <Task(GetRequestOperator): get_ip>, prepare_email already registered for DAG: example_dag_decorator
[2022-11-08T19:47:31.701-0300] {taskmixin.py:205} WARNING - Dependency <Task(_PythonDecoratedOperator): prepare_email>, get_ip already registered for DAG: example_dag_decorator
[2022-11-08T19:47:31.701-0300] {taskmixin.py:205} WARNING - Dependency <Task(_PythonDecoratedOperator): prepare_email>, send_email already registered for DAG: example_dag_decorator
[2022-11-08T19:47:31.701-0300] {taskmixin.py:205} WARNING - Dependency <Task(EmailOperator): send_email>, prepare_email already registered for DAG: example_dag_decorator
[2022-11-08T19:47:31.701-0300] {taskmixin.py:205} WARNING - Dependency <Task(_PythonDecoratedOperator): prepare_email>, send_email already registered for DAG: example_dag_decorator
[2022-11-08T19:47:31.702-0300] {taskmixin.py:205} WARNING - Dependency <Task(EmailOperator): send_email>, prepare_email already registered for DAG: example_dag_decorator
[2022-11-08T19:47:31.702-0300] {taskmixin.py:205} WARNING - Dependency <Task(_PythonDecoratedOperator): prepare_email>, send_email already registered for DAG: example_dag_decorator
[2022-11-08T19:47:31.702-0300] {taskmixin.py:205} WARNING - Dependency <Task(EmailOperator): send_email>, prepare_email already registered for DAG: example_dag_decorator
[2022-11-08T19:47:31.702-0300] {taskmixin.py:205} WARNING - Dependency <Task(_PythonDecoratedOperator): prepare_email>, send_email already registered for DAG: example_dag_decorator
[2022-11-08T19:47:31.702-0300] {taskmixin.py:205} WARNING - Dependency <Task(EmailOperator): send_email>, prepare_email already registered for DAG: example_dag_decorator
[2022-11-08T19:47:31.702-0300] {taskmixin.py:205} WARNING - Dependency <Task(_PythonDecoratedOperator): prepare_email>, send_email already registered for DAG: example_dag_decorator
[2022-11-08T19:47:31.702-0300] {taskmixin.py:205} WARNING - Dependency <Task(EmailOperator): send_email>, prepare_email already registered for DAG: example_dag_decorator
[2022-11-08T19:47:31.702-0300] {taskmixin.py:205} WARNING - Dependency <Task(_PythonDecoratedOperator): prepare_email>, send_email already registered for DAG: example_dag_decorator
[2022-11-08T19:47:31.702-0300] {taskmixin.py:205} WARNING - Dependency <Task(EmailOperator): send_email>, prepare_email already registered for DAG: example_dag_decorator
[2022-11-08T19:47:31.718-0300] {taskmixin.py:205} WARNING - Dependency <Task(BashOperator): create_entry_group>, delete_entry_group already registered for DAG: example_complex
[2022-11-08T19:47:31.718-0300] {taskmixin.py:205} WARNING - Dependency <Task(BashOperator): delete_entry_group>, create_entry_group already registered for DAG: example_complex
[2022-11-08T19:47:31.718-0300] {taskmixin.py:205} WARNING - Dependency <Task(BashOperator): create_entry_gcs>, delete_entry already registered for DAG: example_complex
[2022-11-08T19:47:31.719-0300] {taskmixin.py:205} WARNING - Dependency <Task(BashOperator): delete_entry>, create_entry_gcs already registered for DAG: example_complex
[2022-11-08T19:47:31.719-0300] {taskmixin.py:205} WARNING - Dependency <Task(BashOperator): create_tag>, delete_tag already registered for DAG: example_complex
[2022-11-08T19:47:31.719-0300] {taskmixin.py:205} WARNING - Dependency <Task(BashOperator): delete_tag>, create_tag already registered for DAG: example_complex
[2022-11-08T19:47:31.729-0300] {taskmixin.py:205} WARNING - Dependency <Task(_PythonDecoratedOperator): task_group_function.task_1>, task_group_function.task_2 already registered for DAG: example_task_group_decorator
[2022-11-08T19:47:31.729-0300] {taskmixin.py:205} WARNING - Dependency <Task(_PythonDecoratedOperator): task_group_function.task_2>, task_group_function.task_1 already registered for DAG: example_task_group_decorator
[2022-11-08T19:47:31.730-0300] {taskmixin.py:205} WARNING - Dependency <Task(_PythonDecoratedOperator): task_group_function.task_1>, task_group_function.task_2 already registered for DAG: example_task_group_decorator
[2022-11-08T19:47:31.730-0300] {taskmixin.py:205} WARNING - Dependency <Task(_PythonDecoratedOperator): task_group_function.task_2>, task_group_function.task_1 already registered for DAG: example_task_group_decorator
[2022-11-08T19:47:31.730-0300] {taskmixin.py:205} WARNING - Dependency <Task(_PythonDecoratedOperator): task_group_function.task_1>, task_group_function.task_2 already registered for DAG: example_task_group_decorator
[2022-11-08T19:47:31.730-0300] {taskmixin.py:205} WARNING - Dependency <Task(_PythonDecoratedOperator): task_group_function.task_2>, task_group_function.task_1 already registered for DAG: example_task_group_decorator
[2022-11-08T19:47:31.730-0300] {taskmixin.py:205} WARNING - Dependency <Task(_PythonDecoratedOperator): task_group_function.task_1>, task_group_function.task_2 already registered for DAG: example_task_group_decorator
[2022-11-08T19:47:31.730-0300] {taskmixin.py:205} WARNING - Dependency <Task(_PythonDecoratedOperator): task_group_function.task_2>, task_group_function.task_1 already registered for DAG: example_task_group_decorator
[2022-11-08T19:47:31.730-0300] {taskmixin.py:205} WARNING - Dependency <Task(_PythonDecoratedOperator): task_group_function.task_1>, task_group_function.task_2 already registered for DAG: example_task_group_decorator
[2022-11-08T19:47:31.731-0300] {taskmixin.py:205} WARNING - Dependency <Task(_PythonDecoratedOperator): task_group_function.task_2>, task_group_function.task_1 already registered for DAG: example_task_group_decorator
[2022-11-08T19:47:31.731-0300] {taskmixin.py:205} WARNING - Dependency <Task(_PythonDecoratedOperator): task_group_function.task_1>, task_group_function.task_2 already registered for DAG: example_task_group_decorator
[2022-11-08T19:47:31.731-0300] {taskmixin.py:205} WARNING - Dependency <Task(_PythonDecoratedOperator): task_group_function.task_2>, task_group_function.task_1 already registered for DAG: example_task_group_decorator
[2022-11-08T19:47:31.731-0300] {taskmixin.py:205} WARNING - Dependency <Task(_PythonDecoratedOperator): task_group_function.task_2>, task_group_function.task_3 already registered for DAG: example_task_group_decorator
[2022-11-08T19:47:31.731-0300] {taskmixin.py:205} WARNING - Dependency <Task(_PythonDecoratedOperator): task_group_function.task_3>, task_group_function.task_2 already registered for DAG: example_task_group_decorator
[2022-11-08T19:47:31.732-0300] {taskmixin.py:205} WARNING - Dependency <Task(_PythonDecoratedOperator): task_group_function.task_2>, task_group_function.task_3 already registered for DAG: example_task_group_decorator
[2022-11-08T19:47:31.732-0300] {taskmixin.py:205} WARNING - Dependency <Task(_PythonDecoratedOperator): task_group_function.task_3>, task_group_function.task_2 already registered for DAG: example_task_group_decorator
[2022-11-08T19:47:31.732-0300] {taskmixin.py:205} WARNING - Dependency <Task(_PythonDecoratedOperator): task_group_function.task_2>, task_group_function.task_3 already registered for DAG: example_task_group_decorator
[2022-11-08T19:47:31.732-0300] {taskmixin.py:205} WARNING - Dependency <Task(_PythonDecoratedOperator): task_group_function.task_3>, task_group_function.task_2 already registered for DAG: example_task_group_decorator
[2022-11-08T19:47:31.732-0300] {taskmixin.py:205} WARNING - Dependency <Task(_PythonDecoratedOperator): task_group_function.task_2>, task_group_function.task_3 already registered for DAG: example_task_group_decorator
[2022-11-08T19:47:31.732-0300] {taskmixin.py:205} WARNING - Dependency <Task(_PythonDecoratedOperator): task_group_function.task_3>, task_group_function.task_2 already registered for DAG: example_task_group_decorator
[2022-11-08T19:47:31.732-0300] {taskmixin.py:205} WARNING - Dependency <Task(_PythonDecoratedOperator): task_group_function.task_2>, task_group_function.task_3 already registered for DAG: example_task_group_decorator
[2022-11-08T19:47:31.732-0300] {taskmixin.py:205} WARNING - Dependency <Task(_PythonDecoratedOperator): task_group_function.task_3>, task_group_function.task_2 already registered for DAG: example_task_group_decorator
[2022-11-08T19:47:31.733-0300] {taskmixin.py:205} WARNING - Dependency <Task(_PythonDecoratedOperator): task_group_function.task_2>, task_group_function.task_3 already registered for DAG: example_task_group_decorator
[2022-11-08T19:47:31.733-0300] {taskmixin.py:205} WARNING - Dependency <Task(_PythonDecoratedOperator): task_group_function.task_3>, task_group_function.task_2 already registered for DAG: example_task_group_decorator
[2022-11-08T19:47:31.734-0300] {taskmixin.py:205} WARNING - Dependency <Task(_PythonDecoratedOperator): task_group_function__1.task_1>, task_group_function__1.task_2 already registered for DAG: example_task_group_decorator
[2022-11-08T19:47:31.734-0300] {taskmixin.py:205} WARNING - Dependency <Task(_PythonDecoratedOperator): task_group_function__1.task_2>, task_group_function__1.task_1 already registered for DAG: example_task_group_decorator
[2022-11-08T19:47:31.734-0300] {taskmixin.py:205} WARNING - Dependency <Task(_PythonDecoratedOperator): task_group_function__1.task_1>, task_group_function__1.task_2 already registered for DAG: example_task_group_decorator
[2022-11-08T19:47:31.734-0300] {taskmixin.py:205} WARNING - Dependency <Task(_PythonDecoratedOperator): task_group_function__1.task_2>, task_group_function__1.task_1 already registered for DAG: example_task_group_decorator
[2022-11-08T19:47:31.734-0300] {taskmixin.py:205} WARNING - Dependency <Task(_PythonDecoratedOperator): task_group_function__1.task_1>, task_group_function__1.task_2 already registered for DAG: example_task_group_decorator
[2022-11-08T19:47:31.734-0300] {taskmixin.py:205} WARNING - Dependency <Task(_PythonDecoratedOperator): task_group_function__1.task_2>, task_group_function__1.task_1 already registered for DAG: example_task_group_decorator
[2022-11-08T19:47:31.735-0300] {taskmixin.py:205} WARNING - Dependency <Task(_PythonDecoratedOperator): task_group_function__1.task_1>, task_group_function__1.task_2 already registered for DAG: example_task_group_decorator
[2022-11-08T19:47:31.735-0300] {taskmixin.py:205} WARNING - Dependency <Task(_PythonDecoratedOperator): task_group_function__1.task_2>, task_group_function__1.task_1 already registered for DAG: example_task_group_decorator
[2022-11-08T19:47:31.735-0300] {taskmixin.py:205} WARNING - Dependency <Task(_PythonDecoratedOperator): task_group_function__1.task_1>, task_group_function__1.task_2 already registered for DAG: example_task_group_decorator
[2022-11-08T19:47:31.735-0300] {taskmixin.py:205} WARNING - Dependency <Task(_PythonDecoratedOperator): task_group_function__1.task_2>, task_group_function__1.task_1 already registered for DAG: example_task_group_decorator
[2022-11-08T19:47:31.735-0300] {taskmixin.py:205} WARNING - Dependency <Task(_PythonDecoratedOperator): task_group_function__1.task_1>, task_group_function__1.task_2 already registered for DAG: example_task_group_decorator
[2022-11-08T19:47:31.735-0300] {taskmixin.py:205} WARNING - Dependency <Task(_PythonDecoratedOperator): task_group_function__1.task_2>, task_group_function__1.task_1 already registered for DAG: example_task_group_decorator
[2022-11-08T19:47:31.736-0300] {taskmixin.py:205} WARNING - Dependency <Task(_PythonDecoratedOperator): task_group_function__1.task_2>, task_group_function__1.task_3 already registered for DAG: example_task_group_decorator
[2022-11-08T19:47:31.736-0300] {taskmixin.py:205} WARNING - Dependency <Task(_PythonDecoratedOperator): task_group_function__1.task_3>, task_group_function__1.task_2 already registered for DAG: example_task_group_decorator
[2022-11-08T19:47:31.736-0300] {taskmixin.py:205} WARNING - Dependency <Task(_PythonDecoratedOperator): task_group_function__1.task_2>, task_group_function__1.task_3 already registered for DAG: example_task_group_decorator
[2022-11-08T19:47:31.736-0300] {taskmixin.py:205} WARNING - Dependency <Task(_PythonDecoratedOperator): task_group_function__1.task_3>, task_group_function__1.task_2 already registered for DAG: example_task_group_decorator
[2022-11-08T19:47:31.736-0300] {taskmixin.py:205} WARNING - Dependency <Task(_PythonDecoratedOperator): task_group_function__1.task_2>, task_group_function__1.task_3 already registered for DAG: example_task_group_decorator
[2022-11-08T19:47:31.736-0300] {taskmixin.py:205} WARNING - Dependency <Task(_PythonDecoratedOperator): task_group_function__1.task_3>, task_group_function__1.task_2 already registered for DAG: example_task_group_decorator
[2022-11-08T19:47:31.736-0300] {taskmixin.py:205} WARNING - Dependency <Task(_PythonDecoratedOperator): task_group_function__1.task_2>, task_group_function__1.task_3 already registered for DAG: example_task_group_decorator
[2022-11-08T19:47:31.736-0300] {taskmixin.py:205} WARNING - Dependency <Task(_PythonDecoratedOperator): task_group_function__1.task_3>, task_group_function__1.task_2 already registered for DAG: example_task_group_decorator
[2022-11-08T19:47:31.737-0300] {taskmixin.py:205} WARNING - Dependency <Task(_PythonDecoratedOperator): task_group_function__1.task_2>, task_group_function__1.task_3 already registered for DAG: example_task_group_decorator
[2022-11-08T19:47:31.737-0300] {taskmixin.py:205} WARNING - Dependency <Task(_PythonDecoratedOperator): task_group_function__1.task_3>, task_group_function__1.task_2 already registered for DAG: example_task_group_decorator
[2022-11-08T19:47:31.737-0300] {taskmixin.py:205} WARNING - Dependency <Task(_PythonDecoratedOperator): task_group_function__1.task_2>, task_group_function__1.task_3 already registered for DAG: example_task_group_decorator
[2022-11-08T19:47:31.737-0300] {taskmixin.py:205} WARNING - Dependency <Task(_PythonDecoratedOperator): task_group_function__1.task_3>, task_group_function__1.task_2 already registered for DAG: example_task_group_decorator
[2022-11-08T19:47:31.738-0300] {taskmixin.py:205} WARNING - Dependency <Task(_PythonDecoratedOperator): task_group_function__2.task_1>, task_group_function__2.task_2 already registered for DAG: example_task_group_decorator
[2022-11-08T19:47:31.738-0300] {taskmixin.py:205} WARNING - Dependency <Task(_PythonDecoratedOperator): task_group_function__2.task_2>, task_group_function__2.task_1 already registered for DAG: example_task_group_decorator
[2022-11-08T19:47:31.738-0300] {taskmixin.py:205} WARNING - Dependency <Task(_PythonDecoratedOperator): task_group_function__2.task_1>, task_group_function__2.task_2 already registered for DAG: example_task_group_decorator
[2022-11-08T19:47:31.738-0300] {taskmixin.py:205} WARNING - Dependency <Task(_PythonDecoratedOperator): task_group_function__2.task_2>, task_group_function__2.task_1 already registered for DAG: example_task_group_decorator
[2022-11-08T19:47:31.738-0300] {taskmixin.py:205} WARNING - Dependency <Task(_PythonDecoratedOperator): task_group_function__2.task_1>, task_group_function__2.task_2 already registered for DAG: example_task_group_decorator
[2022-11-08T19:47:31.738-0300] {taskmixin.py:205} WARNING - Dependency <Task(_PythonDecoratedOperator): task_group_function__2.task_2>, task_group_function__2.task_1 already registered for DAG: example_task_group_decorator
[2022-11-08T19:47:31.738-0300] {taskmixin.py:205} WARNING - Dependency <Task(_PythonDecoratedOperator): task_group_function__2.task_1>, task_group_function__2.task_2 already registered for DAG: example_task_group_decorator
[2022-11-08T19:47:31.739-0300] {taskmixin.py:205} WARNING - Dependency <Task(_PythonDecoratedOperator): task_group_function__2.task_2>, task_group_function__2.task_1 already registered for DAG: example_task_group_decorator
[2022-11-08T19:47:31.739-0300] {taskmixin.py:205} WARNING - Dependency <Task(_PythonDecoratedOperator): task_group_function__2.task_1>, task_group_function__2.task_2 already registered for DAG: example_task_group_decorator
[2022-11-08T19:47:31.739-0300] {taskmixin.py:205} WARNING - Dependency <Task(_PythonDecoratedOperator): task_group_function__2.task_2>, task_group_function__2.task_1 already registered for DAG: example_task_group_decorator
[2022-11-08T19:47:31.739-0300] {taskmixin.py:205} WARNING - Dependency <Task(_PythonDecoratedOperator): task_group_function__2.task_1>, task_group_function__2.task_2 already registered for DAG: example_task_group_decorator
[2022-11-08T19:47:31.740-0300] {taskmixin.py:205} WARNING - Dependency <Task(_PythonDecoratedOperator): task_group_function__2.task_2>, task_group_function__2.task_1 already registered for DAG: example_task_group_decorator
[2022-11-08T19:47:31.740-0300] {taskmixin.py:205} WARNING - Dependency <Task(_PythonDecoratedOperator): task_group_function__2.task_2>, task_group_function__2.task_3 already registered for DAG: example_task_group_decorator
[2022-11-08T19:47:31.740-0300] {taskmixin.py:205} WARNING - Dependency <Task(_PythonDecoratedOperator): task_group_function__2.task_3>, task_group_function__2.task_2 already registered for DAG: example_task_group_decorator
[2022-11-08T19:47:31.740-0300] {taskmixin.py:205} WARNING - Dependency <Task(_PythonDecoratedOperator): task_group_function__2.task_2>, task_group_function__2.task_3 already registered for DAG: example_task_group_decorator
[2022-11-08T19:47:31.741-0300] {taskmixin.py:205} WARNING - Dependency <Task(_PythonDecoratedOperator): task_group_function__2.task_3>, task_group_function__2.task_2 already registered for DAG: example_task_group_decorator
[2022-11-08T19:47:31.741-0300] {taskmixin.py:205} WARNING - Dependency <Task(_PythonDecoratedOperator): task_group_function__2.task_2>, task_group_function__2.task_3 already registered for DAG: example_task_group_decorator
[2022-11-08T19:47:31.741-0300] {taskmixin.py:205} WARNING - Dependency <Task(_PythonDecoratedOperator): task_group_function__2.task_3>, task_group_function__2.task_2 already registered for DAG: example_task_group_decorator
[2022-11-08T19:47:31.741-0300] {taskmixin.py:205} WARNING - Dependency <Task(_PythonDecoratedOperator): task_group_function__2.task_2>, task_group_function__2.task_3 already registered for DAG: example_task_group_decorator
[2022-11-08T19:47:31.741-0300] {taskmixin.py:205} WARNING - Dependency <Task(_PythonDecoratedOperator): task_group_function__2.task_3>, task_group_function__2.task_2 already registered for DAG: example_task_group_decorator
[2022-11-08T19:47:31.741-0300] {taskmixin.py:205} WARNING - Dependency <Task(_PythonDecoratedOperator): task_group_function__2.task_2>, task_group_function__2.task_3 already registered for DAG: example_task_group_decorator
[2022-11-08T19:47:31.741-0300] {taskmixin.py:205} WARNING - Dependency <Task(_PythonDecoratedOperator): task_group_function__2.task_3>, task_group_function__2.task_2 already registered for DAG: example_task_group_decorator
[2022-11-08T19:47:31.741-0300] {taskmixin.py:205} WARNING - Dependency <Task(_PythonDecoratedOperator): task_group_function__2.task_2>, task_group_function__2.task_3 already registered for DAG: example_task_group_decorator
[2022-11-08T19:47:31.742-0300] {taskmixin.py:205} WARNING - Dependency <Task(_PythonDecoratedOperator): task_group_function__2.task_3>, task_group_function__2.task_2 already registered for DAG: example_task_group_decorator
[2022-11-08T19:47:31.743-0300] {taskmixin.py:205} WARNING - Dependency <Task(_PythonDecoratedOperator): task_group_function__3.task_1>, task_group_function__3.task_2 already registered for DAG: example_task_group_decorator
[2022-11-08T19:47:31.743-0300] {taskmixin.py:205} WARNING - Dependency <Task(_PythonDecoratedOperator): task_group_function__3.task_2>, task_group_function__3.task_1 already registered for DAG: example_task_group_decorator
[2022-11-08T19:47:31.743-0300] {taskmixin.py:205} WARNING - Dependency <Task(_PythonDecoratedOperator): task_group_function__3.task_1>, task_group_function__3.task_2 already registered for DAG: example_task_group_decorator
[2022-11-08T19:47:31.743-0300] {taskmixin.py:205} WARNING - Dependency <Task(_PythonDecoratedOperator): task_group_function__3.task_2>, task_group_function__3.task_1 already registered for DAG: example_task_group_decorator
[2022-11-08T19:47:31.743-0300] {taskmixin.py:205} WARNING - Dependency <Task(_PythonDecoratedOperator): task_group_function__3.task_1>, task_group_function__3.task_2 already registered for DAG: example_task_group_decorator
[2022-11-08T19:47:31.743-0300] {taskmixin.py:205} WARNING - Dependency <Task(_PythonDecoratedOperator): task_group_function__3.task_2>, task_group_function__3.task_1 already registered for DAG: example_task_group_decorator
[2022-11-08T19:47:31.743-0300] {taskmixin.py:205} WARNING - Dependency <Task(_PythonDecoratedOperator): task_group_function__3.task_1>, task_group_function__3.task_2 already registered for DAG: example_task_group_decorator
[2022-11-08T19:47:31.744-0300] {taskmixin.py:205} WARNING - Dependency <Task(_PythonDecoratedOperator): task_group_function__3.task_2>, task_group_function__3.task_1 already registered for DAG: example_task_group_decorator
[2022-11-08T19:47:31.744-0300] {taskmixin.py:205} WARNING - Dependency <Task(_PythonDecoratedOperator): task_group_function__3.task_1>, task_group_function__3.task_2 already registered for DAG: example_task_group_decorator
[2022-11-08T19:47:31.744-0300] {taskmixin.py:205} WARNING - Dependency <Task(_PythonDecoratedOperator): task_group_function__3.task_2>, task_group_function__3.task_1 already registered for DAG: example_task_group_decorator
[2022-11-08T19:47:31.744-0300] {taskmixin.py:205} WARNING - Dependency <Task(_PythonDecoratedOperator): task_group_function__3.task_1>, task_group_function__3.task_2 already registered for DAG: example_task_group_decorator
[2022-11-08T19:47:31.744-0300] {taskmixin.py:205} WARNING - Dependency <Task(_PythonDecoratedOperator): task_group_function__3.task_2>, task_group_function__3.task_1 already registered for DAG: example_task_group_decorator
[2022-11-08T19:47:31.744-0300] {taskmixin.py:205} WARNING - Dependency <Task(_PythonDecoratedOperator): task_group_function__3.task_2>, task_group_function__3.task_3 already registered for DAG: example_task_group_decorator
[2022-11-08T19:47:31.745-0300] {taskmixin.py:205} WARNING - Dependency <Task(_PythonDecoratedOperator): task_group_function__3.task_3>, task_group_function__3.task_2 already registered for DAG: example_task_group_decorator
[2022-11-08T19:47:31.745-0300] {taskmixin.py:205} WARNING - Dependency <Task(_PythonDecoratedOperator): task_group_function__3.task_2>, task_group_function__3.task_3 already registered for DAG: example_task_group_decorator
[2022-11-08T19:47:31.745-0300] {taskmixin.py:205} WARNING - Dependency <Task(_PythonDecoratedOperator): task_group_function__3.task_3>, task_group_function__3.task_2 already registered for DAG: example_task_group_decorator
[2022-11-08T19:47:31.745-0300] {taskmixin.py:205} WARNING - Dependency <Task(_PythonDecoratedOperator): task_group_function__3.task_2>, task_group_function__3.task_3 already registered for DAG: example_task_group_decorator
[2022-11-08T19:47:31.745-0300] {taskmixin.py:205} WARNING - Dependency <Task(_PythonDecoratedOperator): task_group_function__3.task_3>, task_group_function__3.task_2 already registered for DAG: example_task_group_decorator
[2022-11-08T19:47:31.745-0300] {taskmixin.py:205} WARNING - Dependency <Task(_PythonDecoratedOperator): task_group_function__3.task_2>, task_group_function__3.task_3 already registered for DAG: example_task_group_decorator
[2022-11-08T19:47:31.745-0300] {taskmixin.py:205} WARNING - Dependency <Task(_PythonDecoratedOperator): task_group_function__3.task_3>, task_group_function__3.task_2 already registered for DAG: example_task_group_decorator
[2022-11-08T19:47:31.746-0300] {taskmixin.py:205} WARNING - Dependency <Task(_PythonDecoratedOperator): task_group_function__3.task_2>, task_group_function__3.task_3 already registered for DAG: example_task_group_decorator
[2022-11-08T19:47:31.746-0300] {taskmixin.py:205} WARNING - Dependency <Task(_PythonDecoratedOperator): task_group_function__3.task_3>, task_group_function__3.task_2 already registered for DAG: example_task_group_decorator
[2022-11-08T19:47:31.746-0300] {taskmixin.py:205} WARNING - Dependency <Task(_PythonDecoratedOperator): task_group_function__3.task_2>, task_group_function__3.task_3 already registered for DAG: example_task_group_decorator
[2022-11-08T19:47:31.746-0300] {taskmixin.py:205} WARNING - Dependency <Task(_PythonDecoratedOperator): task_group_function__3.task_3>, task_group_function__3.task_2 already registered for DAG: example_task_group_decorator
[2022-11-08T19:47:31.747-0300] {taskmixin.py:205} WARNING - Dependency <Task(_PythonDecoratedOperator): task_group_function__4.task_1>, task_group_function__4.task_2 already registered for DAG: example_task_group_decorator
[2022-11-08T19:47:31.747-0300] {taskmixin.py:205} WARNING - Dependency <Task(_PythonDecoratedOperator): task_group_function__4.task_2>, task_group_function__4.task_1 already registered for DAG: example_task_group_decorator
[2022-11-08T19:47:31.747-0300] {taskmixin.py:205} WARNING - Dependency <Task(_PythonDecoratedOperator): task_group_function__4.task_1>, task_group_function__4.task_2 already registered for DAG: example_task_group_decorator
[2022-11-08T19:47:31.747-0300] {taskmixin.py:205} WARNING - Dependency <Task(_PythonDecoratedOperator): task_group_function__4.task_2>, task_group_function__4.task_1 already registered for DAG: example_task_group_decorator
[2022-11-08T19:47:31.747-0300] {taskmixin.py:205} WARNING - Dependency <Task(_PythonDecoratedOperator): task_group_function__4.task_1>, task_group_function__4.task_2 already registered for DAG: example_task_group_decorator
[2022-11-08T19:47:31.747-0300] {taskmixin.py:205} WARNING - Dependency <Task(_PythonDecoratedOperator): task_group_function__4.task_2>, task_group_function__4.task_1 already registered for DAG: example_task_group_decorator
[2022-11-08T19:47:31.748-0300] {taskmixin.py:205} WARNING - Dependency <Task(_PythonDecoratedOperator): task_group_function__4.task_1>, task_group_function__4.task_2 already registered for DAG: example_task_group_decorator
[2022-11-08T19:47:31.748-0300] {taskmixin.py:205} WARNING - Dependency <Task(_PythonDecoratedOperator): task_group_function__4.task_2>, task_group_function__4.task_1 already registered for DAG: example_task_group_decorator
[2022-11-08T19:47:31.748-0300] {taskmixin.py:205} WARNING - Dependency <Task(_PythonDecoratedOperator): task_group_function__4.task_1>, task_group_function__4.task_2 already registered for DAG: example_task_group_decorator
[2022-11-08T19:47:31.748-0300] {taskmixin.py:205} WARNING - Dependency <Task(_PythonDecoratedOperator): task_group_function__4.task_2>, task_group_function__4.task_1 already registered for DAG: example_task_group_decorator
[2022-11-08T19:47:31.748-0300] {taskmixin.py:205} WARNING - Dependency <Task(_PythonDecoratedOperator): task_group_function__4.task_1>, task_group_function__4.task_2 already registered for DAG: example_task_group_decorator
[2022-11-08T19:47:31.748-0300] {taskmixin.py:205} WARNING - Dependency <Task(_PythonDecoratedOperator): task_group_function__4.task_2>, task_group_function__4.task_1 already registered for DAG: example_task_group_decorator
[2022-11-08T19:47:31.749-0300] {taskmixin.py:205} WARNING - Dependency <Task(_PythonDecoratedOperator): task_group_function__4.task_2>, task_group_function__4.task_3 already registered for DAG: example_task_group_decorator
[2022-11-08T19:47:31.749-0300] {taskmixin.py:205} WARNING - Dependency <Task(_PythonDecoratedOperator): task_group_function__4.task_3>, task_group_function__4.task_2 already registered for DAG: example_task_group_decorator
[2022-11-08T19:47:31.749-0300] {taskmixin.py:205} WARNING - Dependency <Task(_PythonDecoratedOperator): task_group_function__4.task_2>, task_group_function__4.task_3 already registered for DAG: example_task_group_decorator
[2022-11-08T19:47:31.749-0300] {taskmixin.py:205} WARNING - Dependency <Task(_PythonDecoratedOperator): task_group_function__4.task_3>, task_group_function__4.task_2 already registered for DAG: example_task_group_decorator
[2022-11-08T19:47:31.749-0300] {taskmixin.py:205} WARNING - Dependency <Task(_PythonDecoratedOperator): task_group_function__4.task_2>, task_group_function__4.task_3 already registered for DAG: example_task_group_decorator
[2022-11-08T19:47:31.750-0300] {taskmixin.py:205} WARNING - Dependency <Task(_PythonDecoratedOperator): task_group_function__4.task_3>, task_group_function__4.task_2 already registered for DAG: example_task_group_decorator
[2022-11-08T19:47:31.750-0300] {taskmixin.py:205} WARNING - Dependency <Task(_PythonDecoratedOperator): task_group_function__4.task_2>, task_group_function__4.task_3 already registered for DAG: example_task_group_decorator
[2022-11-08T19:47:31.750-0300] {taskmixin.py:205} WARNING - Dependency <Task(_PythonDecoratedOperator): task_group_function__4.task_3>, task_group_function__4.task_2 already registered for DAG: example_task_group_decorator
[2022-11-08T19:47:31.750-0300] {taskmixin.py:205} WARNING - Dependency <Task(_PythonDecoratedOperator): task_group_function__4.task_2>, task_group_function__4.task_3 already registered for DAG: example_task_group_decorator
[2022-11-08T19:47:31.750-0300] {taskmixin.py:205} WARNING - Dependency <Task(_PythonDecoratedOperator): task_group_function__4.task_3>, task_group_function__4.task_2 already registered for DAG: example_task_group_decorator
[2022-11-08T19:47:31.750-0300] {taskmixin.py:205} WARNING - Dependency <Task(_PythonDecoratedOperator): task_group_function__4.task_2>, task_group_function__4.task_3 already registered for DAG: example_task_group_decorator
[2022-11-08T19:47:31.750-0300] {taskmixin.py:205} WARNING - Dependency <Task(_PythonDecoratedOperator): task_group_function__4.task_3>, task_group_function__4.task_2 already registered for DAG: example_task_group_decorator
[2022-11-08T19:47:31.753-0300] {example_kubernetes_executor.py:41} WARNING - The example_kubernetes_executor example DAG requires the kubernetes provider. Please install it with: pip install apache-airflow[cncf.kubernetes]
[2022-11-08T19:47:31.754-0300] {example_local_kubernetes_executor.py:39} WARNING - Could not import DAGs in example_local_kubernetes_executor.py
Traceback (most recent call last):
  File "/home/renato/Documentos/datapipeline/.env/lib/python3.10/site-packages/airflow/example_dags/example_local_kubernetes_executor.py", line 37, in <module>
    from kubernetes.client import models as k8s
ModuleNotFoundError: No module named 'kubernetes'
[2022-11-08T19:47:31.754-0300] {example_local_kubernetes_executor.py:40} WARNING - Install Kubernetes dependencies with: pip install apache-airflow[cncf.kubernetes]
[2022-11-08T19:47:31.760-0300] {taskmixin.py:205} WARNING - Dependency <Task(_PythonDecoratedOperator): generate_value>, print_value already registered for DAG: example_xcom_args
[2022-11-08T19:47:31.761-0300] {taskmixin.py:205} WARNING - Dependency <Task(_PythonDecoratedOperator): print_value>, generate_value already registered for DAG: example_xcom_args
[2022-11-08T19:47:31.761-0300] {taskmixin.py:205} WARNING - Dependency <Task(_PythonDecoratedOperator): generate_value>, print_value already registered for DAG: example_xcom_args
[2022-11-08T19:47:31.761-0300] {taskmixin.py:205} WARNING - Dependency <Task(_PythonDecoratedOperator): print_value>, generate_value already registered for DAG: example_xcom_args
[2022-11-08T19:47:31.761-0300] {taskmixin.py:205} WARNING - Dependency <Task(_PythonDecoratedOperator): generate_value>, print_value already registered for DAG: example_xcom_args
[2022-11-08T19:47:31.761-0300] {taskmixin.py:205} WARNING - Dependency <Task(_PythonDecoratedOperator): print_value>, generate_value already registered for DAG: example_xcom_args
[2022-11-08T19:47:31.761-0300] {taskmixin.py:205} WARNING - Dependency <Task(_PythonDecoratedOperator): generate_value>, print_value already registered for DAG: example_xcom_args
[2022-11-08T19:47:31.762-0300] {taskmixin.py:205} WARNING - Dependency <Task(_PythonDecoratedOperator): print_value>, generate_value already registered for DAG: example_xcom_args
[2022-11-08T19:47:31.762-0300] {taskmixin.py:205} WARNING - Dependency <Task(_PythonDecoratedOperator): generate_value>, print_value already registered for DAG: example_xcom_args
[2022-11-08T19:47:31.762-0300] {taskmixin.py:205} WARNING - Dependency <Task(_PythonDecoratedOperator): print_value>, generate_value already registered for DAG: example_xcom_args
[2022-11-08T19:47:31.762-0300] {taskmixin.py:205} WARNING - Dependency <Task(_PythonDecoratedOperator): generate_value>, print_value already registered for DAG: example_xcom_args
[2022-11-08T19:47:31.762-0300] {taskmixin.py:205} WARNING - Dependency <Task(_PythonDecoratedOperator): print_value>, generate_value already registered for DAG: example_xcom_args
[2022-11-08T19:47:31.807-0300] {task_command.py:384} INFO - Running <TaskInstance: twitter_dag.transform_twitter_aluraonline manual__2022-11-08T22:47:16.547830+00:00 [running]> on host renato-Virtual-Machine
[2022-11-08T19:47:31.866-0300] {taskinstance.py:1590} INFO - Exporting the following env vars:
AIRFLOW_CTX_DAG_OWNER=airflow
AIRFLOW_CTX_DAG_ID=twitter_dag
AIRFLOW_CTX_TASK_ID=transform_twitter_aluraonline
AIRFLOW_CTX_EXECUTION_DATE=2022-11-08T22:47:16.547830+00:00
AIRFLOW_CTX_TRY_NUMBER=1
AIRFLOW_CTX_DAG_RUN_ID=manual__2022-11-08T22:47:16.547830+00:00
[2022-11-08T19:47:31.870-0300] {base.py:71} INFO - Using connection ID 'spark_default' for task execution.
[2022-11-08T19:47:31.872-0300] {spark_submit.py:334} INFO - Spark-Submit cmd: /home/renato/Documentos/spark-3.3.1-bin-hadoop3/bin/spark-submit --master local --name twitter_transformation /home/renato/Documentos/datapipeline/spark/transformation.py --src /home/renato/Documentos/datapipeline/datalake/bronze/twitter_aluraonline/extract_date=2022-11-08 --dest /home/renato/Documentos/datapipeline/datalake/silver/twitter_aluraonline --process-date 2022-11-08
[2022-11-08T19:47:33.383-0300] {spark_submit.py:485} INFO - 22/11/08 19:47:33 WARN Utils: Your hostname, renato-Virtual-Machine resolves to a loopback address: 127.0.1.1; using 172.17.60.246 instead (on interface eth0)
[2022-11-08T19:47:33.385-0300] {spark_submit.py:485} INFO - 22/11/08 19:47:33 WARN Utils: Set SPARK_LOCAL_IP if you need to bind to another address
[2022-11-08T19:47:34.283-0300] {spark_submit.py:485} INFO - 22/11/08 19:47:34 INFO SparkContext: Running Spark version 3.3.1
[2022-11-08T19:47:34.334-0300] {spark_submit.py:485} INFO - 22/11/08 19:47:34 WARN NativeCodeLoader: Unable to load native-hadoop library for your platform... using builtin-java classes where applicable
[2022-11-08T19:47:34.409-0300] {spark_submit.py:485} INFO - 22/11/08 19:47:34 INFO ResourceUtils: ==============================================================
[2022-11-08T19:47:34.409-0300] {spark_submit.py:485} INFO - 22/11/08 19:47:34 INFO ResourceUtils: No custom resources configured for spark.driver.
[2022-11-08T19:47:34.409-0300] {spark_submit.py:485} INFO - 22/11/08 19:47:34 INFO ResourceUtils: ==============================================================
[2022-11-08T19:47:34.410-0300] {spark_submit.py:485} INFO - 22/11/08 19:47:34 INFO SparkContext: Submitted application: twitter_transformation
[2022-11-08T19:47:34.432-0300] {spark_submit.py:485} INFO - 22/11/08 19:47:34 INFO ResourceProfile: Default ResourceProfile created, executor resources: Map(cores -> name: cores, amount: 1, script: , vendor: , memory -> name: memory, amount: 1024, script: , vendor: , offHeap -> name: offHeap, amount: 0, script: , vendor: ), task resources: Map(cpus -> name: cpus, amount: 1.0)
[2022-11-08T19:47:34.447-0300] {spark_submit.py:485} INFO - 22/11/08 19:47:34 INFO ResourceProfile: Limiting resource is cpu
[2022-11-08T19:47:34.448-0300] {spark_submit.py:485} INFO - 22/11/08 19:47:34 INFO ResourceProfileManager: Added ResourceProfile id: 0
[2022-11-08T19:47:34.504-0300] {spark_submit.py:485} INFO - 22/11/08 19:47:34 INFO SecurityManager: Changing view acls to: renato
[2022-11-08T19:47:34.507-0300] {spark_submit.py:485} INFO - 22/11/08 19:47:34 INFO SecurityManager: Changing modify acls to: renato
[2022-11-08T19:47:34.510-0300] {spark_submit.py:485} INFO - 22/11/08 19:47:34 INFO SecurityManager: Changing view acls groups to:
[2022-11-08T19:47:34.510-0300] {spark_submit.py:485} INFO - 22/11/08 19:47:34 INFO SecurityManager: Changing modify acls groups to:
[2022-11-08T19:47:34.512-0300] {spark_submit.py:485} INFO - 22/11/08 19:47:34 INFO SecurityManager: SecurityManager: authentication disabled; ui acls disabled; users  with view permissions: Set(renato); groups with view permissions: Set(); users  with modify permissions: Set(renato); groups with modify permissions: Set()
[2022-11-08T19:47:34.944-0300] {spark_submit.py:485} INFO - 22/11/08 19:47:34 INFO Utils: Successfully started service 'sparkDriver' on port 34951.
[2022-11-08T19:47:34.981-0300] {spark_submit.py:485} INFO - 22/11/08 19:47:34 INFO SparkEnv: Registering MapOutputTracker
[2022-11-08T19:47:35.036-0300] {spark_submit.py:485} INFO - 22/11/08 19:47:35 INFO SparkEnv: Registering BlockManagerMaster
[2022-11-08T19:47:35.080-0300] {spark_submit.py:485} INFO - 22/11/08 19:47:35 INFO BlockManagerMasterEndpoint: Using org.apache.spark.storage.DefaultTopologyMapper for getting topology information
[2022-11-08T19:47:35.087-0300] {spark_submit.py:485} INFO - 22/11/08 19:47:35 INFO BlockManagerMasterEndpoint: BlockManagerMasterEndpoint up
[2022-11-08T19:47:35.107-0300] {spark_submit.py:485} INFO - 22/11/08 19:47:35 INFO SparkEnv: Registering BlockManagerMasterHeartbeat
[2022-11-08T19:47:35.141-0300] {spark_submit.py:485} INFO - 22/11/08 19:47:35 INFO DiskBlockManager: Created local directory at /tmp/blockmgr-2abb1dbc-ea2d-45eb-8f8c-c0b33d214a2a
[2022-11-08T19:47:35.223-0300] {spark_submit.py:485} INFO - 22/11/08 19:47:35 INFO MemoryStore: MemoryStore started with capacity 366.3 MiB
[2022-11-08T19:47:35.244-0300] {spark_submit.py:485} INFO - 22/11/08 19:47:35 INFO SparkEnv: Registering OutputCommitCoordinator
[2022-11-08T19:47:35.498-0300] {spark_submit.py:485} INFO - 22/11/08 19:47:35 INFO Utils: Successfully started service 'SparkUI' on port 4040.
[2022-11-08T19:47:35.690-0300] {spark_submit.py:485} INFO - 22/11/08 19:47:35 INFO Executor: Starting executor ID driver on host renato-Virtual-Machine.mshome.net
[2022-11-08T19:47:35.711-0300] {spark_submit.py:485} INFO - 22/11/08 19:47:35 INFO Executor: Starting executor with user classpath (userClassPathFirst = false): ''
[2022-11-08T19:47:35.763-0300] {spark_submit.py:485} INFO - 22/11/08 19:47:35 INFO Utils: Successfully started service 'org.apache.spark.network.netty.NettyBlockTransferService' on port 34265.
[2022-11-08T19:47:35.763-0300] {spark_submit.py:485} INFO - 22/11/08 19:47:35 INFO NettyBlockTransferService: Server created on renato-Virtual-Machine.mshome.net:34265
[2022-11-08T19:47:35.763-0300] {spark_submit.py:485} INFO - 22/11/08 19:47:35 INFO BlockManager: Using org.apache.spark.storage.RandomBlockReplicationPolicy for block replication policy
[2022-11-08T19:47:35.771-0300] {spark_submit.py:485} INFO - 22/11/08 19:47:35 INFO BlockManagerMaster: Registering BlockManager BlockManagerId(driver, renato-Virtual-Machine.mshome.net, 34265, None)
[2022-11-08T19:47:35.780-0300] {spark_submit.py:485} INFO - 22/11/08 19:47:35 INFO BlockManagerMasterEndpoint: Registering block manager renato-Virtual-Machine.mshome.net:34265 with 366.3 MiB RAM, BlockManagerId(driver, renato-Virtual-Machine.mshome.net, 34265, None)
[2022-11-08T19:47:35.787-0300] {spark_submit.py:485} INFO - 22/11/08 19:47:35 INFO BlockManagerMaster: Registered BlockManager BlockManagerId(driver, renato-Virtual-Machine.mshome.net, 34265, None)
[2022-11-08T19:47:35.793-0300] {spark_submit.py:485} INFO - 22/11/08 19:47:35 INFO BlockManager: Initialized BlockManager: BlockManagerId(driver, renato-Virtual-Machine.mshome.net, 34265, None)
[2022-11-08T19:47:36.737-0300] {spark_submit.py:485} INFO - 22/11/08 19:47:36 INFO SharedState: Setting hive.metastore.warehouse.dir ('null') to the value of spark.sql.warehouse.dir.
[2022-11-08T19:47:36.747-0300] {spark_submit.py:485} INFO - 22/11/08 19:47:36 INFO SharedState: Warehouse path is 'file:/home/renato/Documentos/datapipeline/spark-warehouse'.
[2022-11-08T19:47:38.070-0300] {spark_submit.py:485} INFO - 22/11/08 19:47:38 INFO InMemoryFileIndex: It took 46 ms to list leaf files for 1 paths.
[2022-11-08T19:47:38.146-0300] {spark_submit.py:485} INFO - 22/11/08 19:47:38 INFO InMemoryFileIndex: It took 3 ms to list leaf files for 1 paths.
[2022-11-08T19:47:40.634-0300] {spark_submit.py:485} INFO - 22/11/08 19:47:40 INFO FileSourceStrategy: Pushed Filters:
[2022-11-08T19:47:40.635-0300] {spark_submit.py:485} INFO - 22/11/08 19:47:40 INFO FileSourceStrategy: Post-Scan Filters:
[2022-11-08T19:47:40.638-0300] {spark_submit.py:485} INFO - 22/11/08 19:47:40 INFO FileSourceStrategy: Output Data Schema: struct<value: string>
[2022-11-08T19:47:41.013-0300] {spark_submit.py:485} INFO - 22/11/08 19:47:41 INFO MemoryStore: Block broadcast_0 stored as values in memory (estimated size 349.6 KiB, free 366.0 MiB)
[2022-11-08T19:47:41.099-0300] {spark_submit.py:485} INFO - 22/11/08 19:47:41 INFO MemoryStore: Block broadcast_0_piece0 stored as bytes in memory (estimated size 33.9 KiB, free 365.9 MiB)
[2022-11-08T19:47:41.103-0300] {spark_submit.py:485} INFO - 22/11/08 19:47:41 INFO BlockManagerInfo: Added broadcast_0_piece0 in memory on renato-Virtual-Machine.mshome.net:34265 (size: 33.9 KiB, free: 366.3 MiB)
[2022-11-08T19:47:41.108-0300] {spark_submit.py:485} INFO - 22/11/08 19:47:41 INFO SparkContext: Created broadcast 0 from json at NativeMethodAccessorImpl.java:0
[2022-11-08T19:47:41.120-0300] {spark_submit.py:485} INFO - 22/11/08 19:47:41 INFO FileSourceScanExec: Planning scan with bin packing, max size: 4420865 bytes, open cost is considered as scanning 4194304 bytes.
[2022-11-08T19:47:41.517-0300] {spark_submit.py:485} INFO - 22/11/08 19:47:41 INFO SparkContext: Starting job: json at NativeMethodAccessorImpl.java:0
[2022-11-08T19:47:41.617-0300] {spark_submit.py:485} INFO - 22/11/08 19:47:41 INFO DAGScheduler: Got job 0 (json at NativeMethodAccessorImpl.java:0) with 1 output partitions
[2022-11-08T19:47:41.623-0300] {spark_submit.py:485} INFO - 22/11/08 19:47:41 INFO DAGScheduler: Final stage: ResultStage 0 (json at NativeMethodAccessorImpl.java:0)
[2022-11-08T19:47:41.628-0300] {spark_submit.py:485} INFO - 22/11/08 19:47:41 INFO DAGScheduler: Parents of final stage: List()
[2022-11-08T19:47:41.631-0300] {spark_submit.py:485} INFO - 22/11/08 19:47:41 INFO DAGScheduler: Missing parents: List()
[2022-11-08T19:47:41.646-0300] {spark_submit.py:485} INFO - 22/11/08 19:47:41 INFO DAGScheduler: Submitting ResultStage 0 (MapPartitionsRDD[3] at json at NativeMethodAccessorImpl.java:0), which has no missing parents
[2022-11-08T19:47:41.791-0300] {spark_submit.py:485} INFO - 22/11/08 19:47:41 INFO MemoryStore: Block broadcast_1 stored as values in memory (estimated size 14.5 KiB, free 365.9 MiB)
[2022-11-08T19:47:41.795-0300] {spark_submit.py:485} INFO - 22/11/08 19:47:41 INFO MemoryStore: Block broadcast_1_piece0 stored as bytes in memory (estimated size 7.0 KiB, free 365.9 MiB)
[2022-11-08T19:47:41.796-0300] {spark_submit.py:485} INFO - 22/11/08 19:47:41 INFO BlockManagerInfo: Added broadcast_1_piece0 in memory on renato-Virtual-Machine.mshome.net:34265 (size: 7.0 KiB, free: 366.3 MiB)
[2022-11-08T19:47:41.797-0300] {spark_submit.py:485} INFO - 22/11/08 19:47:41 INFO SparkContext: Created broadcast 1 from broadcast at DAGScheduler.scala:1513
[2022-11-08T19:47:41.812-0300] {spark_submit.py:485} INFO - 22/11/08 19:47:41 INFO DAGScheduler: Submitting 1 missing tasks from ResultStage 0 (MapPartitionsRDD[3] at json at NativeMethodAccessorImpl.java:0) (first 15 tasks are for partitions Vector(0))
[2022-11-08T19:47:41.814-0300] {spark_submit.py:485} INFO - 22/11/08 19:47:41 INFO TaskSchedulerImpl: Adding task set 0.0 with 1 tasks resource profile 0
[2022-11-08T19:47:41.882-0300] {spark_submit.py:485} INFO - 22/11/08 19:47:41 INFO TaskSetManager: Starting task 0.0 in stage 0.0 (TID 0) (renato-Virtual-Machine.mshome.net, executor driver, partition 0, PROCESS_LOCAL, 5000 bytes) taskResourceAssignments Map()
[2022-11-08T19:47:41.911-0300] {spark_submit.py:485} INFO - 22/11/08 19:47:41 INFO Executor: Running task 0.0 in stage 0.0 (TID 0)
[2022-11-08T19:47:42.318-0300] {spark_submit.py:485} INFO - 22/11/08 19:47:42 INFO FileScanRDD: Reading File path: file:///home/renato/Documentos/datapipeline/datalake/bronze/twitter_aluraonline/extract_date=2022-11-08/AluraOnline_20221108.json, range: 0-226561, partition values: [empty row]
[2022-11-08T19:47:42.682-0300] {spark_submit.py:485} INFO - 22/11/08 19:47:42 INFO CodeGenerator: Code generated in 288.270056 ms
[2022-11-08T19:47:42.806-0300] {spark_submit.py:485} INFO - 22/11/08 19:47:42 INFO Executor: Finished task 0.0 in stage 0.0 (TID 0). 2872 bytes result sent to driver
[2022-11-08T19:47:42.839-0300] {spark_submit.py:485} INFO - 22/11/08 19:47:42 INFO TaskSetManager: Finished task 0.0 in stage 0.0 (TID 0) in 965 ms on renato-Virtual-Machine.mshome.net (executor driver) (1/1)
[2022-11-08T19:47:42.856-0300] {spark_submit.py:485} INFO - 22/11/08 19:47:42 INFO TaskSchedulerImpl: Removed TaskSet 0.0, whose tasks have all completed, from pool
[2022-11-08T19:47:42.876-0300] {spark_submit.py:485} INFO - 22/11/08 19:47:42 INFO DAGScheduler: ResultStage 0 (json at NativeMethodAccessorImpl.java:0) finished in 1,184 s
[2022-11-08T19:47:42.890-0300] {spark_submit.py:485} INFO - 22/11/08 19:47:42 INFO DAGScheduler: Job 0 is finished. Cancelling potential speculative or zombie tasks for this job
[2022-11-08T19:47:42.892-0300] {spark_submit.py:485} INFO - 22/11/08 19:47:42 INFO TaskSchedulerImpl: Killing all running tasks in stage 0: Stage finished
[2022-11-08T19:47:42.898-0300] {spark_submit.py:485} INFO - 22/11/08 19:47:42 INFO DAGScheduler: Job 0 finished: json at NativeMethodAccessorImpl.java:0, took 1,375968 s
[2022-11-08T19:47:43.641-0300] {spark_submit.py:485} INFO - 22/11/08 19:47:43 INFO BlockManagerInfo: Removed broadcast_1_piece0 on renato-Virtual-Machine.mshome.net:34265 in memory (size: 7.0 KiB, free: 366.3 MiB)
[2022-11-08T19:47:43.711-0300] {spark_submit.py:485} INFO - 22/11/08 19:47:43 INFO FileSourceStrategy: Pushed Filters: IsNotNull(data)
[2022-11-08T19:47:43.714-0300] {spark_submit.py:485} INFO - 22/11/08 19:47:43 INFO FileSourceStrategy: Post-Scan Filters: (size(data#8, true) > 0),isnotnull(data#8)
[2022-11-08T19:47:43.715-0300] {spark_submit.py:485} INFO - 22/11/08 19:47:43 INFO FileSourceStrategy: Output Data Schema: struct<data: array<struct<author_id:string,conversation_id:string,created_at:string,edit_history_tweet_ids:array<string>,id:string,in_reply_to_user_id:string,public_metrics:struct<like_count:bigint,quote_count:bigint,reply_count:bigint,retweet_count:bigint>,text:string>>>
[2022-11-08T19:47:43.863-0300] {spark_submit.py:485} INFO - 22/11/08 19:47:43 INFO FileOutputCommitter: File Output Committer Algorithm version is 1
[2022-11-08T19:47:43.863-0300] {spark_submit.py:485} INFO - 22/11/08 19:47:43 INFO FileOutputCommitter: FileOutputCommitter skip cleanup _temporary folders under output directory:false, ignore cleanup failures: false
[2022-11-08T19:47:43.864-0300] {spark_submit.py:485} INFO - 22/11/08 19:47:43 INFO SQLHadoopMapReduceCommitProtocol: Using output committer class org.apache.hadoop.mapreduce.lib.output.FileOutputCommitter
[2022-11-08T19:47:44.045-0300] {spark_submit.py:485} INFO - 22/11/08 19:47:44 INFO CodeGenerator: Code generated in 95.946754 ms
[2022-11-08T19:47:44.055-0300] {spark_submit.py:485} INFO - 22/11/08 19:47:44 INFO MemoryStore: Block broadcast_2 stored as values in memory (estimated size 349.5 KiB, free 365.6 MiB)
[2022-11-08T19:47:44.067-0300] {spark_submit.py:485} INFO - 22/11/08 19:47:44 INFO MemoryStore: Block broadcast_2_piece0 stored as bytes in memory (estimated size 33.9 KiB, free 365.6 MiB)
[2022-11-08T19:47:44.070-0300] {spark_submit.py:485} INFO - 22/11/08 19:47:44 INFO BlockManagerInfo: Added broadcast_2_piece0 in memory on renato-Virtual-Machine.mshome.net:34265 (size: 33.9 KiB, free: 366.2 MiB)
[2022-11-08T19:47:44.071-0300] {spark_submit.py:485} INFO - 22/11/08 19:47:44 INFO SparkContext: Created broadcast 2 from json at NativeMethodAccessorImpl.java:0
[2022-11-08T19:47:44.076-0300] {spark_submit.py:485} INFO - 22/11/08 19:47:44 INFO FileSourceScanExec: Planning scan with bin packing, max size: 4420865 bytes, open cost is considered as scanning 4194304 bytes.
[2022-11-08T19:47:44.143-0300] {spark_submit.py:485} INFO - 22/11/08 19:47:44 INFO SparkContext: Starting job: json at NativeMethodAccessorImpl.java:0
[2022-11-08T19:47:44.145-0300] {spark_submit.py:485} INFO - 22/11/08 19:47:44 INFO DAGScheduler: Got job 1 (json at NativeMethodAccessorImpl.java:0) with 1 output partitions
[2022-11-08T19:47:44.145-0300] {spark_submit.py:485} INFO - 22/11/08 19:47:44 INFO DAGScheduler: Final stage: ResultStage 1 (json at NativeMethodAccessorImpl.java:0)
[2022-11-08T19:47:44.145-0300] {spark_submit.py:485} INFO - 22/11/08 19:47:44 INFO DAGScheduler: Parents of final stage: List()
[2022-11-08T19:47:44.145-0300] {spark_submit.py:485} INFO - 22/11/08 19:47:44 INFO DAGScheduler: Missing parents: List()
[2022-11-08T19:47:44.150-0300] {spark_submit.py:485} INFO - 22/11/08 19:47:44 INFO DAGScheduler: Submitting ResultStage 1 (CoalescedRDD[7] at json at NativeMethodAccessorImpl.java:0), which has no missing parents
[2022-11-08T19:47:44.191-0300] {spark_submit.py:485} INFO - 22/11/08 19:47:44 INFO MemoryStore: Block broadcast_3 stored as values in memory (estimated size 234.4 KiB, free 365.3 MiB)
[2022-11-08T19:47:44.199-0300] {spark_submit.py:485} INFO - 22/11/08 19:47:44 INFO MemoryStore: Block broadcast_3_piece0 stored as bytes in memory (estimated size 81.6 KiB, free 365.2 MiB)
[2022-11-08T19:47:44.199-0300] {spark_submit.py:485} INFO - 22/11/08 19:47:44 INFO BlockManagerInfo: Added broadcast_3_piece0 in memory on renato-Virtual-Machine.mshome.net:34265 (size: 81.6 KiB, free: 366.2 MiB)
[2022-11-08T19:47:44.201-0300] {spark_submit.py:485} INFO - 22/11/08 19:47:44 INFO SparkContext: Created broadcast 3 from broadcast at DAGScheduler.scala:1513
[2022-11-08T19:47:44.207-0300] {spark_submit.py:485} INFO - 22/11/08 19:47:44 INFO DAGScheduler: Submitting 1 missing tasks from ResultStage 1 (CoalescedRDD[7] at json at NativeMethodAccessorImpl.java:0) (first 15 tasks are for partitions Vector(0))
[2022-11-08T19:47:44.207-0300] {spark_submit.py:485} INFO - 22/11/08 19:47:44 INFO TaskSchedulerImpl: Adding task set 1.0 with 1 tasks resource profile 0
[2022-11-08T19:47:44.211-0300] {spark_submit.py:485} INFO - 22/11/08 19:47:44 INFO TaskSetManager: Starting task 0.0 in stage 1.0 (TID 1) (renato-Virtual-Machine.mshome.net, executor driver, partition 0, PROCESS_LOCAL, 5229 bytes) taskResourceAssignments Map()
[2022-11-08T19:47:44.215-0300] {spark_submit.py:485} INFO - 22/11/08 19:47:44 INFO Executor: Running task 0.0 in stage 1.0 (TID 1)
[2022-11-08T19:47:44.263-0300] {spark_submit.py:485} INFO - 22/11/08 19:47:44 INFO FileOutputCommitter: File Output Committer Algorithm version is 1
[2022-11-08T19:47:44.263-0300] {spark_submit.py:485} INFO - 22/11/08 19:47:44 INFO FileOutputCommitter: FileOutputCommitter skip cleanup _temporary folders under output directory:false, ignore cleanup failures: false
[2022-11-08T19:47:44.263-0300] {spark_submit.py:485} INFO - 22/11/08 19:47:44 INFO SQLHadoopMapReduceCommitProtocol: Using output committer class org.apache.hadoop.mapreduce.lib.output.FileOutputCommitter
[2022-11-08T19:47:44.313-0300] {spark_submit.py:485} INFO - 22/11/08 19:47:44 INFO FileScanRDD: Reading File path: file:///home/renato/Documentos/datapipeline/datalake/bronze/twitter_aluraonline/extract_date=2022-11-08/AluraOnline_20221108.json, range: 0-226561, partition values: [empty row]
[2022-11-08T19:47:44.341-0300] {spark_submit.py:485} INFO - 22/11/08 19:47:44 INFO CodeGenerator: Code generated in 25.73552 ms
[2022-11-08T19:47:44.371-0300] {spark_submit.py:485} INFO - 22/11/08 19:47:44 INFO CodeGenerator: Code generated in 6.806026 ms
[2022-11-08T19:47:44.484-0300] {spark_submit.py:485} INFO - 22/11/08 19:47:44 INFO FileOutputCommitter: Saved output of task 'attempt_202211081947443735635258769161208_0001_m_000000_1' to file:/home/renato/Documentos/datapipeline/datalake/silver/twitter_aluraonline/tweet/process_date=2022-11-08/_temporary/0/task_202211081947443735635258769161208_0001_m_000000
[2022-11-08T19:47:44.485-0300] {spark_submit.py:485} INFO - 22/11/08 19:47:44 INFO SparkHadoopMapRedUtil: attempt_202211081947443735635258769161208_0001_m_000000_1: Committed. Elapsed time: 1 ms.
[2022-11-08T19:47:44.491-0300] {spark_submit.py:485} INFO - 22/11/08 19:47:44 INFO Executor: Finished task 0.0 in stage 1.0 (TID 1). 2678 bytes result sent to driver
[2022-11-08T19:47:44.499-0300] {spark_submit.py:485} INFO - 22/11/08 19:47:44 INFO TaskSetManager: Finished task 0.0 in stage 1.0 (TID 1) in 289 ms on renato-Virtual-Machine.mshome.net (executor driver) (1/1)
[2022-11-08T19:47:44.499-0300] {spark_submit.py:485} INFO - 22/11/08 19:47:44 INFO TaskSchedulerImpl: Removed TaskSet 1.0, whose tasks have all completed, from pool
[2022-11-08T19:47:44.500-0300] {spark_submit.py:485} INFO - 22/11/08 19:47:44 INFO DAGScheduler: ResultStage 1 (json at NativeMethodAccessorImpl.java:0) finished in 0,352 s
[2022-11-08T19:47:44.503-0300] {spark_submit.py:485} INFO - 22/11/08 19:47:44 INFO DAGScheduler: Job 1 is finished. Cancelling potential speculative or zombie tasks for this job
[2022-11-08T19:47:44.503-0300] {spark_submit.py:485} INFO - 22/11/08 19:47:44 INFO TaskSchedulerImpl: Killing all running tasks in stage 1: Stage finished
[2022-11-08T19:47:44.506-0300] {spark_submit.py:485} INFO - 22/11/08 19:47:44 INFO DAGScheduler: Job 1 finished: json at NativeMethodAccessorImpl.java:0, took 0,362448 s
[2022-11-08T19:47:44.509-0300] {spark_submit.py:485} INFO - 22/11/08 19:47:44 INFO FileFormatWriter: Start to commit write Job b3a001e6-73d0-4dbc-bdbd-2e5124aa6ab2.
[2022-11-08T19:47:44.545-0300] {spark_submit.py:485} INFO - 22/11/08 19:47:44 INFO FileFormatWriter: Write Job b3a001e6-73d0-4dbc-bdbd-2e5124aa6ab2 committed. Elapsed time: 36 ms.
[2022-11-08T19:47:44.549-0300] {spark_submit.py:485} INFO - 22/11/08 19:47:44 INFO FileFormatWriter: Finished processing stats for write job b3a001e6-73d0-4dbc-bdbd-2e5124aa6ab2.
[2022-11-08T19:47:44.625-0300] {spark_submit.py:485} INFO - 22/11/08 19:47:44 INFO FileSourceStrategy: Pushed Filters:
[2022-11-08T19:47:44.626-0300] {spark_submit.py:485} INFO - 22/11/08 19:47:44 INFO FileSourceStrategy: Post-Scan Filters:
[2022-11-08T19:47:44.627-0300] {spark_submit.py:485} INFO - 22/11/08 19:47:44 INFO FileSourceStrategy: Output Data Schema: struct<includes: struct<users: array<struct<created_at:string,id:string,name:string,username:string>>>>
[2022-11-08T19:47:44.644-0300] {spark_submit.py:485} INFO - 22/11/08 19:47:44 INFO FileOutputCommitter: File Output Committer Algorithm version is 1
[2022-11-08T19:47:44.644-0300] {spark_submit.py:485} INFO - 22/11/08 19:47:44 INFO FileOutputCommitter: FileOutputCommitter skip cleanup _temporary folders under output directory:false, ignore cleanup failures: false
[2022-11-08T19:47:44.644-0300] {spark_submit.py:485} INFO - 22/11/08 19:47:44 INFO SQLHadoopMapReduceCommitProtocol: Using output committer class org.apache.hadoop.mapreduce.lib.output.FileOutputCommitter
[2022-11-08T19:47:44.709-0300] {spark_submit.py:485} INFO - 22/11/08 19:47:44 INFO CodeGenerator: Code generated in 30.683766 ms
[2022-11-08T19:47:44.719-0300] {spark_submit.py:485} INFO - 22/11/08 19:47:44 INFO MemoryStore: Block broadcast_4 stored as values in memory (estimated size 349.5 KiB, free 364.9 MiB)
[2022-11-08T19:47:44.745-0300] {spark_submit.py:485} INFO - 22/11/08 19:47:44 INFO MemoryStore: Block broadcast_4_piece0 stored as bytes in memory (estimated size 33.9 KiB, free 364.9 MiB)
[2022-11-08T19:47:44.755-0300] {spark_submit.py:485} INFO - 22/11/08 19:47:44 INFO BlockManagerInfo: Added broadcast_4_piece0 in memory on renato-Virtual-Machine.mshome.net:34265 (size: 33.9 KiB, free: 366.1 MiB)
[2022-11-08T19:47:44.756-0300] {spark_submit.py:485} INFO - 22/11/08 19:47:44 INFO SparkContext: Created broadcast 4 from json at NativeMethodAccessorImpl.java:0
[2022-11-08T19:47:44.757-0300] {spark_submit.py:485} INFO - 22/11/08 19:47:44 INFO FileSourceScanExec: Planning scan with bin packing, max size: 4420865 bytes, open cost is considered as scanning 4194304 bytes.
[2022-11-08T19:47:44.820-0300] {spark_submit.py:485} INFO - 22/11/08 19:47:44 INFO SparkContext: Starting job: json at NativeMethodAccessorImpl.java:0
[2022-11-08T19:47:44.821-0300] {spark_submit.py:485} INFO - 22/11/08 19:47:44 INFO DAGScheduler: Got job 2 (json at NativeMethodAccessorImpl.java:0) with 1 output partitions
[2022-11-08T19:47:44.822-0300] {spark_submit.py:485} INFO - 22/11/08 19:47:44 INFO DAGScheduler: Final stage: ResultStage 2 (json at NativeMethodAccessorImpl.java:0)
[2022-11-08T19:47:44.822-0300] {spark_submit.py:485} INFO - 22/11/08 19:47:44 INFO DAGScheduler: Parents of final stage: List()
[2022-11-08T19:47:44.822-0300] {spark_submit.py:485} INFO - 22/11/08 19:47:44 INFO DAGScheduler: Missing parents: List()
[2022-11-08T19:47:44.823-0300] {spark_submit.py:485} INFO - 22/11/08 19:47:44 INFO DAGScheduler: Submitting ResultStage 2 (CoalescedRDD[11] at json at NativeMethodAccessorImpl.java:0), which has no missing parents
[2022-11-08T19:47:44.863-0300] {spark_submit.py:485} INFO - 22/11/08 19:47:44 INFO MemoryStore: Block broadcast_5 stored as values in memory (estimated size 214.7 KiB, free 364.7 MiB)
[2022-11-08T19:47:44.875-0300] {spark_submit.py:485} INFO - 22/11/08 19:47:44 INFO MemoryStore: Block broadcast_5_piece0 stored as bytes in memory (estimated size 76.4 KiB, free 364.6 MiB)
[2022-11-08T19:47:44.875-0300] {spark_submit.py:485} INFO - 22/11/08 19:47:44 INFO BlockManagerInfo: Added broadcast_5_piece0 in memory on renato-Virtual-Machine.mshome.net:34265 (size: 76.4 KiB, free: 366.0 MiB)
[2022-11-08T19:47:44.875-0300] {spark_submit.py:485} INFO - 22/11/08 19:47:44 INFO SparkContext: Created broadcast 5 from broadcast at DAGScheduler.scala:1513
[2022-11-08T19:47:44.877-0300] {spark_submit.py:485} INFO - 22/11/08 19:47:44 INFO DAGScheduler: Submitting 1 missing tasks from ResultStage 2 (CoalescedRDD[11] at json at NativeMethodAccessorImpl.java:0) (first 15 tasks are for partitions Vector(0))
[2022-11-08T19:47:44.877-0300] {spark_submit.py:485} INFO - 22/11/08 19:47:44 INFO TaskSchedulerImpl: Adding task set 2.0 with 1 tasks resource profile 0
[2022-11-08T19:47:44.891-0300] {spark_submit.py:485} INFO - 22/11/08 19:47:44 INFO TaskSetManager: Starting task 0.0 in stage 2.0 (TID 2) (renato-Virtual-Machine.mshome.net, executor driver, partition 0, PROCESS_LOCAL, 5229 bytes) taskResourceAssignments Map()
[2022-11-08T19:47:44.891-0300] {spark_submit.py:485} INFO - 22/11/08 19:47:44 INFO Executor: Running task 0.0 in stage 2.0 (TID 2)
[2022-11-08T19:47:44.915-0300] {spark_submit.py:485} INFO - 22/11/08 19:47:44 INFO FileOutputCommitter: File Output Committer Algorithm version is 1
[2022-11-08T19:47:44.916-0300] {spark_submit.py:485} INFO - 22/11/08 19:47:44 INFO FileOutputCommitter: FileOutputCommitter skip cleanup _temporary folders under output directory:false, ignore cleanup failures: false
[2022-11-08T19:47:44.917-0300] {spark_submit.py:485} INFO - 22/11/08 19:47:44 INFO SQLHadoopMapReduceCommitProtocol: Using output committer class org.apache.hadoop.mapreduce.lib.output.FileOutputCommitter
[2022-11-08T19:47:44.988-0300] {spark_submit.py:485} INFO - 22/11/08 19:47:44 INFO FileScanRDD: Reading File path: file:///home/renato/Documentos/datapipeline/datalake/bronze/twitter_aluraonline/extract_date=2022-11-08/AluraOnline_20221108.json, range: 0-226561, partition values: [empty row]
[2022-11-08T19:47:45.046-0300] {spark_submit.py:485} INFO - 22/11/08 19:47:45 INFO CodeGenerator: Code generated in 48.795768 ms
[2022-11-08T19:47:45.090-0300] {spark_submit.py:485} INFO - 22/11/08 19:47:45 INFO FileOutputCommitter: Saved output of task 'attempt_202211081947444252776739903208588_0002_m_000000_2' to file:/home/renato/Documentos/datapipeline/datalake/silver/twitter_aluraonline/user/process_date=2022-11-08/_temporary/0/task_202211081947444252776739903208588_0002_m_000000
[2022-11-08T19:47:45.091-0300] {spark_submit.py:485} INFO - 22/11/08 19:47:45 INFO SparkHadoopMapRedUtil: attempt_202211081947444252776739903208588_0002_m_000000_2: Committed. Elapsed time: 2 ms.
[2022-11-08T19:47:45.095-0300] {spark_submit.py:485} INFO - 22/11/08 19:47:45 INFO Executor: Finished task 0.0 in stage 2.0 (TID 2). 2579 bytes result sent to driver
[2022-11-08T19:47:45.100-0300] {spark_submit.py:485} INFO - 22/11/08 19:47:45 INFO TaskSetManager: Finished task 0.0 in stage 2.0 (TID 2) in 219 ms on renato-Virtual-Machine.mshome.net (executor driver) (1/1)
[2022-11-08T19:47:45.100-0300] {spark_submit.py:485} INFO - 22/11/08 19:47:45 INFO TaskSchedulerImpl: Removed TaskSet 2.0, whose tasks have all completed, from pool
[2022-11-08T19:47:45.103-0300] {spark_submit.py:485} INFO - 22/11/08 19:47:45 INFO DAGScheduler: ResultStage 2 (json at NativeMethodAccessorImpl.java:0) finished in 0,277 s
[2022-11-08T19:47:45.104-0300] {spark_submit.py:485} INFO - 22/11/08 19:47:45 INFO DAGScheduler: Job 2 is finished. Cancelling potential speculative or zombie tasks for this job
[2022-11-08T19:47:45.104-0300] {spark_submit.py:485} INFO - 22/11/08 19:47:45 INFO TaskSchedulerImpl: Killing all running tasks in stage 2: Stage finished
[2022-11-08T19:47:45.105-0300] {spark_submit.py:485} INFO - 22/11/08 19:47:45 INFO DAGScheduler: Job 2 finished: json at NativeMethodAccessorImpl.java:0, took 0,282513 s
[2022-11-08T19:47:45.105-0300] {spark_submit.py:485} INFO - 22/11/08 19:47:45 INFO FileFormatWriter: Start to commit write Job d60cb188-8df1-4068-8706-de2042bfe6fd.
[2022-11-08T19:47:45.127-0300] {spark_submit.py:485} INFO - 22/11/08 19:47:45 INFO FileFormatWriter: Write Job d60cb188-8df1-4068-8706-de2042bfe6fd committed. Elapsed time: 23 ms.
[2022-11-08T19:47:45.134-0300] {spark_submit.py:485} INFO - 22/11/08 19:47:45 INFO FileFormatWriter: Finished processing stats for write job d60cb188-8df1-4068-8706-de2042bfe6fd.
[2022-11-08T19:47:45.169-0300] {spark_submit.py:485} INFO - 22/11/08 19:47:45 INFO SparkContext: Invoking stop() from shutdown hook
[2022-11-08T19:47:45.180-0300] {spark_submit.py:485} INFO - 22/11/08 19:47:45 INFO SparkUI: Stopped Spark web UI at http://renato-Virtual-Machine.mshome.net:4040
[2022-11-08T19:47:45.195-0300] {spark_submit.py:485} INFO - 22/11/08 19:47:45 INFO MapOutputTrackerMasterEndpoint: MapOutputTrackerMasterEndpoint stopped!
[2022-11-08T19:47:45.205-0300] {spark_submit.py:485} INFO - 22/11/08 19:47:45 INFO MemoryStore: MemoryStore cleared
[2022-11-08T19:47:45.205-0300] {spark_submit.py:485} INFO - 22/11/08 19:47:45 INFO BlockManager: BlockManager stopped
[2022-11-08T19:47:45.209-0300] {spark_submit.py:485} INFO - 22/11/08 19:47:45 INFO BlockManagerMaster: BlockManagerMaster stopped
[2022-11-08T19:47:45.212-0300] {spark_submit.py:485} INFO - 22/11/08 19:47:45 INFO OutputCommitCoordinator$OutputCommitCoordinatorEndpoint: OutputCommitCoordinator stopped!
[2022-11-08T19:47:45.218-0300] {spark_submit.py:485} INFO - 22/11/08 19:47:45 INFO SparkContext: Successfully stopped SparkContext
[2022-11-08T19:47:45.219-0300] {spark_submit.py:485} INFO - 22/11/08 19:47:45 INFO ShutdownHookManager: Shutdown hook called
[2022-11-08T19:47:45.219-0300] {spark_submit.py:485} INFO - 22/11/08 19:47:45 INFO ShutdownHookManager: Deleting directory /tmp/spark-9bef232b-d940-4e86-9fe0-8d85e607fb52
[2022-11-08T19:47:45.222-0300] {spark_submit.py:485} INFO - 22/11/08 19:47:45 INFO ShutdownHookManager: Deleting directory /tmp/spark-fcd20f91-34c4-470c-83fc-4e7fde8c305f
[2022-11-08T19:47:45.224-0300] {spark_submit.py:485} INFO - 22/11/08 19:47:45 INFO ShutdownHookManager: Deleting directory /tmp/spark-fcd20f91-34c4-470c-83fc-4e7fde8c305f/pyspark-e0f1861e-e888-4c0b-b2b5-4bfa25d58944
[2022-11-08T19:47:45.259-0300] {taskinstance.py:1401} INFO - Marking task as SUCCESS. dag_id=twitter_dag, task_id=transform_twitter_aluraonline, execution_date=20221108T224716, start_date=20221108T224731, end_date=20221108T224745
[2022-11-08T19:47:45.315-0300] {local_task_job.py:164} INFO - Task exited with return code 0
[2022-11-08T19:47:45.330-0300] {local_task_job.py:273} INFO - 0 downstream tasks scheduled from follow-on schedule check
