[2022-11-11T00:02:36.869-0300] {taskinstance.py:1165} INFO - Dependencies all met for <TaskInstance: twitter_dag.transform_twitter_aluraonline scheduled__2022-11-07T09:00:00+00:00 [queued]>
[2022-11-11T00:02:36.886-0300] {taskinstance.py:1165} INFO - Dependencies all met for <TaskInstance: twitter_dag.transform_twitter_aluraonline scheduled__2022-11-07T09:00:00+00:00 [queued]>
[2022-11-11T00:02:36.886-0300] {taskinstance.py:1362} INFO - 
--------------------------------------------------------------------------------
[2022-11-11T00:02:36.886-0300] {taskinstance.py:1363} INFO - Starting attempt 1 of 1
[2022-11-11T00:02:36.886-0300] {taskinstance.py:1364} INFO - 
--------------------------------------------------------------------------------
[2022-11-11T00:02:36.936-0300] {taskinstance.py:1383} INFO - Executing <Task(SparkSubmitOperator): transform_twitter_aluraonline> on 2022-11-07 09:00:00+00:00
[2022-11-11T00:02:36.939-0300] {standard_task_runner.py:54} INFO - Started process 76851 to run task
[2022-11-11T00:02:36.942-0300] {standard_task_runner.py:82} INFO - Running: ['airflow', 'tasks', 'run', 'twitter_dag', 'transform_twitter_aluraonline', 'scheduled__2022-11-07T09:00:00+00:00', '--job-id', '117', '--raw', '--subdir', 'DAGS_FOLDER/twitter_dag.py', '--cfg-path', '/tmp/tmp5c50s16x']
[2022-11-11T00:02:36.943-0300] {standard_task_runner.py:83} INFO - Job 117: Subtask transform_twitter_aluraonline
[2022-11-11T00:02:36.944-0300] {dagbag.py:525} INFO - Filling up the DagBag from /home/renato/Documentos/datapipeline/airflow/dags/twitter_dag.py
[2022-11-11T00:02:37.055-0300] {tutorial_taskflow_api_virtualenv.py:29} WARNING - The tutorial_taskflow_api_virtualenv example DAG requires virtualenv, please install it.
[2022-11-11T00:02:37.075-0300] {taskmixin.py:205} WARNING - Dependency <Task(_PythonDecoratedOperator): print_the_context>, log_sql_query already registered for DAG: example_python_operator
[2022-11-11T00:02:37.075-0300] {taskmixin.py:205} WARNING - Dependency <Task(_PythonDecoratedOperator): log_sql_query>, print_the_context already registered for DAG: example_python_operator
[2022-11-11T00:02:37.075-0300] {taskmixin.py:205} WARNING - Dependency <Task(_PythonDecoratedOperator): print_the_context>, log_sql_query already registered for DAG: example_python_operator
[2022-11-11T00:02:37.076-0300] {taskmixin.py:205} WARNING - Dependency <Task(_PythonDecoratedOperator): log_sql_query>, print_the_context already registered for DAG: example_python_operator
[2022-11-11T00:02:37.076-0300] {taskmixin.py:205} WARNING - Dependency <Task(_PythonDecoratedOperator): print_the_context>, log_sql_query already registered for DAG: example_python_operator
[2022-11-11T00:02:37.076-0300] {taskmixin.py:205} WARNING - Dependency <Task(_PythonDecoratedOperator): log_sql_query>, print_the_context already registered for DAG: example_python_operator
[2022-11-11T00:02:37.077-0300] {taskmixin.py:205} WARNING - Dependency <Task(_PythonDecoratedOperator): print_the_context>, log_sql_query already registered for DAG: example_python_operator
[2022-11-11T00:02:37.077-0300] {taskmixin.py:205} WARNING - Dependency <Task(_PythonDecoratedOperator): log_sql_query>, print_the_context already registered for DAG: example_python_operator
[2022-11-11T00:02:37.085-0300] {example_python_operator.py:85} WARNING - The virtalenv_python example task requires virtualenv, please install it.
[2022-11-11T00:02:37.122-0300] {taskmixin.py:205} WARNING - Dependency <Task(_PythonDecoratedOperator): extract>, transform already registered for DAG: tutorial_taskflow_api
[2022-11-11T00:02:37.122-0300] {taskmixin.py:205} WARNING - Dependency <Task(_PythonDecoratedOperator): transform>, extract already registered for DAG: tutorial_taskflow_api
[2022-11-11T00:02:37.122-0300] {taskmixin.py:205} WARNING - Dependency <Task(_PythonDecoratedOperator): extract>, transform already registered for DAG: tutorial_taskflow_api
[2022-11-11T00:02:37.122-0300] {taskmixin.py:205} WARNING - Dependency <Task(_PythonDecoratedOperator): transform>, extract already registered for DAG: tutorial_taskflow_api
[2022-11-11T00:02:37.123-0300] {taskmixin.py:205} WARNING - Dependency <Task(_PythonDecoratedOperator): extract>, transform already registered for DAG: tutorial_taskflow_api
[2022-11-11T00:02:37.123-0300] {taskmixin.py:205} WARNING - Dependency <Task(_PythonDecoratedOperator): transform>, extract already registered for DAG: tutorial_taskflow_api
[2022-11-11T00:02:37.123-0300] {taskmixin.py:205} WARNING - Dependency <Task(_PythonDecoratedOperator): extract>, transform already registered for DAG: tutorial_taskflow_api
[2022-11-11T00:02:37.123-0300] {taskmixin.py:205} WARNING - Dependency <Task(_PythonDecoratedOperator): transform>, extract already registered for DAG: tutorial_taskflow_api
[2022-11-11T00:02:37.123-0300] {taskmixin.py:205} WARNING - Dependency <Task(_PythonDecoratedOperator): extract>, transform already registered for DAG: tutorial_taskflow_api
[2022-11-11T00:02:37.123-0300] {taskmixin.py:205} WARNING - Dependency <Task(_PythonDecoratedOperator): transform>, extract already registered for DAG: tutorial_taskflow_api
[2022-11-11T00:02:37.123-0300] {taskmixin.py:205} WARNING - Dependency <Task(_PythonDecoratedOperator): extract>, transform already registered for DAG: tutorial_taskflow_api
[2022-11-11T00:02:37.123-0300] {taskmixin.py:205} WARNING - Dependency <Task(_PythonDecoratedOperator): transform>, extract already registered for DAG: tutorial_taskflow_api
[2022-11-11T00:02:37.124-0300] {taskmixin.py:205} WARNING - Dependency <Task(_PythonDecoratedOperator): transform>, load already registered for DAG: tutorial_taskflow_api
[2022-11-11T00:02:37.124-0300] {taskmixin.py:205} WARNING - Dependency <Task(_PythonDecoratedOperator): load>, transform already registered for DAG: tutorial_taskflow_api
[2022-11-11T00:02:37.124-0300] {taskmixin.py:205} WARNING - Dependency <Task(_PythonDecoratedOperator): transform>, load already registered for DAG: tutorial_taskflow_api
[2022-11-11T00:02:37.124-0300] {taskmixin.py:205} WARNING - Dependency <Task(_PythonDecoratedOperator): load>, transform already registered for DAG: tutorial_taskflow_api
[2022-11-11T00:02:37.124-0300] {taskmixin.py:205} WARNING - Dependency <Task(_PythonDecoratedOperator): transform>, load already registered for DAG: tutorial_taskflow_api
[2022-11-11T00:02:37.124-0300] {taskmixin.py:205} WARNING - Dependency <Task(_PythonDecoratedOperator): load>, transform already registered for DAG: tutorial_taskflow_api
[2022-11-11T00:02:37.124-0300] {taskmixin.py:205} WARNING - Dependency <Task(_PythonDecoratedOperator): transform>, load already registered for DAG: tutorial_taskflow_api
[2022-11-11T00:02:37.124-0300] {taskmixin.py:205} WARNING - Dependency <Task(_PythonDecoratedOperator): load>, transform already registered for DAG: tutorial_taskflow_api
[2022-11-11T00:02:37.125-0300] {taskmixin.py:205} WARNING - Dependency <Task(_PythonDecoratedOperator): transform>, load already registered for DAG: tutorial_taskflow_api
[2022-11-11T00:02:37.125-0300] {taskmixin.py:205} WARNING - Dependency <Task(_PythonDecoratedOperator): load>, transform already registered for DAG: tutorial_taskflow_api
[2022-11-11T00:02:37.125-0300] {taskmixin.py:205} WARNING - Dependency <Task(_PythonDecoratedOperator): transform>, load already registered for DAG: tutorial_taskflow_api
[2022-11-11T00:02:37.125-0300] {taskmixin.py:205} WARNING - Dependency <Task(_PythonDecoratedOperator): load>, transform already registered for DAG: tutorial_taskflow_api
[2022-11-11T00:02:37.141-0300] {taskmixin.py:205} WARNING - Dependency <Task(_PythonDecoratedOperator): push_by_returning>, puller already registered for DAG: example_xcom
[2022-11-11T00:02:37.141-0300] {taskmixin.py:205} WARNING - Dependency <Task(_PythonDecoratedOperator): puller>, push_by_returning already registered for DAG: example_xcom
[2022-11-11T00:02:37.142-0300] {taskmixin.py:205} WARNING - Dependency <Task(_PythonDecoratedOperator): push_by_returning>, puller already registered for DAG: example_xcom
[2022-11-11T00:02:37.142-0300] {taskmixin.py:205} WARNING - Dependency <Task(_PythonDecoratedOperator): puller>, push_by_returning already registered for DAG: example_xcom
[2022-11-11T00:02:37.142-0300] {taskmixin.py:205} WARNING - Dependency <Task(_PythonDecoratedOperator): push_by_returning>, puller already registered for DAG: example_xcom
[2022-11-11T00:02:37.142-0300] {taskmixin.py:205} WARNING - Dependency <Task(_PythonDecoratedOperator): puller>, push_by_returning already registered for DAG: example_xcom
[2022-11-11T00:02:37.142-0300] {taskmixin.py:205} WARNING - Dependency <Task(_PythonDecoratedOperator): push_by_returning>, puller already registered for DAG: example_xcom
[2022-11-11T00:02:37.142-0300] {taskmixin.py:205} WARNING - Dependency <Task(_PythonDecoratedOperator): puller>, push_by_returning already registered for DAG: example_xcom
[2022-11-11T00:02:37.142-0300] {taskmixin.py:205} WARNING - Dependency <Task(_PythonDecoratedOperator): push_by_returning>, puller already registered for DAG: example_xcom
[2022-11-11T00:02:37.142-0300] {taskmixin.py:205} WARNING - Dependency <Task(_PythonDecoratedOperator): puller>, push_by_returning already registered for DAG: example_xcom
[2022-11-11T00:02:37.142-0300] {taskmixin.py:205} WARNING - Dependency <Task(_PythonDecoratedOperator): push_by_returning>, puller already registered for DAG: example_xcom
[2022-11-11T00:02:37.142-0300] {taskmixin.py:205} WARNING - Dependency <Task(_PythonDecoratedOperator): puller>, push_by_returning already registered for DAG: example_xcom
[2022-11-11T00:02:37.281-0300] {taskmixin.py:205} WARNING - Dependency <Task(GetRequestOperator): get_ip>, prepare_email already registered for DAG: example_dag_decorator
[2022-11-11T00:02:37.281-0300] {taskmixin.py:205} WARNING - Dependency <Task(_PythonDecoratedOperator): prepare_email>, get_ip already registered for DAG: example_dag_decorator
[2022-11-11T00:02:37.283-0300] {taskmixin.py:205} WARNING - Dependency <Task(GetRequestOperator): get_ip>, prepare_email already registered for DAG: example_dag_decorator
[2022-11-11T00:02:37.283-0300] {taskmixin.py:205} WARNING - Dependency <Task(_PythonDecoratedOperator): prepare_email>, get_ip already registered for DAG: example_dag_decorator
[2022-11-11T00:02:37.283-0300] {taskmixin.py:205} WARNING - Dependency <Task(GetRequestOperator): get_ip>, prepare_email already registered for DAG: example_dag_decorator
[2022-11-11T00:02:37.283-0300] {taskmixin.py:205} WARNING - Dependency <Task(_PythonDecoratedOperator): prepare_email>, get_ip already registered for DAG: example_dag_decorator
[2022-11-11T00:02:37.283-0300] {taskmixin.py:205} WARNING - Dependency <Task(GetRequestOperator): get_ip>, prepare_email already registered for DAG: example_dag_decorator
[2022-11-11T00:02:37.283-0300] {taskmixin.py:205} WARNING - Dependency <Task(_PythonDecoratedOperator): prepare_email>, get_ip already registered for DAG: example_dag_decorator
[2022-11-11T00:02:37.283-0300] {taskmixin.py:205} WARNING - Dependency <Task(GetRequestOperator): get_ip>, prepare_email already registered for DAG: example_dag_decorator
[2022-11-11T00:02:37.283-0300] {taskmixin.py:205} WARNING - Dependency <Task(_PythonDecoratedOperator): prepare_email>, get_ip already registered for DAG: example_dag_decorator
[2022-11-11T00:02:37.284-0300] {taskmixin.py:205} WARNING - Dependency <Task(GetRequestOperator): get_ip>, prepare_email already registered for DAG: example_dag_decorator
[2022-11-11T00:02:37.284-0300] {taskmixin.py:205} WARNING - Dependency <Task(_PythonDecoratedOperator): prepare_email>, get_ip already registered for DAG: example_dag_decorator
[2022-11-11T00:02:37.284-0300] {taskmixin.py:205} WARNING - Dependency <Task(_PythonDecoratedOperator): prepare_email>, send_email already registered for DAG: example_dag_decorator
[2022-11-11T00:02:37.284-0300] {taskmixin.py:205} WARNING - Dependency <Task(EmailOperator): send_email>, prepare_email already registered for DAG: example_dag_decorator
[2022-11-11T00:02:37.284-0300] {taskmixin.py:205} WARNING - Dependency <Task(_PythonDecoratedOperator): prepare_email>, send_email already registered for DAG: example_dag_decorator
[2022-11-11T00:02:37.285-0300] {taskmixin.py:205} WARNING - Dependency <Task(EmailOperator): send_email>, prepare_email already registered for DAG: example_dag_decorator
[2022-11-11T00:02:37.285-0300] {taskmixin.py:205} WARNING - Dependency <Task(_PythonDecoratedOperator): prepare_email>, send_email already registered for DAG: example_dag_decorator
[2022-11-11T00:02:37.285-0300] {taskmixin.py:205} WARNING - Dependency <Task(EmailOperator): send_email>, prepare_email already registered for DAG: example_dag_decorator
[2022-11-11T00:02:37.285-0300] {taskmixin.py:205} WARNING - Dependency <Task(_PythonDecoratedOperator): prepare_email>, send_email already registered for DAG: example_dag_decorator
[2022-11-11T00:02:37.285-0300] {taskmixin.py:205} WARNING - Dependency <Task(EmailOperator): send_email>, prepare_email already registered for DAG: example_dag_decorator
[2022-11-11T00:02:37.285-0300] {taskmixin.py:205} WARNING - Dependency <Task(_PythonDecoratedOperator): prepare_email>, send_email already registered for DAG: example_dag_decorator
[2022-11-11T00:02:37.290-0300] {taskmixin.py:205} WARNING - Dependency <Task(EmailOperator): send_email>, prepare_email already registered for DAG: example_dag_decorator
[2022-11-11T00:02:37.290-0300] {taskmixin.py:205} WARNING - Dependency <Task(_PythonDecoratedOperator): prepare_email>, send_email already registered for DAG: example_dag_decorator
[2022-11-11T00:02:37.290-0300] {taskmixin.py:205} WARNING - Dependency <Task(EmailOperator): send_email>, prepare_email already registered for DAG: example_dag_decorator
[2022-11-11T00:02:37.314-0300] {taskmixin.py:205} WARNING - Dependency <Task(BashOperator): create_entry_group>, delete_entry_group already registered for DAG: example_complex
[2022-11-11T00:02:37.314-0300] {taskmixin.py:205} WARNING - Dependency <Task(BashOperator): delete_entry_group>, create_entry_group already registered for DAG: example_complex
[2022-11-11T00:02:37.314-0300] {taskmixin.py:205} WARNING - Dependency <Task(BashOperator): create_entry_gcs>, delete_entry already registered for DAG: example_complex
[2022-11-11T00:02:37.314-0300] {taskmixin.py:205} WARNING - Dependency <Task(BashOperator): delete_entry>, create_entry_gcs already registered for DAG: example_complex
[2022-11-11T00:02:37.314-0300] {taskmixin.py:205} WARNING - Dependency <Task(BashOperator): create_tag>, delete_tag already registered for DAG: example_complex
[2022-11-11T00:02:37.314-0300] {taskmixin.py:205} WARNING - Dependency <Task(BashOperator): delete_tag>, create_tag already registered for DAG: example_complex
[2022-11-11T00:02:37.327-0300] {taskmixin.py:205} WARNING - Dependency <Task(_PythonDecoratedOperator): task_group_function.task_1>, task_group_function.task_2 already registered for DAG: example_task_group_decorator
[2022-11-11T00:02:37.327-0300] {taskmixin.py:205} WARNING - Dependency <Task(_PythonDecoratedOperator): task_group_function.task_2>, task_group_function.task_1 already registered for DAG: example_task_group_decorator
[2022-11-11T00:02:37.327-0300] {taskmixin.py:205} WARNING - Dependency <Task(_PythonDecoratedOperator): task_group_function.task_1>, task_group_function.task_2 already registered for DAG: example_task_group_decorator
[2022-11-11T00:02:37.327-0300] {taskmixin.py:205} WARNING - Dependency <Task(_PythonDecoratedOperator): task_group_function.task_2>, task_group_function.task_1 already registered for DAG: example_task_group_decorator
[2022-11-11T00:02:37.327-0300] {taskmixin.py:205} WARNING - Dependency <Task(_PythonDecoratedOperator): task_group_function.task_1>, task_group_function.task_2 already registered for DAG: example_task_group_decorator
[2022-11-11T00:02:37.328-0300] {taskmixin.py:205} WARNING - Dependency <Task(_PythonDecoratedOperator): task_group_function.task_2>, task_group_function.task_1 already registered for DAG: example_task_group_decorator
[2022-11-11T00:02:37.328-0300] {taskmixin.py:205} WARNING - Dependency <Task(_PythonDecoratedOperator): task_group_function.task_1>, task_group_function.task_2 already registered for DAG: example_task_group_decorator
[2022-11-11T00:02:37.328-0300] {taskmixin.py:205} WARNING - Dependency <Task(_PythonDecoratedOperator): task_group_function.task_2>, task_group_function.task_1 already registered for DAG: example_task_group_decorator
[2022-11-11T00:02:37.328-0300] {taskmixin.py:205} WARNING - Dependency <Task(_PythonDecoratedOperator): task_group_function.task_1>, task_group_function.task_2 already registered for DAG: example_task_group_decorator
[2022-11-11T00:02:37.328-0300] {taskmixin.py:205} WARNING - Dependency <Task(_PythonDecoratedOperator): task_group_function.task_2>, task_group_function.task_1 already registered for DAG: example_task_group_decorator
[2022-11-11T00:02:37.329-0300] {taskmixin.py:205} WARNING - Dependency <Task(_PythonDecoratedOperator): task_group_function.task_1>, task_group_function.task_2 already registered for DAG: example_task_group_decorator
[2022-11-11T00:02:37.329-0300] {taskmixin.py:205} WARNING - Dependency <Task(_PythonDecoratedOperator): task_group_function.task_2>, task_group_function.task_1 already registered for DAG: example_task_group_decorator
[2022-11-11T00:02:37.329-0300] {taskmixin.py:205} WARNING - Dependency <Task(_PythonDecoratedOperator): task_group_function.task_2>, task_group_function.task_3 already registered for DAG: example_task_group_decorator
[2022-11-11T00:02:37.329-0300] {taskmixin.py:205} WARNING - Dependency <Task(_PythonDecoratedOperator): task_group_function.task_3>, task_group_function.task_2 already registered for DAG: example_task_group_decorator
[2022-11-11T00:02:37.330-0300] {taskmixin.py:205} WARNING - Dependency <Task(_PythonDecoratedOperator): task_group_function.task_2>, task_group_function.task_3 already registered for DAG: example_task_group_decorator
[2022-11-11T00:02:37.330-0300] {taskmixin.py:205} WARNING - Dependency <Task(_PythonDecoratedOperator): task_group_function.task_3>, task_group_function.task_2 already registered for DAG: example_task_group_decorator
[2022-11-11T00:02:37.330-0300] {taskmixin.py:205} WARNING - Dependency <Task(_PythonDecoratedOperator): task_group_function.task_2>, task_group_function.task_3 already registered for DAG: example_task_group_decorator
[2022-11-11T00:02:37.330-0300] {taskmixin.py:205} WARNING - Dependency <Task(_PythonDecoratedOperator): task_group_function.task_3>, task_group_function.task_2 already registered for DAG: example_task_group_decorator
[2022-11-11T00:02:37.330-0300] {taskmixin.py:205} WARNING - Dependency <Task(_PythonDecoratedOperator): task_group_function.task_2>, task_group_function.task_3 already registered for DAG: example_task_group_decorator
[2022-11-11T00:02:37.331-0300] {taskmixin.py:205} WARNING - Dependency <Task(_PythonDecoratedOperator): task_group_function.task_3>, task_group_function.task_2 already registered for DAG: example_task_group_decorator
[2022-11-11T00:02:37.331-0300] {taskmixin.py:205} WARNING - Dependency <Task(_PythonDecoratedOperator): task_group_function.task_2>, task_group_function.task_3 already registered for DAG: example_task_group_decorator
[2022-11-11T00:02:37.331-0300] {taskmixin.py:205} WARNING - Dependency <Task(_PythonDecoratedOperator): task_group_function.task_3>, task_group_function.task_2 already registered for DAG: example_task_group_decorator
[2022-11-11T00:02:37.331-0300] {taskmixin.py:205} WARNING - Dependency <Task(_PythonDecoratedOperator): task_group_function.task_2>, task_group_function.task_3 already registered for DAG: example_task_group_decorator
[2022-11-11T00:02:37.331-0300] {taskmixin.py:205} WARNING - Dependency <Task(_PythonDecoratedOperator): task_group_function.task_3>, task_group_function.task_2 already registered for DAG: example_task_group_decorator
[2022-11-11T00:02:37.333-0300] {taskmixin.py:205} WARNING - Dependency <Task(_PythonDecoratedOperator): task_group_function__1.task_1>, task_group_function__1.task_2 already registered for DAG: example_task_group_decorator
[2022-11-11T00:02:37.333-0300] {taskmixin.py:205} WARNING - Dependency <Task(_PythonDecoratedOperator): task_group_function__1.task_2>, task_group_function__1.task_1 already registered for DAG: example_task_group_decorator
[2022-11-11T00:02:37.333-0300] {taskmixin.py:205} WARNING - Dependency <Task(_PythonDecoratedOperator): task_group_function__1.task_1>, task_group_function__1.task_2 already registered for DAG: example_task_group_decorator
[2022-11-11T00:02:37.333-0300] {taskmixin.py:205} WARNING - Dependency <Task(_PythonDecoratedOperator): task_group_function__1.task_2>, task_group_function__1.task_1 already registered for DAG: example_task_group_decorator
[2022-11-11T00:02:37.333-0300] {taskmixin.py:205} WARNING - Dependency <Task(_PythonDecoratedOperator): task_group_function__1.task_1>, task_group_function__1.task_2 already registered for DAG: example_task_group_decorator
[2022-11-11T00:02:37.334-0300] {taskmixin.py:205} WARNING - Dependency <Task(_PythonDecoratedOperator): task_group_function__1.task_2>, task_group_function__1.task_1 already registered for DAG: example_task_group_decorator
[2022-11-11T00:02:37.334-0300] {taskmixin.py:205} WARNING - Dependency <Task(_PythonDecoratedOperator): task_group_function__1.task_1>, task_group_function__1.task_2 already registered for DAG: example_task_group_decorator
[2022-11-11T00:02:37.334-0300] {taskmixin.py:205} WARNING - Dependency <Task(_PythonDecoratedOperator): task_group_function__1.task_2>, task_group_function__1.task_1 already registered for DAG: example_task_group_decorator
[2022-11-11T00:02:37.334-0300] {taskmixin.py:205} WARNING - Dependency <Task(_PythonDecoratedOperator): task_group_function__1.task_1>, task_group_function__1.task_2 already registered for DAG: example_task_group_decorator
[2022-11-11T00:02:37.334-0300] {taskmixin.py:205} WARNING - Dependency <Task(_PythonDecoratedOperator): task_group_function__1.task_2>, task_group_function__1.task_1 already registered for DAG: example_task_group_decorator
[2022-11-11T00:02:37.335-0300] {taskmixin.py:205} WARNING - Dependency <Task(_PythonDecoratedOperator): task_group_function__1.task_1>, task_group_function__1.task_2 already registered for DAG: example_task_group_decorator
[2022-11-11T00:02:37.335-0300] {taskmixin.py:205} WARNING - Dependency <Task(_PythonDecoratedOperator): task_group_function__1.task_2>, task_group_function__1.task_1 already registered for DAG: example_task_group_decorator
[2022-11-11T00:02:37.335-0300] {taskmixin.py:205} WARNING - Dependency <Task(_PythonDecoratedOperator): task_group_function__1.task_2>, task_group_function__1.task_3 already registered for DAG: example_task_group_decorator
[2022-11-11T00:02:37.335-0300] {taskmixin.py:205} WARNING - Dependency <Task(_PythonDecoratedOperator): task_group_function__1.task_3>, task_group_function__1.task_2 already registered for DAG: example_task_group_decorator
[2022-11-11T00:02:37.336-0300] {taskmixin.py:205} WARNING - Dependency <Task(_PythonDecoratedOperator): task_group_function__1.task_2>, task_group_function__1.task_3 already registered for DAG: example_task_group_decorator
[2022-11-11T00:02:37.336-0300] {taskmixin.py:205} WARNING - Dependency <Task(_PythonDecoratedOperator): task_group_function__1.task_3>, task_group_function__1.task_2 already registered for DAG: example_task_group_decorator
[2022-11-11T00:02:37.336-0300] {taskmixin.py:205} WARNING - Dependency <Task(_PythonDecoratedOperator): task_group_function__1.task_2>, task_group_function__1.task_3 already registered for DAG: example_task_group_decorator
[2022-11-11T00:02:37.336-0300] {taskmixin.py:205} WARNING - Dependency <Task(_PythonDecoratedOperator): task_group_function__1.task_3>, task_group_function__1.task_2 already registered for DAG: example_task_group_decorator
[2022-11-11T00:02:37.336-0300] {taskmixin.py:205} WARNING - Dependency <Task(_PythonDecoratedOperator): task_group_function__1.task_2>, task_group_function__1.task_3 already registered for DAG: example_task_group_decorator
[2022-11-11T00:02:37.337-0300] {taskmixin.py:205} WARNING - Dependency <Task(_PythonDecoratedOperator): task_group_function__1.task_3>, task_group_function__1.task_2 already registered for DAG: example_task_group_decorator
[2022-11-11T00:02:37.337-0300] {taskmixin.py:205} WARNING - Dependency <Task(_PythonDecoratedOperator): task_group_function__1.task_2>, task_group_function__1.task_3 already registered for DAG: example_task_group_decorator
[2022-11-11T00:02:37.337-0300] {taskmixin.py:205} WARNING - Dependency <Task(_PythonDecoratedOperator): task_group_function__1.task_3>, task_group_function__1.task_2 already registered for DAG: example_task_group_decorator
[2022-11-11T00:02:37.337-0300] {taskmixin.py:205} WARNING - Dependency <Task(_PythonDecoratedOperator): task_group_function__1.task_2>, task_group_function__1.task_3 already registered for DAG: example_task_group_decorator
[2022-11-11T00:02:37.337-0300] {taskmixin.py:205} WARNING - Dependency <Task(_PythonDecoratedOperator): task_group_function__1.task_3>, task_group_function__1.task_2 already registered for DAG: example_task_group_decorator
[2022-11-11T00:02:37.339-0300] {taskmixin.py:205} WARNING - Dependency <Task(_PythonDecoratedOperator): task_group_function__2.task_1>, task_group_function__2.task_2 already registered for DAG: example_task_group_decorator
[2022-11-11T00:02:37.339-0300] {taskmixin.py:205} WARNING - Dependency <Task(_PythonDecoratedOperator): task_group_function__2.task_2>, task_group_function__2.task_1 already registered for DAG: example_task_group_decorator
[2022-11-11T00:02:37.339-0300] {taskmixin.py:205} WARNING - Dependency <Task(_PythonDecoratedOperator): task_group_function__2.task_1>, task_group_function__2.task_2 already registered for DAG: example_task_group_decorator
[2022-11-11T00:02:37.339-0300] {taskmixin.py:205} WARNING - Dependency <Task(_PythonDecoratedOperator): task_group_function__2.task_2>, task_group_function__2.task_1 already registered for DAG: example_task_group_decorator
[2022-11-11T00:02:37.339-0300] {taskmixin.py:205} WARNING - Dependency <Task(_PythonDecoratedOperator): task_group_function__2.task_1>, task_group_function__2.task_2 already registered for DAG: example_task_group_decorator
[2022-11-11T00:02:37.340-0300] {taskmixin.py:205} WARNING - Dependency <Task(_PythonDecoratedOperator): task_group_function__2.task_2>, task_group_function__2.task_1 already registered for DAG: example_task_group_decorator
[2022-11-11T00:02:37.340-0300] {taskmixin.py:205} WARNING - Dependency <Task(_PythonDecoratedOperator): task_group_function__2.task_1>, task_group_function__2.task_2 already registered for DAG: example_task_group_decorator
[2022-11-11T00:02:37.340-0300] {taskmixin.py:205} WARNING - Dependency <Task(_PythonDecoratedOperator): task_group_function__2.task_2>, task_group_function__2.task_1 already registered for DAG: example_task_group_decorator
[2022-11-11T00:02:37.340-0300] {taskmixin.py:205} WARNING - Dependency <Task(_PythonDecoratedOperator): task_group_function__2.task_1>, task_group_function__2.task_2 already registered for DAG: example_task_group_decorator
[2022-11-11T00:02:37.340-0300] {taskmixin.py:205} WARNING - Dependency <Task(_PythonDecoratedOperator): task_group_function__2.task_2>, task_group_function__2.task_1 already registered for DAG: example_task_group_decorator
[2022-11-11T00:02:37.341-0300] {taskmixin.py:205} WARNING - Dependency <Task(_PythonDecoratedOperator): task_group_function__2.task_1>, task_group_function__2.task_2 already registered for DAG: example_task_group_decorator
[2022-11-11T00:02:37.341-0300] {taskmixin.py:205} WARNING - Dependency <Task(_PythonDecoratedOperator): task_group_function__2.task_2>, task_group_function__2.task_1 already registered for DAG: example_task_group_decorator
[2022-11-11T00:02:37.341-0300] {taskmixin.py:205} WARNING - Dependency <Task(_PythonDecoratedOperator): task_group_function__2.task_2>, task_group_function__2.task_3 already registered for DAG: example_task_group_decorator
[2022-11-11T00:02:37.341-0300] {taskmixin.py:205} WARNING - Dependency <Task(_PythonDecoratedOperator): task_group_function__2.task_3>, task_group_function__2.task_2 already registered for DAG: example_task_group_decorator
[2022-11-11T00:02:37.342-0300] {taskmixin.py:205} WARNING - Dependency <Task(_PythonDecoratedOperator): task_group_function__2.task_2>, task_group_function__2.task_3 already registered for DAG: example_task_group_decorator
[2022-11-11T00:02:37.342-0300] {taskmixin.py:205} WARNING - Dependency <Task(_PythonDecoratedOperator): task_group_function__2.task_3>, task_group_function__2.task_2 already registered for DAG: example_task_group_decorator
[2022-11-11T00:02:37.342-0300] {taskmixin.py:205} WARNING - Dependency <Task(_PythonDecoratedOperator): task_group_function__2.task_2>, task_group_function__2.task_3 already registered for DAG: example_task_group_decorator
[2022-11-11T00:02:37.342-0300] {taskmixin.py:205} WARNING - Dependency <Task(_PythonDecoratedOperator): task_group_function__2.task_3>, task_group_function__2.task_2 already registered for DAG: example_task_group_decorator
[2022-11-11T00:02:37.342-0300] {taskmixin.py:205} WARNING - Dependency <Task(_PythonDecoratedOperator): task_group_function__2.task_2>, task_group_function__2.task_3 already registered for DAG: example_task_group_decorator
[2022-11-11T00:02:37.342-0300] {taskmixin.py:205} WARNING - Dependency <Task(_PythonDecoratedOperator): task_group_function__2.task_3>, task_group_function__2.task_2 already registered for DAG: example_task_group_decorator
[2022-11-11T00:02:37.343-0300] {taskmixin.py:205} WARNING - Dependency <Task(_PythonDecoratedOperator): task_group_function__2.task_2>, task_group_function__2.task_3 already registered for DAG: example_task_group_decorator
[2022-11-11T00:02:37.343-0300] {taskmixin.py:205} WARNING - Dependency <Task(_PythonDecoratedOperator): task_group_function__2.task_3>, task_group_function__2.task_2 already registered for DAG: example_task_group_decorator
[2022-11-11T00:02:37.343-0300] {taskmixin.py:205} WARNING - Dependency <Task(_PythonDecoratedOperator): task_group_function__2.task_2>, task_group_function__2.task_3 already registered for DAG: example_task_group_decorator
[2022-11-11T00:02:37.343-0300] {taskmixin.py:205} WARNING - Dependency <Task(_PythonDecoratedOperator): task_group_function__2.task_3>, task_group_function__2.task_2 already registered for DAG: example_task_group_decorator
[2022-11-11T00:02:37.344-0300] {taskmixin.py:205} WARNING - Dependency <Task(_PythonDecoratedOperator): task_group_function__3.task_1>, task_group_function__3.task_2 already registered for DAG: example_task_group_decorator
[2022-11-11T00:02:37.345-0300] {taskmixin.py:205} WARNING - Dependency <Task(_PythonDecoratedOperator): task_group_function__3.task_2>, task_group_function__3.task_1 already registered for DAG: example_task_group_decorator
[2022-11-11T00:02:37.345-0300] {taskmixin.py:205} WARNING - Dependency <Task(_PythonDecoratedOperator): task_group_function__3.task_1>, task_group_function__3.task_2 already registered for DAG: example_task_group_decorator
[2022-11-11T00:02:37.345-0300] {taskmixin.py:205} WARNING - Dependency <Task(_PythonDecoratedOperator): task_group_function__3.task_2>, task_group_function__3.task_1 already registered for DAG: example_task_group_decorator
[2022-11-11T00:02:37.345-0300] {taskmixin.py:205} WARNING - Dependency <Task(_PythonDecoratedOperator): task_group_function__3.task_1>, task_group_function__3.task_2 already registered for DAG: example_task_group_decorator
[2022-11-11T00:02:37.345-0300] {taskmixin.py:205} WARNING - Dependency <Task(_PythonDecoratedOperator): task_group_function__3.task_2>, task_group_function__3.task_1 already registered for DAG: example_task_group_decorator
[2022-11-11T00:02:37.346-0300] {taskmixin.py:205} WARNING - Dependency <Task(_PythonDecoratedOperator): task_group_function__3.task_1>, task_group_function__3.task_2 already registered for DAG: example_task_group_decorator
[2022-11-11T00:02:37.346-0300] {taskmixin.py:205} WARNING - Dependency <Task(_PythonDecoratedOperator): task_group_function__3.task_2>, task_group_function__3.task_1 already registered for DAG: example_task_group_decorator
[2022-11-11T00:02:37.346-0300] {taskmixin.py:205} WARNING - Dependency <Task(_PythonDecoratedOperator): task_group_function__3.task_1>, task_group_function__3.task_2 already registered for DAG: example_task_group_decorator
[2022-11-11T00:02:37.347-0300] {taskmixin.py:205} WARNING - Dependency <Task(_PythonDecoratedOperator): task_group_function__3.task_2>, task_group_function__3.task_1 already registered for DAG: example_task_group_decorator
[2022-11-11T00:02:37.347-0300] {taskmixin.py:205} WARNING - Dependency <Task(_PythonDecoratedOperator): task_group_function__3.task_1>, task_group_function__3.task_2 already registered for DAG: example_task_group_decorator
[2022-11-11T00:02:37.347-0300] {taskmixin.py:205} WARNING - Dependency <Task(_PythonDecoratedOperator): task_group_function__3.task_2>, task_group_function__3.task_1 already registered for DAG: example_task_group_decorator
[2022-11-11T00:02:37.348-0300] {taskmixin.py:205} WARNING - Dependency <Task(_PythonDecoratedOperator): task_group_function__3.task_2>, task_group_function__3.task_3 already registered for DAG: example_task_group_decorator
[2022-11-11T00:02:37.348-0300] {taskmixin.py:205} WARNING - Dependency <Task(_PythonDecoratedOperator): task_group_function__3.task_3>, task_group_function__3.task_2 already registered for DAG: example_task_group_decorator
[2022-11-11T00:02:37.348-0300] {taskmixin.py:205} WARNING - Dependency <Task(_PythonDecoratedOperator): task_group_function__3.task_2>, task_group_function__3.task_3 already registered for DAG: example_task_group_decorator
[2022-11-11T00:02:37.348-0300] {taskmixin.py:205} WARNING - Dependency <Task(_PythonDecoratedOperator): task_group_function__3.task_3>, task_group_function__3.task_2 already registered for DAG: example_task_group_decorator
[2022-11-11T00:02:37.348-0300] {taskmixin.py:205} WARNING - Dependency <Task(_PythonDecoratedOperator): task_group_function__3.task_2>, task_group_function__3.task_3 already registered for DAG: example_task_group_decorator
[2022-11-11T00:02:37.349-0300] {taskmixin.py:205} WARNING - Dependency <Task(_PythonDecoratedOperator): task_group_function__3.task_3>, task_group_function__3.task_2 already registered for DAG: example_task_group_decorator
[2022-11-11T00:02:37.349-0300] {taskmixin.py:205} WARNING - Dependency <Task(_PythonDecoratedOperator): task_group_function__3.task_2>, task_group_function__3.task_3 already registered for DAG: example_task_group_decorator
[2022-11-11T00:02:37.349-0300] {taskmixin.py:205} WARNING - Dependency <Task(_PythonDecoratedOperator): task_group_function__3.task_3>, task_group_function__3.task_2 already registered for DAG: example_task_group_decorator
[2022-11-11T00:02:37.349-0300] {taskmixin.py:205} WARNING - Dependency <Task(_PythonDecoratedOperator): task_group_function__3.task_2>, task_group_function__3.task_3 already registered for DAG: example_task_group_decorator
[2022-11-11T00:02:37.349-0300] {taskmixin.py:205} WARNING - Dependency <Task(_PythonDecoratedOperator): task_group_function__3.task_3>, task_group_function__3.task_2 already registered for DAG: example_task_group_decorator
[2022-11-11T00:02:37.350-0300] {taskmixin.py:205} WARNING - Dependency <Task(_PythonDecoratedOperator): task_group_function__3.task_2>, task_group_function__3.task_3 already registered for DAG: example_task_group_decorator
[2022-11-11T00:02:37.350-0300] {taskmixin.py:205} WARNING - Dependency <Task(_PythonDecoratedOperator): task_group_function__3.task_3>, task_group_function__3.task_2 already registered for DAG: example_task_group_decorator
[2022-11-11T00:02:37.351-0300] {taskmixin.py:205} WARNING - Dependency <Task(_PythonDecoratedOperator): task_group_function__4.task_1>, task_group_function__4.task_2 already registered for DAG: example_task_group_decorator
[2022-11-11T00:02:37.351-0300] {taskmixin.py:205} WARNING - Dependency <Task(_PythonDecoratedOperator): task_group_function__4.task_2>, task_group_function__4.task_1 already registered for DAG: example_task_group_decorator
[2022-11-11T00:02:37.351-0300] {taskmixin.py:205} WARNING - Dependency <Task(_PythonDecoratedOperator): task_group_function__4.task_1>, task_group_function__4.task_2 already registered for DAG: example_task_group_decorator
[2022-11-11T00:02:37.352-0300] {taskmixin.py:205} WARNING - Dependency <Task(_PythonDecoratedOperator): task_group_function__4.task_2>, task_group_function__4.task_1 already registered for DAG: example_task_group_decorator
[2022-11-11T00:02:37.352-0300] {taskmixin.py:205} WARNING - Dependency <Task(_PythonDecoratedOperator): task_group_function__4.task_1>, task_group_function__4.task_2 already registered for DAG: example_task_group_decorator
[2022-11-11T00:02:37.352-0300] {taskmixin.py:205} WARNING - Dependency <Task(_PythonDecoratedOperator): task_group_function__4.task_2>, task_group_function__4.task_1 already registered for DAG: example_task_group_decorator
[2022-11-11T00:02:37.352-0300] {taskmixin.py:205} WARNING - Dependency <Task(_PythonDecoratedOperator): task_group_function__4.task_1>, task_group_function__4.task_2 already registered for DAG: example_task_group_decorator
[2022-11-11T00:02:37.352-0300] {taskmixin.py:205} WARNING - Dependency <Task(_PythonDecoratedOperator): task_group_function__4.task_2>, task_group_function__4.task_1 already registered for DAG: example_task_group_decorator
[2022-11-11T00:02:37.353-0300] {taskmixin.py:205} WARNING - Dependency <Task(_PythonDecoratedOperator): task_group_function__4.task_1>, task_group_function__4.task_2 already registered for DAG: example_task_group_decorator
[2022-11-11T00:02:37.353-0300] {taskmixin.py:205} WARNING - Dependency <Task(_PythonDecoratedOperator): task_group_function__4.task_2>, task_group_function__4.task_1 already registered for DAG: example_task_group_decorator
[2022-11-11T00:02:37.353-0300] {taskmixin.py:205} WARNING - Dependency <Task(_PythonDecoratedOperator): task_group_function__4.task_1>, task_group_function__4.task_2 already registered for DAG: example_task_group_decorator
[2022-11-11T00:02:37.353-0300] {taskmixin.py:205} WARNING - Dependency <Task(_PythonDecoratedOperator): task_group_function__4.task_2>, task_group_function__4.task_1 already registered for DAG: example_task_group_decorator
[2022-11-11T00:02:37.354-0300] {taskmixin.py:205} WARNING - Dependency <Task(_PythonDecoratedOperator): task_group_function__4.task_2>, task_group_function__4.task_3 already registered for DAG: example_task_group_decorator
[2022-11-11T00:02:37.354-0300] {taskmixin.py:205} WARNING - Dependency <Task(_PythonDecoratedOperator): task_group_function__4.task_3>, task_group_function__4.task_2 already registered for DAG: example_task_group_decorator
[2022-11-11T00:02:37.354-0300] {taskmixin.py:205} WARNING - Dependency <Task(_PythonDecoratedOperator): task_group_function__4.task_2>, task_group_function__4.task_3 already registered for DAG: example_task_group_decorator
[2022-11-11T00:02:37.354-0300] {taskmixin.py:205} WARNING - Dependency <Task(_PythonDecoratedOperator): task_group_function__4.task_3>, task_group_function__4.task_2 already registered for DAG: example_task_group_decorator
[2022-11-11T00:02:37.355-0300] {taskmixin.py:205} WARNING - Dependency <Task(_PythonDecoratedOperator): task_group_function__4.task_2>, task_group_function__4.task_3 already registered for DAG: example_task_group_decorator
[2022-11-11T00:02:37.355-0300] {taskmixin.py:205} WARNING - Dependency <Task(_PythonDecoratedOperator): task_group_function__4.task_3>, task_group_function__4.task_2 already registered for DAG: example_task_group_decorator
[2022-11-11T00:02:37.355-0300] {taskmixin.py:205} WARNING - Dependency <Task(_PythonDecoratedOperator): task_group_function__4.task_2>, task_group_function__4.task_3 already registered for DAG: example_task_group_decorator
[2022-11-11T00:02:37.355-0300] {taskmixin.py:205} WARNING - Dependency <Task(_PythonDecoratedOperator): task_group_function__4.task_3>, task_group_function__4.task_2 already registered for DAG: example_task_group_decorator
[2022-11-11T00:02:37.355-0300] {taskmixin.py:205} WARNING - Dependency <Task(_PythonDecoratedOperator): task_group_function__4.task_2>, task_group_function__4.task_3 already registered for DAG: example_task_group_decorator
[2022-11-11T00:02:37.356-0300] {taskmixin.py:205} WARNING - Dependency <Task(_PythonDecoratedOperator): task_group_function__4.task_3>, task_group_function__4.task_2 already registered for DAG: example_task_group_decorator
[2022-11-11T00:02:37.356-0300] {taskmixin.py:205} WARNING - Dependency <Task(_PythonDecoratedOperator): task_group_function__4.task_2>, task_group_function__4.task_3 already registered for DAG: example_task_group_decorator
[2022-11-11T00:02:37.356-0300] {taskmixin.py:205} WARNING - Dependency <Task(_PythonDecoratedOperator): task_group_function__4.task_3>, task_group_function__4.task_2 already registered for DAG: example_task_group_decorator
[2022-11-11T00:02:37.358-0300] {example_kubernetes_executor.py:41} WARNING - The example_kubernetes_executor example DAG requires the kubernetes provider. Please install it with: pip install apache-airflow[cncf.kubernetes]
[2022-11-11T00:02:37.358-0300] {example_local_kubernetes_executor.py:39} WARNING - Could not import DAGs in example_local_kubernetes_executor.py
Traceback (most recent call last):
  File "/home/renato/Documentos/datapipeline/.env/lib/python3.10/site-packages/airflow/example_dags/example_local_kubernetes_executor.py", line 37, in <module>
    from kubernetes.client import models as k8s
ModuleNotFoundError: No module named 'kubernetes'
[2022-11-11T00:02:37.359-0300] {example_local_kubernetes_executor.py:40} WARNING - Install Kubernetes dependencies with: pip install apache-airflow[cncf.kubernetes]
[2022-11-11T00:02:37.367-0300] {taskmixin.py:205} WARNING - Dependency <Task(_PythonDecoratedOperator): generate_value>, print_value already registered for DAG: example_xcom_args
[2022-11-11T00:02:37.367-0300] {taskmixin.py:205} WARNING - Dependency <Task(_PythonDecoratedOperator): print_value>, generate_value already registered for DAG: example_xcom_args
[2022-11-11T00:02:37.368-0300] {taskmixin.py:205} WARNING - Dependency <Task(_PythonDecoratedOperator): generate_value>, print_value already registered for DAG: example_xcom_args
[2022-11-11T00:02:37.368-0300] {taskmixin.py:205} WARNING - Dependency <Task(_PythonDecoratedOperator): print_value>, generate_value already registered for DAG: example_xcom_args
[2022-11-11T00:02:37.368-0300] {taskmixin.py:205} WARNING - Dependency <Task(_PythonDecoratedOperator): generate_value>, print_value already registered for DAG: example_xcom_args
[2022-11-11T00:02:37.368-0300] {taskmixin.py:205} WARNING - Dependency <Task(_PythonDecoratedOperator): print_value>, generate_value already registered for DAG: example_xcom_args
[2022-11-11T00:02:37.368-0300] {taskmixin.py:205} WARNING - Dependency <Task(_PythonDecoratedOperator): generate_value>, print_value already registered for DAG: example_xcom_args
[2022-11-11T00:02:37.369-0300] {taskmixin.py:205} WARNING - Dependency <Task(_PythonDecoratedOperator): print_value>, generate_value already registered for DAG: example_xcom_args
[2022-11-11T00:02:37.369-0300] {taskmixin.py:205} WARNING - Dependency <Task(_PythonDecoratedOperator): generate_value>, print_value already registered for DAG: example_xcom_args
[2022-11-11T00:02:37.369-0300] {taskmixin.py:205} WARNING - Dependency <Task(_PythonDecoratedOperator): print_value>, generate_value already registered for DAG: example_xcom_args
[2022-11-11T00:02:37.369-0300] {taskmixin.py:205} WARNING - Dependency <Task(_PythonDecoratedOperator): generate_value>, print_value already registered for DAG: example_xcom_args
[2022-11-11T00:02:37.369-0300] {taskmixin.py:205} WARNING - Dependency <Task(_PythonDecoratedOperator): print_value>, generate_value already registered for DAG: example_xcom_args
[2022-11-11T00:02:37.431-0300] {task_command.py:384} INFO - Running <TaskInstance: twitter_dag.transform_twitter_aluraonline scheduled__2022-11-07T09:00:00+00:00 [running]> on host renato-Virtual-Machine
[2022-11-11T00:02:37.515-0300] {taskinstance.py:1590} INFO - Exporting the following env vars:
AIRFLOW_CTX_DAG_OWNER=airflow
AIRFLOW_CTX_DAG_ID=twitter_dag
AIRFLOW_CTX_TASK_ID=transform_twitter_aluraonline
AIRFLOW_CTX_EXECUTION_DATE=2022-11-07T09:00:00+00:00
AIRFLOW_CTX_TRY_NUMBER=1
AIRFLOW_CTX_DAG_RUN_ID=scheduled__2022-11-07T09:00:00+00:00
[2022-11-11T00:02:37.520-0300] {base.py:71} INFO - Using connection ID 'spark_default' for task execution.
[2022-11-11T00:02:37.522-0300] {spark_submit.py:334} INFO - Spark-Submit cmd: /home/renato/Documentos/spark-3.3.1-bin-hadoop3/bin/spark-submit --master local --name twitter_transformation /home/renato/Documentos/datapipeline/spark/transformation.py --src /home/renato/Documentos/datapipeline/datalake/bronze/twitter_aluraonline/extract_date=2022-11-07 --dest /home/renato/Documentos/datapipeline/datalake/silver/twitter_aluraonline/ --process-date 2022-11-07
[2022-11-11T00:02:39.784-0300] {spark_submit.py:485} INFO - 22/11/11 00:02:39 WARN Utils: Your hostname, renato-Virtual-Machine resolves to a loopback address: 127.0.1.1; using 192.168.236.142 instead (on interface eth0)
[2022-11-11T00:02:39.795-0300] {spark_submit.py:485} INFO - 22/11/11 00:02:39 WARN Utils: Set SPARK_LOCAL_IP if you need to bind to another address
[2022-11-11T00:02:40.938-0300] {spark_submit.py:485} INFO - 22/11/11 00:02:40 INFO SparkContext: Running Spark version 3.3.1
[2022-11-11T00:02:41.064-0300] {spark_submit.py:485} INFO - 22/11/11 00:02:41 WARN NativeCodeLoader: Unable to load native-hadoop library for your platform... using builtin-java classes where applicable
[2022-11-11T00:02:41.147-0300] {spark_submit.py:485} INFO - 22/11/11 00:02:41 INFO ResourceUtils: ==============================================================
[2022-11-11T00:02:41.147-0300] {spark_submit.py:485} INFO - 22/11/11 00:02:41 INFO ResourceUtils: No custom resources configured for spark.driver.
[2022-11-11T00:02:41.147-0300] {spark_submit.py:485} INFO - 22/11/11 00:02:41 INFO ResourceUtils: ==============================================================
[2022-11-11T00:02:41.147-0300] {spark_submit.py:485} INFO - 22/11/11 00:02:41 INFO SparkContext: Submitted application: twitter_transformation
[2022-11-11T00:02:41.171-0300] {spark_submit.py:485} INFO - 22/11/11 00:02:41 INFO ResourceProfile: Default ResourceProfile created, executor resources: Map(cores -> name: cores, amount: 1, script: , vendor: , memory -> name: memory, amount: 1024, script: , vendor: , offHeap -> name: offHeap, amount: 0, script: , vendor: ), task resources: Map(cpus -> name: cpus, amount: 1.0)
[2022-11-11T00:02:41.184-0300] {spark_submit.py:485} INFO - 22/11/11 00:02:41 INFO ResourceProfile: Limiting resource is cpu
[2022-11-11T00:02:41.186-0300] {spark_submit.py:485} INFO - 22/11/11 00:02:41 INFO ResourceProfileManager: Added ResourceProfile id: 0
[2022-11-11T00:02:41.258-0300] {spark_submit.py:485} INFO - 22/11/11 00:02:41 INFO SecurityManager: Changing view acls to: renato
[2022-11-11T00:02:41.259-0300] {spark_submit.py:485} INFO - 22/11/11 00:02:41 INFO SecurityManager: Changing modify acls to: renato
[2022-11-11T00:02:41.265-0300] {spark_submit.py:485} INFO - 22/11/11 00:02:41 INFO SecurityManager: Changing view acls groups to:
[2022-11-11T00:02:41.265-0300] {spark_submit.py:485} INFO - 22/11/11 00:02:41 INFO SecurityManager: Changing modify acls groups to:
[2022-11-11T00:02:41.265-0300] {spark_submit.py:485} INFO - 22/11/11 00:02:41 INFO SecurityManager: SecurityManager: authentication disabled; ui acls disabled; users  with view permissions: Set(renato); groups with view permissions: Set(); users  with modify permissions: Set(renato); groups with modify permissions: Set()
[2022-11-11T00:02:41.692-0300] {spark_submit.py:485} INFO - 22/11/11 00:02:41 INFO Utils: Successfully started service 'sparkDriver' on port 40349.
[2022-11-11T00:02:41.741-0300] {spark_submit.py:485} INFO - 22/11/11 00:02:41 INFO SparkEnv: Registering MapOutputTracker
[2022-11-11T00:02:41.796-0300] {spark_submit.py:485} INFO - 22/11/11 00:02:41 INFO SparkEnv: Registering BlockManagerMaster
[2022-11-11T00:02:41.815-0300] {spark_submit.py:485} INFO - 22/11/11 00:02:41 INFO BlockManagerMasterEndpoint: Using org.apache.spark.storage.DefaultTopologyMapper for getting topology information
[2022-11-11T00:02:41.816-0300] {spark_submit.py:485} INFO - 22/11/11 00:02:41 INFO BlockManagerMasterEndpoint: BlockManagerMasterEndpoint up
[2022-11-11T00:02:41.820-0300] {spark_submit.py:485} INFO - 22/11/11 00:02:41 INFO SparkEnv: Registering BlockManagerMasterHeartbeat
[2022-11-11T00:02:41.850-0300] {spark_submit.py:485} INFO - 22/11/11 00:02:41 INFO DiskBlockManager: Created local directory at /tmp/blockmgr-982b725f-7e78-4d5a-88f2-7a8a5bf165ba
[2022-11-11T00:02:41.936-0300] {spark_submit.py:485} INFO - 22/11/11 00:02:41 INFO MemoryStore: MemoryStore started with capacity 366.3 MiB
[2022-11-11T00:02:41.979-0300] {spark_submit.py:485} INFO - 22/11/11 00:02:41 INFO SparkEnv: Registering OutputCommitCoordinator
[2022-11-11T00:02:42.422-0300] {spark_submit.py:485} INFO - 22/11/11 00:02:42 INFO Utils: Successfully started service 'SparkUI' on port 4040.
[2022-11-11T00:02:42.592-0300] {spark_submit.py:485} INFO - 22/11/11 00:02:42 INFO Executor: Starting executor ID driver on host renato-Virtual-Machine.mshome.net
[2022-11-11T00:02:42.600-0300] {spark_submit.py:485} INFO - 22/11/11 00:02:42 INFO Executor: Starting executor with user classpath (userClassPathFirst = false): ''
[2022-11-11T00:02:42.619-0300] {spark_submit.py:485} INFO - 22/11/11 00:02:42 INFO Utils: Successfully started service 'org.apache.spark.network.netty.NettyBlockTransferService' on port 46145.
[2022-11-11T00:02:42.619-0300] {spark_submit.py:485} INFO - 22/11/11 00:02:42 INFO NettyBlockTransferService: Server created on renato-Virtual-Machine.mshome.net:46145
[2022-11-11T00:02:42.621-0300] {spark_submit.py:485} INFO - 22/11/11 00:02:42 INFO BlockManager: Using org.apache.spark.storage.RandomBlockReplicationPolicy for block replication policy
[2022-11-11T00:02:42.628-0300] {spark_submit.py:485} INFO - 22/11/11 00:02:42 INFO BlockManagerMaster: Registering BlockManager BlockManagerId(driver, renato-Virtual-Machine.mshome.net, 46145, None)
[2022-11-11T00:02:42.633-0300] {spark_submit.py:485} INFO - 22/11/11 00:02:42 INFO BlockManagerMasterEndpoint: Registering block manager renato-Virtual-Machine.mshome.net:46145 with 366.3 MiB RAM, BlockManagerId(driver, renato-Virtual-Machine.mshome.net, 46145, None)
[2022-11-11T00:02:42.634-0300] {spark_submit.py:485} INFO - 22/11/11 00:02:42 INFO BlockManagerMaster: Registered BlockManager BlockManagerId(driver, renato-Virtual-Machine.mshome.net, 46145, None)
[2022-11-11T00:02:42.635-0300] {spark_submit.py:485} INFO - 22/11/11 00:02:42 INFO BlockManager: Initialized BlockManager: BlockManagerId(driver, renato-Virtual-Machine.mshome.net, 46145, None)
[2022-11-11T00:02:43.912-0300] {spark_submit.py:485} INFO - 22/11/11 00:02:43 INFO SharedState: Setting hive.metastore.warehouse.dir ('null') to the value of spark.sql.warehouse.dir.
[2022-11-11T00:02:43.929-0300] {spark_submit.py:485} INFO - 22/11/11 00:02:43 INFO SharedState: Warehouse path is 'file:/home/renato/Documentos/datapipeline/spark-warehouse'.
[2022-11-11T00:02:45.271-0300] {spark_submit.py:485} INFO - 22/11/11 00:02:45 INFO InMemoryFileIndex: It took 34 ms to list leaf files for 1 paths.
[2022-11-11T00:02:45.342-0300] {spark_submit.py:485} INFO - 22/11/11 00:02:45 INFO InMemoryFileIndex: It took 1 ms to list leaf files for 1 paths.
[2022-11-11T00:02:48.689-0300] {spark_submit.py:485} INFO - 22/11/11 00:02:48 INFO FileSourceStrategy: Pushed Filters:
[2022-11-11T00:02:48.689-0300] {spark_submit.py:485} INFO - 22/11/11 00:02:48 INFO FileSourceStrategy: Post-Scan Filters:
[2022-11-11T00:02:48.697-0300] {spark_submit.py:485} INFO - 22/11/11 00:02:48 INFO FileSourceStrategy: Output Data Schema: struct<value: string>
[2022-11-11T00:02:49.258-0300] {spark_submit.py:485} INFO - 22/11/11 00:02:49 INFO MemoryStore: Block broadcast_0 stored as values in memory (estimated size 349.6 KiB, free 366.0 MiB)
[2022-11-11T00:02:49.318-0300] {spark_submit.py:485} INFO - 22/11/11 00:02:49 INFO MemoryStore: Block broadcast_0_piece0 stored as bytes in memory (estimated size 33.9 KiB, free 365.9 MiB)
[2022-11-11T00:02:49.323-0300] {spark_submit.py:485} INFO - 22/11/11 00:02:49 INFO BlockManagerInfo: Added broadcast_0_piece0 in memory on renato-Virtual-Machine.mshome.net:46145 (size: 33.9 KiB, free: 366.3 MiB)
[2022-11-11T00:02:49.329-0300] {spark_submit.py:485} INFO - 22/11/11 00:02:49 INFO SparkContext: Created broadcast 0 from json at NativeMethodAccessorImpl.java:0
[2022-11-11T00:02:49.340-0300] {spark_submit.py:485} INFO - 22/11/11 00:02:49 INFO FileSourceScanExec: Planning scan with bin packing, max size: 4365555 bytes, open cost is considered as scanning 4194304 bytes.
[2022-11-11T00:02:49.678-0300] {spark_submit.py:485} INFO - 22/11/11 00:02:49 INFO SparkContext: Starting job: json at NativeMethodAccessorImpl.java:0
[2022-11-11T00:02:49.777-0300] {spark_submit.py:485} INFO - 22/11/11 00:02:49 INFO DAGScheduler: Got job 0 (json at NativeMethodAccessorImpl.java:0) with 1 output partitions
[2022-11-11T00:02:49.778-0300] {spark_submit.py:485} INFO - 22/11/11 00:02:49 INFO DAGScheduler: Final stage: ResultStage 0 (json at NativeMethodAccessorImpl.java:0)
[2022-11-11T00:02:49.780-0300] {spark_submit.py:485} INFO - 22/11/11 00:02:49 INFO DAGScheduler: Parents of final stage: List()
[2022-11-11T00:02:49.787-0300] {spark_submit.py:485} INFO - 22/11/11 00:02:49 INFO DAGScheduler: Missing parents: List()
[2022-11-11T00:02:49.793-0300] {spark_submit.py:485} INFO - 22/11/11 00:02:49 INFO DAGScheduler: Submitting ResultStage 0 (MapPartitionsRDD[3] at json at NativeMethodAccessorImpl.java:0), which has no missing parents
[2022-11-11T00:02:49.931-0300] {spark_submit.py:485} INFO - 22/11/11 00:02:49 INFO MemoryStore: Block broadcast_1 stored as values in memory (estimated size 14.5 KiB, free 365.9 MiB)
[2022-11-11T00:02:49.935-0300] {spark_submit.py:485} INFO - 22/11/11 00:02:49 INFO MemoryStore: Block broadcast_1_piece0 stored as bytes in memory (estimated size 7.0 KiB, free 365.9 MiB)
[2022-11-11T00:02:49.935-0300] {spark_submit.py:485} INFO - 22/11/11 00:02:49 INFO BlockManagerInfo: Added broadcast_1_piece0 in memory on renato-Virtual-Machine.mshome.net:46145 (size: 7.0 KiB, free: 366.3 MiB)
[2022-11-11T00:02:49.937-0300] {spark_submit.py:485} INFO - 22/11/11 00:02:49 INFO SparkContext: Created broadcast 1 from broadcast at DAGScheduler.scala:1513
[2022-11-11T00:02:49.951-0300] {spark_submit.py:485} INFO - 22/11/11 00:02:49 INFO DAGScheduler: Submitting 1 missing tasks from ResultStage 0 (MapPartitionsRDD[3] at json at NativeMethodAccessorImpl.java:0) (first 15 tasks are for partitions Vector(0))
[2022-11-11T00:02:49.952-0300] {spark_submit.py:485} INFO - 22/11/11 00:02:49 INFO TaskSchedulerImpl: Adding task set 0.0 with 1 tasks resource profile 0
[2022-11-11T00:02:50.027-0300] {spark_submit.py:485} INFO - 22/11/11 00:02:50 INFO TaskSetManager: Starting task 0.0 in stage 0.0 (TID 0) (renato-Virtual-Machine.mshome.net, executor driver, partition 0, PROCESS_LOCAL, 5000 bytes) taskResourceAssignments Map()
[2022-11-11T00:02:50.051-0300] {spark_submit.py:485} INFO - 22/11/11 00:02:50 INFO Executor: Running task 0.0 in stage 0.0 (TID 0)
[2022-11-11T00:02:50.374-0300] {spark_submit.py:485} INFO - 22/11/11 00:02:50 INFO FileScanRDD: Reading File path: file:///home/renato/Documentos/datapipeline/datalake/bronze/twitter_aluraonline/extract_date=2022-11-07/AluraOnline_20221107.json, range: 0-171251, partition values: [empty row]
[2022-11-11T00:02:50.627-0300] {spark_submit.py:485} INFO - 22/11/11 00:02:50 INFO CodeGenerator: Code generated in 206.892835 ms
[2022-11-11T00:02:50.728-0300] {spark_submit.py:485} INFO - 22/11/11 00:02:50 INFO Executor: Finished task 0.0 in stage 0.0 (TID 0). 2872 bytes result sent to driver
[2022-11-11T00:02:50.744-0300] {spark_submit.py:485} INFO - 22/11/11 00:02:50 INFO TaskSetManager: Finished task 0.0 in stage 0.0 (TID 0) in 742 ms on renato-Virtual-Machine.mshome.net (executor driver) (1/1)
[2022-11-11T00:02:50.751-0300] {spark_submit.py:485} INFO - 22/11/11 00:02:50 INFO TaskSchedulerImpl: Removed TaskSet 0.0, whose tasks have all completed, from pool
[2022-11-11T00:02:50.764-0300] {spark_submit.py:485} INFO - 22/11/11 00:02:50 INFO DAGScheduler: ResultStage 0 (json at NativeMethodAccessorImpl.java:0) finished in 0,952 s
[2022-11-11T00:02:50.776-0300] {spark_submit.py:485} INFO - 22/11/11 00:02:50 INFO DAGScheduler: Job 0 is finished. Cancelling potential speculative or zombie tasks for this job
[2022-11-11T00:02:50.777-0300] {spark_submit.py:485} INFO - 22/11/11 00:02:50 INFO TaskSchedulerImpl: Killing all running tasks in stage 0: Stage finished
[2022-11-11T00:02:50.788-0300] {spark_submit.py:485} INFO - 22/11/11 00:02:50 INFO DAGScheduler: Job 0 finished: json at NativeMethodAccessorImpl.java:0, took 1,106024 s
[2022-11-11T00:02:51.113-0300] {spark_submit.py:485} INFO - 22/11/11 00:02:51 INFO BlockManagerInfo: Removed broadcast_1_piece0 on renato-Virtual-Machine.mshome.net:46145 in memory (size: 7.0 KiB, free: 366.3 MiB)
[2022-11-11T00:02:51.323-0300] {spark_submit.py:485} INFO - 22/11/11 00:02:51 INFO FileSourceStrategy: Pushed Filters: IsNotNull(data)
[2022-11-11T00:02:51.325-0300] {spark_submit.py:485} INFO - 22/11/11 00:02:51 INFO FileSourceStrategy: Post-Scan Filters: (size(data#8, true) > 0),isnotnull(data#8)
[2022-11-11T00:02:51.326-0300] {spark_submit.py:485} INFO - 22/11/11 00:02:51 INFO FileSourceStrategy: Output Data Schema: struct<data: array<struct<author_id:string,conversation_id:string,created_at:string,edit_history_tweet_ids:array<string>,id:string,in_reply_to_user_id:string,public_metrics:struct<like_count:bigint,quote_count:bigint,reply_count:bigint,retweet_count:bigint>,text:string>>>
[2022-11-11T00:02:51.435-0300] {spark_submit.py:485} INFO - 22/11/11 00:02:51 INFO FileOutputCommitter: File Output Committer Algorithm version is 1
[2022-11-11T00:02:51.436-0300] {spark_submit.py:485} INFO - 22/11/11 00:02:51 INFO FileOutputCommitter: FileOutputCommitter skip cleanup _temporary folders under output directory:false, ignore cleanup failures: false
[2022-11-11T00:02:51.438-0300] {spark_submit.py:485} INFO - 22/11/11 00:02:51 INFO SQLHadoopMapReduceCommitProtocol: Using output committer class org.apache.hadoop.mapreduce.lib.output.FileOutputCommitter
[2022-11-11T00:02:51.648-0300] {spark_submit.py:485} INFO - 22/11/11 00:02:51 INFO CodeGenerator: Code generated in 115.193115 ms
[2022-11-11T00:02:51.653-0300] {spark_submit.py:485} INFO - 22/11/11 00:02:51 INFO MemoryStore: Block broadcast_2 stored as values in memory (estimated size 349.5 KiB, free 365.6 MiB)
[2022-11-11T00:02:51.664-0300] {spark_submit.py:485} INFO - 22/11/11 00:02:51 INFO MemoryStore: Block broadcast_2_piece0 stored as bytes in memory (estimated size 33.9 KiB, free 365.6 MiB)
[2022-11-11T00:02:51.665-0300] {spark_submit.py:485} INFO - 22/11/11 00:02:51 INFO BlockManagerInfo: Added broadcast_2_piece0 in memory on renato-Virtual-Machine.mshome.net:46145 (size: 33.9 KiB, free: 366.2 MiB)
[2022-11-11T00:02:51.666-0300] {spark_submit.py:485} INFO - 22/11/11 00:02:51 INFO SparkContext: Created broadcast 2 from json at NativeMethodAccessorImpl.java:0
[2022-11-11T00:02:51.670-0300] {spark_submit.py:485} INFO - 22/11/11 00:02:51 INFO FileSourceScanExec: Planning scan with bin packing, max size: 4365555 bytes, open cost is considered as scanning 4194304 bytes.
[2022-11-11T00:02:51.759-0300] {spark_submit.py:485} INFO - 22/11/11 00:02:51 INFO SparkContext: Starting job: json at NativeMethodAccessorImpl.java:0
[2022-11-11T00:02:51.762-0300] {spark_submit.py:485} INFO - 22/11/11 00:02:51 INFO DAGScheduler: Got job 1 (json at NativeMethodAccessorImpl.java:0) with 1 output partitions
[2022-11-11T00:02:51.762-0300] {spark_submit.py:485} INFO - 22/11/11 00:02:51 INFO DAGScheduler: Final stage: ResultStage 1 (json at NativeMethodAccessorImpl.java:0)
[2022-11-11T00:02:51.762-0300] {spark_submit.py:485} INFO - 22/11/11 00:02:51 INFO DAGScheduler: Parents of final stage: List()
[2022-11-11T00:02:51.762-0300] {spark_submit.py:485} INFO - 22/11/11 00:02:51 INFO DAGScheduler: Missing parents: List()
[2022-11-11T00:02:51.769-0300] {spark_submit.py:485} INFO - 22/11/11 00:02:51 INFO DAGScheduler: Submitting ResultStage 1 (CoalescedRDD[7] at json at NativeMethodAccessorImpl.java:0), which has no missing parents
[2022-11-11T00:02:51.802-0300] {spark_submit.py:485} INFO - 22/11/11 00:02:51 INFO MemoryStore: Block broadcast_3 stored as values in memory (estimated size 234.4 KiB, free 365.3 MiB)
[2022-11-11T00:02:51.804-0300] {spark_submit.py:485} INFO - 22/11/11 00:02:51 INFO MemoryStore: Block broadcast_3_piece0 stored as bytes in memory (estimated size 81.6 KiB, free 365.2 MiB)
[2022-11-11T00:02:51.805-0300] {spark_submit.py:485} INFO - 22/11/11 00:02:51 INFO BlockManagerInfo: Added broadcast_3_piece0 in memory on renato-Virtual-Machine.mshome.net:46145 (size: 81.6 KiB, free: 366.2 MiB)
[2022-11-11T00:02:51.806-0300] {spark_submit.py:485} INFO - 22/11/11 00:02:51 INFO SparkContext: Created broadcast 3 from broadcast at DAGScheduler.scala:1513
[2022-11-11T00:02:51.807-0300] {spark_submit.py:485} INFO - 22/11/11 00:02:51 INFO DAGScheduler: Submitting 1 missing tasks from ResultStage 1 (CoalescedRDD[7] at json at NativeMethodAccessorImpl.java:0) (first 15 tasks are for partitions Vector(0))
[2022-11-11T00:02:51.807-0300] {spark_submit.py:485} INFO - 22/11/11 00:02:51 INFO TaskSchedulerImpl: Adding task set 1.0 with 1 tasks resource profile 0
[2022-11-11T00:02:51.811-0300] {spark_submit.py:485} INFO - 22/11/11 00:02:51 INFO TaskSetManager: Starting task 0.0 in stage 1.0 (TID 1) (renato-Virtual-Machine.mshome.net, executor driver, partition 0, PROCESS_LOCAL, 5229 bytes) taskResourceAssignments Map()
[2022-11-11T00:02:51.815-0300] {spark_submit.py:485} INFO - 22/11/11 00:02:51 INFO Executor: Running task 0.0 in stage 1.0 (TID 1)
[2022-11-11T00:02:51.891-0300] {spark_submit.py:485} INFO - 22/11/11 00:02:51 INFO FileOutputCommitter: File Output Committer Algorithm version is 1
[2022-11-11T00:02:51.892-0300] {spark_submit.py:485} INFO - 22/11/11 00:02:51 INFO FileOutputCommitter: FileOutputCommitter skip cleanup _temporary folders under output directory:false, ignore cleanup failures: false
[2022-11-11T00:02:51.894-0300] {spark_submit.py:485} INFO - 22/11/11 00:02:51 INFO SQLHadoopMapReduceCommitProtocol: Using output committer class org.apache.hadoop.mapreduce.lib.output.FileOutputCommitter
[2022-11-11T00:02:51.950-0300] {spark_submit.py:485} INFO - 22/11/11 00:02:51 INFO FileScanRDD: Reading File path: file:///home/renato/Documentos/datapipeline/datalake/bronze/twitter_aluraonline/extract_date=2022-11-07/AluraOnline_20221107.json, range: 0-171251, partition values: [empty row]
[2022-11-11T00:02:51.984-0300] {spark_submit.py:485} INFO - 22/11/11 00:02:51 INFO CodeGenerator: Code generated in 29.991953 ms
[2022-11-11T00:02:52.021-0300] {spark_submit.py:485} INFO - 22/11/11 00:02:52 INFO CodeGenerator: Code generated in 11.60675 ms
[2022-11-11T00:02:52.197-0300] {spark_submit.py:485} INFO - 22/11/11 00:02:52 INFO FileOutputCommitter: Saved output of task 'attempt_202211110002511201391638066669705_0001_m_000000_1' to file:/home/renato/Documentos/datapipeline/datalake/silver/twitter_aluraonline/tweet/process_date=2022-11-07/_temporary/0/task_202211110002511201391638066669705_0001_m_000000
[2022-11-11T00:02:52.198-0300] {spark_submit.py:485} INFO - 22/11/11 00:02:52 INFO SparkHadoopMapRedUtil: attempt_202211110002511201391638066669705_0001_m_000000_1: Committed. Elapsed time: 9 ms.
[2022-11-11T00:02:52.221-0300] {spark_submit.py:485} INFO - 22/11/11 00:02:52 INFO Executor: Finished task 0.0 in stage 1.0 (TID 1). 2678 bytes result sent to driver
[2022-11-11T00:02:52.232-0300] {spark_submit.py:485} INFO - 22/11/11 00:02:52 INFO TaskSetManager: Finished task 0.0 in stage 1.0 (TID 1) in 422 ms on renato-Virtual-Machine.mshome.net (executor driver) (1/1)
[2022-11-11T00:02:52.241-0300] {spark_submit.py:485} INFO - 22/11/11 00:02:52 INFO DAGScheduler: ResultStage 1 (json at NativeMethodAccessorImpl.java:0) finished in 0,471 s
[2022-11-11T00:02:52.241-0300] {spark_submit.py:485} INFO - 22/11/11 00:02:52 INFO DAGScheduler: Job 1 is finished. Cancelling potential speculative or zombie tasks for this job
[2022-11-11T00:02:52.242-0300] {spark_submit.py:485} INFO - 22/11/11 00:02:52 INFO TaskSchedulerImpl: Removed TaskSet 1.0, whose tasks have all completed, from pool
[2022-11-11T00:02:52.242-0300] {spark_submit.py:485} INFO - 22/11/11 00:02:52 INFO TaskSchedulerImpl: Killing all running tasks in stage 1: Stage finished
[2022-11-11T00:02:52.242-0300] {spark_submit.py:485} INFO - 22/11/11 00:02:52 INFO DAGScheduler: Job 1 finished: json at NativeMethodAccessorImpl.java:0, took 0,481991 s
[2022-11-11T00:02:52.246-0300] {spark_submit.py:485} INFO - 22/11/11 00:02:52 INFO FileFormatWriter: Start to commit write Job 2aeb1f63-3806-4bd3-853c-ad2179ed60fa.
[2022-11-11T00:02:52.276-0300] {spark_submit.py:485} INFO - 22/11/11 00:02:52 INFO FileFormatWriter: Write Job 2aeb1f63-3806-4bd3-853c-ad2179ed60fa committed. Elapsed time: 31 ms.
[2022-11-11T00:02:52.284-0300] {spark_submit.py:485} INFO - 22/11/11 00:02:52 INFO FileFormatWriter: Finished processing stats for write job 2aeb1f63-3806-4bd3-853c-ad2179ed60fa.
[2022-11-11T00:02:52.342-0300] {spark_submit.py:485} INFO - 22/11/11 00:02:52 INFO FileSourceStrategy: Pushed Filters:
[2022-11-11T00:02:52.343-0300] {spark_submit.py:485} INFO - 22/11/11 00:02:52 INFO FileSourceStrategy: Post-Scan Filters:
[2022-11-11T00:02:52.343-0300] {spark_submit.py:485} INFO - 22/11/11 00:02:52 INFO FileSourceStrategy: Output Data Schema: struct<includes: struct<users: array<struct<created_at:string,id:string,name:string,username:string>>>>
[2022-11-11T00:02:52.368-0300] {spark_submit.py:485} INFO - 22/11/11 00:02:52 INFO FileOutputCommitter: File Output Committer Algorithm version is 1
[2022-11-11T00:02:52.368-0300] {spark_submit.py:485} INFO - 22/11/11 00:02:52 INFO FileOutputCommitter: FileOutputCommitter skip cleanup _temporary folders under output directory:false, ignore cleanup failures: false
[2022-11-11T00:02:52.369-0300] {spark_submit.py:485} INFO - 22/11/11 00:02:52 INFO SQLHadoopMapReduceCommitProtocol: Using output committer class org.apache.hadoop.mapreduce.lib.output.FileOutputCommitter
[2022-11-11T00:02:52.418-0300] {spark_submit.py:485} INFO - 22/11/11 00:02:52 INFO CodeGenerator: Code generated in 21.116444 ms
[2022-11-11T00:02:52.430-0300] {spark_submit.py:485} INFO - 22/11/11 00:02:52 INFO MemoryStore: Block broadcast_4 stored as values in memory (estimated size 349.5 KiB, free 364.9 MiB)
[2022-11-11T00:02:52.439-0300] {spark_submit.py:485} INFO - 22/11/11 00:02:52 INFO MemoryStore: Block broadcast_4_piece0 stored as bytes in memory (estimated size 33.9 KiB, free 364.9 MiB)
[2022-11-11T00:02:52.441-0300] {spark_submit.py:485} INFO - 22/11/11 00:02:52 INFO BlockManagerInfo: Added broadcast_4_piece0 in memory on renato-Virtual-Machine.mshome.net:46145 (size: 33.9 KiB, free: 366.1 MiB)
[2022-11-11T00:02:52.442-0300] {spark_submit.py:485} INFO - 22/11/11 00:02:52 INFO SparkContext: Created broadcast 4 from json at NativeMethodAccessorImpl.java:0
[2022-11-11T00:02:52.443-0300] {spark_submit.py:485} INFO - 22/11/11 00:02:52 INFO FileSourceScanExec: Planning scan with bin packing, max size: 4365555 bytes, open cost is considered as scanning 4194304 bytes.
[2022-11-11T00:02:52.472-0300] {spark_submit.py:485} INFO - 22/11/11 00:02:52 INFO SparkContext: Starting job: json at NativeMethodAccessorImpl.java:0
[2022-11-11T00:02:52.475-0300] {spark_submit.py:485} INFO - 22/11/11 00:02:52 INFO DAGScheduler: Got job 2 (json at NativeMethodAccessorImpl.java:0) with 1 output partitions
[2022-11-11T00:02:52.475-0300] {spark_submit.py:485} INFO - 22/11/11 00:02:52 INFO DAGScheduler: Final stage: ResultStage 2 (json at NativeMethodAccessorImpl.java:0)
[2022-11-11T00:02:52.475-0300] {spark_submit.py:485} INFO - 22/11/11 00:02:52 INFO DAGScheduler: Parents of final stage: List()
[2022-11-11T00:02:52.475-0300] {spark_submit.py:485} INFO - 22/11/11 00:02:52 INFO DAGScheduler: Missing parents: List()
[2022-11-11T00:02:52.480-0300] {spark_submit.py:485} INFO - 22/11/11 00:02:52 INFO DAGScheduler: Submitting ResultStage 2 (CoalescedRDD[11] at json at NativeMethodAccessorImpl.java:0), which has no missing parents
[2022-11-11T00:02:52.506-0300] {spark_submit.py:485} INFO - 22/11/11 00:02:52 INFO MemoryStore: Block broadcast_5 stored as values in memory (estimated size 214.7 KiB, free 364.7 MiB)
[2022-11-11T00:02:52.510-0300] {spark_submit.py:485} INFO - 22/11/11 00:02:52 INFO MemoryStore: Block broadcast_5_piece0 stored as bytes in memory (estimated size 76.4 KiB, free 364.6 MiB)
[2022-11-11T00:02:52.512-0300] {spark_submit.py:485} INFO - 22/11/11 00:02:52 INFO BlockManagerInfo: Added broadcast_5_piece0 in memory on renato-Virtual-Machine.mshome.net:46145 (size: 76.4 KiB, free: 366.0 MiB)
[2022-11-11T00:02:52.515-0300] {spark_submit.py:485} INFO - 22/11/11 00:02:52 INFO SparkContext: Created broadcast 5 from broadcast at DAGScheduler.scala:1513
[2022-11-11T00:02:52.517-0300] {spark_submit.py:485} INFO - 22/11/11 00:02:52 INFO DAGScheduler: Submitting 1 missing tasks from ResultStage 2 (CoalescedRDD[11] at json at NativeMethodAccessorImpl.java:0) (first 15 tasks are for partitions Vector(0))
[2022-11-11T00:02:52.518-0300] {spark_submit.py:485} INFO - 22/11/11 00:02:52 INFO TaskSchedulerImpl: Adding task set 2.0 with 1 tasks resource profile 0
[2022-11-11T00:02:52.520-0300] {spark_submit.py:485} INFO - 22/11/11 00:02:52 INFO TaskSetManager: Starting task 0.0 in stage 2.0 (TID 2) (renato-Virtual-Machine.mshome.net, executor driver, partition 0, PROCESS_LOCAL, 5229 bytes) taskResourceAssignments Map()
[2022-11-11T00:02:52.520-0300] {spark_submit.py:485} INFO - 22/11/11 00:02:52 INFO Executor: Running task 0.0 in stage 2.0 (TID 2)
[2022-11-11T00:02:52.550-0300] {spark_submit.py:485} INFO - 22/11/11 00:02:52 INFO FileOutputCommitter: File Output Committer Algorithm version is 1
[2022-11-11T00:02:52.551-0300] {spark_submit.py:485} INFO - 22/11/11 00:02:52 INFO FileOutputCommitter: FileOutputCommitter skip cleanup _temporary folders under output directory:false, ignore cleanup failures: false
[2022-11-11T00:02:52.552-0300] {spark_submit.py:485} INFO - 22/11/11 00:02:52 INFO SQLHadoopMapReduceCommitProtocol: Using output committer class org.apache.hadoop.mapreduce.lib.output.FileOutputCommitter
[2022-11-11T00:02:52.585-0300] {spark_submit.py:485} INFO - 22/11/11 00:02:52 INFO FileScanRDD: Reading File path: file:///home/renato/Documentos/datapipeline/datalake/bronze/twitter_aluraonline/extract_date=2022-11-07/AluraOnline_20221107.json, range: 0-171251, partition values: [empty row]
[2022-11-11T00:02:52.636-0300] {spark_submit.py:485} INFO - 22/11/11 00:02:52 INFO CodeGenerator: Code generated in 45.47002 ms
[2022-11-11T00:02:52.678-0300] {spark_submit.py:485} INFO - 22/11/11 00:02:52 INFO FileOutputCommitter: Saved output of task 'attempt_202211110002525856061772232222723_0002_m_000000_2' to file:/home/renato/Documentos/datapipeline/datalake/silver/twitter_aluraonline/user/process_date=2022-11-07/_temporary/0/task_202211110002525856061772232222723_0002_m_000000
[2022-11-11T00:02:52.678-0300] {spark_submit.py:485} INFO - 22/11/11 00:02:52 INFO SparkHadoopMapRedUtil: attempt_202211110002525856061772232222723_0002_m_000000_2: Committed. Elapsed time: 0 ms.
[2022-11-11T00:02:52.680-0300] {spark_submit.py:485} INFO - 22/11/11 00:02:52 INFO Executor: Finished task 0.0 in stage 2.0 (TID 2). 2579 bytes result sent to driver
[2022-11-11T00:02:52.687-0300] {spark_submit.py:485} INFO - 22/11/11 00:02:52 INFO TaskSetManager: Finished task 0.0 in stage 2.0 (TID 2) in 167 ms on renato-Virtual-Machine.mshome.net (executor driver) (1/1)
[2022-11-11T00:02:52.688-0300] {spark_submit.py:485} INFO - 22/11/11 00:02:52 INFO TaskSchedulerImpl: Removed TaskSet 2.0, whose tasks have all completed, from pool
[2022-11-11T00:02:52.691-0300] {spark_submit.py:485} INFO - 22/11/11 00:02:52 INFO DAGScheduler: ResultStage 2 (json at NativeMethodAccessorImpl.java:0) finished in 0,208 s
[2022-11-11T00:02:52.692-0300] {spark_submit.py:485} INFO - 22/11/11 00:02:52 INFO DAGScheduler: Job 2 is finished. Cancelling potential speculative or zombie tasks for this job
[2022-11-11T00:02:52.692-0300] {spark_submit.py:485} INFO - 22/11/11 00:02:52 INFO TaskSchedulerImpl: Killing all running tasks in stage 2: Stage finished
[2022-11-11T00:02:52.695-0300] {spark_submit.py:485} INFO - 22/11/11 00:02:52 INFO DAGScheduler: Job 2 finished: json at NativeMethodAccessorImpl.java:0, took 0,219099 s
[2022-11-11T00:02:52.697-0300] {spark_submit.py:485} INFO - 22/11/11 00:02:52 INFO FileFormatWriter: Start to commit write Job 6dff8096-7f87-4cf9-8867-24599f2c667b.
[2022-11-11T00:02:52.711-0300] {spark_submit.py:485} INFO - 22/11/11 00:02:52 INFO FileFormatWriter: Write Job 6dff8096-7f87-4cf9-8867-24599f2c667b committed. Elapsed time: 17 ms.
[2022-11-11T00:02:52.712-0300] {spark_submit.py:485} INFO - 22/11/11 00:02:52 INFO FileFormatWriter: Finished processing stats for write job 6dff8096-7f87-4cf9-8867-24599f2c667b.
[2022-11-11T00:02:52.763-0300] {spark_submit.py:485} INFO - 22/11/11 00:02:52 INFO SparkContext: Invoking stop() from shutdown hook
[2022-11-11T00:02:52.776-0300] {spark_submit.py:485} INFO - 22/11/11 00:02:52 INFO SparkUI: Stopped Spark web UI at http://renato-Virtual-Machine.mshome.net:4040
[2022-11-11T00:02:52.797-0300] {spark_submit.py:485} INFO - 22/11/11 00:02:52 INFO MapOutputTrackerMasterEndpoint: MapOutputTrackerMasterEndpoint stopped!
[2022-11-11T00:02:52.808-0300] {spark_submit.py:485} INFO - 22/11/11 00:02:52 INFO MemoryStore: MemoryStore cleared
[2022-11-11T00:02:52.809-0300] {spark_submit.py:485} INFO - 22/11/11 00:02:52 INFO BlockManager: BlockManager stopped
[2022-11-11T00:02:52.820-0300] {spark_submit.py:485} INFO - 22/11/11 00:02:52 INFO BlockManagerMaster: BlockManagerMaster stopped
[2022-11-11T00:02:52.831-0300] {spark_submit.py:485} INFO - 22/11/11 00:02:52 INFO OutputCommitCoordinator$OutputCommitCoordinatorEndpoint: OutputCommitCoordinator stopped!
[2022-11-11T00:02:52.838-0300] {spark_submit.py:485} INFO - 22/11/11 00:02:52 INFO SparkContext: Successfully stopped SparkContext
[2022-11-11T00:02:52.838-0300] {spark_submit.py:485} INFO - 22/11/11 00:02:52 INFO ShutdownHookManager: Shutdown hook called
[2022-11-11T00:02:52.838-0300] {spark_submit.py:485} INFO - 22/11/11 00:02:52 INFO ShutdownHookManager: Deleting directory /tmp/spark-c5109421-086a-4c4e-8ec7-da0f2e25814e
[2022-11-11T00:02:52.843-0300] {spark_submit.py:485} INFO - 22/11/11 00:02:52 INFO ShutdownHookManager: Deleting directory /tmp/spark-d7981e28-abe9-4cf9-b6ec-ce3f29891e19/pyspark-e965f6bd-cc22-47e8-b789-dc62b012a912
[2022-11-11T00:02:52.845-0300] {spark_submit.py:485} INFO - 22/11/11 00:02:52 INFO ShutdownHookManager: Deleting directory /tmp/spark-d7981e28-abe9-4cf9-b6ec-ce3f29891e19
[2022-11-11T00:02:52.920-0300] {taskinstance.py:1401} INFO - Marking task as SUCCESS. dag_id=twitter_dag, task_id=transform_twitter_aluraonline, execution_date=20221107T090000, start_date=20221111T030236, end_date=20221111T030252
[2022-11-11T00:02:52.986-0300] {local_task_job.py:164} INFO - Task exited with return code 0
[2022-11-11T00:02:52.994-0300] {local_task_job.py:273} INFO - 0 downstream tasks scheduled from follow-on schedule check
