[2022-11-08T19:50:46.900-0300] {taskinstance.py:1165} INFO - Dependencies all met for <TaskInstance: twitter_dag.transform_twitter_aluraonline manual__2022-11-08T22:50:24.803216+00:00 [queued]>
[2022-11-08T19:50:46.905-0300] {taskinstance.py:1165} INFO - Dependencies all met for <TaskInstance: twitter_dag.transform_twitter_aluraonline manual__2022-11-08T22:50:24.803216+00:00 [queued]>
[2022-11-08T19:50:46.906-0300] {taskinstance.py:1362} INFO - 
--------------------------------------------------------------------------------
[2022-11-08T19:50:46.906-0300] {taskinstance.py:1363} INFO - Starting attempt 1 of 1
[2022-11-08T19:50:46.906-0300] {taskinstance.py:1364} INFO - 
--------------------------------------------------------------------------------
[2022-11-08T19:50:46.922-0300] {taskinstance.py:1383} INFO - Executing <Task(SparkSubmitOperator): transform_twitter_aluraonline> on 2022-11-08 22:50:24.803216+00:00
[2022-11-08T19:50:46.924-0300] {standard_task_runner.py:54} INFO - Started process 17235 to run task
[2022-11-08T19:50:46.927-0300] {standard_task_runner.py:82} INFO - Running: ['airflow', 'tasks', 'run', 'twitter_dag', 'transform_twitter_aluraonline', 'manual__2022-11-08T22:50:24.803216+00:00', '--job-id', '105', '--raw', '--subdir', 'DAGS_FOLDER/twitter_dag.py', '--cfg-path', '/tmp/tmpfx6vyi43']
[2022-11-08T19:50:46.927-0300] {standard_task_runner.py:83} INFO - Job 105: Subtask transform_twitter_aluraonline
[2022-11-08T19:50:46.928-0300] {dagbag.py:525} INFO - Filling up the DagBag from /home/renato/Documentos/datapipeline/airflow/dags/twitter_dag.py
[2022-11-08T19:50:46.977-0300] {tutorial_taskflow_api_virtualenv.py:29} WARNING - The tutorial_taskflow_api_virtualenv example DAG requires virtualenv, please install it.
[2022-11-08T19:50:46.987-0300] {taskmixin.py:205} WARNING - Dependency <Task(_PythonDecoratedOperator): print_the_context>, log_sql_query already registered for DAG: example_python_operator
[2022-11-08T19:50:46.988-0300] {taskmixin.py:205} WARNING - Dependency <Task(_PythonDecoratedOperator): log_sql_query>, print_the_context already registered for DAG: example_python_operator
[2022-11-08T19:50:46.988-0300] {taskmixin.py:205} WARNING - Dependency <Task(_PythonDecoratedOperator): print_the_context>, log_sql_query already registered for DAG: example_python_operator
[2022-11-08T19:50:46.988-0300] {taskmixin.py:205} WARNING - Dependency <Task(_PythonDecoratedOperator): log_sql_query>, print_the_context already registered for DAG: example_python_operator
[2022-11-08T19:50:46.989-0300] {taskmixin.py:205} WARNING - Dependency <Task(_PythonDecoratedOperator): print_the_context>, log_sql_query already registered for DAG: example_python_operator
[2022-11-08T19:50:46.989-0300] {taskmixin.py:205} WARNING - Dependency <Task(_PythonDecoratedOperator): log_sql_query>, print_the_context already registered for DAG: example_python_operator
[2022-11-08T19:50:46.989-0300] {taskmixin.py:205} WARNING - Dependency <Task(_PythonDecoratedOperator): print_the_context>, log_sql_query already registered for DAG: example_python_operator
[2022-11-08T19:50:46.989-0300] {taskmixin.py:205} WARNING - Dependency <Task(_PythonDecoratedOperator): log_sql_query>, print_the_context already registered for DAG: example_python_operator
[2022-11-08T19:50:46.990-0300] {example_python_operator.py:85} WARNING - The virtalenv_python example task requires virtualenv, please install it.
[2022-11-08T19:50:47.027-0300] {taskmixin.py:205} WARNING - Dependency <Task(_PythonDecoratedOperator): extract>, transform already registered for DAG: tutorial_taskflow_api
[2022-11-08T19:50:47.027-0300] {taskmixin.py:205} WARNING - Dependency <Task(_PythonDecoratedOperator): transform>, extract already registered for DAG: tutorial_taskflow_api
[2022-11-08T19:50:47.027-0300] {taskmixin.py:205} WARNING - Dependency <Task(_PythonDecoratedOperator): extract>, transform already registered for DAG: tutorial_taskflow_api
[2022-11-08T19:50:47.027-0300] {taskmixin.py:205} WARNING - Dependency <Task(_PythonDecoratedOperator): transform>, extract already registered for DAG: tutorial_taskflow_api
[2022-11-08T19:50:47.028-0300] {taskmixin.py:205} WARNING - Dependency <Task(_PythonDecoratedOperator): extract>, transform already registered for DAG: tutorial_taskflow_api
[2022-11-08T19:50:47.028-0300] {taskmixin.py:205} WARNING - Dependency <Task(_PythonDecoratedOperator): transform>, extract already registered for DAG: tutorial_taskflow_api
[2022-11-08T19:50:47.028-0300] {taskmixin.py:205} WARNING - Dependency <Task(_PythonDecoratedOperator): extract>, transform already registered for DAG: tutorial_taskflow_api
[2022-11-08T19:50:47.028-0300] {taskmixin.py:205} WARNING - Dependency <Task(_PythonDecoratedOperator): transform>, extract already registered for DAG: tutorial_taskflow_api
[2022-11-08T19:50:47.028-0300] {taskmixin.py:205} WARNING - Dependency <Task(_PythonDecoratedOperator): extract>, transform already registered for DAG: tutorial_taskflow_api
[2022-11-08T19:50:47.028-0300] {taskmixin.py:205} WARNING - Dependency <Task(_PythonDecoratedOperator): transform>, extract already registered for DAG: tutorial_taskflow_api
[2022-11-08T19:50:47.028-0300] {taskmixin.py:205} WARNING - Dependency <Task(_PythonDecoratedOperator): extract>, transform already registered for DAG: tutorial_taskflow_api
[2022-11-08T19:50:47.028-0300] {taskmixin.py:205} WARNING - Dependency <Task(_PythonDecoratedOperator): transform>, extract already registered for DAG: tutorial_taskflow_api
[2022-11-08T19:50:47.029-0300] {taskmixin.py:205} WARNING - Dependency <Task(_PythonDecoratedOperator): transform>, load already registered for DAG: tutorial_taskflow_api
[2022-11-08T19:50:47.029-0300] {taskmixin.py:205} WARNING - Dependency <Task(_PythonDecoratedOperator): load>, transform already registered for DAG: tutorial_taskflow_api
[2022-11-08T19:50:47.029-0300] {taskmixin.py:205} WARNING - Dependency <Task(_PythonDecoratedOperator): transform>, load already registered for DAG: tutorial_taskflow_api
[2022-11-08T19:50:47.029-0300] {taskmixin.py:205} WARNING - Dependency <Task(_PythonDecoratedOperator): load>, transform already registered for DAG: tutorial_taskflow_api
[2022-11-08T19:50:47.029-0300] {taskmixin.py:205} WARNING - Dependency <Task(_PythonDecoratedOperator): transform>, load already registered for DAG: tutorial_taskflow_api
[2022-11-08T19:50:47.029-0300] {taskmixin.py:205} WARNING - Dependency <Task(_PythonDecoratedOperator): load>, transform already registered for DAG: tutorial_taskflow_api
[2022-11-08T19:50:47.030-0300] {taskmixin.py:205} WARNING - Dependency <Task(_PythonDecoratedOperator): transform>, load already registered for DAG: tutorial_taskflow_api
[2022-11-08T19:50:47.030-0300] {taskmixin.py:205} WARNING - Dependency <Task(_PythonDecoratedOperator): load>, transform already registered for DAG: tutorial_taskflow_api
[2022-11-08T19:50:47.030-0300] {taskmixin.py:205} WARNING - Dependency <Task(_PythonDecoratedOperator): transform>, load already registered for DAG: tutorial_taskflow_api
[2022-11-08T19:50:47.030-0300] {taskmixin.py:205} WARNING - Dependency <Task(_PythonDecoratedOperator): load>, transform already registered for DAG: tutorial_taskflow_api
[2022-11-08T19:50:47.030-0300] {taskmixin.py:205} WARNING - Dependency <Task(_PythonDecoratedOperator): transform>, load already registered for DAG: tutorial_taskflow_api
[2022-11-08T19:50:47.030-0300] {taskmixin.py:205} WARNING - Dependency <Task(_PythonDecoratedOperator): load>, transform already registered for DAG: tutorial_taskflow_api
[2022-11-08T19:50:47.048-0300] {taskmixin.py:205} WARNING - Dependency <Task(_PythonDecoratedOperator): push_by_returning>, puller already registered for DAG: example_xcom
[2022-11-08T19:50:47.049-0300] {taskmixin.py:205} WARNING - Dependency <Task(_PythonDecoratedOperator): puller>, push_by_returning already registered for DAG: example_xcom
[2022-11-08T19:50:47.049-0300] {taskmixin.py:205} WARNING - Dependency <Task(_PythonDecoratedOperator): push_by_returning>, puller already registered for DAG: example_xcom
[2022-11-08T19:50:47.049-0300] {taskmixin.py:205} WARNING - Dependency <Task(_PythonDecoratedOperator): puller>, push_by_returning already registered for DAG: example_xcom
[2022-11-08T19:50:47.049-0300] {taskmixin.py:205} WARNING - Dependency <Task(_PythonDecoratedOperator): push_by_returning>, puller already registered for DAG: example_xcom
[2022-11-08T19:50:47.049-0300] {taskmixin.py:205} WARNING - Dependency <Task(_PythonDecoratedOperator): puller>, push_by_returning already registered for DAG: example_xcom
[2022-11-08T19:50:47.049-0300] {taskmixin.py:205} WARNING - Dependency <Task(_PythonDecoratedOperator): push_by_returning>, puller already registered for DAG: example_xcom
[2022-11-08T19:50:47.049-0300] {taskmixin.py:205} WARNING - Dependency <Task(_PythonDecoratedOperator): puller>, push_by_returning already registered for DAG: example_xcom
[2022-11-08T19:50:47.049-0300] {taskmixin.py:205} WARNING - Dependency <Task(_PythonDecoratedOperator): push_by_returning>, puller already registered for DAG: example_xcom
[2022-11-08T19:50:47.050-0300] {taskmixin.py:205} WARNING - Dependency <Task(_PythonDecoratedOperator): puller>, push_by_returning already registered for DAG: example_xcom
[2022-11-08T19:50:47.050-0300] {taskmixin.py:205} WARNING - Dependency <Task(_PythonDecoratedOperator): push_by_returning>, puller already registered for DAG: example_xcom
[2022-11-08T19:50:47.050-0300] {taskmixin.py:205} WARNING - Dependency <Task(_PythonDecoratedOperator): puller>, push_by_returning already registered for DAG: example_xcom
[2022-11-08T19:50:47.139-0300] {taskmixin.py:205} WARNING - Dependency <Task(GetRequestOperator): get_ip>, prepare_email already registered for DAG: example_dag_decorator
[2022-11-08T19:50:47.139-0300] {taskmixin.py:205} WARNING - Dependency <Task(_PythonDecoratedOperator): prepare_email>, get_ip already registered for DAG: example_dag_decorator
[2022-11-08T19:50:47.140-0300] {taskmixin.py:205} WARNING - Dependency <Task(GetRequestOperator): get_ip>, prepare_email already registered for DAG: example_dag_decorator
[2022-11-08T19:50:47.140-0300] {taskmixin.py:205} WARNING - Dependency <Task(_PythonDecoratedOperator): prepare_email>, get_ip already registered for DAG: example_dag_decorator
[2022-11-08T19:50:47.140-0300] {taskmixin.py:205} WARNING - Dependency <Task(GetRequestOperator): get_ip>, prepare_email already registered for DAG: example_dag_decorator
[2022-11-08T19:50:47.140-0300] {taskmixin.py:205} WARNING - Dependency <Task(_PythonDecoratedOperator): prepare_email>, get_ip already registered for DAG: example_dag_decorator
[2022-11-08T19:50:47.140-0300] {taskmixin.py:205} WARNING - Dependency <Task(GetRequestOperator): get_ip>, prepare_email already registered for DAG: example_dag_decorator
[2022-11-08T19:50:47.140-0300] {taskmixin.py:205} WARNING - Dependency <Task(_PythonDecoratedOperator): prepare_email>, get_ip already registered for DAG: example_dag_decorator
[2022-11-08T19:50:47.140-0300] {taskmixin.py:205} WARNING - Dependency <Task(GetRequestOperator): get_ip>, prepare_email already registered for DAG: example_dag_decorator
[2022-11-08T19:50:47.141-0300] {taskmixin.py:205} WARNING - Dependency <Task(_PythonDecoratedOperator): prepare_email>, get_ip already registered for DAG: example_dag_decorator
[2022-11-08T19:50:47.141-0300] {taskmixin.py:205} WARNING - Dependency <Task(GetRequestOperator): get_ip>, prepare_email already registered for DAG: example_dag_decorator
[2022-11-08T19:50:47.141-0300] {taskmixin.py:205} WARNING - Dependency <Task(_PythonDecoratedOperator): prepare_email>, get_ip already registered for DAG: example_dag_decorator
[2022-11-08T19:50:47.141-0300] {taskmixin.py:205} WARNING - Dependency <Task(_PythonDecoratedOperator): prepare_email>, send_email already registered for DAG: example_dag_decorator
[2022-11-08T19:50:47.141-0300] {taskmixin.py:205} WARNING - Dependency <Task(EmailOperator): send_email>, prepare_email already registered for DAG: example_dag_decorator
[2022-11-08T19:50:47.142-0300] {taskmixin.py:205} WARNING - Dependency <Task(_PythonDecoratedOperator): prepare_email>, send_email already registered for DAG: example_dag_decorator
[2022-11-08T19:50:47.142-0300] {taskmixin.py:205} WARNING - Dependency <Task(EmailOperator): send_email>, prepare_email already registered for DAG: example_dag_decorator
[2022-11-08T19:50:47.142-0300] {taskmixin.py:205} WARNING - Dependency <Task(_PythonDecoratedOperator): prepare_email>, send_email already registered for DAG: example_dag_decorator
[2022-11-08T19:50:47.142-0300] {taskmixin.py:205} WARNING - Dependency <Task(EmailOperator): send_email>, prepare_email already registered for DAG: example_dag_decorator
[2022-11-08T19:50:47.142-0300] {taskmixin.py:205} WARNING - Dependency <Task(_PythonDecoratedOperator): prepare_email>, send_email already registered for DAG: example_dag_decorator
[2022-11-08T19:50:47.142-0300] {taskmixin.py:205} WARNING - Dependency <Task(EmailOperator): send_email>, prepare_email already registered for DAG: example_dag_decorator
[2022-11-08T19:50:47.142-0300] {taskmixin.py:205} WARNING - Dependency <Task(_PythonDecoratedOperator): prepare_email>, send_email already registered for DAG: example_dag_decorator
[2022-11-08T19:50:47.142-0300] {taskmixin.py:205} WARNING - Dependency <Task(EmailOperator): send_email>, prepare_email already registered for DAG: example_dag_decorator
[2022-11-08T19:50:47.143-0300] {taskmixin.py:205} WARNING - Dependency <Task(_PythonDecoratedOperator): prepare_email>, send_email already registered for DAG: example_dag_decorator
[2022-11-08T19:50:47.143-0300] {taskmixin.py:205} WARNING - Dependency <Task(EmailOperator): send_email>, prepare_email already registered for DAG: example_dag_decorator
[2022-11-08T19:50:47.159-0300] {taskmixin.py:205} WARNING - Dependency <Task(BashOperator): create_entry_group>, delete_entry_group already registered for DAG: example_complex
[2022-11-08T19:50:47.159-0300] {taskmixin.py:205} WARNING - Dependency <Task(BashOperator): delete_entry_group>, create_entry_group already registered for DAG: example_complex
[2022-11-08T19:50:47.159-0300] {taskmixin.py:205} WARNING - Dependency <Task(BashOperator): create_entry_gcs>, delete_entry already registered for DAG: example_complex
[2022-11-08T19:50:47.159-0300] {taskmixin.py:205} WARNING - Dependency <Task(BashOperator): delete_entry>, create_entry_gcs already registered for DAG: example_complex
[2022-11-08T19:50:47.159-0300] {taskmixin.py:205} WARNING - Dependency <Task(BashOperator): create_tag>, delete_tag already registered for DAG: example_complex
[2022-11-08T19:50:47.160-0300] {taskmixin.py:205} WARNING - Dependency <Task(BashOperator): delete_tag>, create_tag already registered for DAG: example_complex
[2022-11-08T19:50:47.170-0300] {taskmixin.py:205} WARNING - Dependency <Task(_PythonDecoratedOperator): task_group_function.task_1>, task_group_function.task_2 already registered for DAG: example_task_group_decorator
[2022-11-08T19:50:47.170-0300] {taskmixin.py:205} WARNING - Dependency <Task(_PythonDecoratedOperator): task_group_function.task_2>, task_group_function.task_1 already registered for DAG: example_task_group_decorator
[2022-11-08T19:50:47.170-0300] {taskmixin.py:205} WARNING - Dependency <Task(_PythonDecoratedOperator): task_group_function.task_1>, task_group_function.task_2 already registered for DAG: example_task_group_decorator
[2022-11-08T19:50:47.170-0300] {taskmixin.py:205} WARNING - Dependency <Task(_PythonDecoratedOperator): task_group_function.task_2>, task_group_function.task_1 already registered for DAG: example_task_group_decorator
[2022-11-08T19:50:47.171-0300] {taskmixin.py:205} WARNING - Dependency <Task(_PythonDecoratedOperator): task_group_function.task_1>, task_group_function.task_2 already registered for DAG: example_task_group_decorator
[2022-11-08T19:50:47.171-0300] {taskmixin.py:205} WARNING - Dependency <Task(_PythonDecoratedOperator): task_group_function.task_2>, task_group_function.task_1 already registered for DAG: example_task_group_decorator
[2022-11-08T19:50:47.171-0300] {taskmixin.py:205} WARNING - Dependency <Task(_PythonDecoratedOperator): task_group_function.task_1>, task_group_function.task_2 already registered for DAG: example_task_group_decorator
[2022-11-08T19:50:47.171-0300] {taskmixin.py:205} WARNING - Dependency <Task(_PythonDecoratedOperator): task_group_function.task_2>, task_group_function.task_1 already registered for DAG: example_task_group_decorator
[2022-11-08T19:50:47.171-0300] {taskmixin.py:205} WARNING - Dependency <Task(_PythonDecoratedOperator): task_group_function.task_1>, task_group_function.task_2 already registered for DAG: example_task_group_decorator
[2022-11-08T19:50:47.171-0300] {taskmixin.py:205} WARNING - Dependency <Task(_PythonDecoratedOperator): task_group_function.task_2>, task_group_function.task_1 already registered for DAG: example_task_group_decorator
[2022-11-08T19:50:47.171-0300] {taskmixin.py:205} WARNING - Dependency <Task(_PythonDecoratedOperator): task_group_function.task_1>, task_group_function.task_2 already registered for DAG: example_task_group_decorator
[2022-11-08T19:50:47.172-0300] {taskmixin.py:205} WARNING - Dependency <Task(_PythonDecoratedOperator): task_group_function.task_2>, task_group_function.task_1 already registered for DAG: example_task_group_decorator
[2022-11-08T19:50:47.172-0300] {taskmixin.py:205} WARNING - Dependency <Task(_PythonDecoratedOperator): task_group_function.task_2>, task_group_function.task_3 already registered for DAG: example_task_group_decorator
[2022-11-08T19:50:47.172-0300] {taskmixin.py:205} WARNING - Dependency <Task(_PythonDecoratedOperator): task_group_function.task_3>, task_group_function.task_2 already registered for DAG: example_task_group_decorator
[2022-11-08T19:50:47.172-0300] {taskmixin.py:205} WARNING - Dependency <Task(_PythonDecoratedOperator): task_group_function.task_2>, task_group_function.task_3 already registered for DAG: example_task_group_decorator
[2022-11-08T19:50:47.172-0300] {taskmixin.py:205} WARNING - Dependency <Task(_PythonDecoratedOperator): task_group_function.task_3>, task_group_function.task_2 already registered for DAG: example_task_group_decorator
[2022-11-08T19:50:47.173-0300] {taskmixin.py:205} WARNING - Dependency <Task(_PythonDecoratedOperator): task_group_function.task_2>, task_group_function.task_3 already registered for DAG: example_task_group_decorator
[2022-11-08T19:50:47.173-0300] {taskmixin.py:205} WARNING - Dependency <Task(_PythonDecoratedOperator): task_group_function.task_3>, task_group_function.task_2 already registered for DAG: example_task_group_decorator
[2022-11-08T19:50:47.173-0300] {taskmixin.py:205} WARNING - Dependency <Task(_PythonDecoratedOperator): task_group_function.task_2>, task_group_function.task_3 already registered for DAG: example_task_group_decorator
[2022-11-08T19:50:47.173-0300] {taskmixin.py:205} WARNING - Dependency <Task(_PythonDecoratedOperator): task_group_function.task_3>, task_group_function.task_2 already registered for DAG: example_task_group_decorator
[2022-11-08T19:50:47.173-0300] {taskmixin.py:205} WARNING - Dependency <Task(_PythonDecoratedOperator): task_group_function.task_2>, task_group_function.task_3 already registered for DAG: example_task_group_decorator
[2022-11-08T19:50:47.173-0300] {taskmixin.py:205} WARNING - Dependency <Task(_PythonDecoratedOperator): task_group_function.task_3>, task_group_function.task_2 already registered for DAG: example_task_group_decorator
[2022-11-08T19:50:47.173-0300] {taskmixin.py:205} WARNING - Dependency <Task(_PythonDecoratedOperator): task_group_function.task_2>, task_group_function.task_3 already registered for DAG: example_task_group_decorator
[2022-11-08T19:50:47.173-0300] {taskmixin.py:205} WARNING - Dependency <Task(_PythonDecoratedOperator): task_group_function.task_3>, task_group_function.task_2 already registered for DAG: example_task_group_decorator
[2022-11-08T19:50:47.175-0300] {taskmixin.py:205} WARNING - Dependency <Task(_PythonDecoratedOperator): task_group_function__1.task_1>, task_group_function__1.task_2 already registered for DAG: example_task_group_decorator
[2022-11-08T19:50:47.175-0300] {taskmixin.py:205} WARNING - Dependency <Task(_PythonDecoratedOperator): task_group_function__1.task_2>, task_group_function__1.task_1 already registered for DAG: example_task_group_decorator
[2022-11-08T19:50:47.175-0300] {taskmixin.py:205} WARNING - Dependency <Task(_PythonDecoratedOperator): task_group_function__1.task_1>, task_group_function__1.task_2 already registered for DAG: example_task_group_decorator
[2022-11-08T19:50:47.175-0300] {taskmixin.py:205} WARNING - Dependency <Task(_PythonDecoratedOperator): task_group_function__1.task_2>, task_group_function__1.task_1 already registered for DAG: example_task_group_decorator
[2022-11-08T19:50:47.175-0300] {taskmixin.py:205} WARNING - Dependency <Task(_PythonDecoratedOperator): task_group_function__1.task_1>, task_group_function__1.task_2 already registered for DAG: example_task_group_decorator
[2022-11-08T19:50:47.175-0300] {taskmixin.py:205} WARNING - Dependency <Task(_PythonDecoratedOperator): task_group_function__1.task_2>, task_group_function__1.task_1 already registered for DAG: example_task_group_decorator
[2022-11-08T19:50:47.175-0300] {taskmixin.py:205} WARNING - Dependency <Task(_PythonDecoratedOperator): task_group_function__1.task_1>, task_group_function__1.task_2 already registered for DAG: example_task_group_decorator
[2022-11-08T19:50:47.175-0300] {taskmixin.py:205} WARNING - Dependency <Task(_PythonDecoratedOperator): task_group_function__1.task_2>, task_group_function__1.task_1 already registered for DAG: example_task_group_decorator
[2022-11-08T19:50:47.176-0300] {taskmixin.py:205} WARNING - Dependency <Task(_PythonDecoratedOperator): task_group_function__1.task_1>, task_group_function__1.task_2 already registered for DAG: example_task_group_decorator
[2022-11-08T19:50:47.176-0300] {taskmixin.py:205} WARNING - Dependency <Task(_PythonDecoratedOperator): task_group_function__1.task_2>, task_group_function__1.task_1 already registered for DAG: example_task_group_decorator
[2022-11-08T19:50:47.176-0300] {taskmixin.py:205} WARNING - Dependency <Task(_PythonDecoratedOperator): task_group_function__1.task_1>, task_group_function__1.task_2 already registered for DAG: example_task_group_decorator
[2022-11-08T19:50:47.176-0300] {taskmixin.py:205} WARNING - Dependency <Task(_PythonDecoratedOperator): task_group_function__1.task_2>, task_group_function__1.task_1 already registered for DAG: example_task_group_decorator
[2022-11-08T19:50:47.176-0300] {taskmixin.py:205} WARNING - Dependency <Task(_PythonDecoratedOperator): task_group_function__1.task_2>, task_group_function__1.task_3 already registered for DAG: example_task_group_decorator
[2022-11-08T19:50:47.176-0300] {taskmixin.py:205} WARNING - Dependency <Task(_PythonDecoratedOperator): task_group_function__1.task_3>, task_group_function__1.task_2 already registered for DAG: example_task_group_decorator
[2022-11-08T19:50:47.177-0300] {taskmixin.py:205} WARNING - Dependency <Task(_PythonDecoratedOperator): task_group_function__1.task_2>, task_group_function__1.task_3 already registered for DAG: example_task_group_decorator
[2022-11-08T19:50:47.177-0300] {taskmixin.py:205} WARNING - Dependency <Task(_PythonDecoratedOperator): task_group_function__1.task_3>, task_group_function__1.task_2 already registered for DAG: example_task_group_decorator
[2022-11-08T19:50:47.177-0300] {taskmixin.py:205} WARNING - Dependency <Task(_PythonDecoratedOperator): task_group_function__1.task_2>, task_group_function__1.task_3 already registered for DAG: example_task_group_decorator
[2022-11-08T19:50:47.177-0300] {taskmixin.py:205} WARNING - Dependency <Task(_PythonDecoratedOperator): task_group_function__1.task_3>, task_group_function__1.task_2 already registered for DAG: example_task_group_decorator
[2022-11-08T19:50:47.177-0300] {taskmixin.py:205} WARNING - Dependency <Task(_PythonDecoratedOperator): task_group_function__1.task_2>, task_group_function__1.task_3 already registered for DAG: example_task_group_decorator
[2022-11-08T19:50:47.177-0300] {taskmixin.py:205} WARNING - Dependency <Task(_PythonDecoratedOperator): task_group_function__1.task_3>, task_group_function__1.task_2 already registered for DAG: example_task_group_decorator
[2022-11-08T19:50:47.177-0300] {taskmixin.py:205} WARNING - Dependency <Task(_PythonDecoratedOperator): task_group_function__1.task_2>, task_group_function__1.task_3 already registered for DAG: example_task_group_decorator
[2022-11-08T19:50:47.177-0300] {taskmixin.py:205} WARNING - Dependency <Task(_PythonDecoratedOperator): task_group_function__1.task_3>, task_group_function__1.task_2 already registered for DAG: example_task_group_decorator
[2022-11-08T19:50:47.177-0300] {taskmixin.py:205} WARNING - Dependency <Task(_PythonDecoratedOperator): task_group_function__1.task_2>, task_group_function__1.task_3 already registered for DAG: example_task_group_decorator
[2022-11-08T19:50:47.177-0300] {taskmixin.py:205} WARNING - Dependency <Task(_PythonDecoratedOperator): task_group_function__1.task_3>, task_group_function__1.task_2 already registered for DAG: example_task_group_decorator
[2022-11-08T19:50:47.178-0300] {taskmixin.py:205} WARNING - Dependency <Task(_PythonDecoratedOperator): task_group_function__2.task_1>, task_group_function__2.task_2 already registered for DAG: example_task_group_decorator
[2022-11-08T19:50:47.178-0300] {taskmixin.py:205} WARNING - Dependency <Task(_PythonDecoratedOperator): task_group_function__2.task_2>, task_group_function__2.task_1 already registered for DAG: example_task_group_decorator
[2022-11-08T19:50:47.179-0300] {taskmixin.py:205} WARNING - Dependency <Task(_PythonDecoratedOperator): task_group_function__2.task_1>, task_group_function__2.task_2 already registered for DAG: example_task_group_decorator
[2022-11-08T19:50:47.179-0300] {taskmixin.py:205} WARNING - Dependency <Task(_PythonDecoratedOperator): task_group_function__2.task_2>, task_group_function__2.task_1 already registered for DAG: example_task_group_decorator
[2022-11-08T19:50:47.179-0300] {taskmixin.py:205} WARNING - Dependency <Task(_PythonDecoratedOperator): task_group_function__2.task_1>, task_group_function__2.task_2 already registered for DAG: example_task_group_decorator
[2022-11-08T19:50:47.179-0300] {taskmixin.py:205} WARNING - Dependency <Task(_PythonDecoratedOperator): task_group_function__2.task_2>, task_group_function__2.task_1 already registered for DAG: example_task_group_decorator
[2022-11-08T19:50:47.179-0300] {taskmixin.py:205} WARNING - Dependency <Task(_PythonDecoratedOperator): task_group_function__2.task_1>, task_group_function__2.task_2 already registered for DAG: example_task_group_decorator
[2022-11-08T19:50:47.179-0300] {taskmixin.py:205} WARNING - Dependency <Task(_PythonDecoratedOperator): task_group_function__2.task_2>, task_group_function__2.task_1 already registered for DAG: example_task_group_decorator
[2022-11-08T19:50:47.179-0300] {taskmixin.py:205} WARNING - Dependency <Task(_PythonDecoratedOperator): task_group_function__2.task_1>, task_group_function__2.task_2 already registered for DAG: example_task_group_decorator
[2022-11-08T19:50:47.179-0300] {taskmixin.py:205} WARNING - Dependency <Task(_PythonDecoratedOperator): task_group_function__2.task_2>, task_group_function__2.task_1 already registered for DAG: example_task_group_decorator
[2022-11-08T19:50:47.179-0300] {taskmixin.py:205} WARNING - Dependency <Task(_PythonDecoratedOperator): task_group_function__2.task_1>, task_group_function__2.task_2 already registered for DAG: example_task_group_decorator
[2022-11-08T19:50:47.179-0300] {taskmixin.py:205} WARNING - Dependency <Task(_PythonDecoratedOperator): task_group_function__2.task_2>, task_group_function__2.task_1 already registered for DAG: example_task_group_decorator
[2022-11-08T19:50:47.180-0300] {taskmixin.py:205} WARNING - Dependency <Task(_PythonDecoratedOperator): task_group_function__2.task_2>, task_group_function__2.task_3 already registered for DAG: example_task_group_decorator
[2022-11-08T19:50:47.180-0300] {taskmixin.py:205} WARNING - Dependency <Task(_PythonDecoratedOperator): task_group_function__2.task_3>, task_group_function__2.task_2 already registered for DAG: example_task_group_decorator
[2022-11-08T19:50:47.180-0300] {taskmixin.py:205} WARNING - Dependency <Task(_PythonDecoratedOperator): task_group_function__2.task_2>, task_group_function__2.task_3 already registered for DAG: example_task_group_decorator
[2022-11-08T19:50:47.180-0300] {taskmixin.py:205} WARNING - Dependency <Task(_PythonDecoratedOperator): task_group_function__2.task_3>, task_group_function__2.task_2 already registered for DAG: example_task_group_decorator
[2022-11-08T19:50:47.180-0300] {taskmixin.py:205} WARNING - Dependency <Task(_PythonDecoratedOperator): task_group_function__2.task_2>, task_group_function__2.task_3 already registered for DAG: example_task_group_decorator
[2022-11-08T19:50:47.181-0300] {taskmixin.py:205} WARNING - Dependency <Task(_PythonDecoratedOperator): task_group_function__2.task_3>, task_group_function__2.task_2 already registered for DAG: example_task_group_decorator
[2022-11-08T19:50:47.181-0300] {taskmixin.py:205} WARNING - Dependency <Task(_PythonDecoratedOperator): task_group_function__2.task_2>, task_group_function__2.task_3 already registered for DAG: example_task_group_decorator
[2022-11-08T19:50:47.181-0300] {taskmixin.py:205} WARNING - Dependency <Task(_PythonDecoratedOperator): task_group_function__2.task_3>, task_group_function__2.task_2 already registered for DAG: example_task_group_decorator
[2022-11-08T19:50:47.181-0300] {taskmixin.py:205} WARNING - Dependency <Task(_PythonDecoratedOperator): task_group_function__2.task_2>, task_group_function__2.task_3 already registered for DAG: example_task_group_decorator
[2022-11-08T19:50:47.181-0300] {taskmixin.py:205} WARNING - Dependency <Task(_PythonDecoratedOperator): task_group_function__2.task_3>, task_group_function__2.task_2 already registered for DAG: example_task_group_decorator
[2022-11-08T19:50:47.182-0300] {taskmixin.py:205} WARNING - Dependency <Task(_PythonDecoratedOperator): task_group_function__2.task_2>, task_group_function__2.task_3 already registered for DAG: example_task_group_decorator
[2022-11-08T19:50:47.182-0300] {taskmixin.py:205} WARNING - Dependency <Task(_PythonDecoratedOperator): task_group_function__2.task_3>, task_group_function__2.task_2 already registered for DAG: example_task_group_decorator
[2022-11-08T19:50:47.183-0300] {taskmixin.py:205} WARNING - Dependency <Task(_PythonDecoratedOperator): task_group_function__3.task_1>, task_group_function__3.task_2 already registered for DAG: example_task_group_decorator
[2022-11-08T19:50:47.183-0300] {taskmixin.py:205} WARNING - Dependency <Task(_PythonDecoratedOperator): task_group_function__3.task_2>, task_group_function__3.task_1 already registered for DAG: example_task_group_decorator
[2022-11-08T19:50:47.183-0300] {taskmixin.py:205} WARNING - Dependency <Task(_PythonDecoratedOperator): task_group_function__3.task_1>, task_group_function__3.task_2 already registered for DAG: example_task_group_decorator
[2022-11-08T19:50:47.183-0300] {taskmixin.py:205} WARNING - Dependency <Task(_PythonDecoratedOperator): task_group_function__3.task_2>, task_group_function__3.task_1 already registered for DAG: example_task_group_decorator
[2022-11-08T19:50:47.183-0300] {taskmixin.py:205} WARNING - Dependency <Task(_PythonDecoratedOperator): task_group_function__3.task_1>, task_group_function__3.task_2 already registered for DAG: example_task_group_decorator
[2022-11-08T19:50:47.183-0300] {taskmixin.py:205} WARNING - Dependency <Task(_PythonDecoratedOperator): task_group_function__3.task_2>, task_group_function__3.task_1 already registered for DAG: example_task_group_decorator
[2022-11-08T19:50:47.183-0300] {taskmixin.py:205} WARNING - Dependency <Task(_PythonDecoratedOperator): task_group_function__3.task_1>, task_group_function__3.task_2 already registered for DAG: example_task_group_decorator
[2022-11-08T19:50:47.184-0300] {taskmixin.py:205} WARNING - Dependency <Task(_PythonDecoratedOperator): task_group_function__3.task_2>, task_group_function__3.task_1 already registered for DAG: example_task_group_decorator
[2022-11-08T19:50:47.184-0300] {taskmixin.py:205} WARNING - Dependency <Task(_PythonDecoratedOperator): task_group_function__3.task_1>, task_group_function__3.task_2 already registered for DAG: example_task_group_decorator
[2022-11-08T19:50:47.184-0300] {taskmixin.py:205} WARNING - Dependency <Task(_PythonDecoratedOperator): task_group_function__3.task_2>, task_group_function__3.task_1 already registered for DAG: example_task_group_decorator
[2022-11-08T19:50:47.184-0300] {taskmixin.py:205} WARNING - Dependency <Task(_PythonDecoratedOperator): task_group_function__3.task_1>, task_group_function__3.task_2 already registered for DAG: example_task_group_decorator
[2022-11-08T19:50:47.184-0300] {taskmixin.py:205} WARNING - Dependency <Task(_PythonDecoratedOperator): task_group_function__3.task_2>, task_group_function__3.task_1 already registered for DAG: example_task_group_decorator
[2022-11-08T19:50:47.184-0300] {taskmixin.py:205} WARNING - Dependency <Task(_PythonDecoratedOperator): task_group_function__3.task_2>, task_group_function__3.task_3 already registered for DAG: example_task_group_decorator
[2022-11-08T19:50:47.185-0300] {taskmixin.py:205} WARNING - Dependency <Task(_PythonDecoratedOperator): task_group_function__3.task_3>, task_group_function__3.task_2 already registered for DAG: example_task_group_decorator
[2022-11-08T19:50:47.185-0300] {taskmixin.py:205} WARNING - Dependency <Task(_PythonDecoratedOperator): task_group_function__3.task_2>, task_group_function__3.task_3 already registered for DAG: example_task_group_decorator
[2022-11-08T19:50:47.185-0300] {taskmixin.py:205} WARNING - Dependency <Task(_PythonDecoratedOperator): task_group_function__3.task_3>, task_group_function__3.task_2 already registered for DAG: example_task_group_decorator
[2022-11-08T19:50:47.185-0300] {taskmixin.py:205} WARNING - Dependency <Task(_PythonDecoratedOperator): task_group_function__3.task_2>, task_group_function__3.task_3 already registered for DAG: example_task_group_decorator
[2022-11-08T19:50:47.185-0300] {taskmixin.py:205} WARNING - Dependency <Task(_PythonDecoratedOperator): task_group_function__3.task_3>, task_group_function__3.task_2 already registered for DAG: example_task_group_decorator
[2022-11-08T19:50:47.185-0300] {taskmixin.py:205} WARNING - Dependency <Task(_PythonDecoratedOperator): task_group_function__3.task_2>, task_group_function__3.task_3 already registered for DAG: example_task_group_decorator
[2022-11-08T19:50:47.185-0300] {taskmixin.py:205} WARNING - Dependency <Task(_PythonDecoratedOperator): task_group_function__3.task_3>, task_group_function__3.task_2 already registered for DAG: example_task_group_decorator
[2022-11-08T19:50:47.186-0300] {taskmixin.py:205} WARNING - Dependency <Task(_PythonDecoratedOperator): task_group_function__3.task_2>, task_group_function__3.task_3 already registered for DAG: example_task_group_decorator
[2022-11-08T19:50:47.186-0300] {taskmixin.py:205} WARNING - Dependency <Task(_PythonDecoratedOperator): task_group_function__3.task_3>, task_group_function__3.task_2 already registered for DAG: example_task_group_decorator
[2022-11-08T19:50:47.186-0300] {taskmixin.py:205} WARNING - Dependency <Task(_PythonDecoratedOperator): task_group_function__3.task_2>, task_group_function__3.task_3 already registered for DAG: example_task_group_decorator
[2022-11-08T19:50:47.186-0300] {taskmixin.py:205} WARNING - Dependency <Task(_PythonDecoratedOperator): task_group_function__3.task_3>, task_group_function__3.task_2 already registered for DAG: example_task_group_decorator
[2022-11-08T19:50:47.187-0300] {taskmixin.py:205} WARNING - Dependency <Task(_PythonDecoratedOperator): task_group_function__4.task_1>, task_group_function__4.task_2 already registered for DAG: example_task_group_decorator
[2022-11-08T19:50:47.187-0300] {taskmixin.py:205} WARNING - Dependency <Task(_PythonDecoratedOperator): task_group_function__4.task_2>, task_group_function__4.task_1 already registered for DAG: example_task_group_decorator
[2022-11-08T19:50:47.187-0300] {taskmixin.py:205} WARNING - Dependency <Task(_PythonDecoratedOperator): task_group_function__4.task_1>, task_group_function__4.task_2 already registered for DAG: example_task_group_decorator
[2022-11-08T19:50:47.187-0300] {taskmixin.py:205} WARNING - Dependency <Task(_PythonDecoratedOperator): task_group_function__4.task_2>, task_group_function__4.task_1 already registered for DAG: example_task_group_decorator
[2022-11-08T19:50:47.187-0300] {taskmixin.py:205} WARNING - Dependency <Task(_PythonDecoratedOperator): task_group_function__4.task_1>, task_group_function__4.task_2 already registered for DAG: example_task_group_decorator
[2022-11-08T19:50:47.187-0300] {taskmixin.py:205} WARNING - Dependency <Task(_PythonDecoratedOperator): task_group_function__4.task_2>, task_group_function__4.task_1 already registered for DAG: example_task_group_decorator
[2022-11-08T19:50:47.188-0300] {taskmixin.py:205} WARNING - Dependency <Task(_PythonDecoratedOperator): task_group_function__4.task_1>, task_group_function__4.task_2 already registered for DAG: example_task_group_decorator
[2022-11-08T19:50:47.188-0300] {taskmixin.py:205} WARNING - Dependency <Task(_PythonDecoratedOperator): task_group_function__4.task_2>, task_group_function__4.task_1 already registered for DAG: example_task_group_decorator
[2022-11-08T19:50:47.188-0300] {taskmixin.py:205} WARNING - Dependency <Task(_PythonDecoratedOperator): task_group_function__4.task_1>, task_group_function__4.task_2 already registered for DAG: example_task_group_decorator
[2022-11-08T19:50:47.188-0300] {taskmixin.py:205} WARNING - Dependency <Task(_PythonDecoratedOperator): task_group_function__4.task_2>, task_group_function__4.task_1 already registered for DAG: example_task_group_decorator
[2022-11-08T19:50:47.188-0300] {taskmixin.py:205} WARNING - Dependency <Task(_PythonDecoratedOperator): task_group_function__4.task_1>, task_group_function__4.task_2 already registered for DAG: example_task_group_decorator
[2022-11-08T19:50:47.188-0300] {taskmixin.py:205} WARNING - Dependency <Task(_PythonDecoratedOperator): task_group_function__4.task_2>, task_group_function__4.task_1 already registered for DAG: example_task_group_decorator
[2022-11-08T19:50:47.189-0300] {taskmixin.py:205} WARNING - Dependency <Task(_PythonDecoratedOperator): task_group_function__4.task_2>, task_group_function__4.task_3 already registered for DAG: example_task_group_decorator
[2022-11-08T19:50:47.189-0300] {taskmixin.py:205} WARNING - Dependency <Task(_PythonDecoratedOperator): task_group_function__4.task_3>, task_group_function__4.task_2 already registered for DAG: example_task_group_decorator
[2022-11-08T19:50:47.189-0300] {taskmixin.py:205} WARNING - Dependency <Task(_PythonDecoratedOperator): task_group_function__4.task_2>, task_group_function__4.task_3 already registered for DAG: example_task_group_decorator
[2022-11-08T19:50:47.189-0300] {taskmixin.py:205} WARNING - Dependency <Task(_PythonDecoratedOperator): task_group_function__4.task_3>, task_group_function__4.task_2 already registered for DAG: example_task_group_decorator
[2022-11-08T19:50:47.189-0300] {taskmixin.py:205} WARNING - Dependency <Task(_PythonDecoratedOperator): task_group_function__4.task_2>, task_group_function__4.task_3 already registered for DAG: example_task_group_decorator
[2022-11-08T19:50:47.189-0300] {taskmixin.py:205} WARNING - Dependency <Task(_PythonDecoratedOperator): task_group_function__4.task_3>, task_group_function__4.task_2 already registered for DAG: example_task_group_decorator
[2022-11-08T19:50:47.189-0300] {taskmixin.py:205} WARNING - Dependency <Task(_PythonDecoratedOperator): task_group_function__4.task_2>, task_group_function__4.task_3 already registered for DAG: example_task_group_decorator
[2022-11-08T19:50:47.190-0300] {taskmixin.py:205} WARNING - Dependency <Task(_PythonDecoratedOperator): task_group_function__4.task_3>, task_group_function__4.task_2 already registered for DAG: example_task_group_decorator
[2022-11-08T19:50:47.190-0300] {taskmixin.py:205} WARNING - Dependency <Task(_PythonDecoratedOperator): task_group_function__4.task_2>, task_group_function__4.task_3 already registered for DAG: example_task_group_decorator
[2022-11-08T19:50:47.190-0300] {taskmixin.py:205} WARNING - Dependency <Task(_PythonDecoratedOperator): task_group_function__4.task_3>, task_group_function__4.task_2 already registered for DAG: example_task_group_decorator
[2022-11-08T19:50:47.190-0300] {taskmixin.py:205} WARNING - Dependency <Task(_PythonDecoratedOperator): task_group_function__4.task_2>, task_group_function__4.task_3 already registered for DAG: example_task_group_decorator
[2022-11-08T19:50:47.190-0300] {taskmixin.py:205} WARNING - Dependency <Task(_PythonDecoratedOperator): task_group_function__4.task_3>, task_group_function__4.task_2 already registered for DAG: example_task_group_decorator
[2022-11-08T19:50:47.191-0300] {example_kubernetes_executor.py:41} WARNING - The example_kubernetes_executor example DAG requires the kubernetes provider. Please install it with: pip install apache-airflow[cncf.kubernetes]
[2022-11-08T19:50:47.192-0300] {example_local_kubernetes_executor.py:39} WARNING - Could not import DAGs in example_local_kubernetes_executor.py
Traceback (most recent call last):
  File "/home/renato/Documentos/datapipeline/.env/lib/python3.10/site-packages/airflow/example_dags/example_local_kubernetes_executor.py", line 37, in <module>
    from kubernetes.client import models as k8s
ModuleNotFoundError: No module named 'kubernetes'
[2022-11-08T19:50:47.192-0300] {example_local_kubernetes_executor.py:40} WARNING - Install Kubernetes dependencies with: pip install apache-airflow[cncf.kubernetes]
[2022-11-08T19:50:47.198-0300] {taskmixin.py:205} WARNING - Dependency <Task(_PythonDecoratedOperator): generate_value>, print_value already registered for DAG: example_xcom_args
[2022-11-08T19:50:47.198-0300] {taskmixin.py:205} WARNING - Dependency <Task(_PythonDecoratedOperator): print_value>, generate_value already registered for DAG: example_xcom_args
[2022-11-08T19:50:47.198-0300] {taskmixin.py:205} WARNING - Dependency <Task(_PythonDecoratedOperator): generate_value>, print_value already registered for DAG: example_xcom_args
[2022-11-08T19:50:47.198-0300] {taskmixin.py:205} WARNING - Dependency <Task(_PythonDecoratedOperator): print_value>, generate_value already registered for DAG: example_xcom_args
[2022-11-08T19:50:47.199-0300] {taskmixin.py:205} WARNING - Dependency <Task(_PythonDecoratedOperator): generate_value>, print_value already registered for DAG: example_xcom_args
[2022-11-08T19:50:47.199-0300] {taskmixin.py:205} WARNING - Dependency <Task(_PythonDecoratedOperator): print_value>, generate_value already registered for DAG: example_xcom_args
[2022-11-08T19:50:47.199-0300] {taskmixin.py:205} WARNING - Dependency <Task(_PythonDecoratedOperator): generate_value>, print_value already registered for DAG: example_xcom_args
[2022-11-08T19:50:47.199-0300] {taskmixin.py:205} WARNING - Dependency <Task(_PythonDecoratedOperator): print_value>, generate_value already registered for DAG: example_xcom_args
[2022-11-08T19:50:47.199-0300] {taskmixin.py:205} WARNING - Dependency <Task(_PythonDecoratedOperator): generate_value>, print_value already registered for DAG: example_xcom_args
[2022-11-08T19:50:47.199-0300] {taskmixin.py:205} WARNING - Dependency <Task(_PythonDecoratedOperator): print_value>, generate_value already registered for DAG: example_xcom_args
[2022-11-08T19:50:47.199-0300] {taskmixin.py:205} WARNING - Dependency <Task(_PythonDecoratedOperator): generate_value>, print_value already registered for DAG: example_xcom_args
[2022-11-08T19:50:47.199-0300] {taskmixin.py:205} WARNING - Dependency <Task(_PythonDecoratedOperator): print_value>, generate_value already registered for DAG: example_xcom_args
[2022-11-08T19:50:47.241-0300] {task_command.py:384} INFO - Running <TaskInstance: twitter_dag.transform_twitter_aluraonline manual__2022-11-08T22:50:24.803216+00:00 [running]> on host renato-Virtual-Machine
[2022-11-08T19:50:47.293-0300] {taskinstance.py:1590} INFO - Exporting the following env vars:
AIRFLOW_CTX_DAG_OWNER=airflow
AIRFLOW_CTX_DAG_ID=twitter_dag
AIRFLOW_CTX_TASK_ID=transform_twitter_aluraonline
AIRFLOW_CTX_EXECUTION_DATE=2022-11-08T22:50:24.803216+00:00
AIRFLOW_CTX_TRY_NUMBER=1
AIRFLOW_CTX_DAG_RUN_ID=manual__2022-11-08T22:50:24.803216+00:00
[2022-11-08T19:50:47.296-0300] {base.py:71} INFO - Using connection ID 'spark_default' for task execution.
[2022-11-08T19:50:47.298-0300] {spark_submit.py:334} INFO - Spark-Submit cmd: /home/renato/Documentos/spark-3.3.1-bin-hadoop3/bin/spark-submit --master local --name twitter_transformation /home/renato/Documentos/datapipeline/spark/transformation.py --src /home/renato/Documentos/datapipeline/datalake/bronze/twitter_aluraonline/extract_date=2022-11-08 --dest /home/renato/Documentos/datapipeline/datalake/silver/twitter_aluraonline --process-date 2022-11-08
[2022-11-08T19:50:48.760-0300] {spark_submit.py:485} INFO - 22/11/08 19:50:48 WARN Utils: Your hostname, renato-Virtual-Machine resolves to a loopback address: 127.0.1.1; using 172.17.60.246 instead (on interface eth0)
[2022-11-08T19:50:48.763-0300] {spark_submit.py:485} INFO - 22/11/08 19:50:48 WARN Utils: Set SPARK_LOCAL_IP if you need to bind to another address
[2022-11-08T19:50:49.625-0300] {spark_submit.py:485} INFO - 22/11/08 19:50:49 INFO SparkContext: Running Spark version 3.3.1
[2022-11-08T19:50:49.686-0300] {spark_submit.py:485} INFO - 22/11/08 19:50:49 WARN NativeCodeLoader: Unable to load native-hadoop library for your platform... using builtin-java classes where applicable
[2022-11-08T19:50:49.792-0300] {spark_submit.py:485} INFO - 22/11/08 19:50:49 INFO ResourceUtils: ==============================================================
[2022-11-08T19:50:49.792-0300] {spark_submit.py:485} INFO - 22/11/08 19:50:49 INFO ResourceUtils: No custom resources configured for spark.driver.
[2022-11-08T19:50:49.792-0300] {spark_submit.py:485} INFO - 22/11/08 19:50:49 INFO ResourceUtils: ==============================================================
[2022-11-08T19:50:49.792-0300] {spark_submit.py:485} INFO - 22/11/08 19:50:49 INFO SparkContext: Submitted application: twitter_transformation
[2022-11-08T19:50:49.819-0300] {spark_submit.py:485} INFO - 22/11/08 19:50:49 INFO ResourceProfile: Default ResourceProfile created, executor resources: Map(cores -> name: cores, amount: 1, script: , vendor: , memory -> name: memory, amount: 1024, script: , vendor: , offHeap -> name: offHeap, amount: 0, script: , vendor: ), task resources: Map(cpus -> name: cpus, amount: 1.0)
[2022-11-08T19:50:49.832-0300] {spark_submit.py:485} INFO - 22/11/08 19:50:49 INFO ResourceProfile: Limiting resource is cpu
[2022-11-08T19:50:49.833-0300] {spark_submit.py:485} INFO - 22/11/08 19:50:49 INFO ResourceProfileManager: Added ResourceProfile id: 0
[2022-11-08T19:50:49.885-0300] {spark_submit.py:485} INFO - 22/11/08 19:50:49 INFO SecurityManager: Changing view acls to: renato
[2022-11-08T19:50:49.885-0300] {spark_submit.py:485} INFO - 22/11/08 19:50:49 INFO SecurityManager: Changing modify acls to: renato
[2022-11-08T19:50:49.886-0300] {spark_submit.py:485} INFO - 22/11/08 19:50:49 INFO SecurityManager: Changing view acls groups to:
[2022-11-08T19:50:49.886-0300] {spark_submit.py:485} INFO - 22/11/08 19:50:49 INFO SecurityManager: Changing modify acls groups to:
[2022-11-08T19:50:49.886-0300] {spark_submit.py:485} INFO - 22/11/08 19:50:49 INFO SecurityManager: SecurityManager: authentication disabled; ui acls disabled; users  with view permissions: Set(renato); groups with view permissions: Set(); users  with modify permissions: Set(renato); groups with modify permissions: Set()
[2022-11-08T19:50:50.131-0300] {spark_submit.py:485} INFO - 22/11/08 19:50:50 INFO Utils: Successfully started service 'sparkDriver' on port 45185.
[2022-11-08T19:50:50.165-0300] {spark_submit.py:485} INFO - 22/11/08 19:50:50 INFO SparkEnv: Registering MapOutputTracker
[2022-11-08T19:50:50.205-0300] {spark_submit.py:485} INFO - 22/11/08 19:50:50 INFO SparkEnv: Registering BlockManagerMaster
[2022-11-08T19:50:50.224-0300] {spark_submit.py:485} INFO - 22/11/08 19:50:50 INFO BlockManagerMasterEndpoint: Using org.apache.spark.storage.DefaultTopologyMapper for getting topology information
[2022-11-08T19:50:50.224-0300] {spark_submit.py:485} INFO - 22/11/08 19:50:50 INFO BlockManagerMasterEndpoint: BlockManagerMasterEndpoint up
[2022-11-08T19:50:50.228-0300] {spark_submit.py:485} INFO - 22/11/08 19:50:50 INFO SparkEnv: Registering BlockManagerMasterHeartbeat
[2022-11-08T19:50:50.255-0300] {spark_submit.py:485} INFO - 22/11/08 19:50:50 INFO DiskBlockManager: Created local directory at /tmp/blockmgr-1918996f-191e-420a-bf3e-85afe71c913c
[2022-11-08T19:50:50.310-0300] {spark_submit.py:485} INFO - 22/11/08 19:50:50 INFO MemoryStore: MemoryStore started with capacity 366.3 MiB
[2022-11-08T19:50:50.334-0300] {spark_submit.py:485} INFO - 22/11/08 19:50:50 INFO SparkEnv: Registering OutputCommitCoordinator
[2022-11-08T19:50:50.651-0300] {spark_submit.py:485} INFO - 22/11/08 19:50:50 INFO Utils: Successfully started service 'SparkUI' on port 4040.
[2022-11-08T19:50:50.814-0300] {spark_submit.py:485} INFO - 22/11/08 19:50:50 INFO Executor: Starting executor ID driver on host renato-Virtual-Machine.mshome.net
[2022-11-08T19:50:50.821-0300] {spark_submit.py:485} INFO - 22/11/08 19:50:50 INFO Executor: Starting executor with user classpath (userClassPathFirst = false): ''
[2022-11-08T19:50:50.844-0300] {spark_submit.py:485} INFO - 22/11/08 19:50:50 INFO Utils: Successfully started service 'org.apache.spark.network.netty.NettyBlockTransferService' on port 46739.
[2022-11-08T19:50:50.844-0300] {spark_submit.py:485} INFO - 22/11/08 19:50:50 INFO NettyBlockTransferService: Server created on renato-Virtual-Machine.mshome.net:46739
[2022-11-08T19:50:50.846-0300] {spark_submit.py:485} INFO - 22/11/08 19:50:50 INFO BlockManager: Using org.apache.spark.storage.RandomBlockReplicationPolicy for block replication policy
[2022-11-08T19:50:50.852-0300] {spark_submit.py:485} INFO - 22/11/08 19:50:50 INFO BlockManagerMaster: Registering BlockManager BlockManagerId(driver, renato-Virtual-Machine.mshome.net, 46739, None)
[2022-11-08T19:50:50.855-0300] {spark_submit.py:485} INFO - 22/11/08 19:50:50 INFO BlockManagerMasterEndpoint: Registering block manager renato-Virtual-Machine.mshome.net:46739 with 366.3 MiB RAM, BlockManagerId(driver, renato-Virtual-Machine.mshome.net, 46739, None)
[2022-11-08T19:50:50.857-0300] {spark_submit.py:485} INFO - 22/11/08 19:50:50 INFO BlockManagerMaster: Registered BlockManager BlockManagerId(driver, renato-Virtual-Machine.mshome.net, 46739, None)
[2022-11-08T19:50:50.859-0300] {spark_submit.py:485} INFO - 22/11/08 19:50:50 INFO BlockManager: Initialized BlockManager: BlockManagerId(driver, renato-Virtual-Machine.mshome.net, 46739, None)
[2022-11-08T19:50:51.404-0300] {spark_submit.py:485} INFO - 22/11/08 19:50:51 INFO SharedState: Setting hive.metastore.warehouse.dir ('null') to the value of spark.sql.warehouse.dir.
[2022-11-08T19:50:51.411-0300] {spark_submit.py:485} INFO - 22/11/08 19:50:51 INFO SharedState: Warehouse path is 'file:/home/renato/Documentos/datapipeline/spark-warehouse'.
[2022-11-08T19:50:52.435-0300] {spark_submit.py:485} INFO - 22/11/08 19:50:52 INFO InMemoryFileIndex: It took 35 ms to list leaf files for 1 paths.
[2022-11-08T19:50:52.511-0300] {spark_submit.py:485} INFO - 22/11/08 19:50:52 INFO InMemoryFileIndex: It took 2 ms to list leaf files for 1 paths.
[2022-11-08T19:50:54.652-0300] {spark_submit.py:485} INFO - 22/11/08 19:50:54 INFO FileSourceStrategy: Pushed Filters:
[2022-11-08T19:50:54.653-0300] {spark_submit.py:485} INFO - 22/11/08 19:50:54 INFO FileSourceStrategy: Post-Scan Filters:
[2022-11-08T19:50:54.656-0300] {spark_submit.py:485} INFO - 22/11/08 19:50:54 INFO FileSourceStrategy: Output Data Schema: struct<value: string>
[2022-11-08T19:50:54.952-0300] {spark_submit.py:485} INFO - 22/11/08 19:50:54 INFO MemoryStore: Block broadcast_0 stored as values in memory (estimated size 349.6 KiB, free 366.0 MiB)
[2022-11-08T19:50:55.002-0300] {spark_submit.py:485} INFO - 22/11/08 19:50:55 INFO MemoryStore: Block broadcast_0_piece0 stored as bytes in memory (estimated size 33.9 KiB, free 365.9 MiB)
[2022-11-08T19:50:55.004-0300] {spark_submit.py:485} INFO - 22/11/08 19:50:55 INFO BlockManagerInfo: Added broadcast_0_piece0 in memory on renato-Virtual-Machine.mshome.net:46739 (size: 33.9 KiB, free: 366.3 MiB)
[2022-11-08T19:50:55.010-0300] {spark_submit.py:485} INFO - 22/11/08 19:50:55 INFO SparkContext: Created broadcast 0 from json at NativeMethodAccessorImpl.java:0
[2022-11-08T19:50:55.019-0300] {spark_submit.py:485} INFO - 22/11/08 19:50:55 INFO FileSourceScanExec: Planning scan with bin packing, max size: 4421484 bytes, open cost is considered as scanning 4194304 bytes.
[2022-11-08T19:50:55.317-0300] {spark_submit.py:485} INFO - 22/11/08 19:50:55 INFO SparkContext: Starting job: json at NativeMethodAccessorImpl.java:0
[2022-11-08T19:50:55.336-0300] {spark_submit.py:485} INFO - 22/11/08 19:50:55 INFO DAGScheduler: Got job 0 (json at NativeMethodAccessorImpl.java:0) with 1 output partitions
[2022-11-08T19:50:55.337-0300] {spark_submit.py:485} INFO - 22/11/08 19:50:55 INFO DAGScheduler: Final stage: ResultStage 0 (json at NativeMethodAccessorImpl.java:0)
[2022-11-08T19:50:55.338-0300] {spark_submit.py:485} INFO - 22/11/08 19:50:55 INFO DAGScheduler: Parents of final stage: List()
[2022-11-08T19:50:55.339-0300] {spark_submit.py:485} INFO - 22/11/08 19:50:55 INFO DAGScheduler: Missing parents: List()
[2022-11-08T19:50:55.360-0300] {spark_submit.py:485} INFO - 22/11/08 19:50:55 INFO DAGScheduler: Submitting ResultStage 0 (MapPartitionsRDD[3] at json at NativeMethodAccessorImpl.java:0), which has no missing parents
[2022-11-08T19:50:55.462-0300] {spark_submit.py:485} INFO - 22/11/08 19:50:55 INFO MemoryStore: Block broadcast_1 stored as values in memory (estimated size 14.5 KiB, free 365.9 MiB)
[2022-11-08T19:50:55.466-0300] {spark_submit.py:485} INFO - 22/11/08 19:50:55 INFO MemoryStore: Block broadcast_1_piece0 stored as bytes in memory (estimated size 7.0 KiB, free 365.9 MiB)
[2022-11-08T19:50:55.467-0300] {spark_submit.py:485} INFO - 22/11/08 19:50:55 INFO BlockManagerInfo: Added broadcast_1_piece0 in memory on renato-Virtual-Machine.mshome.net:46739 (size: 7.0 KiB, free: 366.3 MiB)
[2022-11-08T19:50:55.467-0300] {spark_submit.py:485} INFO - 22/11/08 19:50:55 INFO SparkContext: Created broadcast 1 from broadcast at DAGScheduler.scala:1513
[2022-11-08T19:50:55.484-0300] {spark_submit.py:485} INFO - 22/11/08 19:50:55 INFO DAGScheduler: Submitting 1 missing tasks from ResultStage 0 (MapPartitionsRDD[3] at json at NativeMethodAccessorImpl.java:0) (first 15 tasks are for partitions Vector(0))
[2022-11-08T19:50:55.486-0300] {spark_submit.py:485} INFO - 22/11/08 19:50:55 INFO TaskSchedulerImpl: Adding task set 0.0 with 1 tasks resource profile 0
[2022-11-08T19:50:55.535-0300] {spark_submit.py:485} INFO - 22/11/08 19:50:55 INFO TaskSetManager: Starting task 0.0 in stage 0.0 (TID 0) (renato-Virtual-Machine.mshome.net, executor driver, partition 0, PROCESS_LOCAL, 5000 bytes) taskResourceAssignments Map()
[2022-11-08T19:50:55.552-0300] {spark_submit.py:485} INFO - 22/11/08 19:50:55 INFO Executor: Running task 0.0 in stage 0.0 (TID 0)
[2022-11-08T19:50:55.876-0300] {spark_submit.py:485} INFO - 22/11/08 19:50:55 INFO FileScanRDD: Reading File path: file:///home/renato/Documentos/datapipeline/datalake/bronze/twitter_aluraonline/extract_date=2022-11-08/AluraOnline_20221108.json, range: 0-227180, partition values: [empty row]
[2022-11-08T19:50:56.105-0300] {spark_submit.py:485} INFO - 22/11/08 19:50:56 INFO CodeGenerator: Code generated in 182.050286 ms
[2022-11-08T19:50:56.225-0300] {spark_submit.py:485} INFO - 22/11/08 19:50:56 INFO Executor: Finished task 0.0 in stage 0.0 (TID 0). 2872 bytes result sent to driver
[2022-11-08T19:50:56.246-0300] {spark_submit.py:485} INFO - 22/11/08 19:50:56 INFO TaskSetManager: Finished task 0.0 in stage 0.0 (TID 0) in 722 ms on renato-Virtual-Machine.mshome.net (executor driver) (1/1)
[2022-11-08T19:50:56.255-0300] {spark_submit.py:485} INFO - 22/11/08 19:50:56 INFO TaskSchedulerImpl: Removed TaskSet 0.0, whose tasks have all completed, from pool
[2022-11-08T19:50:56.259-0300] {spark_submit.py:485} INFO - 22/11/08 19:50:56 INFO DAGScheduler: ResultStage 0 (json at NativeMethodAccessorImpl.java:0) finished in 0,872 s
[2022-11-08T19:50:56.262-0300] {spark_submit.py:485} INFO - 22/11/08 19:50:56 INFO DAGScheduler: Job 0 is finished. Cancelling potential speculative or zombie tasks for this job
[2022-11-08T19:50:56.262-0300] {spark_submit.py:485} INFO - 22/11/08 19:50:56 INFO TaskSchedulerImpl: Killing all running tasks in stage 0: Stage finished
[2022-11-08T19:50:56.267-0300] {spark_submit.py:485} INFO - 22/11/08 19:50:56 INFO DAGScheduler: Job 0 finished: json at NativeMethodAccessorImpl.java:0, took 0,947818 s
[2022-11-08T19:50:56.606-0300] {spark_submit.py:485} INFO - 22/11/08 19:50:56 INFO BlockManagerInfo: Removed broadcast_1_piece0 on renato-Virtual-Machine.mshome.net:46739 in memory (size: 7.0 KiB, free: 366.3 MiB)
[2022-11-08T19:50:56.785-0300] {spark_submit.py:485} INFO - 22/11/08 19:50:56 INFO FileSourceStrategy: Pushed Filters: IsNotNull(data)
[2022-11-08T19:50:56.787-0300] {spark_submit.py:485} INFO - 22/11/08 19:50:56 INFO FileSourceStrategy: Post-Scan Filters: (size(data#8, true) > 0),isnotnull(data#8)
[2022-11-08T19:50:56.787-0300] {spark_submit.py:485} INFO - 22/11/08 19:50:56 INFO FileSourceStrategy: Output Data Schema: struct<data: array<struct<author_id:string,conversation_id:string,created_at:string,edit_history_tweet_ids:array<string>,id:string,in_reply_to_user_id:string,public_metrics:struct<like_count:bigint,quote_count:bigint,reply_count:bigint,retweet_count:bigint>,text:string>>>
[2022-11-08T19:50:56.872-0300] {spark_submit.py:485} INFO - 22/11/08 19:50:56 INFO FileOutputCommitter: File Output Committer Algorithm version is 1
[2022-11-08T19:50:56.872-0300] {spark_submit.py:485} INFO - 22/11/08 19:50:56 INFO FileOutputCommitter: FileOutputCommitter skip cleanup _temporary folders under output directory:false, ignore cleanup failures: false
[2022-11-08T19:50:56.875-0300] {spark_submit.py:485} INFO - 22/11/08 19:50:56 INFO SQLHadoopMapReduceCommitProtocol: Using output committer class org.apache.hadoop.mapreduce.lib.output.FileOutputCommitter
[2022-11-08T19:50:57.108-0300] {spark_submit.py:485} INFO - 22/11/08 19:50:57 INFO CodeGenerator: Code generated in 157.993639 ms
[2022-11-08T19:50:57.117-0300] {spark_submit.py:485} INFO - 22/11/08 19:50:57 INFO MemoryStore: Block broadcast_2 stored as values in memory (estimated size 349.5 KiB, free 365.6 MiB)
[2022-11-08T19:50:57.127-0300] {spark_submit.py:485} INFO - 22/11/08 19:50:57 INFO MemoryStore: Block broadcast_2_piece0 stored as bytes in memory (estimated size 33.9 KiB, free 365.6 MiB)
[2022-11-08T19:50:57.127-0300] {spark_submit.py:485} INFO - 22/11/08 19:50:57 INFO BlockManagerInfo: Added broadcast_2_piece0 in memory on renato-Virtual-Machine.mshome.net:46739 (size: 33.9 KiB, free: 366.2 MiB)
[2022-11-08T19:50:57.129-0300] {spark_submit.py:485} INFO - 22/11/08 19:50:57 INFO SparkContext: Created broadcast 2 from json at NativeMethodAccessorImpl.java:0
[2022-11-08T19:50:57.132-0300] {spark_submit.py:485} INFO - 22/11/08 19:50:57 INFO FileSourceScanExec: Planning scan with bin packing, max size: 4421484 bytes, open cost is considered as scanning 4194304 bytes.
[2022-11-08T19:50:57.289-0300] {spark_submit.py:485} INFO - 22/11/08 19:50:57 INFO SparkContext: Starting job: json at NativeMethodAccessorImpl.java:0
[2022-11-08T19:50:57.292-0300] {spark_submit.py:485} INFO - 22/11/08 19:50:57 INFO DAGScheduler: Got job 1 (json at NativeMethodAccessorImpl.java:0) with 1 output partitions
[2022-11-08T19:50:57.292-0300] {spark_submit.py:485} INFO - 22/11/08 19:50:57 INFO DAGScheduler: Final stage: ResultStage 1 (json at NativeMethodAccessorImpl.java:0)
[2022-11-08T19:50:57.292-0300] {spark_submit.py:485} INFO - 22/11/08 19:50:57 INFO DAGScheduler: Parents of final stage: List()
[2022-11-08T19:50:57.292-0300] {spark_submit.py:485} INFO - 22/11/08 19:50:57 INFO DAGScheduler: Missing parents: List()
[2022-11-08T19:50:57.294-0300] {spark_submit.py:485} INFO - 22/11/08 19:50:57 INFO DAGScheduler: Submitting ResultStage 1 (CoalescedRDD[7] at json at NativeMethodAccessorImpl.java:0), which has no missing parents
[2022-11-08T19:50:57.372-0300] {spark_submit.py:485} INFO - 22/11/08 19:50:57 INFO MemoryStore: Block broadcast_3 stored as values in memory (estimated size 234.4 KiB, free 365.3 MiB)
[2022-11-08T19:50:57.380-0300] {spark_submit.py:485} INFO - 22/11/08 19:50:57 INFO MemoryStore: Block broadcast_3_piece0 stored as bytes in memory (estimated size 81.6 KiB, free 365.2 MiB)
[2022-11-08T19:50:57.383-0300] {spark_submit.py:485} INFO - 22/11/08 19:50:57 INFO BlockManagerInfo: Added broadcast_3_piece0 in memory on renato-Virtual-Machine.mshome.net:46739 (size: 81.6 KiB, free: 366.2 MiB)
[2022-11-08T19:50:57.384-0300] {spark_submit.py:485} INFO - 22/11/08 19:50:57 INFO SparkContext: Created broadcast 3 from broadcast at DAGScheduler.scala:1513
[2022-11-08T19:50:57.387-0300] {spark_submit.py:485} INFO - 22/11/08 19:50:57 INFO DAGScheduler: Submitting 1 missing tasks from ResultStage 1 (CoalescedRDD[7] at json at NativeMethodAccessorImpl.java:0) (first 15 tasks are for partitions Vector(0))
[2022-11-08T19:50:57.388-0300] {spark_submit.py:485} INFO - 22/11/08 19:50:57 INFO TaskSchedulerImpl: Adding task set 1.0 with 1 tasks resource profile 0
[2022-11-08T19:50:57.398-0300] {spark_submit.py:485} INFO - 22/11/08 19:50:57 INFO TaskSetManager: Starting task 0.0 in stage 1.0 (TID 1) (renato-Virtual-Machine.mshome.net, executor driver, partition 0, PROCESS_LOCAL, 5229 bytes) taskResourceAssignments Map()
[2022-11-08T19:50:57.401-0300] {spark_submit.py:485} INFO - 22/11/08 19:50:57 INFO Executor: Running task 0.0 in stage 1.0 (TID 1)
[2022-11-08T19:50:57.524-0300] {spark_submit.py:485} INFO - 22/11/08 19:50:57 INFO FileOutputCommitter: File Output Committer Algorithm version is 1
[2022-11-08T19:50:57.524-0300] {spark_submit.py:485} INFO - 22/11/08 19:50:57 INFO FileOutputCommitter: FileOutputCommitter skip cleanup _temporary folders under output directory:false, ignore cleanup failures: false
[2022-11-08T19:50:57.525-0300] {spark_submit.py:485} INFO - 22/11/08 19:50:57 INFO SQLHadoopMapReduceCommitProtocol: Using output committer class org.apache.hadoop.mapreduce.lib.output.FileOutputCommitter
[2022-11-08T19:50:57.595-0300] {spark_submit.py:485} INFO - 22/11/08 19:50:57 INFO FileScanRDD: Reading File path: file:///home/renato/Documentos/datapipeline/datalake/bronze/twitter_aluraonline/extract_date=2022-11-08/AluraOnline_20221108.json, range: 0-227180, partition values: [empty row]
[2022-11-08T19:50:57.622-0300] {spark_submit.py:485} INFO - 22/11/08 19:50:57 INFO CodeGenerator: Code generated in 21.017479 ms
[2022-11-08T19:50:57.677-0300] {spark_submit.py:485} INFO - 22/11/08 19:50:57 INFO CodeGenerator: Code generated in 4.491153 ms
[2022-11-08T19:50:57.842-0300] {spark_submit.py:485} INFO - 22/11/08 19:50:57 INFO FileOutputCommitter: Saved output of task 'attempt_202211081950573769270623384851881_0001_m_000000_1' to file:/home/renato/Documentos/datapipeline/datalake/silver/twitter_aluraonline/tweet/process_date=2022-11-08/_temporary/0/task_202211081950573769270623384851881_0001_m_000000
[2022-11-08T19:50:57.843-0300] {spark_submit.py:485} INFO - 22/11/08 19:50:57 INFO SparkHadoopMapRedUtil: attempt_202211081950573769270623384851881_0001_m_000000_1: Committed. Elapsed time: 1 ms.
[2022-11-08T19:50:57.850-0300] {spark_submit.py:485} INFO - 22/11/08 19:50:57 INFO Executor: Finished task 0.0 in stage 1.0 (TID 1). 2678 bytes result sent to driver
[2022-11-08T19:50:57.854-0300] {spark_submit.py:485} INFO - 22/11/08 19:50:57 INFO TaskSetManager: Finished task 0.0 in stage 1.0 (TID 1) in 460 ms on renato-Virtual-Machine.mshome.net (executor driver) (1/1)
[2022-11-08T19:50:57.855-0300] {spark_submit.py:485} INFO - 22/11/08 19:50:57 INFO TaskSchedulerImpl: Removed TaskSet 1.0, whose tasks have all completed, from pool
[2022-11-08T19:50:57.856-0300] {spark_submit.py:485} INFO - 22/11/08 19:50:57 INFO DAGScheduler: ResultStage 1 (json at NativeMethodAccessorImpl.java:0) finished in 0,560 s
[2022-11-08T19:50:57.856-0300] {spark_submit.py:485} INFO - 22/11/08 19:50:57 INFO DAGScheduler: Job 1 is finished. Cancelling potential speculative or zombie tasks for this job
[2022-11-08T19:50:57.856-0300] {spark_submit.py:485} INFO - 22/11/08 19:50:57 INFO TaskSchedulerImpl: Killing all running tasks in stage 1: Stage finished
[2022-11-08T19:50:57.860-0300] {spark_submit.py:485} INFO - 22/11/08 19:50:57 INFO DAGScheduler: Job 1 finished: json at NativeMethodAccessorImpl.java:0, took 0,567160 s
[2022-11-08T19:50:57.861-0300] {spark_submit.py:485} INFO - 22/11/08 19:50:57 INFO FileFormatWriter: Start to commit write Job 2f91f92a-0c6b-431d-9140-99374a90ccca.
[2022-11-08T19:50:57.891-0300] {spark_submit.py:485} INFO - 22/11/08 19:50:57 INFO FileFormatWriter: Write Job 2f91f92a-0c6b-431d-9140-99374a90ccca committed. Elapsed time: 32 ms.
[2022-11-08T19:50:57.895-0300] {spark_submit.py:485} INFO - 22/11/08 19:50:57 INFO FileFormatWriter: Finished processing stats for write job 2f91f92a-0c6b-431d-9140-99374a90ccca.
[2022-11-08T19:50:57.954-0300] {spark_submit.py:485} INFO - 22/11/08 19:50:57 INFO FileSourceStrategy: Pushed Filters:
[2022-11-08T19:50:57.955-0300] {spark_submit.py:485} INFO - 22/11/08 19:50:57 INFO FileSourceStrategy: Post-Scan Filters:
[2022-11-08T19:50:57.955-0300] {spark_submit.py:485} INFO - 22/11/08 19:50:57 INFO FileSourceStrategy: Output Data Schema: struct<includes: struct<users: array<struct<created_at:string,id:string,name:string,username:string>>>>
[2022-11-08T19:50:57.975-0300] {spark_submit.py:485} INFO - 22/11/08 19:50:57 INFO FileOutputCommitter: File Output Committer Algorithm version is 1
[2022-11-08T19:50:57.975-0300] {spark_submit.py:485} INFO - 22/11/08 19:50:57 INFO FileOutputCommitter: FileOutputCommitter skip cleanup _temporary folders under output directory:false, ignore cleanup failures: false
[2022-11-08T19:50:57.975-0300] {spark_submit.py:485} INFO - 22/11/08 19:50:57 INFO SQLHadoopMapReduceCommitProtocol: Using output committer class org.apache.hadoop.mapreduce.lib.output.FileOutputCommitter
[2022-11-08T19:50:58.041-0300] {spark_submit.py:485} INFO - 22/11/08 19:50:58 INFO CodeGenerator: Code generated in 23.428154 ms
[2022-11-08T19:50:58.046-0300] {spark_submit.py:485} INFO - 22/11/08 19:50:58 INFO MemoryStore: Block broadcast_4 stored as values in memory (estimated size 349.5 KiB, free 364.9 MiB)
[2022-11-08T19:50:58.062-0300] {spark_submit.py:485} INFO - 22/11/08 19:50:58 INFO MemoryStore: Block broadcast_4_piece0 stored as bytes in memory (estimated size 33.9 KiB, free 364.9 MiB)
[2022-11-08T19:50:58.064-0300] {spark_submit.py:485} INFO - 22/11/08 19:50:58 INFO BlockManagerInfo: Added broadcast_4_piece0 in memory on renato-Virtual-Machine.mshome.net:46739 (size: 33.9 KiB, free: 366.1 MiB)
[2022-11-08T19:50:58.067-0300] {spark_submit.py:485} INFO - 22/11/08 19:50:58 INFO SparkContext: Created broadcast 4 from json at NativeMethodAccessorImpl.java:0
[2022-11-08T19:50:58.074-0300] {spark_submit.py:485} INFO - 22/11/08 19:50:58 INFO FileSourceScanExec: Planning scan with bin packing, max size: 4421484 bytes, open cost is considered as scanning 4194304 bytes.
[2022-11-08T19:50:58.111-0300] {spark_submit.py:485} INFO - 22/11/08 19:50:58 INFO SparkContext: Starting job: json at NativeMethodAccessorImpl.java:0
[2022-11-08T19:50:58.115-0300] {spark_submit.py:485} INFO - 22/11/08 19:50:58 INFO DAGScheduler: Got job 2 (json at NativeMethodAccessorImpl.java:0) with 1 output partitions
[2022-11-08T19:50:58.115-0300] {spark_submit.py:485} INFO - 22/11/08 19:50:58 INFO DAGScheduler: Final stage: ResultStage 2 (json at NativeMethodAccessorImpl.java:0)
[2022-11-08T19:50:58.115-0300] {spark_submit.py:485} INFO - 22/11/08 19:50:58 INFO DAGScheduler: Parents of final stage: List()
[2022-11-08T19:50:58.115-0300] {spark_submit.py:485} INFO - 22/11/08 19:50:58 INFO DAGScheduler: Missing parents: List()
[2022-11-08T19:50:58.126-0300] {spark_submit.py:485} INFO - 22/11/08 19:50:58 INFO DAGScheduler: Submitting ResultStage 2 (CoalescedRDD[11] at json at NativeMethodAccessorImpl.java:0), which has no missing parents
[2022-11-08T19:50:58.166-0300] {spark_submit.py:485} INFO - 22/11/08 19:50:58 INFO MemoryStore: Block broadcast_5 stored as values in memory (estimated size 214.7 KiB, free 364.7 MiB)
[2022-11-08T19:50:58.171-0300] {spark_submit.py:485} INFO - 22/11/08 19:50:58 INFO MemoryStore: Block broadcast_5_piece0 stored as bytes in memory (estimated size 76.4 KiB, free 364.6 MiB)
[2022-11-08T19:50:58.171-0300] {spark_submit.py:485} INFO - 22/11/08 19:50:58 INFO BlockManagerInfo: Added broadcast_5_piece0 in memory on renato-Virtual-Machine.mshome.net:46739 (size: 76.4 KiB, free: 366.0 MiB)
[2022-11-08T19:50:58.174-0300] {spark_submit.py:485} INFO - 22/11/08 19:50:58 INFO SparkContext: Created broadcast 5 from broadcast at DAGScheduler.scala:1513
[2022-11-08T19:50:58.176-0300] {spark_submit.py:485} INFO - 22/11/08 19:50:58 INFO DAGScheduler: Submitting 1 missing tasks from ResultStage 2 (CoalescedRDD[11] at json at NativeMethodAccessorImpl.java:0) (first 15 tasks are for partitions Vector(0))
[2022-11-08T19:50:58.176-0300] {spark_submit.py:485} INFO - 22/11/08 19:50:58 INFO TaskSchedulerImpl: Adding task set 2.0 with 1 tasks resource profile 0
[2022-11-08T19:50:58.178-0300] {spark_submit.py:485} INFO - 22/11/08 19:50:58 INFO TaskSetManager: Starting task 0.0 in stage 2.0 (TID 2) (renato-Virtual-Machine.mshome.net, executor driver, partition 0, PROCESS_LOCAL, 5229 bytes) taskResourceAssignments Map()
[2022-11-08T19:50:58.182-0300] {spark_submit.py:485} INFO - 22/11/08 19:50:58 INFO Executor: Running task 0.0 in stage 2.0 (TID 2)
[2022-11-08T19:50:58.203-0300] {spark_submit.py:485} INFO - 22/11/08 19:50:58 INFO FileOutputCommitter: File Output Committer Algorithm version is 1
[2022-11-08T19:50:58.204-0300] {spark_submit.py:485} INFO - 22/11/08 19:50:58 INFO FileOutputCommitter: FileOutputCommitter skip cleanup _temporary folders under output directory:false, ignore cleanup failures: false
[2022-11-08T19:50:58.204-0300] {spark_submit.py:485} INFO - 22/11/08 19:50:58 INFO SQLHadoopMapReduceCommitProtocol: Using output committer class org.apache.hadoop.mapreduce.lib.output.FileOutputCommitter
[2022-11-08T19:50:58.249-0300] {spark_submit.py:485} INFO - 22/11/08 19:50:58 INFO FileScanRDD: Reading File path: file:///home/renato/Documentos/datapipeline/datalake/bronze/twitter_aluraonline/extract_date=2022-11-08/AluraOnline_20221108.json, range: 0-227180, partition values: [empty row]
[2022-11-08T19:50:58.260-0300] {spark_submit.py:485} INFO - 22/11/08 19:50:58 INFO CodeGenerator: Code generated in 10.888386 ms
[2022-11-08T19:50:58.292-0300] {spark_submit.py:485} INFO - 22/11/08 19:50:58 INFO FileOutputCommitter: Saved output of task 'attempt_202211081950582929847341431987633_0002_m_000000_2' to file:/home/renato/Documentos/datapipeline/datalake/silver/twitter_aluraonline/user/process_date=2022-11-08/_temporary/0/task_202211081950582929847341431987633_0002_m_000000
[2022-11-08T19:50:58.292-0300] {spark_submit.py:485} INFO - 22/11/08 19:50:58 INFO SparkHadoopMapRedUtil: attempt_202211081950582929847341431987633_0002_m_000000_2: Committed. Elapsed time: 1 ms.
[2022-11-08T19:50:58.295-0300] {spark_submit.py:485} INFO - 22/11/08 19:50:58 INFO Executor: Finished task 0.0 in stage 2.0 (TID 2). 2579 bytes result sent to driver
[2022-11-08T19:50:58.296-0300] {spark_submit.py:485} INFO - 22/11/08 19:50:58 INFO TaskSetManager: Finished task 0.0 in stage 2.0 (TID 2) in 119 ms on renato-Virtual-Machine.mshome.net (executor driver) (1/1)
[2022-11-08T19:50:58.299-0300] {spark_submit.py:485} INFO - 22/11/08 19:50:58 INFO DAGScheduler: ResultStage 2 (json at NativeMethodAccessorImpl.java:0) finished in 0,172 s
[2022-11-08T19:50:58.299-0300] {spark_submit.py:485} INFO - 22/11/08 19:50:58 INFO DAGScheduler: Job 2 is finished. Cancelling potential speculative or zombie tasks for this job
[2022-11-08T19:50:58.301-0300] {spark_submit.py:485} INFO - 22/11/08 19:50:58 INFO TaskSchedulerImpl: Removed TaskSet 2.0, whose tasks have all completed, from pool
[2022-11-08T19:50:58.301-0300] {spark_submit.py:485} INFO - 22/11/08 19:50:58 INFO TaskSchedulerImpl: Killing all running tasks in stage 2: Stage finished
[2022-11-08T19:50:58.302-0300] {spark_submit.py:485} INFO - 22/11/08 19:50:58 INFO DAGScheduler: Job 2 finished: json at NativeMethodAccessorImpl.java:0, took 0,190807 s
[2022-11-08T19:50:58.303-0300] {spark_submit.py:485} INFO - 22/11/08 19:50:58 INFO FileFormatWriter: Start to commit write Job f1337832-768f-4571-ae88-ac0f2f67d063.
[2022-11-08T19:50:58.368-0300] {spark_submit.py:485} INFO - 22/11/08 19:50:58 INFO FileFormatWriter: Write Job f1337832-768f-4571-ae88-ac0f2f67d063 committed. Elapsed time: 64 ms.
[2022-11-08T19:50:58.368-0300] {spark_submit.py:485} INFO - 22/11/08 19:50:58 INFO FileFormatWriter: Finished processing stats for write job f1337832-768f-4571-ae88-ac0f2f67d063.
[2022-11-08T19:50:58.460-0300] {spark_submit.py:485} INFO - 22/11/08 19:50:58 INFO SparkContext: Invoking stop() from shutdown hook
[2022-11-08T19:50:58.495-0300] {spark_submit.py:485} INFO - 22/11/08 19:50:58 INFO SparkUI: Stopped Spark web UI at http://renato-Virtual-Machine.mshome.net:4040
[2022-11-08T19:50:58.538-0300] {spark_submit.py:485} INFO - 22/11/08 19:50:58 INFO MapOutputTrackerMasterEndpoint: MapOutputTrackerMasterEndpoint stopped!
[2022-11-08T19:50:58.578-0300] {spark_submit.py:485} INFO - 22/11/08 19:50:58 INFO MemoryStore: MemoryStore cleared
[2022-11-08T19:50:58.579-0300] {spark_submit.py:485} INFO - 22/11/08 19:50:58 INFO BlockManager: BlockManager stopped
[2022-11-08T19:50:58.588-0300] {spark_submit.py:485} INFO - 22/11/08 19:50:58 INFO BlockManagerMaster: BlockManagerMaster stopped
[2022-11-08T19:50:58.603-0300] {spark_submit.py:485} INFO - 22/11/08 19:50:58 INFO OutputCommitCoordinator$OutputCommitCoordinatorEndpoint: OutputCommitCoordinator stopped!
[2022-11-08T19:50:58.633-0300] {spark_submit.py:485} INFO - 22/11/08 19:50:58 INFO SparkContext: Successfully stopped SparkContext
[2022-11-08T19:50:58.634-0300] {spark_submit.py:485} INFO - 22/11/08 19:50:58 INFO ShutdownHookManager: Shutdown hook called
[2022-11-08T19:50:58.639-0300] {spark_submit.py:485} INFO - 22/11/08 19:50:58 INFO ShutdownHookManager: Deleting directory /tmp/spark-5695ef47-4b6a-4fd2-9fa3-2e7a94aee584
[2022-11-08T19:50:58.641-0300] {spark_submit.py:485} INFO - 22/11/08 19:50:58 INFO ShutdownHookManager: Deleting directory /tmp/spark-3a341b3e-1c25-4948-9b77-1f9e65206068/pyspark-7f7e337f-bafc-44a9-ad4e-c015c694f7b6
[2022-11-08T19:50:58.643-0300] {spark_submit.py:485} INFO - 22/11/08 19:50:58 INFO ShutdownHookManager: Deleting directory /tmp/spark-3a341b3e-1c25-4948-9b77-1f9e65206068
[2022-11-08T19:50:58.718-0300] {taskinstance.py:1401} INFO - Marking task as SUCCESS. dag_id=twitter_dag, task_id=transform_twitter_aluraonline, execution_date=20221108T225024, start_date=20221108T225046, end_date=20221108T225058
[2022-11-08T19:50:58.787-0300] {local_task_job.py:164} INFO - Task exited with return code 0
[2022-11-08T19:50:58.795-0300] {local_task_job.py:273} INFO - 0 downstream tasks scheduled from follow-on schedule check
