[2022-11-07T23:27:16.748-0300] {processor.py:156} INFO - Started process (PID=965226) to work on /home/renato/Documentos/datapipeline/.env/lib/python3.10/site-packages/airflow/example_dags/subdags/subdag.py
[2022-11-07T23:27:16.749-0300] {processor.py:758} INFO - Processing file /home/renato/Documentos/datapipeline/.env/lib/python3.10/site-packages/airflow/example_dags/subdags/subdag.py for tasks to queue
[2022-11-07T23:27:16.750-0300] {logging_mixin.py:117} INFO - [2022-11-07T23:27:16.750-0300] {dagbag.py:525} INFO - Filling up the DagBag from /home/renato/Documentos/datapipeline/.env/lib/python3.10/site-packages/airflow/example_dags/subdags/subdag.py
[2022-11-07T23:27:16.766-0300] {processor.py:770} WARNING - No viable dags retrieved from /home/renato/Documentos/datapipeline/.env/lib/python3.10/site-packages/airflow/example_dags/subdags/subdag.py
[2022-11-07T23:27:16.782-0300] {processor.py:178} INFO - Processing /home/renato/Documentos/datapipeline/.env/lib/python3.10/site-packages/airflow/example_dags/subdags/subdag.py took 0.037 seconds
[2022-11-07T23:27:56.364-0300] {processor.py:156} INFO - Started process (PID=965439) to work on /home/renato/Documentos/datapipeline/.env/lib/python3.10/site-packages/airflow/example_dags/subdags/subdag.py
[2022-11-07T23:27:56.366-0300] {processor.py:758} INFO - Processing file /home/renato/Documentos/datapipeline/.env/lib/python3.10/site-packages/airflow/example_dags/subdags/subdag.py for tasks to queue
[2022-11-07T23:27:56.367-0300] {logging_mixin.py:117} INFO - [2022-11-07T23:27:56.366-0300] {dagbag.py:525} INFO - Filling up the DagBag from /home/renato/Documentos/datapipeline/.env/lib/python3.10/site-packages/airflow/example_dags/subdags/subdag.py
[2022-11-07T23:27:56.371-0300] {processor.py:770} WARNING - No viable dags retrieved from /home/renato/Documentos/datapipeline/.env/lib/python3.10/site-packages/airflow/example_dags/subdags/subdag.py
[2022-11-07T23:27:56.381-0300] {processor.py:178} INFO - Processing /home/renato/Documentos/datapipeline/.env/lib/python3.10/site-packages/airflow/example_dags/subdags/subdag.py took 0.021 seconds
[2022-11-07T23:28:35.573-0300] {processor.py:156} INFO - Started process (PID=965518) to work on /home/renato/Documentos/datapipeline/.env/lib/python3.10/site-packages/airflow/example_dags/subdags/subdag.py
[2022-11-07T23:28:35.576-0300] {processor.py:758} INFO - Processing file /home/renato/Documentos/datapipeline/.env/lib/python3.10/site-packages/airflow/example_dags/subdags/subdag.py for tasks to queue
[2022-11-07T23:28:35.577-0300] {logging_mixin.py:117} INFO - [2022-11-07T23:28:35.577-0300] {dagbag.py:525} INFO - Filling up the DagBag from /home/renato/Documentos/datapipeline/.env/lib/python3.10/site-packages/airflow/example_dags/subdags/subdag.py
[2022-11-07T23:28:35.583-0300] {processor.py:770} WARNING - No viable dags retrieved from /home/renato/Documentos/datapipeline/.env/lib/python3.10/site-packages/airflow/example_dags/subdags/subdag.py
[2022-11-07T23:28:35.598-0300] {processor.py:178} INFO - Processing /home/renato/Documentos/datapipeline/.env/lib/python3.10/site-packages/airflow/example_dags/subdags/subdag.py took 0.029 seconds
[2022-11-07T23:29:13.408-0300] {processor.py:156} INFO - Started process (PID=965597) to work on /home/renato/Documentos/datapipeline/.env/lib/python3.10/site-packages/airflow/example_dags/subdags/subdag.py
[2022-11-07T23:29:13.413-0300] {processor.py:758} INFO - Processing file /home/renato/Documentos/datapipeline/.env/lib/python3.10/site-packages/airflow/example_dags/subdags/subdag.py for tasks to queue
[2022-11-07T23:29:13.416-0300] {logging_mixin.py:117} INFO - [2022-11-07T23:29:13.415-0300] {dagbag.py:525} INFO - Filling up the DagBag from /home/renato/Documentos/datapipeline/.env/lib/python3.10/site-packages/airflow/example_dags/subdags/subdag.py
[2022-11-07T23:29:13.430-0300] {processor.py:770} WARNING - No viable dags retrieved from /home/renato/Documentos/datapipeline/.env/lib/python3.10/site-packages/airflow/example_dags/subdags/subdag.py
[2022-11-07T23:29:13.448-0300] {processor.py:178} INFO - Processing /home/renato/Documentos/datapipeline/.env/lib/python3.10/site-packages/airflow/example_dags/subdags/subdag.py took 0.050 seconds
[2022-11-07T23:29:50.403-0300] {processor.py:156} INFO - Started process (PID=965671) to work on /home/renato/Documentos/datapipeline/.env/lib/python3.10/site-packages/airflow/example_dags/subdags/subdag.py
[2022-11-07T23:29:50.406-0300] {processor.py:758} INFO - Processing file /home/renato/Documentos/datapipeline/.env/lib/python3.10/site-packages/airflow/example_dags/subdags/subdag.py for tasks to queue
[2022-11-07T23:29:50.407-0300] {logging_mixin.py:117} INFO - [2022-11-07T23:29:50.407-0300] {dagbag.py:525} INFO - Filling up the DagBag from /home/renato/Documentos/datapipeline/.env/lib/python3.10/site-packages/airflow/example_dags/subdags/subdag.py
[2022-11-07T23:29:50.413-0300] {processor.py:770} WARNING - No viable dags retrieved from /home/renato/Documentos/datapipeline/.env/lib/python3.10/site-packages/airflow/example_dags/subdags/subdag.py
[2022-11-07T23:29:50.423-0300] {processor.py:178} INFO - Processing /home/renato/Documentos/datapipeline/.env/lib/python3.10/site-packages/airflow/example_dags/subdags/subdag.py took 0.024 seconds
[2022-11-07T23:30:28.679-0300] {processor.py:156} INFO - Started process (PID=965747) to work on /home/renato/Documentos/datapipeline/.env/lib/python3.10/site-packages/airflow/example_dags/subdags/subdag.py
[2022-11-07T23:30:28.685-0300] {processor.py:758} INFO - Processing file /home/renato/Documentos/datapipeline/.env/lib/python3.10/site-packages/airflow/example_dags/subdags/subdag.py for tasks to queue
[2022-11-07T23:30:28.686-0300] {logging_mixin.py:117} INFO - [2022-11-07T23:30:28.686-0300] {dagbag.py:525} INFO - Filling up the DagBag from /home/renato/Documentos/datapipeline/.env/lib/python3.10/site-packages/airflow/example_dags/subdags/subdag.py
[2022-11-07T23:30:28.694-0300] {processor.py:770} WARNING - No viable dags retrieved from /home/renato/Documentos/datapipeline/.env/lib/python3.10/site-packages/airflow/example_dags/subdags/subdag.py
[2022-11-07T23:30:28.704-0300] {processor.py:178} INFO - Processing /home/renato/Documentos/datapipeline/.env/lib/python3.10/site-packages/airflow/example_dags/subdags/subdag.py took 0.030 seconds
[2022-11-07T23:31:04.958-0300] {processor.py:156} INFO - Started process (PID=965819) to work on /home/renato/Documentos/datapipeline/.env/lib/python3.10/site-packages/airflow/example_dags/subdags/subdag.py
[2022-11-07T23:31:04.960-0300] {processor.py:758} INFO - Processing file /home/renato/Documentos/datapipeline/.env/lib/python3.10/site-packages/airflow/example_dags/subdags/subdag.py for tasks to queue
[2022-11-07T23:31:04.961-0300] {logging_mixin.py:117} INFO - [2022-11-07T23:31:04.961-0300] {dagbag.py:525} INFO - Filling up the DagBag from /home/renato/Documentos/datapipeline/.env/lib/python3.10/site-packages/airflow/example_dags/subdags/subdag.py
[2022-11-07T23:31:04.965-0300] {processor.py:770} WARNING - No viable dags retrieved from /home/renato/Documentos/datapipeline/.env/lib/python3.10/site-packages/airflow/example_dags/subdags/subdag.py
[2022-11-07T23:31:04.975-0300] {processor.py:178} INFO - Processing /home/renato/Documentos/datapipeline/.env/lib/python3.10/site-packages/airflow/example_dags/subdags/subdag.py took 0.020 seconds
[2022-11-07T23:31:46.671-0300] {processor.py:156} INFO - Started process (PID=965900) to work on /home/renato/Documentos/datapipeline/.env/lib/python3.10/site-packages/airflow/example_dags/subdags/subdag.py
[2022-11-07T23:31:46.677-0300] {processor.py:758} INFO - Processing file /home/renato/Documentos/datapipeline/.env/lib/python3.10/site-packages/airflow/example_dags/subdags/subdag.py for tasks to queue
[2022-11-07T23:31:46.679-0300] {logging_mixin.py:117} INFO - [2022-11-07T23:31:46.678-0300] {dagbag.py:525} INFO - Filling up the DagBag from /home/renato/Documentos/datapipeline/.env/lib/python3.10/site-packages/airflow/example_dags/subdags/subdag.py
[2022-11-07T23:31:46.686-0300] {processor.py:770} WARNING - No viable dags retrieved from /home/renato/Documentos/datapipeline/.env/lib/python3.10/site-packages/airflow/example_dags/subdags/subdag.py
[2022-11-07T23:31:46.701-0300] {processor.py:178} INFO - Processing /home/renato/Documentos/datapipeline/.env/lib/python3.10/site-packages/airflow/example_dags/subdags/subdag.py took 0.035 seconds
[2022-11-07T23:32:24.849-0300] {processor.py:156} INFO - Started process (PID=966109) to work on /home/renato/Documentos/datapipeline/.env/lib/python3.10/site-packages/airflow/example_dags/subdags/subdag.py
[2022-11-07T23:32:24.853-0300] {processor.py:758} INFO - Processing file /home/renato/Documentos/datapipeline/.env/lib/python3.10/site-packages/airflow/example_dags/subdags/subdag.py for tasks to queue
[2022-11-07T23:32:24.854-0300] {logging_mixin.py:117} INFO - [2022-11-07T23:32:24.854-0300] {dagbag.py:525} INFO - Filling up the DagBag from /home/renato/Documentos/datapipeline/.env/lib/python3.10/site-packages/airflow/example_dags/subdags/subdag.py
[2022-11-07T23:32:24.857-0300] {processor.py:770} WARNING - No viable dags retrieved from /home/renato/Documentos/datapipeline/.env/lib/python3.10/site-packages/airflow/example_dags/subdags/subdag.py
[2022-11-07T23:32:24.866-0300] {processor.py:178} INFO - Processing /home/renato/Documentos/datapipeline/.env/lib/python3.10/site-packages/airflow/example_dags/subdags/subdag.py took 0.020 seconds
[2022-11-07T23:33:03.691-0300] {processor.py:156} INFO - Started process (PID=966184) to work on /home/renato/Documentos/datapipeline/.env/lib/python3.10/site-packages/airflow/example_dags/subdags/subdag.py
[2022-11-07T23:33:03.693-0300] {processor.py:758} INFO - Processing file /home/renato/Documentos/datapipeline/.env/lib/python3.10/site-packages/airflow/example_dags/subdags/subdag.py for tasks to queue
[2022-11-07T23:33:03.694-0300] {logging_mixin.py:117} INFO - [2022-11-07T23:33:03.694-0300] {dagbag.py:525} INFO - Filling up the DagBag from /home/renato/Documentos/datapipeline/.env/lib/python3.10/site-packages/airflow/example_dags/subdags/subdag.py
[2022-11-07T23:33:03.698-0300] {processor.py:770} WARNING - No viable dags retrieved from /home/renato/Documentos/datapipeline/.env/lib/python3.10/site-packages/airflow/example_dags/subdags/subdag.py
[2022-11-07T23:33:03.705-0300] {processor.py:178} INFO - Processing /home/renato/Documentos/datapipeline/.env/lib/python3.10/site-packages/airflow/example_dags/subdags/subdag.py took 0.017 seconds
[2022-11-07T23:33:43.394-0300] {processor.py:156} INFO - Started process (PID=966263) to work on /home/renato/Documentos/datapipeline/.env/lib/python3.10/site-packages/airflow/example_dags/subdags/subdag.py
[2022-11-07T23:33:43.396-0300] {processor.py:758} INFO - Processing file /home/renato/Documentos/datapipeline/.env/lib/python3.10/site-packages/airflow/example_dags/subdags/subdag.py for tasks to queue
[2022-11-07T23:33:43.396-0300] {logging_mixin.py:117} INFO - [2022-11-07T23:33:43.396-0300] {dagbag.py:525} INFO - Filling up the DagBag from /home/renato/Documentos/datapipeline/.env/lib/python3.10/site-packages/airflow/example_dags/subdags/subdag.py
[2022-11-07T23:33:43.399-0300] {processor.py:770} WARNING - No viable dags retrieved from /home/renato/Documentos/datapipeline/.env/lib/python3.10/site-packages/airflow/example_dags/subdags/subdag.py
[2022-11-07T23:33:43.408-0300] {processor.py:178} INFO - Processing /home/renato/Documentos/datapipeline/.env/lib/python3.10/site-packages/airflow/example_dags/subdags/subdag.py took 0.018 seconds
[2022-11-07T23:34:18.501-0300] {processor.py:156} INFO - Started process (PID=966335) to work on /home/renato/Documentos/datapipeline/.env/lib/python3.10/site-packages/airflow/example_dags/subdags/subdag.py
[2022-11-07T23:34:18.506-0300] {processor.py:758} INFO - Processing file /home/renato/Documentos/datapipeline/.env/lib/python3.10/site-packages/airflow/example_dags/subdags/subdag.py for tasks to queue
[2022-11-07T23:34:18.507-0300] {logging_mixin.py:117} INFO - [2022-11-07T23:34:18.506-0300] {dagbag.py:525} INFO - Filling up the DagBag from /home/renato/Documentos/datapipeline/.env/lib/python3.10/site-packages/airflow/example_dags/subdags/subdag.py
[2022-11-07T23:34:18.510-0300] {processor.py:770} WARNING - No viable dags retrieved from /home/renato/Documentos/datapipeline/.env/lib/python3.10/site-packages/airflow/example_dags/subdags/subdag.py
[2022-11-07T23:34:18.520-0300] {processor.py:178} INFO - Processing /home/renato/Documentos/datapipeline/.env/lib/python3.10/site-packages/airflow/example_dags/subdags/subdag.py took 0.023 seconds
[2022-11-07T23:34:55.825-0300] {processor.py:156} INFO - Started process (PID=966409) to work on /home/renato/Documentos/datapipeline/.env/lib/python3.10/site-packages/airflow/example_dags/subdags/subdag.py
[2022-11-07T23:34:55.830-0300] {processor.py:758} INFO - Processing file /home/renato/Documentos/datapipeline/.env/lib/python3.10/site-packages/airflow/example_dags/subdags/subdag.py for tasks to queue
[2022-11-07T23:34:55.831-0300] {logging_mixin.py:117} INFO - [2022-11-07T23:34:55.831-0300] {dagbag.py:525} INFO - Filling up the DagBag from /home/renato/Documentos/datapipeline/.env/lib/python3.10/site-packages/airflow/example_dags/subdags/subdag.py
[2022-11-07T23:34:55.838-0300] {processor.py:770} WARNING - No viable dags retrieved from /home/renato/Documentos/datapipeline/.env/lib/python3.10/site-packages/airflow/example_dags/subdags/subdag.py
[2022-11-07T23:34:55.849-0300] {processor.py:178} INFO - Processing /home/renato/Documentos/datapipeline/.env/lib/python3.10/site-packages/airflow/example_dags/subdags/subdag.py took 0.029 seconds
[2022-11-07T23:35:33.512-0300] {processor.py:156} INFO - Started process (PID=966484) to work on /home/renato/Documentos/datapipeline/.env/lib/python3.10/site-packages/airflow/example_dags/subdags/subdag.py
[2022-11-07T23:35:33.515-0300] {processor.py:758} INFO - Processing file /home/renato/Documentos/datapipeline/.env/lib/python3.10/site-packages/airflow/example_dags/subdags/subdag.py for tasks to queue
[2022-11-07T23:35:33.516-0300] {logging_mixin.py:117} INFO - [2022-11-07T23:35:33.516-0300] {dagbag.py:525} INFO - Filling up the DagBag from /home/renato/Documentos/datapipeline/.env/lib/python3.10/site-packages/airflow/example_dags/subdags/subdag.py
[2022-11-07T23:35:33.522-0300] {processor.py:770} WARNING - No viable dags retrieved from /home/renato/Documentos/datapipeline/.env/lib/python3.10/site-packages/airflow/example_dags/subdags/subdag.py
[2022-11-07T23:35:33.532-0300] {processor.py:178} INFO - Processing /home/renato/Documentos/datapipeline/.env/lib/python3.10/site-packages/airflow/example_dags/subdags/subdag.py took 0.025 seconds
[2022-11-07T23:36:12.778-0300] {processor.py:156} INFO - Started process (PID=966561) to work on /home/renato/Documentos/datapipeline/.env/lib/python3.10/site-packages/airflow/example_dags/subdags/subdag.py
[2022-11-07T23:36:12.782-0300] {processor.py:758} INFO - Processing file /home/renato/Documentos/datapipeline/.env/lib/python3.10/site-packages/airflow/example_dags/subdags/subdag.py for tasks to queue
[2022-11-07T23:36:12.783-0300] {logging_mixin.py:117} INFO - [2022-11-07T23:36:12.783-0300] {dagbag.py:525} INFO - Filling up the DagBag from /home/renato/Documentos/datapipeline/.env/lib/python3.10/site-packages/airflow/example_dags/subdags/subdag.py
[2022-11-07T23:36:12.792-0300] {processor.py:770} WARNING - No viable dags retrieved from /home/renato/Documentos/datapipeline/.env/lib/python3.10/site-packages/airflow/example_dags/subdags/subdag.py
[2022-11-07T23:36:12.802-0300] {processor.py:178} INFO - Processing /home/renato/Documentos/datapipeline/.env/lib/python3.10/site-packages/airflow/example_dags/subdags/subdag.py took 0.030 seconds
[2022-11-07T23:36:53.001-0300] {processor.py:156} INFO - Started process (PID=966641) to work on /home/renato/Documentos/datapipeline/.env/lib/python3.10/site-packages/airflow/example_dags/subdags/subdag.py
[2022-11-07T23:36:53.004-0300] {processor.py:758} INFO - Processing file /home/renato/Documentos/datapipeline/.env/lib/python3.10/site-packages/airflow/example_dags/subdags/subdag.py for tasks to queue
[2022-11-07T23:36:53.005-0300] {logging_mixin.py:117} INFO - [2022-11-07T23:36:53.005-0300] {dagbag.py:525} INFO - Filling up the DagBag from /home/renato/Documentos/datapipeline/.env/lib/python3.10/site-packages/airflow/example_dags/subdags/subdag.py
[2022-11-07T23:36:53.011-0300] {processor.py:770} WARNING - No viable dags retrieved from /home/renato/Documentos/datapipeline/.env/lib/python3.10/site-packages/airflow/example_dags/subdags/subdag.py
[2022-11-07T23:36:53.026-0300] {processor.py:178} INFO - Processing /home/renato/Documentos/datapipeline/.env/lib/python3.10/site-packages/airflow/example_dags/subdags/subdag.py took 0.031 seconds
[2022-11-07T23:37:34.892-0300] {processor.py:156} INFO - Started process (PID=966855) to work on /home/renato/Documentos/datapipeline/.env/lib/python3.10/site-packages/airflow/example_dags/subdags/subdag.py
[2022-11-07T23:37:34.895-0300] {processor.py:758} INFO - Processing file /home/renato/Documentos/datapipeline/.env/lib/python3.10/site-packages/airflow/example_dags/subdags/subdag.py for tasks to queue
[2022-11-07T23:37:34.896-0300] {logging_mixin.py:117} INFO - [2022-11-07T23:37:34.896-0300] {dagbag.py:525} INFO - Filling up the DagBag from /home/renato/Documentos/datapipeline/.env/lib/python3.10/site-packages/airflow/example_dags/subdags/subdag.py
[2022-11-07T23:37:34.903-0300] {processor.py:770} WARNING - No viable dags retrieved from /home/renato/Documentos/datapipeline/.env/lib/python3.10/site-packages/airflow/example_dags/subdags/subdag.py
[2022-11-07T23:37:34.910-0300] {processor.py:178} INFO - Processing /home/renato/Documentos/datapipeline/.env/lib/python3.10/site-packages/airflow/example_dags/subdags/subdag.py took 0.024 seconds
[2022-11-07T23:38:12.285-0300] {processor.py:156} INFO - Started process (PID=966928) to work on /home/renato/Documentos/datapipeline/.env/lib/python3.10/site-packages/airflow/example_dags/subdags/subdag.py
[2022-11-07T23:38:12.288-0300] {processor.py:758} INFO - Processing file /home/renato/Documentos/datapipeline/.env/lib/python3.10/site-packages/airflow/example_dags/subdags/subdag.py for tasks to queue
[2022-11-07T23:38:12.289-0300] {logging_mixin.py:117} INFO - [2022-11-07T23:38:12.289-0300] {dagbag.py:525} INFO - Filling up the DagBag from /home/renato/Documentos/datapipeline/.env/lib/python3.10/site-packages/airflow/example_dags/subdags/subdag.py
[2022-11-07T23:38:12.294-0300] {processor.py:770} WARNING - No viable dags retrieved from /home/renato/Documentos/datapipeline/.env/lib/python3.10/site-packages/airflow/example_dags/subdags/subdag.py
[2022-11-07T23:38:12.309-0300] {processor.py:178} INFO - Processing /home/renato/Documentos/datapipeline/.env/lib/python3.10/site-packages/airflow/example_dags/subdags/subdag.py took 0.030 seconds
[2022-11-07T23:38:51.781-0300] {processor.py:156} INFO - Started process (PID=967005) to work on /home/renato/Documentos/datapipeline/.env/lib/python3.10/site-packages/airflow/example_dags/subdags/subdag.py
[2022-11-07T23:38:51.787-0300] {processor.py:758} INFO - Processing file /home/renato/Documentos/datapipeline/.env/lib/python3.10/site-packages/airflow/example_dags/subdags/subdag.py for tasks to queue
[2022-11-07T23:38:51.788-0300] {logging_mixin.py:117} INFO - [2022-11-07T23:38:51.788-0300] {dagbag.py:525} INFO - Filling up the DagBag from /home/renato/Documentos/datapipeline/.env/lib/python3.10/site-packages/airflow/example_dags/subdags/subdag.py
[2022-11-07T23:38:51.792-0300] {processor.py:770} WARNING - No viable dags retrieved from /home/renato/Documentos/datapipeline/.env/lib/python3.10/site-packages/airflow/example_dags/subdags/subdag.py
[2022-11-07T23:38:51.800-0300] {processor.py:178} INFO - Processing /home/renato/Documentos/datapipeline/.env/lib/python3.10/site-packages/airflow/example_dags/subdags/subdag.py took 0.023 seconds
[2022-11-07T23:39:51.246-0300] {processor.py:156} INFO - Started process (PID=967135) to work on /home/renato/Documentos/datapipeline/.env/lib/python3.10/site-packages/airflow/example_dags/subdags/subdag.py
[2022-11-07T23:39:51.249-0300] {processor.py:758} INFO - Processing file /home/renato/Documentos/datapipeline/.env/lib/python3.10/site-packages/airflow/example_dags/subdags/subdag.py for tasks to queue
[2022-11-07T23:39:51.250-0300] {logging_mixin.py:117} INFO - [2022-11-07T23:39:51.249-0300] {dagbag.py:525} INFO - Filling up the DagBag from /home/renato/Documentos/datapipeline/.env/lib/python3.10/site-packages/airflow/example_dags/subdags/subdag.py
[2022-11-07T23:39:51.258-0300] {processor.py:770} WARNING - No viable dags retrieved from /home/renato/Documentos/datapipeline/.env/lib/python3.10/site-packages/airflow/example_dags/subdags/subdag.py
[2022-11-07T23:39:51.268-0300] {processor.py:178} INFO - Processing /home/renato/Documentos/datapipeline/.env/lib/python3.10/site-packages/airflow/example_dags/subdags/subdag.py took 0.025 seconds
[2022-11-07T23:40:30.382-0300] {processor.py:156} INFO - Started process (PID=967217) to work on /home/renato/Documentos/datapipeline/.env/lib/python3.10/site-packages/airflow/example_dags/subdags/subdag.py
[2022-11-07T23:40:30.384-0300] {processor.py:758} INFO - Processing file /home/renato/Documentos/datapipeline/.env/lib/python3.10/site-packages/airflow/example_dags/subdags/subdag.py for tasks to queue
[2022-11-07T23:40:30.384-0300] {logging_mixin.py:117} INFO - [2022-11-07T23:40:30.384-0300] {dagbag.py:525} INFO - Filling up the DagBag from /home/renato/Documentos/datapipeline/.env/lib/python3.10/site-packages/airflow/example_dags/subdags/subdag.py
[2022-11-07T23:40:30.388-0300] {processor.py:770} WARNING - No viable dags retrieved from /home/renato/Documentos/datapipeline/.env/lib/python3.10/site-packages/airflow/example_dags/subdags/subdag.py
[2022-11-07T23:40:30.399-0300] {processor.py:178} INFO - Processing /home/renato/Documentos/datapipeline/.env/lib/python3.10/site-packages/airflow/example_dags/subdags/subdag.py took 0.020 seconds
[2022-11-07T23:41:11.152-0300] {processor.py:156} INFO - Started process (PID=967295) to work on /home/renato/Documentos/datapipeline/.env/lib/python3.10/site-packages/airflow/example_dags/subdags/subdag.py
[2022-11-07T23:41:11.154-0300] {processor.py:758} INFO - Processing file /home/renato/Documentos/datapipeline/.env/lib/python3.10/site-packages/airflow/example_dags/subdags/subdag.py for tasks to queue
[2022-11-07T23:41:11.156-0300] {logging_mixin.py:117} INFO - [2022-11-07T23:41:11.155-0300] {dagbag.py:525} INFO - Filling up the DagBag from /home/renato/Documentos/datapipeline/.env/lib/python3.10/site-packages/airflow/example_dags/subdags/subdag.py
[2022-11-07T23:41:11.162-0300] {processor.py:770} WARNING - No viable dags retrieved from /home/renato/Documentos/datapipeline/.env/lib/python3.10/site-packages/airflow/example_dags/subdags/subdag.py
[2022-11-07T23:41:11.175-0300] {processor.py:178} INFO - Processing /home/renato/Documentos/datapipeline/.env/lib/python3.10/site-packages/airflow/example_dags/subdags/subdag.py took 0.029 seconds
[2022-11-07T23:41:50.559-0300] {processor.py:156} INFO - Started process (PID=967379) to work on /home/renato/Documentos/datapipeline/.env/lib/python3.10/site-packages/airflow/example_dags/subdags/subdag.py
[2022-11-07T23:41:50.563-0300] {processor.py:758} INFO - Processing file /home/renato/Documentos/datapipeline/.env/lib/python3.10/site-packages/airflow/example_dags/subdags/subdag.py for tasks to queue
[2022-11-07T23:41:50.563-0300] {logging_mixin.py:117} INFO - [2022-11-07T23:41:50.563-0300] {dagbag.py:525} INFO - Filling up the DagBag from /home/renato/Documentos/datapipeline/.env/lib/python3.10/site-packages/airflow/example_dags/subdags/subdag.py
[2022-11-07T23:41:50.569-0300] {processor.py:770} WARNING - No viable dags retrieved from /home/renato/Documentos/datapipeline/.env/lib/python3.10/site-packages/airflow/example_dags/subdags/subdag.py
[2022-11-07T23:41:50.579-0300] {processor.py:178} INFO - Processing /home/renato/Documentos/datapipeline/.env/lib/python3.10/site-packages/airflow/example_dags/subdags/subdag.py took 0.027 seconds
[2022-11-07T23:42:32.920-0300] {processor.py:156} INFO - Started process (PID=967589) to work on /home/renato/Documentos/datapipeline/.env/lib/python3.10/site-packages/airflow/example_dags/subdags/subdag.py
[2022-11-07T23:42:32.923-0300] {processor.py:758} INFO - Processing file /home/renato/Documentos/datapipeline/.env/lib/python3.10/site-packages/airflow/example_dags/subdags/subdag.py for tasks to queue
[2022-11-07T23:42:32.924-0300] {logging_mixin.py:117} INFO - [2022-11-07T23:42:32.923-0300] {dagbag.py:525} INFO - Filling up the DagBag from /home/renato/Documentos/datapipeline/.env/lib/python3.10/site-packages/airflow/example_dags/subdags/subdag.py
[2022-11-07T23:42:32.930-0300] {processor.py:770} WARNING - No viable dags retrieved from /home/renato/Documentos/datapipeline/.env/lib/python3.10/site-packages/airflow/example_dags/subdags/subdag.py
[2022-11-07T23:42:32.942-0300] {processor.py:178} INFO - Processing /home/renato/Documentos/datapipeline/.env/lib/python3.10/site-packages/airflow/example_dags/subdags/subdag.py took 0.030 seconds
[2022-11-07T23:43:11.394-0300] {processor.py:156} INFO - Started process (PID=967665) to work on /home/renato/Documentos/datapipeline/.env/lib/python3.10/site-packages/airflow/example_dags/subdags/subdag.py
[2022-11-07T23:43:11.398-0300] {processor.py:758} INFO - Processing file /home/renato/Documentos/datapipeline/.env/lib/python3.10/site-packages/airflow/example_dags/subdags/subdag.py for tasks to queue
[2022-11-07T23:43:11.399-0300] {logging_mixin.py:117} INFO - [2022-11-07T23:43:11.399-0300] {dagbag.py:525} INFO - Filling up the DagBag from /home/renato/Documentos/datapipeline/.env/lib/python3.10/site-packages/airflow/example_dags/subdags/subdag.py
[2022-11-07T23:43:11.405-0300] {processor.py:770} WARNING - No viable dags retrieved from /home/renato/Documentos/datapipeline/.env/lib/python3.10/site-packages/airflow/example_dags/subdags/subdag.py
[2022-11-07T23:43:11.416-0300] {processor.py:178} INFO - Processing /home/renato/Documentos/datapipeline/.env/lib/python3.10/site-packages/airflow/example_dags/subdags/subdag.py took 0.027 seconds
[2022-11-08T19:26:31.344-0300] {processor.py:156} INFO - Started process (PID=11800) to work on /home/renato/Documentos/datapipeline/.env/lib/python3.10/site-packages/airflow/example_dags/subdags/subdag.py
[2022-11-08T19:26:31.347-0300] {processor.py:758} INFO - Processing file /home/renato/Documentos/datapipeline/.env/lib/python3.10/site-packages/airflow/example_dags/subdags/subdag.py for tasks to queue
[2022-11-08T19:26:31.348-0300] {logging_mixin.py:117} INFO - [2022-11-08T19:26:31.348-0300] {dagbag.py:525} INFO - Filling up the DagBag from /home/renato/Documentos/datapipeline/.env/lib/python3.10/site-packages/airflow/example_dags/subdags/subdag.py
[2022-11-08T19:26:31.361-0300] {processor.py:770} WARNING - No viable dags retrieved from /home/renato/Documentos/datapipeline/.env/lib/python3.10/site-packages/airflow/example_dags/subdags/subdag.py
[2022-11-08T19:26:31.372-0300] {processor.py:178} INFO - Processing /home/renato/Documentos/datapipeline/.env/lib/python3.10/site-packages/airflow/example_dags/subdags/subdag.py took 0.032 seconds
[2022-11-08T19:27:11.158-0300] {processor.py:156} INFO - Started process (PID=11878) to work on /home/renato/Documentos/datapipeline/.env/lib/python3.10/site-packages/airflow/example_dags/subdags/subdag.py
[2022-11-08T19:27:11.167-0300] {processor.py:758} INFO - Processing file /home/renato/Documentos/datapipeline/.env/lib/python3.10/site-packages/airflow/example_dags/subdags/subdag.py for tasks to queue
[2022-11-08T19:27:11.168-0300] {logging_mixin.py:117} INFO - [2022-11-08T19:27:11.168-0300] {dagbag.py:525} INFO - Filling up the DagBag from /home/renato/Documentos/datapipeline/.env/lib/python3.10/site-packages/airflow/example_dags/subdags/subdag.py
[2022-11-08T19:27:11.172-0300] {processor.py:770} WARNING - No viable dags retrieved from /home/renato/Documentos/datapipeline/.env/lib/python3.10/site-packages/airflow/example_dags/subdags/subdag.py
[2022-11-08T19:27:11.180-0300] {processor.py:178} INFO - Processing /home/renato/Documentos/datapipeline/.env/lib/python3.10/site-packages/airflow/example_dags/subdags/subdag.py took 0.025 seconds
[2022-11-08T19:27:49.474-0300] {processor.py:156} INFO - Started process (PID=11954) to work on /home/renato/Documentos/datapipeline/.env/lib/python3.10/site-packages/airflow/example_dags/subdags/subdag.py
[2022-11-08T19:27:49.479-0300] {processor.py:758} INFO - Processing file /home/renato/Documentos/datapipeline/.env/lib/python3.10/site-packages/airflow/example_dags/subdags/subdag.py for tasks to queue
[2022-11-08T19:27:49.480-0300] {logging_mixin.py:117} INFO - [2022-11-08T19:27:49.480-0300] {dagbag.py:525} INFO - Filling up the DagBag from /home/renato/Documentos/datapipeline/.env/lib/python3.10/site-packages/airflow/example_dags/subdags/subdag.py
[2022-11-08T19:27:49.487-0300] {processor.py:770} WARNING - No viable dags retrieved from /home/renato/Documentos/datapipeline/.env/lib/python3.10/site-packages/airflow/example_dags/subdags/subdag.py
[2022-11-08T19:27:49.495-0300] {processor.py:178} INFO - Processing /home/renato/Documentos/datapipeline/.env/lib/python3.10/site-packages/airflow/example_dags/subdags/subdag.py took 0.025 seconds
[2022-11-08T19:28:31.261-0300] {processor.py:156} INFO - Started process (PID=12163) to work on /home/renato/Documentos/datapipeline/.env/lib/python3.10/site-packages/airflow/example_dags/subdags/subdag.py
[2022-11-08T19:28:31.270-0300] {processor.py:758} INFO - Processing file /home/renato/Documentos/datapipeline/.env/lib/python3.10/site-packages/airflow/example_dags/subdags/subdag.py for tasks to queue
[2022-11-08T19:28:31.271-0300] {logging_mixin.py:117} INFO - [2022-11-08T19:28:31.271-0300] {dagbag.py:525} INFO - Filling up the DagBag from /home/renato/Documentos/datapipeline/.env/lib/python3.10/site-packages/airflow/example_dags/subdags/subdag.py
[2022-11-08T19:28:31.274-0300] {processor.py:770} WARNING - No viable dags retrieved from /home/renato/Documentos/datapipeline/.env/lib/python3.10/site-packages/airflow/example_dags/subdags/subdag.py
[2022-11-08T19:28:31.283-0300] {processor.py:178} INFO - Processing /home/renato/Documentos/datapipeline/.env/lib/python3.10/site-packages/airflow/example_dags/subdags/subdag.py took 0.024 seconds
[2022-11-08T19:29:11.027-0300] {processor.py:156} INFO - Started process (PID=12240) to work on /home/renato/Documentos/datapipeline/.env/lib/python3.10/site-packages/airflow/example_dags/subdags/subdag.py
[2022-11-08T19:29:11.036-0300] {processor.py:758} INFO - Processing file /home/renato/Documentos/datapipeline/.env/lib/python3.10/site-packages/airflow/example_dags/subdags/subdag.py for tasks to queue
[2022-11-08T19:29:11.037-0300] {logging_mixin.py:117} INFO - [2022-11-08T19:29:11.036-0300] {dagbag.py:525} INFO - Filling up the DagBag from /home/renato/Documentos/datapipeline/.env/lib/python3.10/site-packages/airflow/example_dags/subdags/subdag.py
[2022-11-08T19:29:11.041-0300] {processor.py:770} WARNING - No viable dags retrieved from /home/renato/Documentos/datapipeline/.env/lib/python3.10/site-packages/airflow/example_dags/subdags/subdag.py
[2022-11-08T19:29:11.053-0300] {processor.py:178} INFO - Processing /home/renato/Documentos/datapipeline/.env/lib/python3.10/site-packages/airflow/example_dags/subdags/subdag.py took 0.038 seconds
[2022-11-08T19:31:19.303-0300] {processor.py:156} INFO - Started process (PID=12393) to work on /home/renato/Documentos/datapipeline/.env/lib/python3.10/site-packages/airflow/example_dags/subdags/subdag.py
[2022-11-08T19:31:19.306-0300] {processor.py:758} INFO - Processing file /home/renato/Documentos/datapipeline/.env/lib/python3.10/site-packages/airflow/example_dags/subdags/subdag.py for tasks to queue
[2022-11-08T19:31:19.307-0300] {logging_mixin.py:117} INFO - [2022-11-08T19:31:19.307-0300] {dagbag.py:525} INFO - Filling up the DagBag from /home/renato/Documentos/datapipeline/.env/lib/python3.10/site-packages/airflow/example_dags/subdags/subdag.py
[2022-11-08T19:31:19.314-0300] {processor.py:770} WARNING - No viable dags retrieved from /home/renato/Documentos/datapipeline/.env/lib/python3.10/site-packages/airflow/example_dags/subdags/subdag.py
[2022-11-08T19:31:19.323-0300] {processor.py:178} INFO - Processing /home/renato/Documentos/datapipeline/.env/lib/python3.10/site-packages/airflow/example_dags/subdags/subdag.py took 0.025 seconds
[2022-11-08T19:31:58.597-0300] {processor.py:156} INFO - Started process (PID=12478) to work on /home/renato/Documentos/datapipeline/.env/lib/python3.10/site-packages/airflow/example_dags/subdags/subdag.py
[2022-11-08T19:31:58.598-0300] {processor.py:758} INFO - Processing file /home/renato/Documentos/datapipeline/.env/lib/python3.10/site-packages/airflow/example_dags/subdags/subdag.py for tasks to queue
[2022-11-08T19:31:58.599-0300] {logging_mixin.py:117} INFO - [2022-11-08T19:31:58.598-0300] {dagbag.py:525} INFO - Filling up the DagBag from /home/renato/Documentos/datapipeline/.env/lib/python3.10/site-packages/airflow/example_dags/subdags/subdag.py
[2022-11-08T19:31:58.602-0300] {processor.py:770} WARNING - No viable dags retrieved from /home/renato/Documentos/datapipeline/.env/lib/python3.10/site-packages/airflow/example_dags/subdags/subdag.py
[2022-11-08T19:31:58.611-0300] {processor.py:178} INFO - Processing /home/renato/Documentos/datapipeline/.env/lib/python3.10/site-packages/airflow/example_dags/subdags/subdag.py took 0.017 seconds
[2022-11-08T19:32:37.757-0300] {processor.py:156} INFO - Started process (PID=12554) to work on /home/renato/Documentos/datapipeline/.env/lib/python3.10/site-packages/airflow/example_dags/subdags/subdag.py
[2022-11-08T19:32:37.759-0300] {processor.py:758} INFO - Processing file /home/renato/Documentos/datapipeline/.env/lib/python3.10/site-packages/airflow/example_dags/subdags/subdag.py for tasks to queue
[2022-11-08T19:32:37.759-0300] {logging_mixin.py:117} INFO - [2022-11-08T19:32:37.759-0300] {dagbag.py:525} INFO - Filling up the DagBag from /home/renato/Documentos/datapipeline/.env/lib/python3.10/site-packages/airflow/example_dags/subdags/subdag.py
[2022-11-08T19:32:37.763-0300] {processor.py:770} WARNING - No viable dags retrieved from /home/renato/Documentos/datapipeline/.env/lib/python3.10/site-packages/airflow/example_dags/subdags/subdag.py
[2022-11-08T19:32:37.772-0300] {processor.py:178} INFO - Processing /home/renato/Documentos/datapipeline/.env/lib/python3.10/site-packages/airflow/example_dags/subdags/subdag.py took 0.018 seconds
[2022-11-08T19:33:18.876-0300] {processor.py:156} INFO - Started process (PID=12764) to work on /home/renato/Documentos/datapipeline/.env/lib/python3.10/site-packages/airflow/example_dags/subdags/subdag.py
[2022-11-08T19:33:18.879-0300] {processor.py:758} INFO - Processing file /home/renato/Documentos/datapipeline/.env/lib/python3.10/site-packages/airflow/example_dags/subdags/subdag.py for tasks to queue
[2022-11-08T19:33:18.880-0300] {logging_mixin.py:117} INFO - [2022-11-08T19:33:18.879-0300] {dagbag.py:525} INFO - Filling up the DagBag from /home/renato/Documentos/datapipeline/.env/lib/python3.10/site-packages/airflow/example_dags/subdags/subdag.py
[2022-11-08T19:33:18.884-0300] {processor.py:770} WARNING - No viable dags retrieved from /home/renato/Documentos/datapipeline/.env/lib/python3.10/site-packages/airflow/example_dags/subdags/subdag.py
[2022-11-08T19:33:18.894-0300] {processor.py:178} INFO - Processing /home/renato/Documentos/datapipeline/.env/lib/python3.10/site-packages/airflow/example_dags/subdags/subdag.py took 0.021 seconds
[2022-11-08T19:33:57.666-0300] {processor.py:156} INFO - Started process (PID=12949) to work on /home/renato/Documentos/datapipeline/.env/lib/python3.10/site-packages/airflow/example_dags/subdags/subdag.py
[2022-11-08T19:33:57.669-0300] {processor.py:758} INFO - Processing file /home/renato/Documentos/datapipeline/.env/lib/python3.10/site-packages/airflow/example_dags/subdags/subdag.py for tasks to queue
[2022-11-08T19:33:57.670-0300] {logging_mixin.py:117} INFO - [2022-11-08T19:33:57.669-0300] {dagbag.py:525} INFO - Filling up the DagBag from /home/renato/Documentos/datapipeline/.env/lib/python3.10/site-packages/airflow/example_dags/subdags/subdag.py
[2022-11-08T19:33:57.673-0300] {processor.py:770} WARNING - No viable dags retrieved from /home/renato/Documentos/datapipeline/.env/lib/python3.10/site-packages/airflow/example_dags/subdags/subdag.py
[2022-11-08T19:33:57.682-0300] {processor.py:178} INFO - Processing /home/renato/Documentos/datapipeline/.env/lib/python3.10/site-packages/airflow/example_dags/subdags/subdag.py took 0.018 seconds
[2022-11-08T19:34:38.337-0300] {processor.py:156} INFO - Started process (PID=13163) to work on /home/renato/Documentos/datapipeline/.env/lib/python3.10/site-packages/airflow/example_dags/subdags/subdag.py
[2022-11-08T19:34:38.339-0300] {processor.py:758} INFO - Processing file /home/renato/Documentos/datapipeline/.env/lib/python3.10/site-packages/airflow/example_dags/subdags/subdag.py for tasks to queue
[2022-11-08T19:34:38.339-0300] {logging_mixin.py:117} INFO - [2022-11-08T19:34:38.339-0300] {dagbag.py:525} INFO - Filling up the DagBag from /home/renato/Documentos/datapipeline/.env/lib/python3.10/site-packages/airflow/example_dags/subdags/subdag.py
[2022-11-08T19:34:38.342-0300] {processor.py:770} WARNING - No viable dags retrieved from /home/renato/Documentos/datapipeline/.env/lib/python3.10/site-packages/airflow/example_dags/subdags/subdag.py
[2022-11-08T19:34:38.353-0300] {processor.py:178} INFO - Processing /home/renato/Documentos/datapipeline/.env/lib/python3.10/site-packages/airflow/example_dags/subdags/subdag.py took 0.019 seconds
[2022-11-08T19:35:17.222-0300] {processor.py:156} INFO - Started process (PID=13256) to work on /home/renato/Documentos/datapipeline/.env/lib/python3.10/site-packages/airflow/example_dags/subdags/subdag.py
[2022-11-08T19:35:17.228-0300] {processor.py:758} INFO - Processing file /home/renato/Documentos/datapipeline/.env/lib/python3.10/site-packages/airflow/example_dags/subdags/subdag.py for tasks to queue
[2022-11-08T19:35:17.230-0300] {logging_mixin.py:117} INFO - [2022-11-08T19:35:17.229-0300] {dagbag.py:525} INFO - Filling up the DagBag from /home/renato/Documentos/datapipeline/.env/lib/python3.10/site-packages/airflow/example_dags/subdags/subdag.py
[2022-11-08T19:35:17.240-0300] {processor.py:770} WARNING - No viable dags retrieved from /home/renato/Documentos/datapipeline/.env/lib/python3.10/site-packages/airflow/example_dags/subdags/subdag.py
[2022-11-08T19:35:17.260-0300] {processor.py:178} INFO - Processing /home/renato/Documentos/datapipeline/.env/lib/python3.10/site-packages/airflow/example_dags/subdags/subdag.py took 0.045 seconds
[2022-11-08T19:35:56.741-0300] {processor.py:156} INFO - Started process (PID=13336) to work on /home/renato/Documentos/datapipeline/.env/lib/python3.10/site-packages/airflow/example_dags/subdags/subdag.py
[2022-11-08T19:35:56.742-0300] {processor.py:758} INFO - Processing file /home/renato/Documentos/datapipeline/.env/lib/python3.10/site-packages/airflow/example_dags/subdags/subdag.py for tasks to queue
[2022-11-08T19:35:56.743-0300] {logging_mixin.py:117} INFO - [2022-11-08T19:35:56.742-0300] {dagbag.py:525} INFO - Filling up the DagBag from /home/renato/Documentos/datapipeline/.env/lib/python3.10/site-packages/airflow/example_dags/subdags/subdag.py
[2022-11-08T19:35:56.746-0300] {processor.py:770} WARNING - No viable dags retrieved from /home/renato/Documentos/datapipeline/.env/lib/python3.10/site-packages/airflow/example_dags/subdags/subdag.py
[2022-11-08T19:35:56.755-0300] {processor.py:178} INFO - Processing /home/renato/Documentos/datapipeline/.env/lib/python3.10/site-packages/airflow/example_dags/subdags/subdag.py took 0.017 seconds
[2022-11-08T19:36:36.585-0300] {processor.py:156} INFO - Started process (PID=13416) to work on /home/renato/Documentos/datapipeline/.env/lib/python3.10/site-packages/airflow/example_dags/subdags/subdag.py
[2022-11-08T19:36:36.588-0300] {processor.py:758} INFO - Processing file /home/renato/Documentos/datapipeline/.env/lib/python3.10/site-packages/airflow/example_dags/subdags/subdag.py for tasks to queue
[2022-11-08T19:36:36.588-0300] {logging_mixin.py:117} INFO - [2022-11-08T19:36:36.588-0300] {dagbag.py:525} INFO - Filling up the DagBag from /home/renato/Documentos/datapipeline/.env/lib/python3.10/site-packages/airflow/example_dags/subdags/subdag.py
[2022-11-08T19:36:36.592-0300] {processor.py:770} WARNING - No viable dags retrieved from /home/renato/Documentos/datapipeline/.env/lib/python3.10/site-packages/airflow/example_dags/subdags/subdag.py
[2022-11-08T19:36:36.600-0300] {processor.py:178} INFO - Processing /home/renato/Documentos/datapipeline/.env/lib/python3.10/site-packages/airflow/example_dags/subdags/subdag.py took 0.019 seconds
[2022-11-08T19:37:13.686-0300] {processor.py:156} INFO - Started process (PID=13562) to work on /home/renato/Documentos/datapipeline/.env/lib/python3.10/site-packages/airflow/example_dags/subdags/subdag.py
[2022-11-08T19:37:13.690-0300] {processor.py:758} INFO - Processing file /home/renato/Documentos/datapipeline/.env/lib/python3.10/site-packages/airflow/example_dags/subdags/subdag.py for tasks to queue
[2022-11-08T19:37:13.691-0300] {logging_mixin.py:117} INFO - [2022-11-08T19:37:13.691-0300] {dagbag.py:525} INFO - Filling up the DagBag from /home/renato/Documentos/datapipeline/.env/lib/python3.10/site-packages/airflow/example_dags/subdags/subdag.py
[2022-11-08T19:37:13.694-0300] {processor.py:770} WARNING - No viable dags retrieved from /home/renato/Documentos/datapipeline/.env/lib/python3.10/site-packages/airflow/example_dags/subdags/subdag.py
[2022-11-08T19:37:13.702-0300] {processor.py:178} INFO - Processing /home/renato/Documentos/datapipeline/.env/lib/python3.10/site-packages/airflow/example_dags/subdags/subdag.py took 0.019 seconds
[2022-11-08T19:37:53.857-0300] {processor.py:156} INFO - Started process (PID=13648) to work on /home/renato/Documentos/datapipeline/.env/lib/python3.10/site-packages/airflow/example_dags/subdags/subdag.py
[2022-11-08T19:37:53.859-0300] {processor.py:758} INFO - Processing file /home/renato/Documentos/datapipeline/.env/lib/python3.10/site-packages/airflow/example_dags/subdags/subdag.py for tasks to queue
[2022-11-08T19:37:53.860-0300] {logging_mixin.py:117} INFO - [2022-11-08T19:37:53.860-0300] {dagbag.py:525} INFO - Filling up the DagBag from /home/renato/Documentos/datapipeline/.env/lib/python3.10/site-packages/airflow/example_dags/subdags/subdag.py
[2022-11-08T19:37:53.865-0300] {processor.py:770} WARNING - No viable dags retrieved from /home/renato/Documentos/datapipeline/.env/lib/python3.10/site-packages/airflow/example_dags/subdags/subdag.py
[2022-11-08T19:37:53.875-0300] {processor.py:178} INFO - Processing /home/renato/Documentos/datapipeline/.env/lib/python3.10/site-packages/airflow/example_dags/subdags/subdag.py took 0.021 seconds
[2022-11-08T19:38:31.773-0300] {processor.py:156} INFO - Started process (PID=13980) to work on /home/renato/Documentos/datapipeline/.env/lib/python3.10/site-packages/airflow/example_dags/subdags/subdag.py
[2022-11-08T19:38:31.775-0300] {processor.py:758} INFO - Processing file /home/renato/Documentos/datapipeline/.env/lib/python3.10/site-packages/airflow/example_dags/subdags/subdag.py for tasks to queue
[2022-11-08T19:38:31.776-0300] {logging_mixin.py:117} INFO - [2022-11-08T19:38:31.776-0300] {dagbag.py:525} INFO - Filling up the DagBag from /home/renato/Documentos/datapipeline/.env/lib/python3.10/site-packages/airflow/example_dags/subdags/subdag.py
[2022-11-08T19:38:31.779-0300] {processor.py:770} WARNING - No viable dags retrieved from /home/renato/Documentos/datapipeline/.env/lib/python3.10/site-packages/airflow/example_dags/subdags/subdag.py
[2022-11-08T19:38:31.787-0300] {processor.py:178} INFO - Processing /home/renato/Documentos/datapipeline/.env/lib/python3.10/site-packages/airflow/example_dags/subdags/subdag.py took 0.016 seconds
[2022-11-08T19:39:10.815-0300] {processor.py:156} INFO - Started process (PID=14059) to work on /home/renato/Documentos/datapipeline/.env/lib/python3.10/site-packages/airflow/example_dags/subdags/subdag.py
[2022-11-08T19:39:10.818-0300] {processor.py:758} INFO - Processing file /home/renato/Documentos/datapipeline/.env/lib/python3.10/site-packages/airflow/example_dags/subdags/subdag.py for tasks to queue
[2022-11-08T19:39:10.819-0300] {logging_mixin.py:117} INFO - [2022-11-08T19:39:10.819-0300] {dagbag.py:525} INFO - Filling up the DagBag from /home/renato/Documentos/datapipeline/.env/lib/python3.10/site-packages/airflow/example_dags/subdags/subdag.py
[2022-11-08T19:39:10.827-0300] {processor.py:770} WARNING - No viable dags retrieved from /home/renato/Documentos/datapipeline/.env/lib/python3.10/site-packages/airflow/example_dags/subdags/subdag.py
[2022-11-08T19:39:10.842-0300] {processor.py:178} INFO - Processing /home/renato/Documentos/datapipeline/.env/lib/python3.10/site-packages/airflow/example_dags/subdags/subdag.py took 0.033 seconds
[2022-11-08T19:39:55.608-0300] {processor.py:156} INFO - Started process (PID=14151) to work on /home/renato/Documentos/datapipeline/.env/lib/python3.10/site-packages/airflow/example_dags/subdags/subdag.py
[2022-11-08T19:39:55.610-0300] {processor.py:758} INFO - Processing file /home/renato/Documentos/datapipeline/.env/lib/python3.10/site-packages/airflow/example_dags/subdags/subdag.py for tasks to queue
[2022-11-08T19:39:55.611-0300] {logging_mixin.py:117} INFO - [2022-11-08T19:39:55.611-0300] {dagbag.py:525} INFO - Filling up the DagBag from /home/renato/Documentos/datapipeline/.env/lib/python3.10/site-packages/airflow/example_dags/subdags/subdag.py
[2022-11-08T19:39:55.617-0300] {processor.py:770} WARNING - No viable dags retrieved from /home/renato/Documentos/datapipeline/.env/lib/python3.10/site-packages/airflow/example_dags/subdags/subdag.py
[2022-11-08T19:39:55.628-0300] {processor.py:178} INFO - Processing /home/renato/Documentos/datapipeline/.env/lib/python3.10/site-packages/airflow/example_dags/subdags/subdag.py took 0.025 seconds
[2022-11-08T19:40:34.511-0300] {processor.py:156} INFO - Started process (PID=14311) to work on /home/renato/Documentos/datapipeline/.env/lib/python3.10/site-packages/airflow/example_dags/subdags/subdag.py
[2022-11-08T19:40:34.514-0300] {processor.py:758} INFO - Processing file /home/renato/Documentos/datapipeline/.env/lib/python3.10/site-packages/airflow/example_dags/subdags/subdag.py for tasks to queue
[2022-11-08T19:40:34.514-0300] {logging_mixin.py:117} INFO - [2022-11-08T19:40:34.514-0300] {dagbag.py:525} INFO - Filling up the DagBag from /home/renato/Documentos/datapipeline/.env/lib/python3.10/site-packages/airflow/example_dags/subdags/subdag.py
[2022-11-08T19:40:34.518-0300] {processor.py:770} WARNING - No viable dags retrieved from /home/renato/Documentos/datapipeline/.env/lib/python3.10/site-packages/airflow/example_dags/subdags/subdag.py
[2022-11-08T19:40:34.532-0300] {processor.py:178} INFO - Processing /home/renato/Documentos/datapipeline/.env/lib/python3.10/site-packages/airflow/example_dags/subdags/subdag.py took 0.027 seconds
[2022-11-08T19:41:10.236-0300] {processor.py:156} INFO - Started process (PID=14463) to work on /home/renato/Documentos/datapipeline/.env/lib/python3.10/site-packages/airflow/example_dags/subdags/subdag.py
[2022-11-08T19:41:10.239-0300] {processor.py:758} INFO - Processing file /home/renato/Documentos/datapipeline/.env/lib/python3.10/site-packages/airflow/example_dags/subdags/subdag.py for tasks to queue
[2022-11-08T19:41:10.240-0300] {logging_mixin.py:117} INFO - [2022-11-08T19:41:10.240-0300] {dagbag.py:525} INFO - Filling up the DagBag from /home/renato/Documentos/datapipeline/.env/lib/python3.10/site-packages/airflow/example_dags/subdags/subdag.py
[2022-11-08T19:41:10.250-0300] {processor.py:770} WARNING - No viable dags retrieved from /home/renato/Documentos/datapipeline/.env/lib/python3.10/site-packages/airflow/example_dags/subdags/subdag.py
[2022-11-08T19:41:10.269-0300] {processor.py:178} INFO - Processing /home/renato/Documentos/datapipeline/.env/lib/python3.10/site-packages/airflow/example_dags/subdags/subdag.py took 0.041 seconds
[2022-11-08T19:41:56.468-0300] {processor.py:156} INFO - Started process (PID=14748) to work on /home/renato/Documentos/datapipeline/.env/lib/python3.10/site-packages/airflow/example_dags/subdags/subdag.py
[2022-11-08T19:41:56.471-0300] {processor.py:758} INFO - Processing file /home/renato/Documentos/datapipeline/.env/lib/python3.10/site-packages/airflow/example_dags/subdags/subdag.py for tasks to queue
[2022-11-08T19:41:56.472-0300] {logging_mixin.py:117} INFO - [2022-11-08T19:41:56.471-0300] {dagbag.py:525} INFO - Filling up the DagBag from /home/renato/Documentos/datapipeline/.env/lib/python3.10/site-packages/airflow/example_dags/subdags/subdag.py
[2022-11-08T19:41:56.475-0300] {processor.py:770} WARNING - No viable dags retrieved from /home/renato/Documentos/datapipeline/.env/lib/python3.10/site-packages/airflow/example_dags/subdags/subdag.py
[2022-11-08T19:41:56.484-0300] {processor.py:178} INFO - Processing /home/renato/Documentos/datapipeline/.env/lib/python3.10/site-packages/airflow/example_dags/subdags/subdag.py took 0.019 seconds
[2022-11-08T19:42:35.297-0300] {processor.py:156} INFO - Started process (PID=14866) to work on /home/renato/Documentos/datapipeline/.env/lib/python3.10/site-packages/airflow/example_dags/subdags/subdag.py
[2022-11-08T19:42:35.298-0300] {processor.py:758} INFO - Processing file /home/renato/Documentos/datapipeline/.env/lib/python3.10/site-packages/airflow/example_dags/subdags/subdag.py for tasks to queue
[2022-11-08T19:42:35.299-0300] {logging_mixin.py:117} INFO - [2022-11-08T19:42:35.299-0300] {dagbag.py:525} INFO - Filling up the DagBag from /home/renato/Documentos/datapipeline/.env/lib/python3.10/site-packages/airflow/example_dags/subdags/subdag.py
[2022-11-08T19:42:35.305-0300] {processor.py:770} WARNING - No viable dags retrieved from /home/renato/Documentos/datapipeline/.env/lib/python3.10/site-packages/airflow/example_dags/subdags/subdag.py
[2022-11-08T19:42:35.317-0300] {processor.py:178} INFO - Processing /home/renato/Documentos/datapipeline/.env/lib/python3.10/site-packages/airflow/example_dags/subdags/subdag.py took 0.026 seconds
[2022-11-08T19:43:12.465-0300] {processor.py:156} INFO - Started process (PID=14953) to work on /home/renato/Documentos/datapipeline/.env/lib/python3.10/site-packages/airflow/example_dags/subdags/subdag.py
[2022-11-08T19:43:12.467-0300] {processor.py:758} INFO - Processing file /home/renato/Documentos/datapipeline/.env/lib/python3.10/site-packages/airflow/example_dags/subdags/subdag.py for tasks to queue
[2022-11-08T19:43:12.468-0300] {logging_mixin.py:117} INFO - [2022-11-08T19:43:12.468-0300] {dagbag.py:525} INFO - Filling up the DagBag from /home/renato/Documentos/datapipeline/.env/lib/python3.10/site-packages/airflow/example_dags/subdags/subdag.py
[2022-11-08T19:43:12.474-0300] {processor.py:770} WARNING - No viable dags retrieved from /home/renato/Documentos/datapipeline/.env/lib/python3.10/site-packages/airflow/example_dags/subdags/subdag.py
[2022-11-08T19:43:12.487-0300] {processor.py:178} INFO - Processing /home/renato/Documentos/datapipeline/.env/lib/python3.10/site-packages/airflow/example_dags/subdags/subdag.py took 0.027 seconds
[2022-11-08T19:43:51.544-0300] {processor.py:156} INFO - Started process (PID=15159) to work on /home/renato/Documentos/datapipeline/.env/lib/python3.10/site-packages/airflow/example_dags/subdags/subdag.py
[2022-11-08T19:43:51.545-0300] {processor.py:758} INFO - Processing file /home/renato/Documentos/datapipeline/.env/lib/python3.10/site-packages/airflow/example_dags/subdags/subdag.py for tasks to queue
[2022-11-08T19:43:51.546-0300] {logging_mixin.py:117} INFO - [2022-11-08T19:43:51.546-0300] {dagbag.py:525} INFO - Filling up the DagBag from /home/renato/Documentos/datapipeline/.env/lib/python3.10/site-packages/airflow/example_dags/subdags/subdag.py
[2022-11-08T19:43:51.550-0300] {processor.py:770} WARNING - No viable dags retrieved from /home/renato/Documentos/datapipeline/.env/lib/python3.10/site-packages/airflow/example_dags/subdags/subdag.py
[2022-11-08T19:43:51.561-0300] {processor.py:178} INFO - Processing /home/renato/Documentos/datapipeline/.env/lib/python3.10/site-packages/airflow/example_dags/subdags/subdag.py took 0.020 seconds
[2022-11-08T19:44:28.227-0300] {processor.py:156} INFO - Started process (PID=15242) to work on /home/renato/Documentos/datapipeline/.env/lib/python3.10/site-packages/airflow/example_dags/subdags/subdag.py
[2022-11-08T19:44:28.232-0300] {processor.py:758} INFO - Processing file /home/renato/Documentos/datapipeline/.env/lib/python3.10/site-packages/airflow/example_dags/subdags/subdag.py for tasks to queue
[2022-11-08T19:44:28.233-0300] {logging_mixin.py:117} INFO - [2022-11-08T19:44:28.233-0300] {dagbag.py:525} INFO - Filling up the DagBag from /home/renato/Documentos/datapipeline/.env/lib/python3.10/site-packages/airflow/example_dags/subdags/subdag.py
[2022-11-08T19:44:28.239-0300] {processor.py:770} WARNING - No viable dags retrieved from /home/renato/Documentos/datapipeline/.env/lib/python3.10/site-packages/airflow/example_dags/subdags/subdag.py
[2022-11-08T19:44:28.247-0300] {processor.py:178} INFO - Processing /home/renato/Documentos/datapipeline/.env/lib/python3.10/site-packages/airflow/example_dags/subdags/subdag.py took 0.023 seconds
[2022-11-08T19:45:10.975-0300] {processor.py:156} INFO - Started process (PID=15325) to work on /home/renato/Documentos/datapipeline/.env/lib/python3.10/site-packages/airflow/example_dags/subdags/subdag.py
[2022-11-08T19:45:10.979-0300] {processor.py:758} INFO - Processing file /home/renato/Documentos/datapipeline/.env/lib/python3.10/site-packages/airflow/example_dags/subdags/subdag.py for tasks to queue
[2022-11-08T19:45:10.981-0300] {logging_mixin.py:117} INFO - [2022-11-08T19:45:10.981-0300] {dagbag.py:525} INFO - Filling up the DagBag from /home/renato/Documentos/datapipeline/.env/lib/python3.10/site-packages/airflow/example_dags/subdags/subdag.py
[2022-11-08T19:45:10.987-0300] {processor.py:770} WARNING - No viable dags retrieved from /home/renato/Documentos/datapipeline/.env/lib/python3.10/site-packages/airflow/example_dags/subdags/subdag.py
[2022-11-08T19:45:10.996-0300] {processor.py:178} INFO - Processing /home/renato/Documentos/datapipeline/.env/lib/python3.10/site-packages/airflow/example_dags/subdags/subdag.py took 0.026 seconds
[2022-11-08T19:46:03.037-0300] {processor.py:156} INFO - Started process (PID=15693) to work on /home/renato/Documentos/datapipeline/.env/lib/python3.10/site-packages/airflow/example_dags/subdags/subdag.py
[2022-11-08T19:46:03.039-0300] {processor.py:758} INFO - Processing file /home/renato/Documentos/datapipeline/.env/lib/python3.10/site-packages/airflow/example_dags/subdags/subdag.py for tasks to queue
[2022-11-08T19:46:03.039-0300] {logging_mixin.py:117} INFO - [2022-11-08T19:46:03.039-0300] {dagbag.py:525} INFO - Filling up the DagBag from /home/renato/Documentos/datapipeline/.env/lib/python3.10/site-packages/airflow/example_dags/subdags/subdag.py
[2022-11-08T19:46:03.043-0300] {processor.py:770} WARNING - No viable dags retrieved from /home/renato/Documentos/datapipeline/.env/lib/python3.10/site-packages/airflow/example_dags/subdags/subdag.py
[2022-11-08T19:46:03.061-0300] {processor.py:178} INFO - Processing /home/renato/Documentos/datapipeline/.env/lib/python3.10/site-packages/airflow/example_dags/subdags/subdag.py took 0.027 seconds
[2022-11-08T19:46:41.522-0300] {processor.py:156} INFO - Started process (PID=15776) to work on /home/renato/Documentos/datapipeline/.env/lib/python3.10/site-packages/airflow/example_dags/subdags/subdag.py
[2022-11-08T19:46:41.525-0300] {processor.py:758} INFO - Processing file /home/renato/Documentos/datapipeline/.env/lib/python3.10/site-packages/airflow/example_dags/subdags/subdag.py for tasks to queue
[2022-11-08T19:46:41.526-0300] {logging_mixin.py:117} INFO - [2022-11-08T19:46:41.526-0300] {dagbag.py:525} INFO - Filling up the DagBag from /home/renato/Documentos/datapipeline/.env/lib/python3.10/site-packages/airflow/example_dags/subdags/subdag.py
[2022-11-08T19:46:41.531-0300] {processor.py:770} WARNING - No viable dags retrieved from /home/renato/Documentos/datapipeline/.env/lib/python3.10/site-packages/airflow/example_dags/subdags/subdag.py
[2022-11-08T19:46:41.543-0300] {processor.py:178} INFO - Processing /home/renato/Documentos/datapipeline/.env/lib/python3.10/site-packages/airflow/example_dags/subdags/subdag.py took 0.028 seconds
[2022-11-08T19:47:46.908-0300] {processor.py:156} INFO - Started process (PID=16151) to work on /home/renato/Documentos/datapipeline/.env/lib/python3.10/site-packages/airflow/example_dags/subdags/subdag.py
[2022-11-08T19:47:46.911-0300] {processor.py:758} INFO - Processing file /home/renato/Documentos/datapipeline/.env/lib/python3.10/site-packages/airflow/example_dags/subdags/subdag.py for tasks to queue
[2022-11-08T19:47:46.911-0300] {logging_mixin.py:117} INFO - [2022-11-08T19:47:46.911-0300] {dagbag.py:525} INFO - Filling up the DagBag from /home/renato/Documentos/datapipeline/.env/lib/python3.10/site-packages/airflow/example_dags/subdags/subdag.py
[2022-11-08T19:47:46.915-0300] {processor.py:770} WARNING - No viable dags retrieved from /home/renato/Documentos/datapipeline/.env/lib/python3.10/site-packages/airflow/example_dags/subdags/subdag.py
[2022-11-08T19:47:46.923-0300] {processor.py:178} INFO - Processing /home/renato/Documentos/datapipeline/.env/lib/python3.10/site-packages/airflow/example_dags/subdags/subdag.py took 0.018 seconds
[2022-11-08T19:48:16.412-0300] {processor.py:156} INFO - Started process (PID=16339) to work on /home/renato/Documentos/datapipeline/.env/lib/python3.10/site-packages/airflow/example_dags/subdags/subdag.py
[2022-11-08T19:48:16.413-0300] {processor.py:758} INFO - Processing file /home/renato/Documentos/datapipeline/.env/lib/python3.10/site-packages/airflow/example_dags/subdags/subdag.py for tasks to queue
[2022-11-08T19:48:16.413-0300] {logging_mixin.py:117} INFO - [2022-11-08T19:48:16.413-0300] {dagbag.py:525} INFO - Filling up the DagBag from /home/renato/Documentos/datapipeline/.env/lib/python3.10/site-packages/airflow/example_dags/subdags/subdag.py
[2022-11-08T19:48:16.420-0300] {processor.py:770} WARNING - No viable dags retrieved from /home/renato/Documentos/datapipeline/.env/lib/python3.10/site-packages/airflow/example_dags/subdags/subdag.py
[2022-11-08T19:48:16.427-0300] {processor.py:178} INFO - Processing /home/renato/Documentos/datapipeline/.env/lib/python3.10/site-packages/airflow/example_dags/subdags/subdag.py took 0.017 seconds
[2022-11-08T19:49:31.151-0300] {processor.py:156} INFO - Started process (PID=16745) to work on /home/renato/Documentos/datapipeline/.env/lib/python3.10/site-packages/airflow/example_dags/subdags/subdag.py
[2022-11-08T19:49:31.154-0300] {processor.py:758} INFO - Processing file /home/renato/Documentos/datapipeline/.env/lib/python3.10/site-packages/airflow/example_dags/subdags/subdag.py for tasks to queue
[2022-11-08T19:49:31.154-0300] {logging_mixin.py:117} INFO - [2022-11-08T19:49:31.154-0300] {dagbag.py:525} INFO - Filling up the DagBag from /home/renato/Documentos/datapipeline/.env/lib/python3.10/site-packages/airflow/example_dags/subdags/subdag.py
[2022-11-08T19:49:31.164-0300] {processor.py:770} WARNING - No viable dags retrieved from /home/renato/Documentos/datapipeline/.env/lib/python3.10/site-packages/airflow/example_dags/subdags/subdag.py
[2022-11-08T19:49:31.174-0300] {processor.py:178} INFO - Processing /home/renato/Documentos/datapipeline/.env/lib/python3.10/site-packages/airflow/example_dags/subdags/subdag.py took 0.027 seconds
[2022-11-08T19:51:11.657-0300] {processor.py:156} INFO - Started process (PID=17434) to work on /home/renato/Documentos/datapipeline/.env/lib/python3.10/site-packages/airflow/example_dags/subdags/subdag.py
[2022-11-08T19:51:11.662-0300] {processor.py:758} INFO - Processing file /home/renato/Documentos/datapipeline/.env/lib/python3.10/site-packages/airflow/example_dags/subdags/subdag.py for tasks to queue
[2022-11-08T19:51:11.663-0300] {logging_mixin.py:117} INFO - [2022-11-08T19:51:11.662-0300] {dagbag.py:525} INFO - Filling up the DagBag from /home/renato/Documentos/datapipeline/.env/lib/python3.10/site-packages/airflow/example_dags/subdags/subdag.py
[2022-11-08T19:51:11.671-0300] {processor.py:770} WARNING - No viable dags retrieved from /home/renato/Documentos/datapipeline/.env/lib/python3.10/site-packages/airflow/example_dags/subdags/subdag.py
[2022-11-08T19:51:11.678-0300] {processor.py:178} INFO - Processing /home/renato/Documentos/datapipeline/.env/lib/python3.10/site-packages/airflow/example_dags/subdags/subdag.py took 0.024 seconds
[2022-11-08T19:52:19.560-0300] {processor.py:156} INFO - Started process (PID=17804) to work on /home/renato/Documentos/datapipeline/.env/lib/python3.10/site-packages/airflow/example_dags/subdags/subdag.py
[2022-11-08T19:52:19.562-0300] {processor.py:758} INFO - Processing file /home/renato/Documentos/datapipeline/.env/lib/python3.10/site-packages/airflow/example_dags/subdags/subdag.py for tasks to queue
[2022-11-08T19:52:19.562-0300] {logging_mixin.py:117} INFO - [2022-11-08T19:52:19.562-0300] {dagbag.py:525} INFO - Filling up the DagBag from /home/renato/Documentos/datapipeline/.env/lib/python3.10/site-packages/airflow/example_dags/subdags/subdag.py
[2022-11-08T19:52:19.566-0300] {processor.py:770} WARNING - No viable dags retrieved from /home/renato/Documentos/datapipeline/.env/lib/python3.10/site-packages/airflow/example_dags/subdags/subdag.py
[2022-11-08T19:52:19.576-0300] {processor.py:178} INFO - Processing /home/renato/Documentos/datapipeline/.env/lib/python3.10/site-packages/airflow/example_dags/subdags/subdag.py took 0.019 seconds
[2022-11-08T19:53:02.128-0300] {processor.py:156} INFO - Started process (PID=17885) to work on /home/renato/Documentos/datapipeline/.env/lib/python3.10/site-packages/airflow/example_dags/subdags/subdag.py
[2022-11-08T19:53:02.135-0300] {processor.py:758} INFO - Processing file /home/renato/Documentos/datapipeline/.env/lib/python3.10/site-packages/airflow/example_dags/subdags/subdag.py for tasks to queue
[2022-11-08T19:53:02.136-0300] {logging_mixin.py:117} INFO - [2022-11-08T19:53:02.136-0300] {dagbag.py:525} INFO - Filling up the DagBag from /home/renato/Documentos/datapipeline/.env/lib/python3.10/site-packages/airflow/example_dags/subdags/subdag.py
[2022-11-08T19:53:02.142-0300] {processor.py:770} WARNING - No viable dags retrieved from /home/renato/Documentos/datapipeline/.env/lib/python3.10/site-packages/airflow/example_dags/subdags/subdag.py
[2022-11-08T19:53:02.152-0300] {processor.py:178} INFO - Processing /home/renato/Documentos/datapipeline/.env/lib/python3.10/site-packages/airflow/example_dags/subdags/subdag.py took 0.037 seconds
[2022-11-08T19:53:42.488-0300] {processor.py:156} INFO - Started process (PID=18090) to work on /home/renato/Documentos/datapipeline/.env/lib/python3.10/site-packages/airflow/example_dags/subdags/subdag.py
[2022-11-08T19:53:42.491-0300] {processor.py:758} INFO - Processing file /home/renato/Documentos/datapipeline/.env/lib/python3.10/site-packages/airflow/example_dags/subdags/subdag.py for tasks to queue
[2022-11-08T19:53:42.492-0300] {logging_mixin.py:117} INFO - [2022-11-08T19:53:42.491-0300] {dagbag.py:525} INFO - Filling up the DagBag from /home/renato/Documentos/datapipeline/.env/lib/python3.10/site-packages/airflow/example_dags/subdags/subdag.py
[2022-11-08T19:53:42.496-0300] {processor.py:770} WARNING - No viable dags retrieved from /home/renato/Documentos/datapipeline/.env/lib/python3.10/site-packages/airflow/example_dags/subdags/subdag.py
[2022-11-08T19:53:42.503-0300] {processor.py:178} INFO - Processing /home/renato/Documentos/datapipeline/.env/lib/python3.10/site-packages/airflow/example_dags/subdags/subdag.py took 0.018 seconds
[2022-11-08T19:54:21.357-0300] {processor.py:156} INFO - Started process (PID=18166) to work on /home/renato/Documentos/datapipeline/.env/lib/python3.10/site-packages/airflow/example_dags/subdags/subdag.py
[2022-11-08T19:54:21.360-0300] {processor.py:758} INFO - Processing file /home/renato/Documentos/datapipeline/.env/lib/python3.10/site-packages/airflow/example_dags/subdags/subdag.py for tasks to queue
[2022-11-08T19:54:21.361-0300] {logging_mixin.py:117} INFO - [2022-11-08T19:54:21.361-0300] {dagbag.py:525} INFO - Filling up the DagBag from /home/renato/Documentos/datapipeline/.env/lib/python3.10/site-packages/airflow/example_dags/subdags/subdag.py
[2022-11-08T19:54:21.369-0300] {processor.py:770} WARNING - No viable dags retrieved from /home/renato/Documentos/datapipeline/.env/lib/python3.10/site-packages/airflow/example_dags/subdags/subdag.py
[2022-11-08T19:54:21.376-0300] {processor.py:178} INFO - Processing /home/renato/Documentos/datapipeline/.env/lib/python3.10/site-packages/airflow/example_dags/subdags/subdag.py took 0.022 seconds
[2022-11-08T19:55:00.584-0300] {processor.py:156} INFO - Started process (PID=18245) to work on /home/renato/Documentos/datapipeline/.env/lib/python3.10/site-packages/airflow/example_dags/subdags/subdag.py
[2022-11-08T19:55:00.587-0300] {processor.py:758} INFO - Processing file /home/renato/Documentos/datapipeline/.env/lib/python3.10/site-packages/airflow/example_dags/subdags/subdag.py for tasks to queue
[2022-11-08T19:55:00.588-0300] {logging_mixin.py:117} INFO - [2022-11-08T19:55:00.588-0300] {dagbag.py:525} INFO - Filling up the DagBag from /home/renato/Documentos/datapipeline/.env/lib/python3.10/site-packages/airflow/example_dags/subdags/subdag.py
[2022-11-08T19:55:00.593-0300] {processor.py:770} WARNING - No viable dags retrieved from /home/renato/Documentos/datapipeline/.env/lib/python3.10/site-packages/airflow/example_dags/subdags/subdag.py
[2022-11-08T19:55:00.606-0300] {processor.py:178} INFO - Processing /home/renato/Documentos/datapipeline/.env/lib/python3.10/site-packages/airflow/example_dags/subdags/subdag.py took 0.026 seconds
[2022-11-08T19:55:40.630-0300] {processor.py:156} INFO - Started process (PID=18348) to work on /home/renato/Documentos/datapipeline/.env/lib/python3.10/site-packages/airflow/example_dags/subdags/subdag.py
[2022-11-08T19:55:40.633-0300] {processor.py:758} INFO - Processing file /home/renato/Documentos/datapipeline/.env/lib/python3.10/site-packages/airflow/example_dags/subdags/subdag.py for tasks to queue
[2022-11-08T19:55:40.633-0300] {logging_mixin.py:117} INFO - [2022-11-08T19:55:40.633-0300] {dagbag.py:525} INFO - Filling up the DagBag from /home/renato/Documentos/datapipeline/.env/lib/python3.10/site-packages/airflow/example_dags/subdags/subdag.py
[2022-11-08T19:55:40.636-0300] {processor.py:770} WARNING - No viable dags retrieved from /home/renato/Documentos/datapipeline/.env/lib/python3.10/site-packages/airflow/example_dags/subdags/subdag.py
[2022-11-08T19:55:40.646-0300] {processor.py:178} INFO - Processing /home/renato/Documentos/datapipeline/.env/lib/python3.10/site-packages/airflow/example_dags/subdags/subdag.py took 0.023 seconds
[2022-11-08T19:56:23.583-0300] {processor.py:156} INFO - Started process (PID=18434) to work on /home/renato/Documentos/datapipeline/.env/lib/python3.10/site-packages/airflow/example_dags/subdags/subdag.py
[2022-11-08T19:56:23.585-0300] {processor.py:758} INFO - Processing file /home/renato/Documentos/datapipeline/.env/lib/python3.10/site-packages/airflow/example_dags/subdags/subdag.py for tasks to queue
[2022-11-08T19:56:23.585-0300] {logging_mixin.py:117} INFO - [2022-11-08T19:56:23.585-0300] {dagbag.py:525} INFO - Filling up the DagBag from /home/renato/Documentos/datapipeline/.env/lib/python3.10/site-packages/airflow/example_dags/subdags/subdag.py
[2022-11-08T19:56:23.589-0300] {processor.py:770} WARNING - No viable dags retrieved from /home/renato/Documentos/datapipeline/.env/lib/python3.10/site-packages/airflow/example_dags/subdags/subdag.py
[2022-11-08T19:56:23.598-0300] {processor.py:178} INFO - Processing /home/renato/Documentos/datapipeline/.env/lib/python3.10/site-packages/airflow/example_dags/subdags/subdag.py took 0.020 seconds
