[2022-11-08T19:45:26.918-0300] {taskinstance.py:1165} INFO - Dependencies all met for <TaskInstance: twitter_dag.transform_twitter_aluraonline manual__2022-11-08T22:45:12.283670+00:00 [queued]>
[2022-11-08T19:45:26.925-0300] {taskinstance.py:1165} INFO - Dependencies all met for <TaskInstance: twitter_dag.transform_twitter_aluraonline manual__2022-11-08T22:45:12.283670+00:00 [queued]>
[2022-11-08T19:45:26.925-0300] {taskinstance.py:1362} INFO - 
--------------------------------------------------------------------------------
[2022-11-08T19:45:26.925-0300] {taskinstance.py:1363} INFO - Starting attempt 1 of 1
[2022-11-08T19:45:26.925-0300] {taskinstance.py:1364} INFO - 
--------------------------------------------------------------------------------
[2022-11-08T19:45:26.942-0300] {taskinstance.py:1383} INFO - Executing <Task(SparkSubmitOperator): transform_twitter_aluraonline> on 2022-11-08 22:45:12.283670+00:00
[2022-11-08T19:45:26.944-0300] {standard_task_runner.py:54} INFO - Started process 15444 to run task
[2022-11-08T19:45:26.947-0300] {standard_task_runner.py:82} INFO - Running: ['airflow', 'tasks', 'run', 'twitter_dag', 'transform_twitter_aluraonline', 'manual__2022-11-08T22:45:12.283670+00:00', '--job-id', '94', '--raw', '--subdir', 'DAGS_FOLDER/twitter_dag.py', '--cfg-path', '/tmp/tmp_tw6iddl']
[2022-11-08T19:45:26.948-0300] {standard_task_runner.py:83} INFO - Job 94: Subtask transform_twitter_aluraonline
[2022-11-08T19:45:26.949-0300] {dagbag.py:525} INFO - Filling up the DagBag from /home/renato/Documentos/datapipeline/airflow/dags/twitter_dag.py
[2022-11-08T19:45:26.994-0300] {tutorial_taskflow_api_virtualenv.py:29} WARNING - The tutorial_taskflow_api_virtualenv example DAG requires virtualenv, please install it.
[2022-11-08T19:45:27.004-0300] {taskmixin.py:205} WARNING - Dependency <Task(_PythonDecoratedOperator): print_the_context>, log_sql_query already registered for DAG: example_python_operator
[2022-11-08T19:45:27.004-0300] {taskmixin.py:205} WARNING - Dependency <Task(_PythonDecoratedOperator): log_sql_query>, print_the_context already registered for DAG: example_python_operator
[2022-11-08T19:45:27.004-0300] {taskmixin.py:205} WARNING - Dependency <Task(_PythonDecoratedOperator): print_the_context>, log_sql_query already registered for DAG: example_python_operator
[2022-11-08T19:45:27.004-0300] {taskmixin.py:205} WARNING - Dependency <Task(_PythonDecoratedOperator): log_sql_query>, print_the_context already registered for DAG: example_python_operator
[2022-11-08T19:45:27.005-0300] {taskmixin.py:205} WARNING - Dependency <Task(_PythonDecoratedOperator): print_the_context>, log_sql_query already registered for DAG: example_python_operator
[2022-11-08T19:45:27.005-0300] {taskmixin.py:205} WARNING - Dependency <Task(_PythonDecoratedOperator): log_sql_query>, print_the_context already registered for DAG: example_python_operator
[2022-11-08T19:45:27.006-0300] {taskmixin.py:205} WARNING - Dependency <Task(_PythonDecoratedOperator): print_the_context>, log_sql_query already registered for DAG: example_python_operator
[2022-11-08T19:45:27.006-0300] {taskmixin.py:205} WARNING - Dependency <Task(_PythonDecoratedOperator): log_sql_query>, print_the_context already registered for DAG: example_python_operator
[2022-11-08T19:45:27.006-0300] {example_python_operator.py:85} WARNING - The virtalenv_python example task requires virtualenv, please install it.
[2022-11-08T19:45:27.045-0300] {taskmixin.py:205} WARNING - Dependency <Task(_PythonDecoratedOperator): extract>, transform already registered for DAG: tutorial_taskflow_api
[2022-11-08T19:45:27.045-0300] {taskmixin.py:205} WARNING - Dependency <Task(_PythonDecoratedOperator): transform>, extract already registered for DAG: tutorial_taskflow_api
[2022-11-08T19:45:27.045-0300] {taskmixin.py:205} WARNING - Dependency <Task(_PythonDecoratedOperator): extract>, transform already registered for DAG: tutorial_taskflow_api
[2022-11-08T19:45:27.045-0300] {taskmixin.py:205} WARNING - Dependency <Task(_PythonDecoratedOperator): transform>, extract already registered for DAG: tutorial_taskflow_api
[2022-11-08T19:45:27.046-0300] {taskmixin.py:205} WARNING - Dependency <Task(_PythonDecoratedOperator): extract>, transform already registered for DAG: tutorial_taskflow_api
[2022-11-08T19:45:27.046-0300] {taskmixin.py:205} WARNING - Dependency <Task(_PythonDecoratedOperator): transform>, extract already registered for DAG: tutorial_taskflow_api
[2022-11-08T19:45:27.046-0300] {taskmixin.py:205} WARNING - Dependency <Task(_PythonDecoratedOperator): extract>, transform already registered for DAG: tutorial_taskflow_api
[2022-11-08T19:45:27.046-0300] {taskmixin.py:205} WARNING - Dependency <Task(_PythonDecoratedOperator): transform>, extract already registered for DAG: tutorial_taskflow_api
[2022-11-08T19:45:27.046-0300] {taskmixin.py:205} WARNING - Dependency <Task(_PythonDecoratedOperator): extract>, transform already registered for DAG: tutorial_taskflow_api
[2022-11-08T19:45:27.046-0300] {taskmixin.py:205} WARNING - Dependency <Task(_PythonDecoratedOperator): transform>, extract already registered for DAG: tutorial_taskflow_api
[2022-11-08T19:45:27.046-0300] {taskmixin.py:205} WARNING - Dependency <Task(_PythonDecoratedOperator): extract>, transform already registered for DAG: tutorial_taskflow_api
[2022-11-08T19:45:27.046-0300] {taskmixin.py:205} WARNING - Dependency <Task(_PythonDecoratedOperator): transform>, extract already registered for DAG: tutorial_taskflow_api
[2022-11-08T19:45:27.047-0300] {taskmixin.py:205} WARNING - Dependency <Task(_PythonDecoratedOperator): transform>, load already registered for DAG: tutorial_taskflow_api
[2022-11-08T19:45:27.047-0300] {taskmixin.py:205} WARNING - Dependency <Task(_PythonDecoratedOperator): load>, transform already registered for DAG: tutorial_taskflow_api
[2022-11-08T19:45:27.047-0300] {taskmixin.py:205} WARNING - Dependency <Task(_PythonDecoratedOperator): transform>, load already registered for DAG: tutorial_taskflow_api
[2022-11-08T19:45:27.047-0300] {taskmixin.py:205} WARNING - Dependency <Task(_PythonDecoratedOperator): load>, transform already registered for DAG: tutorial_taskflow_api
[2022-11-08T19:45:27.047-0300] {taskmixin.py:205} WARNING - Dependency <Task(_PythonDecoratedOperator): transform>, load already registered for DAG: tutorial_taskflow_api
[2022-11-08T19:45:27.047-0300] {taskmixin.py:205} WARNING - Dependency <Task(_PythonDecoratedOperator): load>, transform already registered for DAG: tutorial_taskflow_api
[2022-11-08T19:45:27.048-0300] {taskmixin.py:205} WARNING - Dependency <Task(_PythonDecoratedOperator): transform>, load already registered for DAG: tutorial_taskflow_api
[2022-11-08T19:45:27.048-0300] {taskmixin.py:205} WARNING - Dependency <Task(_PythonDecoratedOperator): load>, transform already registered for DAG: tutorial_taskflow_api
[2022-11-08T19:45:27.048-0300] {taskmixin.py:205} WARNING - Dependency <Task(_PythonDecoratedOperator): transform>, load already registered for DAG: tutorial_taskflow_api
[2022-11-08T19:45:27.048-0300] {taskmixin.py:205} WARNING - Dependency <Task(_PythonDecoratedOperator): load>, transform already registered for DAG: tutorial_taskflow_api
[2022-11-08T19:45:27.048-0300] {taskmixin.py:205} WARNING - Dependency <Task(_PythonDecoratedOperator): transform>, load already registered for DAG: tutorial_taskflow_api
[2022-11-08T19:45:27.048-0300] {taskmixin.py:205} WARNING - Dependency <Task(_PythonDecoratedOperator): load>, transform already registered for DAG: tutorial_taskflow_api
[2022-11-08T19:45:27.064-0300] {taskmixin.py:205} WARNING - Dependency <Task(_PythonDecoratedOperator): push_by_returning>, puller already registered for DAG: example_xcom
[2022-11-08T19:45:27.064-0300] {taskmixin.py:205} WARNING - Dependency <Task(_PythonDecoratedOperator): puller>, push_by_returning already registered for DAG: example_xcom
[2022-11-08T19:45:27.064-0300] {taskmixin.py:205} WARNING - Dependency <Task(_PythonDecoratedOperator): push_by_returning>, puller already registered for DAG: example_xcom
[2022-11-08T19:45:27.064-0300] {taskmixin.py:205} WARNING - Dependency <Task(_PythonDecoratedOperator): puller>, push_by_returning already registered for DAG: example_xcom
[2022-11-08T19:45:27.065-0300] {taskmixin.py:205} WARNING - Dependency <Task(_PythonDecoratedOperator): push_by_returning>, puller already registered for DAG: example_xcom
[2022-11-08T19:45:27.065-0300] {taskmixin.py:205} WARNING - Dependency <Task(_PythonDecoratedOperator): puller>, push_by_returning already registered for DAG: example_xcom
[2022-11-08T19:45:27.065-0300] {taskmixin.py:205} WARNING - Dependency <Task(_PythonDecoratedOperator): push_by_returning>, puller already registered for DAG: example_xcom
[2022-11-08T19:45:27.065-0300] {taskmixin.py:205} WARNING - Dependency <Task(_PythonDecoratedOperator): puller>, push_by_returning already registered for DAG: example_xcom
[2022-11-08T19:45:27.065-0300] {taskmixin.py:205} WARNING - Dependency <Task(_PythonDecoratedOperator): push_by_returning>, puller already registered for DAG: example_xcom
[2022-11-08T19:45:27.065-0300] {taskmixin.py:205} WARNING - Dependency <Task(_PythonDecoratedOperator): puller>, push_by_returning already registered for DAG: example_xcom
[2022-11-08T19:45:27.065-0300] {taskmixin.py:205} WARNING - Dependency <Task(_PythonDecoratedOperator): push_by_returning>, puller already registered for DAG: example_xcom
[2022-11-08T19:45:27.065-0300] {taskmixin.py:205} WARNING - Dependency <Task(_PythonDecoratedOperator): puller>, push_by_returning already registered for DAG: example_xcom
[2022-11-08T19:45:27.155-0300] {taskmixin.py:205} WARNING - Dependency <Task(GetRequestOperator): get_ip>, prepare_email already registered for DAG: example_dag_decorator
[2022-11-08T19:45:27.156-0300] {taskmixin.py:205} WARNING - Dependency <Task(_PythonDecoratedOperator): prepare_email>, get_ip already registered for DAG: example_dag_decorator
[2022-11-08T19:45:27.156-0300] {taskmixin.py:205} WARNING - Dependency <Task(GetRequestOperator): get_ip>, prepare_email already registered for DAG: example_dag_decorator
[2022-11-08T19:45:27.156-0300] {taskmixin.py:205} WARNING - Dependency <Task(_PythonDecoratedOperator): prepare_email>, get_ip already registered for DAG: example_dag_decorator
[2022-11-08T19:45:27.156-0300] {taskmixin.py:205} WARNING - Dependency <Task(GetRequestOperator): get_ip>, prepare_email already registered for DAG: example_dag_decorator
[2022-11-08T19:45:27.156-0300] {taskmixin.py:205} WARNING - Dependency <Task(_PythonDecoratedOperator): prepare_email>, get_ip already registered for DAG: example_dag_decorator
[2022-11-08T19:45:27.156-0300] {taskmixin.py:205} WARNING - Dependency <Task(GetRequestOperator): get_ip>, prepare_email already registered for DAG: example_dag_decorator
[2022-11-08T19:45:27.156-0300] {taskmixin.py:205} WARNING - Dependency <Task(_PythonDecoratedOperator): prepare_email>, get_ip already registered for DAG: example_dag_decorator
[2022-11-08T19:45:27.157-0300] {taskmixin.py:205} WARNING - Dependency <Task(GetRequestOperator): get_ip>, prepare_email already registered for DAG: example_dag_decorator
[2022-11-08T19:45:27.157-0300] {taskmixin.py:205} WARNING - Dependency <Task(_PythonDecoratedOperator): prepare_email>, get_ip already registered for DAG: example_dag_decorator
[2022-11-08T19:45:27.157-0300] {taskmixin.py:205} WARNING - Dependency <Task(GetRequestOperator): get_ip>, prepare_email already registered for DAG: example_dag_decorator
[2022-11-08T19:45:27.157-0300] {taskmixin.py:205} WARNING - Dependency <Task(_PythonDecoratedOperator): prepare_email>, get_ip already registered for DAG: example_dag_decorator
[2022-11-08T19:45:27.157-0300] {taskmixin.py:205} WARNING - Dependency <Task(_PythonDecoratedOperator): prepare_email>, send_email already registered for DAG: example_dag_decorator
[2022-11-08T19:45:27.158-0300] {taskmixin.py:205} WARNING - Dependency <Task(EmailOperator): send_email>, prepare_email already registered for DAG: example_dag_decorator
[2022-11-08T19:45:27.158-0300] {taskmixin.py:205} WARNING - Dependency <Task(_PythonDecoratedOperator): prepare_email>, send_email already registered for DAG: example_dag_decorator
[2022-11-08T19:45:27.158-0300] {taskmixin.py:205} WARNING - Dependency <Task(EmailOperator): send_email>, prepare_email already registered for DAG: example_dag_decorator
[2022-11-08T19:45:27.158-0300] {taskmixin.py:205} WARNING - Dependency <Task(_PythonDecoratedOperator): prepare_email>, send_email already registered for DAG: example_dag_decorator
[2022-11-08T19:45:27.158-0300] {taskmixin.py:205} WARNING - Dependency <Task(EmailOperator): send_email>, prepare_email already registered for DAG: example_dag_decorator
[2022-11-08T19:45:27.158-0300] {taskmixin.py:205} WARNING - Dependency <Task(_PythonDecoratedOperator): prepare_email>, send_email already registered for DAG: example_dag_decorator
[2022-11-08T19:45:27.158-0300] {taskmixin.py:205} WARNING - Dependency <Task(EmailOperator): send_email>, prepare_email already registered for DAG: example_dag_decorator
[2022-11-08T19:45:27.158-0300] {taskmixin.py:205} WARNING - Dependency <Task(_PythonDecoratedOperator): prepare_email>, send_email already registered for DAG: example_dag_decorator
[2022-11-08T19:45:27.159-0300] {taskmixin.py:205} WARNING - Dependency <Task(EmailOperator): send_email>, prepare_email already registered for DAG: example_dag_decorator
[2022-11-08T19:45:27.159-0300] {taskmixin.py:205} WARNING - Dependency <Task(_PythonDecoratedOperator): prepare_email>, send_email already registered for DAG: example_dag_decorator
[2022-11-08T19:45:27.159-0300] {taskmixin.py:205} WARNING - Dependency <Task(EmailOperator): send_email>, prepare_email already registered for DAG: example_dag_decorator
[2022-11-08T19:45:27.174-0300] {taskmixin.py:205} WARNING - Dependency <Task(BashOperator): create_entry_group>, delete_entry_group already registered for DAG: example_complex
[2022-11-08T19:45:27.174-0300] {taskmixin.py:205} WARNING - Dependency <Task(BashOperator): delete_entry_group>, create_entry_group already registered for DAG: example_complex
[2022-11-08T19:45:27.175-0300] {taskmixin.py:205} WARNING - Dependency <Task(BashOperator): create_entry_gcs>, delete_entry already registered for DAG: example_complex
[2022-11-08T19:45:27.175-0300] {taskmixin.py:205} WARNING - Dependency <Task(BashOperator): delete_entry>, create_entry_gcs already registered for DAG: example_complex
[2022-11-08T19:45:27.175-0300] {taskmixin.py:205} WARNING - Dependency <Task(BashOperator): create_tag>, delete_tag already registered for DAG: example_complex
[2022-11-08T19:45:27.175-0300] {taskmixin.py:205} WARNING - Dependency <Task(BashOperator): delete_tag>, create_tag already registered for DAG: example_complex
[2022-11-08T19:45:27.185-0300] {taskmixin.py:205} WARNING - Dependency <Task(_PythonDecoratedOperator): task_group_function.task_1>, task_group_function.task_2 already registered for DAG: example_task_group_decorator
[2022-11-08T19:45:27.185-0300] {taskmixin.py:205} WARNING - Dependency <Task(_PythonDecoratedOperator): task_group_function.task_2>, task_group_function.task_1 already registered for DAG: example_task_group_decorator
[2022-11-08T19:45:27.185-0300] {taskmixin.py:205} WARNING - Dependency <Task(_PythonDecoratedOperator): task_group_function.task_1>, task_group_function.task_2 already registered for DAG: example_task_group_decorator
[2022-11-08T19:45:27.185-0300] {taskmixin.py:205} WARNING - Dependency <Task(_PythonDecoratedOperator): task_group_function.task_2>, task_group_function.task_1 already registered for DAG: example_task_group_decorator
[2022-11-08T19:45:27.186-0300] {taskmixin.py:205} WARNING - Dependency <Task(_PythonDecoratedOperator): task_group_function.task_1>, task_group_function.task_2 already registered for DAG: example_task_group_decorator
[2022-11-08T19:45:27.186-0300] {taskmixin.py:205} WARNING - Dependency <Task(_PythonDecoratedOperator): task_group_function.task_2>, task_group_function.task_1 already registered for DAG: example_task_group_decorator
[2022-11-08T19:45:27.186-0300] {taskmixin.py:205} WARNING - Dependency <Task(_PythonDecoratedOperator): task_group_function.task_1>, task_group_function.task_2 already registered for DAG: example_task_group_decorator
[2022-11-08T19:45:27.186-0300] {taskmixin.py:205} WARNING - Dependency <Task(_PythonDecoratedOperator): task_group_function.task_2>, task_group_function.task_1 already registered for DAG: example_task_group_decorator
[2022-11-08T19:45:27.186-0300] {taskmixin.py:205} WARNING - Dependency <Task(_PythonDecoratedOperator): task_group_function.task_1>, task_group_function.task_2 already registered for DAG: example_task_group_decorator
[2022-11-08T19:45:27.186-0300] {taskmixin.py:205} WARNING - Dependency <Task(_PythonDecoratedOperator): task_group_function.task_2>, task_group_function.task_1 already registered for DAG: example_task_group_decorator
[2022-11-08T19:45:27.187-0300] {taskmixin.py:205} WARNING - Dependency <Task(_PythonDecoratedOperator): task_group_function.task_1>, task_group_function.task_2 already registered for DAG: example_task_group_decorator
[2022-11-08T19:45:27.187-0300] {taskmixin.py:205} WARNING - Dependency <Task(_PythonDecoratedOperator): task_group_function.task_2>, task_group_function.task_1 already registered for DAG: example_task_group_decorator
[2022-11-08T19:45:27.187-0300] {taskmixin.py:205} WARNING - Dependency <Task(_PythonDecoratedOperator): task_group_function.task_2>, task_group_function.task_3 already registered for DAG: example_task_group_decorator
[2022-11-08T19:45:27.187-0300] {taskmixin.py:205} WARNING - Dependency <Task(_PythonDecoratedOperator): task_group_function.task_3>, task_group_function.task_2 already registered for DAG: example_task_group_decorator
[2022-11-08T19:45:27.187-0300] {taskmixin.py:205} WARNING - Dependency <Task(_PythonDecoratedOperator): task_group_function.task_2>, task_group_function.task_3 already registered for DAG: example_task_group_decorator
[2022-11-08T19:45:27.188-0300] {taskmixin.py:205} WARNING - Dependency <Task(_PythonDecoratedOperator): task_group_function.task_3>, task_group_function.task_2 already registered for DAG: example_task_group_decorator
[2022-11-08T19:45:27.188-0300] {taskmixin.py:205} WARNING - Dependency <Task(_PythonDecoratedOperator): task_group_function.task_2>, task_group_function.task_3 already registered for DAG: example_task_group_decorator
[2022-11-08T19:45:27.188-0300] {taskmixin.py:205} WARNING - Dependency <Task(_PythonDecoratedOperator): task_group_function.task_3>, task_group_function.task_2 already registered for DAG: example_task_group_decorator
[2022-11-08T19:45:27.188-0300] {taskmixin.py:205} WARNING - Dependency <Task(_PythonDecoratedOperator): task_group_function.task_2>, task_group_function.task_3 already registered for DAG: example_task_group_decorator
[2022-11-08T19:45:27.188-0300] {taskmixin.py:205} WARNING - Dependency <Task(_PythonDecoratedOperator): task_group_function.task_3>, task_group_function.task_2 already registered for DAG: example_task_group_decorator
[2022-11-08T19:45:27.188-0300] {taskmixin.py:205} WARNING - Dependency <Task(_PythonDecoratedOperator): task_group_function.task_2>, task_group_function.task_3 already registered for DAG: example_task_group_decorator
[2022-11-08T19:45:27.188-0300] {taskmixin.py:205} WARNING - Dependency <Task(_PythonDecoratedOperator): task_group_function.task_3>, task_group_function.task_2 already registered for DAG: example_task_group_decorator
[2022-11-08T19:45:27.189-0300] {taskmixin.py:205} WARNING - Dependency <Task(_PythonDecoratedOperator): task_group_function.task_2>, task_group_function.task_3 already registered for DAG: example_task_group_decorator
[2022-11-08T19:45:27.189-0300] {taskmixin.py:205} WARNING - Dependency <Task(_PythonDecoratedOperator): task_group_function.task_3>, task_group_function.task_2 already registered for DAG: example_task_group_decorator
[2022-11-08T19:45:27.190-0300] {taskmixin.py:205} WARNING - Dependency <Task(_PythonDecoratedOperator): task_group_function__1.task_1>, task_group_function__1.task_2 already registered for DAG: example_task_group_decorator
[2022-11-08T19:45:27.190-0300] {taskmixin.py:205} WARNING - Dependency <Task(_PythonDecoratedOperator): task_group_function__1.task_2>, task_group_function__1.task_1 already registered for DAG: example_task_group_decorator
[2022-11-08T19:45:27.190-0300] {taskmixin.py:205} WARNING - Dependency <Task(_PythonDecoratedOperator): task_group_function__1.task_1>, task_group_function__1.task_2 already registered for DAG: example_task_group_decorator
[2022-11-08T19:45:27.190-0300] {taskmixin.py:205} WARNING - Dependency <Task(_PythonDecoratedOperator): task_group_function__1.task_2>, task_group_function__1.task_1 already registered for DAG: example_task_group_decorator
[2022-11-08T19:45:27.190-0300] {taskmixin.py:205} WARNING - Dependency <Task(_PythonDecoratedOperator): task_group_function__1.task_1>, task_group_function__1.task_2 already registered for DAG: example_task_group_decorator
[2022-11-08T19:45:27.190-0300] {taskmixin.py:205} WARNING - Dependency <Task(_PythonDecoratedOperator): task_group_function__1.task_2>, task_group_function__1.task_1 already registered for DAG: example_task_group_decorator
[2022-11-08T19:45:27.191-0300] {taskmixin.py:205} WARNING - Dependency <Task(_PythonDecoratedOperator): task_group_function__1.task_1>, task_group_function__1.task_2 already registered for DAG: example_task_group_decorator
[2022-11-08T19:45:27.191-0300] {taskmixin.py:205} WARNING - Dependency <Task(_PythonDecoratedOperator): task_group_function__1.task_2>, task_group_function__1.task_1 already registered for DAG: example_task_group_decorator
[2022-11-08T19:45:27.191-0300] {taskmixin.py:205} WARNING - Dependency <Task(_PythonDecoratedOperator): task_group_function__1.task_1>, task_group_function__1.task_2 already registered for DAG: example_task_group_decorator
[2022-11-08T19:45:27.191-0300] {taskmixin.py:205} WARNING - Dependency <Task(_PythonDecoratedOperator): task_group_function__1.task_2>, task_group_function__1.task_1 already registered for DAG: example_task_group_decorator
[2022-11-08T19:45:27.191-0300] {taskmixin.py:205} WARNING - Dependency <Task(_PythonDecoratedOperator): task_group_function__1.task_1>, task_group_function__1.task_2 already registered for DAG: example_task_group_decorator
[2022-11-08T19:45:27.191-0300] {taskmixin.py:205} WARNING - Dependency <Task(_PythonDecoratedOperator): task_group_function__1.task_2>, task_group_function__1.task_1 already registered for DAG: example_task_group_decorator
[2022-11-08T19:45:27.192-0300] {taskmixin.py:205} WARNING - Dependency <Task(_PythonDecoratedOperator): task_group_function__1.task_2>, task_group_function__1.task_3 already registered for DAG: example_task_group_decorator
[2022-11-08T19:45:27.192-0300] {taskmixin.py:205} WARNING - Dependency <Task(_PythonDecoratedOperator): task_group_function__1.task_3>, task_group_function__1.task_2 already registered for DAG: example_task_group_decorator
[2022-11-08T19:45:27.192-0300] {taskmixin.py:205} WARNING - Dependency <Task(_PythonDecoratedOperator): task_group_function__1.task_2>, task_group_function__1.task_3 already registered for DAG: example_task_group_decorator
[2022-11-08T19:45:27.192-0300] {taskmixin.py:205} WARNING - Dependency <Task(_PythonDecoratedOperator): task_group_function__1.task_3>, task_group_function__1.task_2 already registered for DAG: example_task_group_decorator
[2022-11-08T19:45:27.192-0300] {taskmixin.py:205} WARNING - Dependency <Task(_PythonDecoratedOperator): task_group_function__1.task_2>, task_group_function__1.task_3 already registered for DAG: example_task_group_decorator
[2022-11-08T19:45:27.192-0300] {taskmixin.py:205} WARNING - Dependency <Task(_PythonDecoratedOperator): task_group_function__1.task_3>, task_group_function__1.task_2 already registered for DAG: example_task_group_decorator
[2022-11-08T19:45:27.192-0300] {taskmixin.py:205} WARNING - Dependency <Task(_PythonDecoratedOperator): task_group_function__1.task_2>, task_group_function__1.task_3 already registered for DAG: example_task_group_decorator
[2022-11-08T19:45:27.193-0300] {taskmixin.py:205} WARNING - Dependency <Task(_PythonDecoratedOperator): task_group_function__1.task_3>, task_group_function__1.task_2 already registered for DAG: example_task_group_decorator
[2022-11-08T19:45:27.193-0300] {taskmixin.py:205} WARNING - Dependency <Task(_PythonDecoratedOperator): task_group_function__1.task_2>, task_group_function__1.task_3 already registered for DAG: example_task_group_decorator
[2022-11-08T19:45:27.193-0300] {taskmixin.py:205} WARNING - Dependency <Task(_PythonDecoratedOperator): task_group_function__1.task_3>, task_group_function__1.task_2 already registered for DAG: example_task_group_decorator
[2022-11-08T19:45:27.193-0300] {taskmixin.py:205} WARNING - Dependency <Task(_PythonDecoratedOperator): task_group_function__1.task_2>, task_group_function__1.task_3 already registered for DAG: example_task_group_decorator
[2022-11-08T19:45:27.193-0300] {taskmixin.py:205} WARNING - Dependency <Task(_PythonDecoratedOperator): task_group_function__1.task_3>, task_group_function__1.task_2 already registered for DAG: example_task_group_decorator
[2022-11-08T19:45:27.194-0300] {taskmixin.py:205} WARNING - Dependency <Task(_PythonDecoratedOperator): task_group_function__2.task_1>, task_group_function__2.task_2 already registered for DAG: example_task_group_decorator
[2022-11-08T19:45:27.194-0300] {taskmixin.py:205} WARNING - Dependency <Task(_PythonDecoratedOperator): task_group_function__2.task_2>, task_group_function__2.task_1 already registered for DAG: example_task_group_decorator
[2022-11-08T19:45:27.194-0300] {taskmixin.py:205} WARNING - Dependency <Task(_PythonDecoratedOperator): task_group_function__2.task_1>, task_group_function__2.task_2 already registered for DAG: example_task_group_decorator
[2022-11-08T19:45:27.194-0300] {taskmixin.py:205} WARNING - Dependency <Task(_PythonDecoratedOperator): task_group_function__2.task_2>, task_group_function__2.task_1 already registered for DAG: example_task_group_decorator
[2022-11-08T19:45:27.194-0300] {taskmixin.py:205} WARNING - Dependency <Task(_PythonDecoratedOperator): task_group_function__2.task_1>, task_group_function__2.task_2 already registered for DAG: example_task_group_decorator
[2022-11-08T19:45:27.195-0300] {taskmixin.py:205} WARNING - Dependency <Task(_PythonDecoratedOperator): task_group_function__2.task_2>, task_group_function__2.task_1 already registered for DAG: example_task_group_decorator
[2022-11-08T19:45:27.195-0300] {taskmixin.py:205} WARNING - Dependency <Task(_PythonDecoratedOperator): task_group_function__2.task_1>, task_group_function__2.task_2 already registered for DAG: example_task_group_decorator
[2022-11-08T19:45:27.195-0300] {taskmixin.py:205} WARNING - Dependency <Task(_PythonDecoratedOperator): task_group_function__2.task_2>, task_group_function__2.task_1 already registered for DAG: example_task_group_decorator
[2022-11-08T19:45:27.195-0300] {taskmixin.py:205} WARNING - Dependency <Task(_PythonDecoratedOperator): task_group_function__2.task_1>, task_group_function__2.task_2 already registered for DAG: example_task_group_decorator
[2022-11-08T19:45:27.195-0300] {taskmixin.py:205} WARNING - Dependency <Task(_PythonDecoratedOperator): task_group_function__2.task_2>, task_group_function__2.task_1 already registered for DAG: example_task_group_decorator
[2022-11-08T19:45:27.195-0300] {taskmixin.py:205} WARNING - Dependency <Task(_PythonDecoratedOperator): task_group_function__2.task_1>, task_group_function__2.task_2 already registered for DAG: example_task_group_decorator
[2022-11-08T19:45:27.195-0300] {taskmixin.py:205} WARNING - Dependency <Task(_PythonDecoratedOperator): task_group_function__2.task_2>, task_group_function__2.task_1 already registered for DAG: example_task_group_decorator
[2022-11-08T19:45:27.196-0300] {taskmixin.py:205} WARNING - Dependency <Task(_PythonDecoratedOperator): task_group_function__2.task_2>, task_group_function__2.task_3 already registered for DAG: example_task_group_decorator
[2022-11-08T19:45:27.196-0300] {taskmixin.py:205} WARNING - Dependency <Task(_PythonDecoratedOperator): task_group_function__2.task_3>, task_group_function__2.task_2 already registered for DAG: example_task_group_decorator
[2022-11-08T19:45:27.196-0300] {taskmixin.py:205} WARNING - Dependency <Task(_PythonDecoratedOperator): task_group_function__2.task_2>, task_group_function__2.task_3 already registered for DAG: example_task_group_decorator
[2022-11-08T19:45:27.196-0300] {taskmixin.py:205} WARNING - Dependency <Task(_PythonDecoratedOperator): task_group_function__2.task_3>, task_group_function__2.task_2 already registered for DAG: example_task_group_decorator
[2022-11-08T19:45:27.196-0300] {taskmixin.py:205} WARNING - Dependency <Task(_PythonDecoratedOperator): task_group_function__2.task_2>, task_group_function__2.task_3 already registered for DAG: example_task_group_decorator
[2022-11-08T19:45:27.196-0300] {taskmixin.py:205} WARNING - Dependency <Task(_PythonDecoratedOperator): task_group_function__2.task_3>, task_group_function__2.task_2 already registered for DAG: example_task_group_decorator
[2022-11-08T19:45:27.196-0300] {taskmixin.py:205} WARNING - Dependency <Task(_PythonDecoratedOperator): task_group_function__2.task_2>, task_group_function__2.task_3 already registered for DAG: example_task_group_decorator
[2022-11-08T19:45:27.197-0300] {taskmixin.py:205} WARNING - Dependency <Task(_PythonDecoratedOperator): task_group_function__2.task_3>, task_group_function__2.task_2 already registered for DAG: example_task_group_decorator
[2022-11-08T19:45:27.197-0300] {taskmixin.py:205} WARNING - Dependency <Task(_PythonDecoratedOperator): task_group_function__2.task_2>, task_group_function__2.task_3 already registered for DAG: example_task_group_decorator
[2022-11-08T19:45:27.197-0300] {taskmixin.py:205} WARNING - Dependency <Task(_PythonDecoratedOperator): task_group_function__2.task_3>, task_group_function__2.task_2 already registered for DAG: example_task_group_decorator
[2022-11-08T19:45:27.197-0300] {taskmixin.py:205} WARNING - Dependency <Task(_PythonDecoratedOperator): task_group_function__2.task_2>, task_group_function__2.task_3 already registered for DAG: example_task_group_decorator
[2022-11-08T19:45:27.197-0300] {taskmixin.py:205} WARNING - Dependency <Task(_PythonDecoratedOperator): task_group_function__2.task_3>, task_group_function__2.task_2 already registered for DAG: example_task_group_decorator
[2022-11-08T19:45:27.198-0300] {taskmixin.py:205} WARNING - Dependency <Task(_PythonDecoratedOperator): task_group_function__3.task_1>, task_group_function__3.task_2 already registered for DAG: example_task_group_decorator
[2022-11-08T19:45:27.198-0300] {taskmixin.py:205} WARNING - Dependency <Task(_PythonDecoratedOperator): task_group_function__3.task_2>, task_group_function__3.task_1 already registered for DAG: example_task_group_decorator
[2022-11-08T19:45:27.198-0300] {taskmixin.py:205} WARNING - Dependency <Task(_PythonDecoratedOperator): task_group_function__3.task_1>, task_group_function__3.task_2 already registered for DAG: example_task_group_decorator
[2022-11-08T19:45:27.198-0300] {taskmixin.py:205} WARNING - Dependency <Task(_PythonDecoratedOperator): task_group_function__3.task_2>, task_group_function__3.task_1 already registered for DAG: example_task_group_decorator
[2022-11-08T19:45:27.198-0300] {taskmixin.py:205} WARNING - Dependency <Task(_PythonDecoratedOperator): task_group_function__3.task_1>, task_group_function__3.task_2 already registered for DAG: example_task_group_decorator
[2022-11-08T19:45:27.198-0300] {taskmixin.py:205} WARNING - Dependency <Task(_PythonDecoratedOperator): task_group_function__3.task_2>, task_group_function__3.task_1 already registered for DAG: example_task_group_decorator
[2022-11-08T19:45:27.199-0300] {taskmixin.py:205} WARNING - Dependency <Task(_PythonDecoratedOperator): task_group_function__3.task_1>, task_group_function__3.task_2 already registered for DAG: example_task_group_decorator
[2022-11-08T19:45:27.199-0300] {taskmixin.py:205} WARNING - Dependency <Task(_PythonDecoratedOperator): task_group_function__3.task_2>, task_group_function__3.task_1 already registered for DAG: example_task_group_decorator
[2022-11-08T19:45:27.199-0300] {taskmixin.py:205} WARNING - Dependency <Task(_PythonDecoratedOperator): task_group_function__3.task_1>, task_group_function__3.task_2 already registered for DAG: example_task_group_decorator
[2022-11-08T19:45:27.199-0300] {taskmixin.py:205} WARNING - Dependency <Task(_PythonDecoratedOperator): task_group_function__3.task_2>, task_group_function__3.task_1 already registered for DAG: example_task_group_decorator
[2022-11-08T19:45:27.199-0300] {taskmixin.py:205} WARNING - Dependency <Task(_PythonDecoratedOperator): task_group_function__3.task_1>, task_group_function__3.task_2 already registered for DAG: example_task_group_decorator
[2022-11-08T19:45:27.199-0300] {taskmixin.py:205} WARNING - Dependency <Task(_PythonDecoratedOperator): task_group_function__3.task_2>, task_group_function__3.task_1 already registered for DAG: example_task_group_decorator
[2022-11-08T19:45:27.200-0300] {taskmixin.py:205} WARNING - Dependency <Task(_PythonDecoratedOperator): task_group_function__3.task_2>, task_group_function__3.task_3 already registered for DAG: example_task_group_decorator
[2022-11-08T19:45:27.200-0300] {taskmixin.py:205} WARNING - Dependency <Task(_PythonDecoratedOperator): task_group_function__3.task_3>, task_group_function__3.task_2 already registered for DAG: example_task_group_decorator
[2022-11-08T19:45:27.200-0300] {taskmixin.py:205} WARNING - Dependency <Task(_PythonDecoratedOperator): task_group_function__3.task_2>, task_group_function__3.task_3 already registered for DAG: example_task_group_decorator
[2022-11-08T19:45:27.200-0300] {taskmixin.py:205} WARNING - Dependency <Task(_PythonDecoratedOperator): task_group_function__3.task_3>, task_group_function__3.task_2 already registered for DAG: example_task_group_decorator
[2022-11-08T19:45:27.200-0300] {taskmixin.py:205} WARNING - Dependency <Task(_PythonDecoratedOperator): task_group_function__3.task_2>, task_group_function__3.task_3 already registered for DAG: example_task_group_decorator
[2022-11-08T19:45:27.200-0300] {taskmixin.py:205} WARNING - Dependency <Task(_PythonDecoratedOperator): task_group_function__3.task_3>, task_group_function__3.task_2 already registered for DAG: example_task_group_decorator
[2022-11-08T19:45:27.200-0300] {taskmixin.py:205} WARNING - Dependency <Task(_PythonDecoratedOperator): task_group_function__3.task_2>, task_group_function__3.task_3 already registered for DAG: example_task_group_decorator
[2022-11-08T19:45:27.201-0300] {taskmixin.py:205} WARNING - Dependency <Task(_PythonDecoratedOperator): task_group_function__3.task_3>, task_group_function__3.task_2 already registered for DAG: example_task_group_decorator
[2022-11-08T19:45:27.201-0300] {taskmixin.py:205} WARNING - Dependency <Task(_PythonDecoratedOperator): task_group_function__3.task_2>, task_group_function__3.task_3 already registered for DAG: example_task_group_decorator
[2022-11-08T19:45:27.201-0300] {taskmixin.py:205} WARNING - Dependency <Task(_PythonDecoratedOperator): task_group_function__3.task_3>, task_group_function__3.task_2 already registered for DAG: example_task_group_decorator
[2022-11-08T19:45:27.201-0300] {taskmixin.py:205} WARNING - Dependency <Task(_PythonDecoratedOperator): task_group_function__3.task_2>, task_group_function__3.task_3 already registered for DAG: example_task_group_decorator
[2022-11-08T19:45:27.201-0300] {taskmixin.py:205} WARNING - Dependency <Task(_PythonDecoratedOperator): task_group_function__3.task_3>, task_group_function__3.task_2 already registered for DAG: example_task_group_decorator
[2022-11-08T19:45:27.202-0300] {taskmixin.py:205} WARNING - Dependency <Task(_PythonDecoratedOperator): task_group_function__4.task_1>, task_group_function__4.task_2 already registered for DAG: example_task_group_decorator
[2022-11-08T19:45:27.202-0300] {taskmixin.py:205} WARNING - Dependency <Task(_PythonDecoratedOperator): task_group_function__4.task_2>, task_group_function__4.task_1 already registered for DAG: example_task_group_decorator
[2022-11-08T19:45:27.203-0300] {taskmixin.py:205} WARNING - Dependency <Task(_PythonDecoratedOperator): task_group_function__4.task_1>, task_group_function__4.task_2 already registered for DAG: example_task_group_decorator
[2022-11-08T19:45:27.203-0300] {taskmixin.py:205} WARNING - Dependency <Task(_PythonDecoratedOperator): task_group_function__4.task_2>, task_group_function__4.task_1 already registered for DAG: example_task_group_decorator
[2022-11-08T19:45:27.203-0300] {taskmixin.py:205} WARNING - Dependency <Task(_PythonDecoratedOperator): task_group_function__4.task_1>, task_group_function__4.task_2 already registered for DAG: example_task_group_decorator
[2022-11-08T19:45:27.203-0300] {taskmixin.py:205} WARNING - Dependency <Task(_PythonDecoratedOperator): task_group_function__4.task_2>, task_group_function__4.task_1 already registered for DAG: example_task_group_decorator
[2022-11-08T19:45:27.203-0300] {taskmixin.py:205} WARNING - Dependency <Task(_PythonDecoratedOperator): task_group_function__4.task_1>, task_group_function__4.task_2 already registered for DAG: example_task_group_decorator
[2022-11-08T19:45:27.203-0300] {taskmixin.py:205} WARNING - Dependency <Task(_PythonDecoratedOperator): task_group_function__4.task_2>, task_group_function__4.task_1 already registered for DAG: example_task_group_decorator
[2022-11-08T19:45:27.203-0300] {taskmixin.py:205} WARNING - Dependency <Task(_PythonDecoratedOperator): task_group_function__4.task_1>, task_group_function__4.task_2 already registered for DAG: example_task_group_decorator
[2022-11-08T19:45:27.203-0300] {taskmixin.py:205} WARNING - Dependency <Task(_PythonDecoratedOperator): task_group_function__4.task_2>, task_group_function__4.task_1 already registered for DAG: example_task_group_decorator
[2022-11-08T19:45:27.204-0300] {taskmixin.py:205} WARNING - Dependency <Task(_PythonDecoratedOperator): task_group_function__4.task_1>, task_group_function__4.task_2 already registered for DAG: example_task_group_decorator
[2022-11-08T19:45:27.204-0300] {taskmixin.py:205} WARNING - Dependency <Task(_PythonDecoratedOperator): task_group_function__4.task_2>, task_group_function__4.task_1 already registered for DAG: example_task_group_decorator
[2022-11-08T19:45:27.204-0300] {taskmixin.py:205} WARNING - Dependency <Task(_PythonDecoratedOperator): task_group_function__4.task_2>, task_group_function__4.task_3 already registered for DAG: example_task_group_decorator
[2022-11-08T19:45:27.204-0300] {taskmixin.py:205} WARNING - Dependency <Task(_PythonDecoratedOperator): task_group_function__4.task_3>, task_group_function__4.task_2 already registered for DAG: example_task_group_decorator
[2022-11-08T19:45:27.205-0300] {taskmixin.py:205} WARNING - Dependency <Task(_PythonDecoratedOperator): task_group_function__4.task_2>, task_group_function__4.task_3 already registered for DAG: example_task_group_decorator
[2022-11-08T19:45:27.205-0300] {taskmixin.py:205} WARNING - Dependency <Task(_PythonDecoratedOperator): task_group_function__4.task_3>, task_group_function__4.task_2 already registered for DAG: example_task_group_decorator
[2022-11-08T19:45:27.205-0300] {taskmixin.py:205} WARNING - Dependency <Task(_PythonDecoratedOperator): task_group_function__4.task_2>, task_group_function__4.task_3 already registered for DAG: example_task_group_decorator
[2022-11-08T19:45:27.205-0300] {taskmixin.py:205} WARNING - Dependency <Task(_PythonDecoratedOperator): task_group_function__4.task_3>, task_group_function__4.task_2 already registered for DAG: example_task_group_decorator
[2022-11-08T19:45:27.205-0300] {taskmixin.py:205} WARNING - Dependency <Task(_PythonDecoratedOperator): task_group_function__4.task_2>, task_group_function__4.task_3 already registered for DAG: example_task_group_decorator
[2022-11-08T19:45:27.205-0300] {taskmixin.py:205} WARNING - Dependency <Task(_PythonDecoratedOperator): task_group_function__4.task_3>, task_group_function__4.task_2 already registered for DAG: example_task_group_decorator
[2022-11-08T19:45:27.205-0300] {taskmixin.py:205} WARNING - Dependency <Task(_PythonDecoratedOperator): task_group_function__4.task_2>, task_group_function__4.task_3 already registered for DAG: example_task_group_decorator
[2022-11-08T19:45:27.205-0300] {taskmixin.py:205} WARNING - Dependency <Task(_PythonDecoratedOperator): task_group_function__4.task_3>, task_group_function__4.task_2 already registered for DAG: example_task_group_decorator
[2022-11-08T19:45:27.206-0300] {taskmixin.py:205} WARNING - Dependency <Task(_PythonDecoratedOperator): task_group_function__4.task_2>, task_group_function__4.task_3 already registered for DAG: example_task_group_decorator
[2022-11-08T19:45:27.206-0300] {taskmixin.py:205} WARNING - Dependency <Task(_PythonDecoratedOperator): task_group_function__4.task_3>, task_group_function__4.task_2 already registered for DAG: example_task_group_decorator
[2022-11-08T19:45:27.207-0300] {example_kubernetes_executor.py:41} WARNING - The example_kubernetes_executor example DAG requires the kubernetes provider. Please install it with: pip install apache-airflow[cncf.kubernetes]
[2022-11-08T19:45:27.208-0300] {example_local_kubernetes_executor.py:39} WARNING - Could not import DAGs in example_local_kubernetes_executor.py
Traceback (most recent call last):
  File "/home/renato/Documentos/datapipeline/.env/lib/python3.10/site-packages/airflow/example_dags/example_local_kubernetes_executor.py", line 37, in <module>
    from kubernetes.client import models as k8s
ModuleNotFoundError: No module named 'kubernetes'
[2022-11-08T19:45:27.208-0300] {example_local_kubernetes_executor.py:40} WARNING - Install Kubernetes dependencies with: pip install apache-airflow[cncf.kubernetes]
[2022-11-08T19:45:27.214-0300] {taskmixin.py:205} WARNING - Dependency <Task(_PythonDecoratedOperator): generate_value>, print_value already registered for DAG: example_xcom_args
[2022-11-08T19:45:27.214-0300] {taskmixin.py:205} WARNING - Dependency <Task(_PythonDecoratedOperator): print_value>, generate_value already registered for DAG: example_xcom_args
[2022-11-08T19:45:27.214-0300] {taskmixin.py:205} WARNING - Dependency <Task(_PythonDecoratedOperator): generate_value>, print_value already registered for DAG: example_xcom_args
[2022-11-08T19:45:27.214-0300] {taskmixin.py:205} WARNING - Dependency <Task(_PythonDecoratedOperator): print_value>, generate_value already registered for DAG: example_xcom_args
[2022-11-08T19:45:27.215-0300] {taskmixin.py:205} WARNING - Dependency <Task(_PythonDecoratedOperator): generate_value>, print_value already registered for DAG: example_xcom_args
[2022-11-08T19:45:27.215-0300] {taskmixin.py:205} WARNING - Dependency <Task(_PythonDecoratedOperator): print_value>, generate_value already registered for DAG: example_xcom_args
[2022-11-08T19:45:27.215-0300] {taskmixin.py:205} WARNING - Dependency <Task(_PythonDecoratedOperator): generate_value>, print_value already registered for DAG: example_xcom_args
[2022-11-08T19:45:27.215-0300] {taskmixin.py:205} WARNING - Dependency <Task(_PythonDecoratedOperator): print_value>, generate_value already registered for DAG: example_xcom_args
[2022-11-08T19:45:27.215-0300] {taskmixin.py:205} WARNING - Dependency <Task(_PythonDecoratedOperator): generate_value>, print_value already registered for DAG: example_xcom_args
[2022-11-08T19:45:27.215-0300] {taskmixin.py:205} WARNING - Dependency <Task(_PythonDecoratedOperator): print_value>, generate_value already registered for DAG: example_xcom_args
[2022-11-08T19:45:27.215-0300] {taskmixin.py:205} WARNING - Dependency <Task(_PythonDecoratedOperator): generate_value>, print_value already registered for DAG: example_xcom_args
[2022-11-08T19:45:27.215-0300] {taskmixin.py:205} WARNING - Dependency <Task(_PythonDecoratedOperator): print_value>, generate_value already registered for DAG: example_xcom_args
[2022-11-08T19:45:27.262-0300] {task_command.py:384} INFO - Running <TaskInstance: twitter_dag.transform_twitter_aluraonline manual__2022-11-08T22:45:12.283670+00:00 [running]> on host renato-Virtual-Machine
[2022-11-08T19:45:27.312-0300] {taskinstance.py:1590} INFO - Exporting the following env vars:
AIRFLOW_CTX_DAG_OWNER=airflow
AIRFLOW_CTX_DAG_ID=twitter_dag
AIRFLOW_CTX_TASK_ID=transform_twitter_aluraonline
AIRFLOW_CTX_EXECUTION_DATE=2022-11-08T22:45:12.283670+00:00
AIRFLOW_CTX_TRY_NUMBER=1
AIRFLOW_CTX_DAG_RUN_ID=manual__2022-11-08T22:45:12.283670+00:00
[2022-11-08T19:45:27.316-0300] {base.py:71} INFO - Using connection ID 'spark_default' for task execution.
[2022-11-08T19:45:27.317-0300] {spark_submit.py:334} INFO - Spark-Submit cmd: /home/renato/Documentos/spark-3.3.1-bin-hadoop3/bin/spark-submit --master local --name twitter_transformation /home/renato/Documentos/datapipeline/spark/transformation.py --src /home/renato/Documentos/datapipeline/datalake/bronze/twitter_aluraonline/extract_date=2022-11-08 --dest /home/renato/Documentos/datapipeline/datalake/silver/twitter_aluraonline --process-date 2022-11-08
[2022-11-08T19:45:28.729-0300] {spark_submit.py:485} INFO - 22/11/08 19:45:28 WARN Utils: Your hostname, renato-Virtual-Machine resolves to a loopback address: 127.0.1.1; using 172.17.60.246 instead (on interface eth0)
[2022-11-08T19:45:28.732-0300] {spark_submit.py:485} INFO - 22/11/08 19:45:28 WARN Utils: Set SPARK_LOCAL_IP if you need to bind to another address
[2022-11-08T19:45:29.622-0300] {spark_submit.py:485} INFO - 22/11/08 19:45:29 INFO SparkContext: Running Spark version 3.3.1
[2022-11-08T19:45:29.678-0300] {spark_submit.py:485} INFO - 22/11/08 19:45:29 WARN NativeCodeLoader: Unable to load native-hadoop library for your platform... using builtin-java classes where applicable
[2022-11-08T19:45:29.754-0300] {spark_submit.py:485} INFO - 22/11/08 19:45:29 INFO ResourceUtils: ==============================================================
[2022-11-08T19:45:29.755-0300] {spark_submit.py:485} INFO - 22/11/08 19:45:29 INFO ResourceUtils: No custom resources configured for spark.driver.
[2022-11-08T19:45:29.755-0300] {spark_submit.py:485} INFO - 22/11/08 19:45:29 INFO ResourceUtils: ==============================================================
[2022-11-08T19:45:29.756-0300] {spark_submit.py:485} INFO - 22/11/08 19:45:29 INFO SparkContext: Submitted application: twitter_transformation
[2022-11-08T19:45:29.787-0300] {spark_submit.py:485} INFO - 22/11/08 19:45:29 INFO ResourceProfile: Default ResourceProfile created, executor resources: Map(cores -> name: cores, amount: 1, script: , vendor: , memory -> name: memory, amount: 1024, script: , vendor: , offHeap -> name: offHeap, amount: 0, script: , vendor: ), task resources: Map(cpus -> name: cpus, amount: 1.0)
[2022-11-08T19:45:29.796-0300] {spark_submit.py:485} INFO - 22/11/08 19:45:29 INFO ResourceProfile: Limiting resource is cpu
[2022-11-08T19:45:29.798-0300] {spark_submit.py:485} INFO - 22/11/08 19:45:29 INFO ResourceProfileManager: Added ResourceProfile id: 0
[2022-11-08T19:45:29.854-0300] {spark_submit.py:485} INFO - 22/11/08 19:45:29 INFO SecurityManager: Changing view acls to: renato
[2022-11-08T19:45:29.855-0300] {spark_submit.py:485} INFO - 22/11/08 19:45:29 INFO SecurityManager: Changing modify acls to: renato
[2022-11-08T19:45:29.856-0300] {spark_submit.py:485} INFO - 22/11/08 19:45:29 INFO SecurityManager: Changing view acls groups to:
[2022-11-08T19:45:29.856-0300] {spark_submit.py:485} INFO - 22/11/08 19:45:29 INFO SecurityManager: Changing modify acls groups to:
[2022-11-08T19:45:29.856-0300] {spark_submit.py:485} INFO - 22/11/08 19:45:29 INFO SecurityManager: SecurityManager: authentication disabled; ui acls disabled; users  with view permissions: Set(renato); groups with view permissions: Set(); users  with modify permissions: Set(renato); groups with modify permissions: Set()
[2022-11-08T19:45:30.162-0300] {spark_submit.py:485} INFO - 22/11/08 19:45:30 INFO Utils: Successfully started service 'sparkDriver' on port 45929.
[2022-11-08T19:45:30.196-0300] {spark_submit.py:485} INFO - 22/11/08 19:45:30 INFO SparkEnv: Registering MapOutputTracker
[2022-11-08T19:45:30.242-0300] {spark_submit.py:485} INFO - 22/11/08 19:45:30 INFO SparkEnv: Registering BlockManagerMaster
[2022-11-08T19:45:30.265-0300] {spark_submit.py:485} INFO - 22/11/08 19:45:30 INFO BlockManagerMasterEndpoint: Using org.apache.spark.storage.DefaultTopologyMapper for getting topology information
[2022-11-08T19:45:30.266-0300] {spark_submit.py:485} INFO - 22/11/08 19:45:30 INFO BlockManagerMasterEndpoint: BlockManagerMasterEndpoint up
[2022-11-08T19:45:30.271-0300] {spark_submit.py:485} INFO - 22/11/08 19:45:30 INFO SparkEnv: Registering BlockManagerMasterHeartbeat
[2022-11-08T19:45:30.300-0300] {spark_submit.py:485} INFO - 22/11/08 19:45:30 INFO DiskBlockManager: Created local directory at /tmp/blockmgr-e68a3033-be66-435a-b6c4-bd610dbf459a
[2022-11-08T19:45:30.378-0300] {spark_submit.py:485} INFO - 22/11/08 19:45:30 INFO MemoryStore: MemoryStore started with capacity 366.3 MiB
[2022-11-08T19:45:30.407-0300] {spark_submit.py:485} INFO - 22/11/08 19:45:30 INFO SparkEnv: Registering OutputCommitCoordinator
[2022-11-08T19:45:30.727-0300] {spark_submit.py:485} INFO - 22/11/08 19:45:30 INFO Utils: Successfully started service 'SparkUI' on port 4040.
[2022-11-08T19:45:30.868-0300] {spark_submit.py:485} INFO - 22/11/08 19:45:30 INFO Executor: Starting executor ID driver on host renato-Virtual-Machine.mshome.net
[2022-11-08T19:45:30.875-0300] {spark_submit.py:485} INFO - 22/11/08 19:45:30 INFO Executor: Starting executor with user classpath (userClassPathFirst = false): ''
[2022-11-08T19:45:30.901-0300] {spark_submit.py:485} INFO - 22/11/08 19:45:30 INFO Utils: Successfully started service 'org.apache.spark.network.netty.NettyBlockTransferService' on port 39571.
[2022-11-08T19:45:30.901-0300] {spark_submit.py:485} INFO - 22/11/08 19:45:30 INFO NettyBlockTransferService: Server created on renato-Virtual-Machine.mshome.net:39571
[2022-11-08T19:45:30.903-0300] {spark_submit.py:485} INFO - 22/11/08 19:45:30 INFO BlockManager: Using org.apache.spark.storage.RandomBlockReplicationPolicy for block replication policy
[2022-11-08T19:45:30.909-0300] {spark_submit.py:485} INFO - 22/11/08 19:45:30 INFO BlockManagerMaster: Registering BlockManager BlockManagerId(driver, renato-Virtual-Machine.mshome.net, 39571, None)
[2022-11-08T19:45:30.913-0300] {spark_submit.py:485} INFO - 22/11/08 19:45:30 INFO BlockManagerMasterEndpoint: Registering block manager renato-Virtual-Machine.mshome.net:39571 with 366.3 MiB RAM, BlockManagerId(driver, renato-Virtual-Machine.mshome.net, 39571, None)
[2022-11-08T19:45:30.916-0300] {spark_submit.py:485} INFO - 22/11/08 19:45:30 INFO BlockManagerMaster: Registered BlockManager BlockManagerId(driver, renato-Virtual-Machine.mshome.net, 39571, None)
[2022-11-08T19:45:30.917-0300] {spark_submit.py:485} INFO - 22/11/08 19:45:30 INFO BlockManager: Initialized BlockManager: BlockManagerId(driver, renato-Virtual-Machine.mshome.net, 39571, None)
[2022-11-08T19:45:31.417-0300] {spark_submit.py:485} INFO - 22/11/08 19:45:31 INFO SharedState: Setting hive.metastore.warehouse.dir ('null') to the value of spark.sql.warehouse.dir.
[2022-11-08T19:45:31.424-0300] {spark_submit.py:485} INFO - 22/11/08 19:45:31 INFO SharedState: Warehouse path is 'file:/home/renato/Documentos/datapipeline/spark-warehouse'.
[2022-11-08T19:45:32.496-0300] {spark_submit.py:485} INFO - 22/11/08 19:45:32 INFO InMemoryFileIndex: It took 37 ms to list leaf files for 1 paths.
[2022-11-08T19:45:32.563-0300] {spark_submit.py:485} INFO - 22/11/08 19:45:32 INFO InMemoryFileIndex: It took 1 ms to list leaf files for 1 paths.
[2022-11-08T19:45:34.933-0300] {spark_submit.py:485} INFO - 22/11/08 19:45:34 INFO FileSourceStrategy: Pushed Filters:
[2022-11-08T19:45:34.934-0300] {spark_submit.py:485} INFO - 22/11/08 19:45:34 INFO FileSourceStrategy: Post-Scan Filters:
[2022-11-08T19:45:34.938-0300] {spark_submit.py:485} INFO - 22/11/08 19:45:34 INFO FileSourceStrategy: Output Data Schema: struct<value: string>
[2022-11-08T19:45:35.258-0300] {spark_submit.py:485} INFO - 22/11/08 19:45:35 INFO MemoryStore: Block broadcast_0 stored as values in memory (estimated size 349.6 KiB, free 366.0 MiB)
[2022-11-08T19:45:35.316-0300] {spark_submit.py:485} INFO - 22/11/08 19:45:35 INFO MemoryStore: Block broadcast_0_piece0 stored as bytes in memory (estimated size 33.9 KiB, free 365.9 MiB)
[2022-11-08T19:45:35.321-0300] {spark_submit.py:485} INFO - 22/11/08 19:45:35 INFO BlockManagerInfo: Added broadcast_0_piece0 in memory on renato-Virtual-Machine.mshome.net:39571 (size: 33.9 KiB, free: 366.3 MiB)
[2022-11-08T19:45:35.329-0300] {spark_submit.py:485} INFO - 22/11/08 19:45:35 INFO SparkContext: Created broadcast 0 from json at NativeMethodAccessorImpl.java:0
[2022-11-08T19:45:35.340-0300] {spark_submit.py:485} INFO - 22/11/08 19:45:35 INFO FileSourceScanExec: Planning scan with bin packing, max size: 4420865 bytes, open cost is considered as scanning 4194304 bytes.
[2022-11-08T19:45:35.744-0300] {spark_submit.py:485} INFO - 22/11/08 19:45:35 INFO SparkContext: Starting job: json at NativeMethodAccessorImpl.java:0
[2022-11-08T19:45:35.770-0300] {spark_submit.py:485} INFO - 22/11/08 19:45:35 INFO DAGScheduler: Got job 0 (json at NativeMethodAccessorImpl.java:0) with 1 output partitions
[2022-11-08T19:45:35.772-0300] {spark_submit.py:485} INFO - 22/11/08 19:45:35 INFO DAGScheduler: Final stage: ResultStage 0 (json at NativeMethodAccessorImpl.java:0)
[2022-11-08T19:45:35.773-0300] {spark_submit.py:485} INFO - 22/11/08 19:45:35 INFO DAGScheduler: Parents of final stage: List()
[2022-11-08T19:45:35.775-0300] {spark_submit.py:485} INFO - 22/11/08 19:45:35 INFO DAGScheduler: Missing parents: List()
[2022-11-08T19:45:35.800-0300] {spark_submit.py:485} INFO - 22/11/08 19:45:35 INFO DAGScheduler: Submitting ResultStage 0 (MapPartitionsRDD[3] at json at NativeMethodAccessorImpl.java:0), which has no missing parents
[2022-11-08T19:45:35.927-0300] {spark_submit.py:485} INFO - 22/11/08 19:45:35 INFO MemoryStore: Block broadcast_1 stored as values in memory (estimated size 14.5 KiB, free 365.9 MiB)
[2022-11-08T19:45:35.930-0300] {spark_submit.py:485} INFO - 22/11/08 19:45:35 INFO MemoryStore: Block broadcast_1_piece0 stored as bytes in memory (estimated size 7.0 KiB, free 365.9 MiB)
[2022-11-08T19:45:35.932-0300] {spark_submit.py:485} INFO - 22/11/08 19:45:35 INFO BlockManagerInfo: Added broadcast_1_piece0 in memory on renato-Virtual-Machine.mshome.net:39571 (size: 7.0 KiB, free: 366.3 MiB)
[2022-11-08T19:45:35.933-0300] {spark_submit.py:485} INFO - 22/11/08 19:45:35 INFO SparkContext: Created broadcast 1 from broadcast at DAGScheduler.scala:1513
[2022-11-08T19:45:35.947-0300] {spark_submit.py:485} INFO - 22/11/08 19:45:35 INFO DAGScheduler: Submitting 1 missing tasks from ResultStage 0 (MapPartitionsRDD[3] at json at NativeMethodAccessorImpl.java:0) (first 15 tasks are for partitions Vector(0))
[2022-11-08T19:45:35.948-0300] {spark_submit.py:485} INFO - 22/11/08 19:45:35 INFO TaskSchedulerImpl: Adding task set 0.0 with 1 tasks resource profile 0
[2022-11-08T19:45:36.010-0300] {spark_submit.py:485} INFO - 22/11/08 19:45:36 INFO TaskSetManager: Starting task 0.0 in stage 0.0 (TID 0) (renato-Virtual-Machine.mshome.net, executor driver, partition 0, PROCESS_LOCAL, 5000 bytes) taskResourceAssignments Map()
[2022-11-08T19:45:36.034-0300] {spark_submit.py:485} INFO - 22/11/08 19:45:36 INFO Executor: Running task 0.0 in stage 0.0 (TID 0)
[2022-11-08T19:45:36.371-0300] {spark_submit.py:485} INFO - 22/11/08 19:45:36 INFO FileScanRDD: Reading File path: file:///home/renato/Documentos/datapipeline/datalake/bronze/twitter_aluraonline/extract_date=2022-11-08/AluraOnline_20221108.json, range: 0-226561, partition values: [empty row]
[2022-11-08T19:45:36.701-0300] {spark_submit.py:485} INFO - 22/11/08 19:45:36 INFO CodeGenerator: Code generated in 288.022759 ms
[2022-11-08T19:45:36.839-0300] {spark_submit.py:485} INFO - 22/11/08 19:45:36 INFO Executor: Finished task 0.0 in stage 0.0 (TID 0). 2872 bytes result sent to driver
[2022-11-08T19:45:36.862-0300] {spark_submit.py:485} INFO - 22/11/08 19:45:36 INFO TaskSetManager: Finished task 0.0 in stage 0.0 (TID 0) in 865 ms on renato-Virtual-Machine.mshome.net (executor driver) (1/1)
[2022-11-08T19:45:36.865-0300] {spark_submit.py:485} INFO - 22/11/08 19:45:36 INFO TaskSchedulerImpl: Removed TaskSet 0.0, whose tasks have all completed, from pool
[2022-11-08T19:45:36.879-0300] {spark_submit.py:485} INFO - 22/11/08 19:45:36 INFO DAGScheduler: ResultStage 0 (json at NativeMethodAccessorImpl.java:0) finished in 1,051 s
[2022-11-08T19:45:36.882-0300] {spark_submit.py:485} INFO - 22/11/08 19:45:36 INFO DAGScheduler: Job 0 is finished. Cancelling potential speculative or zombie tasks for this job
[2022-11-08T19:45:36.889-0300] {spark_submit.py:485} INFO - 22/11/08 19:45:36 INFO TaskSchedulerImpl: Killing all running tasks in stage 0: Stage finished
[2022-11-08T19:45:36.893-0300] {spark_submit.py:485} INFO - 22/11/08 19:45:36 INFO DAGScheduler: Job 0 finished: json at NativeMethodAccessorImpl.java:0, took 1,148496 s
[2022-11-08T19:45:37.202-0300] {spark_submit.py:485} INFO - 22/11/08 19:45:37 INFO BlockManagerInfo: Removed broadcast_1_piece0 on renato-Virtual-Machine.mshome.net:39571 in memory (size: 7.0 KiB, free: 366.3 MiB)
[2022-11-08T19:45:37.613-0300] {spark_submit.py:485} INFO - 22/11/08 19:45:37 INFO FileSourceStrategy: Pushed Filters: IsNotNull(data)
[2022-11-08T19:45:37.615-0300] {spark_submit.py:485} INFO - 22/11/08 19:45:37 INFO FileSourceStrategy: Post-Scan Filters: (size(data#8, true) > 0),isnotnull(data#8)
[2022-11-08T19:45:37.616-0300] {spark_submit.py:485} INFO - 22/11/08 19:45:37 INFO FileSourceStrategy: Output Data Schema: struct<data: array<struct<author_id:string,conversation_id:string,created_at:string,edit_history_tweet_ids:array<string>,id:string,in_reply_to_user_id:string,public_metrics:struct<like_count:bigint,quote_count:bigint,reply_count:bigint,retweet_count:bigint>,text:string>>>
[2022-11-08T19:45:37.713-0300] {spark_submit.py:485} INFO - 22/11/08 19:45:37 INFO FileOutputCommitter: File Output Committer Algorithm version is 1
[2022-11-08T19:45:37.713-0300] {spark_submit.py:485} INFO - 22/11/08 19:45:37 INFO FileOutputCommitter: FileOutputCommitter skip cleanup _temporary folders under output directory:false, ignore cleanup failures: false
[2022-11-08T19:45:37.714-0300] {spark_submit.py:485} INFO - 22/11/08 19:45:37 INFO SQLHadoopMapReduceCommitProtocol: Using output committer class org.apache.hadoop.mapreduce.lib.output.FileOutputCommitter
[2022-11-08T19:45:37.921-0300] {spark_submit.py:485} INFO - 22/11/08 19:45:37 INFO CodeGenerator: Code generated in 117.40568 ms
[2022-11-08T19:45:37.932-0300] {spark_submit.py:485} INFO - 22/11/08 19:45:37 INFO MemoryStore: Block broadcast_2 stored as values in memory (estimated size 349.5 KiB, free 365.6 MiB)
[2022-11-08T19:45:37.942-0300] {spark_submit.py:485} INFO - 22/11/08 19:45:37 INFO MemoryStore: Block broadcast_2_piece0 stored as bytes in memory (estimated size 33.9 KiB, free 365.6 MiB)
[2022-11-08T19:45:37.943-0300] {spark_submit.py:485} INFO - 22/11/08 19:45:37 INFO BlockManagerInfo: Added broadcast_2_piece0 in memory on renato-Virtual-Machine.mshome.net:39571 (size: 33.9 KiB, free: 366.2 MiB)
[2022-11-08T19:45:37.946-0300] {spark_submit.py:485} INFO - 22/11/08 19:45:37 INFO SparkContext: Created broadcast 2 from json at NativeMethodAccessorImpl.java:0
[2022-11-08T19:45:37.953-0300] {spark_submit.py:485} INFO - 22/11/08 19:45:37 INFO FileSourceScanExec: Planning scan with bin packing, max size: 4420865 bytes, open cost is considered as scanning 4194304 bytes.
[2022-11-08T19:45:38.019-0300] {spark_submit.py:485} INFO - 22/11/08 19:45:38 INFO SparkContext: Starting job: json at NativeMethodAccessorImpl.java:0
[2022-11-08T19:45:38.021-0300] {spark_submit.py:485} INFO - 22/11/08 19:45:38 INFO DAGScheduler: Got job 1 (json at NativeMethodAccessorImpl.java:0) with 1 output partitions
[2022-11-08T19:45:38.022-0300] {spark_submit.py:485} INFO - 22/11/08 19:45:38 INFO DAGScheduler: Final stage: ResultStage 1 (json at NativeMethodAccessorImpl.java:0)
[2022-11-08T19:45:38.022-0300] {spark_submit.py:485} INFO - 22/11/08 19:45:38 INFO DAGScheduler: Parents of final stage: List()
[2022-11-08T19:45:38.022-0300] {spark_submit.py:485} INFO - 22/11/08 19:45:38 INFO DAGScheduler: Missing parents: List()
[2022-11-08T19:45:38.031-0300] {spark_submit.py:485} INFO - 22/11/08 19:45:38 INFO DAGScheduler: Submitting ResultStage 1 (CoalescedRDD[7] at json at NativeMethodAccessorImpl.java:0), which has no missing parents
[2022-11-08T19:45:38.068-0300] {spark_submit.py:485} INFO - 22/11/08 19:45:38 INFO MemoryStore: Block broadcast_3 stored as values in memory (estimated size 234.4 KiB, free 365.3 MiB)
[2022-11-08T19:45:38.071-0300] {spark_submit.py:485} INFO - 22/11/08 19:45:38 INFO MemoryStore: Block broadcast_3_piece0 stored as bytes in memory (estimated size 81.6 KiB, free 365.2 MiB)
[2022-11-08T19:45:38.075-0300] {spark_submit.py:485} INFO - 22/11/08 19:45:38 INFO BlockManagerInfo: Added broadcast_3_piece0 in memory on renato-Virtual-Machine.mshome.net:39571 (size: 81.6 KiB, free: 366.2 MiB)
[2022-11-08T19:45:38.076-0300] {spark_submit.py:485} INFO - 22/11/08 19:45:38 INFO SparkContext: Created broadcast 3 from broadcast at DAGScheduler.scala:1513
[2022-11-08T19:45:38.080-0300] {spark_submit.py:485} INFO - 22/11/08 19:45:38 INFO DAGScheduler: Submitting 1 missing tasks from ResultStage 1 (CoalescedRDD[7] at json at NativeMethodAccessorImpl.java:0) (first 15 tasks are for partitions Vector(0))
[2022-11-08T19:45:38.081-0300] {spark_submit.py:485} INFO - 22/11/08 19:45:38 INFO TaskSchedulerImpl: Adding task set 1.0 with 1 tasks resource profile 0
[2022-11-08T19:45:38.086-0300] {spark_submit.py:485} INFO - 22/11/08 19:45:38 INFO TaskSetManager: Starting task 0.0 in stage 1.0 (TID 1) (renato-Virtual-Machine.mshome.net, executor driver, partition 0, PROCESS_LOCAL, 5229 bytes) taskResourceAssignments Map()
[2022-11-08T19:45:38.089-0300] {spark_submit.py:485} INFO - 22/11/08 19:45:38 INFO Executor: Running task 0.0 in stage 1.0 (TID 1)
[2022-11-08T19:45:38.155-0300] {spark_submit.py:485} INFO - 22/11/08 19:45:38 INFO FileOutputCommitter: File Output Committer Algorithm version is 1
[2022-11-08T19:45:38.155-0300] {spark_submit.py:485} INFO - 22/11/08 19:45:38 INFO FileOutputCommitter: FileOutputCommitter skip cleanup _temporary folders under output directory:false, ignore cleanup failures: false
[2022-11-08T19:45:38.158-0300] {spark_submit.py:485} INFO - 22/11/08 19:45:38 INFO SQLHadoopMapReduceCommitProtocol: Using output committer class org.apache.hadoop.mapreduce.lib.output.FileOutputCommitter
[2022-11-08T19:45:38.215-0300] {spark_submit.py:485} INFO - 22/11/08 19:45:38 INFO FileScanRDD: Reading File path: file:///home/renato/Documentos/datapipeline/datalake/bronze/twitter_aluraonline/extract_date=2022-11-08/AluraOnline_20221108.json, range: 0-226561, partition values: [empty row]
[2022-11-08T19:45:38.243-0300] {spark_submit.py:485} INFO - 22/11/08 19:45:38 INFO CodeGenerator: Code generated in 24.130529 ms
[2022-11-08T19:45:38.285-0300] {spark_submit.py:485} INFO - 22/11/08 19:45:38 INFO CodeGenerator: Code generated in 19.489881 ms
[2022-11-08T19:45:38.400-0300] {spark_submit.py:485} INFO - 22/11/08 19:45:38 INFO FileOutputCommitter: Saved output of task 'attempt_202211081945377017662691065586438_0001_m_000000_1' to file:/home/renato/Documentos/datapipeline/datalake/silver/twitter_aluraonline/tweet/process_date=2022-11-08/_temporary/0/task_202211081945377017662691065586438_0001_m_000000
[2022-11-08T19:45:38.401-0300] {spark_submit.py:485} INFO - 22/11/08 19:45:38 INFO SparkHadoopMapRedUtil: attempt_202211081945377017662691065586438_0001_m_000000_1: Committed. Elapsed time: 1 ms.
[2022-11-08T19:45:38.407-0300] {spark_submit.py:485} INFO - 22/11/08 19:45:38 INFO Executor: Finished task 0.0 in stage 1.0 (TID 1). 2678 bytes result sent to driver
[2022-11-08T19:45:38.412-0300] {spark_submit.py:485} INFO - 22/11/08 19:45:38 INFO TaskSetManager: Finished task 0.0 in stage 1.0 (TID 1) in 329 ms on renato-Virtual-Machine.mshome.net (executor driver) (1/1)
[2022-11-08T19:45:38.418-0300] {spark_submit.py:485} INFO - 22/11/08 19:45:38 INFO DAGScheduler: ResultStage 1 (json at NativeMethodAccessorImpl.java:0) finished in 0,387 s
[2022-11-08T19:45:38.418-0300] {spark_submit.py:485} INFO - 22/11/08 19:45:38 INFO DAGScheduler: Job 1 is finished. Cancelling potential speculative or zombie tasks for this job
[2022-11-08T19:45:38.419-0300] {spark_submit.py:485} INFO - 22/11/08 19:45:38 INFO TaskSchedulerImpl: Removed TaskSet 1.0, whose tasks have all completed, from pool
[2022-11-08T19:45:38.424-0300] {spark_submit.py:485} INFO - 22/11/08 19:45:38 INFO TaskSchedulerImpl: Killing all running tasks in stage 1: Stage finished
[2022-11-08T19:45:38.425-0300] {spark_submit.py:485} INFO - 22/11/08 19:45:38 INFO DAGScheduler: Job 1 finished: json at NativeMethodAccessorImpl.java:0, took 0,401983 s
[2022-11-08T19:45:38.425-0300] {spark_submit.py:485} INFO - 22/11/08 19:45:38 INFO FileFormatWriter: Start to commit write Job 2e1703c0-d153-40b8-aad0-60636a39e2f2.
[2022-11-08T19:45:38.492-0300] {spark_submit.py:485} INFO - 22/11/08 19:45:38 INFO FileFormatWriter: Write Job 2e1703c0-d153-40b8-aad0-60636a39e2f2 committed. Elapsed time: 68 ms.
[2022-11-08T19:45:38.501-0300] {spark_submit.py:485} INFO - 22/11/08 19:45:38 INFO FileFormatWriter: Finished processing stats for write job 2e1703c0-d153-40b8-aad0-60636a39e2f2.
[2022-11-08T19:45:38.595-0300] {spark_submit.py:485} INFO - 22/11/08 19:45:38 INFO FileSourceStrategy: Pushed Filters:
[2022-11-08T19:45:38.595-0300] {spark_submit.py:485} INFO - 22/11/08 19:45:38 INFO FileSourceStrategy: Post-Scan Filters:
[2022-11-08T19:45:38.596-0300] {spark_submit.py:485} INFO - 22/11/08 19:45:38 INFO FileSourceStrategy: Output Data Schema: struct<includes: struct<users: array<struct<created_at:string,id:string,name:string,username:string>>>>
[2022-11-08T19:45:38.612-0300] {spark_submit.py:485} INFO - 22/11/08 19:45:38 INFO FileOutputCommitter: File Output Committer Algorithm version is 1
[2022-11-08T19:45:38.612-0300] {spark_submit.py:485} INFO - 22/11/08 19:45:38 INFO FileOutputCommitter: FileOutputCommitter skip cleanup _temporary folders under output directory:false, ignore cleanup failures: false
[2022-11-08T19:45:38.612-0300] {spark_submit.py:485} INFO - 22/11/08 19:45:38 INFO SQLHadoopMapReduceCommitProtocol: Using output committer class org.apache.hadoop.mapreduce.lib.output.FileOutputCommitter
[2022-11-08T19:45:38.670-0300] {spark_submit.py:485} INFO - 22/11/08 19:45:38 INFO CodeGenerator: Code generated in 14.310539 ms
[2022-11-08T19:45:38.676-0300] {spark_submit.py:485} INFO - 22/11/08 19:45:38 INFO MemoryStore: Block broadcast_4 stored as values in memory (estimated size 349.5 KiB, free 364.9 MiB)
[2022-11-08T19:45:38.688-0300] {spark_submit.py:485} INFO - 22/11/08 19:45:38 INFO MemoryStore: Block broadcast_4_piece0 stored as bytes in memory (estimated size 33.9 KiB, free 364.9 MiB)
[2022-11-08T19:45:38.690-0300] {spark_submit.py:485} INFO - 22/11/08 19:45:38 INFO BlockManagerInfo: Added broadcast_4_piece0 in memory on renato-Virtual-Machine.mshome.net:39571 (size: 33.9 KiB, free: 366.1 MiB)
[2022-11-08T19:45:38.691-0300] {spark_submit.py:485} INFO - 22/11/08 19:45:38 INFO SparkContext: Created broadcast 4 from json at NativeMethodAccessorImpl.java:0
[2022-11-08T19:45:38.693-0300] {spark_submit.py:485} INFO - 22/11/08 19:45:38 INFO FileSourceScanExec: Planning scan with bin packing, max size: 4420865 bytes, open cost is considered as scanning 4194304 bytes.
[2022-11-08T19:45:38.721-0300] {spark_submit.py:485} INFO - 22/11/08 19:45:38 INFO SparkContext: Starting job: json at NativeMethodAccessorImpl.java:0
[2022-11-08T19:45:38.722-0300] {spark_submit.py:485} INFO - 22/11/08 19:45:38 INFO DAGScheduler: Got job 2 (json at NativeMethodAccessorImpl.java:0) with 1 output partitions
[2022-11-08T19:45:38.722-0300] {spark_submit.py:485} INFO - 22/11/08 19:45:38 INFO DAGScheduler: Final stage: ResultStage 2 (json at NativeMethodAccessorImpl.java:0)
[2022-11-08T19:45:38.723-0300] {spark_submit.py:485} INFO - 22/11/08 19:45:38 INFO DAGScheduler: Parents of final stage: List()
[2022-11-08T19:45:38.723-0300] {spark_submit.py:485} INFO - 22/11/08 19:45:38 INFO DAGScheduler: Missing parents: List()
[2022-11-08T19:45:38.723-0300] {spark_submit.py:485} INFO - 22/11/08 19:45:38 INFO DAGScheduler: Submitting ResultStage 2 (CoalescedRDD[11] at json at NativeMethodAccessorImpl.java:0), which has no missing parents
[2022-11-08T19:45:38.744-0300] {spark_submit.py:485} INFO - 22/11/08 19:45:38 INFO MemoryStore: Block broadcast_5 stored as values in memory (estimated size 214.7 KiB, free 364.7 MiB)
[2022-11-08T19:45:38.746-0300] {spark_submit.py:485} INFO - 22/11/08 19:45:38 INFO MemoryStore: Block broadcast_5_piece0 stored as bytes in memory (estimated size 76.3 KiB, free 364.6 MiB)
[2022-11-08T19:45:38.747-0300] {spark_submit.py:485} INFO - 22/11/08 19:45:38 INFO BlockManagerInfo: Added broadcast_5_piece0 in memory on renato-Virtual-Machine.mshome.net:39571 (size: 76.3 KiB, free: 366.0 MiB)
[2022-11-08T19:45:38.750-0300] {spark_submit.py:485} INFO - 22/11/08 19:45:38 INFO SparkContext: Created broadcast 5 from broadcast at DAGScheduler.scala:1513
[2022-11-08T19:45:38.751-0300] {spark_submit.py:485} INFO - 22/11/08 19:45:38 INFO DAGScheduler: Submitting 1 missing tasks from ResultStage 2 (CoalescedRDD[11] at json at NativeMethodAccessorImpl.java:0) (first 15 tasks are for partitions Vector(0))
[2022-11-08T19:45:38.751-0300] {spark_submit.py:485} INFO - 22/11/08 19:45:38 INFO TaskSchedulerImpl: Adding task set 2.0 with 1 tasks resource profile 0
[2022-11-08T19:45:38.753-0300] {spark_submit.py:485} INFO - 22/11/08 19:45:38 INFO TaskSetManager: Starting task 0.0 in stage 2.0 (TID 2) (renato-Virtual-Machine.mshome.net, executor driver, partition 0, PROCESS_LOCAL, 5229 bytes) taskResourceAssignments Map()
[2022-11-08T19:45:38.754-0300] {spark_submit.py:485} INFO - 22/11/08 19:45:38 INFO Executor: Running task 0.0 in stage 2.0 (TID 2)
[2022-11-08T19:45:38.773-0300] {spark_submit.py:485} INFO - 22/11/08 19:45:38 INFO FileOutputCommitter: File Output Committer Algorithm version is 1
[2022-11-08T19:45:38.773-0300] {spark_submit.py:485} INFO - 22/11/08 19:45:38 INFO FileOutputCommitter: FileOutputCommitter skip cleanup _temporary folders under output directory:false, ignore cleanup failures: false
[2022-11-08T19:45:38.774-0300] {spark_submit.py:485} INFO - 22/11/08 19:45:38 INFO SQLHadoopMapReduceCommitProtocol: Using output committer class org.apache.hadoop.mapreduce.lib.output.FileOutputCommitter
[2022-11-08T19:45:38.811-0300] {spark_submit.py:485} INFO - 22/11/08 19:45:38 INFO FileScanRDD: Reading File path: file:///home/renato/Documentos/datapipeline/datalake/bronze/twitter_aluraonline/extract_date=2022-11-08/AluraOnline_20221108.json, range: 0-226561, partition values: [empty row]
[2022-11-08T19:45:38.828-0300] {spark_submit.py:485} INFO - 22/11/08 19:45:38 INFO CodeGenerator: Code generated in 14.576436 ms
[2022-11-08T19:45:38.852-0300] {spark_submit.py:485} INFO - 22/11/08 19:45:38 INFO FileOutputCommitter: Saved output of task 'attempt_202211081945386922523976435991481_0002_m_000000_2' to file:/home/renato/Documentos/datapipeline/datalake/silver/twitter_aluraonline/user/process_date=2022-11-08/_temporary/0/task_202211081945386922523976435991481_0002_m_000000
[2022-11-08T19:45:38.853-0300] {spark_submit.py:485} INFO - 22/11/08 19:45:38 INFO SparkHadoopMapRedUtil: attempt_202211081945386922523976435991481_0002_m_000000_2: Committed. Elapsed time: 1 ms.
[2022-11-08T19:45:38.854-0300] {spark_submit.py:485} INFO - 22/11/08 19:45:38 INFO Executor: Finished task 0.0 in stage 2.0 (TID 2). 2579 bytes result sent to driver
[2022-11-08T19:45:38.856-0300] {spark_submit.py:485} INFO - 22/11/08 19:45:38 INFO TaskSetManager: Finished task 0.0 in stage 2.0 (TID 2) in 103 ms on renato-Virtual-Machine.mshome.net (executor driver) (1/1)
[2022-11-08T19:45:38.856-0300] {spark_submit.py:485} INFO - 22/11/08 19:45:38 INFO TaskSchedulerImpl: Removed TaskSet 2.0, whose tasks have all completed, from pool
[2022-11-08T19:45:38.859-0300] {spark_submit.py:485} INFO - 22/11/08 19:45:38 INFO DAGScheduler: ResultStage 2 (json at NativeMethodAccessorImpl.java:0) finished in 0,132 s
[2022-11-08T19:45:38.859-0300] {spark_submit.py:485} INFO - 22/11/08 19:45:38 INFO DAGScheduler: Job 2 is finished. Cancelling potential speculative or zombie tasks for this job
[2022-11-08T19:45:38.860-0300] {spark_submit.py:485} INFO - 22/11/08 19:45:38 INFO TaskSchedulerImpl: Killing all running tasks in stage 2: Stage finished
[2022-11-08T19:45:38.860-0300] {spark_submit.py:485} INFO - 22/11/08 19:45:38 INFO DAGScheduler: Job 2 finished: json at NativeMethodAccessorImpl.java:0, took 0,137199 s
[2022-11-08T19:45:38.860-0300] {spark_submit.py:485} INFO - 22/11/08 19:45:38 INFO FileFormatWriter: Start to commit write Job 7aabde54-0989-435e-919f-3c189504264c.
[2022-11-08T19:45:38.880-0300] {spark_submit.py:485} INFO - 22/11/08 19:45:38 INFO FileFormatWriter: Write Job 7aabde54-0989-435e-919f-3c189504264c committed. Elapsed time: 20 ms.
[2022-11-08T19:45:38.887-0300] {spark_submit.py:485} INFO - 22/11/08 19:45:38 INFO FileFormatWriter: Finished processing stats for write job 7aabde54-0989-435e-919f-3c189504264c.
[2022-11-08T19:45:38.918-0300] {spark_submit.py:485} INFO - 22/11/08 19:45:38 INFO SparkContext: Invoking stop() from shutdown hook
[2022-11-08T19:45:38.933-0300] {spark_submit.py:485} INFO - 22/11/08 19:45:38 INFO SparkUI: Stopped Spark web UI at http://renato-Virtual-Machine.mshome.net:4040
[2022-11-08T19:45:38.947-0300] {spark_submit.py:485} INFO - 22/11/08 19:45:38 INFO MapOutputTrackerMasterEndpoint: MapOutputTrackerMasterEndpoint stopped!
[2022-11-08T19:45:38.955-0300] {spark_submit.py:485} INFO - 22/11/08 19:45:38 INFO MemoryStore: MemoryStore cleared
[2022-11-08T19:45:38.957-0300] {spark_submit.py:485} INFO - 22/11/08 19:45:38 INFO BlockManager: BlockManager stopped
[2022-11-08T19:45:38.963-0300] {spark_submit.py:485} INFO - 22/11/08 19:45:38 INFO BlockManagerMaster: BlockManagerMaster stopped
[2022-11-08T19:45:38.966-0300] {spark_submit.py:485} INFO - 22/11/08 19:45:38 INFO OutputCommitCoordinator$OutputCommitCoordinatorEndpoint: OutputCommitCoordinator stopped!
[2022-11-08T19:45:38.971-0300] {spark_submit.py:485} INFO - 22/11/08 19:45:38 INFO SparkContext: Successfully stopped SparkContext
[2022-11-08T19:45:38.972-0300] {spark_submit.py:485} INFO - 22/11/08 19:45:38 INFO ShutdownHookManager: Shutdown hook called
[2022-11-08T19:45:38.972-0300] {spark_submit.py:485} INFO - 22/11/08 19:45:38 INFO ShutdownHookManager: Deleting directory /tmp/spark-41b827a3-b83c-468c-a6a7-c817562bb0e4
[2022-11-08T19:45:38.974-0300] {spark_submit.py:485} INFO - 22/11/08 19:45:38 INFO ShutdownHookManager: Deleting directory /tmp/spark-41b827a3-b83c-468c-a6a7-c817562bb0e4/pyspark-90696fb7-8929-49f1-ad3d-a93370831a3f
[2022-11-08T19:45:38.977-0300] {spark_submit.py:485} INFO - 22/11/08 19:45:38 INFO ShutdownHookManager: Deleting directory /tmp/spark-b9ae1511-3077-448f-887c-7196f3a317a8
[2022-11-08T19:45:39.056-0300] {taskinstance.py:1401} INFO - Marking task as SUCCESS. dag_id=twitter_dag, task_id=transform_twitter_aluraonline, execution_date=20221108T224512, start_date=20221108T224526, end_date=20221108T224539
[2022-11-08T19:45:39.090-0300] {local_task_job.py:164} INFO - Task exited with return code 0
[2022-11-08T19:45:39.099-0300] {local_task_job.py:273} INFO - 0 downstream tasks scheduled from follow-on schedule check
