[2022-11-08T19:50:18.983-0300] {taskinstance.py:1165} INFO - Dependencies all met for <TaskInstance: twitter_dag.transform_twitter_aluraonline manual__2022-11-08T22:50:03.813296+00:00 [queued]>
[2022-11-08T19:50:18.991-0300] {taskinstance.py:1165} INFO - Dependencies all met for <TaskInstance: twitter_dag.transform_twitter_aluraonline manual__2022-11-08T22:50:03.813296+00:00 [queued]>
[2022-11-08T19:50:18.991-0300] {taskinstance.py:1362} INFO - 
--------------------------------------------------------------------------------
[2022-11-08T19:50:18.991-0300] {taskinstance.py:1363} INFO - Starting attempt 1 of 1
[2022-11-08T19:50:18.991-0300] {taskinstance.py:1364} INFO - 
--------------------------------------------------------------------------------
[2022-11-08T19:50:19.014-0300] {taskinstance.py:1383} INFO - Executing <Task(SparkSubmitOperator): transform_twitter_aluraonline> on 2022-11-08 22:50:03.813296+00:00
[2022-11-08T19:50:19.016-0300] {standard_task_runner.py:54} INFO - Started process 16949 to run task
[2022-11-08T19:50:19.019-0300] {standard_task_runner.py:82} INFO - Running: ['airflow', 'tasks', 'run', 'twitter_dag', 'transform_twitter_aluraonline', 'manual__2022-11-08T22:50:03.813296+00:00', '--job-id', '103', '--raw', '--subdir', 'DAGS_FOLDER/twitter_dag.py', '--cfg-path', '/tmp/tmpx8le36p6']
[2022-11-08T19:50:19.020-0300] {standard_task_runner.py:83} INFO - Job 103: Subtask transform_twitter_aluraonline
[2022-11-08T19:50:19.021-0300] {dagbag.py:525} INFO - Filling up the DagBag from /home/renato/Documentos/datapipeline/airflow/dags/twitter_dag.py
[2022-11-08T19:50:19.076-0300] {tutorial_taskflow_api_virtualenv.py:29} WARNING - The tutorial_taskflow_api_virtualenv example DAG requires virtualenv, please install it.
[2022-11-08T19:50:19.088-0300] {taskmixin.py:205} WARNING - Dependency <Task(_PythonDecoratedOperator): print_the_context>, log_sql_query already registered for DAG: example_python_operator
[2022-11-08T19:50:19.088-0300] {taskmixin.py:205} WARNING - Dependency <Task(_PythonDecoratedOperator): log_sql_query>, print_the_context already registered for DAG: example_python_operator
[2022-11-08T19:50:19.089-0300] {taskmixin.py:205} WARNING - Dependency <Task(_PythonDecoratedOperator): print_the_context>, log_sql_query already registered for DAG: example_python_operator
[2022-11-08T19:50:19.089-0300] {taskmixin.py:205} WARNING - Dependency <Task(_PythonDecoratedOperator): log_sql_query>, print_the_context already registered for DAG: example_python_operator
[2022-11-08T19:50:19.089-0300] {taskmixin.py:205} WARNING - Dependency <Task(_PythonDecoratedOperator): print_the_context>, log_sql_query already registered for DAG: example_python_operator
[2022-11-08T19:50:19.090-0300] {taskmixin.py:205} WARNING - Dependency <Task(_PythonDecoratedOperator): log_sql_query>, print_the_context already registered for DAG: example_python_operator
[2022-11-08T19:50:19.090-0300] {taskmixin.py:205} WARNING - Dependency <Task(_PythonDecoratedOperator): print_the_context>, log_sql_query already registered for DAG: example_python_operator
[2022-11-08T19:50:19.090-0300] {taskmixin.py:205} WARNING - Dependency <Task(_PythonDecoratedOperator): log_sql_query>, print_the_context already registered for DAG: example_python_operator
[2022-11-08T19:50:19.091-0300] {example_python_operator.py:85} WARNING - The virtalenv_python example task requires virtualenv, please install it.
[2022-11-08T19:50:19.136-0300] {taskmixin.py:205} WARNING - Dependency <Task(_PythonDecoratedOperator): extract>, transform already registered for DAG: tutorial_taskflow_api
[2022-11-08T19:50:19.136-0300] {taskmixin.py:205} WARNING - Dependency <Task(_PythonDecoratedOperator): transform>, extract already registered for DAG: tutorial_taskflow_api
[2022-11-08T19:50:19.137-0300] {taskmixin.py:205} WARNING - Dependency <Task(_PythonDecoratedOperator): extract>, transform already registered for DAG: tutorial_taskflow_api
[2022-11-08T19:50:19.137-0300] {taskmixin.py:205} WARNING - Dependency <Task(_PythonDecoratedOperator): transform>, extract already registered for DAG: tutorial_taskflow_api
[2022-11-08T19:50:19.137-0300] {taskmixin.py:205} WARNING - Dependency <Task(_PythonDecoratedOperator): extract>, transform already registered for DAG: tutorial_taskflow_api
[2022-11-08T19:50:19.137-0300] {taskmixin.py:205} WARNING - Dependency <Task(_PythonDecoratedOperator): transform>, extract already registered for DAG: tutorial_taskflow_api
[2022-11-08T19:50:19.137-0300] {taskmixin.py:205} WARNING - Dependency <Task(_PythonDecoratedOperator): extract>, transform already registered for DAG: tutorial_taskflow_api
[2022-11-08T19:50:19.137-0300] {taskmixin.py:205} WARNING - Dependency <Task(_PythonDecoratedOperator): transform>, extract already registered for DAG: tutorial_taskflow_api
[2022-11-08T19:50:19.137-0300] {taskmixin.py:205} WARNING - Dependency <Task(_PythonDecoratedOperator): extract>, transform already registered for DAG: tutorial_taskflow_api
[2022-11-08T19:50:19.137-0300] {taskmixin.py:205} WARNING - Dependency <Task(_PythonDecoratedOperator): transform>, extract already registered for DAG: tutorial_taskflow_api
[2022-11-08T19:50:19.138-0300] {taskmixin.py:205} WARNING - Dependency <Task(_PythonDecoratedOperator): extract>, transform already registered for DAG: tutorial_taskflow_api
[2022-11-08T19:50:19.138-0300] {taskmixin.py:205} WARNING - Dependency <Task(_PythonDecoratedOperator): transform>, extract already registered for DAG: tutorial_taskflow_api
[2022-11-08T19:50:19.138-0300] {taskmixin.py:205} WARNING - Dependency <Task(_PythonDecoratedOperator): transform>, load already registered for DAG: tutorial_taskflow_api
[2022-11-08T19:50:19.138-0300] {taskmixin.py:205} WARNING - Dependency <Task(_PythonDecoratedOperator): load>, transform already registered for DAG: tutorial_taskflow_api
[2022-11-08T19:50:19.139-0300] {taskmixin.py:205} WARNING - Dependency <Task(_PythonDecoratedOperator): transform>, load already registered for DAG: tutorial_taskflow_api
[2022-11-08T19:50:19.139-0300] {taskmixin.py:205} WARNING - Dependency <Task(_PythonDecoratedOperator): load>, transform already registered for DAG: tutorial_taskflow_api
[2022-11-08T19:50:19.139-0300] {taskmixin.py:205} WARNING - Dependency <Task(_PythonDecoratedOperator): transform>, load already registered for DAG: tutorial_taskflow_api
[2022-11-08T19:50:19.139-0300] {taskmixin.py:205} WARNING - Dependency <Task(_PythonDecoratedOperator): load>, transform already registered for DAG: tutorial_taskflow_api
[2022-11-08T19:50:19.139-0300] {taskmixin.py:205} WARNING - Dependency <Task(_PythonDecoratedOperator): transform>, load already registered for DAG: tutorial_taskflow_api
[2022-11-08T19:50:19.139-0300] {taskmixin.py:205} WARNING - Dependency <Task(_PythonDecoratedOperator): load>, transform already registered for DAG: tutorial_taskflow_api
[2022-11-08T19:50:19.139-0300] {taskmixin.py:205} WARNING - Dependency <Task(_PythonDecoratedOperator): transform>, load already registered for DAG: tutorial_taskflow_api
[2022-11-08T19:50:19.139-0300] {taskmixin.py:205} WARNING - Dependency <Task(_PythonDecoratedOperator): load>, transform already registered for DAG: tutorial_taskflow_api
[2022-11-08T19:50:19.140-0300] {taskmixin.py:205} WARNING - Dependency <Task(_PythonDecoratedOperator): transform>, load already registered for DAG: tutorial_taskflow_api
[2022-11-08T19:50:19.140-0300] {taskmixin.py:205} WARNING - Dependency <Task(_PythonDecoratedOperator): load>, transform already registered for DAG: tutorial_taskflow_api
[2022-11-08T19:50:19.156-0300] {taskmixin.py:205} WARNING - Dependency <Task(_PythonDecoratedOperator): push_by_returning>, puller already registered for DAG: example_xcom
[2022-11-08T19:50:19.156-0300] {taskmixin.py:205} WARNING - Dependency <Task(_PythonDecoratedOperator): puller>, push_by_returning already registered for DAG: example_xcom
[2022-11-08T19:50:19.156-0300] {taskmixin.py:205} WARNING - Dependency <Task(_PythonDecoratedOperator): push_by_returning>, puller already registered for DAG: example_xcom
[2022-11-08T19:50:19.156-0300] {taskmixin.py:205} WARNING - Dependency <Task(_PythonDecoratedOperator): puller>, push_by_returning already registered for DAG: example_xcom
[2022-11-08T19:50:19.156-0300] {taskmixin.py:205} WARNING - Dependency <Task(_PythonDecoratedOperator): push_by_returning>, puller already registered for DAG: example_xcom
[2022-11-08T19:50:19.157-0300] {taskmixin.py:205} WARNING - Dependency <Task(_PythonDecoratedOperator): puller>, push_by_returning already registered for DAG: example_xcom
[2022-11-08T19:50:19.157-0300] {taskmixin.py:205} WARNING - Dependency <Task(_PythonDecoratedOperator): push_by_returning>, puller already registered for DAG: example_xcom
[2022-11-08T19:50:19.157-0300] {taskmixin.py:205} WARNING - Dependency <Task(_PythonDecoratedOperator): puller>, push_by_returning already registered for DAG: example_xcom
[2022-11-08T19:50:19.157-0300] {taskmixin.py:205} WARNING - Dependency <Task(_PythonDecoratedOperator): push_by_returning>, puller already registered for DAG: example_xcom
[2022-11-08T19:50:19.157-0300] {taskmixin.py:205} WARNING - Dependency <Task(_PythonDecoratedOperator): puller>, push_by_returning already registered for DAG: example_xcom
[2022-11-08T19:50:19.157-0300] {taskmixin.py:205} WARNING - Dependency <Task(_PythonDecoratedOperator): push_by_returning>, puller already registered for DAG: example_xcom
[2022-11-08T19:50:19.157-0300] {taskmixin.py:205} WARNING - Dependency <Task(_PythonDecoratedOperator): puller>, push_by_returning already registered for DAG: example_xcom
[2022-11-08T19:50:19.255-0300] {taskmixin.py:205} WARNING - Dependency <Task(GetRequestOperator): get_ip>, prepare_email already registered for DAG: example_dag_decorator
[2022-11-08T19:50:19.255-0300] {taskmixin.py:205} WARNING - Dependency <Task(_PythonDecoratedOperator): prepare_email>, get_ip already registered for DAG: example_dag_decorator
[2022-11-08T19:50:19.256-0300] {taskmixin.py:205} WARNING - Dependency <Task(GetRequestOperator): get_ip>, prepare_email already registered for DAG: example_dag_decorator
[2022-11-08T19:50:19.256-0300] {taskmixin.py:205} WARNING - Dependency <Task(_PythonDecoratedOperator): prepare_email>, get_ip already registered for DAG: example_dag_decorator
[2022-11-08T19:50:19.256-0300] {taskmixin.py:205} WARNING - Dependency <Task(GetRequestOperator): get_ip>, prepare_email already registered for DAG: example_dag_decorator
[2022-11-08T19:50:19.256-0300] {taskmixin.py:205} WARNING - Dependency <Task(_PythonDecoratedOperator): prepare_email>, get_ip already registered for DAG: example_dag_decorator
[2022-11-08T19:50:19.256-0300] {taskmixin.py:205} WARNING - Dependency <Task(GetRequestOperator): get_ip>, prepare_email already registered for DAG: example_dag_decorator
[2022-11-08T19:50:19.256-0300] {taskmixin.py:205} WARNING - Dependency <Task(_PythonDecoratedOperator): prepare_email>, get_ip already registered for DAG: example_dag_decorator
[2022-11-08T19:50:19.256-0300] {taskmixin.py:205} WARNING - Dependency <Task(GetRequestOperator): get_ip>, prepare_email already registered for DAG: example_dag_decorator
[2022-11-08T19:50:19.256-0300] {taskmixin.py:205} WARNING - Dependency <Task(_PythonDecoratedOperator): prepare_email>, get_ip already registered for DAG: example_dag_decorator
[2022-11-08T19:50:19.257-0300] {taskmixin.py:205} WARNING - Dependency <Task(GetRequestOperator): get_ip>, prepare_email already registered for DAG: example_dag_decorator
[2022-11-08T19:50:19.257-0300] {taskmixin.py:205} WARNING - Dependency <Task(_PythonDecoratedOperator): prepare_email>, get_ip already registered for DAG: example_dag_decorator
[2022-11-08T19:50:19.257-0300] {taskmixin.py:205} WARNING - Dependency <Task(_PythonDecoratedOperator): prepare_email>, send_email already registered for DAG: example_dag_decorator
[2022-11-08T19:50:19.257-0300] {taskmixin.py:205} WARNING - Dependency <Task(EmailOperator): send_email>, prepare_email already registered for DAG: example_dag_decorator
[2022-11-08T19:50:19.257-0300] {taskmixin.py:205} WARNING - Dependency <Task(_PythonDecoratedOperator): prepare_email>, send_email already registered for DAG: example_dag_decorator
[2022-11-08T19:50:19.257-0300] {taskmixin.py:205} WARNING - Dependency <Task(EmailOperator): send_email>, prepare_email already registered for DAG: example_dag_decorator
[2022-11-08T19:50:19.258-0300] {taskmixin.py:205} WARNING - Dependency <Task(_PythonDecoratedOperator): prepare_email>, send_email already registered for DAG: example_dag_decorator
[2022-11-08T19:50:19.258-0300] {taskmixin.py:205} WARNING - Dependency <Task(EmailOperator): send_email>, prepare_email already registered for DAG: example_dag_decorator
[2022-11-08T19:50:19.258-0300] {taskmixin.py:205} WARNING - Dependency <Task(_PythonDecoratedOperator): prepare_email>, send_email already registered for DAG: example_dag_decorator
[2022-11-08T19:50:19.258-0300] {taskmixin.py:205} WARNING - Dependency <Task(EmailOperator): send_email>, prepare_email already registered for DAG: example_dag_decorator
[2022-11-08T19:50:19.258-0300] {taskmixin.py:205} WARNING - Dependency <Task(_PythonDecoratedOperator): prepare_email>, send_email already registered for DAG: example_dag_decorator
[2022-11-08T19:50:19.258-0300] {taskmixin.py:205} WARNING - Dependency <Task(EmailOperator): send_email>, prepare_email already registered for DAG: example_dag_decorator
[2022-11-08T19:50:19.259-0300] {taskmixin.py:205} WARNING - Dependency <Task(_PythonDecoratedOperator): prepare_email>, send_email already registered for DAG: example_dag_decorator
[2022-11-08T19:50:19.259-0300] {taskmixin.py:205} WARNING - Dependency <Task(EmailOperator): send_email>, prepare_email already registered for DAG: example_dag_decorator
[2022-11-08T19:50:19.276-0300] {taskmixin.py:205} WARNING - Dependency <Task(BashOperator): create_entry_group>, delete_entry_group already registered for DAG: example_complex
[2022-11-08T19:50:19.276-0300] {taskmixin.py:205} WARNING - Dependency <Task(BashOperator): delete_entry_group>, create_entry_group already registered for DAG: example_complex
[2022-11-08T19:50:19.276-0300] {taskmixin.py:205} WARNING - Dependency <Task(BashOperator): create_entry_gcs>, delete_entry already registered for DAG: example_complex
[2022-11-08T19:50:19.276-0300] {taskmixin.py:205} WARNING - Dependency <Task(BashOperator): delete_entry>, create_entry_gcs already registered for DAG: example_complex
[2022-11-08T19:50:19.277-0300] {taskmixin.py:205} WARNING - Dependency <Task(BashOperator): create_tag>, delete_tag already registered for DAG: example_complex
[2022-11-08T19:50:19.277-0300] {taskmixin.py:205} WARNING - Dependency <Task(BashOperator): delete_tag>, create_tag already registered for DAG: example_complex
[2022-11-08T19:50:19.287-0300] {taskmixin.py:205} WARNING - Dependency <Task(_PythonDecoratedOperator): task_group_function.task_1>, task_group_function.task_2 already registered for DAG: example_task_group_decorator
[2022-11-08T19:50:19.288-0300] {taskmixin.py:205} WARNING - Dependency <Task(_PythonDecoratedOperator): task_group_function.task_2>, task_group_function.task_1 already registered for DAG: example_task_group_decorator
[2022-11-08T19:50:19.288-0300] {taskmixin.py:205} WARNING - Dependency <Task(_PythonDecoratedOperator): task_group_function.task_1>, task_group_function.task_2 already registered for DAG: example_task_group_decorator
[2022-11-08T19:50:19.288-0300] {taskmixin.py:205} WARNING - Dependency <Task(_PythonDecoratedOperator): task_group_function.task_2>, task_group_function.task_1 already registered for DAG: example_task_group_decorator
[2022-11-08T19:50:19.288-0300] {taskmixin.py:205} WARNING - Dependency <Task(_PythonDecoratedOperator): task_group_function.task_1>, task_group_function.task_2 already registered for DAG: example_task_group_decorator
[2022-11-08T19:50:19.288-0300] {taskmixin.py:205} WARNING - Dependency <Task(_PythonDecoratedOperator): task_group_function.task_2>, task_group_function.task_1 already registered for DAG: example_task_group_decorator
[2022-11-08T19:50:19.288-0300] {taskmixin.py:205} WARNING - Dependency <Task(_PythonDecoratedOperator): task_group_function.task_1>, task_group_function.task_2 already registered for DAG: example_task_group_decorator
[2022-11-08T19:50:19.288-0300] {taskmixin.py:205} WARNING - Dependency <Task(_PythonDecoratedOperator): task_group_function.task_2>, task_group_function.task_1 already registered for DAG: example_task_group_decorator
[2022-11-08T19:50:19.288-0300] {taskmixin.py:205} WARNING - Dependency <Task(_PythonDecoratedOperator): task_group_function.task_1>, task_group_function.task_2 already registered for DAG: example_task_group_decorator
[2022-11-08T19:50:19.289-0300] {taskmixin.py:205} WARNING - Dependency <Task(_PythonDecoratedOperator): task_group_function.task_2>, task_group_function.task_1 already registered for DAG: example_task_group_decorator
[2022-11-08T19:50:19.289-0300] {taskmixin.py:205} WARNING - Dependency <Task(_PythonDecoratedOperator): task_group_function.task_1>, task_group_function.task_2 already registered for DAG: example_task_group_decorator
[2022-11-08T19:50:19.289-0300] {taskmixin.py:205} WARNING - Dependency <Task(_PythonDecoratedOperator): task_group_function.task_2>, task_group_function.task_1 already registered for DAG: example_task_group_decorator
[2022-11-08T19:50:19.289-0300] {taskmixin.py:205} WARNING - Dependency <Task(_PythonDecoratedOperator): task_group_function.task_2>, task_group_function.task_3 already registered for DAG: example_task_group_decorator
[2022-11-08T19:50:19.289-0300] {taskmixin.py:205} WARNING - Dependency <Task(_PythonDecoratedOperator): task_group_function.task_3>, task_group_function.task_2 already registered for DAG: example_task_group_decorator
[2022-11-08T19:50:19.289-0300] {taskmixin.py:205} WARNING - Dependency <Task(_PythonDecoratedOperator): task_group_function.task_2>, task_group_function.task_3 already registered for DAG: example_task_group_decorator
[2022-11-08T19:50:19.289-0300] {taskmixin.py:205} WARNING - Dependency <Task(_PythonDecoratedOperator): task_group_function.task_3>, task_group_function.task_2 already registered for DAG: example_task_group_decorator
[2022-11-08T19:50:19.290-0300] {taskmixin.py:205} WARNING - Dependency <Task(_PythonDecoratedOperator): task_group_function.task_2>, task_group_function.task_3 already registered for DAG: example_task_group_decorator
[2022-11-08T19:50:19.290-0300] {taskmixin.py:205} WARNING - Dependency <Task(_PythonDecoratedOperator): task_group_function.task_3>, task_group_function.task_2 already registered for DAG: example_task_group_decorator
[2022-11-08T19:50:19.290-0300] {taskmixin.py:205} WARNING - Dependency <Task(_PythonDecoratedOperator): task_group_function.task_2>, task_group_function.task_3 already registered for DAG: example_task_group_decorator
[2022-11-08T19:50:19.290-0300] {taskmixin.py:205} WARNING - Dependency <Task(_PythonDecoratedOperator): task_group_function.task_3>, task_group_function.task_2 already registered for DAG: example_task_group_decorator
[2022-11-08T19:50:19.290-0300] {taskmixin.py:205} WARNING - Dependency <Task(_PythonDecoratedOperator): task_group_function.task_2>, task_group_function.task_3 already registered for DAG: example_task_group_decorator
[2022-11-08T19:50:19.290-0300] {taskmixin.py:205} WARNING - Dependency <Task(_PythonDecoratedOperator): task_group_function.task_3>, task_group_function.task_2 already registered for DAG: example_task_group_decorator
[2022-11-08T19:50:19.290-0300] {taskmixin.py:205} WARNING - Dependency <Task(_PythonDecoratedOperator): task_group_function.task_2>, task_group_function.task_3 already registered for DAG: example_task_group_decorator
[2022-11-08T19:50:19.290-0300] {taskmixin.py:205} WARNING - Dependency <Task(_PythonDecoratedOperator): task_group_function.task_3>, task_group_function.task_2 already registered for DAG: example_task_group_decorator
[2022-11-08T19:50:19.291-0300] {taskmixin.py:205} WARNING - Dependency <Task(_PythonDecoratedOperator): task_group_function__1.task_1>, task_group_function__1.task_2 already registered for DAG: example_task_group_decorator
[2022-11-08T19:50:19.292-0300] {taskmixin.py:205} WARNING - Dependency <Task(_PythonDecoratedOperator): task_group_function__1.task_2>, task_group_function__1.task_1 already registered for DAG: example_task_group_decorator
[2022-11-08T19:50:19.292-0300] {taskmixin.py:205} WARNING - Dependency <Task(_PythonDecoratedOperator): task_group_function__1.task_1>, task_group_function__1.task_2 already registered for DAG: example_task_group_decorator
[2022-11-08T19:50:19.292-0300] {taskmixin.py:205} WARNING - Dependency <Task(_PythonDecoratedOperator): task_group_function__1.task_2>, task_group_function__1.task_1 already registered for DAG: example_task_group_decorator
[2022-11-08T19:50:19.292-0300] {taskmixin.py:205} WARNING - Dependency <Task(_PythonDecoratedOperator): task_group_function__1.task_1>, task_group_function__1.task_2 already registered for DAG: example_task_group_decorator
[2022-11-08T19:50:19.292-0300] {taskmixin.py:205} WARNING - Dependency <Task(_PythonDecoratedOperator): task_group_function__1.task_2>, task_group_function__1.task_1 already registered for DAG: example_task_group_decorator
[2022-11-08T19:50:19.292-0300] {taskmixin.py:205} WARNING - Dependency <Task(_PythonDecoratedOperator): task_group_function__1.task_1>, task_group_function__1.task_2 already registered for DAG: example_task_group_decorator
[2022-11-08T19:50:19.292-0300] {taskmixin.py:205} WARNING - Dependency <Task(_PythonDecoratedOperator): task_group_function__1.task_2>, task_group_function__1.task_1 already registered for DAG: example_task_group_decorator
[2022-11-08T19:50:19.292-0300] {taskmixin.py:205} WARNING - Dependency <Task(_PythonDecoratedOperator): task_group_function__1.task_1>, task_group_function__1.task_2 already registered for DAG: example_task_group_decorator
[2022-11-08T19:50:19.292-0300] {taskmixin.py:205} WARNING - Dependency <Task(_PythonDecoratedOperator): task_group_function__1.task_2>, task_group_function__1.task_1 already registered for DAG: example_task_group_decorator
[2022-11-08T19:50:19.293-0300] {taskmixin.py:205} WARNING - Dependency <Task(_PythonDecoratedOperator): task_group_function__1.task_1>, task_group_function__1.task_2 already registered for DAG: example_task_group_decorator
[2022-11-08T19:50:19.293-0300] {taskmixin.py:205} WARNING - Dependency <Task(_PythonDecoratedOperator): task_group_function__1.task_2>, task_group_function__1.task_1 already registered for DAG: example_task_group_decorator
[2022-11-08T19:50:19.293-0300] {taskmixin.py:205} WARNING - Dependency <Task(_PythonDecoratedOperator): task_group_function__1.task_2>, task_group_function__1.task_3 already registered for DAG: example_task_group_decorator
[2022-11-08T19:50:19.293-0300] {taskmixin.py:205} WARNING - Dependency <Task(_PythonDecoratedOperator): task_group_function__1.task_3>, task_group_function__1.task_2 already registered for DAG: example_task_group_decorator
[2022-11-08T19:50:19.293-0300] {taskmixin.py:205} WARNING - Dependency <Task(_PythonDecoratedOperator): task_group_function__1.task_2>, task_group_function__1.task_3 already registered for DAG: example_task_group_decorator
[2022-11-08T19:50:19.294-0300] {taskmixin.py:205} WARNING - Dependency <Task(_PythonDecoratedOperator): task_group_function__1.task_3>, task_group_function__1.task_2 already registered for DAG: example_task_group_decorator
[2022-11-08T19:50:19.294-0300] {taskmixin.py:205} WARNING - Dependency <Task(_PythonDecoratedOperator): task_group_function__1.task_2>, task_group_function__1.task_3 already registered for DAG: example_task_group_decorator
[2022-11-08T19:50:19.294-0300] {taskmixin.py:205} WARNING - Dependency <Task(_PythonDecoratedOperator): task_group_function__1.task_3>, task_group_function__1.task_2 already registered for DAG: example_task_group_decorator
[2022-11-08T19:50:19.296-0300] {taskmixin.py:205} WARNING - Dependency <Task(_PythonDecoratedOperator): task_group_function__1.task_2>, task_group_function__1.task_3 already registered for DAG: example_task_group_decorator
[2022-11-08T19:50:19.297-0300] {taskmixin.py:205} WARNING - Dependency <Task(_PythonDecoratedOperator): task_group_function__1.task_3>, task_group_function__1.task_2 already registered for DAG: example_task_group_decorator
[2022-11-08T19:50:19.297-0300] {taskmixin.py:205} WARNING - Dependency <Task(_PythonDecoratedOperator): task_group_function__1.task_2>, task_group_function__1.task_3 already registered for DAG: example_task_group_decorator
[2022-11-08T19:50:19.297-0300] {taskmixin.py:205} WARNING - Dependency <Task(_PythonDecoratedOperator): task_group_function__1.task_3>, task_group_function__1.task_2 already registered for DAG: example_task_group_decorator
[2022-11-08T19:50:19.297-0300] {taskmixin.py:205} WARNING - Dependency <Task(_PythonDecoratedOperator): task_group_function__1.task_2>, task_group_function__1.task_3 already registered for DAG: example_task_group_decorator
[2022-11-08T19:50:19.297-0300] {taskmixin.py:205} WARNING - Dependency <Task(_PythonDecoratedOperator): task_group_function__1.task_3>, task_group_function__1.task_2 already registered for DAG: example_task_group_decorator
[2022-11-08T19:50:19.299-0300] {taskmixin.py:205} WARNING - Dependency <Task(_PythonDecoratedOperator): task_group_function__2.task_1>, task_group_function__2.task_2 already registered for DAG: example_task_group_decorator
[2022-11-08T19:50:19.299-0300] {taskmixin.py:205} WARNING - Dependency <Task(_PythonDecoratedOperator): task_group_function__2.task_2>, task_group_function__2.task_1 already registered for DAG: example_task_group_decorator
[2022-11-08T19:50:19.299-0300] {taskmixin.py:205} WARNING - Dependency <Task(_PythonDecoratedOperator): task_group_function__2.task_1>, task_group_function__2.task_2 already registered for DAG: example_task_group_decorator
[2022-11-08T19:50:19.299-0300] {taskmixin.py:205} WARNING - Dependency <Task(_PythonDecoratedOperator): task_group_function__2.task_2>, task_group_function__2.task_1 already registered for DAG: example_task_group_decorator
[2022-11-08T19:50:19.299-0300] {taskmixin.py:205} WARNING - Dependency <Task(_PythonDecoratedOperator): task_group_function__2.task_1>, task_group_function__2.task_2 already registered for DAG: example_task_group_decorator
[2022-11-08T19:50:19.300-0300] {taskmixin.py:205} WARNING - Dependency <Task(_PythonDecoratedOperator): task_group_function__2.task_2>, task_group_function__2.task_1 already registered for DAG: example_task_group_decorator
[2022-11-08T19:50:19.300-0300] {taskmixin.py:205} WARNING - Dependency <Task(_PythonDecoratedOperator): task_group_function__2.task_1>, task_group_function__2.task_2 already registered for DAG: example_task_group_decorator
[2022-11-08T19:50:19.300-0300] {taskmixin.py:205} WARNING - Dependency <Task(_PythonDecoratedOperator): task_group_function__2.task_2>, task_group_function__2.task_1 already registered for DAG: example_task_group_decorator
[2022-11-08T19:50:19.300-0300] {taskmixin.py:205} WARNING - Dependency <Task(_PythonDecoratedOperator): task_group_function__2.task_1>, task_group_function__2.task_2 already registered for DAG: example_task_group_decorator
[2022-11-08T19:50:19.300-0300] {taskmixin.py:205} WARNING - Dependency <Task(_PythonDecoratedOperator): task_group_function__2.task_2>, task_group_function__2.task_1 already registered for DAG: example_task_group_decorator
[2022-11-08T19:50:19.300-0300] {taskmixin.py:205} WARNING - Dependency <Task(_PythonDecoratedOperator): task_group_function__2.task_1>, task_group_function__2.task_2 already registered for DAG: example_task_group_decorator
[2022-11-08T19:50:19.300-0300] {taskmixin.py:205} WARNING - Dependency <Task(_PythonDecoratedOperator): task_group_function__2.task_2>, task_group_function__2.task_1 already registered for DAG: example_task_group_decorator
[2022-11-08T19:50:19.301-0300] {taskmixin.py:205} WARNING - Dependency <Task(_PythonDecoratedOperator): task_group_function__2.task_2>, task_group_function__2.task_3 already registered for DAG: example_task_group_decorator
[2022-11-08T19:50:19.301-0300] {taskmixin.py:205} WARNING - Dependency <Task(_PythonDecoratedOperator): task_group_function__2.task_3>, task_group_function__2.task_2 already registered for DAG: example_task_group_decorator
[2022-11-08T19:50:19.301-0300] {taskmixin.py:205} WARNING - Dependency <Task(_PythonDecoratedOperator): task_group_function__2.task_2>, task_group_function__2.task_3 already registered for DAG: example_task_group_decorator
[2022-11-08T19:50:19.301-0300] {taskmixin.py:205} WARNING - Dependency <Task(_PythonDecoratedOperator): task_group_function__2.task_3>, task_group_function__2.task_2 already registered for DAG: example_task_group_decorator
[2022-11-08T19:50:19.301-0300] {taskmixin.py:205} WARNING - Dependency <Task(_PythonDecoratedOperator): task_group_function__2.task_2>, task_group_function__2.task_3 already registered for DAG: example_task_group_decorator
[2022-11-08T19:50:19.302-0300] {taskmixin.py:205} WARNING - Dependency <Task(_PythonDecoratedOperator): task_group_function__2.task_3>, task_group_function__2.task_2 already registered for DAG: example_task_group_decorator
[2022-11-08T19:50:19.302-0300] {taskmixin.py:205} WARNING - Dependency <Task(_PythonDecoratedOperator): task_group_function__2.task_2>, task_group_function__2.task_3 already registered for DAG: example_task_group_decorator
[2022-11-08T19:50:19.302-0300] {taskmixin.py:205} WARNING - Dependency <Task(_PythonDecoratedOperator): task_group_function__2.task_3>, task_group_function__2.task_2 already registered for DAG: example_task_group_decorator
[2022-11-08T19:50:19.302-0300] {taskmixin.py:205} WARNING - Dependency <Task(_PythonDecoratedOperator): task_group_function__2.task_2>, task_group_function__2.task_3 already registered for DAG: example_task_group_decorator
[2022-11-08T19:50:19.302-0300] {taskmixin.py:205} WARNING - Dependency <Task(_PythonDecoratedOperator): task_group_function__2.task_3>, task_group_function__2.task_2 already registered for DAG: example_task_group_decorator
[2022-11-08T19:50:19.302-0300] {taskmixin.py:205} WARNING - Dependency <Task(_PythonDecoratedOperator): task_group_function__2.task_2>, task_group_function__2.task_3 already registered for DAG: example_task_group_decorator
[2022-11-08T19:50:19.303-0300] {taskmixin.py:205} WARNING - Dependency <Task(_PythonDecoratedOperator): task_group_function__2.task_3>, task_group_function__2.task_2 already registered for DAG: example_task_group_decorator
[2022-11-08T19:50:19.303-0300] {taskmixin.py:205} WARNING - Dependency <Task(_PythonDecoratedOperator): task_group_function__3.task_1>, task_group_function__3.task_2 already registered for DAG: example_task_group_decorator
[2022-11-08T19:50:19.304-0300] {taskmixin.py:205} WARNING - Dependency <Task(_PythonDecoratedOperator): task_group_function__3.task_2>, task_group_function__3.task_1 already registered for DAG: example_task_group_decorator
[2022-11-08T19:50:19.304-0300] {taskmixin.py:205} WARNING - Dependency <Task(_PythonDecoratedOperator): task_group_function__3.task_1>, task_group_function__3.task_2 already registered for DAG: example_task_group_decorator
[2022-11-08T19:50:19.304-0300] {taskmixin.py:205} WARNING - Dependency <Task(_PythonDecoratedOperator): task_group_function__3.task_2>, task_group_function__3.task_1 already registered for DAG: example_task_group_decorator
[2022-11-08T19:50:19.304-0300] {taskmixin.py:205} WARNING - Dependency <Task(_PythonDecoratedOperator): task_group_function__3.task_1>, task_group_function__3.task_2 already registered for DAG: example_task_group_decorator
[2022-11-08T19:50:19.304-0300] {taskmixin.py:205} WARNING - Dependency <Task(_PythonDecoratedOperator): task_group_function__3.task_2>, task_group_function__3.task_1 already registered for DAG: example_task_group_decorator
[2022-11-08T19:50:19.304-0300] {taskmixin.py:205} WARNING - Dependency <Task(_PythonDecoratedOperator): task_group_function__3.task_1>, task_group_function__3.task_2 already registered for DAG: example_task_group_decorator
[2022-11-08T19:50:19.304-0300] {taskmixin.py:205} WARNING - Dependency <Task(_PythonDecoratedOperator): task_group_function__3.task_2>, task_group_function__3.task_1 already registered for DAG: example_task_group_decorator
[2022-11-08T19:50:19.304-0300] {taskmixin.py:205} WARNING - Dependency <Task(_PythonDecoratedOperator): task_group_function__3.task_1>, task_group_function__3.task_2 already registered for DAG: example_task_group_decorator
[2022-11-08T19:50:19.305-0300] {taskmixin.py:205} WARNING - Dependency <Task(_PythonDecoratedOperator): task_group_function__3.task_2>, task_group_function__3.task_1 already registered for DAG: example_task_group_decorator
[2022-11-08T19:50:19.305-0300] {taskmixin.py:205} WARNING - Dependency <Task(_PythonDecoratedOperator): task_group_function__3.task_1>, task_group_function__3.task_2 already registered for DAG: example_task_group_decorator
[2022-11-08T19:50:19.305-0300] {taskmixin.py:205} WARNING - Dependency <Task(_PythonDecoratedOperator): task_group_function__3.task_2>, task_group_function__3.task_1 already registered for DAG: example_task_group_decorator
[2022-11-08T19:50:19.305-0300] {taskmixin.py:205} WARNING - Dependency <Task(_PythonDecoratedOperator): task_group_function__3.task_2>, task_group_function__3.task_3 already registered for DAG: example_task_group_decorator
[2022-11-08T19:50:19.305-0300] {taskmixin.py:205} WARNING - Dependency <Task(_PythonDecoratedOperator): task_group_function__3.task_3>, task_group_function__3.task_2 already registered for DAG: example_task_group_decorator
[2022-11-08T19:50:19.306-0300] {taskmixin.py:205} WARNING - Dependency <Task(_PythonDecoratedOperator): task_group_function__3.task_2>, task_group_function__3.task_3 already registered for DAG: example_task_group_decorator
[2022-11-08T19:50:19.306-0300] {taskmixin.py:205} WARNING - Dependency <Task(_PythonDecoratedOperator): task_group_function__3.task_3>, task_group_function__3.task_2 already registered for DAG: example_task_group_decorator
[2022-11-08T19:50:19.306-0300] {taskmixin.py:205} WARNING - Dependency <Task(_PythonDecoratedOperator): task_group_function__3.task_2>, task_group_function__3.task_3 already registered for DAG: example_task_group_decorator
[2022-11-08T19:50:19.306-0300] {taskmixin.py:205} WARNING - Dependency <Task(_PythonDecoratedOperator): task_group_function__3.task_3>, task_group_function__3.task_2 already registered for DAG: example_task_group_decorator
[2022-11-08T19:50:19.306-0300] {taskmixin.py:205} WARNING - Dependency <Task(_PythonDecoratedOperator): task_group_function__3.task_2>, task_group_function__3.task_3 already registered for DAG: example_task_group_decorator
[2022-11-08T19:50:19.306-0300] {taskmixin.py:205} WARNING - Dependency <Task(_PythonDecoratedOperator): task_group_function__3.task_3>, task_group_function__3.task_2 already registered for DAG: example_task_group_decorator
[2022-11-08T19:50:19.306-0300] {taskmixin.py:205} WARNING - Dependency <Task(_PythonDecoratedOperator): task_group_function__3.task_2>, task_group_function__3.task_3 already registered for DAG: example_task_group_decorator
[2022-11-08T19:50:19.306-0300] {taskmixin.py:205} WARNING - Dependency <Task(_PythonDecoratedOperator): task_group_function__3.task_3>, task_group_function__3.task_2 already registered for DAG: example_task_group_decorator
[2022-11-08T19:50:19.307-0300] {taskmixin.py:205} WARNING - Dependency <Task(_PythonDecoratedOperator): task_group_function__3.task_2>, task_group_function__3.task_3 already registered for DAG: example_task_group_decorator
[2022-11-08T19:50:19.307-0300] {taskmixin.py:205} WARNING - Dependency <Task(_PythonDecoratedOperator): task_group_function__3.task_3>, task_group_function__3.task_2 already registered for DAG: example_task_group_decorator
[2022-11-08T19:50:19.308-0300] {taskmixin.py:205} WARNING - Dependency <Task(_PythonDecoratedOperator): task_group_function__4.task_1>, task_group_function__4.task_2 already registered for DAG: example_task_group_decorator
[2022-11-08T19:50:19.308-0300] {taskmixin.py:205} WARNING - Dependency <Task(_PythonDecoratedOperator): task_group_function__4.task_2>, task_group_function__4.task_1 already registered for DAG: example_task_group_decorator
[2022-11-08T19:50:19.308-0300] {taskmixin.py:205} WARNING - Dependency <Task(_PythonDecoratedOperator): task_group_function__4.task_1>, task_group_function__4.task_2 already registered for DAG: example_task_group_decorator
[2022-11-08T19:50:19.308-0300] {taskmixin.py:205} WARNING - Dependency <Task(_PythonDecoratedOperator): task_group_function__4.task_2>, task_group_function__4.task_1 already registered for DAG: example_task_group_decorator
[2022-11-08T19:50:19.308-0300] {taskmixin.py:205} WARNING - Dependency <Task(_PythonDecoratedOperator): task_group_function__4.task_1>, task_group_function__4.task_2 already registered for DAG: example_task_group_decorator
[2022-11-08T19:50:19.308-0300] {taskmixin.py:205} WARNING - Dependency <Task(_PythonDecoratedOperator): task_group_function__4.task_2>, task_group_function__4.task_1 already registered for DAG: example_task_group_decorator
[2022-11-08T19:50:19.308-0300] {taskmixin.py:205} WARNING - Dependency <Task(_PythonDecoratedOperator): task_group_function__4.task_1>, task_group_function__4.task_2 already registered for DAG: example_task_group_decorator
[2022-11-08T19:50:19.309-0300] {taskmixin.py:205} WARNING - Dependency <Task(_PythonDecoratedOperator): task_group_function__4.task_2>, task_group_function__4.task_1 already registered for DAG: example_task_group_decorator
[2022-11-08T19:50:19.309-0300] {taskmixin.py:205} WARNING - Dependency <Task(_PythonDecoratedOperator): task_group_function__4.task_1>, task_group_function__4.task_2 already registered for DAG: example_task_group_decorator
[2022-11-08T19:50:19.309-0300] {taskmixin.py:205} WARNING - Dependency <Task(_PythonDecoratedOperator): task_group_function__4.task_2>, task_group_function__4.task_1 already registered for DAG: example_task_group_decorator
[2022-11-08T19:50:19.309-0300] {taskmixin.py:205} WARNING - Dependency <Task(_PythonDecoratedOperator): task_group_function__4.task_1>, task_group_function__4.task_2 already registered for DAG: example_task_group_decorator
[2022-11-08T19:50:19.309-0300] {taskmixin.py:205} WARNING - Dependency <Task(_PythonDecoratedOperator): task_group_function__4.task_2>, task_group_function__4.task_1 already registered for DAG: example_task_group_decorator
[2022-11-08T19:50:19.309-0300] {taskmixin.py:205} WARNING - Dependency <Task(_PythonDecoratedOperator): task_group_function__4.task_2>, task_group_function__4.task_3 already registered for DAG: example_task_group_decorator
[2022-11-08T19:50:19.310-0300] {taskmixin.py:205} WARNING - Dependency <Task(_PythonDecoratedOperator): task_group_function__4.task_3>, task_group_function__4.task_2 already registered for DAG: example_task_group_decorator
[2022-11-08T19:50:19.310-0300] {taskmixin.py:205} WARNING - Dependency <Task(_PythonDecoratedOperator): task_group_function__4.task_2>, task_group_function__4.task_3 already registered for DAG: example_task_group_decorator
[2022-11-08T19:50:19.310-0300] {taskmixin.py:205} WARNING - Dependency <Task(_PythonDecoratedOperator): task_group_function__4.task_3>, task_group_function__4.task_2 already registered for DAG: example_task_group_decorator
[2022-11-08T19:50:19.310-0300] {taskmixin.py:205} WARNING - Dependency <Task(_PythonDecoratedOperator): task_group_function__4.task_2>, task_group_function__4.task_3 already registered for DAG: example_task_group_decorator
[2022-11-08T19:50:19.310-0300] {taskmixin.py:205} WARNING - Dependency <Task(_PythonDecoratedOperator): task_group_function__4.task_3>, task_group_function__4.task_2 already registered for DAG: example_task_group_decorator
[2022-11-08T19:50:19.310-0300] {taskmixin.py:205} WARNING - Dependency <Task(_PythonDecoratedOperator): task_group_function__4.task_2>, task_group_function__4.task_3 already registered for DAG: example_task_group_decorator
[2022-11-08T19:50:19.310-0300] {taskmixin.py:205} WARNING - Dependency <Task(_PythonDecoratedOperator): task_group_function__4.task_3>, task_group_function__4.task_2 already registered for DAG: example_task_group_decorator
[2022-11-08T19:50:19.311-0300] {taskmixin.py:205} WARNING - Dependency <Task(_PythonDecoratedOperator): task_group_function__4.task_2>, task_group_function__4.task_3 already registered for DAG: example_task_group_decorator
[2022-11-08T19:50:19.311-0300] {taskmixin.py:205} WARNING - Dependency <Task(_PythonDecoratedOperator): task_group_function__4.task_3>, task_group_function__4.task_2 already registered for DAG: example_task_group_decorator
[2022-11-08T19:50:19.311-0300] {taskmixin.py:205} WARNING - Dependency <Task(_PythonDecoratedOperator): task_group_function__4.task_2>, task_group_function__4.task_3 already registered for DAG: example_task_group_decorator
[2022-11-08T19:50:19.311-0300] {taskmixin.py:205} WARNING - Dependency <Task(_PythonDecoratedOperator): task_group_function__4.task_3>, task_group_function__4.task_2 already registered for DAG: example_task_group_decorator
[2022-11-08T19:50:19.313-0300] {example_kubernetes_executor.py:41} WARNING - The example_kubernetes_executor example DAG requires the kubernetes provider. Please install it with: pip install apache-airflow[cncf.kubernetes]
[2022-11-08T19:50:19.314-0300] {example_local_kubernetes_executor.py:39} WARNING - Could not import DAGs in example_local_kubernetes_executor.py
Traceback (most recent call last):
  File "/home/renato/Documentos/datapipeline/.env/lib/python3.10/site-packages/airflow/example_dags/example_local_kubernetes_executor.py", line 37, in <module>
    from kubernetes.client import models as k8s
ModuleNotFoundError: No module named 'kubernetes'
[2022-11-08T19:50:19.314-0300] {example_local_kubernetes_executor.py:40} WARNING - Install Kubernetes dependencies with: pip install apache-airflow[cncf.kubernetes]
[2022-11-08T19:50:19.320-0300] {taskmixin.py:205} WARNING - Dependency <Task(_PythonDecoratedOperator): generate_value>, print_value already registered for DAG: example_xcom_args
[2022-11-08T19:50:19.321-0300] {taskmixin.py:205} WARNING - Dependency <Task(_PythonDecoratedOperator): print_value>, generate_value already registered for DAG: example_xcom_args
[2022-11-08T19:50:19.321-0300] {taskmixin.py:205} WARNING - Dependency <Task(_PythonDecoratedOperator): generate_value>, print_value already registered for DAG: example_xcom_args
[2022-11-08T19:50:19.321-0300] {taskmixin.py:205} WARNING - Dependency <Task(_PythonDecoratedOperator): print_value>, generate_value already registered for DAG: example_xcom_args
[2022-11-08T19:50:19.321-0300] {taskmixin.py:205} WARNING - Dependency <Task(_PythonDecoratedOperator): generate_value>, print_value already registered for DAG: example_xcom_args
[2022-11-08T19:50:19.321-0300] {taskmixin.py:205} WARNING - Dependency <Task(_PythonDecoratedOperator): print_value>, generate_value already registered for DAG: example_xcom_args
[2022-11-08T19:50:19.321-0300] {taskmixin.py:205} WARNING - Dependency <Task(_PythonDecoratedOperator): generate_value>, print_value already registered for DAG: example_xcom_args
[2022-11-08T19:50:19.322-0300] {taskmixin.py:205} WARNING - Dependency <Task(_PythonDecoratedOperator): print_value>, generate_value already registered for DAG: example_xcom_args
[2022-11-08T19:50:19.322-0300] {taskmixin.py:205} WARNING - Dependency <Task(_PythonDecoratedOperator): generate_value>, print_value already registered for DAG: example_xcom_args
[2022-11-08T19:50:19.322-0300] {taskmixin.py:205} WARNING - Dependency <Task(_PythonDecoratedOperator): print_value>, generate_value already registered for DAG: example_xcom_args
[2022-11-08T19:50:19.322-0300] {taskmixin.py:205} WARNING - Dependency <Task(_PythonDecoratedOperator): generate_value>, print_value already registered for DAG: example_xcom_args
[2022-11-08T19:50:19.322-0300] {taskmixin.py:205} WARNING - Dependency <Task(_PythonDecoratedOperator): print_value>, generate_value already registered for DAG: example_xcom_args
[2022-11-08T19:50:19.372-0300] {task_command.py:384} INFO - Running <TaskInstance: twitter_dag.transform_twitter_aluraonline manual__2022-11-08T22:50:03.813296+00:00 [running]> on host renato-Virtual-Machine
[2022-11-08T19:50:19.428-0300] {taskinstance.py:1590} INFO - Exporting the following env vars:
AIRFLOW_CTX_DAG_OWNER=airflow
AIRFLOW_CTX_DAG_ID=twitter_dag
AIRFLOW_CTX_TASK_ID=transform_twitter_aluraonline
AIRFLOW_CTX_EXECUTION_DATE=2022-11-08T22:50:03.813296+00:00
AIRFLOW_CTX_TRY_NUMBER=1
AIRFLOW_CTX_DAG_RUN_ID=manual__2022-11-08T22:50:03.813296+00:00
[2022-11-08T19:50:19.432-0300] {base.py:71} INFO - Using connection ID 'spark_default' for task execution.
[2022-11-08T19:50:19.433-0300] {spark_submit.py:334} INFO - Spark-Submit cmd: /home/renato/Documentos/spark-3.3.1-bin-hadoop3/bin/spark-submit --master local --name twitter_transformation /home/renato/Documentos/datapipeline/spark/transformation.py --src /home/renato/Documentos/datapipeline/datalake/bronze/twitter_aluraonline/extract_date=2022-11-08 --dest /home/renato/Documentos/datapipeline/datalake/silver/twitter_aluraonline --process-date 2022-11-08
[2022-11-08T19:50:20.851-0300] {spark_submit.py:485} INFO - 22/11/08 19:50:20 WARN Utils: Your hostname, renato-Virtual-Machine resolves to a loopback address: 127.0.1.1; using 172.17.60.246 instead (on interface eth0)
[2022-11-08T19:50:20.853-0300] {spark_submit.py:485} INFO - 22/11/08 19:50:20 WARN Utils: Set SPARK_LOCAL_IP if you need to bind to another address
[2022-11-08T19:50:21.662-0300] {spark_submit.py:485} INFO - 22/11/08 19:50:21 INFO SparkContext: Running Spark version 3.3.1
[2022-11-08T19:50:21.709-0300] {spark_submit.py:485} INFO - 22/11/08 19:50:21 WARN NativeCodeLoader: Unable to load native-hadoop library for your platform... using builtin-java classes where applicable
[2022-11-08T19:50:21.774-0300] {spark_submit.py:485} INFO - 22/11/08 19:50:21 INFO ResourceUtils: ==============================================================
[2022-11-08T19:50:21.775-0300] {spark_submit.py:485} INFO - 22/11/08 19:50:21 INFO ResourceUtils: No custom resources configured for spark.driver.
[2022-11-08T19:50:21.775-0300] {spark_submit.py:485} INFO - 22/11/08 19:50:21 INFO ResourceUtils: ==============================================================
[2022-11-08T19:50:21.775-0300] {spark_submit.py:485} INFO - 22/11/08 19:50:21 INFO SparkContext: Submitted application: twitter_transformation
[2022-11-08T19:50:21.796-0300] {spark_submit.py:485} INFO - 22/11/08 19:50:21 INFO ResourceProfile: Default ResourceProfile created, executor resources: Map(cores -> name: cores, amount: 1, script: , vendor: , memory -> name: memory, amount: 1024, script: , vendor: , offHeap -> name: offHeap, amount: 0, script: , vendor: ), task resources: Map(cpus -> name: cpus, amount: 1.0)
[2022-11-08T19:50:21.808-0300] {spark_submit.py:485} INFO - 22/11/08 19:50:21 INFO ResourceProfile: Limiting resource is cpu
[2022-11-08T19:50:21.809-0300] {spark_submit.py:485} INFO - 22/11/08 19:50:21 INFO ResourceProfileManager: Added ResourceProfile id: 0
[2022-11-08T19:50:21.859-0300] {spark_submit.py:485} INFO - 22/11/08 19:50:21 INFO SecurityManager: Changing view acls to: renato
[2022-11-08T19:50:21.860-0300] {spark_submit.py:485} INFO - 22/11/08 19:50:21 INFO SecurityManager: Changing modify acls to: renato
[2022-11-08T19:50:21.861-0300] {spark_submit.py:485} INFO - 22/11/08 19:50:21 INFO SecurityManager: Changing view acls groups to:
[2022-11-08T19:50:21.861-0300] {spark_submit.py:485} INFO - 22/11/08 19:50:21 INFO SecurityManager: Changing modify acls groups to:
[2022-11-08T19:50:21.862-0300] {spark_submit.py:485} INFO - 22/11/08 19:50:21 INFO SecurityManager: SecurityManager: authentication disabled; ui acls disabled; users  with view permissions: Set(renato); groups with view permissions: Set(); users  with modify permissions: Set(renato); groups with modify permissions: Set()
[2022-11-08T19:50:22.192-0300] {spark_submit.py:485} INFO - 22/11/08 19:50:22 INFO Utils: Successfully started service 'sparkDriver' on port 40837.
[2022-11-08T19:50:22.234-0300] {spark_submit.py:485} INFO - 22/11/08 19:50:22 INFO SparkEnv: Registering MapOutputTracker
[2022-11-08T19:50:22.310-0300] {spark_submit.py:485} INFO - 22/11/08 19:50:22 INFO SparkEnv: Registering BlockManagerMaster
[2022-11-08T19:50:22.332-0300] {spark_submit.py:485} INFO - 22/11/08 19:50:22 INFO BlockManagerMasterEndpoint: Using org.apache.spark.storage.DefaultTopologyMapper for getting topology information
[2022-11-08T19:50:22.335-0300] {spark_submit.py:485} INFO - 22/11/08 19:50:22 INFO BlockManagerMasterEndpoint: BlockManagerMasterEndpoint up
[2022-11-08T19:50:22.339-0300] {spark_submit.py:485} INFO - 22/11/08 19:50:22 INFO SparkEnv: Registering BlockManagerMasterHeartbeat
[2022-11-08T19:50:22.368-0300] {spark_submit.py:485} INFO - 22/11/08 19:50:22 INFO DiskBlockManager: Created local directory at /tmp/blockmgr-eac53f87-29cc-4078-b8d0-e3605f453350
[2022-11-08T19:50:22.441-0300] {spark_submit.py:485} INFO - 22/11/08 19:50:22 INFO MemoryStore: MemoryStore started with capacity 366.3 MiB
[2022-11-08T19:50:22.465-0300] {spark_submit.py:485} INFO - 22/11/08 19:50:22 INFO SparkEnv: Registering OutputCommitCoordinator
[2022-11-08T19:50:22.703-0300] {spark_submit.py:485} INFO - 22/11/08 19:50:22 INFO Utils: Successfully started service 'SparkUI' on port 4040.
[2022-11-08T19:50:22.822-0300] {spark_submit.py:485} INFO - 22/11/08 19:50:22 INFO Executor: Starting executor ID driver on host renato-Virtual-Machine.mshome.net
[2022-11-08T19:50:22.832-0300] {spark_submit.py:485} INFO - 22/11/08 19:50:22 INFO Executor: Starting executor with user classpath (userClassPathFirst = false): ''
[2022-11-08T19:50:22.854-0300] {spark_submit.py:485} INFO - 22/11/08 19:50:22 INFO Utils: Successfully started service 'org.apache.spark.network.netty.NettyBlockTransferService' on port 39473.
[2022-11-08T19:50:22.854-0300] {spark_submit.py:485} INFO - 22/11/08 19:50:22 INFO NettyBlockTransferService: Server created on renato-Virtual-Machine.mshome.net:39473
[2022-11-08T19:50:22.858-0300] {spark_submit.py:485} INFO - 22/11/08 19:50:22 INFO BlockManager: Using org.apache.spark.storage.RandomBlockReplicationPolicy for block replication policy
[2022-11-08T19:50:22.865-0300] {spark_submit.py:485} INFO - 22/11/08 19:50:22 INFO BlockManagerMaster: Registering BlockManager BlockManagerId(driver, renato-Virtual-Machine.mshome.net, 39473, None)
[2022-11-08T19:50:22.869-0300] {spark_submit.py:485} INFO - 22/11/08 19:50:22 INFO BlockManagerMasterEndpoint: Registering block manager renato-Virtual-Machine.mshome.net:39473 with 366.3 MiB RAM, BlockManagerId(driver, renato-Virtual-Machine.mshome.net, 39473, None)
[2022-11-08T19:50:22.871-0300] {spark_submit.py:485} INFO - 22/11/08 19:50:22 INFO BlockManagerMaster: Registered BlockManager BlockManagerId(driver, renato-Virtual-Machine.mshome.net, 39473, None)
[2022-11-08T19:50:22.873-0300] {spark_submit.py:485} INFO - 22/11/08 19:50:22 INFO BlockManager: Initialized BlockManager: BlockManagerId(driver, renato-Virtual-Machine.mshome.net, 39473, None)
[2022-11-08T19:50:23.482-0300] {spark_submit.py:485} INFO - 22/11/08 19:50:23 INFO SharedState: Setting hive.metastore.warehouse.dir ('null') to the value of spark.sql.warehouse.dir.
[2022-11-08T19:50:23.491-0300] {spark_submit.py:485} INFO - 22/11/08 19:50:23 INFO SharedState: Warehouse path is 'file:/home/renato/Documentos/datapipeline/spark-warehouse'.
[2022-11-08T19:50:24.576-0300] {spark_submit.py:485} INFO - 22/11/08 19:50:24 INFO InMemoryFileIndex: It took 30 ms to list leaf files for 1 paths.
[2022-11-08T19:50:24.633-0300] {spark_submit.py:485} INFO - 22/11/08 19:50:24 INFO InMemoryFileIndex: It took 2 ms to list leaf files for 1 paths.
[2022-11-08T19:50:28.282-0300] {spark_submit.py:485} INFO - 22/11/08 19:50:28 INFO FileSourceStrategy: Pushed Filters:
[2022-11-08T19:50:28.284-0300] {spark_submit.py:485} INFO - 22/11/08 19:50:28 INFO FileSourceStrategy: Post-Scan Filters:
[2022-11-08T19:50:28.287-0300] {spark_submit.py:485} INFO - 22/11/08 19:50:28 INFO FileSourceStrategy: Output Data Schema: struct<value: string>
[2022-11-08T19:50:28.606-0300] {spark_submit.py:485} INFO - 22/11/08 19:50:28 INFO MemoryStore: Block broadcast_0 stored as values in memory (estimated size 349.6 KiB, free 366.0 MiB)
[2022-11-08T19:50:28.660-0300] {spark_submit.py:485} INFO - 22/11/08 19:50:28 INFO MemoryStore: Block broadcast_0_piece0 stored as bytes in memory (estimated size 33.9 KiB, free 365.9 MiB)
[2022-11-08T19:50:28.663-0300] {spark_submit.py:485} INFO - 22/11/08 19:50:28 INFO BlockManagerInfo: Added broadcast_0_piece0 in memory on renato-Virtual-Machine.mshome.net:39473 (size: 33.9 KiB, free: 366.3 MiB)
[2022-11-08T19:50:28.687-0300] {spark_submit.py:485} INFO - 22/11/08 19:50:28 INFO SparkContext: Created broadcast 0 from json at NativeMethodAccessorImpl.java:0
[2022-11-08T19:50:28.706-0300] {spark_submit.py:485} INFO - 22/11/08 19:50:28 INFO FileSourceScanExec: Planning scan with bin packing, max size: 4421484 bytes, open cost is considered as scanning 4194304 bytes.
[2022-11-08T19:50:29.140-0300] {spark_submit.py:485} INFO - 22/11/08 19:50:29 INFO SparkContext: Starting job: json at NativeMethodAccessorImpl.java:0
[2022-11-08T19:50:29.169-0300] {spark_submit.py:485} INFO - 22/11/08 19:50:29 INFO DAGScheduler: Got job 0 (json at NativeMethodAccessorImpl.java:0) with 1 output partitions
[2022-11-08T19:50:29.170-0300] {spark_submit.py:485} INFO - 22/11/08 19:50:29 INFO DAGScheduler: Final stage: ResultStage 0 (json at NativeMethodAccessorImpl.java:0)
[2022-11-08T19:50:29.171-0300] {spark_submit.py:485} INFO - 22/11/08 19:50:29 INFO DAGScheduler: Parents of final stage: List()
[2022-11-08T19:50:29.172-0300] {spark_submit.py:485} INFO - 22/11/08 19:50:29 INFO DAGScheduler: Missing parents: List()
[2022-11-08T19:50:29.184-0300] {spark_submit.py:485} INFO - 22/11/08 19:50:29 INFO DAGScheduler: Submitting ResultStage 0 (MapPartitionsRDD[3] at json at NativeMethodAccessorImpl.java:0), which has no missing parents
[2022-11-08T19:50:29.325-0300] {spark_submit.py:485} INFO - 22/11/08 19:50:29 INFO MemoryStore: Block broadcast_1 stored as values in memory (estimated size 14.5 KiB, free 365.9 MiB)
[2022-11-08T19:50:29.327-0300] {spark_submit.py:485} INFO - 22/11/08 19:50:29 INFO MemoryStore: Block broadcast_1_piece0 stored as bytes in memory (estimated size 7.0 KiB, free 365.9 MiB)
[2022-11-08T19:50:29.329-0300] {spark_submit.py:485} INFO - 22/11/08 19:50:29 INFO BlockManagerInfo: Added broadcast_1_piece0 in memory on renato-Virtual-Machine.mshome.net:39473 (size: 7.0 KiB, free: 366.3 MiB)
[2022-11-08T19:50:29.332-0300] {spark_submit.py:485} INFO - 22/11/08 19:50:29 INFO SparkContext: Created broadcast 1 from broadcast at DAGScheduler.scala:1513
[2022-11-08T19:50:29.342-0300] {spark_submit.py:485} INFO - 22/11/08 19:50:29 INFO DAGScheduler: Submitting 1 missing tasks from ResultStage 0 (MapPartitionsRDD[3] at json at NativeMethodAccessorImpl.java:0) (first 15 tasks are for partitions Vector(0))
[2022-11-08T19:50:29.344-0300] {spark_submit.py:485} INFO - 22/11/08 19:50:29 INFO TaskSchedulerImpl: Adding task set 0.0 with 1 tasks resource profile 0
[2022-11-08T19:50:29.410-0300] {spark_submit.py:485} INFO - 22/11/08 19:50:29 INFO TaskSetManager: Starting task 0.0 in stage 0.0 (TID 0) (renato-Virtual-Machine.mshome.net, executor driver, partition 0, PROCESS_LOCAL, 5000 bytes) taskResourceAssignments Map()
[2022-11-08T19:50:29.431-0300] {spark_submit.py:485} INFO - 22/11/08 19:50:29 INFO Executor: Running task 0.0 in stage 0.0 (TID 0)
[2022-11-08T19:50:29.822-0300] {spark_submit.py:485} INFO - 22/11/08 19:50:29 INFO FileScanRDD: Reading File path: file:///home/renato/Documentos/datapipeline/datalake/bronze/twitter_aluraonline/extract_date=2022-11-08/AluraOnline_20221108.json, range: 0-227180, partition values: [empty row]
[2022-11-08T19:50:30.281-0300] {spark_submit.py:485} INFO - 22/11/08 19:50:30 INFO CodeGenerator: Code generated in 391.466566 ms
[2022-11-08T19:50:30.446-0300] {spark_submit.py:485} INFO - 22/11/08 19:50:30 INFO Executor: Finished task 0.0 in stage 0.0 (TID 0). 2872 bytes result sent to driver
[2022-11-08T19:50:30.475-0300] {spark_submit.py:485} INFO - 22/11/08 19:50:30 INFO TaskSetManager: Finished task 0.0 in stage 0.0 (TID 0) in 1077 ms on renato-Virtual-Machine.mshome.net (executor driver) (1/1)
[2022-11-08T19:50:30.479-0300] {spark_submit.py:485} INFO - 22/11/08 19:50:30 INFO TaskSchedulerImpl: Removed TaskSet 0.0, whose tasks have all completed, from pool
[2022-11-08T19:50:30.488-0300] {spark_submit.py:485} INFO - 22/11/08 19:50:30 INFO DAGScheduler: ResultStage 0 (json at NativeMethodAccessorImpl.java:0) finished in 1,257 s
[2022-11-08T19:50:30.500-0300] {spark_submit.py:485} INFO - 22/11/08 19:50:30 INFO DAGScheduler: Job 0 is finished. Cancelling potential speculative or zombie tasks for this job
[2022-11-08T19:50:30.501-0300] {spark_submit.py:485} INFO - 22/11/08 19:50:30 INFO TaskSchedulerImpl: Killing all running tasks in stage 0: Stage finished
[2022-11-08T19:50:30.507-0300] {spark_submit.py:485} INFO - 22/11/08 19:50:30 INFO DAGScheduler: Job 0 finished: json at NativeMethodAccessorImpl.java:0, took 1,365588 s
[2022-11-08T19:50:30.831-0300] {spark_submit.py:485} INFO - 22/11/08 19:50:30 INFO BlockManagerInfo: Removed broadcast_1_piece0 on renato-Virtual-Machine.mshome.net:39473 in memory (size: 7.0 KiB, free: 366.3 MiB)
[2022-11-08T19:50:31.165-0300] {spark_submit.py:485} INFO - 22/11/08 19:50:31 INFO FileSourceStrategy: Pushed Filters: IsNotNull(data)
[2022-11-08T19:50:31.170-0300] {spark_submit.py:485} INFO - 22/11/08 19:50:31 INFO FileSourceStrategy: Post-Scan Filters: (size(data#8, true) > 0),isnotnull(data#8)
[2022-11-08T19:50:31.171-0300] {spark_submit.py:485} INFO - 22/11/08 19:50:31 INFO FileSourceStrategy: Output Data Schema: struct<data: array<struct<author_id:string,conversation_id:string,created_at:string,edit_history_tweet_ids:array<string>,id:string,in_reply_to_user_id:string,public_metrics:struct<like_count:bigint,quote_count:bigint,reply_count:bigint,retweet_count:bigint>,text:string>>>
[2022-11-08T19:50:31.276-0300] {spark_submit.py:485} INFO - 22/11/08 19:50:31 INFO FileOutputCommitter: File Output Committer Algorithm version is 1
[2022-11-08T19:50:31.277-0300] {spark_submit.py:485} INFO - 22/11/08 19:50:31 INFO FileOutputCommitter: FileOutputCommitter skip cleanup _temporary folders under output directory:false, ignore cleanup failures: false
[2022-11-08T19:50:31.279-0300] {spark_submit.py:485} INFO - 22/11/08 19:50:31 INFO SQLHadoopMapReduceCommitProtocol: Using output committer class org.apache.hadoop.mapreduce.lib.output.FileOutputCommitter
[2022-11-08T19:50:31.522-0300] {spark_submit.py:485} INFO - 22/11/08 19:50:31 INFO CodeGenerator: Code generated in 121.064522 ms
[2022-11-08T19:50:31.527-0300] {spark_submit.py:485} INFO - 22/11/08 19:50:31 INFO MemoryStore: Block broadcast_2 stored as values in memory (estimated size 349.5 KiB, free 365.6 MiB)
[2022-11-08T19:50:31.540-0300] {spark_submit.py:485} INFO - 22/11/08 19:50:31 INFO MemoryStore: Block broadcast_2_piece0 stored as bytes in memory (estimated size 33.9 KiB, free 365.6 MiB)
[2022-11-08T19:50:31.541-0300] {spark_submit.py:485} INFO - 22/11/08 19:50:31 INFO BlockManagerInfo: Added broadcast_2_piece0 in memory on renato-Virtual-Machine.mshome.net:39473 (size: 33.9 KiB, free: 366.2 MiB)
[2022-11-08T19:50:31.542-0300] {spark_submit.py:485} INFO - 22/11/08 19:50:31 INFO SparkContext: Created broadcast 2 from json at NativeMethodAccessorImpl.java:0
[2022-11-08T19:50:31.545-0300] {spark_submit.py:485} INFO - 22/11/08 19:50:31 INFO FileSourceScanExec: Planning scan with bin packing, max size: 4421484 bytes, open cost is considered as scanning 4194304 bytes.
[2022-11-08T19:50:31.609-0300] {spark_submit.py:485} INFO - 22/11/08 19:50:31 INFO SparkContext: Starting job: json at NativeMethodAccessorImpl.java:0
[2022-11-08T19:50:31.611-0300] {spark_submit.py:485} INFO - 22/11/08 19:50:31 INFO DAGScheduler: Got job 1 (json at NativeMethodAccessorImpl.java:0) with 1 output partitions
[2022-11-08T19:50:31.612-0300] {spark_submit.py:485} INFO - 22/11/08 19:50:31 INFO DAGScheduler: Final stage: ResultStage 1 (json at NativeMethodAccessorImpl.java:0)
[2022-11-08T19:50:31.612-0300] {spark_submit.py:485} INFO - 22/11/08 19:50:31 INFO DAGScheduler: Parents of final stage: List()
[2022-11-08T19:50:31.612-0300] {spark_submit.py:485} INFO - 22/11/08 19:50:31 INFO DAGScheduler: Missing parents: List()
[2022-11-08T19:50:31.617-0300] {spark_submit.py:485} INFO - 22/11/08 19:50:31 INFO DAGScheduler: Submitting ResultStage 1 (CoalescedRDD[7] at json at NativeMethodAccessorImpl.java:0), which has no missing parents
[2022-11-08T19:50:31.647-0300] {spark_submit.py:485} INFO - 22/11/08 19:50:31 INFO MemoryStore: Block broadcast_3 stored as values in memory (estimated size 234.4 KiB, free 365.3 MiB)
[2022-11-08T19:50:31.652-0300] {spark_submit.py:485} INFO - 22/11/08 19:50:31 INFO MemoryStore: Block broadcast_3_piece0 stored as bytes in memory (estimated size 81.6 KiB, free 365.2 MiB)
[2022-11-08T19:50:31.653-0300] {spark_submit.py:485} INFO - 22/11/08 19:50:31 INFO BlockManagerInfo: Added broadcast_3_piece0 in memory on renato-Virtual-Machine.mshome.net:39473 (size: 81.6 KiB, free: 366.2 MiB)
[2022-11-08T19:50:31.655-0300] {spark_submit.py:485} INFO - 22/11/08 19:50:31 INFO SparkContext: Created broadcast 3 from broadcast at DAGScheduler.scala:1513
[2022-11-08T19:50:31.657-0300] {spark_submit.py:485} INFO - 22/11/08 19:50:31 INFO DAGScheduler: Submitting 1 missing tasks from ResultStage 1 (CoalescedRDD[7] at json at NativeMethodAccessorImpl.java:0) (first 15 tasks are for partitions Vector(0))
[2022-11-08T19:50:31.658-0300] {spark_submit.py:485} INFO - 22/11/08 19:50:31 INFO TaskSchedulerImpl: Adding task set 1.0 with 1 tasks resource profile 0
[2022-11-08T19:50:31.662-0300] {spark_submit.py:485} INFO - 22/11/08 19:50:31 INFO TaskSetManager: Starting task 0.0 in stage 1.0 (TID 1) (renato-Virtual-Machine.mshome.net, executor driver, partition 0, PROCESS_LOCAL, 5229 bytes) taskResourceAssignments Map()
[2022-11-08T19:50:31.662-0300] {spark_submit.py:485} INFO - 22/11/08 19:50:31 INFO Executor: Running task 0.0 in stage 1.0 (TID 1)
[2022-11-08T19:50:31.739-0300] {spark_submit.py:485} INFO - 22/11/08 19:50:31 INFO FileOutputCommitter: File Output Committer Algorithm version is 1
[2022-11-08T19:50:31.739-0300] {spark_submit.py:485} INFO - 22/11/08 19:50:31 INFO FileOutputCommitter: FileOutputCommitter skip cleanup _temporary folders under output directory:false, ignore cleanup failures: false
[2022-11-08T19:50:31.740-0300] {spark_submit.py:485} INFO - 22/11/08 19:50:31 INFO SQLHadoopMapReduceCommitProtocol: Using output committer class org.apache.hadoop.mapreduce.lib.output.FileOutputCommitter
[2022-11-08T19:50:31.781-0300] {spark_submit.py:485} INFO - 22/11/08 19:50:31 INFO FileScanRDD: Reading File path: file:///home/renato/Documentos/datapipeline/datalake/bronze/twitter_aluraonline/extract_date=2022-11-08/AluraOnline_20221108.json, range: 0-227180, partition values: [empty row]
[2022-11-08T19:50:31.844-0300] {spark_submit.py:485} INFO - 22/11/08 19:50:31 INFO CodeGenerator: Code generated in 48.721486 ms
[2022-11-08T19:50:31.875-0300] {spark_submit.py:485} INFO - 22/11/08 19:50:31 INFO CodeGenerator: Code generated in 7.902417 ms
[2022-11-08T19:50:32.007-0300] {spark_submit.py:485} INFO - 22/11/08 19:50:32 INFO FileOutputCommitter: Saved output of task 'attempt_202211081950313184011106631114800_0001_m_000000_1' to file:/home/renato/Documentos/datapipeline/datalake/silver/twitter_aluraonline/tweet/process_date=2022-11-08/_temporary/0/task_202211081950313184011106631114800_0001_m_000000
[2022-11-08T19:50:32.008-0300] {spark_submit.py:485} INFO - 22/11/08 19:50:32 INFO SparkHadoopMapRedUtil: attempt_202211081950313184011106631114800_0001_m_000000_1: Committed. Elapsed time: 1 ms.
[2022-11-08T19:50:32.016-0300] {spark_submit.py:485} INFO - 22/11/08 19:50:32 INFO Executor: Finished task 0.0 in stage 1.0 (TID 1). 2678 bytes result sent to driver
[2022-11-08T19:50:32.020-0300] {spark_submit.py:485} INFO - 22/11/08 19:50:32 INFO TaskSetManager: Finished task 0.0 in stage 1.0 (TID 1) in 361 ms on renato-Virtual-Machine.mshome.net (executor driver) (1/1)
[2022-11-08T19:50:32.021-0300] {spark_submit.py:485} INFO - 22/11/08 19:50:32 INFO DAGScheduler: ResultStage 1 (json at NativeMethodAccessorImpl.java:0) finished in 0,405 s
[2022-11-08T19:50:32.021-0300] {spark_submit.py:485} INFO - 22/11/08 19:50:32 INFO DAGScheduler: Job 1 is finished. Cancelling potential speculative or zombie tasks for this job
[2022-11-08T19:50:32.022-0300] {spark_submit.py:485} INFO - 22/11/08 19:50:32 INFO TaskSchedulerImpl: Removed TaskSet 1.0, whose tasks have all completed, from pool
[2022-11-08T19:50:32.023-0300] {spark_submit.py:485} INFO - 22/11/08 19:50:32 INFO TaskSchedulerImpl: Killing all running tasks in stage 1: Stage finished
[2022-11-08T19:50:32.025-0300] {spark_submit.py:485} INFO - 22/11/08 19:50:32 INFO DAGScheduler: Job 1 finished: json at NativeMethodAccessorImpl.java:0, took 0,413202 s
[2022-11-08T19:50:32.027-0300] {spark_submit.py:485} INFO - 22/11/08 19:50:32 INFO FileFormatWriter: Start to commit write Job 684a1c82-cd54-4f50-af90-eb62550bebe1.
[2022-11-08T19:50:32.068-0300] {spark_submit.py:485} INFO - 22/11/08 19:50:32 INFO FileFormatWriter: Write Job 684a1c82-cd54-4f50-af90-eb62550bebe1 committed. Elapsed time: 37 ms.
[2022-11-08T19:50:32.071-0300] {spark_submit.py:485} INFO - 22/11/08 19:50:32 INFO FileFormatWriter: Finished processing stats for write job 684a1c82-cd54-4f50-af90-eb62550bebe1.
[2022-11-08T19:50:32.129-0300] {spark_submit.py:485} INFO - 22/11/08 19:50:32 INFO FileSourceStrategy: Pushed Filters:
[2022-11-08T19:50:32.130-0300] {spark_submit.py:485} INFO - 22/11/08 19:50:32 INFO FileSourceStrategy: Post-Scan Filters:
[2022-11-08T19:50:32.133-0300] {spark_submit.py:485} INFO - 22/11/08 19:50:32 INFO FileSourceStrategy: Output Data Schema: struct<includes: struct<users: array<struct<created_at:string,id:string,name:string,username:string>>>>
[2022-11-08T19:50:32.149-0300] {spark_submit.py:485} INFO - 22/11/08 19:50:32 INFO FileOutputCommitter: File Output Committer Algorithm version is 1
[2022-11-08T19:50:32.154-0300] {spark_submit.py:485} INFO - 22/11/08 19:50:32 INFO FileOutputCommitter: FileOutputCommitter skip cleanup _temporary folders under output directory:false, ignore cleanup failures: false
[2022-11-08T19:50:32.155-0300] {spark_submit.py:485} INFO - 22/11/08 19:50:32 INFO SQLHadoopMapReduceCommitProtocol: Using output committer class org.apache.hadoop.mapreduce.lib.output.FileOutputCommitter
[2022-11-08T19:50:32.210-0300] {spark_submit.py:485} INFO - 22/11/08 19:50:32 INFO CodeGenerator: Code generated in 27.099614 ms
[2022-11-08T19:50:32.227-0300] {spark_submit.py:485} INFO - 22/11/08 19:50:32 INFO MemoryStore: Block broadcast_4 stored as values in memory (estimated size 349.5 KiB, free 364.9 MiB)
[2022-11-08T19:50:32.242-0300] {spark_submit.py:485} INFO - 22/11/08 19:50:32 INFO MemoryStore: Block broadcast_4_piece0 stored as bytes in memory (estimated size 33.9 KiB, free 364.9 MiB)
[2022-11-08T19:50:32.243-0300] {spark_submit.py:485} INFO - 22/11/08 19:50:32 INFO BlockManagerInfo: Added broadcast_4_piece0 in memory on renato-Virtual-Machine.mshome.net:39473 (size: 33.9 KiB, free: 366.1 MiB)
[2022-11-08T19:50:32.244-0300] {spark_submit.py:485} INFO - 22/11/08 19:50:32 INFO SparkContext: Created broadcast 4 from json at NativeMethodAccessorImpl.java:0
[2022-11-08T19:50:32.246-0300] {spark_submit.py:485} INFO - 22/11/08 19:50:32 INFO FileSourceScanExec: Planning scan with bin packing, max size: 4421484 bytes, open cost is considered as scanning 4194304 bytes.
[2022-11-08T19:50:32.279-0300] {spark_submit.py:485} INFO - 22/11/08 19:50:32 INFO SparkContext: Starting job: json at NativeMethodAccessorImpl.java:0
[2022-11-08T19:50:32.281-0300] {spark_submit.py:485} INFO - 22/11/08 19:50:32 INFO DAGScheduler: Got job 2 (json at NativeMethodAccessorImpl.java:0) with 1 output partitions
[2022-11-08T19:50:32.281-0300] {spark_submit.py:485} INFO - 22/11/08 19:50:32 INFO DAGScheduler: Final stage: ResultStage 2 (json at NativeMethodAccessorImpl.java:0)
[2022-11-08T19:50:32.281-0300] {spark_submit.py:485} INFO - 22/11/08 19:50:32 INFO DAGScheduler: Parents of final stage: List()
[2022-11-08T19:50:32.282-0300] {spark_submit.py:485} INFO - 22/11/08 19:50:32 INFO DAGScheduler: Missing parents: List()
[2022-11-08T19:50:32.285-0300] {spark_submit.py:485} INFO - 22/11/08 19:50:32 INFO DAGScheduler: Submitting ResultStage 2 (CoalescedRDD[11] at json at NativeMethodAccessorImpl.java:0), which has no missing parents
[2022-11-08T19:50:32.310-0300] {spark_submit.py:485} INFO - 22/11/08 19:50:32 INFO MemoryStore: Block broadcast_5 stored as values in memory (estimated size 214.7 KiB, free 364.7 MiB)
[2022-11-08T19:50:32.312-0300] {spark_submit.py:485} INFO - 22/11/08 19:50:32 INFO MemoryStore: Block broadcast_5_piece0 stored as bytes in memory (estimated size 76.3 KiB, free 364.6 MiB)
[2022-11-08T19:50:32.313-0300] {spark_submit.py:485} INFO - 22/11/08 19:50:32 INFO BlockManagerInfo: Added broadcast_5_piece0 in memory on renato-Virtual-Machine.mshome.net:39473 (size: 76.3 KiB, free: 366.0 MiB)
[2022-11-08T19:50:32.315-0300] {spark_submit.py:485} INFO - 22/11/08 19:50:32 INFO SparkContext: Created broadcast 5 from broadcast at DAGScheduler.scala:1513
[2022-11-08T19:50:32.316-0300] {spark_submit.py:485} INFO - 22/11/08 19:50:32 INFO DAGScheduler: Submitting 1 missing tasks from ResultStage 2 (CoalescedRDD[11] at json at NativeMethodAccessorImpl.java:0) (first 15 tasks are for partitions Vector(0))
[2022-11-08T19:50:32.318-0300] {spark_submit.py:485} INFO - 22/11/08 19:50:32 INFO TaskSchedulerImpl: Adding task set 2.0 with 1 tasks resource profile 0
[2022-11-08T19:50:32.351-0300] {spark_submit.py:485} INFO - 22/11/08 19:50:32 INFO TaskSetManager: Starting task 0.0 in stage 2.0 (TID 2) (renato-Virtual-Machine.mshome.net, executor driver, partition 0, PROCESS_LOCAL, 5229 bytes) taskResourceAssignments Map()
[2022-11-08T19:50:32.351-0300] {spark_submit.py:485} INFO - 22/11/08 19:50:32 INFO Executor: Running task 0.0 in stage 2.0 (TID 2)
[2022-11-08T19:50:32.375-0300] {spark_submit.py:485} INFO - 22/11/08 19:50:32 INFO FileOutputCommitter: File Output Committer Algorithm version is 1
[2022-11-08T19:50:32.375-0300] {spark_submit.py:485} INFO - 22/11/08 19:50:32 INFO FileOutputCommitter: FileOutputCommitter skip cleanup _temporary folders under output directory:false, ignore cleanup failures: false
[2022-11-08T19:50:32.376-0300] {spark_submit.py:485} INFO - 22/11/08 19:50:32 INFO SQLHadoopMapReduceCommitProtocol: Using output committer class org.apache.hadoop.mapreduce.lib.output.FileOutputCommitter
[2022-11-08T19:50:32.443-0300] {spark_submit.py:485} INFO - 22/11/08 19:50:32 INFO FileScanRDD: Reading File path: file:///home/renato/Documentos/datapipeline/datalake/bronze/twitter_aluraonline/extract_date=2022-11-08/AluraOnline_20221108.json, range: 0-227180, partition values: [empty row]
[2022-11-08T19:50:32.483-0300] {spark_submit.py:485} INFO - 22/11/08 19:50:32 INFO CodeGenerator: Code generated in 37.803601 ms
[2022-11-08T19:50:32.563-0300] {spark_submit.py:485} INFO - 22/11/08 19:50:32 INFO FileOutputCommitter: Saved output of task 'attempt_20221108195032380027531540093863_0002_m_000000_2' to file:/home/renato/Documentos/datapipeline/datalake/silver/twitter_aluraonline/user/process_date=2022-11-08/_temporary/0/task_20221108195032380027531540093863_0002_m_000000
[2022-11-08T19:50:32.563-0300] {spark_submit.py:485} INFO - 22/11/08 19:50:32 INFO SparkHadoopMapRedUtil: attempt_20221108195032380027531540093863_0002_m_000000_2: Committed. Elapsed time: 1 ms.
[2022-11-08T19:50:32.568-0300] {spark_submit.py:485} INFO - 22/11/08 19:50:32 INFO Executor: Finished task 0.0 in stage 2.0 (TID 2). 2579 bytes result sent to driver
[2022-11-08T19:50:32.578-0300] {spark_submit.py:485} INFO - 22/11/08 19:50:32 INFO TaskSetManager: Finished task 0.0 in stage 2.0 (TID 2) in 228 ms on renato-Virtual-Machine.mshome.net (executor driver) (1/1)
[2022-11-08T19:50:32.578-0300] {spark_submit.py:485} INFO - 22/11/08 19:50:32 INFO DAGScheduler: ResultStage 2 (json at NativeMethodAccessorImpl.java:0) finished in 0,290 s
[2022-11-08T19:50:32.578-0300] {spark_submit.py:485} INFO - 22/11/08 19:50:32 INFO DAGScheduler: Job 2 is finished. Cancelling potential speculative or zombie tasks for this job
[2022-11-08T19:50:32.583-0300] {spark_submit.py:485} INFO - 22/11/08 19:50:32 INFO TaskSchedulerImpl: Removed TaskSet 2.0, whose tasks have all completed, from pool
[2022-11-08T19:50:32.583-0300] {spark_submit.py:485} INFO - 22/11/08 19:50:32 INFO TaskSchedulerImpl: Killing all running tasks in stage 2: Stage finished
[2022-11-08T19:50:32.584-0300] {spark_submit.py:485} INFO - 22/11/08 19:50:32 INFO DAGScheduler: Job 2 finished: json at NativeMethodAccessorImpl.java:0, took 0,302777 s
[2022-11-08T19:50:32.584-0300] {spark_submit.py:485} INFO - 22/11/08 19:50:32 INFO FileFormatWriter: Start to commit write Job 19e567d3-df40-4204-ac1c-9d82ba7d1b66.
[2022-11-08T19:50:32.627-0300] {spark_submit.py:485} INFO - 22/11/08 19:50:32 INFO FileFormatWriter: Write Job 19e567d3-df40-4204-ac1c-9d82ba7d1b66 committed. Elapsed time: 40 ms.
[2022-11-08T19:50:32.628-0300] {spark_submit.py:485} INFO - 22/11/08 19:50:32 INFO FileFormatWriter: Finished processing stats for write job 19e567d3-df40-4204-ac1c-9d82ba7d1b66.
[2022-11-08T19:50:32.670-0300] {spark_submit.py:485} INFO - 22/11/08 19:50:32 INFO SparkContext: Invoking stop() from shutdown hook
[2022-11-08T19:50:32.681-0300] {spark_submit.py:485} INFO - 22/11/08 19:50:32 INFO SparkUI: Stopped Spark web UI at http://renato-Virtual-Machine.mshome.net:4040
[2022-11-08T19:50:32.699-0300] {spark_submit.py:485} INFO - 22/11/08 19:50:32 INFO MapOutputTrackerMasterEndpoint: MapOutputTrackerMasterEndpoint stopped!
[2022-11-08T19:50:32.722-0300] {spark_submit.py:485} INFO - 22/11/08 19:50:32 INFO MemoryStore: MemoryStore cleared
[2022-11-08T19:50:32.725-0300] {spark_submit.py:485} INFO - 22/11/08 19:50:32 INFO BlockManager: BlockManager stopped
[2022-11-08T19:50:32.737-0300] {spark_submit.py:485} INFO - 22/11/08 19:50:32 INFO BlockManagerMaster: BlockManagerMaster stopped
[2022-11-08T19:50:32.740-0300] {spark_submit.py:485} INFO - 22/11/08 19:50:32 INFO OutputCommitCoordinator$OutputCommitCoordinatorEndpoint: OutputCommitCoordinator stopped!
[2022-11-08T19:50:32.757-0300] {spark_submit.py:485} INFO - 22/11/08 19:50:32 INFO SparkContext: Successfully stopped SparkContext
[2022-11-08T19:50:32.758-0300] {spark_submit.py:485} INFO - 22/11/08 19:50:32 INFO ShutdownHookManager: Shutdown hook called
[2022-11-08T19:50:32.758-0300] {spark_submit.py:485} INFO - 22/11/08 19:50:32 INFO ShutdownHookManager: Deleting directory /tmp/spark-2308b814-9f01-40df-897b-94f77ac2781f
[2022-11-08T19:50:32.766-0300] {spark_submit.py:485} INFO - 22/11/08 19:50:32 INFO ShutdownHookManager: Deleting directory /tmp/spark-455eed37-1c45-4460-b7b4-1c876c9327ba/pyspark-1511130b-6412-4a66-a924-766722893bc3
[2022-11-08T19:50:32.769-0300] {spark_submit.py:485} INFO - 22/11/08 19:50:32 INFO ShutdownHookManager: Deleting directory /tmp/spark-455eed37-1c45-4460-b7b4-1c876c9327ba
[2022-11-08T19:50:32.840-0300] {taskinstance.py:1401} INFO - Marking task as SUCCESS. dag_id=twitter_dag, task_id=transform_twitter_aluraonline, execution_date=20221108T225003, start_date=20221108T225018, end_date=20221108T225032
[2022-11-08T19:50:32.880-0300] {local_task_job.py:164} INFO - Task exited with return code 0
[2022-11-08T19:50:32.889-0300] {local_task_job.py:273} INFO - 0 downstream tasks scheduled from follow-on schedule check
